[2023-12-21T12:58:39.837-0300] {processor.py:161} INFO - Started process (PID=7082) to work on /home/myc-ti-2/airflow_workspace/airflow_env/lib/python3.10/site-packages/airflow/example_dags/example_complex.py
[2023-12-21T12:58:39.839-0300] {processor.py:830} INFO - Processing file /home/myc-ti-2/airflow_workspace/airflow_env/lib/python3.10/site-packages/airflow/example_dags/example_complex.py for tasks to queue
[2023-12-21T12:58:39.841-0300] {logging_mixin.py:188} INFO - [2023-12-21T12:58:39.840-0300] {dagbag.py:538} INFO - Filling up the DagBag from /home/myc-ti-2/airflow_workspace/airflow_env/lib/python3.10/site-packages/airflow/example_dags/example_complex.py
[2023-12-21T12:58:39.871-0300] {processor.py:840} INFO - DAG(s) 'example_complex' retrieved from /home/myc-ti-2/airflow_workspace/airflow_env/lib/python3.10/site-packages/airflow/example_dags/example_complex.py
[2023-12-21T12:58:40.221-0300] {logging_mixin.py:188} INFO - [2023-12-21T12:58:40.220-0300] {override.py:1769} INFO - Created Permission View: can edit on DAG:example_complex
[2023-12-21T12:58:40.321-0300] {logging_mixin.py:188} INFO - [2023-12-21T12:58:40.320-0300] {override.py:1769} INFO - Created Permission View: can delete on DAG:example_complex
[2023-12-21T12:58:40.445-0300] {logging_mixin.py:188} INFO - [2023-12-21T12:58:40.445-0300] {override.py:1769} INFO - Created Permission View: can read on DAG:example_complex
[2023-12-21T12:58:40.446-0300] {logging_mixin.py:188} INFO - [2023-12-21T12:58:40.446-0300] {dag.py:3033} INFO - Sync 1 DAGs
[2023-12-21T12:58:40.473-0300] {logging_mixin.py:188} INFO - [2023-12-21T12:58:40.473-0300] {dag.py:3055} INFO - Creating ORM DAG for example_complex
[2023-12-21T12:58:40.475-0300] {logging_mixin.py:188} INFO - [2023-12-21T12:58:40.474-0300] {dag.py:3820} INFO - Setting next_dagrun for example_complex to None, run_after=None
[2023-12-21T12:58:40.661-0300] {processor.py:183} INFO - Processing /home/myc-ti-2/airflow_workspace/airflow_env/lib/python3.10/site-packages/airflow/example_dags/example_complex.py took 0.831 seconds
[2023-12-21T12:59:54.915-0300] {processor.py:161} INFO - Started process (PID=7166) to work on /home/myc-ti-2/airflow_workspace/airflow_env/lib/python3.10/site-packages/airflow/example_dags/example_complex.py
[2023-12-21T12:59:54.936-0300] {processor.py:830} INFO - Processing file /home/myc-ti-2/airflow_workspace/airflow_env/lib/python3.10/site-packages/airflow/example_dags/example_complex.py for tasks to queue
[2023-12-21T12:59:54.938-0300] {logging_mixin.py:188} INFO - [2023-12-21T12:59:54.937-0300] {dagbag.py:538} INFO - Filling up the DagBag from /home/myc-ti-2/airflow_workspace/airflow_env/lib/python3.10/site-packages/airflow/example_dags/example_complex.py
[2023-12-21T12:59:54.970-0300] {processor.py:840} INFO - DAG(s) 'example_complex' retrieved from /home/myc-ti-2/airflow_workspace/airflow_env/lib/python3.10/site-packages/airflow/example_dags/example_complex.py
[2023-12-21T12:59:55.024-0300] {logging_mixin.py:188} INFO - [2023-12-21T12:59:55.023-0300] {dag.py:3033} INFO - Sync 1 DAGs
[2023-12-21T12:59:55.042-0300] {logging_mixin.py:188} INFO - [2023-12-21T12:59:55.041-0300] {dag.py:3820} INFO - Setting next_dagrun for example_complex to None, run_after=None
[2023-12-21T12:59:55.143-0300] {processor.py:183} INFO - Processing /home/myc-ti-2/airflow_workspace/airflow_env/lib/python3.10/site-packages/airflow/example_dags/example_complex.py took 0.235 seconds
[2023-12-21T13:01:07.973-0300] {processor.py:161} INFO - Started process (PID=7263) to work on /home/myc-ti-2/airflow_workspace/airflow_env/lib/python3.10/site-packages/airflow/example_dags/example_complex.py
[2023-12-21T13:01:07.975-0300] {processor.py:830} INFO - Processing file /home/myc-ti-2/airflow_workspace/airflow_env/lib/python3.10/site-packages/airflow/example_dags/example_complex.py for tasks to queue
[2023-12-21T13:01:07.978-0300] {logging_mixin.py:188} INFO - [2023-12-21T13:01:07.977-0300] {dagbag.py:538} INFO - Filling up the DagBag from /home/myc-ti-2/airflow_workspace/airflow_env/lib/python3.10/site-packages/airflow/example_dags/example_complex.py
[2023-12-21T13:01:08.009-0300] {processor.py:840} INFO - DAG(s) 'example_complex' retrieved from /home/myc-ti-2/airflow_workspace/airflow_env/lib/python3.10/site-packages/airflow/example_dags/example_complex.py
[2023-12-21T13:01:08.055-0300] {logging_mixin.py:188} INFO - [2023-12-21T13:01:08.055-0300] {dag.py:3033} INFO - Sync 1 DAGs
[2023-12-21T13:01:08.075-0300] {logging_mixin.py:188} INFO - [2023-12-21T13:01:08.075-0300] {dag.py:3820} INFO - Setting next_dagrun for example_complex to None, run_after=None
[2023-12-21T13:01:08.209-0300] {processor.py:183} INFO - Processing /home/myc-ti-2/airflow_workspace/airflow_env/lib/python3.10/site-packages/airflow/example_dags/example_complex.py took 0.243 seconds
[2023-12-21T13:02:09.571-0300] {processor.py:161} INFO - Started process (PID=7340) to work on /home/myc-ti-2/airflow_workspace/airflow_env/lib/python3.10/site-packages/airflow/example_dags/example_complex.py
[2023-12-21T13:02:09.581-0300] {processor.py:830} INFO - Processing file /home/myc-ti-2/airflow_workspace/airflow_env/lib/python3.10/site-packages/airflow/example_dags/example_complex.py for tasks to queue
[2023-12-21T13:02:09.582-0300] {logging_mixin.py:188} INFO - [2023-12-21T13:02:09.582-0300] {dagbag.py:538} INFO - Filling up the DagBag from /home/myc-ti-2/airflow_workspace/airflow_env/lib/python3.10/site-packages/airflow/example_dags/example_complex.py
[2023-12-21T13:02:09.605-0300] {processor.py:840} INFO - DAG(s) 'example_complex' retrieved from /home/myc-ti-2/airflow_workspace/airflow_env/lib/python3.10/site-packages/airflow/example_dags/example_complex.py
[2023-12-21T13:02:09.654-0300] {logging_mixin.py:188} INFO - [2023-12-21T13:02:09.653-0300] {dag.py:3033} INFO - Sync 1 DAGs
[2023-12-21T13:02:09.671-0300] {logging_mixin.py:188} INFO - [2023-12-21T13:02:09.671-0300] {dag.py:3820} INFO - Setting next_dagrun for example_complex to None, run_after=None
[2023-12-21T13:02:09.759-0300] {processor.py:183} INFO - Processing /home/myc-ti-2/airflow_workspace/airflow_env/lib/python3.10/site-packages/airflow/example_dags/example_complex.py took 0.193 seconds
[2023-12-21T13:03:15.993-0300] {processor.py:161} INFO - Started process (PID=7409) to work on /home/myc-ti-2/airflow_workspace/airflow_env/lib/python3.10/site-packages/airflow/example_dags/example_complex.py
[2023-12-21T13:03:15.995-0300] {processor.py:830} INFO - Processing file /home/myc-ti-2/airflow_workspace/airflow_env/lib/python3.10/site-packages/airflow/example_dags/example_complex.py for tasks to queue
[2023-12-21T13:03:15.996-0300] {logging_mixin.py:188} INFO - [2023-12-21T13:03:15.996-0300] {dagbag.py:538} INFO - Filling up the DagBag from /home/myc-ti-2/airflow_workspace/airflow_env/lib/python3.10/site-packages/airflow/example_dags/example_complex.py
[2023-12-21T13:03:16.016-0300] {processor.py:840} INFO - DAG(s) 'example_complex' retrieved from /home/myc-ti-2/airflow_workspace/airflow_env/lib/python3.10/site-packages/airflow/example_dags/example_complex.py
[2023-12-21T13:03:16.055-0300] {logging_mixin.py:188} INFO - [2023-12-21T13:03:16.055-0300] {dag.py:3033} INFO - Sync 1 DAGs
[2023-12-21T13:03:16.070-0300] {logging_mixin.py:188} INFO - [2023-12-21T13:03:16.070-0300] {dag.py:3820} INFO - Setting next_dagrun for example_complex to None, run_after=None
[2023-12-21T13:03:16.190-0300] {processor.py:183} INFO - Processing /home/myc-ti-2/airflow_workspace/airflow_env/lib/python3.10/site-packages/airflow/example_dags/example_complex.py took 0.202 seconds
[2023-12-21T13:04:14.969-0300] {processor.py:161} INFO - Started process (PID=7466) to work on /home/myc-ti-2/airflow_workspace/airflow_env/lib/python3.10/site-packages/airflow/example_dags/example_complex.py
[2023-12-21T13:04:14.972-0300] {processor.py:830} INFO - Processing file /home/myc-ti-2/airflow_workspace/airflow_env/lib/python3.10/site-packages/airflow/example_dags/example_complex.py for tasks to queue
[2023-12-21T13:04:14.974-0300] {logging_mixin.py:188} INFO - [2023-12-21T13:04:14.973-0300] {dagbag.py:538} INFO - Filling up the DagBag from /home/myc-ti-2/airflow_workspace/airflow_env/lib/python3.10/site-packages/airflow/example_dags/example_complex.py
[2023-12-21T13:04:15.006-0300] {processor.py:840} INFO - DAG(s) 'example_complex' retrieved from /home/myc-ti-2/airflow_workspace/airflow_env/lib/python3.10/site-packages/airflow/example_dags/example_complex.py
[2023-12-21T13:04:15.058-0300] {logging_mixin.py:188} INFO - [2023-12-21T13:04:15.058-0300] {dag.py:3033} INFO - Sync 1 DAGs
[2023-12-21T13:04:15.079-0300] {logging_mixin.py:188} INFO - [2023-12-21T13:04:15.078-0300] {dag.py:3820} INFO - Setting next_dagrun for example_complex to None, run_after=None
[2023-12-21T13:04:15.175-0300] {processor.py:183} INFO - Processing /home/myc-ti-2/airflow_workspace/airflow_env/lib/python3.10/site-packages/airflow/example_dags/example_complex.py took 0.214 seconds
[2023-12-21T13:05:14.135-0300] {processor.py:161} INFO - Started process (PID=7523) to work on /home/myc-ti-2/airflow_workspace/airflow_env/lib/python3.10/site-packages/airflow/example_dags/example_complex.py
[2023-12-21T13:05:14.137-0300] {processor.py:830} INFO - Processing file /home/myc-ti-2/airflow_workspace/airflow_env/lib/python3.10/site-packages/airflow/example_dags/example_complex.py for tasks to queue
[2023-12-21T13:05:14.139-0300] {logging_mixin.py:188} INFO - [2023-12-21T13:05:14.138-0300] {dagbag.py:538} INFO - Filling up the DagBag from /home/myc-ti-2/airflow_workspace/airflow_env/lib/python3.10/site-packages/airflow/example_dags/example_complex.py
[2023-12-21T13:05:14.168-0300] {processor.py:840} INFO - DAG(s) 'example_complex' retrieved from /home/myc-ti-2/airflow_workspace/airflow_env/lib/python3.10/site-packages/airflow/example_dags/example_complex.py
[2023-12-21T13:05:14.214-0300] {logging_mixin.py:188} INFO - [2023-12-21T13:05:14.214-0300] {dag.py:3033} INFO - Sync 1 DAGs
[2023-12-21T13:05:14.232-0300] {logging_mixin.py:188} INFO - [2023-12-21T13:05:14.232-0300] {dag.py:3820} INFO - Setting next_dagrun for example_complex to None, run_after=None
[2023-12-21T13:05:14.354-0300] {processor.py:183} INFO - Processing /home/myc-ti-2/airflow_workspace/airflow_env/lib/python3.10/site-packages/airflow/example_dags/example_complex.py took 0.226 seconds
[2023-12-21T13:06:36.731-0300] {processor.py:161} INFO - Started process (PID=7672) to work on /home/myc-ti-2/airflow_workspace/airflow_env/lib/python3.10/site-packages/airflow/example_dags/example_complex.py
[2023-12-21T13:06:36.734-0300] {processor.py:830} INFO - Processing file /home/myc-ti-2/airflow_workspace/airflow_env/lib/python3.10/site-packages/airflow/example_dags/example_complex.py for tasks to queue
[2023-12-21T13:06:36.736-0300] {logging_mixin.py:188} INFO - [2023-12-21T13:06:36.735-0300] {dagbag.py:538} INFO - Filling up the DagBag from /home/myc-ti-2/airflow_workspace/airflow_env/lib/python3.10/site-packages/airflow/example_dags/example_complex.py
[2023-12-21T13:06:36.769-0300] {processor.py:840} INFO - DAG(s) 'example_complex' retrieved from /home/myc-ti-2/airflow_workspace/airflow_env/lib/python3.10/site-packages/airflow/example_dags/example_complex.py
[2023-12-21T13:06:36.815-0300] {logging_mixin.py:188} INFO - [2023-12-21T13:06:36.815-0300] {dag.py:3033} INFO - Sync 1 DAGs
[2023-12-21T13:06:36.834-0300] {logging_mixin.py:188} INFO - [2023-12-21T13:06:36.834-0300] {dag.py:3820} INFO - Setting next_dagrun for example_complex to None, run_after=None
[2023-12-21T13:06:36.946-0300] {processor.py:183} INFO - Processing /home/myc-ti-2/airflow_workspace/airflow_env/lib/python3.10/site-packages/airflow/example_dags/example_complex.py took 0.222 seconds
[2023-12-21T13:07:52.050-0300] {processor.py:161} INFO - Started process (PID=7758) to work on /home/myc-ti-2/airflow_workspace/airflow_env/lib/python3.10/site-packages/airflow/example_dags/example_complex.py
[2023-12-21T13:07:52.052-0300] {processor.py:830} INFO - Processing file /home/myc-ti-2/airflow_workspace/airflow_env/lib/python3.10/site-packages/airflow/example_dags/example_complex.py for tasks to queue
[2023-12-21T13:07:52.054-0300] {logging_mixin.py:188} INFO - [2023-12-21T13:07:52.053-0300] {dagbag.py:538} INFO - Filling up the DagBag from /home/myc-ti-2/airflow_workspace/airflow_env/lib/python3.10/site-packages/airflow/example_dags/example_complex.py
[2023-12-21T13:07:52.081-0300] {processor.py:840} INFO - DAG(s) 'example_complex' retrieved from /home/myc-ti-2/airflow_workspace/airflow_env/lib/python3.10/site-packages/airflow/example_dags/example_complex.py
[2023-12-21T13:07:52.129-0300] {logging_mixin.py:188} INFO - [2023-12-21T13:07:52.129-0300] {dag.py:3033} INFO - Sync 1 DAGs
[2023-12-21T13:07:52.147-0300] {logging_mixin.py:188} INFO - [2023-12-21T13:07:52.147-0300] {dag.py:3820} INFO - Setting next_dagrun for example_complex to None, run_after=None
[2023-12-21T13:07:52.253-0300] {processor.py:183} INFO - Processing /home/myc-ti-2/airflow_workspace/airflow_env/lib/python3.10/site-packages/airflow/example_dags/example_complex.py took 0.210 seconds
[2023-12-21T13:08:56.524-0300] {processor.py:161} INFO - Started process (PID=9160) to work on /home/myc-ti-2/airflow_workspace/airflow_env/lib/python3.10/site-packages/airflow/example_dags/example_complex.py
[2023-12-21T13:08:56.525-0300] {processor.py:830} INFO - Processing file /home/myc-ti-2/airflow_workspace/airflow_env/lib/python3.10/site-packages/airflow/example_dags/example_complex.py for tasks to queue
[2023-12-21T13:08:56.527-0300] {logging_mixin.py:188} INFO - [2023-12-21T13:08:56.526-0300] {dagbag.py:538} INFO - Filling up the DagBag from /home/myc-ti-2/airflow_workspace/airflow_env/lib/python3.10/site-packages/airflow/example_dags/example_complex.py
[2023-12-21T13:08:56.548-0300] {processor.py:840} INFO - DAG(s) 'example_complex' retrieved from /home/myc-ti-2/airflow_workspace/airflow_env/lib/python3.10/site-packages/airflow/example_dags/example_complex.py
[2023-12-21T13:08:56.597-0300] {logging_mixin.py:188} INFO - [2023-12-21T13:08:56.596-0300] {dag.py:3033} INFO - Sync 1 DAGs
[2023-12-21T13:08:56.616-0300] {logging_mixin.py:188} INFO - [2023-12-21T13:08:56.616-0300] {dag.py:3820} INFO - Setting next_dagrun for example_complex to None, run_after=None
[2023-12-21T13:08:56.737-0300] {processor.py:183} INFO - Processing /home/myc-ti-2/airflow_workspace/airflow_env/lib/python3.10/site-packages/airflow/example_dags/example_complex.py took 0.219 seconds
[2023-12-21T13:10:03.175-0300] {processor.py:161} INFO - Started process (PID=9333) to work on /home/myc-ti-2/airflow_workspace/airflow_env/lib/python3.10/site-packages/airflow/example_dags/example_complex.py
[2023-12-21T13:10:03.178-0300] {processor.py:830} INFO - Processing file /home/myc-ti-2/airflow_workspace/airflow_env/lib/python3.10/site-packages/airflow/example_dags/example_complex.py for tasks to queue
[2023-12-21T13:10:03.180-0300] {logging_mixin.py:188} INFO - [2023-12-21T13:10:03.179-0300] {dagbag.py:538} INFO - Filling up the DagBag from /home/myc-ti-2/airflow_workspace/airflow_env/lib/python3.10/site-packages/airflow/example_dags/example_complex.py
[2023-12-21T13:10:03.198-0300] {processor.py:840} INFO - DAG(s) 'example_complex' retrieved from /home/myc-ti-2/airflow_workspace/airflow_env/lib/python3.10/site-packages/airflow/example_dags/example_complex.py
[2023-12-21T13:10:03.234-0300] {logging_mixin.py:188} INFO - [2023-12-21T13:10:03.233-0300] {dag.py:3033} INFO - Sync 1 DAGs
[2023-12-21T13:10:03.247-0300] {logging_mixin.py:188} INFO - [2023-12-21T13:10:03.247-0300] {dag.py:3820} INFO - Setting next_dagrun for example_complex to None, run_after=None
[2023-12-21T13:10:03.421-0300] {processor.py:183} INFO - Processing /home/myc-ti-2/airflow_workspace/airflow_env/lib/python3.10/site-packages/airflow/example_dags/example_complex.py took 0.254 seconds
[2023-12-21T13:11:11.874-0300] {processor.py:161} INFO - Started process (PID=9765) to work on /home/myc-ti-2/airflow_workspace/airflow_env/lib/python3.10/site-packages/airflow/example_dags/example_complex.py
[2023-12-21T13:11:11.876-0300] {processor.py:830} INFO - Processing file /home/myc-ti-2/airflow_workspace/airflow_env/lib/python3.10/site-packages/airflow/example_dags/example_complex.py for tasks to queue
[2023-12-21T13:11:11.878-0300] {logging_mixin.py:188} INFO - [2023-12-21T13:11:11.877-0300] {dagbag.py:538} INFO - Filling up the DagBag from /home/myc-ti-2/airflow_workspace/airflow_env/lib/python3.10/site-packages/airflow/example_dags/example_complex.py
[2023-12-21T13:11:11.909-0300] {processor.py:840} INFO - DAG(s) 'example_complex' retrieved from /home/myc-ti-2/airflow_workspace/airflow_env/lib/python3.10/site-packages/airflow/example_dags/example_complex.py
[2023-12-21T13:11:11.956-0300] {logging_mixin.py:188} INFO - [2023-12-21T13:11:11.955-0300] {dag.py:3033} INFO - Sync 1 DAGs
[2023-12-21T13:11:11.974-0300] {logging_mixin.py:188} INFO - [2023-12-21T13:11:11.974-0300] {dag.py:3820} INFO - Setting next_dagrun for example_complex to None, run_after=None
[2023-12-21T13:11:12.340-0300] {processor.py:183} INFO - Processing /home/myc-ti-2/airflow_workspace/airflow_env/lib/python3.10/site-packages/airflow/example_dags/example_complex.py took 0.473 seconds
[2023-12-21T13:12:13.064-0300] {processor.py:161} INFO - Started process (PID=10067) to work on /home/myc-ti-2/airflow_workspace/airflow_env/lib/python3.10/site-packages/airflow/example_dags/example_complex.py
[2023-12-21T13:12:13.066-0300] {processor.py:830} INFO - Processing file /home/myc-ti-2/airflow_workspace/airflow_env/lib/python3.10/site-packages/airflow/example_dags/example_complex.py for tasks to queue
[2023-12-21T13:12:13.068-0300] {logging_mixin.py:188} INFO - [2023-12-21T13:12:13.067-0300] {dagbag.py:538} INFO - Filling up the DagBag from /home/myc-ti-2/airflow_workspace/airflow_env/lib/python3.10/site-packages/airflow/example_dags/example_complex.py
[2023-12-21T13:12:13.100-0300] {processor.py:840} INFO - DAG(s) 'example_complex' retrieved from /home/myc-ti-2/airflow_workspace/airflow_env/lib/python3.10/site-packages/airflow/example_dags/example_complex.py
[2023-12-21T13:12:13.146-0300] {logging_mixin.py:188} INFO - [2023-12-21T13:12:13.146-0300] {dag.py:3033} INFO - Sync 1 DAGs
[2023-12-21T13:12:13.163-0300] {logging_mixin.py:188} INFO - [2023-12-21T13:12:13.163-0300] {dag.py:3820} INFO - Setting next_dagrun for example_complex to None, run_after=None
[2023-12-21T13:12:13.271-0300] {processor.py:183} INFO - Processing /home/myc-ti-2/airflow_workspace/airflow_env/lib/python3.10/site-packages/airflow/example_dags/example_complex.py took 0.215 seconds
[2023-12-21T13:13:16.433-0300] {processor.py:161} INFO - Started process (PID=10273) to work on /home/myc-ti-2/airflow_workspace/airflow_env/lib/python3.10/site-packages/airflow/example_dags/example_complex.py
[2023-12-21T13:13:16.447-0300] {processor.py:830} INFO - Processing file /home/myc-ti-2/airflow_workspace/airflow_env/lib/python3.10/site-packages/airflow/example_dags/example_complex.py for tasks to queue
[2023-12-21T13:13:16.448-0300] {logging_mixin.py:188} INFO - [2023-12-21T13:13:16.448-0300] {dagbag.py:538} INFO - Filling up the DagBag from /home/myc-ti-2/airflow_workspace/airflow_env/lib/python3.10/site-packages/airflow/example_dags/example_complex.py
[2023-12-21T13:13:16.475-0300] {processor.py:840} INFO - DAG(s) 'example_complex' retrieved from /home/myc-ti-2/airflow_workspace/airflow_env/lib/python3.10/site-packages/airflow/example_dags/example_complex.py
[2023-12-21T13:13:16.526-0300] {logging_mixin.py:188} INFO - [2023-12-21T13:13:16.526-0300] {dag.py:3033} INFO - Sync 1 DAGs
[2023-12-21T13:13:16.544-0300] {logging_mixin.py:188} INFO - [2023-12-21T13:13:16.544-0300] {dag.py:3820} INFO - Setting next_dagrun for example_complex to None, run_after=None
[2023-12-21T13:13:16.655-0300] {processor.py:183} INFO - Processing /home/myc-ti-2/airflow_workspace/airflow_env/lib/python3.10/site-packages/airflow/example_dags/example_complex.py took 0.230 seconds
[2023-12-21T13:14:18.330-0300] {processor.py:161} INFO - Started process (PID=10331) to work on /home/myc-ti-2/airflow_workspace/airflow_env/lib/python3.10/site-packages/airflow/example_dags/example_complex.py
[2023-12-21T13:14:18.336-0300] {processor.py:830} INFO - Processing file /home/myc-ti-2/airflow_workspace/airflow_env/lib/python3.10/site-packages/airflow/example_dags/example_complex.py for tasks to queue
[2023-12-21T13:14:18.338-0300] {logging_mixin.py:188} INFO - [2023-12-21T13:14:18.337-0300] {dagbag.py:538} INFO - Filling up the DagBag from /home/myc-ti-2/airflow_workspace/airflow_env/lib/python3.10/site-packages/airflow/example_dags/example_complex.py
[2023-12-21T13:14:18.370-0300] {processor.py:840} INFO - DAG(s) 'example_complex' retrieved from /home/myc-ti-2/airflow_workspace/airflow_env/lib/python3.10/site-packages/airflow/example_dags/example_complex.py
[2023-12-21T13:14:18.417-0300] {logging_mixin.py:188} INFO - [2023-12-21T13:14:18.416-0300] {dag.py:3033} INFO - Sync 1 DAGs
[2023-12-21T13:14:18.435-0300] {logging_mixin.py:188} INFO - [2023-12-21T13:14:18.434-0300] {dag.py:3820} INFO - Setting next_dagrun for example_complex to None, run_after=None
[2023-12-21T13:14:18.525-0300] {processor.py:183} INFO - Processing /home/myc-ti-2/airflow_workspace/airflow_env/lib/python3.10/site-packages/airflow/example_dags/example_complex.py took 0.202 seconds
