[2023-12-21T12:57:13.790-0300] {processor.py:161} INFO - Started process (PID=6920) to work on /home/myc-ti-2/airflow_workspace/airflow_env/lib/python3.10/site-packages/airflow/example_dags/example_task_group_decorator.py
[2023-12-21T12:57:13.792-0300] {processor.py:830} INFO - Processing file /home/myc-ti-2/airflow_workspace/airflow_env/lib/python3.10/site-packages/airflow/example_dags/example_task_group_decorator.py for tasks to queue
[2023-12-21T12:57:13.794-0300] {logging_mixin.py:188} INFO - [2023-12-21T12:57:13.793-0300] {dagbag.py:538} INFO - Filling up the DagBag from /home/myc-ti-2/airflow_workspace/airflow_env/lib/python3.10/site-packages/airflow/example_dags/example_task_group_decorator.py
[2023-12-21T12:57:13.975-0300] {processor.py:840} INFO - DAG(s) 'example_task_group_decorator' retrieved from /home/myc-ti-2/airflow_workspace/airflow_env/lib/python3.10/site-packages/airflow/example_dags/example_task_group_decorator.py
[2023-12-21T12:57:14.316-0300] {logging_mixin.py:188} INFO - [2023-12-21T12:57:14.315-0300] {override.py:1769} INFO - Created Permission View: can edit on DAG:example_task_group_decorator
[2023-12-21T12:57:14.416-0300] {logging_mixin.py:188} INFO - [2023-12-21T12:57:14.415-0300] {override.py:1769} INFO - Created Permission View: can delete on DAG:example_task_group_decorator
[2023-12-21T12:57:14.508-0300] {logging_mixin.py:188} INFO - [2023-12-21T12:57:14.507-0300] {override.py:1769} INFO - Created Permission View: can read on DAG:example_task_group_decorator
[2023-12-21T12:57:14.509-0300] {logging_mixin.py:188} INFO - [2023-12-21T12:57:14.508-0300] {dag.py:3033} INFO - Sync 1 DAGs
[2023-12-21T12:57:14.535-0300] {logging_mixin.py:188} INFO - [2023-12-21T12:57:14.534-0300] {dag.py:3055} INFO - Creating ORM DAG for example_task_group_decorator
[2023-12-21T12:57:14.556-0300] {logging_mixin.py:188} INFO - [2023-12-21T12:57:14.555-0300] {dag.py:3820} INFO - Setting next_dagrun for example_task_group_decorator to 2023-12-20T00:00:00+00:00, run_after=2023-12-21T00:00:00+00:00
[2023-12-21T12:57:14.722-0300] {processor.py:183} INFO - Processing /home/myc-ti-2/airflow_workspace/airflow_env/lib/python3.10/site-packages/airflow/example_dags/example_task_group_decorator.py took 0.938 seconds
[2023-12-21T12:59:05.996-0300] {processor.py:161} INFO - Started process (PID=7115) to work on /home/myc-ti-2/airflow_workspace/airflow_env/lib/python3.10/site-packages/airflow/example_dags/example_task_group_decorator.py
[2023-12-21T12:59:05.999-0300] {processor.py:830} INFO - Processing file /home/myc-ti-2/airflow_workspace/airflow_env/lib/python3.10/site-packages/airflow/example_dags/example_task_group_decorator.py for tasks to queue
[2023-12-21T12:59:06.000-0300] {logging_mixin.py:188} INFO - [2023-12-21T12:59:06.000-0300] {dagbag.py:538} INFO - Filling up the DagBag from /home/myc-ti-2/airflow_workspace/airflow_env/lib/python3.10/site-packages/airflow/example_dags/example_task_group_decorator.py
[2023-12-21T12:59:06.038-0300] {processor.py:840} INFO - DAG(s) 'example_task_group_decorator' retrieved from /home/myc-ti-2/airflow_workspace/airflow_env/lib/python3.10/site-packages/airflow/example_dags/example_task_group_decorator.py
[2023-12-21T12:59:06.071-0300] {logging_mixin.py:188} INFO - [2023-12-21T12:59:06.071-0300] {dag.py:3033} INFO - Sync 1 DAGs
[2023-12-21T12:59:06.102-0300] {logging_mixin.py:188} INFO - [2023-12-21T12:59:06.102-0300] {dag.py:3820} INFO - Setting next_dagrun for example_task_group_decorator to 2023-12-20T00:00:00+00:00, run_after=2023-12-21T00:00:00+00:00
[2023-12-21T12:59:06.210-0300] {processor.py:183} INFO - Processing /home/myc-ti-2/airflow_workspace/airflow_env/lib/python3.10/site-packages/airflow/example_dags/example_task_group_decorator.py took 0.221 seconds
[2023-12-21T12:59:45.618-0300] {processor.py:161} INFO - Started process (PID=7157) to work on /home/myc-ti-2/airflow_workspace/airflow_env/lib/python3.10/site-packages/airflow/example_dags/example_task_group_decorator.py
[2023-12-21T12:59:45.624-0300] {processor.py:830} INFO - Processing file /home/myc-ti-2/airflow_workspace/airflow_env/lib/python3.10/site-packages/airflow/example_dags/example_task_group_decorator.py for tasks to queue
[2023-12-21T12:59:45.627-0300] {logging_mixin.py:188} INFO - [2023-12-21T12:59:45.626-0300] {dagbag.py:538} INFO - Filling up the DagBag from /home/myc-ti-2/airflow_workspace/airflow_env/lib/python3.10/site-packages/airflow/example_dags/example_task_group_decorator.py
[2023-12-21T12:59:45.663-0300] {processor.py:840} INFO - DAG(s) 'example_task_group_decorator' retrieved from /home/myc-ti-2/airflow_workspace/airflow_env/lib/python3.10/site-packages/airflow/example_dags/example_task_group_decorator.py
[2023-12-21T12:59:45.696-0300] {logging_mixin.py:188} INFO - [2023-12-21T12:59:45.695-0300] {dag.py:3033} INFO - Sync 1 DAGs
[2023-12-21T12:59:45.727-0300] {logging_mixin.py:188} INFO - [2023-12-21T12:59:45.726-0300] {dag.py:3820} INFO - Setting next_dagrun for example_task_group_decorator to 2023-12-20T00:00:00+00:00, run_after=2023-12-21T00:00:00+00:00
[2023-12-21T12:59:45.846-0300] {processor.py:183} INFO - Processing /home/myc-ti-2/airflow_workspace/airflow_env/lib/python3.10/site-packages/airflow/example_dags/example_task_group_decorator.py took 0.235 seconds
[2023-12-21T13:00:50.488-0300] {processor.py:161} INFO - Started process (PID=7242) to work on /home/myc-ti-2/airflow_workspace/airflow_env/lib/python3.10/site-packages/airflow/example_dags/example_task_group_decorator.py
[2023-12-21T13:00:50.490-0300] {processor.py:830} INFO - Processing file /home/myc-ti-2/airflow_workspace/airflow_env/lib/python3.10/site-packages/airflow/example_dags/example_task_group_decorator.py for tasks to queue
[2023-12-21T13:00:50.492-0300] {logging_mixin.py:188} INFO - [2023-12-21T13:00:50.491-0300] {dagbag.py:538} INFO - Filling up the DagBag from /home/myc-ti-2/airflow_workspace/airflow_env/lib/python3.10/site-packages/airflow/example_dags/example_task_group_decorator.py
[2023-12-21T13:00:50.527-0300] {processor.py:840} INFO - DAG(s) 'example_task_group_decorator' retrieved from /home/myc-ti-2/airflow_workspace/airflow_env/lib/python3.10/site-packages/airflow/example_dags/example_task_group_decorator.py
[2023-12-21T13:00:50.566-0300] {logging_mixin.py:188} INFO - [2023-12-21T13:00:50.565-0300] {dag.py:3033} INFO - Sync 1 DAGs
[2023-12-21T13:00:50.607-0300] {logging_mixin.py:188} INFO - [2023-12-21T13:00:50.606-0300] {dag.py:3820} INFO - Setting next_dagrun for example_task_group_decorator to 2023-12-20T00:00:00+00:00, run_after=2023-12-21T00:00:00+00:00
[2023-12-21T13:00:50.752-0300] {processor.py:183} INFO - Processing /home/myc-ti-2/airflow_workspace/airflow_env/lib/python3.10/site-packages/airflow/example_dags/example_task_group_decorator.py took 0.270 seconds
[2023-12-21T13:01:28.613-0300] {processor.py:161} INFO - Started process (PID=7284) to work on /home/myc-ti-2/airflow_workspace/airflow_env/lib/python3.10/site-packages/airflow/example_dags/example_task_group_decorator.py
[2023-12-21T13:01:28.615-0300] {processor.py:830} INFO - Processing file /home/myc-ti-2/airflow_workspace/airflow_env/lib/python3.10/site-packages/airflow/example_dags/example_task_group_decorator.py for tasks to queue
[2023-12-21T13:01:28.617-0300] {logging_mixin.py:188} INFO - [2023-12-21T13:01:28.616-0300] {dagbag.py:538} INFO - Filling up the DagBag from /home/myc-ti-2/airflow_workspace/airflow_env/lib/python3.10/site-packages/airflow/example_dags/example_task_group_decorator.py
[2023-12-21T13:01:28.649-0300] {processor.py:840} INFO - DAG(s) 'example_task_group_decorator' retrieved from /home/myc-ti-2/airflow_workspace/airflow_env/lib/python3.10/site-packages/airflow/example_dags/example_task_group_decorator.py
[2023-12-21T13:01:28.682-0300] {logging_mixin.py:188} INFO - [2023-12-21T13:01:28.682-0300] {dag.py:3033} INFO - Sync 1 DAGs
[2023-12-21T13:01:28.715-0300] {logging_mixin.py:188} INFO - [2023-12-21T13:01:28.715-0300] {dag.py:3820} INFO - Setting next_dagrun for example_task_group_decorator to 2023-12-20T00:00:00+00:00, run_after=2023-12-21T00:00:00+00:00
[2023-12-21T13:01:28.841-0300] {processor.py:183} INFO - Processing /home/myc-ti-2/airflow_workspace/airflow_env/lib/python3.10/site-packages/airflow/example_dags/example_task_group_decorator.py took 0.233 seconds
[2023-12-21T13:02:34.929-0300] {processor.py:161} INFO - Started process (PID=7363) to work on /home/myc-ti-2/airflow_workspace/airflow_env/lib/python3.10/site-packages/airflow/example_dags/example_task_group_decorator.py
[2023-12-21T13:02:34.931-0300] {processor.py:830} INFO - Processing file /home/myc-ti-2/airflow_workspace/airflow_env/lib/python3.10/site-packages/airflow/example_dags/example_task_group_decorator.py for tasks to queue
[2023-12-21T13:02:34.933-0300] {logging_mixin.py:188} INFO - [2023-12-21T13:02:34.932-0300] {dagbag.py:538} INFO - Filling up the DagBag from /home/myc-ti-2/airflow_workspace/airflow_env/lib/python3.10/site-packages/airflow/example_dags/example_task_group_decorator.py
[2023-12-21T13:02:34.969-0300] {processor.py:840} INFO - DAG(s) 'example_task_group_decorator' retrieved from /home/myc-ti-2/airflow_workspace/airflow_env/lib/python3.10/site-packages/airflow/example_dags/example_task_group_decorator.py
[2023-12-21T13:02:35.001-0300] {logging_mixin.py:188} INFO - [2023-12-21T13:02:35.001-0300] {dag.py:3033} INFO - Sync 1 DAGs
[2023-12-21T13:02:35.032-0300] {logging_mixin.py:188} INFO - [2023-12-21T13:02:35.032-0300] {dag.py:3820} INFO - Setting next_dagrun for example_task_group_decorator to 2023-12-20T00:00:00+00:00, run_after=2023-12-21T00:00:00+00:00
[2023-12-21T13:02:35.145-0300] {processor.py:183} INFO - Processing /home/myc-ti-2/airflow_workspace/airflow_env/lib/python3.10/site-packages/airflow/example_dags/example_task_group_decorator.py took 0.224 seconds
[2023-12-21T13:03:31.661-0300] {processor.py:161} INFO - Started process (PID=7425) to work on /home/myc-ti-2/airflow_workspace/airflow_env/lib/python3.10/site-packages/airflow/example_dags/example_task_group_decorator.py
[2023-12-21T13:03:31.663-0300] {processor.py:830} INFO - Processing file /home/myc-ti-2/airflow_workspace/airflow_env/lib/python3.10/site-packages/airflow/example_dags/example_task_group_decorator.py for tasks to queue
[2023-12-21T13:03:31.665-0300] {logging_mixin.py:188} INFO - [2023-12-21T13:03:31.664-0300] {dagbag.py:538} INFO - Filling up the DagBag from /home/myc-ti-2/airflow_workspace/airflow_env/lib/python3.10/site-packages/airflow/example_dags/example_task_group_decorator.py
[2023-12-21T13:03:31.700-0300] {processor.py:840} INFO - DAG(s) 'example_task_group_decorator' retrieved from /home/myc-ti-2/airflow_workspace/airflow_env/lib/python3.10/site-packages/airflow/example_dags/example_task_group_decorator.py
[2023-12-21T13:03:31.733-0300] {logging_mixin.py:188} INFO - [2023-12-21T13:03:31.733-0300] {dag.py:3033} INFO - Sync 1 DAGs
[2023-12-21T13:03:31.764-0300] {logging_mixin.py:188} INFO - [2023-12-21T13:03:31.764-0300] {dag.py:3820} INFO - Setting next_dagrun for example_task_group_decorator to 2023-12-20T00:00:00+00:00, run_after=2023-12-21T00:00:00+00:00
[2023-12-21T13:03:31.886-0300] {processor.py:183} INFO - Processing /home/myc-ti-2/airflow_workspace/airflow_env/lib/python3.10/site-packages/airflow/example_dags/example_task_group_decorator.py took 0.233 seconds
[2023-12-21T13:04:31.054-0300] {processor.py:161} INFO - Started process (PID=7481) to work on /home/myc-ti-2/airflow_workspace/airflow_env/lib/python3.10/site-packages/airflow/example_dags/example_task_group_decorator.py
[2023-12-21T13:04:31.056-0300] {processor.py:830} INFO - Processing file /home/myc-ti-2/airflow_workspace/airflow_env/lib/python3.10/site-packages/airflow/example_dags/example_task_group_decorator.py for tasks to queue
[2023-12-21T13:04:31.058-0300] {logging_mixin.py:188} INFO - [2023-12-21T13:04:31.058-0300] {dagbag.py:538} INFO - Filling up the DagBag from /home/myc-ti-2/airflow_workspace/airflow_env/lib/python3.10/site-packages/airflow/example_dags/example_task_group_decorator.py
[2023-12-21T13:04:31.095-0300] {processor.py:840} INFO - DAG(s) 'example_task_group_decorator' retrieved from /home/myc-ti-2/airflow_workspace/airflow_env/lib/python3.10/site-packages/airflow/example_dags/example_task_group_decorator.py
[2023-12-21T13:04:31.128-0300] {logging_mixin.py:188} INFO - [2023-12-21T13:04:31.128-0300] {dag.py:3033} INFO - Sync 1 DAGs
[2023-12-21T13:04:31.159-0300] {logging_mixin.py:188} INFO - [2023-12-21T13:04:31.159-0300] {dag.py:3820} INFO - Setting next_dagrun for example_task_group_decorator to 2023-12-20T00:00:00+00:00, run_after=2023-12-21T00:00:00+00:00
[2023-12-21T13:04:31.284-0300] {processor.py:183} INFO - Processing /home/myc-ti-2/airflow_workspace/airflow_env/lib/python3.10/site-packages/airflow/example_dags/example_task_group_decorator.py took 0.237 seconds
[2023-12-21T13:05:37.921-0300] {processor.py:161} INFO - Started process (PID=7549) to work on /home/myc-ti-2/airflow_workspace/airflow_env/lib/python3.10/site-packages/airflow/example_dags/example_task_group_decorator.py
[2023-12-21T13:05:37.923-0300] {processor.py:830} INFO - Processing file /home/myc-ti-2/airflow_workspace/airflow_env/lib/python3.10/site-packages/airflow/example_dags/example_task_group_decorator.py for tasks to queue
[2023-12-21T13:05:37.924-0300] {logging_mixin.py:188} INFO - [2023-12-21T13:05:37.924-0300] {dagbag.py:538} INFO - Filling up the DagBag from /home/myc-ti-2/airflow_workspace/airflow_env/lib/python3.10/site-packages/airflow/example_dags/example_task_group_decorator.py
[2023-12-21T13:05:37.953-0300] {processor.py:840} INFO - DAG(s) 'example_task_group_decorator' retrieved from /home/myc-ti-2/airflow_workspace/airflow_env/lib/python3.10/site-packages/airflow/example_dags/example_task_group_decorator.py
[2023-12-21T13:05:37.989-0300] {logging_mixin.py:188} INFO - [2023-12-21T13:05:37.988-0300] {dag.py:3033} INFO - Sync 1 DAGs
[2023-12-21T13:05:38.021-0300] {logging_mixin.py:188} INFO - [2023-12-21T13:05:38.021-0300] {dag.py:3820} INFO - Setting next_dagrun for example_task_group_decorator to 2023-12-20T00:00:00+00:00, run_after=2023-12-21T00:00:00+00:00
[2023-12-21T13:05:38.129-0300] {processor.py:183} INFO - Processing /home/myc-ti-2/airflow_workspace/airflow_env/lib/python3.10/site-packages/airflow/example_dags/example_task_group_decorator.py took 0.212 seconds
[2023-12-21T13:06:20.623-0300] {processor.py:161} INFO - Started process (PID=7586) to work on /home/myc-ti-2/airflow_workspace/airflow_env/lib/python3.10/site-packages/airflow/example_dags/example_task_group_decorator.py
[2023-12-21T13:06:20.625-0300] {processor.py:830} INFO - Processing file /home/myc-ti-2/airflow_workspace/airflow_env/lib/python3.10/site-packages/airflow/example_dags/example_task_group_decorator.py for tasks to queue
[2023-12-21T13:06:20.628-0300] {logging_mixin.py:188} INFO - [2023-12-21T13:06:20.627-0300] {dagbag.py:538} INFO - Filling up the DagBag from /home/myc-ti-2/airflow_workspace/airflow_env/lib/python3.10/site-packages/airflow/example_dags/example_task_group_decorator.py
[2023-12-21T13:06:20.671-0300] {processor.py:840} INFO - DAG(s) 'example_task_group_decorator' retrieved from /home/myc-ti-2/airflow_workspace/airflow_env/lib/python3.10/site-packages/airflow/example_dags/example_task_group_decorator.py
[2023-12-21T13:06:20.712-0300] {logging_mixin.py:188} INFO - [2023-12-21T13:06:20.712-0300] {dag.py:3033} INFO - Sync 1 DAGs
[2023-12-21T13:06:20.749-0300] {logging_mixin.py:188} INFO - [2023-12-21T13:06:20.749-0300] {dag.py:3820} INFO - Setting next_dagrun for example_task_group_decorator to 2023-12-20T00:00:00+00:00, run_after=2023-12-21T00:00:00+00:00
[2023-12-21T13:06:20.857-0300] {processor.py:183} INFO - Processing /home/myc-ti-2/airflow_workspace/airflow_env/lib/python3.10/site-packages/airflow/example_dags/example_task_group_decorator.py took 0.242 seconds
[2023-12-21T13:07:33.192-0300] {processor.py:161} INFO - Started process (PID=7742) to work on /home/myc-ti-2/airflow_workspace/airflow_env/lib/python3.10/site-packages/airflow/example_dags/example_task_group_decorator.py
[2023-12-21T13:07:33.194-0300] {processor.py:830} INFO - Processing file /home/myc-ti-2/airflow_workspace/airflow_env/lib/python3.10/site-packages/airflow/example_dags/example_task_group_decorator.py for tasks to queue
[2023-12-21T13:07:33.196-0300] {logging_mixin.py:188} INFO - [2023-12-21T13:07:33.195-0300] {dagbag.py:538} INFO - Filling up the DagBag from /home/myc-ti-2/airflow_workspace/airflow_env/lib/python3.10/site-packages/airflow/example_dags/example_task_group_decorator.py
[2023-12-21T13:07:33.234-0300] {processor.py:840} INFO - DAG(s) 'example_task_group_decorator' retrieved from /home/myc-ti-2/airflow_workspace/airflow_env/lib/python3.10/site-packages/airflow/example_dags/example_task_group_decorator.py
[2023-12-21T13:07:33.267-0300] {logging_mixin.py:188} INFO - [2023-12-21T13:07:33.267-0300] {dag.py:3033} INFO - Sync 1 DAGs
[2023-12-21T13:07:33.298-0300] {logging_mixin.py:188} INFO - [2023-12-21T13:07:33.298-0300] {dag.py:3820} INFO - Setting next_dagrun for example_task_group_decorator to 2023-12-20T00:00:00+00:00, run_after=2023-12-21T00:00:00+00:00
[2023-12-21T13:07:33.417-0300] {processor.py:183} INFO - Processing /home/myc-ti-2/airflow_workspace/airflow_env/lib/python3.10/site-packages/airflow/example_dags/example_task_group_decorator.py took 0.233 seconds
[2023-12-21T13:08:11.529-0300] {processor.py:161} INFO - Started process (PID=8495) to work on /home/myc-ti-2/airflow_workspace/airflow_env/lib/python3.10/site-packages/airflow/example_dags/example_task_group_decorator.py
[2023-12-21T13:08:11.553-0300] {processor.py:830} INFO - Processing file /home/myc-ti-2/airflow_workspace/airflow_env/lib/python3.10/site-packages/airflow/example_dags/example_task_group_decorator.py for tasks to queue
[2023-12-21T13:08:11.555-0300] {logging_mixin.py:188} INFO - [2023-12-21T13:08:11.554-0300] {dagbag.py:538} INFO - Filling up the DagBag from /home/myc-ti-2/airflow_workspace/airflow_env/lib/python3.10/site-packages/airflow/example_dags/example_task_group_decorator.py
[2023-12-21T13:08:11.598-0300] {processor.py:840} INFO - DAG(s) 'example_task_group_decorator' retrieved from /home/myc-ti-2/airflow_workspace/airflow_env/lib/python3.10/site-packages/airflow/example_dags/example_task_group_decorator.py
[2023-12-21T13:08:11.626-0300] {logging_mixin.py:188} INFO - [2023-12-21T13:08:11.626-0300] {dag.py:3033} INFO - Sync 1 DAGs
[2023-12-21T13:08:11.651-0300] {logging_mixin.py:188} INFO - [2023-12-21T13:08:11.651-0300] {dag.py:3820} INFO - Setting next_dagrun for example_task_group_decorator to 2023-12-20T00:00:00+00:00, run_after=2023-12-21T00:00:00+00:00
[2023-12-21T13:08:11.770-0300] {processor.py:183} INFO - Processing /home/myc-ti-2/airflow_workspace/airflow_env/lib/python3.10/site-packages/airflow/example_dags/example_task_group_decorator.py took 0.248 seconds
[2023-12-21T13:09:11.886-0300] {processor.py:161} INFO - Started process (PID=9229) to work on /home/myc-ti-2/airflow_workspace/airflow_env/lib/python3.10/site-packages/airflow/example_dags/example_task_group_decorator.py
[2023-12-21T13:09:11.900-0300] {processor.py:830} INFO - Processing file /home/myc-ti-2/airflow_workspace/airflow_env/lib/python3.10/site-packages/airflow/example_dags/example_task_group_decorator.py for tasks to queue
[2023-12-21T13:09:11.902-0300] {logging_mixin.py:188} INFO - [2023-12-21T13:09:11.901-0300] {dagbag.py:538} INFO - Filling up the DagBag from /home/myc-ti-2/airflow_workspace/airflow_env/lib/python3.10/site-packages/airflow/example_dags/example_task_group_decorator.py
[2023-12-21T13:09:11.927-0300] {processor.py:840} INFO - DAG(s) 'example_task_group_decorator' retrieved from /home/myc-ti-2/airflow_workspace/airflow_env/lib/python3.10/site-packages/airflow/example_dags/example_task_group_decorator.py
[2023-12-21T13:09:11.957-0300] {logging_mixin.py:188} INFO - [2023-12-21T13:09:11.956-0300] {dag.py:3033} INFO - Sync 1 DAGs
[2023-12-21T13:09:11.982-0300] {logging_mixin.py:188} INFO - [2023-12-21T13:09:11.982-0300] {dag.py:3820} INFO - Setting next_dagrun for example_task_group_decorator to 2023-12-20T00:00:00+00:00, run_after=2023-12-21T00:00:00+00:00
[2023-12-21T13:09:12.172-0300] {processor.py:183} INFO - Processing /home/myc-ti-2/airflow_workspace/airflow_env/lib/python3.10/site-packages/airflow/example_dags/example_task_group_decorator.py took 0.289 seconds
[2023-12-21T13:10:22.811-0300] {processor.py:161} INFO - Started process (PID=9425) to work on /home/myc-ti-2/airflow_workspace/airflow_env/lib/python3.10/site-packages/airflow/example_dags/example_task_group_decorator.py
[2023-12-21T13:10:22.839-0300] {processor.py:830} INFO - Processing file /home/myc-ti-2/airflow_workspace/airflow_env/lib/python3.10/site-packages/airflow/example_dags/example_task_group_decorator.py for tasks to queue
[2023-12-21T13:10:22.842-0300] {logging_mixin.py:188} INFO - [2023-12-21T13:10:22.841-0300] {dagbag.py:538} INFO - Filling up the DagBag from /home/myc-ti-2/airflow_workspace/airflow_env/lib/python3.10/site-packages/airflow/example_dags/example_task_group_decorator.py
[2023-12-21T13:10:22.886-0300] {processor.py:840} INFO - DAG(s) 'example_task_group_decorator' retrieved from /home/myc-ti-2/airflow_workspace/airflow_env/lib/python3.10/site-packages/airflow/example_dags/example_task_group_decorator.py
[2023-12-21T13:10:22.924-0300] {logging_mixin.py:188} INFO - [2023-12-21T13:10:22.924-0300] {dag.py:3033} INFO - Sync 1 DAGs
[2023-12-21T13:10:22.956-0300] {logging_mixin.py:188} INFO - [2023-12-21T13:10:22.955-0300] {dag.py:3820} INFO - Setting next_dagrun for example_task_group_decorator to 2023-12-20T00:00:00+00:00, run_after=2023-12-21T00:00:00+00:00
[2023-12-21T13:10:23.146-0300] {processor.py:183} INFO - Processing /home/myc-ti-2/airflow_workspace/airflow_env/lib/python3.10/site-packages/airflow/example_dags/example_task_group_decorator.py took 0.343 seconds
[2023-12-21T13:11:29.517-0300] {processor.py:161} INFO - Started process (PID=9789) to work on /home/myc-ti-2/airflow_workspace/airflow_env/lib/python3.10/site-packages/airflow/example_dags/example_task_group_decorator.py
[2023-12-21T13:11:29.525-0300] {processor.py:830} INFO - Processing file /home/myc-ti-2/airflow_workspace/airflow_env/lib/python3.10/site-packages/airflow/example_dags/example_task_group_decorator.py for tasks to queue
[2023-12-21T13:11:29.527-0300] {logging_mixin.py:188} INFO - [2023-12-21T13:11:29.527-0300] {dagbag.py:538} INFO - Filling up the DagBag from /home/myc-ti-2/airflow_workspace/airflow_env/lib/python3.10/site-packages/airflow/example_dags/example_task_group_decorator.py
[2023-12-21T13:11:29.561-0300] {processor.py:840} INFO - DAG(s) 'example_task_group_decorator' retrieved from /home/myc-ti-2/airflow_workspace/airflow_env/lib/python3.10/site-packages/airflow/example_dags/example_task_group_decorator.py
[2023-12-21T13:11:29.595-0300] {logging_mixin.py:188} INFO - [2023-12-21T13:11:29.595-0300] {dag.py:3033} INFO - Sync 1 DAGs
[2023-12-21T13:11:29.626-0300] {logging_mixin.py:188} INFO - [2023-12-21T13:11:29.626-0300] {dag.py:3820} INFO - Setting next_dagrun for example_task_group_decorator to 2023-12-20T00:00:00+00:00, run_after=2023-12-21T00:00:00+00:00
[2023-12-21T13:11:29.760-0300] {processor.py:183} INFO - Processing /home/myc-ti-2/airflow_workspace/airflow_env/lib/python3.10/site-packages/airflow/example_dags/example_task_group_decorator.py took 0.251 seconds
[2023-12-21T13:12:31.088-0300] {processor.py:161} INFO - Started process (PID=10089) to work on /home/myc-ti-2/airflow_workspace/airflow_env/lib/python3.10/site-packages/airflow/example_dags/example_task_group_decorator.py
[2023-12-21T13:12:31.106-0300] {processor.py:830} INFO - Processing file /home/myc-ti-2/airflow_workspace/airflow_env/lib/python3.10/site-packages/airflow/example_dags/example_task_group_decorator.py for tasks to queue
[2023-12-21T13:12:31.108-0300] {logging_mixin.py:188} INFO - [2023-12-21T13:12:31.107-0300] {dagbag.py:538} INFO - Filling up the DagBag from /home/myc-ti-2/airflow_workspace/airflow_env/lib/python3.10/site-packages/airflow/example_dags/example_task_group_decorator.py
[2023-12-21T13:12:31.151-0300] {processor.py:840} INFO - DAG(s) 'example_task_group_decorator' retrieved from /home/myc-ti-2/airflow_workspace/airflow_env/lib/python3.10/site-packages/airflow/example_dags/example_task_group_decorator.py
[2023-12-21T13:12:31.187-0300] {logging_mixin.py:188} INFO - [2023-12-21T13:12:31.186-0300] {dag.py:3033} INFO - Sync 1 DAGs
[2023-12-21T13:12:31.217-0300] {logging_mixin.py:188} INFO - [2023-12-21T13:12:31.217-0300] {dag.py:3820} INFO - Setting next_dagrun for example_task_group_decorator to 2023-12-20T00:00:00+00:00, run_after=2023-12-21T00:00:00+00:00
[2023-12-21T13:12:31.327-0300] {processor.py:183} INFO - Processing /home/myc-ti-2/airflow_workspace/airflow_env/lib/python3.10/site-packages/airflow/example_dags/example_task_group_decorator.py took 0.246 seconds
[2023-12-21T13:13:34.250-0300] {processor.py:161} INFO - Started process (PID=10291) to work on /home/myc-ti-2/airflow_workspace/airflow_env/lib/python3.10/site-packages/airflow/example_dags/example_task_group_decorator.py
[2023-12-21T13:13:34.268-0300] {processor.py:830} INFO - Processing file /home/myc-ti-2/airflow_workspace/airflow_env/lib/python3.10/site-packages/airflow/example_dags/example_task_group_decorator.py for tasks to queue
[2023-12-21T13:13:34.270-0300] {logging_mixin.py:188} INFO - [2023-12-21T13:13:34.269-0300] {dagbag.py:538} INFO - Filling up the DagBag from /home/myc-ti-2/airflow_workspace/airflow_env/lib/python3.10/site-packages/airflow/example_dags/example_task_group_decorator.py
[2023-12-21T13:13:34.312-0300] {processor.py:840} INFO - DAG(s) 'example_task_group_decorator' retrieved from /home/myc-ti-2/airflow_workspace/airflow_env/lib/python3.10/site-packages/airflow/example_dags/example_task_group_decorator.py
[2023-12-21T13:13:34.348-0300] {logging_mixin.py:188} INFO - [2023-12-21T13:13:34.347-0300] {dag.py:3033} INFO - Sync 1 DAGs
[2023-12-21T13:13:34.378-0300] {logging_mixin.py:188} INFO - [2023-12-21T13:13:34.378-0300] {dag.py:3820} INFO - Setting next_dagrun for example_task_group_decorator to 2023-12-20T00:00:00+00:00, run_after=2023-12-21T00:00:00+00:00
[2023-12-21T13:13:34.492-0300] {processor.py:183} INFO - Processing /home/myc-ti-2/airflow_workspace/airflow_env/lib/python3.10/site-packages/airflow/example_dags/example_task_group_decorator.py took 0.249 seconds
[2023-12-21T13:14:38.683-0300] {processor.py:161} INFO - Started process (PID=10350) to work on /home/myc-ti-2/airflow_workspace/airflow_env/lib/python3.10/site-packages/airflow/example_dags/example_task_group_decorator.py
[2023-12-21T13:14:38.698-0300] {processor.py:830} INFO - Processing file /home/myc-ti-2/airflow_workspace/airflow_env/lib/python3.10/site-packages/airflow/example_dags/example_task_group_decorator.py for tasks to queue
[2023-12-21T13:14:38.699-0300] {logging_mixin.py:188} INFO - [2023-12-21T13:14:38.699-0300] {dagbag.py:538} INFO - Filling up the DagBag from /home/myc-ti-2/airflow_workspace/airflow_env/lib/python3.10/site-packages/airflow/example_dags/example_task_group_decorator.py
[2023-12-21T13:14:38.726-0300] {processor.py:840} INFO - DAG(s) 'example_task_group_decorator' retrieved from /home/myc-ti-2/airflow_workspace/airflow_env/lib/python3.10/site-packages/airflow/example_dags/example_task_group_decorator.py
[2023-12-21T13:14:38.759-0300] {logging_mixin.py:188} INFO - [2023-12-21T13:14:38.759-0300] {dag.py:3033} INFO - Sync 1 DAGs
[2023-12-21T13:14:38.792-0300] {logging_mixin.py:188} INFO - [2023-12-21T13:14:38.791-0300] {dag.py:3820} INFO - Setting next_dagrun for example_task_group_decorator to 2023-12-20T00:00:00+00:00, run_after=2023-12-21T00:00:00+00:00
[2023-12-21T13:14:38.911-0300] {processor.py:183} INFO - Processing /home/myc-ti-2/airflow_workspace/airflow_env/lib/python3.10/site-packages/airflow/example_dags/example_task_group_decorator.py took 0.233 seconds
