[2023-12-21T12:58:09.834-0300] {processor.py:161} INFO - Started process (PID=7036) to work on /home/myc-ti-2/airflow_workspace/airflow_env/lib/python3.10/site-packages/airflow/example_dags/example_branch_labels.py
[2023-12-21T12:58:09.835-0300] {processor.py:830} INFO - Processing file /home/myc-ti-2/airflow_workspace/airflow_env/lib/python3.10/site-packages/airflow/example_dags/example_branch_labels.py for tasks to queue
[2023-12-21T12:58:09.837-0300] {logging_mixin.py:188} INFO - [2023-12-21T12:58:09.836-0300] {dagbag.py:538} INFO - Filling up the DagBag from /home/myc-ti-2/airflow_workspace/airflow_env/lib/python3.10/site-packages/airflow/example_dags/example_branch_labels.py
[2023-12-21T12:58:09.850-0300] {processor.py:840} INFO - DAG(s) 'example_branch_labels' retrieved from /home/myc-ti-2/airflow_workspace/airflow_env/lib/python3.10/site-packages/airflow/example_dags/example_branch_labels.py
[2023-12-21T12:58:10.472-0300] {logging_mixin.py:188} INFO - [2023-12-21T12:58:10.471-0300] {override.py:1769} INFO - Created Permission View: can edit on DAG:example_branch_labels
[2023-12-21T12:58:10.572-0300] {logging_mixin.py:188} INFO - [2023-12-21T12:58:10.571-0300] {override.py:1769} INFO - Created Permission View: can delete on DAG:example_branch_labels
[2023-12-21T12:58:10.663-0300] {logging_mixin.py:188} INFO - [2023-12-21T12:58:10.662-0300] {override.py:1769} INFO - Created Permission View: can read on DAG:example_branch_labels
[2023-12-21T12:58:10.664-0300] {logging_mixin.py:188} INFO - [2023-12-21T12:58:10.663-0300] {dag.py:3033} INFO - Sync 1 DAGs
[2023-12-21T12:58:10.688-0300] {logging_mixin.py:188} INFO - [2023-12-21T12:58:10.688-0300] {dag.py:3055} INFO - Creating ORM DAG for example_branch_labels
[2023-12-21T12:58:11.975-0300] {logging_mixin.py:188} INFO - [2023-12-21T12:58:11.975-0300] {dag.py:3820} INFO - Setting next_dagrun for example_branch_labels to 2023-12-20T00:00:00+00:00, run_after=2023-12-21T00:00:00+00:00
[2023-12-21T12:58:13.474-0300] {processor.py:183} INFO - Processing /home/myc-ti-2/airflow_workspace/airflow_env/lib/python3.10/site-packages/airflow/example_dags/example_branch_labels.py took 3.645 seconds
[2023-12-21T12:59:36.619-0300] {processor.py:161} INFO - Started process (PID=7148) to work on /home/myc-ti-2/airflow_workspace/airflow_env/lib/python3.10/site-packages/airflow/example_dags/example_branch_labels.py
[2023-12-21T12:59:36.621-0300] {processor.py:830} INFO - Processing file /home/myc-ti-2/airflow_workspace/airflow_env/lib/python3.10/site-packages/airflow/example_dags/example_branch_labels.py for tasks to queue
[2023-12-21T12:59:36.623-0300] {logging_mixin.py:188} INFO - [2023-12-21T12:59:36.622-0300] {dagbag.py:538} INFO - Filling up the DagBag from /home/myc-ti-2/airflow_workspace/airflow_env/lib/python3.10/site-packages/airflow/example_dags/example_branch_labels.py
[2023-12-21T12:59:36.643-0300] {processor.py:840} INFO - DAG(s) 'example_branch_labels' retrieved from /home/myc-ti-2/airflow_workspace/airflow_env/lib/python3.10/site-packages/airflow/example_dags/example_branch_labels.py
[2023-12-21T12:59:36.674-0300] {logging_mixin.py:188} INFO - [2023-12-21T12:59:36.674-0300] {dag.py:3033} INFO - Sync 1 DAGs
[2023-12-21T12:59:36.707-0300] {logging_mixin.py:188} INFO - [2023-12-21T12:59:36.706-0300] {dag.py:3820} INFO - Setting next_dagrun for example_branch_labels to 2023-12-20T00:00:00+00:00, run_after=2023-12-21T00:00:00+00:00
[2023-12-21T12:59:36.813-0300] {processor.py:183} INFO - Processing /home/myc-ti-2/airflow_workspace/airflow_env/lib/python3.10/site-packages/airflow/example_dags/example_branch_labels.py took 0.202 seconds
[2023-12-21T13:00:41.461-0300] {processor.py:161} INFO - Started process (PID=7215) to work on /home/myc-ti-2/airflow_workspace/airflow_env/lib/python3.10/site-packages/airflow/example_dags/example_branch_labels.py
[2023-12-21T13:00:41.463-0300] {processor.py:830} INFO - Processing file /home/myc-ti-2/airflow_workspace/airflow_env/lib/python3.10/site-packages/airflow/example_dags/example_branch_labels.py for tasks to queue
[2023-12-21T13:00:41.465-0300] {logging_mixin.py:188} INFO - [2023-12-21T13:00:41.464-0300] {dagbag.py:538} INFO - Filling up the DagBag from /home/myc-ti-2/airflow_workspace/airflow_env/lib/python3.10/site-packages/airflow/example_dags/example_branch_labels.py
[2023-12-21T13:00:41.488-0300] {processor.py:840} INFO - DAG(s) 'example_branch_labels' retrieved from /home/myc-ti-2/airflow_workspace/airflow_env/lib/python3.10/site-packages/airflow/example_dags/example_branch_labels.py
[2023-12-21T13:00:41.517-0300] {logging_mixin.py:188} INFO - [2023-12-21T13:00:41.517-0300] {dag.py:3033} INFO - Sync 1 DAGs
[2023-12-21T13:00:41.554-0300] {logging_mixin.py:188} INFO - [2023-12-21T13:00:41.554-0300] {dag.py:3820} INFO - Setting next_dagrun for example_branch_labels to 2023-12-20T00:00:00+00:00, run_after=2023-12-21T00:00:00+00:00
[2023-12-21T13:00:41.669-0300] {processor.py:183} INFO - Processing /home/myc-ti-2/airflow_workspace/airflow_env/lib/python3.10/site-packages/airflow/example_dags/example_branch_labels.py took 0.216 seconds
[2023-12-21T13:01:50.185-0300] {processor.py:161} INFO - Started process (PID=7307) to work on /home/myc-ti-2/airflow_workspace/airflow_env/lib/python3.10/site-packages/airflow/example_dags/example_branch_labels.py
[2023-12-21T13:01:50.188-0300] {processor.py:830} INFO - Processing file /home/myc-ti-2/airflow_workspace/airflow_env/lib/python3.10/site-packages/airflow/example_dags/example_branch_labels.py for tasks to queue
[2023-12-21T13:01:50.190-0300] {logging_mixin.py:188} INFO - [2023-12-21T13:01:50.189-0300] {dagbag.py:538} INFO - Filling up the DagBag from /home/myc-ti-2/airflow_workspace/airflow_env/lib/python3.10/site-packages/airflow/example_dags/example_branch_labels.py
[2023-12-21T13:01:50.212-0300] {processor.py:840} INFO - DAG(s) 'example_branch_labels' retrieved from /home/myc-ti-2/airflow_workspace/airflow_env/lib/python3.10/site-packages/airflow/example_dags/example_branch_labels.py
[2023-12-21T13:01:50.238-0300] {logging_mixin.py:188} INFO - [2023-12-21T13:01:50.238-0300] {dag.py:3033} INFO - Sync 1 DAGs
[2023-12-21T13:01:50.267-0300] {logging_mixin.py:188} INFO - [2023-12-21T13:01:50.267-0300] {dag.py:3820} INFO - Setting next_dagrun for example_branch_labels to 2023-12-20T00:00:00+00:00, run_after=2023-12-21T00:00:00+00:00
[2023-12-21T13:01:50.381-0300] {processor.py:183} INFO - Processing /home/myc-ti-2/airflow_workspace/airflow_env/lib/python3.10/site-packages/airflow/example_dags/example_branch_labels.py took 0.203 seconds
[2023-12-21T13:02:59.424-0300] {processor.py:161} INFO - Started process (PID=7386) to work on /home/myc-ti-2/airflow_workspace/airflow_env/lib/python3.10/site-packages/airflow/example_dags/example_branch_labels.py
[2023-12-21T13:02:59.426-0300] {processor.py:830} INFO - Processing file /home/myc-ti-2/airflow_workspace/airflow_env/lib/python3.10/site-packages/airflow/example_dags/example_branch_labels.py for tasks to queue
[2023-12-21T13:02:59.429-0300] {logging_mixin.py:188} INFO - [2023-12-21T13:02:59.428-0300] {dagbag.py:538} INFO - Filling up the DagBag from /home/myc-ti-2/airflow_workspace/airflow_env/lib/python3.10/site-packages/airflow/example_dags/example_branch_labels.py
[2023-12-21T13:02:59.450-0300] {processor.py:840} INFO - DAG(s) 'example_branch_labels' retrieved from /home/myc-ti-2/airflow_workspace/airflow_env/lib/python3.10/site-packages/airflow/example_dags/example_branch_labels.py
[2023-12-21T13:02:59.483-0300] {logging_mixin.py:188} INFO - [2023-12-21T13:02:59.482-0300] {dag.py:3033} INFO - Sync 1 DAGs
[2023-12-21T13:02:59.517-0300] {logging_mixin.py:188} INFO - [2023-12-21T13:02:59.517-0300] {dag.py:3820} INFO - Setting next_dagrun for example_branch_labels to 2023-12-20T00:00:00+00:00, run_after=2023-12-21T00:00:00+00:00
[2023-12-21T13:02:59.663-0300] {processor.py:183} INFO - Processing /home/myc-ti-2/airflow_workspace/airflow_env/lib/python3.10/site-packages/airflow/example_dags/example_branch_labels.py took 0.247 seconds
[2023-12-21T13:04:09.200-0300] {processor.py:161} INFO - Started process (PID=7459) to work on /home/myc-ti-2/airflow_workspace/airflow_env/lib/python3.10/site-packages/airflow/example_dags/example_branch_labels.py
[2023-12-21T13:04:09.219-0300] {processor.py:830} INFO - Processing file /home/myc-ti-2/airflow_workspace/airflow_env/lib/python3.10/site-packages/airflow/example_dags/example_branch_labels.py for tasks to queue
[2023-12-21T13:04:09.220-0300] {logging_mixin.py:188} INFO - [2023-12-21T13:04:09.220-0300] {dagbag.py:538} INFO - Filling up the DagBag from /home/myc-ti-2/airflow_workspace/airflow_env/lib/python3.10/site-packages/airflow/example_dags/example_branch_labels.py
[2023-12-21T13:04:09.235-0300] {processor.py:840} INFO - DAG(s) 'example_branch_labels' retrieved from /home/myc-ti-2/airflow_workspace/airflow_env/lib/python3.10/site-packages/airflow/example_dags/example_branch_labels.py
[2023-12-21T13:04:09.265-0300] {logging_mixin.py:188} INFO - [2023-12-21T13:04:09.264-0300] {dag.py:3033} INFO - Sync 1 DAGs
[2023-12-21T13:04:09.302-0300] {logging_mixin.py:188} INFO - [2023-12-21T13:04:09.302-0300] {dag.py:3820} INFO - Setting next_dagrun for example_branch_labels to 2023-12-20T00:00:00+00:00, run_after=2023-12-21T00:00:00+00:00
[2023-12-21T13:04:09.389-0300] {processor.py:183} INFO - Processing /home/myc-ti-2/airflow_workspace/airflow_env/lib/python3.10/site-packages/airflow/example_dags/example_branch_labels.py took 0.195 seconds
[2023-12-21T13:05:07.055-0300] {processor.py:161} INFO - Started process (PID=7515) to work on /home/myc-ti-2/airflow_workspace/airflow_env/lib/python3.10/site-packages/airflow/example_dags/example_branch_labels.py
[2023-12-21T13:05:07.057-0300] {processor.py:830} INFO - Processing file /home/myc-ti-2/airflow_workspace/airflow_env/lib/python3.10/site-packages/airflow/example_dags/example_branch_labels.py for tasks to queue
[2023-12-21T13:05:07.059-0300] {logging_mixin.py:188} INFO - [2023-12-21T13:05:07.058-0300] {dagbag.py:538} INFO - Filling up the DagBag from /home/myc-ti-2/airflow_workspace/airflow_env/lib/python3.10/site-packages/airflow/example_dags/example_branch_labels.py
[2023-12-21T13:05:07.079-0300] {processor.py:840} INFO - DAG(s) 'example_branch_labels' retrieved from /home/myc-ti-2/airflow_workspace/airflow_env/lib/python3.10/site-packages/airflow/example_dags/example_branch_labels.py
[2023-12-21T13:05:07.110-0300] {logging_mixin.py:188} INFO - [2023-12-21T13:05:07.109-0300] {dag.py:3033} INFO - Sync 1 DAGs
[2023-12-21T13:05:07.145-0300] {logging_mixin.py:188} INFO - [2023-12-21T13:05:07.144-0300] {dag.py:3820} INFO - Setting next_dagrun for example_branch_labels to 2023-12-20T00:00:00+00:00, run_after=2023-12-21T00:00:00+00:00
[2023-12-21T13:05:07.246-0300] {processor.py:183} INFO - Processing /home/myc-ti-2/airflow_workspace/airflow_env/lib/python3.10/site-packages/airflow/example_dags/example_branch_labels.py took 0.199 seconds
[2023-12-21T13:06:29.478-0300] {processor.py:161} INFO - Started process (PID=7663) to work on /home/myc-ti-2/airflow_workspace/airflow_env/lib/python3.10/site-packages/airflow/example_dags/example_branch_labels.py
[2023-12-21T13:06:29.499-0300] {processor.py:830} INFO - Processing file /home/myc-ti-2/airflow_workspace/airflow_env/lib/python3.10/site-packages/airflow/example_dags/example_branch_labels.py for tasks to queue
[2023-12-21T13:06:29.501-0300] {logging_mixin.py:188} INFO - [2023-12-21T13:06:29.500-0300] {dagbag.py:538} INFO - Filling up the DagBag from /home/myc-ti-2/airflow_workspace/airflow_env/lib/python3.10/site-packages/airflow/example_dags/example_branch_labels.py
[2023-12-21T13:06:29.514-0300] {processor.py:840} INFO - DAG(s) 'example_branch_labels' retrieved from /home/myc-ti-2/airflow_workspace/airflow_env/lib/python3.10/site-packages/airflow/example_dags/example_branch_labels.py
[2023-12-21T13:06:29.541-0300] {logging_mixin.py:188} INFO - [2023-12-21T13:06:29.541-0300] {dag.py:3033} INFO - Sync 1 DAGs
[2023-12-21T13:06:29.576-0300] {logging_mixin.py:188} INFO - [2023-12-21T13:06:29.576-0300] {dag.py:3820} INFO - Setting next_dagrun for example_branch_labels to 2023-12-20T00:00:00+00:00, run_after=2023-12-21T00:00:00+00:00
[2023-12-21T13:06:29.687-0300] {processor.py:183} INFO - Processing /home/myc-ti-2/airflow_workspace/airflow_env/lib/python3.10/site-packages/airflow/example_dags/example_branch_labels.py took 0.215 seconds
[2023-12-21T13:07:43.923-0300] {processor.py:161} INFO - Started process (PID=7751) to work on /home/myc-ti-2/airflow_workspace/airflow_env/lib/python3.10/site-packages/airflow/example_dags/example_branch_labels.py
[2023-12-21T13:07:43.925-0300] {processor.py:830} INFO - Processing file /home/myc-ti-2/airflow_workspace/airflow_env/lib/python3.10/site-packages/airflow/example_dags/example_branch_labels.py for tasks to queue
[2023-12-21T13:07:43.926-0300] {logging_mixin.py:188} INFO - [2023-12-21T13:07:43.925-0300] {dagbag.py:538} INFO - Filling up the DagBag from /home/myc-ti-2/airflow_workspace/airflow_env/lib/python3.10/site-packages/airflow/example_dags/example_branch_labels.py
[2023-12-21T13:07:43.939-0300] {processor.py:840} INFO - DAG(s) 'example_branch_labels' retrieved from /home/myc-ti-2/airflow_workspace/airflow_env/lib/python3.10/site-packages/airflow/example_dags/example_branch_labels.py
[2023-12-21T13:07:43.967-0300] {logging_mixin.py:188} INFO - [2023-12-21T13:07:43.967-0300] {dag.py:3033} INFO - Sync 1 DAGs
[2023-12-21T13:07:44.001-0300] {logging_mixin.py:188} INFO - [2023-12-21T13:07:44.001-0300] {dag.py:3820} INFO - Setting next_dagrun for example_branch_labels to 2023-12-20T00:00:00+00:00, run_after=2023-12-21T00:00:00+00:00
[2023-12-21T13:07:44.103-0300] {processor.py:183} INFO - Processing /home/myc-ti-2/airflow_workspace/airflow_env/lib/python3.10/site-packages/airflow/example_dags/example_branch_labels.py took 0.186 seconds
[2023-12-21T13:08:47.801-0300] {processor.py:161} INFO - Started process (PID=9150) to work on /home/myc-ti-2/airflow_workspace/airflow_env/lib/python3.10/site-packages/airflow/example_dags/example_branch_labels.py
[2023-12-21T13:08:47.807-0300] {processor.py:830} INFO - Processing file /home/myc-ti-2/airflow_workspace/airflow_env/lib/python3.10/site-packages/airflow/example_dags/example_branch_labels.py for tasks to queue
[2023-12-21T13:08:47.809-0300] {logging_mixin.py:188} INFO - [2023-12-21T13:08:47.808-0300] {dagbag.py:538} INFO - Filling up the DagBag from /home/myc-ti-2/airflow_workspace/airflow_env/lib/python3.10/site-packages/airflow/example_dags/example_branch_labels.py
[2023-12-21T13:08:47.830-0300] {processor.py:840} INFO - DAG(s) 'example_branch_labels' retrieved from /home/myc-ti-2/airflow_workspace/airflow_env/lib/python3.10/site-packages/airflow/example_dags/example_branch_labels.py
[2023-12-21T13:08:47.861-0300] {logging_mixin.py:188} INFO - [2023-12-21T13:08:47.861-0300] {dag.py:3033} INFO - Sync 1 DAGs
[2023-12-21T13:08:47.894-0300] {logging_mixin.py:188} INFO - [2023-12-21T13:08:47.894-0300] {dag.py:3820} INFO - Setting next_dagrun for example_branch_labels to 2023-12-20T00:00:00+00:00, run_after=2023-12-21T00:00:00+00:00
[2023-12-21T13:08:48.030-0300] {processor.py:183} INFO - Processing /home/myc-ti-2/airflow_workspace/airflow_env/lib/python3.10/site-packages/airflow/example_dags/example_branch_labels.py took 0.236 seconds
[2023-12-21T13:09:55.364-0300] {processor.py:161} INFO - Started process (PID=9307) to work on /home/myc-ti-2/airflow_workspace/airflow_env/lib/python3.10/site-packages/airflow/example_dags/example_branch_labels.py
[2023-12-21T13:09:55.377-0300] {processor.py:830} INFO - Processing file /home/myc-ti-2/airflow_workspace/airflow_env/lib/python3.10/site-packages/airflow/example_dags/example_branch_labels.py for tasks to queue
[2023-12-21T13:09:55.379-0300] {logging_mixin.py:188} INFO - [2023-12-21T13:09:55.378-0300] {dagbag.py:538} INFO - Filling up the DagBag from /home/myc-ti-2/airflow_workspace/airflow_env/lib/python3.10/site-packages/airflow/example_dags/example_branch_labels.py
[2023-12-21T13:09:55.402-0300] {processor.py:840} INFO - DAG(s) 'example_branch_labels' retrieved from /home/myc-ti-2/airflow_workspace/airflow_env/lib/python3.10/site-packages/airflow/example_dags/example_branch_labels.py
[2023-12-21T13:09:55.437-0300] {logging_mixin.py:188} INFO - [2023-12-21T13:09:55.436-0300] {dag.py:3033} INFO - Sync 1 DAGs
[2023-12-21T13:09:55.473-0300] {logging_mixin.py:188} INFO - [2023-12-21T13:09:55.473-0300] {dag.py:3820} INFO - Setting next_dagrun for example_branch_labels to 2023-12-20T00:00:00+00:00, run_after=2023-12-21T00:00:00+00:00
[2023-12-21T13:09:55.669-0300] {processor.py:183} INFO - Processing /home/myc-ti-2/airflow_workspace/airflow_env/lib/python3.10/site-packages/airflow/example_dags/example_branch_labels.py took 0.312 seconds
[2023-12-21T13:11:03.652-0300] {processor.py:161} INFO - Started process (PID=9729) to work on /home/myc-ti-2/airflow_workspace/airflow_env/lib/python3.10/site-packages/airflow/example_dags/example_branch_labels.py
[2023-12-21T13:11:03.686-0300] {processor.py:830} INFO - Processing file /home/myc-ti-2/airflow_workspace/airflow_env/lib/python3.10/site-packages/airflow/example_dags/example_branch_labels.py for tasks to queue
[2023-12-21T13:11:03.689-0300] {logging_mixin.py:188} INFO - [2023-12-21T13:11:03.688-0300] {dagbag.py:538} INFO - Filling up the DagBag from /home/myc-ti-2/airflow_workspace/airflow_env/lib/python3.10/site-packages/airflow/example_dags/example_branch_labels.py
[2023-12-21T13:11:03.710-0300] {processor.py:840} INFO - DAG(s) 'example_branch_labels' retrieved from /home/myc-ti-2/airflow_workspace/airflow_env/lib/python3.10/site-packages/airflow/example_dags/example_branch_labels.py
[2023-12-21T13:11:03.750-0300] {logging_mixin.py:188} INFO - [2023-12-21T13:11:03.749-0300] {dag.py:3033} INFO - Sync 1 DAGs
[2023-12-21T13:11:03.775-0300] {logging_mixin.py:188} INFO - [2023-12-21T13:11:03.775-0300] {dag.py:3820} INFO - Setting next_dagrun for example_branch_labels to 2023-12-20T00:00:00+00:00, run_after=2023-12-21T00:00:00+00:00
[2023-12-21T13:11:03.929-0300] {processor.py:183} INFO - Processing /home/myc-ti-2/airflow_workspace/airflow_env/lib/python3.10/site-packages/airflow/example_dags/example_branch_labels.py took 0.281 seconds
[2023-12-21T13:12:06.727-0300] {processor.py:161} INFO - Started process (PID=10059) to work on /home/myc-ti-2/airflow_workspace/airflow_env/lib/python3.10/site-packages/airflow/example_dags/example_branch_labels.py
[2023-12-21T13:12:06.728-0300] {processor.py:830} INFO - Processing file /home/myc-ti-2/airflow_workspace/airflow_env/lib/python3.10/site-packages/airflow/example_dags/example_branch_labels.py for tasks to queue
[2023-12-21T13:12:06.730-0300] {logging_mixin.py:188} INFO - [2023-12-21T13:12:06.729-0300] {dagbag.py:538} INFO - Filling up the DagBag from /home/myc-ti-2/airflow_workspace/airflow_env/lib/python3.10/site-packages/airflow/example_dags/example_branch_labels.py
[2023-12-21T13:12:06.742-0300] {processor.py:840} INFO - DAG(s) 'example_branch_labels' retrieved from /home/myc-ti-2/airflow_workspace/airflow_env/lib/python3.10/site-packages/airflow/example_dags/example_branch_labels.py
[2023-12-21T13:12:06.770-0300] {logging_mixin.py:188} INFO - [2023-12-21T13:12:06.769-0300] {dag.py:3033} INFO - Sync 1 DAGs
[2023-12-21T13:12:06.803-0300] {logging_mixin.py:188} INFO - [2023-12-21T13:12:06.803-0300] {dag.py:3820} INFO - Setting next_dagrun for example_branch_labels to 2023-12-20T00:00:00+00:00, run_after=2023-12-21T00:00:00+00:00
[2023-12-21T13:12:06.904-0300] {processor.py:183} INFO - Processing /home/myc-ti-2/airflow_workspace/airflow_env/lib/python3.10/site-packages/airflow/example_dags/example_branch_labels.py took 0.183 seconds
[2023-12-21T13:13:09.152-0300] {processor.py:161} INFO - Started process (PID=10209) to work on /home/myc-ti-2/airflow_workspace/airflow_env/lib/python3.10/site-packages/airflow/example_dags/example_branch_labels.py
[2023-12-21T13:13:09.154-0300] {processor.py:830} INFO - Processing file /home/myc-ti-2/airflow_workspace/airflow_env/lib/python3.10/site-packages/airflow/example_dags/example_branch_labels.py for tasks to queue
[2023-12-21T13:13:09.155-0300] {logging_mixin.py:188} INFO - [2023-12-21T13:13:09.154-0300] {dagbag.py:538} INFO - Filling up the DagBag from /home/myc-ti-2/airflow_workspace/airflow_env/lib/python3.10/site-packages/airflow/example_dags/example_branch_labels.py
[2023-12-21T13:13:09.173-0300] {processor.py:840} INFO - DAG(s) 'example_branch_labels' retrieved from /home/myc-ti-2/airflow_workspace/airflow_env/lib/python3.10/site-packages/airflow/example_dags/example_branch_labels.py
[2023-12-21T13:13:09.202-0300] {logging_mixin.py:188} INFO - [2023-12-21T13:13:09.201-0300] {dag.py:3033} INFO - Sync 1 DAGs
[2023-12-21T13:13:09.239-0300] {logging_mixin.py:188} INFO - [2023-12-21T13:13:09.238-0300] {dag.py:3820} INFO - Setting next_dagrun for example_branch_labels to 2023-12-20T00:00:00+00:00, run_after=2023-12-21T00:00:00+00:00
[2023-12-21T13:13:09.347-0300] {processor.py:183} INFO - Processing /home/myc-ti-2/airflow_workspace/airflow_env/lib/python3.10/site-packages/airflow/example_dags/example_branch_labels.py took 0.202 seconds
[2023-12-21T13:14:11.971-0300] {processor.py:161} INFO - Started process (PID=10324) to work on /home/myc-ti-2/airflow_workspace/airflow_env/lib/python3.10/site-packages/airflow/example_dags/example_branch_labels.py
[2023-12-21T13:14:11.973-0300] {processor.py:830} INFO - Processing file /home/myc-ti-2/airflow_workspace/airflow_env/lib/python3.10/site-packages/airflow/example_dags/example_branch_labels.py for tasks to queue
[2023-12-21T13:14:11.975-0300] {logging_mixin.py:188} INFO - [2023-12-21T13:14:11.974-0300] {dagbag.py:538} INFO - Filling up the DagBag from /home/myc-ti-2/airflow_workspace/airflow_env/lib/python3.10/site-packages/airflow/example_dags/example_branch_labels.py
[2023-12-21T13:14:11.996-0300] {processor.py:840} INFO - DAG(s) 'example_branch_labels' retrieved from /home/myc-ti-2/airflow_workspace/airflow_env/lib/python3.10/site-packages/airflow/example_dags/example_branch_labels.py
[2023-12-21T13:14:12.025-0300] {logging_mixin.py:188} INFO - [2023-12-21T13:14:12.024-0300] {dag.py:3033} INFO - Sync 1 DAGs
[2023-12-21T13:14:12.057-0300] {logging_mixin.py:188} INFO - [2023-12-21T13:14:12.057-0300] {dag.py:3820} INFO - Setting next_dagrun for example_branch_labels to 2023-12-20T00:00:00+00:00, run_after=2023-12-21T00:00:00+00:00
[2023-12-21T13:14:12.174-0300] {processor.py:183} INFO - Processing /home/myc-ti-2/airflow_workspace/airflow_env/lib/python3.10/site-packages/airflow/example_dags/example_branch_labels.py took 0.210 seconds
[2023-12-21T13:15:16.298-0300] {processor.py:161} INFO - Started process (PID=10501) to work on /home/myc-ti-2/airflow_workspace/airflow_env/lib/python3.10/site-packages/airflow/example_dags/example_branch_labels.py
[2023-12-21T13:15:16.300-0300] {processor.py:830} INFO - Processing file /home/myc-ti-2/airflow_workspace/airflow_env/lib/python3.10/site-packages/airflow/example_dags/example_branch_labels.py for tasks to queue
[2023-12-21T13:15:16.301-0300] {logging_mixin.py:188} INFO - [2023-12-21T13:15:16.300-0300] {dagbag.py:538} INFO - Filling up the DagBag from /home/myc-ti-2/airflow_workspace/airflow_env/lib/python3.10/site-packages/airflow/example_dags/example_branch_labels.py
[2023-12-21T13:15:16.314-0300] {processor.py:840} INFO - DAG(s) 'example_branch_labels' retrieved from /home/myc-ti-2/airflow_workspace/airflow_env/lib/python3.10/site-packages/airflow/example_dags/example_branch_labels.py
[2023-12-21T13:15:16.342-0300] {logging_mixin.py:188} INFO - [2023-12-21T13:15:16.342-0300] {dag.py:3033} INFO - Sync 1 DAGs
[2023-12-21T13:15:16.378-0300] {logging_mixin.py:188} INFO - [2023-12-21T13:15:16.378-0300] {dag.py:3820} INFO - Setting next_dagrun for example_branch_labels to 2023-12-20T00:00:00+00:00, run_after=2023-12-21T00:00:00+00:00
[2023-12-21T13:15:16.556-0300] {processor.py:183} INFO - Processing /home/myc-ti-2/airflow_workspace/airflow_env/lib/python3.10/site-packages/airflow/example_dags/example_branch_labels.py took 0.262 seconds
