[2023-12-21T12:58:45.785-0300] {processor.py:161} INFO - Started process (PID=7090) to work on /home/myc-ti-2/airflow_workspace/airflow_env/lib/python3.10/site-packages/airflow/example_dags/example_kubernetes_executor.py
[2023-12-21T12:58:45.787-0300] {processor.py:830} INFO - Processing file /home/myc-ti-2/airflow_workspace/airflow_env/lib/python3.10/site-packages/airflow/example_dags/example_kubernetes_executor.py for tasks to queue
[2023-12-21T12:58:45.789-0300] {logging_mixin.py:188} INFO - [2023-12-21T12:58:45.788-0300] {dagbag.py:538} INFO - Filling up the DagBag from /home/myc-ti-2/airflow_workspace/airflow_env/lib/python3.10/site-packages/airflow/example_dags/example_kubernetes_executor.py
[2023-12-21T12:58:45.796-0300] {logging_mixin.py:188} INFO - [2023-12-21T12:58:45.795-0300] {example_kubernetes_executor.py:38} WARNING - The example_kubernetes_executor example DAG requires the kubernetes provider. Please install it with: pip install apache-airflow[cncf.kubernetes]
[2023-12-21T12:58:45.796-0300] {processor.py:842} WARNING - No viable dags retrieved from /home/myc-ti-2/airflow_workspace/airflow_env/lib/python3.10/site-packages/airflow/example_dags/example_kubernetes_executor.py
[2023-12-21T12:58:45.818-0300] {processor.py:183} INFO - Processing /home/myc-ti-2/airflow_workspace/airflow_env/lib/python3.10/site-packages/airflow/example_dags/example_kubernetes_executor.py took 0.040 seconds
[2023-12-21T12:59:58.818-0300] {processor.py:161} INFO - Started process (PID=7170) to work on /home/myc-ti-2/airflow_workspace/airflow_env/lib/python3.10/site-packages/airflow/example_dags/example_kubernetes_executor.py
[2023-12-21T12:59:58.827-0300] {processor.py:830} INFO - Processing file /home/myc-ti-2/airflow_workspace/airflow_env/lib/python3.10/site-packages/airflow/example_dags/example_kubernetes_executor.py for tasks to queue
[2023-12-21T12:59:58.829-0300] {logging_mixin.py:188} INFO - [2023-12-21T12:59:58.828-0300] {dagbag.py:538} INFO - Filling up the DagBag from /home/myc-ti-2/airflow_workspace/airflow_env/lib/python3.10/site-packages/airflow/example_dags/example_kubernetes_executor.py
[2023-12-21T12:59:58.836-0300] {logging_mixin.py:188} INFO - [2023-12-21T12:59:58.836-0300] {example_kubernetes_executor.py:38} WARNING - The example_kubernetes_executor example DAG requires the kubernetes provider. Please install it with: pip install apache-airflow[cncf.kubernetes]
[2023-12-21T12:59:58.837-0300] {processor.py:842} WARNING - No viable dags retrieved from /home/myc-ti-2/airflow_workspace/airflow_env/lib/python3.10/site-packages/airflow/example_dags/example_kubernetes_executor.py
[2023-12-21T12:59:58.860-0300] {processor.py:183} INFO - Processing /home/myc-ti-2/airflow_workspace/airflow_env/lib/python3.10/site-packages/airflow/example_dags/example_kubernetes_executor.py took 0.049 seconds
[2023-12-21T13:01:09.936-0300] {processor.py:161} INFO - Started process (PID=7266) to work on /home/myc-ti-2/airflow_workspace/airflow_env/lib/python3.10/site-packages/airflow/example_dags/example_kubernetes_executor.py
[2023-12-21T13:01:09.938-0300] {processor.py:830} INFO - Processing file /home/myc-ti-2/airflow_workspace/airflow_env/lib/python3.10/site-packages/airflow/example_dags/example_kubernetes_executor.py for tasks to queue
[2023-12-21T13:01:09.940-0300] {logging_mixin.py:188} INFO - [2023-12-21T13:01:09.939-0300] {dagbag.py:538} INFO - Filling up the DagBag from /home/myc-ti-2/airflow_workspace/airflow_env/lib/python3.10/site-packages/airflow/example_dags/example_kubernetes_executor.py
[2023-12-21T13:01:09.947-0300] {logging_mixin.py:188} INFO - [2023-12-21T13:01:09.946-0300] {example_kubernetes_executor.py:38} WARNING - The example_kubernetes_executor example DAG requires the kubernetes provider. Please install it with: pip install apache-airflow[cncf.kubernetes]
[2023-12-21T13:01:09.947-0300] {processor.py:842} WARNING - No viable dags retrieved from /home/myc-ti-2/airflow_workspace/airflow_env/lib/python3.10/site-packages/airflow/example_dags/example_kubernetes_executor.py
[2023-12-21T13:01:09.970-0300] {processor.py:183} INFO - Processing /home/myc-ti-2/airflow_workspace/airflow_env/lib/python3.10/site-packages/airflow/example_dags/example_kubernetes_executor.py took 0.041 seconds
[2023-12-21T13:02:16.927-0300] {processor.py:161} INFO - Started process (PID=7345) to work on /home/myc-ti-2/airflow_workspace/airflow_env/lib/python3.10/site-packages/airflow/example_dags/example_kubernetes_executor.py
[2023-12-21T13:02:16.928-0300] {processor.py:830} INFO - Processing file /home/myc-ti-2/airflow_workspace/airflow_env/lib/python3.10/site-packages/airflow/example_dags/example_kubernetes_executor.py for tasks to queue
[2023-12-21T13:02:16.929-0300] {logging_mixin.py:188} INFO - [2023-12-21T13:02:16.929-0300] {dagbag.py:538} INFO - Filling up the DagBag from /home/myc-ti-2/airflow_workspace/airflow_env/lib/python3.10/site-packages/airflow/example_dags/example_kubernetes_executor.py
[2023-12-21T13:02:16.934-0300] {logging_mixin.py:188} INFO - [2023-12-21T13:02:16.933-0300] {example_kubernetes_executor.py:38} WARNING - The example_kubernetes_executor example DAG requires the kubernetes provider. Please install it with: pip install apache-airflow[cncf.kubernetes]
[2023-12-21T13:02:16.934-0300] {processor.py:842} WARNING - No viable dags retrieved from /home/myc-ti-2/airflow_workspace/airflow_env/lib/python3.10/site-packages/airflow/example_dags/example_kubernetes_executor.py
[2023-12-21T13:02:16.948-0300] {processor.py:183} INFO - Processing /home/myc-ti-2/airflow_workspace/airflow_env/lib/python3.10/site-packages/airflow/example_dags/example_kubernetes_executor.py took 0.026 seconds
[2023-12-21T13:03:18.430-0300] {processor.py:161} INFO - Started process (PID=7412) to work on /home/myc-ti-2/airflow_workspace/airflow_env/lib/python3.10/site-packages/airflow/example_dags/example_kubernetes_executor.py
[2023-12-21T13:03:18.432-0300] {processor.py:830} INFO - Processing file /home/myc-ti-2/airflow_workspace/airflow_env/lib/python3.10/site-packages/airflow/example_dags/example_kubernetes_executor.py for tasks to queue
[2023-12-21T13:03:18.434-0300] {logging_mixin.py:188} INFO - [2023-12-21T13:03:18.433-0300] {dagbag.py:538} INFO - Filling up the DagBag from /home/myc-ti-2/airflow_workspace/airflow_env/lib/python3.10/site-packages/airflow/example_dags/example_kubernetes_executor.py
[2023-12-21T13:03:18.441-0300] {logging_mixin.py:188} INFO - [2023-12-21T13:03:18.441-0300] {example_kubernetes_executor.py:38} WARNING - The example_kubernetes_executor example DAG requires the kubernetes provider. Please install it with: pip install apache-airflow[cncf.kubernetes]
[2023-12-21T13:03:18.442-0300] {processor.py:842} WARNING - No viable dags retrieved from /home/myc-ti-2/airflow_workspace/airflow_env/lib/python3.10/site-packages/airflow/example_dags/example_kubernetes_executor.py
[2023-12-21T13:03:18.464-0300] {processor.py:183} INFO - Processing /home/myc-ti-2/airflow_workspace/airflow_env/lib/python3.10/site-packages/airflow/example_dags/example_kubernetes_executor.py took 0.041 seconds
[2023-12-21T13:04:18.203-0300] {processor.py:161} INFO - Started process (PID=7470) to work on /home/myc-ti-2/airflow_workspace/airflow_env/lib/python3.10/site-packages/airflow/example_dags/example_kubernetes_executor.py
[2023-12-21T13:04:18.205-0300] {processor.py:830} INFO - Processing file /home/myc-ti-2/airflow_workspace/airflow_env/lib/python3.10/site-packages/airflow/example_dags/example_kubernetes_executor.py for tasks to queue
[2023-12-21T13:04:18.207-0300] {logging_mixin.py:188} INFO - [2023-12-21T13:04:18.206-0300] {dagbag.py:538} INFO - Filling up the DagBag from /home/myc-ti-2/airflow_workspace/airflow_env/lib/python3.10/site-packages/airflow/example_dags/example_kubernetes_executor.py
[2023-12-21T13:04:18.214-0300] {logging_mixin.py:188} INFO - [2023-12-21T13:04:18.214-0300] {example_kubernetes_executor.py:38} WARNING - The example_kubernetes_executor example DAG requires the kubernetes provider. Please install it with: pip install apache-airflow[cncf.kubernetes]
[2023-12-21T13:04:18.215-0300] {processor.py:842} WARNING - No viable dags retrieved from /home/myc-ti-2/airflow_workspace/airflow_env/lib/python3.10/site-packages/airflow/example_dags/example_kubernetes_executor.py
[2023-12-21T13:04:18.237-0300] {processor.py:183} INFO - Processing /home/myc-ti-2/airflow_workspace/airflow_env/lib/python3.10/site-packages/airflow/example_dags/example_kubernetes_executor.py took 0.041 seconds
[2023-12-21T13:05:18.009-0300] {processor.py:161} INFO - Started process (PID=7526) to work on /home/myc-ti-2/airflow_workspace/airflow_env/lib/python3.10/site-packages/airflow/example_dags/example_kubernetes_executor.py
[2023-12-21T13:05:18.011-0300] {processor.py:830} INFO - Processing file /home/myc-ti-2/airflow_workspace/airflow_env/lib/python3.10/site-packages/airflow/example_dags/example_kubernetes_executor.py for tasks to queue
[2023-12-21T13:05:18.013-0300] {logging_mixin.py:188} INFO - [2023-12-21T13:05:18.012-0300] {dagbag.py:538} INFO - Filling up the DagBag from /home/myc-ti-2/airflow_workspace/airflow_env/lib/python3.10/site-packages/airflow/example_dags/example_kubernetes_executor.py
[2023-12-21T13:05:18.020-0300] {logging_mixin.py:188} INFO - [2023-12-21T13:05:18.020-0300] {example_kubernetes_executor.py:38} WARNING - The example_kubernetes_executor example DAG requires the kubernetes provider. Please install it with: pip install apache-airflow[cncf.kubernetes]
[2023-12-21T13:05:18.021-0300] {processor.py:842} WARNING - No viable dags retrieved from /home/myc-ti-2/airflow_workspace/airflow_env/lib/python3.10/site-packages/airflow/example_dags/example_kubernetes_executor.py
[2023-12-21T13:05:18.042-0300] {processor.py:183} INFO - Processing /home/myc-ti-2/airflow_workspace/airflow_env/lib/python3.10/site-packages/airflow/example_dags/example_kubernetes_executor.py took 0.040 seconds
[2023-12-21T13:06:40.730-0300] {processor.py:161} INFO - Started process (PID=7680) to work on /home/myc-ti-2/airflow_workspace/airflow_env/lib/python3.10/site-packages/airflow/example_dags/example_kubernetes_executor.py
[2023-12-21T13:06:40.732-0300] {processor.py:830} INFO - Processing file /home/myc-ti-2/airflow_workspace/airflow_env/lib/python3.10/site-packages/airflow/example_dags/example_kubernetes_executor.py for tasks to queue
[2023-12-21T13:06:40.734-0300] {logging_mixin.py:188} INFO - [2023-12-21T13:06:40.733-0300] {dagbag.py:538} INFO - Filling up the DagBag from /home/myc-ti-2/airflow_workspace/airflow_env/lib/python3.10/site-packages/airflow/example_dags/example_kubernetes_executor.py
[2023-12-21T13:06:40.741-0300] {logging_mixin.py:188} INFO - [2023-12-21T13:06:40.741-0300] {example_kubernetes_executor.py:38} WARNING - The example_kubernetes_executor example DAG requires the kubernetes provider. Please install it with: pip install apache-airflow[cncf.kubernetes]
[2023-12-21T13:06:40.742-0300] {processor.py:842} WARNING - No viable dags retrieved from /home/myc-ti-2/airflow_workspace/airflow_env/lib/python3.10/site-packages/airflow/example_dags/example_kubernetes_executor.py
[2023-12-21T13:06:40.764-0300] {processor.py:183} INFO - Processing /home/myc-ti-2/airflow_workspace/airflow_env/lib/python3.10/site-packages/airflow/example_dags/example_kubernetes_executor.py took 0.041 seconds
[2023-12-21T13:07:55.925-0300] {processor.py:161} INFO - Started process (PID=7777) to work on /home/myc-ti-2/airflow_workspace/airflow_env/lib/python3.10/site-packages/airflow/example_dags/example_kubernetes_executor.py
[2023-12-21T13:07:55.927-0300] {processor.py:830} INFO - Processing file /home/myc-ti-2/airflow_workspace/airflow_env/lib/python3.10/site-packages/airflow/example_dags/example_kubernetes_executor.py for tasks to queue
[2023-12-21T13:07:55.929-0300] {logging_mixin.py:188} INFO - [2023-12-21T13:07:55.928-0300] {dagbag.py:538} INFO - Filling up the DagBag from /home/myc-ti-2/airflow_workspace/airflow_env/lib/python3.10/site-packages/airflow/example_dags/example_kubernetes_executor.py
[2023-12-21T13:07:55.934-0300] {logging_mixin.py:188} INFO - [2023-12-21T13:07:55.934-0300] {example_kubernetes_executor.py:38} WARNING - The example_kubernetes_executor example DAG requires the kubernetes provider. Please install it with: pip install apache-airflow[cncf.kubernetes]
[2023-12-21T13:07:55.935-0300] {processor.py:842} WARNING - No viable dags retrieved from /home/myc-ti-2/airflow_workspace/airflow_env/lib/python3.10/site-packages/airflow/example_dags/example_kubernetes_executor.py
[2023-12-21T13:07:55.953-0300] {processor.py:183} INFO - Processing /home/myc-ti-2/airflow_workspace/airflow_env/lib/python3.10/site-packages/airflow/example_dags/example_kubernetes_executor.py took 0.034 seconds
[2023-12-21T13:08:58.838-0300] {processor.py:161} INFO - Started process (PID=9173) to work on /home/myc-ti-2/airflow_workspace/airflow_env/lib/python3.10/site-packages/airflow/example_dags/example_kubernetes_executor.py
[2023-12-21T13:08:58.852-0300] {processor.py:830} INFO - Processing file /home/myc-ti-2/airflow_workspace/airflow_env/lib/python3.10/site-packages/airflow/example_dags/example_kubernetes_executor.py for tasks to queue
[2023-12-21T13:08:58.854-0300] {logging_mixin.py:188} INFO - [2023-12-21T13:08:58.853-0300] {dagbag.py:538} INFO - Filling up the DagBag from /home/myc-ti-2/airflow_workspace/airflow_env/lib/python3.10/site-packages/airflow/example_dags/example_kubernetes_executor.py
[2023-12-21T13:08:58.859-0300] {logging_mixin.py:188} INFO - [2023-12-21T13:08:58.859-0300] {example_kubernetes_executor.py:38} WARNING - The example_kubernetes_executor example DAG requires the kubernetes provider. Please install it with: pip install apache-airflow[cncf.kubernetes]
[2023-12-21T13:08:58.859-0300] {processor.py:842} WARNING - No viable dags retrieved from /home/myc-ti-2/airflow_workspace/airflow_env/lib/python3.10/site-packages/airflow/example_dags/example_kubernetes_executor.py
[2023-12-21T13:08:58.872-0300] {processor.py:183} INFO - Processing /home/myc-ti-2/airflow_workspace/airflow_env/lib/python3.10/site-packages/airflow/example_dags/example_kubernetes_executor.py took 0.042 seconds
[2023-12-21T13:10:06.707-0300] {processor.py:161} INFO - Started process (PID=9371) to work on /home/myc-ti-2/airflow_workspace/airflow_env/lib/python3.10/site-packages/airflow/example_dags/example_kubernetes_executor.py
[2023-12-21T13:10:06.716-0300] {processor.py:830} INFO - Processing file /home/myc-ti-2/airflow_workspace/airflow_env/lib/python3.10/site-packages/airflow/example_dags/example_kubernetes_executor.py for tasks to queue
[2023-12-21T13:10:06.717-0300] {logging_mixin.py:188} INFO - [2023-12-21T13:10:06.717-0300] {dagbag.py:538} INFO - Filling up the DagBag from /home/myc-ti-2/airflow_workspace/airflow_env/lib/python3.10/site-packages/airflow/example_dags/example_kubernetes_executor.py
[2023-12-21T13:10:06.722-0300] {logging_mixin.py:188} INFO - [2023-12-21T13:10:06.721-0300] {example_kubernetes_executor.py:38} WARNING - The example_kubernetes_executor example DAG requires the kubernetes provider. Please install it with: pip install apache-airflow[cncf.kubernetes]
[2023-12-21T13:10:06.722-0300] {processor.py:842} WARNING - No viable dags retrieved from /home/myc-ti-2/airflow_workspace/airflow_env/lib/python3.10/site-packages/airflow/example_dags/example_kubernetes_executor.py
[2023-12-21T13:10:06.736-0300] {processor.py:183} INFO - Processing /home/myc-ti-2/airflow_workspace/airflow_env/lib/python3.10/site-packages/airflow/example_dags/example_kubernetes_executor.py took 0.034 seconds
[2023-12-21T13:11:15.447-0300] {processor.py:161} INFO - Started process (PID=9768) to work on /home/myc-ti-2/airflow_workspace/airflow_env/lib/python3.10/site-packages/airflow/example_dags/example_kubernetes_executor.py
[2023-12-21T13:11:15.464-0300] {processor.py:830} INFO - Processing file /home/myc-ti-2/airflow_workspace/airflow_env/lib/python3.10/site-packages/airflow/example_dags/example_kubernetes_executor.py for tasks to queue
[2023-12-21T13:11:15.466-0300] {logging_mixin.py:188} INFO - [2023-12-21T13:11:15.465-0300] {dagbag.py:538} INFO - Filling up the DagBag from /home/myc-ti-2/airflow_workspace/airflow_env/lib/python3.10/site-packages/airflow/example_dags/example_kubernetes_executor.py
[2023-12-21T13:11:15.473-0300] {logging_mixin.py:188} INFO - [2023-12-21T13:11:15.472-0300] {example_kubernetes_executor.py:38} WARNING - The example_kubernetes_executor example DAG requires the kubernetes provider. Please install it with: pip install apache-airflow[cncf.kubernetes]
[2023-12-21T13:11:15.473-0300] {processor.py:842} WARNING - No viable dags retrieved from /home/myc-ti-2/airflow_workspace/airflow_env/lib/python3.10/site-packages/airflow/example_dags/example_kubernetes_executor.py
[2023-12-21T13:11:15.497-0300] {processor.py:183} INFO - Processing /home/myc-ti-2/airflow_workspace/airflow_env/lib/python3.10/site-packages/airflow/example_dags/example_kubernetes_executor.py took 0.057 seconds
[2023-12-21T13:12:16.770-0300] {processor.py:161} INFO - Started process (PID=10070) to work on /home/myc-ti-2/airflow_workspace/airflow_env/lib/python3.10/site-packages/airflow/example_dags/example_kubernetes_executor.py
[2023-12-21T13:12:16.772-0300] {processor.py:830} INFO - Processing file /home/myc-ti-2/airflow_workspace/airflow_env/lib/python3.10/site-packages/airflow/example_dags/example_kubernetes_executor.py for tasks to queue
[2023-12-21T13:12:16.774-0300] {logging_mixin.py:188} INFO - [2023-12-21T13:12:16.773-0300] {dagbag.py:538} INFO - Filling up the DagBag from /home/myc-ti-2/airflow_workspace/airflow_env/lib/python3.10/site-packages/airflow/example_dags/example_kubernetes_executor.py
[2023-12-21T13:12:16.781-0300] {logging_mixin.py:188} INFO - [2023-12-21T13:12:16.780-0300] {example_kubernetes_executor.py:38} WARNING - The example_kubernetes_executor example DAG requires the kubernetes provider. Please install it with: pip install apache-airflow[cncf.kubernetes]
[2023-12-21T13:12:16.781-0300] {processor.py:842} WARNING - No viable dags retrieved from /home/myc-ti-2/airflow_workspace/airflow_env/lib/python3.10/site-packages/airflow/example_dags/example_kubernetes_executor.py
[2023-12-21T13:12:16.802-0300] {processor.py:183} INFO - Processing /home/myc-ti-2/airflow_workspace/airflow_env/lib/python3.10/site-packages/airflow/example_dags/example_kubernetes_executor.py took 0.040 seconds
[2023-12-21T13:13:19.890-0300] {processor.py:161} INFO - Started process (PID=10276) to work on /home/myc-ti-2/airflow_workspace/airflow_env/lib/python3.10/site-packages/airflow/example_dags/example_kubernetes_executor.py
[2023-12-21T13:13:19.897-0300] {processor.py:830} INFO - Processing file /home/myc-ti-2/airflow_workspace/airflow_env/lib/python3.10/site-packages/airflow/example_dags/example_kubernetes_executor.py for tasks to queue
[2023-12-21T13:13:19.899-0300] {logging_mixin.py:188} INFO - [2023-12-21T13:13:19.898-0300] {dagbag.py:538} INFO - Filling up the DagBag from /home/myc-ti-2/airflow_workspace/airflow_env/lib/python3.10/site-packages/airflow/example_dags/example_kubernetes_executor.py
[2023-12-21T13:13:19.906-0300] {logging_mixin.py:188} INFO - [2023-12-21T13:13:19.905-0300] {example_kubernetes_executor.py:38} WARNING - The example_kubernetes_executor example DAG requires the kubernetes provider. Please install it with: pip install apache-airflow[cncf.kubernetes]
[2023-12-21T13:13:19.906-0300] {processor.py:842} WARNING - No viable dags retrieved from /home/myc-ti-2/airflow_workspace/airflow_env/lib/python3.10/site-packages/airflow/example_dags/example_kubernetes_executor.py
[2023-12-21T13:13:19.930-0300] {processor.py:183} INFO - Processing /home/myc-ti-2/airflow_workspace/airflow_env/lib/python3.10/site-packages/airflow/example_dags/example_kubernetes_executor.py took 0.047 seconds
[2023-12-21T13:14:22.485-0300] {processor.py:161} INFO - Started process (PID=10336) to work on /home/myc-ti-2/airflow_workspace/airflow_env/lib/python3.10/site-packages/airflow/example_dags/example_kubernetes_executor.py
[2023-12-21T13:14:22.488-0300] {processor.py:830} INFO - Processing file /home/myc-ti-2/airflow_workspace/airflow_env/lib/python3.10/site-packages/airflow/example_dags/example_kubernetes_executor.py for tasks to queue
[2023-12-21T13:14:22.490-0300] {logging_mixin.py:188} INFO - [2023-12-21T13:14:22.489-0300] {dagbag.py:538} INFO - Filling up the DagBag from /home/myc-ti-2/airflow_workspace/airflow_env/lib/python3.10/site-packages/airflow/example_dags/example_kubernetes_executor.py
[2023-12-21T13:14:22.497-0300] {logging_mixin.py:188} INFO - [2023-12-21T13:14:22.496-0300] {example_kubernetes_executor.py:38} WARNING - The example_kubernetes_executor example DAG requires the kubernetes provider. Please install it with: pip install apache-airflow[cncf.kubernetes]
[2023-12-21T13:14:22.497-0300] {processor.py:842} WARNING - No viable dags retrieved from /home/myc-ti-2/airflow_workspace/airflow_env/lib/python3.10/site-packages/airflow/example_dags/example_kubernetes_executor.py
[2023-12-21T13:14:22.520-0300] {processor.py:183} INFO - Processing /home/myc-ti-2/airflow_workspace/airflow_env/lib/python3.10/site-packages/airflow/example_dags/example_kubernetes_executor.py took 0.042 seconds
