[2023-12-21T12:57:32.178-0300] {processor.py:161} INFO - Started process (PID=6970) to work on /home/myc-ti-2/airflow_workspace/airflow_env/lib/python3.10/site-packages/airflow/example_dags/example_xcom.py
[2023-12-21T12:57:32.180-0300] {processor.py:830} INFO - Processing file /home/myc-ti-2/airflow_workspace/airflow_env/lib/python3.10/site-packages/airflow/example_dags/example_xcom.py for tasks to queue
[2023-12-21T12:57:32.182-0300] {logging_mixin.py:188} INFO - [2023-12-21T12:57:32.182-0300] {dagbag.py:538} INFO - Filling up the DagBag from /home/myc-ti-2/airflow_workspace/airflow_env/lib/python3.10/site-packages/airflow/example_dags/example_xcom.py
[2023-12-21T12:57:32.206-0300] {processor.py:840} INFO - DAG(s) 'example_xcom' retrieved from /home/myc-ti-2/airflow_workspace/airflow_env/lib/python3.10/site-packages/airflow/example_dags/example_xcom.py
[2023-12-21T12:57:32.591-0300] {logging_mixin.py:188} INFO - [2023-12-21T12:57:32.589-0300] {override.py:1769} INFO - Created Permission View: can edit on DAG:example_xcom
[2023-12-21T12:57:32.707-0300] {logging_mixin.py:188} INFO - [2023-12-21T12:57:32.706-0300] {override.py:1769} INFO - Created Permission View: can delete on DAG:example_xcom
[2023-12-21T12:57:32.815-0300] {logging_mixin.py:188} INFO - [2023-12-21T12:57:32.814-0300] {override.py:1769} INFO - Created Permission View: can read on DAG:example_xcom
[2023-12-21T12:57:32.816-0300] {logging_mixin.py:188} INFO - [2023-12-21T12:57:32.816-0300] {dag.py:3033} INFO - Sync 1 DAGs
[2023-12-21T12:57:32.844-0300] {logging_mixin.py:188} INFO - [2023-12-21T12:57:32.843-0300] {dag.py:3055} INFO - Creating ORM DAG for example_xcom
[2023-12-21T12:57:32.868-0300] {logging_mixin.py:188} INFO - [2023-12-21T12:57:32.867-0300] {dag.py:3820} INFO - Setting next_dagrun for example_xcom to 2021-01-01T00:00:00+00:00, run_after=2021-01-01T00:00:00+00:00
[2023-12-21T12:57:33.040-0300] {processor.py:183} INFO - Processing /home/myc-ti-2/airflow_workspace/airflow_env/lib/python3.10/site-packages/airflow/example_dags/example_xcom.py took 0.868 seconds
[2023-12-21T12:59:16.260-0300] {processor.py:161} INFO - Started process (PID=7129) to work on /home/myc-ti-2/airflow_workspace/airflow_env/lib/python3.10/site-packages/airflow/example_dags/example_xcom.py
[2023-12-21T12:59:16.275-0300] {processor.py:830} INFO - Processing file /home/myc-ti-2/airflow_workspace/airflow_env/lib/python3.10/site-packages/airflow/example_dags/example_xcom.py for tasks to queue
[2023-12-21T12:59:16.277-0300] {logging_mixin.py:188} INFO - [2023-12-21T12:59:16.276-0300] {dagbag.py:538} INFO - Filling up the DagBag from /home/myc-ti-2/airflow_workspace/airflow_env/lib/python3.10/site-packages/airflow/example_dags/example_xcom.py
[2023-12-21T12:59:16.296-0300] {processor.py:840} INFO - DAG(s) 'example_xcom' retrieved from /home/myc-ti-2/airflow_workspace/airflow_env/lib/python3.10/site-packages/airflow/example_dags/example_xcom.py
[2023-12-21T12:59:16.333-0300] {logging_mixin.py:188} INFO - [2023-12-21T12:59:16.332-0300] {dag.py:3033} INFO - Sync 1 DAGs
[2023-12-21T12:59:16.363-0300] {logging_mixin.py:188} INFO - [2023-12-21T12:59:16.362-0300] {dag.py:3820} INFO - Setting next_dagrun for example_xcom to 2021-01-01T00:00:00+00:00, run_after=2021-01-01T00:00:00+00:00
[2023-12-21T12:59:16.460-0300] {processor.py:183} INFO - Processing /home/myc-ti-2/airflow_workspace/airflow_env/lib/python3.10/site-packages/airflow/example_dags/example_xcom.py took 0.207 seconds
[2023-12-21T13:00:13.103-0300] {processor.py:161} INFO - Started process (PID=7185) to work on /home/myc-ti-2/airflow_workspace/airflow_env/lib/python3.10/site-packages/airflow/example_dags/example_xcom.py
[2023-12-21T13:00:13.122-0300] {processor.py:830} INFO - Processing file /home/myc-ti-2/airflow_workspace/airflow_env/lib/python3.10/site-packages/airflow/example_dags/example_xcom.py for tasks to queue
[2023-12-21T13:00:13.125-0300] {logging_mixin.py:188} INFO - [2023-12-21T13:00:13.124-0300] {dagbag.py:538} INFO - Filling up the DagBag from /home/myc-ti-2/airflow_workspace/airflow_env/lib/python3.10/site-packages/airflow/example_dags/example_xcom.py
[2023-12-21T13:00:13.144-0300] {processor.py:840} INFO - DAG(s) 'example_xcom' retrieved from /home/myc-ti-2/airflow_workspace/airflow_env/lib/python3.10/site-packages/airflow/example_dags/example_xcom.py
[2023-12-21T13:00:13.181-0300] {logging_mixin.py:188} INFO - [2023-12-21T13:00:13.181-0300] {dag.py:3033} INFO - Sync 1 DAGs
[2023-12-21T13:00:13.212-0300] {logging_mixin.py:188} INFO - [2023-12-21T13:00:13.211-0300] {dag.py:3820} INFO - Setting next_dagrun for example_xcom to 2021-01-01T00:00:00+00:00, run_after=2021-01-01T00:00:00+00:00
[2023-12-21T13:00:13.309-0300] {processor.py:183} INFO - Processing /home/myc-ti-2/airflow_workspace/airflow_env/lib/python3.10/site-packages/airflow/example_dags/example_xcom.py took 0.213 seconds
[2023-12-21T13:01:01.946-0300] {processor.py:161} INFO - Started process (PID=7254) to work on /home/myc-ti-2/airflow_workspace/airflow_env/lib/python3.10/site-packages/airflow/example_dags/example_xcom.py
[2023-12-21T13:01:01.948-0300] {processor.py:830} INFO - Processing file /home/myc-ti-2/airflow_workspace/airflow_env/lib/python3.10/site-packages/airflow/example_dags/example_xcom.py for tasks to queue
[2023-12-21T13:01:01.950-0300] {logging_mixin.py:188} INFO - [2023-12-21T13:01:01.949-0300] {dagbag.py:538} INFO - Filling up the DagBag from /home/myc-ti-2/airflow_workspace/airflow_env/lib/python3.10/site-packages/airflow/example_dags/example_xcom.py
[2023-12-21T13:01:01.969-0300] {processor.py:840} INFO - DAG(s) 'example_xcom' retrieved from /home/myc-ti-2/airflow_workspace/airflow_env/lib/python3.10/site-packages/airflow/example_dags/example_xcom.py
[2023-12-21T13:01:02.001-0300] {logging_mixin.py:188} INFO - [2023-12-21T13:01:02.000-0300] {dag.py:3033} INFO - Sync 1 DAGs
[2023-12-21T13:01:02.033-0300] {logging_mixin.py:188} INFO - [2023-12-21T13:01:02.033-0300] {dag.py:3820} INFO - Setting next_dagrun for example_xcom to 2021-01-01T00:00:00+00:00, run_after=2021-01-01T00:00:00+00:00
[2023-12-21T13:01:02.160-0300] {processor.py:183} INFO - Processing /home/myc-ti-2/airflow_workspace/airflow_env/lib/python3.10/site-packages/airflow/example_dags/example_xcom.py took 0.221 seconds
[2023-12-21T13:02:03.526-0300] {processor.py:161} INFO - Started process (PID=7329) to work on /home/myc-ti-2/airflow_workspace/airflow_env/lib/python3.10/site-packages/airflow/example_dags/example_xcom.py
[2023-12-21T13:02:03.528-0300] {processor.py:830} INFO - Processing file /home/myc-ti-2/airflow_workspace/airflow_env/lib/python3.10/site-packages/airflow/example_dags/example_xcom.py for tasks to queue
[2023-12-21T13:02:03.529-0300] {logging_mixin.py:188} INFO - [2023-12-21T13:02:03.528-0300] {dagbag.py:538} INFO - Filling up the DagBag from /home/myc-ti-2/airflow_workspace/airflow_env/lib/python3.10/site-packages/airflow/example_dags/example_xcom.py
[2023-12-21T13:02:03.540-0300] {processor.py:840} INFO - DAG(s) 'example_xcom' retrieved from /home/myc-ti-2/airflow_workspace/airflow_env/lib/python3.10/site-packages/airflow/example_dags/example_xcom.py
[2023-12-21T13:02:03.564-0300] {logging_mixin.py:188} INFO - [2023-12-21T13:02:03.564-0300] {dag.py:3033} INFO - Sync 1 DAGs
[2023-12-21T13:02:03.594-0300] {logging_mixin.py:188} INFO - [2023-12-21T13:02:03.594-0300] {dag.py:3820} INFO - Setting next_dagrun for example_xcom to 2021-01-01T00:00:00+00:00, run_after=2021-01-01T00:00:00+00:00
[2023-12-21T13:02:03.695-0300] {processor.py:183} INFO - Processing /home/myc-ti-2/airflow_workspace/airflow_env/lib/python3.10/site-packages/airflow/example_dags/example_xcom.py took 0.173 seconds
[2023-12-21T13:03:09.865-0300] {processor.py:161} INFO - Started process (PID=7402) to work on /home/myc-ti-2/airflow_workspace/airflow_env/lib/python3.10/site-packages/airflow/example_dags/example_xcom.py
[2023-12-21T13:03:09.866-0300] {processor.py:830} INFO - Processing file /home/myc-ti-2/airflow_workspace/airflow_env/lib/python3.10/site-packages/airflow/example_dags/example_xcom.py for tasks to queue
[2023-12-21T13:03:09.868-0300] {logging_mixin.py:188} INFO - [2023-12-21T13:03:09.867-0300] {dagbag.py:538} INFO - Filling up the DagBag from /home/myc-ti-2/airflow_workspace/airflow_env/lib/python3.10/site-packages/airflow/example_dags/example_xcom.py
[2023-12-21T13:03:09.882-0300] {processor.py:840} INFO - DAG(s) 'example_xcom' retrieved from /home/myc-ti-2/airflow_workspace/airflow_env/lib/python3.10/site-packages/airflow/example_dags/example_xcom.py
[2023-12-21T13:03:09.912-0300] {logging_mixin.py:188} INFO - [2023-12-21T13:03:09.911-0300] {dag.py:3033} INFO - Sync 1 DAGs
[2023-12-21T13:03:09.945-0300] {logging_mixin.py:188} INFO - [2023-12-21T13:03:09.945-0300] {dag.py:3820} INFO - Setting next_dagrun for example_xcom to 2021-01-01T00:00:00+00:00, run_after=2021-01-01T00:00:00+00:00
[2023-12-21T13:03:10.064-0300] {processor.py:183} INFO - Processing /home/myc-ti-2/airflow_workspace/airflow_env/lib/python3.10/site-packages/airflow/example_dags/example_xcom.py took 0.204 seconds
[2023-12-21T13:04:07.918-0300] {processor.py:161} INFO - Started process (PID=7458) to work on /home/myc-ti-2/airflow_workspace/airflow_env/lib/python3.10/site-packages/airflow/example_dags/example_xcom.py
[2023-12-21T13:04:07.921-0300] {processor.py:830} INFO - Processing file /home/myc-ti-2/airflow_workspace/airflow_env/lib/python3.10/site-packages/airflow/example_dags/example_xcom.py for tasks to queue
[2023-12-21T13:04:07.922-0300] {logging_mixin.py:188} INFO - [2023-12-21T13:04:07.922-0300] {dagbag.py:538} INFO - Filling up the DagBag from /home/myc-ti-2/airflow_workspace/airflow_env/lib/python3.10/site-packages/airflow/example_dags/example_xcom.py
[2023-12-21T13:04:07.942-0300] {processor.py:840} INFO - DAG(s) 'example_xcom' retrieved from /home/myc-ti-2/airflow_workspace/airflow_env/lib/python3.10/site-packages/airflow/example_dags/example_xcom.py
[2023-12-21T13:04:07.971-0300] {logging_mixin.py:188} INFO - [2023-12-21T13:04:07.971-0300] {dag.py:3033} INFO - Sync 1 DAGs
[2023-12-21T13:04:08.001-0300] {logging_mixin.py:188} INFO - [2023-12-21T13:04:08.001-0300] {dag.py:3820} INFO - Setting next_dagrun for example_xcom to 2021-01-01T00:00:00+00:00, run_after=2021-01-01T00:00:00+00:00
[2023-12-21T13:04:08.102-0300] {processor.py:183} INFO - Processing /home/myc-ti-2/airflow_workspace/airflow_env/lib/python3.10/site-packages/airflow/example_dags/example_xcom.py took 0.191 seconds
[2023-12-21T13:05:05.575-0300] {processor.py:161} INFO - Started process (PID=7514) to work on /home/myc-ti-2/airflow_workspace/airflow_env/lib/python3.10/site-packages/airflow/example_dags/example_xcom.py
[2023-12-21T13:05:05.592-0300] {processor.py:830} INFO - Processing file /home/myc-ti-2/airflow_workspace/airflow_env/lib/python3.10/site-packages/airflow/example_dags/example_xcom.py for tasks to queue
[2023-12-21T13:05:05.594-0300] {logging_mixin.py:188} INFO - [2023-12-21T13:05:05.593-0300] {dagbag.py:538} INFO - Filling up the DagBag from /home/myc-ti-2/airflow_workspace/airflow_env/lib/python3.10/site-packages/airflow/example_dags/example_xcom.py
[2023-12-21T13:05:05.613-0300] {processor.py:840} INFO - DAG(s) 'example_xcom' retrieved from /home/myc-ti-2/airflow_workspace/airflow_env/lib/python3.10/site-packages/airflow/example_dags/example_xcom.py
[2023-12-21T13:05:05.651-0300] {logging_mixin.py:188} INFO - [2023-12-21T13:05:05.650-0300] {dag.py:3033} INFO - Sync 1 DAGs
[2023-12-21T13:05:05.681-0300] {logging_mixin.py:188} INFO - [2023-12-21T13:05:05.680-0300] {dag.py:3820} INFO - Setting next_dagrun for example_xcom to 2021-01-01T00:00:00+00:00, run_after=2021-01-01T00:00:00+00:00
[2023-12-21T13:05:05.780-0300] {processor.py:183} INFO - Processing /home/myc-ti-2/airflow_workspace/airflow_env/lib/python3.10/site-packages/airflow/example_dags/example_xcom.py took 0.212 seconds
[2023-12-21T13:06:28.735-0300] {processor.py:161} INFO - Started process (PID=7662) to work on /home/myc-ti-2/airflow_workspace/airflow_env/lib/python3.10/site-packages/airflow/example_dags/example_xcom.py
[2023-12-21T13:06:28.737-0300] {processor.py:830} INFO - Processing file /home/myc-ti-2/airflow_workspace/airflow_env/lib/python3.10/site-packages/airflow/example_dags/example_xcom.py for tasks to queue
[2023-12-21T13:06:28.738-0300] {logging_mixin.py:188} INFO - [2023-12-21T13:06:28.737-0300] {dagbag.py:538} INFO - Filling up the DagBag from /home/myc-ti-2/airflow_workspace/airflow_env/lib/python3.10/site-packages/airflow/example_dags/example_xcom.py
[2023-12-21T13:06:28.751-0300] {processor.py:840} INFO - DAG(s) 'example_xcom' retrieved from /home/myc-ti-2/airflow_workspace/airflow_env/lib/python3.10/site-packages/airflow/example_dags/example_xcom.py
[2023-12-21T13:06:28.779-0300] {logging_mixin.py:188} INFO - [2023-12-21T13:06:28.778-0300] {dag.py:3033} INFO - Sync 1 DAGs
[2023-12-21T13:06:28.814-0300] {logging_mixin.py:188} INFO - [2023-12-21T13:06:28.813-0300] {dag.py:3820} INFO - Setting next_dagrun for example_xcom to 2021-01-01T00:00:00+00:00, run_after=2021-01-01T00:00:00+00:00
[2023-12-21T13:06:28.940-0300] {processor.py:183} INFO - Processing /home/myc-ti-2/airflow_workspace/airflow_env/lib/python3.10/site-packages/airflow/example_dags/example_xcom.py took 0.210 seconds
[2023-12-21T13:07:42.559-0300] {processor.py:161} INFO - Started process (PID=7750) to work on /home/myc-ti-2/airflow_workspace/airflow_env/lib/python3.10/site-packages/airflow/example_dags/example_xcom.py
[2023-12-21T13:07:42.576-0300] {processor.py:830} INFO - Processing file /home/myc-ti-2/airflow_workspace/airflow_env/lib/python3.10/site-packages/airflow/example_dags/example_xcom.py for tasks to queue
[2023-12-21T13:07:42.578-0300] {logging_mixin.py:188} INFO - [2023-12-21T13:07:42.577-0300] {dagbag.py:538} INFO - Filling up the DagBag from /home/myc-ti-2/airflow_workspace/airflow_env/lib/python3.10/site-packages/airflow/example_dags/example_xcom.py
[2023-12-21T13:07:42.594-0300] {processor.py:840} INFO - DAG(s) 'example_xcom' retrieved from /home/myc-ti-2/airflow_workspace/airflow_env/lib/python3.10/site-packages/airflow/example_dags/example_xcom.py
[2023-12-21T13:07:42.627-0300] {logging_mixin.py:188} INFO - [2023-12-21T13:07:42.627-0300] {dag.py:3033} INFO - Sync 1 DAGs
[2023-12-21T13:07:42.657-0300] {logging_mixin.py:188} INFO - [2023-12-21T13:07:42.656-0300] {dag.py:3820} INFO - Setting next_dagrun for example_xcom to 2021-01-01T00:00:00+00:00, run_after=2021-01-01T00:00:00+00:00
[2023-12-21T13:07:42.759-0300] {processor.py:183} INFO - Processing /home/myc-ti-2/airflow_workspace/airflow_env/lib/python3.10/site-packages/airflow/example_dags/example_xcom.py took 0.204 seconds
[2023-12-21T13:08:46.846-0300] {processor.py:161} INFO - Started process (PID=9137) to work on /home/myc-ti-2/airflow_workspace/airflow_env/lib/python3.10/site-packages/airflow/example_dags/example_xcom.py
[2023-12-21T13:08:46.865-0300] {processor.py:830} INFO - Processing file /home/myc-ti-2/airflow_workspace/airflow_env/lib/python3.10/site-packages/airflow/example_dags/example_xcom.py for tasks to queue
[2023-12-21T13:08:46.867-0300] {logging_mixin.py:188} INFO - [2023-12-21T13:08:46.866-0300] {dagbag.py:538} INFO - Filling up the DagBag from /home/myc-ti-2/airflow_workspace/airflow_env/lib/python3.10/site-packages/airflow/example_dags/example_xcom.py
[2023-12-21T13:08:46.887-0300] {processor.py:840} INFO - DAG(s) 'example_xcom' retrieved from /home/myc-ti-2/airflow_workspace/airflow_env/lib/python3.10/site-packages/airflow/example_dags/example_xcom.py
[2023-12-21T13:08:46.925-0300] {logging_mixin.py:188} INFO - [2023-12-21T13:08:46.925-0300] {dag.py:3033} INFO - Sync 1 DAGs
[2023-12-21T13:08:46.949-0300] {logging_mixin.py:188} INFO - [2023-12-21T13:08:46.949-0300] {dag.py:3820} INFO - Setting next_dagrun for example_xcom to 2021-01-01T00:00:00+00:00, run_after=2021-01-01T00:00:00+00:00
[2023-12-21T13:08:47.176-0300] {processor.py:183} INFO - Processing /home/myc-ti-2/airflow_workspace/airflow_env/lib/python3.10/site-packages/airflow/example_dags/example_xcom.py took 0.338 seconds
[2023-12-21T13:09:53.813-0300] {processor.py:161} INFO - Started process (PID=9306) to work on /home/myc-ti-2/airflow_workspace/airflow_env/lib/python3.10/site-packages/airflow/example_dags/example_xcom.py
[2023-12-21T13:09:53.837-0300] {processor.py:830} INFO - Processing file /home/myc-ti-2/airflow_workspace/airflow_env/lib/python3.10/site-packages/airflow/example_dags/example_xcom.py for tasks to queue
[2023-12-21T13:09:53.838-0300] {logging_mixin.py:188} INFO - [2023-12-21T13:09:53.838-0300] {dagbag.py:538} INFO - Filling up the DagBag from /home/myc-ti-2/airflow_workspace/airflow_env/lib/python3.10/site-packages/airflow/example_dags/example_xcom.py
[2023-12-21T13:09:53.850-0300] {processor.py:840} INFO - DAG(s) 'example_xcom' retrieved from /home/myc-ti-2/airflow_workspace/airflow_env/lib/python3.10/site-packages/airflow/example_dags/example_xcom.py
[2023-12-21T13:09:53.874-0300] {logging_mixin.py:188} INFO - [2023-12-21T13:09:53.874-0300] {dag.py:3033} INFO - Sync 1 DAGs
[2023-12-21T13:09:53.899-0300] {logging_mixin.py:188} INFO - [2023-12-21T13:09:53.898-0300] {dag.py:3820} INFO - Setting next_dagrun for example_xcom to 2021-01-01T00:00:00+00:00, run_after=2021-01-01T00:00:00+00:00
[2023-12-21T13:09:54.081-0300] {processor.py:183} INFO - Processing /home/myc-ti-2/airflow_workspace/airflow_env/lib/python3.10/site-packages/airflow/example_dags/example_xcom.py took 0.272 seconds
[2023-12-21T13:11:02.364-0300] {processor.py:161} INFO - Started process (PID=9706) to work on /home/myc-ti-2/airflow_workspace/airflow_env/lib/python3.10/site-packages/airflow/example_dags/example_xcom.py
[2023-12-21T13:11:02.366-0300] {processor.py:830} INFO - Processing file /home/myc-ti-2/airflow_workspace/airflow_env/lib/python3.10/site-packages/airflow/example_dags/example_xcom.py for tasks to queue
[2023-12-21T13:11:02.366-0300] {logging_mixin.py:188} INFO - [2023-12-21T13:11:02.366-0300] {dagbag.py:538} INFO - Filling up the DagBag from /home/myc-ti-2/airflow_workspace/airflow_env/lib/python3.10/site-packages/airflow/example_dags/example_xcom.py
[2023-12-21T13:11:02.376-0300] {processor.py:840} INFO - DAG(s) 'example_xcom' retrieved from /home/myc-ti-2/airflow_workspace/airflow_env/lib/python3.10/site-packages/airflow/example_dags/example_xcom.py
[2023-12-21T13:11:02.397-0300] {logging_mixin.py:188} INFO - [2023-12-21T13:11:02.396-0300] {dag.py:3033} INFO - Sync 1 DAGs
[2023-12-21T13:11:02.428-0300] {logging_mixin.py:188} INFO - [2023-12-21T13:11:02.428-0300] {dag.py:3820} INFO - Setting next_dagrun for example_xcom to 2021-01-01T00:00:00+00:00, run_after=2021-01-01T00:00:00+00:00
[2023-12-21T13:11:02.554-0300] {processor.py:183} INFO - Processing /home/myc-ti-2/airflow_workspace/airflow_env/lib/python3.10/site-packages/airflow/example_dags/example_xcom.py took 0.193 seconds
[2023-12-21T13:12:05.470-0300] {processor.py:161} INFO - Started process (PID=10057) to work on /home/myc-ti-2/airflow_workspace/airflow_env/lib/python3.10/site-packages/airflow/example_dags/example_xcom.py
[2023-12-21T13:12:05.472-0300] {processor.py:830} INFO - Processing file /home/myc-ti-2/airflow_workspace/airflow_env/lib/python3.10/site-packages/airflow/example_dags/example_xcom.py for tasks to queue
[2023-12-21T13:12:05.474-0300] {logging_mixin.py:188} INFO - [2023-12-21T13:12:05.473-0300] {dagbag.py:538} INFO - Filling up the DagBag from /home/myc-ti-2/airflow_workspace/airflow_env/lib/python3.10/site-packages/airflow/example_dags/example_xcom.py
[2023-12-21T13:12:05.494-0300] {processor.py:840} INFO - DAG(s) 'example_xcom' retrieved from /home/myc-ti-2/airflow_workspace/airflow_env/lib/python3.10/site-packages/airflow/example_dags/example_xcom.py
[2023-12-21T13:12:05.523-0300] {logging_mixin.py:188} INFO - [2023-12-21T13:12:05.522-0300] {dag.py:3033} INFO - Sync 1 DAGs
[2023-12-21T13:12:05.554-0300] {logging_mixin.py:188} INFO - [2023-12-21T13:12:05.553-0300] {dag.py:3820} INFO - Setting next_dagrun for example_xcom to 2021-01-01T00:00:00+00:00, run_after=2021-01-01T00:00:00+00:00
[2023-12-21T13:12:05.646-0300] {processor.py:183} INFO - Processing /home/myc-ti-2/airflow_workspace/airflow_env/lib/python3.10/site-packages/airflow/example_dags/example_xcom.py took 0.183 seconds
[2023-12-21T13:13:07.794-0300] {processor.py:161} INFO - Started process (PID=10208) to work on /home/myc-ti-2/airflow_workspace/airflow_env/lib/python3.10/site-packages/airflow/example_dags/example_xcom.py
[2023-12-21T13:13:07.796-0300] {processor.py:830} INFO - Processing file /home/myc-ti-2/airflow_workspace/airflow_env/lib/python3.10/site-packages/airflow/example_dags/example_xcom.py for tasks to queue
[2023-12-21T13:13:07.798-0300] {logging_mixin.py:188} INFO - [2023-12-21T13:13:07.797-0300] {dagbag.py:538} INFO - Filling up the DagBag from /home/myc-ti-2/airflow_workspace/airflow_env/lib/python3.10/site-packages/airflow/example_dags/example_xcom.py
[2023-12-21T13:13:07.814-0300] {processor.py:840} INFO - DAG(s) 'example_xcom' retrieved from /home/myc-ti-2/airflow_workspace/airflow_env/lib/python3.10/site-packages/airflow/example_dags/example_xcom.py
[2023-12-21T13:13:07.844-0300] {logging_mixin.py:188} INFO - [2023-12-21T13:13:07.844-0300] {dag.py:3033} INFO - Sync 1 DAGs
[2023-12-21T13:13:07.878-0300] {logging_mixin.py:188} INFO - [2023-12-21T13:13:07.878-0300] {dag.py:3820} INFO - Setting next_dagrun for example_xcom to 2021-01-01T00:00:00+00:00, run_after=2021-01-01T00:00:00+00:00
[2023-12-21T13:13:07.977-0300] {processor.py:183} INFO - Processing /home/myc-ti-2/airflow_workspace/airflow_env/lib/python3.10/site-packages/airflow/example_dags/example_xcom.py took 0.189 seconds
[2023-12-21T13:14:10.493-0300] {processor.py:161} INFO - Started process (PID=10323) to work on /home/myc-ti-2/airflow_workspace/airflow_env/lib/python3.10/site-packages/airflow/example_dags/example_xcom.py
[2023-12-21T13:14:10.510-0300] {processor.py:830} INFO - Processing file /home/myc-ti-2/airflow_workspace/airflow_env/lib/python3.10/site-packages/airflow/example_dags/example_xcom.py for tasks to queue
[2023-12-21T13:14:10.513-0300] {logging_mixin.py:188} INFO - [2023-12-21T13:14:10.512-0300] {dagbag.py:538} INFO - Filling up the DagBag from /home/myc-ti-2/airflow_workspace/airflow_env/lib/python3.10/site-packages/airflow/example_dags/example_xcom.py
[2023-12-21T13:14:10.532-0300] {processor.py:840} INFO - DAG(s) 'example_xcom' retrieved from /home/myc-ti-2/airflow_workspace/airflow_env/lib/python3.10/site-packages/airflow/example_dags/example_xcom.py
[2023-12-21T13:14:10.569-0300] {logging_mixin.py:188} INFO - [2023-12-21T13:14:10.569-0300] {dag.py:3033} INFO - Sync 1 DAGs
[2023-12-21T13:14:10.599-0300] {logging_mixin.py:188} INFO - [2023-12-21T13:14:10.599-0300] {dag.py:3820} INFO - Setting next_dagrun for example_xcom to 2021-01-01T00:00:00+00:00, run_after=2021-01-01T00:00:00+00:00
[2023-12-21T13:14:10.795-0300] {processor.py:183} INFO - Processing /home/myc-ti-2/airflow_workspace/airflow_env/lib/python3.10/site-packages/airflow/example_dags/example_xcom.py took 0.310 seconds
[2023-12-21T13:15:15.503-0300] {processor.py:161} INFO - Started process (PID=10499) to work on /home/myc-ti-2/airflow_workspace/airflow_env/lib/python3.10/site-packages/airflow/example_dags/example_xcom.py
[2023-12-21T13:15:15.506-0300] {processor.py:830} INFO - Processing file /home/myc-ti-2/airflow_workspace/airflow_env/lib/python3.10/site-packages/airflow/example_dags/example_xcom.py for tasks to queue
[2023-12-21T13:15:15.508-0300] {logging_mixin.py:188} INFO - [2023-12-21T13:15:15.507-0300] {dagbag.py:538} INFO - Filling up the DagBag from /home/myc-ti-2/airflow_workspace/airflow_env/lib/python3.10/site-packages/airflow/example_dags/example_xcom.py
[2023-12-21T13:15:15.527-0300] {processor.py:840} INFO - DAG(s) 'example_xcom' retrieved from /home/myc-ti-2/airflow_workspace/airflow_env/lib/python3.10/site-packages/airflow/example_dags/example_xcom.py
[2023-12-21T13:15:15.554-0300] {logging_mixin.py:188} INFO - [2023-12-21T13:15:15.554-0300] {dag.py:3033} INFO - Sync 1 DAGs
[2023-12-21T13:15:15.585-0300] {logging_mixin.py:188} INFO - [2023-12-21T13:15:15.585-0300] {dag.py:3820} INFO - Setting next_dagrun for example_xcom to 2021-01-01T00:00:00+00:00, run_after=2021-01-01T00:00:00+00:00
[2023-12-21T13:15:15.689-0300] {processor.py:183} INFO - Processing /home/myc-ti-2/airflow_workspace/airflow_env/lib/python3.10/site-packages/airflow/example_dags/example_xcom.py took 0.193 seconds
