[2023-12-21T12:58:02.722-0300] {processor.py:161} INFO - Started process (PID=7027) to work on /home/myc-ti-2/airflow_workspace/airflow_env/lib/python3.10/site-packages/airflow/example_dags/example_short_circuit_decorator.py
[2023-12-21T12:58:02.723-0300] {processor.py:830} INFO - Processing file /home/myc-ti-2/airflow_workspace/airflow_env/lib/python3.10/site-packages/airflow/example_dags/example_short_circuit_decorator.py for tasks to queue
[2023-12-21T12:58:02.724-0300] {logging_mixin.py:188} INFO - [2023-12-21T12:58:02.724-0300] {dagbag.py:538} INFO - Filling up the DagBag from /home/myc-ti-2/airflow_workspace/airflow_env/lib/python3.10/site-packages/airflow/example_dags/example_short_circuit_decorator.py
[2023-12-21T12:58:02.741-0300] {processor.py:840} INFO - DAG(s) 'example_short_circuit_decorator' retrieved from /home/myc-ti-2/airflow_workspace/airflow_env/lib/python3.10/site-packages/airflow/example_dags/example_short_circuit_decorator.py
[2023-12-21T12:58:03.264-0300] {logging_mixin.py:188} INFO - [2023-12-21T12:58:03.263-0300] {override.py:1769} INFO - Created Permission View: can edit on DAG:example_short_circuit_decorator
[2023-12-21T12:58:03.380-0300] {logging_mixin.py:188} INFO - [2023-12-21T12:58:03.379-0300] {override.py:1769} INFO - Created Permission View: can delete on DAG:example_short_circuit_decorator
[2023-12-21T12:58:03.472-0300] {logging_mixin.py:188} INFO - [2023-12-21T12:58:03.471-0300] {override.py:1769} INFO - Created Permission View: can read on DAG:example_short_circuit_decorator
[2023-12-21T12:58:03.473-0300] {logging_mixin.py:188} INFO - [2023-12-21T12:58:03.472-0300] {dag.py:3033} INFO - Sync 1 DAGs
[2023-12-21T12:58:03.493-0300] {logging_mixin.py:188} INFO - [2023-12-21T12:58:03.493-0300] {dag.py:3055} INFO - Creating ORM DAG for example_short_circuit_decorator
[2023-12-21T12:58:03.508-0300] {logging_mixin.py:188} INFO - [2023-12-21T12:58:03.508-0300] {dag.py:3820} INFO - Setting next_dagrun for example_short_circuit_decorator to 2023-12-20T00:00:00+00:00, run_after=2023-12-21T00:00:00+00:00
[2023-12-21T12:58:04.044-0300] {processor.py:183} INFO - Processing /home/myc-ti-2/airflow_workspace/airflow_env/lib/python3.10/site-packages/airflow/example_dags/example_short_circuit_decorator.py took 1.328 seconds
[2023-12-21T12:59:34.402-0300] {processor.py:161} INFO - Started process (PID=7146) to work on /home/myc-ti-2/airflow_workspace/airflow_env/lib/python3.10/site-packages/airflow/example_dags/example_short_circuit_decorator.py
[2023-12-21T12:59:34.412-0300] {processor.py:830} INFO - Processing file /home/myc-ti-2/airflow_workspace/airflow_env/lib/python3.10/site-packages/airflow/example_dags/example_short_circuit_decorator.py for tasks to queue
[2023-12-21T12:59:34.414-0300] {logging_mixin.py:188} INFO - [2023-12-21T12:59:34.413-0300] {dagbag.py:538} INFO - Filling up the DagBag from /home/myc-ti-2/airflow_workspace/airflow_env/lib/python3.10/site-packages/airflow/example_dags/example_short_circuit_decorator.py
[2023-12-21T12:59:34.440-0300] {processor.py:840} INFO - DAG(s) 'example_short_circuit_decorator' retrieved from /home/myc-ti-2/airflow_workspace/airflow_env/lib/python3.10/site-packages/airflow/example_dags/example_short_circuit_decorator.py
[2023-12-21T12:59:34.475-0300] {logging_mixin.py:188} INFO - [2023-12-21T12:59:34.475-0300] {dag.py:3033} INFO - Sync 1 DAGs
[2023-12-21T12:59:34.506-0300] {logging_mixin.py:188} INFO - [2023-12-21T12:59:34.506-0300] {dag.py:3820} INFO - Setting next_dagrun for example_short_circuit_decorator to 2023-12-20T00:00:00+00:00, run_after=2023-12-21T00:00:00+00:00
[2023-12-21T12:59:34.605-0300] {processor.py:183} INFO - Processing /home/myc-ti-2/airflow_workspace/airflow_env/lib/python3.10/site-packages/airflow/example_dags/example_short_circuit_decorator.py took 0.209 seconds
[2023-12-21T13:00:38.829-0300] {processor.py:161} INFO - Started process (PID=7213) to work on /home/myc-ti-2/airflow_workspace/airflow_env/lib/python3.10/site-packages/airflow/example_dags/example_short_circuit_decorator.py
[2023-12-21T13:00:38.844-0300] {processor.py:830} INFO - Processing file /home/myc-ti-2/airflow_workspace/airflow_env/lib/python3.10/site-packages/airflow/example_dags/example_short_circuit_decorator.py for tasks to queue
[2023-12-21T13:00:38.845-0300] {logging_mixin.py:188} INFO - [2023-12-21T13:00:38.845-0300] {dagbag.py:538} INFO - Filling up the DagBag from /home/myc-ti-2/airflow_workspace/airflow_env/lib/python3.10/site-packages/airflow/example_dags/example_short_circuit_decorator.py
[2023-12-21T13:00:38.860-0300] {processor.py:840} INFO - DAG(s) 'example_short_circuit_decorator' retrieved from /home/myc-ti-2/airflow_workspace/airflow_env/lib/python3.10/site-packages/airflow/example_dags/example_short_circuit_decorator.py
[2023-12-21T13:00:38.887-0300] {logging_mixin.py:188} INFO - [2023-12-21T13:00:38.887-0300] {dag.py:3033} INFO - Sync 1 DAGs
[2023-12-21T13:00:38.915-0300] {logging_mixin.py:188} INFO - [2023-12-21T13:00:38.915-0300] {dag.py:3820} INFO - Setting next_dagrun for example_short_circuit_decorator to 2023-12-20T00:00:00+00:00, run_after=2023-12-21T00:00:00+00:00
[2023-12-21T13:00:39.035-0300] {processor.py:183} INFO - Processing /home/myc-ti-2/airflow_workspace/airflow_env/lib/python3.10/site-packages/airflow/example_dags/example_short_circuit_decorator.py took 0.210 seconds
[2023-12-21T13:01:47.349-0300] {processor.py:161} INFO - Started process (PID=7305) to work on /home/myc-ti-2/airflow_workspace/airflow_env/lib/python3.10/site-packages/airflow/example_dags/example_short_circuit_decorator.py
[2023-12-21T13:01:47.368-0300] {processor.py:830} INFO - Processing file /home/myc-ti-2/airflow_workspace/airflow_env/lib/python3.10/site-packages/airflow/example_dags/example_short_circuit_decorator.py for tasks to queue
[2023-12-21T13:01:47.370-0300] {logging_mixin.py:188} INFO - [2023-12-21T13:01:47.369-0300] {dagbag.py:538} INFO - Filling up the DagBag from /home/myc-ti-2/airflow_workspace/airflow_env/lib/python3.10/site-packages/airflow/example_dags/example_short_circuit_decorator.py
[2023-12-21T13:01:47.397-0300] {processor.py:840} INFO - DAG(s) 'example_short_circuit_decorator' retrieved from /home/myc-ti-2/airflow_workspace/airflow_env/lib/python3.10/site-packages/airflow/example_dags/example_short_circuit_decorator.py
[2023-12-21T13:01:47.437-0300] {logging_mixin.py:188} INFO - [2023-12-21T13:01:47.437-0300] {dag.py:3033} INFO - Sync 1 DAGs
[2023-12-21T13:01:47.471-0300] {logging_mixin.py:188} INFO - [2023-12-21T13:01:47.471-0300] {dag.py:3820} INFO - Setting next_dagrun for example_short_circuit_decorator to 2023-12-20T00:00:00+00:00, run_after=2023-12-21T00:00:00+00:00
[2023-12-21T13:01:47.569-0300] {processor.py:183} INFO - Processing /home/myc-ti-2/airflow_workspace/airflow_env/lib/python3.10/site-packages/airflow/example_dags/example_short_circuit_decorator.py took 0.228 seconds
[2023-12-21T13:02:56.708-0300] {processor.py:161} INFO - Started process (PID=7384) to work on /home/myc-ti-2/airflow_workspace/airflow_env/lib/python3.10/site-packages/airflow/example_dags/example_short_circuit_decorator.py
[2023-12-21T13:02:56.709-0300] {processor.py:830} INFO - Processing file /home/myc-ti-2/airflow_workspace/airflow_env/lib/python3.10/site-packages/airflow/example_dags/example_short_circuit_decorator.py for tasks to queue
[2023-12-21T13:02:56.711-0300] {logging_mixin.py:188} INFO - [2023-12-21T13:02:56.710-0300] {dagbag.py:538} INFO - Filling up the DagBag from /home/myc-ti-2/airflow_workspace/airflow_env/lib/python3.10/site-packages/airflow/example_dags/example_short_circuit_decorator.py
[2023-12-21T13:02:56.728-0300] {processor.py:840} INFO - DAG(s) 'example_short_circuit_decorator' retrieved from /home/myc-ti-2/airflow_workspace/airflow_env/lib/python3.10/site-packages/airflow/example_dags/example_short_circuit_decorator.py
[2023-12-21T13:02:56.761-0300] {logging_mixin.py:188} INFO - [2023-12-21T13:02:56.761-0300] {dag.py:3033} INFO - Sync 1 DAGs
[2023-12-21T13:02:56.795-0300] {logging_mixin.py:188} INFO - [2023-12-21T13:02:56.795-0300] {dag.py:3820} INFO - Setting next_dagrun for example_short_circuit_decorator to 2023-12-20T00:00:00+00:00, run_after=2023-12-21T00:00:00+00:00
[2023-12-21T13:02:56.924-0300] {processor.py:183} INFO - Processing /home/myc-ti-2/airflow_workspace/airflow_env/lib/python3.10/site-packages/airflow/example_dags/example_short_circuit_decorator.py took 0.221 seconds
[2023-12-21T13:03:56.052-0300] {processor.py:161} INFO - Started process (PID=7447) to work on /home/myc-ti-2/airflow_workspace/airflow_env/lib/python3.10/site-packages/airflow/example_dags/example_short_circuit_decorator.py
[2023-12-21T13:03:56.064-0300] {processor.py:830} INFO - Processing file /home/myc-ti-2/airflow_workspace/airflow_env/lib/python3.10/site-packages/airflow/example_dags/example_short_circuit_decorator.py for tasks to queue
[2023-12-21T13:03:56.066-0300] {logging_mixin.py:188} INFO - [2023-12-21T13:03:56.065-0300] {dagbag.py:538} INFO - Filling up the DagBag from /home/myc-ti-2/airflow_workspace/airflow_env/lib/python3.10/site-packages/airflow/example_dags/example_short_circuit_decorator.py
[2023-12-21T13:03:56.086-0300] {processor.py:840} INFO - DAG(s) 'example_short_circuit_decorator' retrieved from /home/myc-ti-2/airflow_workspace/airflow_env/lib/python3.10/site-packages/airflow/example_dags/example_short_circuit_decorator.py
[2023-12-21T13:03:56.117-0300] {logging_mixin.py:188} INFO - [2023-12-21T13:03:56.116-0300] {dag.py:3033} INFO - Sync 1 DAGs
[2023-12-21T13:03:56.147-0300] {logging_mixin.py:188} INFO - [2023-12-21T13:03:56.147-0300] {dag.py:3820} INFO - Setting next_dagrun for example_short_circuit_decorator to 2023-12-20T00:00:00+00:00, run_after=2023-12-21T00:00:00+00:00
[2023-12-21T13:03:56.245-0300] {processor.py:183} INFO - Processing /home/myc-ti-2/airflow_workspace/airflow_env/lib/python3.10/site-packages/airflow/example_dags/example_short_circuit_decorator.py took 0.200 seconds
[2023-12-21T13:04:53.767-0300] {processor.py:161} INFO - Started process (PID=7503) to work on /home/myc-ti-2/airflow_workspace/airflow_env/lib/python3.10/site-packages/airflow/example_dags/example_short_circuit_decorator.py
[2023-12-21T13:04:53.769-0300] {processor.py:830} INFO - Processing file /home/myc-ti-2/airflow_workspace/airflow_env/lib/python3.10/site-packages/airflow/example_dags/example_short_circuit_decorator.py for tasks to queue
[2023-12-21T13:04:53.771-0300] {logging_mixin.py:188} INFO - [2023-12-21T13:04:53.770-0300] {dagbag.py:538} INFO - Filling up the DagBag from /home/myc-ti-2/airflow_workspace/airflow_env/lib/python3.10/site-packages/airflow/example_dags/example_short_circuit_decorator.py
[2023-12-21T13:04:53.797-0300] {processor.py:840} INFO - DAG(s) 'example_short_circuit_decorator' retrieved from /home/myc-ti-2/airflow_workspace/airflow_env/lib/python3.10/site-packages/airflow/example_dags/example_short_circuit_decorator.py
[2023-12-21T13:04:53.832-0300] {logging_mixin.py:188} INFO - [2023-12-21T13:04:53.832-0300] {dag.py:3033} INFO - Sync 1 DAGs
[2023-12-21T13:04:53.864-0300] {logging_mixin.py:188} INFO - [2023-12-21T13:04:53.863-0300] {dag.py:3820} INFO - Setting next_dagrun for example_short_circuit_decorator to 2023-12-20T00:00:00+00:00, run_after=2023-12-21T00:00:00+00:00
[2023-12-21T13:04:53.964-0300] {processor.py:183} INFO - Processing /home/myc-ti-2/airflow_workspace/airflow_env/lib/python3.10/site-packages/airflow/example_dags/example_short_circuit_decorator.py took 0.205 seconds
[2023-12-21T13:06:08.423-0300] {processor.py:161} INFO - Started process (PID=7575) to work on /home/myc-ti-2/airflow_workspace/airflow_env/lib/python3.10/site-packages/airflow/example_dags/example_short_circuit_decorator.py
[2023-12-21T13:06:08.426-0300] {processor.py:830} INFO - Processing file /home/myc-ti-2/airflow_workspace/airflow_env/lib/python3.10/site-packages/airflow/example_dags/example_short_circuit_decorator.py for tasks to queue
[2023-12-21T13:06:08.428-0300] {logging_mixin.py:188} INFO - [2023-12-21T13:06:08.427-0300] {dagbag.py:538} INFO - Filling up the DagBag from /home/myc-ti-2/airflow_workspace/airflow_env/lib/python3.10/site-packages/airflow/example_dags/example_short_circuit_decorator.py
[2023-12-21T13:06:08.456-0300] {processor.py:840} INFO - DAG(s) 'example_short_circuit_decorator' retrieved from /home/myc-ti-2/airflow_workspace/airflow_env/lib/python3.10/site-packages/airflow/example_dags/example_short_circuit_decorator.py
[2023-12-21T13:06:08.489-0300] {logging_mixin.py:188} INFO - [2023-12-21T13:06:08.489-0300] {dag.py:3033} INFO - Sync 1 DAGs
[2023-12-21T13:06:08.521-0300] {logging_mixin.py:188} INFO - [2023-12-21T13:06:08.521-0300] {dag.py:3820} INFO - Setting next_dagrun for example_short_circuit_decorator to 2023-12-20T00:00:00+00:00, run_after=2023-12-21T00:00:00+00:00
[2023-12-21T13:06:08.649-0300] {processor.py:183} INFO - Processing /home/myc-ti-2/airflow_workspace/airflow_env/lib/python3.10/site-packages/airflow/example_dags/example_short_circuit_decorator.py took 0.233 seconds
[2023-12-21T13:07:23.953-0300] {processor.py:161} INFO - Started process (PID=7732) to work on /home/myc-ti-2/airflow_workspace/airflow_env/lib/python3.10/site-packages/airflow/example_dags/example_short_circuit_decorator.py
[2023-12-21T13:07:23.967-0300] {processor.py:830} INFO - Processing file /home/myc-ti-2/airflow_workspace/airflow_env/lib/python3.10/site-packages/airflow/example_dags/example_short_circuit_decorator.py for tasks to queue
[2023-12-21T13:07:23.968-0300] {logging_mixin.py:188} INFO - [2023-12-21T13:07:23.968-0300] {dagbag.py:538} INFO - Filling up the DagBag from /home/myc-ti-2/airflow_workspace/airflow_env/lib/python3.10/site-packages/airflow/example_dags/example_short_circuit_decorator.py
[2023-12-21T13:07:23.983-0300] {processor.py:840} INFO - DAG(s) 'example_short_circuit_decorator' retrieved from /home/myc-ti-2/airflow_workspace/airflow_env/lib/python3.10/site-packages/airflow/example_dags/example_short_circuit_decorator.py
[2023-12-21T13:07:24.010-0300] {logging_mixin.py:188} INFO - [2023-12-21T13:07:24.010-0300] {dag.py:3033} INFO - Sync 1 DAGs
[2023-12-21T13:07:24.038-0300] {logging_mixin.py:188} INFO - [2023-12-21T13:07:24.038-0300] {dag.py:3820} INFO - Setting next_dagrun for example_short_circuit_decorator to 2023-12-20T00:00:00+00:00, run_after=2023-12-21T00:00:00+00:00
[2023-12-21T13:07:24.142-0300] {processor.py:183} INFO - Processing /home/myc-ti-2/airflow_workspace/airflow_env/lib/python3.10/site-packages/airflow/example_dags/example_short_circuit_decorator.py took 0.194 seconds
[2023-12-21T13:08:33.306-0300] {processor.py:161} INFO - Started process (PID=8985) to work on /home/myc-ti-2/airflow_workspace/airflow_env/lib/python3.10/site-packages/airflow/example_dags/example_short_circuit_decorator.py
[2023-12-21T13:08:33.308-0300] {processor.py:830} INFO - Processing file /home/myc-ti-2/airflow_workspace/airflow_env/lib/python3.10/site-packages/airflow/example_dags/example_short_circuit_decorator.py for tasks to queue
[2023-12-21T13:08:33.309-0300] {logging_mixin.py:188} INFO - [2023-12-21T13:08:33.309-0300] {dagbag.py:538} INFO - Filling up the DagBag from /home/myc-ti-2/airflow_workspace/airflow_env/lib/python3.10/site-packages/airflow/example_dags/example_short_circuit_decorator.py
[2023-12-21T13:08:33.330-0300] {processor.py:840} INFO - DAG(s) 'example_short_circuit_decorator' retrieved from /home/myc-ti-2/airflow_workspace/airflow_env/lib/python3.10/site-packages/airflow/example_dags/example_short_circuit_decorator.py
[2023-12-21T13:08:33.368-0300] {logging_mixin.py:188} INFO - [2023-12-21T13:08:33.368-0300] {dag.py:3033} INFO - Sync 1 DAGs
[2023-12-21T13:08:33.394-0300] {logging_mixin.py:188} INFO - [2023-12-21T13:08:33.393-0300] {dag.py:3820} INFO - Setting next_dagrun for example_short_circuit_decorator to 2023-12-20T00:00:00+00:00, run_after=2023-12-21T00:00:00+00:00
[2023-12-21T13:08:33.497-0300] {processor.py:183} INFO - Processing /home/myc-ti-2/airflow_workspace/airflow_env/lib/python3.10/site-packages/airflow/example_dags/example_short_circuit_decorator.py took 0.196 seconds
[2023-12-21T13:09:37.369-0300] {processor.py:161} INFO - Started process (PID=9257) to work on /home/myc-ti-2/airflow_workspace/airflow_env/lib/python3.10/site-packages/airflow/example_dags/example_short_circuit_decorator.py
[2023-12-21T13:09:37.395-0300] {processor.py:830} INFO - Processing file /home/myc-ti-2/airflow_workspace/airflow_env/lib/python3.10/site-packages/airflow/example_dags/example_short_circuit_decorator.py for tasks to queue
[2023-12-21T13:09:37.397-0300] {logging_mixin.py:188} INFO - [2023-12-21T13:09:37.396-0300] {dagbag.py:538} INFO - Filling up the DagBag from /home/myc-ti-2/airflow_workspace/airflow_env/lib/python3.10/site-packages/airflow/example_dags/example_short_circuit_decorator.py
[2023-12-21T13:09:37.411-0300] {processor.py:840} INFO - DAG(s) 'example_short_circuit_decorator' retrieved from /home/myc-ti-2/airflow_workspace/airflow_env/lib/python3.10/site-packages/airflow/example_dags/example_short_circuit_decorator.py
[2023-12-21T13:09:37.438-0300] {logging_mixin.py:188} INFO - [2023-12-21T13:09:37.437-0300] {dag.py:3033} INFO - Sync 1 DAGs
[2023-12-21T13:09:37.468-0300] {logging_mixin.py:188} INFO - [2023-12-21T13:09:37.468-0300] {dag.py:3820} INFO - Setting next_dagrun for example_short_circuit_decorator to 2023-12-20T00:00:00+00:00, run_after=2023-12-21T00:00:00+00:00
[2023-12-21T13:09:37.661-0300] {processor.py:183} INFO - Processing /home/myc-ti-2/airflow_workspace/airflow_env/lib/python3.10/site-packages/airflow/example_dags/example_short_circuit_decorator.py took 0.296 seconds
[2023-12-21T13:10:47.340-0300] {processor.py:161} INFO - Started process (PID=9545) to work on /home/myc-ti-2/airflow_workspace/airflow_env/lib/python3.10/site-packages/airflow/example_dags/example_short_circuit_decorator.py
[2023-12-21T13:10:47.343-0300] {processor.py:830} INFO - Processing file /home/myc-ti-2/airflow_workspace/airflow_env/lib/python3.10/site-packages/airflow/example_dags/example_short_circuit_decorator.py for tasks to queue
[2023-12-21T13:10:47.345-0300] {logging_mixin.py:188} INFO - [2023-12-21T13:10:47.344-0300] {dagbag.py:538} INFO - Filling up the DagBag from /home/myc-ti-2/airflow_workspace/airflow_env/lib/python3.10/site-packages/airflow/example_dags/example_short_circuit_decorator.py
[2023-12-21T13:10:47.372-0300] {processor.py:840} INFO - DAG(s) 'example_short_circuit_decorator' retrieved from /home/myc-ti-2/airflow_workspace/airflow_env/lib/python3.10/site-packages/airflow/example_dags/example_short_circuit_decorator.py
[2023-12-21T13:10:47.401-0300] {logging_mixin.py:188} INFO - [2023-12-21T13:10:47.400-0300] {dag.py:3033} INFO - Sync 1 DAGs
[2023-12-21T13:10:47.426-0300] {logging_mixin.py:188} INFO - [2023-12-21T13:10:47.425-0300] {dag.py:3820} INFO - Setting next_dagrun for example_short_circuit_decorator to 2023-12-20T00:00:00+00:00, run_after=2023-12-21T00:00:00+00:00
[2023-12-21T13:10:47.546-0300] {processor.py:183} INFO - Processing /home/myc-ti-2/airflow_workspace/airflow_env/lib/python3.10/site-packages/airflow/example_dags/example_short_circuit_decorator.py took 0.213 seconds
[2023-12-21T13:11:53.549-0300] {processor.py:161} INFO - Started process (PID=10039) to work on /home/myc-ti-2/airflow_workspace/airflow_env/lib/python3.10/site-packages/airflow/example_dags/example_short_circuit_decorator.py
[2023-12-21T13:11:53.568-0300] {processor.py:830} INFO - Processing file /home/myc-ti-2/airflow_workspace/airflow_env/lib/python3.10/site-packages/airflow/example_dags/example_short_circuit_decorator.py for tasks to queue
[2023-12-21T13:11:53.570-0300] {logging_mixin.py:188} INFO - [2023-12-21T13:11:53.570-0300] {dagbag.py:538} INFO - Filling up the DagBag from /home/myc-ti-2/airflow_workspace/airflow_env/lib/python3.10/site-packages/airflow/example_dags/example_short_circuit_decorator.py
[2023-12-21T13:11:53.596-0300] {processor.py:840} INFO - DAG(s) 'example_short_circuit_decorator' retrieved from /home/myc-ti-2/airflow_workspace/airflow_env/lib/python3.10/site-packages/airflow/example_dags/example_short_circuit_decorator.py
[2023-12-21T13:11:53.637-0300] {logging_mixin.py:188} INFO - [2023-12-21T13:11:53.636-0300] {dag.py:3033} INFO - Sync 1 DAGs
[2023-12-21T13:11:53.668-0300] {logging_mixin.py:188} INFO - [2023-12-21T13:11:53.667-0300] {dag.py:3820} INFO - Setting next_dagrun for example_short_circuit_decorator to 2023-12-20T00:00:00+00:00, run_after=2023-12-21T00:00:00+00:00
[2023-12-21T13:11:53.836-0300] {processor.py:183} INFO - Processing /home/myc-ti-2/airflow_workspace/airflow_env/lib/python3.10/site-packages/airflow/example_dags/example_short_circuit_decorator.py took 0.294 seconds
[2023-12-21T13:12:55.178-0300] {processor.py:161} INFO - Started process (PID=10116) to work on /home/myc-ti-2/airflow_workspace/airflow_env/lib/python3.10/site-packages/airflow/example_dags/example_short_circuit_decorator.py
[2023-12-21T13:12:55.180-0300] {processor.py:830} INFO - Processing file /home/myc-ti-2/airflow_workspace/airflow_env/lib/python3.10/site-packages/airflow/example_dags/example_short_circuit_decorator.py for tasks to queue
[2023-12-21T13:12:55.181-0300] {logging_mixin.py:188} INFO - [2023-12-21T13:12:55.181-0300] {dagbag.py:538} INFO - Filling up the DagBag from /home/myc-ti-2/airflow_workspace/airflow_env/lib/python3.10/site-packages/airflow/example_dags/example_short_circuit_decorator.py
[2023-12-21T13:12:55.197-0300] {processor.py:840} INFO - DAG(s) 'example_short_circuit_decorator' retrieved from /home/myc-ti-2/airflow_workspace/airflow_env/lib/python3.10/site-packages/airflow/example_dags/example_short_circuit_decorator.py
[2023-12-21T13:12:55.228-0300] {logging_mixin.py:188} INFO - [2023-12-21T13:12:55.227-0300] {dag.py:3033} INFO - Sync 1 DAGs
[2023-12-21T13:12:55.258-0300] {logging_mixin.py:188} INFO - [2023-12-21T13:12:55.258-0300] {dag.py:3820} INFO - Setting next_dagrun for example_short_circuit_decorator to 2023-12-20T00:00:00+00:00, run_after=2023-12-21T00:00:00+00:00
[2023-12-21T13:12:55.371-0300] {processor.py:183} INFO - Processing /home/myc-ti-2/airflow_workspace/airflow_env/lib/python3.10/site-packages/airflow/example_dags/example_short_circuit_decorator.py took 0.198 seconds
[2023-12-21T13:13:56.137-0300] {processor.py:161} INFO - Started process (PID=10310) to work on /home/myc-ti-2/airflow_workspace/airflow_env/lib/python3.10/site-packages/airflow/example_dags/example_short_circuit_decorator.py
[2023-12-21T13:13:56.142-0300] {processor.py:830} INFO - Processing file /home/myc-ti-2/airflow_workspace/airflow_env/lib/python3.10/site-packages/airflow/example_dags/example_short_circuit_decorator.py for tasks to queue
[2023-12-21T13:13:56.145-0300] {logging_mixin.py:188} INFO - [2023-12-21T13:13:56.144-0300] {dagbag.py:538} INFO - Filling up the DagBag from /home/myc-ti-2/airflow_workspace/airflow_env/lib/python3.10/site-packages/airflow/example_dags/example_short_circuit_decorator.py
[2023-12-21T13:13:56.170-0300] {processor.py:840} INFO - DAG(s) 'example_short_circuit_decorator' retrieved from /home/myc-ti-2/airflow_workspace/airflow_env/lib/python3.10/site-packages/airflow/example_dags/example_short_circuit_decorator.py
[2023-12-21T13:13:56.204-0300] {logging_mixin.py:188} INFO - [2023-12-21T13:13:56.203-0300] {dag.py:3033} INFO - Sync 1 DAGs
[2023-12-21T13:13:56.235-0300] {logging_mixin.py:188} INFO - [2023-12-21T13:13:56.235-0300] {dag.py:3820} INFO - Setting next_dagrun for example_short_circuit_decorator to 2023-12-20T00:00:00+00:00, run_after=2023-12-21T00:00:00+00:00
[2023-12-21T13:13:56.342-0300] {processor.py:183} INFO - Processing /home/myc-ti-2/airflow_workspace/airflow_env/lib/python3.10/site-packages/airflow/example_dags/example_short_circuit_decorator.py took 0.212 seconds
[2023-12-21T13:15:01.642-0300] {processor.py:161} INFO - Started process (PID=10463) to work on /home/myc-ti-2/airflow_workspace/airflow_env/lib/python3.10/site-packages/airflow/example_dags/example_short_circuit_decorator.py
[2023-12-21T13:15:01.656-0300] {processor.py:830} INFO - Processing file /home/myc-ti-2/airflow_workspace/airflow_env/lib/python3.10/site-packages/airflow/example_dags/example_short_circuit_decorator.py for tasks to queue
[2023-12-21T13:15:01.658-0300] {logging_mixin.py:188} INFO - [2023-12-21T13:15:01.658-0300] {dagbag.py:538} INFO - Filling up the DagBag from /home/myc-ti-2/airflow_workspace/airflow_env/lib/python3.10/site-packages/airflow/example_dags/example_short_circuit_decorator.py
[2023-12-21T13:15:01.685-0300] {processor.py:840} INFO - DAG(s) 'example_short_circuit_decorator' retrieved from /home/myc-ti-2/airflow_workspace/airflow_env/lib/python3.10/site-packages/airflow/example_dags/example_short_circuit_decorator.py
[2023-12-21T13:15:01.724-0300] {logging_mixin.py:188} INFO - [2023-12-21T13:15:01.723-0300] {dag.py:3033} INFO - Sync 1 DAGs
[2023-12-21T13:15:01.756-0300] {logging_mixin.py:188} INFO - [2023-12-21T13:15:01.755-0300] {dag.py:3820} INFO - Setting next_dagrun for example_short_circuit_decorator to 2023-12-20T00:00:00+00:00, run_after=2023-12-21T00:00:00+00:00
[2023-12-21T13:15:01.862-0300] {processor.py:183} INFO - Processing /home/myc-ti-2/airflow_workspace/airflow_env/lib/python3.10/site-packages/airflow/example_dags/example_short_circuit_decorator.py took 0.228 seconds
