[2023-12-21T12:57:57.025-0300] {processor.py:161} INFO - Started process (PID=7022) to work on /home/myc-ti-2/airflow_workspace/airflow_env/lib/python3.10/site-packages/airflow/example_dags/example_nested_branch_dag.py
[2023-12-21T12:57:57.027-0300] {processor.py:830} INFO - Processing file /home/myc-ti-2/airflow_workspace/airflow_env/lib/python3.10/site-packages/airflow/example_dags/example_nested_branch_dag.py for tasks to queue
[2023-12-21T12:57:57.029-0300] {logging_mixin.py:188} INFO - [2023-12-21T12:57:57.029-0300] {dagbag.py:538} INFO - Filling up the DagBag from /home/myc-ti-2/airflow_workspace/airflow_env/lib/python3.10/site-packages/airflow/example_dags/example_nested_branch_dag.py
[2023-12-21T12:57:57.055-0300] {processor.py:840} INFO - DAG(s) 'example_nested_branch_dag' retrieved from /home/myc-ti-2/airflow_workspace/airflow_env/lib/python3.10/site-packages/airflow/example_dags/example_nested_branch_dag.py
[2023-12-21T12:57:57.381-0300] {logging_mixin.py:188} INFO - [2023-12-21T12:57:57.380-0300] {override.py:1769} INFO - Created Permission View: can edit on DAG:example_nested_branch_dag
[2023-12-21T12:57:57.481-0300] {logging_mixin.py:188} INFO - [2023-12-21T12:57:57.480-0300] {override.py:1769} INFO - Created Permission View: can delete on DAG:example_nested_branch_dag
[2023-12-21T12:57:57.664-0300] {logging_mixin.py:188} INFO - [2023-12-21T12:57:57.663-0300] {override.py:1769} INFO - Created Permission View: can read on DAG:example_nested_branch_dag
[2023-12-21T12:57:57.664-0300] {logging_mixin.py:188} INFO - [2023-12-21T12:57:57.664-0300] {dag.py:3033} INFO - Sync 1 DAGs
[2023-12-21T12:57:57.766-0300] {logging_mixin.py:188} INFO - [2023-12-21T12:57:57.766-0300] {dag.py:3055} INFO - Creating ORM DAG for example_nested_branch_dag
[2023-12-21T12:57:57.795-0300] {logging_mixin.py:188} INFO - [2023-12-21T12:57:57.794-0300] {dag.py:3820} INFO - Setting next_dagrun for example_nested_branch_dag to 2023-12-20T00:00:00+00:00, run_after=2023-12-21T00:00:00+00:00
[2023-12-21T12:57:59.872-0300] {processor.py:183} INFO - Processing /home/myc-ti-2/airflow_workspace/airflow_env/lib/python3.10/site-packages/airflow/example_dags/example_nested_branch_dag.py took 2.853 seconds
[2023-12-21T12:59:33.814-0300] {processor.py:161} INFO - Started process (PID=7144) to work on /home/myc-ti-2/airflow_workspace/airflow_env/lib/python3.10/site-packages/airflow/example_dags/example_nested_branch_dag.py
[2023-12-21T12:59:33.816-0300] {processor.py:830} INFO - Processing file /home/myc-ti-2/airflow_workspace/airflow_env/lib/python3.10/site-packages/airflow/example_dags/example_nested_branch_dag.py for tasks to queue
[2023-12-21T12:59:33.818-0300] {logging_mixin.py:188} INFO - [2023-12-21T12:59:33.818-0300] {dagbag.py:538} INFO - Filling up the DagBag from /home/myc-ti-2/airflow_workspace/airflow_env/lib/python3.10/site-packages/airflow/example_dags/example_nested_branch_dag.py
[2023-12-21T12:59:33.845-0300] {processor.py:840} INFO - DAG(s) 'example_nested_branch_dag' retrieved from /home/myc-ti-2/airflow_workspace/airflow_env/lib/python3.10/site-packages/airflow/example_dags/example_nested_branch_dag.py
[2023-12-21T12:59:33.874-0300] {logging_mixin.py:188} INFO - [2023-12-21T12:59:33.874-0300] {dag.py:3033} INFO - Sync 1 DAGs
[2023-12-21T12:59:33.907-0300] {logging_mixin.py:188} INFO - [2023-12-21T12:59:33.907-0300] {dag.py:3820} INFO - Setting next_dagrun for example_nested_branch_dag to 2023-12-20T00:00:00+00:00, run_after=2023-12-21T00:00:00+00:00
[2023-12-21T12:59:34.010-0300] {processor.py:183} INFO - Processing /home/myc-ti-2/airflow_workspace/airflow_env/lib/python3.10/site-packages/airflow/example_dags/example_nested_branch_dag.py took 0.202 seconds
[2023-12-21T13:00:33.665-0300] {processor.py:161} INFO - Started process (PID=7211) to work on /home/myc-ti-2/airflow_workspace/airflow_env/lib/python3.10/site-packages/airflow/example_dags/example_nested_branch_dag.py
[2023-12-21T13:00:33.699-0300] {processor.py:830} INFO - Processing file /home/myc-ti-2/airflow_workspace/airflow_env/lib/python3.10/site-packages/airflow/example_dags/example_nested_branch_dag.py for tasks to queue
[2023-12-21T13:00:33.700-0300] {logging_mixin.py:188} INFO - [2023-12-21T13:00:33.700-0300] {dagbag.py:538} INFO - Filling up the DagBag from /home/myc-ti-2/airflow_workspace/airflow_env/lib/python3.10/site-packages/airflow/example_dags/example_nested_branch_dag.py
[2023-12-21T13:00:33.720-0300] {processor.py:840} INFO - DAG(s) 'example_nested_branch_dag' retrieved from /home/myc-ti-2/airflow_workspace/airflow_env/lib/python3.10/site-packages/airflow/example_dags/example_nested_branch_dag.py
[2023-12-21T13:00:35.691-0300] {logging_mixin.py:188} INFO - [2023-12-21T13:00:35.690-0300] {dag.py:3033} INFO - Sync 1 DAGs
[2023-12-21T13:00:37.586-0300] {logging_mixin.py:188} INFO - [2023-12-21T13:00:37.586-0300] {dag.py:3820} INFO - Setting next_dagrun for example_nested_branch_dag to 2023-12-20T00:00:00+00:00, run_after=2023-12-21T00:00:00+00:00
[2023-12-21T13:00:37.924-0300] {processor.py:183} INFO - Processing /home/myc-ti-2/airflow_workspace/airflow_env/lib/python3.10/site-packages/airflow/example_dags/example_nested_branch_dag.py took 4.265 seconds
[2023-12-21T13:01:46.116-0300] {processor.py:161} INFO - Started process (PID=7304) to work on /home/myc-ti-2/airflow_workspace/airflow_env/lib/python3.10/site-packages/airflow/example_dags/example_nested_branch_dag.py
[2023-12-21T13:01:46.118-0300] {processor.py:830} INFO - Processing file /home/myc-ti-2/airflow_workspace/airflow_env/lib/python3.10/site-packages/airflow/example_dags/example_nested_branch_dag.py for tasks to queue
[2023-12-21T13:01:46.119-0300] {logging_mixin.py:188} INFO - [2023-12-21T13:01:46.119-0300] {dagbag.py:538} INFO - Filling up the DagBag from /home/myc-ti-2/airflow_workspace/airflow_env/lib/python3.10/site-packages/airflow/example_dags/example_nested_branch_dag.py
[2023-12-21T13:01:46.139-0300] {processor.py:840} INFO - DAG(s) 'example_nested_branch_dag' retrieved from /home/myc-ti-2/airflow_workspace/airflow_env/lib/python3.10/site-packages/airflow/example_dags/example_nested_branch_dag.py
[2023-12-21T13:01:46.169-0300] {logging_mixin.py:188} INFO - [2023-12-21T13:01:46.169-0300] {dag.py:3033} INFO - Sync 1 DAGs
[2023-12-21T13:01:46.207-0300] {logging_mixin.py:188} INFO - [2023-12-21T13:01:46.207-0300] {dag.py:3820} INFO - Setting next_dagrun for example_nested_branch_dag to 2023-12-20T00:00:00+00:00, run_after=2023-12-21T00:00:00+00:00
[2023-12-21T13:01:46.353-0300] {processor.py:183} INFO - Processing /home/myc-ti-2/airflow_workspace/airflow_env/lib/python3.10/site-packages/airflow/example_dags/example_nested_branch_dag.py took 0.243 seconds
[2023-12-21T13:02:55.770-0300] {processor.py:161} INFO - Started process (PID=7383) to work on /home/myc-ti-2/airflow_workspace/airflow_env/lib/python3.10/site-packages/airflow/example_dags/example_nested_branch_dag.py
[2023-12-21T13:02:55.772-0300] {processor.py:830} INFO - Processing file /home/myc-ti-2/airflow_workspace/airflow_env/lib/python3.10/site-packages/airflow/example_dags/example_nested_branch_dag.py for tasks to queue
[2023-12-21T13:02:55.774-0300] {logging_mixin.py:188} INFO - [2023-12-21T13:02:55.773-0300] {dagbag.py:538} INFO - Filling up the DagBag from /home/myc-ti-2/airflow_workspace/airflow_env/lib/python3.10/site-packages/airflow/example_dags/example_nested_branch_dag.py
[2023-12-21T13:02:55.800-0300] {processor.py:840} INFO - DAG(s) 'example_nested_branch_dag' retrieved from /home/myc-ti-2/airflow_workspace/airflow_env/lib/python3.10/site-packages/airflow/example_dags/example_nested_branch_dag.py
[2023-12-21T13:02:55.829-0300] {logging_mixin.py:188} INFO - [2023-12-21T13:02:55.828-0300] {dag.py:3033} INFO - Sync 1 DAGs
[2023-12-21T13:02:55.861-0300] {logging_mixin.py:188} INFO - [2023-12-21T13:02:55.861-0300] {dag.py:3820} INFO - Setting next_dagrun for example_nested_branch_dag to 2023-12-20T00:00:00+00:00, run_after=2023-12-21T00:00:00+00:00
[2023-12-21T13:02:55.969-0300] {processor.py:183} INFO - Processing /home/myc-ti-2/airflow_workspace/airflow_env/lib/python3.10/site-packages/airflow/example_dags/example_nested_branch_dag.py took 0.206 seconds
[2023-12-21T13:03:54.810-0300] {processor.py:161} INFO - Started process (PID=7446) to work on /home/myc-ti-2/airflow_workspace/airflow_env/lib/python3.10/site-packages/airflow/example_dags/example_nested_branch_dag.py
[2023-12-21T13:03:54.823-0300] {processor.py:830} INFO - Processing file /home/myc-ti-2/airflow_workspace/airflow_env/lib/python3.10/site-packages/airflow/example_dags/example_nested_branch_dag.py for tasks to queue
[2023-12-21T13:03:54.825-0300] {logging_mixin.py:188} INFO - [2023-12-21T13:03:54.824-0300] {dagbag.py:538} INFO - Filling up the DagBag from /home/myc-ti-2/airflow_workspace/airflow_env/lib/python3.10/site-packages/airflow/example_dags/example_nested_branch_dag.py
[2023-12-21T13:03:54.852-0300] {processor.py:840} INFO - DAG(s) 'example_nested_branch_dag' retrieved from /home/myc-ti-2/airflow_workspace/airflow_env/lib/python3.10/site-packages/airflow/example_dags/example_nested_branch_dag.py
[2023-12-21T13:03:54.887-0300] {logging_mixin.py:188} INFO - [2023-12-21T13:03:54.886-0300] {dag.py:3033} INFO - Sync 1 DAGs
[2023-12-21T13:03:54.924-0300] {logging_mixin.py:188} INFO - [2023-12-21T13:03:54.924-0300] {dag.py:3820} INFO - Setting next_dagrun for example_nested_branch_dag to 2023-12-20T00:00:00+00:00, run_after=2023-12-21T00:00:00+00:00
[2023-12-21T13:03:55.044-0300] {processor.py:183} INFO - Processing /home/myc-ti-2/airflow_workspace/airflow_env/lib/python3.10/site-packages/airflow/example_dags/example_nested_branch_dag.py took 0.241 seconds
[2023-12-21T13:04:52.493-0300] {processor.py:161} INFO - Started process (PID=7501) to work on /home/myc-ti-2/airflow_workspace/airflow_env/lib/python3.10/site-packages/airflow/example_dags/example_nested_branch_dag.py
[2023-12-21T13:04:52.494-0300] {processor.py:830} INFO - Processing file /home/myc-ti-2/airflow_workspace/airflow_env/lib/python3.10/site-packages/airflow/example_dags/example_nested_branch_dag.py for tasks to queue
[2023-12-21T13:04:52.497-0300] {logging_mixin.py:188} INFO - [2023-12-21T13:04:52.496-0300] {dagbag.py:538} INFO - Filling up the DagBag from /home/myc-ti-2/airflow_workspace/airflow_env/lib/python3.10/site-packages/airflow/example_dags/example_nested_branch_dag.py
[2023-12-21T13:04:52.516-0300] {processor.py:840} INFO - DAG(s) 'example_nested_branch_dag' retrieved from /home/myc-ti-2/airflow_workspace/airflow_env/lib/python3.10/site-packages/airflow/example_dags/example_nested_branch_dag.py
[2023-12-21T13:04:52.539-0300] {logging_mixin.py:188} INFO - [2023-12-21T13:04:52.539-0300] {dag.py:3033} INFO - Sync 1 DAGs
[2023-12-21T13:04:52.566-0300] {logging_mixin.py:188} INFO - [2023-12-21T13:04:52.566-0300] {dag.py:3820} INFO - Setting next_dagrun for example_nested_branch_dag to 2023-12-20T00:00:00+00:00, run_after=2023-12-21T00:00:00+00:00
[2023-12-21T13:04:52.661-0300] {processor.py:183} INFO - Processing /home/myc-ti-2/airflow_workspace/airflow_env/lib/python3.10/site-packages/airflow/example_dags/example_nested_branch_dag.py took 0.173 seconds
[2023-12-21T13:06:07.210-0300] {processor.py:161} INFO - Started process (PID=7574) to work on /home/myc-ti-2/airflow_workspace/airflow_env/lib/python3.10/site-packages/airflow/example_dags/example_nested_branch_dag.py
[2023-12-21T13:06:07.226-0300] {processor.py:830} INFO - Processing file /home/myc-ti-2/airflow_workspace/airflow_env/lib/python3.10/site-packages/airflow/example_dags/example_nested_branch_dag.py for tasks to queue
[2023-12-21T13:06:07.227-0300] {logging_mixin.py:188} INFO - [2023-12-21T13:06:07.227-0300] {dagbag.py:538} INFO - Filling up the DagBag from /home/myc-ti-2/airflow_workspace/airflow_env/lib/python3.10/site-packages/airflow/example_dags/example_nested_branch_dag.py
[2023-12-21T13:06:07.245-0300] {processor.py:840} INFO - DAG(s) 'example_nested_branch_dag' retrieved from /home/myc-ti-2/airflow_workspace/airflow_env/lib/python3.10/site-packages/airflow/example_dags/example_nested_branch_dag.py
[2023-12-21T13:06:07.368-0300] {logging_mixin.py:188} INFO - [2023-12-21T13:06:07.368-0300] {dag.py:3033} INFO - Sync 1 DAGs
[2023-12-21T13:06:07.506-0300] {logging_mixin.py:188} INFO - [2023-12-21T13:06:07.505-0300] {dag.py:3820} INFO - Setting next_dagrun for example_nested_branch_dag to 2023-12-20T00:00:00+00:00, run_after=2023-12-21T00:00:00+00:00
[2023-12-21T13:06:07.654-0300] {processor.py:183} INFO - Processing /home/myc-ti-2/airflow_workspace/airflow_env/lib/python3.10/site-packages/airflow/example_dags/example_nested_branch_dag.py took 0.450 seconds
[2023-12-21T13:07:19.891-0300] {processor.py:161} INFO - Started process (PID=7730) to work on /home/myc-ti-2/airflow_workspace/airflow_env/lib/python3.10/site-packages/airflow/example_dags/example_nested_branch_dag.py
[2023-12-21T13:07:19.925-0300] {processor.py:830} INFO - Processing file /home/myc-ti-2/airflow_workspace/airflow_env/lib/python3.10/site-packages/airflow/example_dags/example_nested_branch_dag.py for tasks to queue
[2023-12-21T13:07:19.926-0300] {logging_mixin.py:188} INFO - [2023-12-21T13:07:19.926-0300] {dagbag.py:538} INFO - Filling up the DagBag from /home/myc-ti-2/airflow_workspace/airflow_env/lib/python3.10/site-packages/airflow/example_dags/example_nested_branch_dag.py
[2023-12-21T13:07:19.944-0300] {processor.py:840} INFO - DAG(s) 'example_nested_branch_dag' retrieved from /home/myc-ti-2/airflow_workspace/airflow_env/lib/python3.10/site-packages/airflow/example_dags/example_nested_branch_dag.py
[2023-12-21T13:07:20.595-0300] {logging_mixin.py:188} INFO - [2023-12-21T13:07:20.594-0300] {dag.py:3033} INFO - Sync 1 DAGs
[2023-12-21T13:07:20.818-0300] {logging_mixin.py:188} INFO - [2023-12-21T13:07:20.817-0300] {dag.py:3820} INFO - Setting next_dagrun for example_nested_branch_dag to 2023-12-20T00:00:00+00:00, run_after=2023-12-21T00:00:00+00:00
[2023-12-21T13:07:21.031-0300] {processor.py:183} INFO - Processing /home/myc-ti-2/airflow_workspace/airflow_env/lib/python3.10/site-packages/airflow/example_dags/example_nested_branch_dag.py took 1.144 seconds
[2023-12-21T13:08:31.958-0300] {processor.py:161} INFO - Started process (PID=8983) to work on /home/myc-ti-2/airflow_workspace/airflow_env/lib/python3.10/site-packages/airflow/example_dags/example_nested_branch_dag.py
[2023-12-21T13:08:31.973-0300] {processor.py:830} INFO - Processing file /home/myc-ti-2/airflow_workspace/airflow_env/lib/python3.10/site-packages/airflow/example_dags/example_nested_branch_dag.py for tasks to queue
[2023-12-21T13:08:31.975-0300] {logging_mixin.py:188} INFO - [2023-12-21T13:08:31.974-0300] {dagbag.py:538} INFO - Filling up the DagBag from /home/myc-ti-2/airflow_workspace/airflow_env/lib/python3.10/site-packages/airflow/example_dags/example_nested_branch_dag.py
[2023-12-21T13:08:31.990-0300] {processor.py:840} INFO - DAG(s) 'example_nested_branch_dag' retrieved from /home/myc-ti-2/airflow_workspace/airflow_env/lib/python3.10/site-packages/airflow/example_dags/example_nested_branch_dag.py
[2023-12-21T13:08:32.015-0300] {logging_mixin.py:188} INFO - [2023-12-21T13:08:32.015-0300] {dag.py:3033} INFO - Sync 1 DAGs
[2023-12-21T13:08:32.042-0300] {logging_mixin.py:188} INFO - [2023-12-21T13:08:32.042-0300] {dag.py:3820} INFO - Setting next_dagrun for example_nested_branch_dag to 2023-12-20T00:00:00+00:00, run_after=2023-12-21T00:00:00+00:00
[2023-12-21T13:08:32.146-0300] {processor.py:183} INFO - Processing /home/myc-ti-2/airflow_workspace/airflow_env/lib/python3.10/site-packages/airflow/example_dags/example_nested_branch_dag.py took 0.192 seconds
[2023-12-21T13:09:35.916-0300] {processor.py:161} INFO - Started process (PID=9256) to work on /home/myc-ti-2/airflow_workspace/airflow_env/lib/python3.10/site-packages/airflow/example_dags/example_nested_branch_dag.py
[2023-12-21T13:09:35.934-0300] {processor.py:830} INFO - Processing file /home/myc-ti-2/airflow_workspace/airflow_env/lib/python3.10/site-packages/airflow/example_dags/example_nested_branch_dag.py for tasks to queue
[2023-12-21T13:09:35.935-0300] {logging_mixin.py:188} INFO - [2023-12-21T13:09:35.935-0300] {dagbag.py:538} INFO - Filling up the DagBag from /home/myc-ti-2/airflow_workspace/airflow_env/lib/python3.10/site-packages/airflow/example_dags/example_nested_branch_dag.py
[2023-12-21T13:09:35.950-0300] {processor.py:840} INFO - DAG(s) 'example_nested_branch_dag' retrieved from /home/myc-ti-2/airflow_workspace/airflow_env/lib/python3.10/site-packages/airflow/example_dags/example_nested_branch_dag.py
[2023-12-21T13:09:35.975-0300] {logging_mixin.py:188} INFO - [2023-12-21T13:09:35.975-0300] {dag.py:3033} INFO - Sync 1 DAGs
[2023-12-21T13:09:36.005-0300] {logging_mixin.py:188} INFO - [2023-12-21T13:09:36.004-0300] {dag.py:3820} INFO - Setting next_dagrun for example_nested_branch_dag to 2023-12-20T00:00:00+00:00, run_after=2023-12-21T00:00:00+00:00
[2023-12-21T13:09:36.219-0300] {processor.py:183} INFO - Processing /home/myc-ti-2/airflow_workspace/airflow_env/lib/python3.10/site-packages/airflow/example_dags/example_nested_branch_dag.py took 0.307 seconds
[2023-12-21T13:10:46.069-0300] {processor.py:161} INFO - Started process (PID=9519) to work on /home/myc-ti-2/airflow_workspace/airflow_env/lib/python3.10/site-packages/airflow/example_dags/example_nested_branch_dag.py
[2023-12-21T13:10:46.071-0300] {processor.py:830} INFO - Processing file /home/myc-ti-2/airflow_workspace/airflow_env/lib/python3.10/site-packages/airflow/example_dags/example_nested_branch_dag.py for tasks to queue
[2023-12-21T13:10:46.073-0300] {logging_mixin.py:188} INFO - [2023-12-21T13:10:46.072-0300] {dagbag.py:538} INFO - Filling up the DagBag from /home/myc-ti-2/airflow_workspace/airflow_env/lib/python3.10/site-packages/airflow/example_dags/example_nested_branch_dag.py
[2023-12-21T13:10:46.088-0300] {processor.py:840} INFO - DAG(s) 'example_nested_branch_dag' retrieved from /home/myc-ti-2/airflow_workspace/airflow_env/lib/python3.10/site-packages/airflow/example_dags/example_nested_branch_dag.py
[2023-12-21T13:10:46.112-0300] {logging_mixin.py:188} INFO - [2023-12-21T13:10:46.111-0300] {dag.py:3033} INFO - Sync 1 DAGs
[2023-12-21T13:10:46.138-0300] {logging_mixin.py:188} INFO - [2023-12-21T13:10:46.138-0300] {dag.py:3820} INFO - Setting next_dagrun for example_nested_branch_dag to 2023-12-20T00:00:00+00:00, run_after=2023-12-21T00:00:00+00:00
[2023-12-21T13:10:46.247-0300] {processor.py:183} INFO - Processing /home/myc-ti-2/airflow_workspace/airflow_env/lib/python3.10/site-packages/airflow/example_dags/example_nested_branch_dag.py took 0.182 seconds
[2023-12-21T13:11:52.731-0300] {processor.py:161} INFO - Started process (PID=10037) to work on /home/myc-ti-2/airflow_workspace/airflow_env/lib/python3.10/site-packages/airflow/example_dags/example_nested_branch_dag.py
[2023-12-21T13:11:52.733-0300] {processor.py:830} INFO - Processing file /home/myc-ti-2/airflow_workspace/airflow_env/lib/python3.10/site-packages/airflow/example_dags/example_nested_branch_dag.py for tasks to queue
[2023-12-21T13:11:52.735-0300] {logging_mixin.py:188} INFO - [2023-12-21T13:11:52.734-0300] {dagbag.py:538} INFO - Filling up the DagBag from /home/myc-ti-2/airflow_workspace/airflow_env/lib/python3.10/site-packages/airflow/example_dags/example_nested_branch_dag.py
[2023-12-21T13:11:52.761-0300] {processor.py:840} INFO - DAG(s) 'example_nested_branch_dag' retrieved from /home/myc-ti-2/airflow_workspace/airflow_env/lib/python3.10/site-packages/airflow/example_dags/example_nested_branch_dag.py
[2023-12-21T13:11:52.790-0300] {logging_mixin.py:188} INFO - [2023-12-21T13:11:52.790-0300] {dag.py:3033} INFO - Sync 1 DAGs
[2023-12-21T13:11:52.823-0300] {logging_mixin.py:188} INFO - [2023-12-21T13:11:52.823-0300] {dag.py:3820} INFO - Setting next_dagrun for example_nested_branch_dag to 2023-12-20T00:00:00+00:00, run_after=2023-12-21T00:00:00+00:00
[2023-12-21T13:11:52.930-0300] {processor.py:183} INFO - Processing /home/myc-ti-2/airflow_workspace/airflow_env/lib/python3.10/site-packages/airflow/example_dags/example_nested_branch_dag.py took 0.207 seconds
[2023-12-21T13:12:53.794-0300] {processor.py:161} INFO - Started process (PID=10115) to work on /home/myc-ti-2/airflow_workspace/airflow_env/lib/python3.10/site-packages/airflow/example_dags/example_nested_branch_dag.py
[2023-12-21T13:12:53.797-0300] {processor.py:830} INFO - Processing file /home/myc-ti-2/airflow_workspace/airflow_env/lib/python3.10/site-packages/airflow/example_dags/example_nested_branch_dag.py for tasks to queue
[2023-12-21T13:12:53.799-0300] {logging_mixin.py:188} INFO - [2023-12-21T13:12:53.798-0300] {dagbag.py:538} INFO - Filling up the DagBag from /home/myc-ti-2/airflow_workspace/airflow_env/lib/python3.10/site-packages/airflow/example_dags/example_nested_branch_dag.py
[2023-12-21T13:12:53.825-0300] {processor.py:840} INFO - DAG(s) 'example_nested_branch_dag' retrieved from /home/myc-ti-2/airflow_workspace/airflow_env/lib/python3.10/site-packages/airflow/example_dags/example_nested_branch_dag.py
[2023-12-21T13:12:53.853-0300] {logging_mixin.py:188} INFO - [2023-12-21T13:12:53.852-0300] {dag.py:3033} INFO - Sync 1 DAGs
[2023-12-21T13:12:53.886-0300] {logging_mixin.py:188} INFO - [2023-12-21T13:12:53.885-0300] {dag.py:3820} INFO - Setting next_dagrun for example_nested_branch_dag to 2023-12-20T00:00:00+00:00, run_after=2023-12-21T00:00:00+00:00
[2023-12-21T13:12:53.988-0300] {processor.py:183} INFO - Processing /home/myc-ti-2/airflow_workspace/airflow_env/lib/python3.10/site-packages/airflow/example_dags/example_nested_branch_dag.py took 0.201 seconds
[2023-12-21T13:13:55.195-0300] {processor.py:161} INFO - Started process (PID=10309) to work on /home/myc-ti-2/airflow_workspace/airflow_env/lib/python3.10/site-packages/airflow/example_dags/example_nested_branch_dag.py
[2023-12-21T13:13:55.211-0300] {processor.py:830} INFO - Processing file /home/myc-ti-2/airflow_workspace/airflow_env/lib/python3.10/site-packages/airflow/example_dags/example_nested_branch_dag.py for tasks to queue
[2023-12-21T13:13:55.213-0300] {logging_mixin.py:188} INFO - [2023-12-21T13:13:55.212-0300] {dagbag.py:538} INFO - Filling up the DagBag from /home/myc-ti-2/airflow_workspace/airflow_env/lib/python3.10/site-packages/airflow/example_dags/example_nested_branch_dag.py
[2023-12-21T13:13:55.244-0300] {processor.py:840} INFO - DAG(s) 'example_nested_branch_dag' retrieved from /home/myc-ti-2/airflow_workspace/airflow_env/lib/python3.10/site-packages/airflow/example_dags/example_nested_branch_dag.py
[2023-12-21T13:13:55.275-0300] {logging_mixin.py:188} INFO - [2023-12-21T13:13:55.275-0300] {dag.py:3033} INFO - Sync 1 DAGs
[2023-12-21T13:13:55.309-0300] {logging_mixin.py:188} INFO - [2023-12-21T13:13:55.309-0300] {dag.py:3820} INFO - Setting next_dagrun for example_nested_branch_dag to 2023-12-20T00:00:00+00:00, run_after=2023-12-21T00:00:00+00:00
[2023-12-21T13:13:55.410-0300] {processor.py:183} INFO - Processing /home/myc-ti-2/airflow_workspace/airflow_env/lib/python3.10/site-packages/airflow/example_dags/example_nested_branch_dag.py took 0.223 seconds
[2023-12-21T13:15:00.148-0300] {processor.py:161} INFO - Started process (PID=10448) to work on /home/myc-ti-2/airflow_workspace/airflow_env/lib/python3.10/site-packages/airflow/example_dags/example_nested_branch_dag.py
[2023-12-21T13:15:00.150-0300] {processor.py:830} INFO - Processing file /home/myc-ti-2/airflow_workspace/airflow_env/lib/python3.10/site-packages/airflow/example_dags/example_nested_branch_dag.py for tasks to queue
[2023-12-21T13:15:00.152-0300] {logging_mixin.py:188} INFO - [2023-12-21T13:15:00.151-0300] {dagbag.py:538} INFO - Filling up the DagBag from /home/myc-ti-2/airflow_workspace/airflow_env/lib/python3.10/site-packages/airflow/example_dags/example_nested_branch_dag.py
[2023-12-21T13:15:00.179-0300] {processor.py:840} INFO - DAG(s) 'example_nested_branch_dag' retrieved from /home/myc-ti-2/airflow_workspace/airflow_env/lib/python3.10/site-packages/airflow/example_dags/example_nested_branch_dag.py
[2023-12-21T13:15:00.208-0300] {logging_mixin.py:188} INFO - [2023-12-21T13:15:00.208-0300] {dag.py:3033} INFO - Sync 1 DAGs
[2023-12-21T13:15:00.244-0300] {logging_mixin.py:188} INFO - [2023-12-21T13:15:00.244-0300] {dag.py:3820} INFO - Setting next_dagrun for example_nested_branch_dag to 2023-12-20T00:00:00+00:00, run_after=2023-12-21T00:00:00+00:00
[2023-12-21T13:15:00.372-0300] {processor.py:183} INFO - Processing /home/myc-ti-2/airflow_workspace/airflow_env/lib/python3.10/site-packages/airflow/example_dags/example_nested_branch_dag.py took 0.232 seconds
