[2023-12-21T12:57:34.160-0300] {processor.py:161} INFO - Started process (PID=6974) to work on /home/myc-ti-2/airflow_workspace/airflow_env/lib/python3.10/site-packages/airflow/example_dags/example_sensor_decorator.py
[2023-12-21T12:57:34.162-0300] {processor.py:830} INFO - Processing file /home/myc-ti-2/airflow_workspace/airflow_env/lib/python3.10/site-packages/airflow/example_dags/example_sensor_decorator.py for tasks to queue
[2023-12-21T12:57:34.164-0300] {logging_mixin.py:188} INFO - [2023-12-21T12:57:34.163-0300] {dagbag.py:538} INFO - Filling up the DagBag from /home/myc-ti-2/airflow_workspace/airflow_env/lib/python3.10/site-packages/airflow/example_dags/example_sensor_decorator.py
[2023-12-21T12:57:34.182-0300] {processor.py:840} INFO - DAG(s) 'example_sensor_decorator' retrieved from /home/myc-ti-2/airflow_workspace/airflow_env/lib/python3.10/site-packages/airflow/example_dags/example_sensor_decorator.py
[2023-12-21T12:57:34.515-0300] {logging_mixin.py:188} INFO - [2023-12-21T12:57:34.514-0300] {override.py:1769} INFO - Created Permission View: can edit on DAG:example_sensor_decorator
[2023-12-21T12:57:34.623-0300] {logging_mixin.py:188} INFO - [2023-12-21T12:57:34.622-0300] {override.py:1769} INFO - Created Permission View: can delete on DAG:example_sensor_decorator
[2023-12-21T12:57:34.723-0300] {logging_mixin.py:188} INFO - [2023-12-21T12:57:34.723-0300] {override.py:1769} INFO - Created Permission View: can read on DAG:example_sensor_decorator
[2023-12-21T12:57:34.724-0300] {logging_mixin.py:188} INFO - [2023-12-21T12:57:34.724-0300] {dag.py:3033} INFO - Sync 1 DAGs
[2023-12-21T12:57:34.751-0300] {logging_mixin.py:188} INFO - [2023-12-21T12:57:34.751-0300] {dag.py:3055} INFO - Creating ORM DAG for example_sensor_decorator
[2023-12-21T12:57:34.753-0300] {logging_mixin.py:188} INFO - [2023-12-21T12:57:34.752-0300] {dag.py:3820} INFO - Setting next_dagrun for example_sensor_decorator to None, run_after=None
[2023-12-21T12:57:34.922-0300] {processor.py:183} INFO - Processing /home/myc-ti-2/airflow_workspace/airflow_env/lib/python3.10/site-packages/airflow/example_dags/example_sensor_decorator.py took 0.769 seconds
[2023-12-21T12:59:17.235-0300] {processor.py:161} INFO - Started process (PID=7130) to work on /home/myc-ti-2/airflow_workspace/airflow_env/lib/python3.10/site-packages/airflow/example_dags/example_sensor_decorator.py
[2023-12-21T12:59:17.237-0300] {processor.py:830} INFO - Processing file /home/myc-ti-2/airflow_workspace/airflow_env/lib/python3.10/site-packages/airflow/example_dags/example_sensor_decorator.py for tasks to queue
[2023-12-21T12:59:17.239-0300] {logging_mixin.py:188} INFO - [2023-12-21T12:59:17.238-0300] {dagbag.py:538} INFO - Filling up the DagBag from /home/myc-ti-2/airflow_workspace/airflow_env/lib/python3.10/site-packages/airflow/example_dags/example_sensor_decorator.py
[2023-12-21T12:59:17.254-0300] {processor.py:840} INFO - DAG(s) 'example_sensor_decorator' retrieved from /home/myc-ti-2/airflow_workspace/airflow_env/lib/python3.10/site-packages/airflow/example_dags/example_sensor_decorator.py
[2023-12-21T12:59:17.285-0300] {logging_mixin.py:188} INFO - [2023-12-21T12:59:17.284-0300] {dag.py:3033} INFO - Sync 1 DAGs
[2023-12-21T12:59:17.302-0300] {logging_mixin.py:188} INFO - [2023-12-21T12:59:17.302-0300] {dag.py:3820} INFO - Setting next_dagrun for example_sensor_decorator to None, run_after=None
[2023-12-21T12:59:17.410-0300] {processor.py:183} INFO - Processing /home/myc-ti-2/airflow_workspace/airflow_env/lib/python3.10/site-packages/airflow/example_dags/example_sensor_decorator.py took 0.182 seconds
[2023-12-21T13:00:14.481-0300] {processor.py:161} INFO - Started process (PID=7186) to work on /home/myc-ti-2/airflow_workspace/airflow_env/lib/python3.10/site-packages/airflow/example_dags/example_sensor_decorator.py
[2023-12-21T13:00:14.484-0300] {processor.py:830} INFO - Processing file /home/myc-ti-2/airflow_workspace/airflow_env/lib/python3.10/site-packages/airflow/example_dags/example_sensor_decorator.py for tasks to queue
[2023-12-21T13:00:14.486-0300] {logging_mixin.py:188} INFO - [2023-12-21T13:00:14.485-0300] {dagbag.py:538} INFO - Filling up the DagBag from /home/myc-ti-2/airflow_workspace/airflow_env/lib/python3.10/site-packages/airflow/example_dags/example_sensor_decorator.py
[2023-12-21T13:00:14.500-0300] {processor.py:840} INFO - DAG(s) 'example_sensor_decorator' retrieved from /home/myc-ti-2/airflow_workspace/airflow_env/lib/python3.10/site-packages/airflow/example_dags/example_sensor_decorator.py
[2023-12-21T13:00:14.529-0300] {logging_mixin.py:188} INFO - [2023-12-21T13:00:14.529-0300] {dag.py:3033} INFO - Sync 1 DAGs
[2023-12-21T13:00:14.546-0300] {logging_mixin.py:188} INFO - [2023-12-21T13:00:14.546-0300] {dag.py:3820} INFO - Setting next_dagrun for example_sensor_decorator to None, run_after=None
[2023-12-21T13:00:14.641-0300] {processor.py:183} INFO - Processing /home/myc-ti-2/airflow_workspace/airflow_env/lib/python3.10/site-packages/airflow/example_dags/example_sensor_decorator.py took 0.167 seconds
[2023-12-21T13:01:29.582-0300] {processor.py:161} INFO - Started process (PID=7285) to work on /home/myc-ti-2/airflow_workspace/airflow_env/lib/python3.10/site-packages/airflow/example_dags/example_sensor_decorator.py
[2023-12-21T13:01:29.601-0300] {processor.py:830} INFO - Processing file /home/myc-ti-2/airflow_workspace/airflow_env/lib/python3.10/site-packages/airflow/example_dags/example_sensor_decorator.py for tasks to queue
[2023-12-21T13:01:29.603-0300] {logging_mixin.py:188} INFO - [2023-12-21T13:01:29.602-0300] {dagbag.py:538} INFO - Filling up the DagBag from /home/myc-ti-2/airflow_workspace/airflow_env/lib/python3.10/site-packages/airflow/example_dags/example_sensor_decorator.py
[2023-12-21T13:01:29.619-0300] {processor.py:840} INFO - DAG(s) 'example_sensor_decorator' retrieved from /home/myc-ti-2/airflow_workspace/airflow_env/lib/python3.10/site-packages/airflow/example_dags/example_sensor_decorator.py
[2023-12-21T13:01:29.656-0300] {logging_mixin.py:188} INFO - [2023-12-21T13:01:29.656-0300] {dag.py:3033} INFO - Sync 1 DAGs
[2023-12-21T13:01:29.674-0300] {logging_mixin.py:188} INFO - [2023-12-21T13:01:29.673-0300] {dag.py:3820} INFO - Setting next_dagrun for example_sensor_decorator to None, run_after=None
[2023-12-21T13:01:29.783-0300] {processor.py:183} INFO - Processing /home/myc-ti-2/airflow_workspace/airflow_env/lib/python3.10/site-packages/airflow/example_dags/example_sensor_decorator.py took 0.208 seconds
[2023-12-21T13:02:40.390-0300] {processor.py:161} INFO - Started process (PID=7369) to work on /home/myc-ti-2/airflow_workspace/airflow_env/lib/python3.10/site-packages/airflow/example_dags/example_sensor_decorator.py
[2023-12-21T13:02:40.392-0300] {processor.py:830} INFO - Processing file /home/myc-ti-2/airflow_workspace/airflow_env/lib/python3.10/site-packages/airflow/example_dags/example_sensor_decorator.py for tasks to queue
[2023-12-21T13:02:40.393-0300] {logging_mixin.py:188} INFO - [2023-12-21T13:02:40.393-0300] {dagbag.py:538} INFO - Filling up the DagBag from /home/myc-ti-2/airflow_workspace/airflow_env/lib/python3.10/site-packages/airflow/example_dags/example_sensor_decorator.py
[2023-12-21T13:02:40.403-0300] {processor.py:840} INFO - DAG(s) 'example_sensor_decorator' retrieved from /home/myc-ti-2/airflow_workspace/airflow_env/lib/python3.10/site-packages/airflow/example_dags/example_sensor_decorator.py
[2023-12-21T13:02:40.425-0300] {logging_mixin.py:188} INFO - [2023-12-21T13:02:40.425-0300] {dag.py:3033} INFO - Sync 1 DAGs
[2023-12-21T13:02:40.442-0300] {logging_mixin.py:188} INFO - [2023-12-21T13:02:40.441-0300] {dag.py:3820} INFO - Setting next_dagrun for example_sensor_decorator to None, run_after=None
[2023-12-21T13:02:40.654-0300] {processor.py:183} INFO - Processing /home/myc-ti-2/airflow_workspace/airflow_env/lib/python3.10/site-packages/airflow/example_dags/example_sensor_decorator.py took 0.268 seconds
[2023-12-21T13:03:38.434-0300] {processor.py:161} INFO - Started process (PID=7430) to work on /home/myc-ti-2/airflow_workspace/airflow_env/lib/python3.10/site-packages/airflow/example_dags/example_sensor_decorator.py
[2023-12-21T13:03:38.454-0300] {processor.py:830} INFO - Processing file /home/myc-ti-2/airflow_workspace/airflow_env/lib/python3.10/site-packages/airflow/example_dags/example_sensor_decorator.py for tasks to queue
[2023-12-21T13:03:38.457-0300] {logging_mixin.py:188} INFO - [2023-12-21T13:03:38.456-0300] {dagbag.py:538} INFO - Filling up the DagBag from /home/myc-ti-2/airflow_workspace/airflow_env/lib/python3.10/site-packages/airflow/example_dags/example_sensor_decorator.py
[2023-12-21T13:03:38.472-0300] {processor.py:840} INFO - DAG(s) 'example_sensor_decorator' retrieved from /home/myc-ti-2/airflow_workspace/airflow_env/lib/python3.10/site-packages/airflow/example_dags/example_sensor_decorator.py
[2023-12-21T13:03:38.509-0300] {logging_mixin.py:188} INFO - [2023-12-21T13:03:38.508-0300] {dag.py:3033} INFO - Sync 1 DAGs
[2023-12-21T13:03:38.527-0300] {logging_mixin.py:188} INFO - [2023-12-21T13:03:38.526-0300] {dag.py:3820} INFO - Setting next_dagrun for example_sensor_decorator to None, run_after=None
[2023-12-21T13:03:38.620-0300] {processor.py:183} INFO - Processing /home/myc-ti-2/airflow_workspace/airflow_env/lib/python3.10/site-packages/airflow/example_dags/example_sensor_decorator.py took 0.193 seconds
[2023-12-21T13:04:37.522-0300] {processor.py:161} INFO - Started process (PID=7486) to work on /home/myc-ti-2/airflow_workspace/airflow_env/lib/python3.10/site-packages/airflow/example_dags/example_sensor_decorator.py
[2023-12-21T13:04:37.537-0300] {processor.py:830} INFO - Processing file /home/myc-ti-2/airflow_workspace/airflow_env/lib/python3.10/site-packages/airflow/example_dags/example_sensor_decorator.py for tasks to queue
[2023-12-21T13:04:37.539-0300] {logging_mixin.py:188} INFO - [2023-12-21T13:04:37.538-0300] {dagbag.py:538} INFO - Filling up the DagBag from /home/myc-ti-2/airflow_workspace/airflow_env/lib/python3.10/site-packages/airflow/example_dags/example_sensor_decorator.py
[2023-12-21T13:04:37.554-0300] {processor.py:840} INFO - DAG(s) 'example_sensor_decorator' retrieved from /home/myc-ti-2/airflow_workspace/airflow_env/lib/python3.10/site-packages/airflow/example_dags/example_sensor_decorator.py
[2023-12-21T13:04:37.590-0300] {logging_mixin.py:188} INFO - [2023-12-21T13:04:37.590-0300] {dag.py:3033} INFO - Sync 1 DAGs
[2023-12-21T13:04:37.608-0300] {logging_mixin.py:188} INFO - [2023-12-21T13:04:37.608-0300] {dag.py:3820} INFO - Setting next_dagrun for example_sensor_decorator to None, run_after=None
[2023-12-21T13:04:37.698-0300] {processor.py:183} INFO - Processing /home/myc-ti-2/airflow_workspace/airflow_env/lib/python3.10/site-packages/airflow/example_dags/example_sensor_decorator.py took 0.182 seconds
[2023-12-21T13:05:46.269-0300] {processor.py:161} INFO - Started process (PID=7556) to work on /home/myc-ti-2/airflow_workspace/airflow_env/lib/python3.10/site-packages/airflow/example_dags/example_sensor_decorator.py
[2023-12-21T13:05:46.276-0300] {processor.py:830} INFO - Processing file /home/myc-ti-2/airflow_workspace/airflow_env/lib/python3.10/site-packages/airflow/example_dags/example_sensor_decorator.py for tasks to queue
[2023-12-21T13:05:46.277-0300] {logging_mixin.py:188} INFO - [2023-12-21T13:05:46.277-0300] {dagbag.py:538} INFO - Filling up the DagBag from /home/myc-ti-2/airflow_workspace/airflow_env/lib/python3.10/site-packages/airflow/example_dags/example_sensor_decorator.py
[2023-12-21T13:05:46.288-0300] {processor.py:840} INFO - DAG(s) 'example_sensor_decorator' retrieved from /home/myc-ti-2/airflow_workspace/airflow_env/lib/python3.10/site-packages/airflow/example_dags/example_sensor_decorator.py
[2023-12-21T13:05:46.314-0300] {logging_mixin.py:188} INFO - [2023-12-21T13:05:46.313-0300] {dag.py:3033} INFO - Sync 1 DAGs
[2023-12-21T13:05:46.334-0300] {logging_mixin.py:188} INFO - [2023-12-21T13:05:46.333-0300] {dag.py:3820} INFO - Setting next_dagrun for example_sensor_decorator to None, run_after=None
[2023-12-21T13:05:46.457-0300] {processor.py:183} INFO - Processing /home/myc-ti-2/airflow_workspace/airflow_env/lib/python3.10/site-packages/airflow/example_dags/example_sensor_decorator.py took 0.193 seconds
[2023-12-21T13:07:00.249-0300] {processor.py:161} INFO - Started process (PID=7706) to work on /home/myc-ti-2/airflow_workspace/airflow_env/lib/python3.10/site-packages/airflow/example_dags/example_sensor_decorator.py
[2023-12-21T13:07:00.251-0300] {processor.py:830} INFO - Processing file /home/myc-ti-2/airflow_workspace/airflow_env/lib/python3.10/site-packages/airflow/example_dags/example_sensor_decorator.py for tasks to queue
[2023-12-21T13:07:00.253-0300] {logging_mixin.py:188} INFO - [2023-12-21T13:07:00.252-0300] {dagbag.py:538} INFO - Filling up the DagBag from /home/myc-ti-2/airflow_workspace/airflow_env/lib/python3.10/site-packages/airflow/example_dags/example_sensor_decorator.py
[2023-12-21T13:07:00.264-0300] {processor.py:840} INFO - DAG(s) 'example_sensor_decorator' retrieved from /home/myc-ti-2/airflow_workspace/airflow_env/lib/python3.10/site-packages/airflow/example_dags/example_sensor_decorator.py
[2023-12-21T13:07:00.290-0300] {logging_mixin.py:188} INFO - [2023-12-21T13:07:00.289-0300] {dag.py:3033} INFO - Sync 1 DAGs
[2023-12-21T13:07:00.308-0300] {logging_mixin.py:188} INFO - [2023-12-21T13:07:00.308-0300] {dag.py:3820} INFO - Setting next_dagrun for example_sensor_decorator to None, run_after=None
[2023-12-21T13:07:00.438-0300] {processor.py:183} INFO - Processing /home/myc-ti-2/airflow_workspace/airflow_env/lib/python3.10/site-packages/airflow/example_dags/example_sensor_decorator.py took 0.194 seconds
[2023-12-21T13:08:16.704-0300] {processor.py:161} INFO - Started process (PID=8515) to work on /home/myc-ti-2/airflow_workspace/airflow_env/lib/python3.10/site-packages/airflow/example_dags/example_sensor_decorator.py
[2023-12-21T13:08:16.706-0300] {processor.py:830} INFO - Processing file /home/myc-ti-2/airflow_workspace/airflow_env/lib/python3.10/site-packages/airflow/example_dags/example_sensor_decorator.py for tasks to queue
[2023-12-21T13:08:16.707-0300] {logging_mixin.py:188} INFO - [2023-12-21T13:08:16.707-0300] {dagbag.py:538} INFO - Filling up the DagBag from /home/myc-ti-2/airflow_workspace/airflow_env/lib/python3.10/site-packages/airflow/example_dags/example_sensor_decorator.py
[2023-12-21T13:08:16.720-0300] {processor.py:840} INFO - DAG(s) 'example_sensor_decorator' retrieved from /home/myc-ti-2/airflow_workspace/airflow_env/lib/python3.10/site-packages/airflow/example_dags/example_sensor_decorator.py
[2023-12-21T13:08:16.754-0300] {logging_mixin.py:188} INFO - [2023-12-21T13:08:16.754-0300] {dag.py:3033} INFO - Sync 1 DAGs
[2023-12-21T13:08:16.770-0300] {logging_mixin.py:188} INFO - [2023-12-21T13:08:16.770-0300] {dag.py:3820} INFO - Setting next_dagrun for example_sensor_decorator to None, run_after=None
[2023-12-21T13:08:16.878-0300] {processor.py:183} INFO - Processing /home/myc-ti-2/airflow_workspace/airflow_env/lib/python3.10/site-packages/airflow/example_dags/example_sensor_decorator.py took 0.180 seconds
[2023-12-21T13:09:17.601-0300] {processor.py:161} INFO - Started process (PID=9238) to work on /home/myc-ti-2/airflow_workspace/airflow_env/lib/python3.10/site-packages/airflow/example_dags/example_sensor_decorator.py
[2023-12-21T13:09:17.619-0300] {processor.py:830} INFO - Processing file /home/myc-ti-2/airflow_workspace/airflow_env/lib/python3.10/site-packages/airflow/example_dags/example_sensor_decorator.py for tasks to queue
[2023-12-21T13:09:17.622-0300] {logging_mixin.py:188} INFO - [2023-12-21T13:09:17.621-0300] {dagbag.py:538} INFO - Filling up the DagBag from /home/myc-ti-2/airflow_workspace/airflow_env/lib/python3.10/site-packages/airflow/example_dags/example_sensor_decorator.py
[2023-12-21T13:09:17.637-0300] {processor.py:840} INFO - DAG(s) 'example_sensor_decorator' retrieved from /home/myc-ti-2/airflow_workspace/airflow_env/lib/python3.10/site-packages/airflow/example_dags/example_sensor_decorator.py
[2023-12-21T13:09:17.674-0300] {logging_mixin.py:188} INFO - [2023-12-21T13:09:17.674-0300] {dag.py:3033} INFO - Sync 1 DAGs
[2023-12-21T13:09:17.690-0300] {logging_mixin.py:188} INFO - [2023-12-21T13:09:17.690-0300] {dag.py:3820} INFO - Setting next_dagrun for example_sensor_decorator to None, run_after=None
[2023-12-21T13:09:17.870-0300] {processor.py:183} INFO - Processing /home/myc-ti-2/airflow_workspace/airflow_env/lib/python3.10/site-packages/airflow/example_dags/example_sensor_decorator.py took 0.276 seconds
[2023-12-21T13:10:28.457-0300] {processor.py:161} INFO - Started process (PID=9433) to work on /home/myc-ti-2/airflow_workspace/airflow_env/lib/python3.10/site-packages/airflow/example_dags/example_sensor_decorator.py
[2023-12-21T13:10:28.482-0300] {processor.py:830} INFO - Processing file /home/myc-ti-2/airflow_workspace/airflow_env/lib/python3.10/site-packages/airflow/example_dags/example_sensor_decorator.py for tasks to queue
[2023-12-21T13:10:28.484-0300] {logging_mixin.py:188} INFO - [2023-12-21T13:10:28.483-0300] {dagbag.py:538} INFO - Filling up the DagBag from /home/myc-ti-2/airflow_workspace/airflow_env/lib/python3.10/site-packages/airflow/example_dags/example_sensor_decorator.py
[2023-12-21T13:10:28.497-0300] {processor.py:840} INFO - DAG(s) 'example_sensor_decorator' retrieved from /home/myc-ti-2/airflow_workspace/airflow_env/lib/python3.10/site-packages/airflow/example_dags/example_sensor_decorator.py
[2023-12-21T13:10:28.523-0300] {logging_mixin.py:188} INFO - [2023-12-21T13:10:28.523-0300] {dag.py:3033} INFO - Sync 1 DAGs
[2023-12-21T13:10:28.542-0300] {logging_mixin.py:188} INFO - [2023-12-21T13:10:28.542-0300] {dag.py:3820} INFO - Setting next_dagrun for example_sensor_decorator to None, run_after=None
[2023-12-21T13:10:28.774-0300] {processor.py:183} INFO - Processing /home/myc-ti-2/airflow_workspace/airflow_env/lib/python3.10/site-packages/airflow/example_dags/example_sensor_decorator.py took 0.325 seconds
[2023-12-21T13:11:34.504-0300] {processor.py:161} INFO - Started process (PID=9834) to work on /home/myc-ti-2/airflow_workspace/airflow_env/lib/python3.10/site-packages/airflow/example_dags/example_sensor_decorator.py
[2023-12-21T13:11:34.506-0300] {processor.py:830} INFO - Processing file /home/myc-ti-2/airflow_workspace/airflow_env/lib/python3.10/site-packages/airflow/example_dags/example_sensor_decorator.py for tasks to queue
[2023-12-21T13:11:34.507-0300] {logging_mixin.py:188} INFO - [2023-12-21T13:11:34.506-0300] {dagbag.py:538} INFO - Filling up the DagBag from /home/myc-ti-2/airflow_workspace/airflow_env/lib/python3.10/site-packages/airflow/example_dags/example_sensor_decorator.py
[2023-12-21T13:11:34.516-0300] {processor.py:840} INFO - DAG(s) 'example_sensor_decorator' retrieved from /home/myc-ti-2/airflow_workspace/airflow_env/lib/python3.10/site-packages/airflow/example_dags/example_sensor_decorator.py
[2023-12-21T13:11:34.537-0300] {logging_mixin.py:188} INFO - [2023-12-21T13:11:34.537-0300] {dag.py:3033} INFO - Sync 1 DAGs
[2023-12-21T13:11:34.552-0300] {logging_mixin.py:188} INFO - [2023-12-21T13:11:34.552-0300] {dag.py:3820} INFO - Setting next_dagrun for example_sensor_decorator to None, run_after=None
[2023-12-21T13:11:34.653-0300] {processor.py:183} INFO - Processing /home/myc-ti-2/airflow_workspace/airflow_env/lib/python3.10/site-packages/airflow/example_dags/example_sensor_decorator.py took 0.153 seconds
[2023-12-21T13:12:36.446-0300] {processor.py:161} INFO - Started process (PID=10095) to work on /home/myc-ti-2/airflow_workspace/airflow_env/lib/python3.10/site-packages/airflow/example_dags/example_sensor_decorator.py
[2023-12-21T13:12:36.448-0300] {processor.py:830} INFO - Processing file /home/myc-ti-2/airflow_workspace/airflow_env/lib/python3.10/site-packages/airflow/example_dags/example_sensor_decorator.py for tasks to queue
[2023-12-21T13:12:36.450-0300] {logging_mixin.py:188} INFO - [2023-12-21T13:12:36.449-0300] {dagbag.py:538} INFO - Filling up the DagBag from /home/myc-ti-2/airflow_workspace/airflow_env/lib/python3.10/site-packages/airflow/example_dags/example_sensor_decorator.py
[2023-12-21T13:12:36.466-0300] {processor.py:840} INFO - DAG(s) 'example_sensor_decorator' retrieved from /home/myc-ti-2/airflow_workspace/airflow_env/lib/python3.10/site-packages/airflow/example_dags/example_sensor_decorator.py
[2023-12-21T13:12:36.494-0300] {logging_mixin.py:188} INFO - [2023-12-21T13:12:36.494-0300] {dag.py:3033} INFO - Sync 1 DAGs
[2023-12-21T13:12:36.512-0300] {logging_mixin.py:188} INFO - [2023-12-21T13:12:36.512-0300] {dag.py:3820} INFO - Setting next_dagrun for example_sensor_decorator to None, run_after=None
[2023-12-21T13:12:36.611-0300] {processor.py:183} INFO - Processing /home/myc-ti-2/airflow_workspace/airflow_env/lib/python3.10/site-packages/airflow/example_dags/example_sensor_decorator.py took 0.172 seconds
[2023-12-21T13:13:39.716-0300] {processor.py:161} INFO - Started process (PID=10295) to work on /home/myc-ti-2/airflow_workspace/airflow_env/lib/python3.10/site-packages/airflow/example_dags/example_sensor_decorator.py
[2023-12-21T13:13:39.762-0300] {processor.py:830} INFO - Processing file /home/myc-ti-2/airflow_workspace/airflow_env/lib/python3.10/site-packages/airflow/example_dags/example_sensor_decorator.py for tasks to queue
[2023-12-21T13:13:39.765-0300] {logging_mixin.py:188} INFO - [2023-12-21T13:13:39.764-0300] {dagbag.py:538} INFO - Filling up the DagBag from /home/myc-ti-2/airflow_workspace/airflow_env/lib/python3.10/site-packages/airflow/example_dags/example_sensor_decorator.py
[2023-12-21T13:13:39.780-0300] {processor.py:840} INFO - DAG(s) 'example_sensor_decorator' retrieved from /home/myc-ti-2/airflow_workspace/airflow_env/lib/python3.10/site-packages/airflow/example_dags/example_sensor_decorator.py
[2023-12-21T13:13:39.817-0300] {logging_mixin.py:188} INFO - [2023-12-21T13:13:39.816-0300] {dag.py:3033} INFO - Sync 1 DAGs
[2023-12-21T13:13:39.835-0300] {logging_mixin.py:188} INFO - [2023-12-21T13:13:39.835-0300] {dag.py:3820} INFO - Setting next_dagrun for example_sensor_decorator to None, run_after=None
[2023-12-21T13:13:39.985-0300] {processor.py:183} INFO - Processing /home/myc-ti-2/airflow_workspace/airflow_env/lib/python3.10/site-packages/airflow/example_dags/example_sensor_decorator.py took 0.275 seconds
[2023-12-21T13:14:43.817-0300] {processor.py:161} INFO - Started process (PID=10355) to work on /home/myc-ti-2/airflow_workspace/airflow_env/lib/python3.10/site-packages/airflow/example_dags/example_sensor_decorator.py
[2023-12-21T13:14:43.826-0300] {processor.py:830} INFO - Processing file /home/myc-ti-2/airflow_workspace/airflow_env/lib/python3.10/site-packages/airflow/example_dags/example_sensor_decorator.py for tasks to queue
[2023-12-21T13:14:43.829-0300] {logging_mixin.py:188} INFO - [2023-12-21T13:14:43.828-0300] {dagbag.py:538} INFO - Filling up the DagBag from /home/myc-ti-2/airflow_workspace/airflow_env/lib/python3.10/site-packages/airflow/example_dags/example_sensor_decorator.py
[2023-12-21T13:14:43.846-0300] {processor.py:840} INFO - DAG(s) 'example_sensor_decorator' retrieved from /home/myc-ti-2/airflow_workspace/airflow_env/lib/python3.10/site-packages/airflow/example_dags/example_sensor_decorator.py
[2023-12-21T13:14:43.878-0300] {logging_mixin.py:188} INFO - [2023-12-21T13:14:43.878-0300] {dag.py:3033} INFO - Sync 1 DAGs
[2023-12-21T13:14:43.900-0300] {logging_mixin.py:188} INFO - [2023-12-21T13:14:43.899-0300] {dag.py:3820} INFO - Setting next_dagrun for example_sensor_decorator to None, run_after=None
[2023-12-21T13:14:44.001-0300] {processor.py:183} INFO - Processing /home/myc-ti-2/airflow_workspace/airflow_env/lib/python3.10/site-packages/airflow/example_dags/example_sensor_decorator.py took 0.192 seconds
