[2023-12-21T12:58:37.840-0300] {processor.py:161} INFO - Started process (PID=7079) to work on /home/myc-ti-2/airflow_workspace/airflow_env/lib/python3.10/site-packages/airflow/example_dags/example_dag_decorator.py
[2023-12-21T12:58:37.842-0300] {processor.py:830} INFO - Processing file /home/myc-ti-2/airflow_workspace/airflow_env/lib/python3.10/site-packages/airflow/example_dags/example_dag_decorator.py for tasks to queue
[2023-12-21T12:58:37.844-0300] {logging_mixin.py:188} INFO - [2023-12-21T12:58:37.843-0300] {dagbag.py:538} INFO - Filling up the DagBag from /home/myc-ti-2/airflow_workspace/airflow_env/lib/python3.10/site-packages/airflow/example_dags/example_dag_decorator.py
[2023-12-21T12:58:37.987-0300] {processor.py:840} INFO - DAG(s) 'example_dag_decorator' retrieved from /home/myc-ti-2/airflow_workspace/airflow_env/lib/python3.10/site-packages/airflow/example_dags/example_dag_decorator.py
[2023-12-21T12:58:38.304-0300] {logging_mixin.py:188} INFO - [2023-12-21T12:58:38.303-0300] {override.py:1769} INFO - Created Permission View: can edit on DAG:example_dag_decorator
[2023-12-21T12:58:38.404-0300] {logging_mixin.py:188} INFO - [2023-12-21T12:58:38.403-0300] {override.py:1769} INFO - Created Permission View: can delete on DAG:example_dag_decorator
[2023-12-21T12:58:38.496-0300] {logging_mixin.py:188} INFO - [2023-12-21T12:58:38.495-0300] {override.py:1769} INFO - Created Permission View: can read on DAG:example_dag_decorator
[2023-12-21T12:58:38.497-0300] {logging_mixin.py:188} INFO - [2023-12-21T12:58:38.496-0300] {dag.py:3033} INFO - Sync 1 DAGs
[2023-12-21T12:58:38.524-0300] {logging_mixin.py:188} INFO - [2023-12-21T12:58:38.523-0300] {dag.py:3055} INFO - Creating ORM DAG for example_dag_decorator
[2023-12-21T12:58:38.525-0300] {logging_mixin.py:188} INFO - [2023-12-21T12:58:38.524-0300] {dag.py:3820} INFO - Setting next_dagrun for example_dag_decorator to None, run_after=None
[2023-12-21T12:58:38.689-0300] {processor.py:183} INFO - Processing /home/myc-ti-2/airflow_workspace/airflow_env/lib/python3.10/site-packages/airflow/example_dags/example_dag_decorator.py took 0.856 seconds
[2023-12-21T12:59:53.332-0300] {processor.py:161} INFO - Started process (PID=7165) to work on /home/myc-ti-2/airflow_workspace/airflow_env/lib/python3.10/site-packages/airflow/example_dags/example_dag_decorator.py
[2023-12-21T12:59:53.352-0300] {processor.py:830} INFO - Processing file /home/myc-ti-2/airflow_workspace/airflow_env/lib/python3.10/site-packages/airflow/example_dags/example_dag_decorator.py for tasks to queue
[2023-12-21T12:59:53.354-0300] {logging_mixin.py:188} INFO - [2023-12-21T12:59:53.353-0300] {dagbag.py:538} INFO - Filling up the DagBag from /home/myc-ti-2/airflow_workspace/airflow_env/lib/python3.10/site-packages/airflow/example_dags/example_dag_decorator.py
[2023-12-21T12:59:53.502-0300] {processor.py:840} INFO - DAG(s) 'example_dag_decorator' retrieved from /home/myc-ti-2/airflow_workspace/airflow_env/lib/python3.10/site-packages/airflow/example_dags/example_dag_decorator.py
[2023-12-21T12:59:53.651-0300] {logging_mixin.py:188} INFO - [2023-12-21T12:59:53.650-0300] {dag.py:3033} INFO - Sync 1 DAGs
[2023-12-21T12:59:53.665-0300] {logging_mixin.py:188} INFO - [2023-12-21T12:59:53.665-0300] {dag.py:3820} INFO - Setting next_dagrun for example_dag_decorator to None, run_after=None
[2023-12-21T12:59:53.769-0300] {processor.py:183} INFO - Processing /home/myc-ti-2/airflow_workspace/airflow_env/lib/python3.10/site-packages/airflow/example_dags/example_dag_decorator.py took 0.443 seconds
[2023-12-21T13:01:06.386-0300] {processor.py:161} INFO - Started process (PID=7262) to work on /home/myc-ti-2/airflow_workspace/airflow_env/lib/python3.10/site-packages/airflow/example_dags/example_dag_decorator.py
[2023-12-21T13:01:06.387-0300] {processor.py:830} INFO - Processing file /home/myc-ti-2/airflow_workspace/airflow_env/lib/python3.10/site-packages/airflow/example_dags/example_dag_decorator.py for tasks to queue
[2023-12-21T13:01:06.388-0300] {logging_mixin.py:188} INFO - [2023-12-21T13:01:06.388-0300] {dagbag.py:538} INFO - Filling up the DagBag from /home/myc-ti-2/airflow_workspace/airflow_env/lib/python3.10/site-packages/airflow/example_dags/example_dag_decorator.py
[2023-12-21T13:01:06.528-0300] {processor.py:840} INFO - DAG(s) 'example_dag_decorator' retrieved from /home/myc-ti-2/airflow_workspace/airflow_env/lib/python3.10/site-packages/airflow/example_dags/example_dag_decorator.py
[2023-12-21T13:01:06.679-0300] {logging_mixin.py:188} INFO - [2023-12-21T13:01:06.679-0300] {dag.py:3033} INFO - Sync 1 DAGs
[2023-12-21T13:01:06.695-0300] {logging_mixin.py:188} INFO - [2023-12-21T13:01:06.695-0300] {dag.py:3820} INFO - Setting next_dagrun for example_dag_decorator to None, run_after=None
[2023-12-21T13:01:06.799-0300] {processor.py:183} INFO - Processing /home/myc-ti-2/airflow_workspace/airflow_env/lib/python3.10/site-packages/airflow/example_dags/example_dag_decorator.py took 0.418 seconds
[2023-12-21T13:02:08.812-0300] {processor.py:161} INFO - Started process (PID=7338) to work on /home/myc-ti-2/airflow_workspace/airflow_env/lib/python3.10/site-packages/airflow/example_dags/example_dag_decorator.py
[2023-12-21T13:02:08.831-0300] {processor.py:830} INFO - Processing file /home/myc-ti-2/airflow_workspace/airflow_env/lib/python3.10/site-packages/airflow/example_dags/example_dag_decorator.py for tasks to queue
[2023-12-21T13:02:08.833-0300] {logging_mixin.py:188} INFO - [2023-12-21T13:02:08.833-0300] {dagbag.py:538} INFO - Filling up the DagBag from /home/myc-ti-2/airflow_workspace/airflow_env/lib/python3.10/site-packages/airflow/example_dags/example_dag_decorator.py
[2023-12-21T13:02:08.986-0300] {processor.py:840} INFO - DAG(s) 'example_dag_decorator' retrieved from /home/myc-ti-2/airflow_workspace/airflow_env/lib/python3.10/site-packages/airflow/example_dags/example_dag_decorator.py
[2023-12-21T13:02:09.136-0300] {logging_mixin.py:188} INFO - [2023-12-21T13:02:09.136-0300] {dag.py:3033} INFO - Sync 1 DAGs
[2023-12-21T13:02:09.149-0300] {logging_mixin.py:188} INFO - [2023-12-21T13:02:09.149-0300] {dag.py:3820} INFO - Setting next_dagrun for example_dag_decorator to None, run_after=None
[2023-12-21T13:02:09.244-0300] {processor.py:183} INFO - Processing /home/myc-ti-2/airflow_workspace/airflow_env/lib/python3.10/site-packages/airflow/example_dags/example_dag_decorator.py took 0.439 seconds
[2023-12-21T13:03:14.428-0300] {processor.py:161} INFO - Started process (PID=7408) to work on /home/myc-ti-2/airflow_workspace/airflow_env/lib/python3.10/site-packages/airflow/example_dags/example_dag_decorator.py
[2023-12-21T13:03:14.445-0300] {processor.py:830} INFO - Processing file /home/myc-ti-2/airflow_workspace/airflow_env/lib/python3.10/site-packages/airflow/example_dags/example_dag_decorator.py for tasks to queue
[2023-12-21T13:03:14.447-0300] {logging_mixin.py:188} INFO - [2023-12-21T13:03:14.446-0300] {dagbag.py:538} INFO - Filling up the DagBag from /home/myc-ti-2/airflow_workspace/airflow_env/lib/python3.10/site-packages/airflow/example_dags/example_dag_decorator.py
[2023-12-21T13:03:14.597-0300] {processor.py:840} INFO - DAG(s) 'example_dag_decorator' retrieved from /home/myc-ti-2/airflow_workspace/airflow_env/lib/python3.10/site-packages/airflow/example_dags/example_dag_decorator.py
[2023-12-21T13:03:14.761-0300] {logging_mixin.py:188} INFO - [2023-12-21T13:03:14.761-0300] {dag.py:3033} INFO - Sync 1 DAGs
[2023-12-21T13:03:14.779-0300] {logging_mixin.py:188} INFO - [2023-12-21T13:03:14.779-0300] {dag.py:3820} INFO - Setting next_dagrun for example_dag_decorator to None, run_after=None
[2023-12-21T13:03:14.890-0300] {processor.py:183} INFO - Processing /home/myc-ti-2/airflow_workspace/airflow_env/lib/python3.10/site-packages/airflow/example_dags/example_dag_decorator.py took 0.469 seconds
[2023-12-21T13:04:13.384-0300] {processor.py:161} INFO - Started process (PID=7465) to work on /home/myc-ti-2/airflow_workspace/airflow_env/lib/python3.10/site-packages/airflow/example_dags/example_dag_decorator.py
[2023-12-21T13:04:13.386-0300] {processor.py:830} INFO - Processing file /home/myc-ti-2/airflow_workspace/airflow_env/lib/python3.10/site-packages/airflow/example_dags/example_dag_decorator.py for tasks to queue
[2023-12-21T13:04:13.388-0300] {logging_mixin.py:188} INFO - [2023-12-21T13:04:13.387-0300] {dagbag.py:538} INFO - Filling up the DagBag from /home/myc-ti-2/airflow_workspace/airflow_env/lib/python3.10/site-packages/airflow/example_dags/example_dag_decorator.py
[2023-12-21T13:04:13.533-0300] {processor.py:840} INFO - DAG(s) 'example_dag_decorator' retrieved from /home/myc-ti-2/airflow_workspace/airflow_env/lib/python3.10/site-packages/airflow/example_dags/example_dag_decorator.py
[2023-12-21T13:04:13.681-0300] {logging_mixin.py:188} INFO - [2023-12-21T13:04:13.681-0300] {dag.py:3033} INFO - Sync 1 DAGs
[2023-12-21T13:04:13.696-0300] {logging_mixin.py:188} INFO - [2023-12-21T13:04:13.696-0300] {dag.py:3820} INFO - Setting next_dagrun for example_dag_decorator to None, run_after=None
[2023-12-21T13:04:13.825-0300] {processor.py:183} INFO - Processing /home/myc-ti-2/airflow_workspace/airflow_env/lib/python3.10/site-packages/airflow/example_dags/example_dag_decorator.py took 0.449 seconds
[2023-12-21T13:05:12.544-0300] {processor.py:161} INFO - Started process (PID=7522) to work on /home/myc-ti-2/airflow_workspace/airflow_env/lib/python3.10/site-packages/airflow/example_dags/example_dag_decorator.py
[2023-12-21T13:05:12.546-0300] {processor.py:830} INFO - Processing file /home/myc-ti-2/airflow_workspace/airflow_env/lib/python3.10/site-packages/airflow/example_dags/example_dag_decorator.py for tasks to queue
[2023-12-21T13:05:12.549-0300] {logging_mixin.py:188} INFO - [2023-12-21T13:05:12.548-0300] {dagbag.py:538} INFO - Filling up the DagBag from /home/myc-ti-2/airflow_workspace/airflow_env/lib/python3.10/site-packages/airflow/example_dags/example_dag_decorator.py
[2023-12-21T13:05:12.688-0300] {processor.py:840} INFO - DAG(s) 'example_dag_decorator' retrieved from /home/myc-ti-2/airflow_workspace/airflow_env/lib/python3.10/site-packages/airflow/example_dags/example_dag_decorator.py
[2023-12-21T13:05:12.837-0300] {logging_mixin.py:188} INFO - [2023-12-21T13:05:12.837-0300] {dag.py:3033} INFO - Sync 1 DAGs
[2023-12-21T13:05:12.853-0300] {logging_mixin.py:188} INFO - [2023-12-21T13:05:12.852-0300] {dag.py:3820} INFO - Setting next_dagrun for example_dag_decorator to None, run_after=None
[2023-12-21T13:05:12.964-0300] {processor.py:183} INFO - Processing /home/myc-ti-2/airflow_workspace/airflow_env/lib/python3.10/site-packages/airflow/example_dags/example_dag_decorator.py took 0.427 seconds
[2023-12-21T13:06:35.144-0300] {processor.py:161} INFO - Started process (PID=7671) to work on /home/myc-ti-2/airflow_workspace/airflow_env/lib/python3.10/site-packages/airflow/example_dags/example_dag_decorator.py
[2023-12-21T13:06:35.145-0300] {processor.py:830} INFO - Processing file /home/myc-ti-2/airflow_workspace/airflow_env/lib/python3.10/site-packages/airflow/example_dags/example_dag_decorator.py for tasks to queue
[2023-12-21T13:06:35.147-0300] {logging_mixin.py:188} INFO - [2023-12-21T13:06:35.146-0300] {dagbag.py:538} INFO - Filling up the DagBag from /home/myc-ti-2/airflow_workspace/airflow_env/lib/python3.10/site-packages/airflow/example_dags/example_dag_decorator.py
[2023-12-21T13:06:35.288-0300] {processor.py:840} INFO - DAG(s) 'example_dag_decorator' retrieved from /home/myc-ti-2/airflow_workspace/airflow_env/lib/python3.10/site-packages/airflow/example_dags/example_dag_decorator.py
[2023-12-21T13:06:35.320-0300] {logging_mixin.py:188} INFO - [2023-12-21T13:06:35.319-0300] {dag.py:3033} INFO - Sync 1 DAGs
[2023-12-21T13:06:35.338-0300] {logging_mixin.py:188} INFO - [2023-12-21T13:06:35.338-0300] {dag.py:3820} INFO - Setting next_dagrun for example_dag_decorator to None, run_after=None
[2023-12-21T13:06:35.440-0300] {processor.py:183} INFO - Processing /home/myc-ti-2/airflow_workspace/airflow_env/lib/python3.10/site-packages/airflow/example_dags/example_dag_decorator.py took 0.303 seconds
[2023-12-21T13:07:50.458-0300] {processor.py:161} INFO - Started process (PID=7757) to work on /home/myc-ti-2/airflow_workspace/airflow_env/lib/python3.10/site-packages/airflow/example_dags/example_dag_decorator.py
[2023-12-21T13:07:50.460-0300] {processor.py:830} INFO - Processing file /home/myc-ti-2/airflow_workspace/airflow_env/lib/python3.10/site-packages/airflow/example_dags/example_dag_decorator.py for tasks to queue
[2023-12-21T13:07:50.462-0300] {logging_mixin.py:188} INFO - [2023-12-21T13:07:50.461-0300] {dagbag.py:538} INFO - Filling up the DagBag from /home/myc-ti-2/airflow_workspace/airflow_env/lib/python3.10/site-packages/airflow/example_dags/example_dag_decorator.py
[2023-12-21T13:07:50.602-0300] {processor.py:840} INFO - DAG(s) 'example_dag_decorator' retrieved from /home/myc-ti-2/airflow_workspace/airflow_env/lib/python3.10/site-packages/airflow/example_dags/example_dag_decorator.py
[2023-12-21T13:07:50.751-0300] {logging_mixin.py:188} INFO - [2023-12-21T13:07:50.750-0300] {dag.py:3033} INFO - Sync 1 DAGs
[2023-12-21T13:07:50.764-0300] {logging_mixin.py:188} INFO - [2023-12-21T13:07:50.764-0300] {dag.py:3820} INFO - Setting next_dagrun for example_dag_decorator to None, run_after=None
[2023-12-21T13:07:50.875-0300] {processor.py:183} INFO - Processing /home/myc-ti-2/airflow_workspace/airflow_env/lib/python3.10/site-packages/airflow/example_dags/example_dag_decorator.py took 0.423 seconds
[2023-12-21T13:08:54.846-0300] {processor.py:161} INFO - Started process (PID=9159) to work on /home/myc-ti-2/airflow_workspace/airflow_env/lib/python3.10/site-packages/airflow/example_dags/example_dag_decorator.py
[2023-12-21T13:08:54.910-0300] {processor.py:830} INFO - Processing file /home/myc-ti-2/airflow_workspace/airflow_env/lib/python3.10/site-packages/airflow/example_dags/example_dag_decorator.py for tasks to queue
[2023-12-21T13:08:54.913-0300] {logging_mixin.py:188} INFO - [2023-12-21T13:08:54.912-0300] {dagbag.py:538} INFO - Filling up the DagBag from /home/myc-ti-2/airflow_workspace/airflow_env/lib/python3.10/site-packages/airflow/example_dags/example_dag_decorator.py
[2023-12-21T13:08:55.077-0300] {processor.py:840} INFO - DAG(s) 'example_dag_decorator' retrieved from /home/myc-ti-2/airflow_workspace/airflow_env/lib/python3.10/site-packages/airflow/example_dags/example_dag_decorator.py
[2023-12-21T13:08:55.202-0300] {logging_mixin.py:188} INFO - [2023-12-21T13:08:55.202-0300] {dag.py:3033} INFO - Sync 1 DAGs
[2023-12-21T13:08:55.215-0300] {logging_mixin.py:188} INFO - [2023-12-21T13:08:55.214-0300] {dag.py:3820} INFO - Setting next_dagrun for example_dag_decorator to None, run_after=None
[2023-12-21T13:08:55.348-0300] {processor.py:183} INFO - Processing /home/myc-ti-2/airflow_workspace/airflow_env/lib/python3.10/site-packages/airflow/example_dags/example_dag_decorator.py took 0.508 seconds
[2023-12-21T13:10:01.591-0300] {processor.py:161} INFO - Started process (PID=9326) to work on /home/myc-ti-2/airflow_workspace/airflow_env/lib/python3.10/site-packages/airflow/example_dags/example_dag_decorator.py
[2023-12-21T13:10:01.613-0300] {processor.py:830} INFO - Processing file /home/myc-ti-2/airflow_workspace/airflow_env/lib/python3.10/site-packages/airflow/example_dags/example_dag_decorator.py for tasks to queue
[2023-12-21T13:10:01.615-0300] {logging_mixin.py:188} INFO - [2023-12-21T13:10:01.614-0300] {dagbag.py:538} INFO - Filling up the DagBag from /home/myc-ti-2/airflow_workspace/airflow_env/lib/python3.10/site-packages/airflow/example_dags/example_dag_decorator.py
[2023-12-21T13:10:01.738-0300] {processor.py:840} INFO - DAG(s) 'example_dag_decorator' retrieved from /home/myc-ti-2/airflow_workspace/airflow_env/lib/python3.10/site-packages/airflow/example_dags/example_dag_decorator.py
[2023-12-21T13:10:01.859-0300] {logging_mixin.py:188} INFO - [2023-12-21T13:10:01.858-0300] {dag.py:3033} INFO - Sync 1 DAGs
[2023-12-21T13:10:01.872-0300] {logging_mixin.py:188} INFO - [2023-12-21T13:10:01.872-0300] {dag.py:3820} INFO - Setting next_dagrun for example_dag_decorator to None, run_after=None
[2023-12-21T13:10:02.055-0300] {processor.py:183} INFO - Processing /home/myc-ti-2/airflow_workspace/airflow_env/lib/python3.10/site-packages/airflow/example_dags/example_dag_decorator.py took 0.472 seconds
[2023-12-21T13:11:10.399-0300] {processor.py:161} INFO - Started process (PID=9763) to work on /home/myc-ti-2/airflow_workspace/airflow_env/lib/python3.10/site-packages/airflow/example_dags/example_dag_decorator.py
[2023-12-21T13:11:10.401-0300] {processor.py:830} INFO - Processing file /home/myc-ti-2/airflow_workspace/airflow_env/lib/python3.10/site-packages/airflow/example_dags/example_dag_decorator.py for tasks to queue
[2023-12-21T13:11:10.403-0300] {logging_mixin.py:188} INFO - [2023-12-21T13:11:10.402-0300] {dagbag.py:538} INFO - Filling up the DagBag from /home/myc-ti-2/airflow_workspace/airflow_env/lib/python3.10/site-packages/airflow/example_dags/example_dag_decorator.py
[2023-12-21T13:11:10.543-0300] {processor.py:840} INFO - DAG(s) 'example_dag_decorator' retrieved from /home/myc-ti-2/airflow_workspace/airflow_env/lib/python3.10/site-packages/airflow/example_dags/example_dag_decorator.py
[2023-12-21T13:11:10.692-0300] {logging_mixin.py:188} INFO - [2023-12-21T13:11:10.692-0300] {dag.py:3033} INFO - Sync 1 DAGs
[2023-12-21T13:11:10.708-0300] {logging_mixin.py:188} INFO - [2023-12-21T13:11:10.708-0300] {dag.py:3820} INFO - Setting next_dagrun for example_dag_decorator to None, run_after=None
[2023-12-21T13:11:10.814-0300] {processor.py:183} INFO - Processing /home/myc-ti-2/airflow_workspace/airflow_env/lib/python3.10/site-packages/airflow/example_dags/example_dag_decorator.py took 0.422 seconds
[2023-12-21T13:12:12.464-0300] {processor.py:161} INFO - Started process (PID=10065) to work on /home/myc-ti-2/airflow_workspace/airflow_env/lib/python3.10/site-packages/airflow/example_dags/example_dag_decorator.py
[2023-12-21T13:12:12.466-0300] {processor.py:830} INFO - Processing file /home/myc-ti-2/airflow_workspace/airflow_env/lib/python3.10/site-packages/airflow/example_dags/example_dag_decorator.py for tasks to queue
[2023-12-21T13:12:12.468-0300] {logging_mixin.py:188} INFO - [2023-12-21T13:12:12.467-0300] {dagbag.py:538} INFO - Filling up the DagBag from /home/myc-ti-2/airflow_workspace/airflow_env/lib/python3.10/site-packages/airflow/example_dags/example_dag_decorator.py
[2023-12-21T13:12:12.609-0300] {processor.py:840} INFO - DAG(s) 'example_dag_decorator' retrieved from /home/myc-ti-2/airflow_workspace/airflow_env/lib/python3.10/site-packages/airflow/example_dags/example_dag_decorator.py
[2023-12-21T13:12:12.639-0300] {logging_mixin.py:188} INFO - [2023-12-21T13:12:12.638-0300] {dag.py:3033} INFO - Sync 1 DAGs
[2023-12-21T13:12:12.656-0300] {logging_mixin.py:188} INFO - [2023-12-21T13:12:12.656-0300] {dag.py:3820} INFO - Setting next_dagrun for example_dag_decorator to None, run_after=None
[2023-12-21T13:12:12.755-0300] {processor.py:183} INFO - Processing /home/myc-ti-2/airflow_workspace/airflow_env/lib/python3.10/site-packages/airflow/example_dags/example_dag_decorator.py took 0.298 seconds
[2023-12-21T13:13:14.841-0300] {processor.py:161} INFO - Started process (PID=10262) to work on /home/myc-ti-2/airflow_workspace/airflow_env/lib/python3.10/site-packages/airflow/example_dags/example_dag_decorator.py
[2023-12-21T13:13:14.843-0300] {processor.py:830} INFO - Processing file /home/myc-ti-2/airflow_workspace/airflow_env/lib/python3.10/site-packages/airflow/example_dags/example_dag_decorator.py for tasks to queue
[2023-12-21T13:13:14.844-0300] {logging_mixin.py:188} INFO - [2023-12-21T13:13:14.843-0300] {dagbag.py:538} INFO - Filling up the DagBag from /home/myc-ti-2/airflow_workspace/airflow_env/lib/python3.10/site-packages/airflow/example_dags/example_dag_decorator.py
[2023-12-21T13:13:14.983-0300] {processor.py:840} INFO - DAG(s) 'example_dag_decorator' retrieved from /home/myc-ti-2/airflow_workspace/airflow_env/lib/python3.10/site-packages/airflow/example_dags/example_dag_decorator.py
[2023-12-21T13:13:15.137-0300] {logging_mixin.py:188} INFO - [2023-12-21T13:13:15.136-0300] {dag.py:3033} INFO - Sync 1 DAGs
[2023-12-21T13:13:15.153-0300] {logging_mixin.py:188} INFO - [2023-12-21T13:13:15.152-0300] {dag.py:3820} INFO - Setting next_dagrun for example_dag_decorator to None, run_after=None
[2023-12-21T13:13:15.279-0300] {processor.py:183} INFO - Processing /home/myc-ti-2/airflow_workspace/airflow_env/lib/python3.10/site-packages/airflow/example_dags/example_dag_decorator.py took 0.443 seconds
[2023-12-21T13:14:17.443-0300] {processor.py:161} INFO - Started process (PID=10330) to work on /home/myc-ti-2/airflow_workspace/airflow_env/lib/python3.10/site-packages/airflow/example_dags/example_dag_decorator.py
[2023-12-21T13:14:17.445-0300] {processor.py:830} INFO - Processing file /home/myc-ti-2/airflow_workspace/airflow_env/lib/python3.10/site-packages/airflow/example_dags/example_dag_decorator.py for tasks to queue
[2023-12-21T13:14:17.447-0300] {logging_mixin.py:188} INFO - [2023-12-21T13:14:17.446-0300] {dagbag.py:538} INFO - Filling up the DagBag from /home/myc-ti-2/airflow_workspace/airflow_env/lib/python3.10/site-packages/airflow/example_dags/example_dag_decorator.py
[2023-12-21T13:14:17.588-0300] {processor.py:840} INFO - DAG(s) 'example_dag_decorator' retrieved from /home/myc-ti-2/airflow_workspace/airflow_env/lib/python3.10/site-packages/airflow/example_dags/example_dag_decorator.py
[2023-12-21T13:14:17.736-0300] {logging_mixin.py:188} INFO - [2023-12-21T13:14:17.735-0300] {dag.py:3033} INFO - Sync 1 DAGs
[2023-12-21T13:14:17.753-0300] {logging_mixin.py:188} INFO - [2023-12-21T13:14:17.753-0300] {dag.py:3820} INFO - Setting next_dagrun for example_dag_decorator to None, run_after=None
[2023-12-21T13:14:17.866-0300] {processor.py:183} INFO - Processing /home/myc-ti-2/airflow_workspace/airflow_env/lib/python3.10/site-packages/airflow/example_dags/example_dag_decorator.py took 0.430 seconds
