[2023-12-21T12:57:39.066-0300] {processor.py:161} INFO - Started process (PID=6985) to work on /home/myc-ti-2/airflow_workspace/airflow_env/lib/python3.10/site-packages/airflow/example_dags/example_short_circuit_operator.py
[2023-12-21T12:57:39.068-0300] {processor.py:830} INFO - Processing file /home/myc-ti-2/airflow_workspace/airflow_env/lib/python3.10/site-packages/airflow/example_dags/example_short_circuit_operator.py for tasks to queue
[2023-12-21T12:57:39.070-0300] {logging_mixin.py:188} INFO - [2023-12-21T12:57:39.069-0300] {dagbag.py:538} INFO - Filling up the DagBag from /home/myc-ti-2/airflow_workspace/airflow_env/lib/python3.10/site-packages/airflow/example_dags/example_short_circuit_operator.py
[2023-12-21T12:57:39.096-0300] {processor.py:840} INFO - DAG(s) 'example_short_circuit_operator' retrieved from /home/myc-ti-2/airflow_workspace/airflow_env/lib/python3.10/site-packages/airflow/example_dags/example_short_circuit_operator.py
[2023-12-21T12:57:39.465-0300] {logging_mixin.py:188} INFO - [2023-12-21T12:57:39.464-0300] {override.py:1769} INFO - Created Permission View: can edit on DAG:example_short_circuit_operator
[2023-12-21T12:57:39.565-0300] {logging_mixin.py:188} INFO - [2023-12-21T12:57:39.564-0300] {override.py:1769} INFO - Created Permission View: can delete on DAG:example_short_circuit_operator
[2023-12-21T12:57:39.648-0300] {logging_mixin.py:188} INFO - [2023-12-21T12:57:39.648-0300] {override.py:1769} INFO - Created Permission View: can read on DAG:example_short_circuit_operator
[2023-12-21T12:57:39.649-0300] {logging_mixin.py:188} INFO - [2023-12-21T12:57:39.649-0300] {dag.py:3033} INFO - Sync 1 DAGs
[2023-12-21T12:57:39.676-0300] {logging_mixin.py:188} INFO - [2023-12-21T12:57:39.676-0300] {dag.py:3055} INFO - Creating ORM DAG for example_short_circuit_operator
[2023-12-21T12:57:39.703-0300] {logging_mixin.py:188} INFO - [2023-12-21T12:57:39.702-0300] {dag.py:3820} INFO - Setting next_dagrun for example_short_circuit_operator to 2023-12-20T00:00:00+00:00, run_after=2023-12-21T00:00:00+00:00
[2023-12-21T12:57:39.875-0300] {processor.py:183} INFO - Processing /home/myc-ti-2/airflow_workspace/airflow_env/lib/python3.10/site-packages/airflow/example_dags/example_short_circuit_operator.py took 0.816 seconds
[2023-12-21T12:59:20.967-0300] {processor.py:161} INFO - Started process (PID=7134) to work on /home/myc-ti-2/airflow_workspace/airflow_env/lib/python3.10/site-packages/airflow/example_dags/example_short_circuit_operator.py
[2023-12-21T12:59:20.969-0300] {processor.py:830} INFO - Processing file /home/myc-ti-2/airflow_workspace/airflow_env/lib/python3.10/site-packages/airflow/example_dags/example_short_circuit_operator.py for tasks to queue
[2023-12-21T12:59:20.971-0300] {logging_mixin.py:188} INFO - [2023-12-21T12:59:20.970-0300] {dagbag.py:538} INFO - Filling up the DagBag from /home/myc-ti-2/airflow_workspace/airflow_env/lib/python3.10/site-packages/airflow/example_dags/example_short_circuit_operator.py
[2023-12-21T12:59:20.993-0300] {processor.py:840} INFO - DAG(s) 'example_short_circuit_operator' retrieved from /home/myc-ti-2/airflow_workspace/airflow_env/lib/python3.10/site-packages/airflow/example_dags/example_short_circuit_operator.py
[2023-12-21T12:59:21.027-0300] {logging_mixin.py:188} INFO - [2023-12-21T12:59:21.026-0300] {dag.py:3033} INFO - Sync 1 DAGs
[2023-12-21T12:59:21.057-0300] {logging_mixin.py:188} INFO - [2023-12-21T12:59:21.057-0300] {dag.py:3820} INFO - Setting next_dagrun for example_short_circuit_operator to 2023-12-20T00:00:00+00:00, run_after=2023-12-21T00:00:00+00:00
[2023-12-21T12:59:21.178-0300] {processor.py:183} INFO - Processing /home/myc-ti-2/airflow_workspace/airflow_env/lib/python3.10/site-packages/airflow/example_dags/example_short_circuit_operator.py took 0.218 seconds
[2023-12-21T13:00:18.283-0300] {processor.py:161} INFO - Started process (PID=7191) to work on /home/myc-ti-2/airflow_workspace/airflow_env/lib/python3.10/site-packages/airflow/example_dags/example_short_circuit_operator.py
[2023-12-21T13:00:18.285-0300] {processor.py:830} INFO - Processing file /home/myc-ti-2/airflow_workspace/airflow_env/lib/python3.10/site-packages/airflow/example_dags/example_short_circuit_operator.py for tasks to queue
[2023-12-21T13:00:18.287-0300] {logging_mixin.py:188} INFO - [2023-12-21T13:00:18.287-0300] {dagbag.py:538} INFO - Filling up the DagBag from /home/myc-ti-2/airflow_workspace/airflow_env/lib/python3.10/site-packages/airflow/example_dags/example_short_circuit_operator.py
[2023-12-21T13:00:18.308-0300] {processor.py:840} INFO - DAG(s) 'example_short_circuit_operator' retrieved from /home/myc-ti-2/airflow_workspace/airflow_env/lib/python3.10/site-packages/airflow/example_dags/example_short_circuit_operator.py
[2023-12-21T13:00:18.342-0300] {logging_mixin.py:188} INFO - [2023-12-21T13:00:18.342-0300] {dag.py:3033} INFO - Sync 1 DAGs
[2023-12-21T13:00:18.373-0300] {logging_mixin.py:188} INFO - [2023-12-21T13:00:18.372-0300] {dag.py:3820} INFO - Setting next_dagrun for example_short_circuit_operator to 2023-12-20T00:00:00+00:00, run_after=2023-12-21T00:00:00+00:00
[2023-12-21T13:00:18.516-0300] {processor.py:183} INFO - Processing /home/myc-ti-2/airflow_workspace/airflow_env/lib/python3.10/site-packages/airflow/example_dags/example_short_circuit_operator.py took 0.240 seconds
[2023-12-21T13:01:33.811-0300] {processor.py:161} INFO - Started process (PID=7289) to work on /home/myc-ti-2/airflow_workspace/airflow_env/lib/python3.10/site-packages/airflow/example_dags/example_short_circuit_operator.py
[2023-12-21T13:01:33.813-0300] {processor.py:830} INFO - Processing file /home/myc-ti-2/airflow_workspace/airflow_env/lib/python3.10/site-packages/airflow/example_dags/example_short_circuit_operator.py for tasks to queue
[2023-12-21T13:01:33.815-0300] {logging_mixin.py:188} INFO - [2023-12-21T13:01:33.814-0300] {dagbag.py:538} INFO - Filling up the DagBag from /home/myc-ti-2/airflow_workspace/airflow_env/lib/python3.10/site-packages/airflow/example_dags/example_short_circuit_operator.py
[2023-12-21T13:01:33.836-0300] {processor.py:840} INFO - DAG(s) 'example_short_circuit_operator' retrieved from /home/myc-ti-2/airflow_workspace/airflow_env/lib/python3.10/site-packages/airflow/example_dags/example_short_circuit_operator.py
[2023-12-21T13:01:33.870-0300] {logging_mixin.py:188} INFO - [2023-12-21T13:01:33.870-0300] {dag.py:3033} INFO - Sync 1 DAGs
[2023-12-21T13:01:33.903-0300] {logging_mixin.py:188} INFO - [2023-12-21T13:01:33.903-0300] {dag.py:3820} INFO - Setting next_dagrun for example_short_circuit_operator to 2023-12-20T00:00:00+00:00, run_after=2023-12-21T00:00:00+00:00
[2023-12-21T13:01:34.060-0300] {processor.py:183} INFO - Processing /home/myc-ti-2/airflow_workspace/airflow_env/lib/python3.10/site-packages/airflow/example_dags/example_short_circuit_operator.py took 0.257 seconds
[2023-12-21T13:02:44.664-0300] {processor.py:161} INFO - Started process (PID=7372) to work on /home/myc-ti-2/airflow_workspace/airflow_env/lib/python3.10/site-packages/airflow/example_dags/example_short_circuit_operator.py
[2023-12-21T13:02:44.665-0300] {processor.py:830} INFO - Processing file /home/myc-ti-2/airflow_workspace/airflow_env/lib/python3.10/site-packages/airflow/example_dags/example_short_circuit_operator.py for tasks to queue
[2023-12-21T13:02:44.667-0300] {logging_mixin.py:188} INFO - [2023-12-21T13:02:44.666-0300] {dagbag.py:538} INFO - Filling up the DagBag from /home/myc-ti-2/airflow_workspace/airflow_env/lib/python3.10/site-packages/airflow/example_dags/example_short_circuit_operator.py
[2023-12-21T13:02:44.681-0300] {processor.py:840} INFO - DAG(s) 'example_short_circuit_operator' retrieved from /home/myc-ti-2/airflow_workspace/airflow_env/lib/python3.10/site-packages/airflow/example_dags/example_short_circuit_operator.py
[2023-12-21T13:02:44.713-0300] {logging_mixin.py:188} INFO - [2023-12-21T13:02:44.713-0300] {dag.py:3033} INFO - Sync 1 DAGs
[2023-12-21T13:02:44.748-0300] {logging_mixin.py:188} INFO - [2023-12-21T13:02:44.748-0300] {dag.py:3820} INFO - Setting next_dagrun for example_short_circuit_operator to 2023-12-20T00:00:00+00:00, run_after=2023-12-21T00:00:00+00:00
[2023-12-21T13:02:44.858-0300] {processor.py:183} INFO - Processing /home/myc-ti-2/airflow_workspace/airflow_env/lib/python3.10/site-packages/airflow/example_dags/example_short_circuit_operator.py took 0.199 seconds
[2023-12-21T13:03:42.518-0300] {processor.py:161} INFO - Started process (PID=7435) to work on /home/myc-ti-2/airflow_workspace/airflow_env/lib/python3.10/site-packages/airflow/example_dags/example_short_circuit_operator.py
[2023-12-21T13:03:42.523-0300] {processor.py:830} INFO - Processing file /home/myc-ti-2/airflow_workspace/airflow_env/lib/python3.10/site-packages/airflow/example_dags/example_short_circuit_operator.py for tasks to queue
[2023-12-21T13:03:42.525-0300] {logging_mixin.py:188} INFO - [2023-12-21T13:03:42.524-0300] {dagbag.py:538} INFO - Filling up the DagBag from /home/myc-ti-2/airflow_workspace/airflow_env/lib/python3.10/site-packages/airflow/example_dags/example_short_circuit_operator.py
[2023-12-21T13:03:42.546-0300] {processor.py:840} INFO - DAG(s) 'example_short_circuit_operator' retrieved from /home/myc-ti-2/airflow_workspace/airflow_env/lib/python3.10/site-packages/airflow/example_dags/example_short_circuit_operator.py
[2023-12-21T13:03:42.581-0300] {logging_mixin.py:188} INFO - [2023-12-21T13:03:42.581-0300] {dag.py:3033} INFO - Sync 1 DAGs
[2023-12-21T13:03:42.612-0300] {logging_mixin.py:188} INFO - [2023-12-21T13:03:42.612-0300] {dag.py:3820} INFO - Setting next_dagrun for example_short_circuit_operator to 2023-12-20T00:00:00+00:00, run_after=2023-12-21T00:00:00+00:00
[2023-12-21T13:03:42.718-0300] {processor.py:183} INFO - Processing /home/myc-ti-2/airflow_workspace/airflow_env/lib/python3.10/site-packages/airflow/example_dags/example_short_circuit_operator.py took 0.207 seconds
[2023-12-21T13:04:41.415-0300] {processor.py:161} INFO - Started process (PID=7490) to work on /home/myc-ti-2/airflow_workspace/airflow_env/lib/python3.10/site-packages/airflow/example_dags/example_short_circuit_operator.py
[2023-12-21T13:04:41.418-0300] {processor.py:830} INFO - Processing file /home/myc-ti-2/airflow_workspace/airflow_env/lib/python3.10/site-packages/airflow/example_dags/example_short_circuit_operator.py for tasks to queue
[2023-12-21T13:04:41.420-0300] {logging_mixin.py:188} INFO - [2023-12-21T13:04:41.419-0300] {dagbag.py:538} INFO - Filling up the DagBag from /home/myc-ti-2/airflow_workspace/airflow_env/lib/python3.10/site-packages/airflow/example_dags/example_short_circuit_operator.py
[2023-12-21T13:04:41.441-0300] {processor.py:840} INFO - DAG(s) 'example_short_circuit_operator' retrieved from /home/myc-ti-2/airflow_workspace/airflow_env/lib/python3.10/site-packages/airflow/example_dags/example_short_circuit_operator.py
[2023-12-21T13:04:41.475-0300] {logging_mixin.py:188} INFO - [2023-12-21T13:04:41.474-0300] {dag.py:3033} INFO - Sync 1 DAGs
[2023-12-21T13:04:41.506-0300] {logging_mixin.py:188} INFO - [2023-12-21T13:04:41.506-0300] {dag.py:3820} INFO - Setting next_dagrun for example_short_circuit_operator to 2023-12-20T00:00:00+00:00, run_after=2023-12-21T00:00:00+00:00
[2023-12-21T13:04:41.623-0300] {processor.py:183} INFO - Processing /home/myc-ti-2/airflow_workspace/airflow_env/lib/python3.10/site-packages/airflow/example_dags/example_short_circuit_operator.py took 0.215 seconds
[2023-12-21T13:05:52.969-0300] {processor.py:161} INFO - Started process (PID=7562) to work on /home/myc-ti-2/airflow_workspace/airflow_env/lib/python3.10/site-packages/airflow/example_dags/example_short_circuit_operator.py
[2023-12-21T13:05:52.976-0300] {processor.py:830} INFO - Processing file /home/myc-ti-2/airflow_workspace/airflow_env/lib/python3.10/site-packages/airflow/example_dags/example_short_circuit_operator.py for tasks to queue
[2023-12-21T13:05:52.978-0300] {logging_mixin.py:188} INFO - [2023-12-21T13:05:52.977-0300] {dagbag.py:538} INFO - Filling up the DagBag from /home/myc-ti-2/airflow_workspace/airflow_env/lib/python3.10/site-packages/airflow/example_dags/example_short_circuit_operator.py
[2023-12-21T13:05:53.000-0300] {processor.py:840} INFO - DAG(s) 'example_short_circuit_operator' retrieved from /home/myc-ti-2/airflow_workspace/airflow_env/lib/python3.10/site-packages/airflow/example_dags/example_short_circuit_operator.py
[2023-12-21T13:05:53.028-0300] {logging_mixin.py:188} INFO - [2023-12-21T13:05:53.028-0300] {dag.py:3033} INFO - Sync 1 DAGs
[2023-12-21T13:05:53.054-0300] {logging_mixin.py:188} INFO - [2023-12-21T13:05:53.054-0300] {dag.py:3820} INFO - Setting next_dagrun for example_short_circuit_operator to 2023-12-20T00:00:00+00:00, run_after=2023-12-21T00:00:00+00:00
[2023-12-21T13:05:53.169-0300] {processor.py:183} INFO - Processing /home/myc-ti-2/airflow_workspace/airflow_env/lib/python3.10/site-packages/airflow/example_dags/example_short_circuit_operator.py took 0.208 seconds
[2023-12-21T13:07:03.695-0300] {processor.py:161} INFO - Started process (PID=7709) to work on /home/myc-ti-2/airflow_workspace/airflow_env/lib/python3.10/site-packages/airflow/example_dags/example_short_circuit_operator.py
[2023-12-21T13:07:03.712-0300] {processor.py:830} INFO - Processing file /home/myc-ti-2/airflow_workspace/airflow_env/lib/python3.10/site-packages/airflow/example_dags/example_short_circuit_operator.py for tasks to queue
[2023-12-21T13:07:03.714-0300] {logging_mixin.py:188} INFO - [2023-12-21T13:07:03.713-0300] {dagbag.py:538} INFO - Filling up the DagBag from /home/myc-ti-2/airflow_workspace/airflow_env/lib/python3.10/site-packages/airflow/example_dags/example_short_circuit_operator.py
[2023-12-21T13:07:03.735-0300] {processor.py:840} INFO - DAG(s) 'example_short_circuit_operator' retrieved from /home/myc-ti-2/airflow_workspace/airflow_env/lib/python3.10/site-packages/airflow/example_dags/example_short_circuit_operator.py
[2023-12-21T13:07:03.773-0300] {logging_mixin.py:188} INFO - [2023-12-21T13:07:03.772-0300] {dag.py:3033} INFO - Sync 1 DAGs
[2023-12-21T13:07:03.803-0300] {logging_mixin.py:188} INFO - [2023-12-21T13:07:03.803-0300] {dag.py:3820} INFO - Setting next_dagrun for example_short_circuit_operator to 2023-12-20T00:00:00+00:00, run_after=2023-12-21T00:00:00+00:00
[2023-12-21T13:07:03.895-0300] {processor.py:183} INFO - Processing /home/myc-ti-2/airflow_workspace/airflow_env/lib/python3.10/site-packages/airflow/example_dags/example_short_circuit_operator.py took 0.207 seconds
[2023-12-21T13:08:19.748-0300] {processor.py:161} INFO - Started process (PID=8541) to work on /home/myc-ti-2/airflow_workspace/airflow_env/lib/python3.10/site-packages/airflow/example_dags/example_short_circuit_operator.py
[2023-12-21T13:08:19.759-0300] {processor.py:830} INFO - Processing file /home/myc-ti-2/airflow_workspace/airflow_env/lib/python3.10/site-packages/airflow/example_dags/example_short_circuit_operator.py for tasks to queue
[2023-12-21T13:08:19.760-0300] {logging_mixin.py:188} INFO - [2023-12-21T13:08:19.759-0300] {dagbag.py:538} INFO - Filling up the DagBag from /home/myc-ti-2/airflow_workspace/airflow_env/lib/python3.10/site-packages/airflow/example_dags/example_short_circuit_operator.py
[2023-12-21T13:08:19.771-0300] {processor.py:840} INFO - DAG(s) 'example_short_circuit_operator' retrieved from /home/myc-ti-2/airflow_workspace/airflow_env/lib/python3.10/site-packages/airflow/example_dags/example_short_circuit_operator.py
[2023-12-21T13:08:19.797-0300] {logging_mixin.py:188} INFO - [2023-12-21T13:08:19.796-0300] {dag.py:3033} INFO - Sync 1 DAGs
[2023-12-21T13:08:19.826-0300] {logging_mixin.py:188} INFO - [2023-12-21T13:08:19.826-0300] {dag.py:3820} INFO - Setting next_dagrun for example_short_circuit_operator to 2023-12-20T00:00:00+00:00, run_after=2023-12-21T00:00:00+00:00
[2023-12-21T13:08:19.945-0300] {processor.py:183} INFO - Processing /home/myc-ti-2/airflow_workspace/airflow_env/lib/python3.10/site-packages/airflow/example_dags/example_short_circuit_operator.py took 0.202 seconds
[2023-12-21T13:09:22.258-0300] {processor.py:161} INFO - Started process (PID=9244) to work on /home/myc-ti-2/airflow_workspace/airflow_env/lib/python3.10/site-packages/airflow/example_dags/example_short_circuit_operator.py
[2023-12-21T13:09:22.298-0300] {processor.py:830} INFO - Processing file /home/myc-ti-2/airflow_workspace/airflow_env/lib/python3.10/site-packages/airflow/example_dags/example_short_circuit_operator.py for tasks to queue
[2023-12-21T13:09:22.300-0300] {logging_mixin.py:188} INFO - [2023-12-21T13:09:22.299-0300] {dagbag.py:538} INFO - Filling up the DagBag from /home/myc-ti-2/airflow_workspace/airflow_env/lib/python3.10/site-packages/airflow/example_dags/example_short_circuit_operator.py
[2023-12-21T13:09:22.322-0300] {processor.py:840} INFO - DAG(s) 'example_short_circuit_operator' retrieved from /home/myc-ti-2/airflow_workspace/airflow_env/lib/python3.10/site-packages/airflow/example_dags/example_short_circuit_operator.py
[2023-12-21T13:09:22.369-0300] {logging_mixin.py:188} INFO - [2023-12-21T13:09:22.368-0300] {dag.py:3033} INFO - Sync 1 DAGs
[2023-12-21T13:09:22.401-0300] {logging_mixin.py:188} INFO - [2023-12-21T13:09:22.400-0300] {dag.py:3820} INFO - Setting next_dagrun for example_short_circuit_operator to 2023-12-20T00:00:00+00:00, run_after=2023-12-21T00:00:00+00:00
[2023-12-21T13:09:22.563-0300] {processor.py:183} INFO - Processing /home/myc-ti-2/airflow_workspace/airflow_env/lib/python3.10/site-packages/airflow/example_dags/example_short_circuit_operator.py took 0.313 seconds
[2023-12-21T13:10:32.457-0300] {processor.py:161} INFO - Started process (PID=9436) to work on /home/myc-ti-2/airflow_workspace/airflow_env/lib/python3.10/site-packages/airflow/example_dags/example_short_circuit_operator.py
[2023-12-21T13:10:32.492-0300] {processor.py:830} INFO - Processing file /home/myc-ti-2/airflow_workspace/airflow_env/lib/python3.10/site-packages/airflow/example_dags/example_short_circuit_operator.py for tasks to queue
[2023-12-21T13:10:32.494-0300] {logging_mixin.py:188} INFO - [2023-12-21T13:10:32.494-0300] {dagbag.py:538} INFO - Filling up the DagBag from /home/myc-ti-2/airflow_workspace/airflow_env/lib/python3.10/site-packages/airflow/example_dags/example_short_circuit_operator.py
[2023-12-21T13:10:32.516-0300] {processor.py:840} INFO - DAG(s) 'example_short_circuit_operator' retrieved from /home/myc-ti-2/airflow_workspace/airflow_env/lib/python3.10/site-packages/airflow/example_dags/example_short_circuit_operator.py
[2023-12-21T13:10:32.562-0300] {logging_mixin.py:188} INFO - [2023-12-21T13:10:32.562-0300] {dag.py:3033} INFO - Sync 1 DAGs
[2023-12-21T13:10:32.593-0300] {logging_mixin.py:188} INFO - [2023-12-21T13:10:32.593-0300] {dag.py:3820} INFO - Setting next_dagrun for example_short_circuit_operator to 2023-12-20T00:00:00+00:00, run_after=2023-12-21T00:00:00+00:00
[2023-12-21T13:10:32.776-0300] {processor.py:183} INFO - Processing /home/myc-ti-2/airflow_workspace/airflow_env/lib/python3.10/site-packages/airflow/example_dags/example_short_circuit_operator.py took 0.326 seconds
[2023-12-21T13:11:38.765-0300] {processor.py:161} INFO - Started process (PID=9935) to work on /home/myc-ti-2/airflow_workspace/airflow_env/lib/python3.10/site-packages/airflow/example_dags/example_short_circuit_operator.py
[2023-12-21T13:11:38.781-0300] {processor.py:830} INFO - Processing file /home/myc-ti-2/airflow_workspace/airflow_env/lib/python3.10/site-packages/airflow/example_dags/example_short_circuit_operator.py for tasks to queue
[2023-12-21T13:11:38.782-0300] {logging_mixin.py:188} INFO - [2023-12-21T13:11:38.782-0300] {dagbag.py:538} INFO - Filling up the DagBag from /home/myc-ti-2/airflow_workspace/airflow_env/lib/python3.10/site-packages/airflow/example_dags/example_short_circuit_operator.py
[2023-12-21T13:11:38.793-0300] {processor.py:840} INFO - DAG(s) 'example_short_circuit_operator' retrieved from /home/myc-ti-2/airflow_workspace/airflow_env/lib/python3.10/site-packages/airflow/example_dags/example_short_circuit_operator.py
[2023-12-21T13:11:38.821-0300] {logging_mixin.py:188} INFO - [2023-12-21T13:11:38.820-0300] {dag.py:3033} INFO - Sync 1 DAGs
[2023-12-21T13:11:38.852-0300] {logging_mixin.py:188} INFO - [2023-12-21T13:11:38.852-0300] {dag.py:3820} INFO - Setting next_dagrun for example_short_circuit_operator to 2023-12-20T00:00:00+00:00, run_after=2023-12-21T00:00:00+00:00
[2023-12-21T13:11:39.025-0300] {processor.py:183} INFO - Processing /home/myc-ti-2/airflow_workspace/airflow_env/lib/python3.10/site-packages/airflow/example_dags/example_short_circuit_operator.py took 0.264 seconds
[2023-12-21T13:12:40.025-0300] {processor.py:161} INFO - Started process (PID=10100) to work on /home/myc-ti-2/airflow_workspace/airflow_env/lib/python3.10/site-packages/airflow/example_dags/example_short_circuit_operator.py
[2023-12-21T13:12:40.027-0300] {processor.py:830} INFO - Processing file /home/myc-ti-2/airflow_workspace/airflow_env/lib/python3.10/site-packages/airflow/example_dags/example_short_circuit_operator.py for tasks to queue
[2023-12-21T13:12:40.029-0300] {logging_mixin.py:188} INFO - [2023-12-21T13:12:40.028-0300] {dagbag.py:538} INFO - Filling up the DagBag from /home/myc-ti-2/airflow_workspace/airflow_env/lib/python3.10/site-packages/airflow/example_dags/example_short_circuit_operator.py
[2023-12-21T13:12:40.051-0300] {processor.py:840} INFO - DAG(s) 'example_short_circuit_operator' retrieved from /home/myc-ti-2/airflow_workspace/airflow_env/lib/python3.10/site-packages/airflow/example_dags/example_short_circuit_operator.py
[2023-12-21T13:12:40.084-0300] {logging_mixin.py:188} INFO - [2023-12-21T13:12:40.084-0300] {dag.py:3033} INFO - Sync 1 DAGs
[2023-12-21T13:12:40.115-0300] {logging_mixin.py:188} INFO - [2023-12-21T13:12:40.115-0300] {dag.py:3820} INFO - Setting next_dagrun for example_short_circuit_operator to 2023-12-20T00:00:00+00:00, run_after=2023-12-21T00:00:00+00:00
[2023-12-21T13:12:40.287-0300] {processor.py:183} INFO - Processing /home/myc-ti-2/airflow_workspace/airflow_env/lib/python3.10/site-packages/airflow/example_dags/example_short_circuit_operator.py took 0.269 seconds
[2023-12-21T13:13:43.945-0300] {processor.py:161} INFO - Started process (PID=10298) to work on /home/myc-ti-2/airflow_workspace/airflow_env/lib/python3.10/site-packages/airflow/example_dags/example_short_circuit_operator.py
[2023-12-21T13:13:43.963-0300] {processor.py:830} INFO - Processing file /home/myc-ti-2/airflow_workspace/airflow_env/lib/python3.10/site-packages/airflow/example_dags/example_short_circuit_operator.py for tasks to queue
[2023-12-21T13:13:43.965-0300] {logging_mixin.py:188} INFO - [2023-12-21T13:13:43.964-0300] {dagbag.py:538} INFO - Filling up the DagBag from /home/myc-ti-2/airflow_workspace/airflow_env/lib/python3.10/site-packages/airflow/example_dags/example_short_circuit_operator.py
[2023-12-21T13:13:43.987-0300] {processor.py:840} INFO - DAG(s) 'example_short_circuit_operator' retrieved from /home/myc-ti-2/airflow_workspace/airflow_env/lib/python3.10/site-packages/airflow/example_dags/example_short_circuit_operator.py
[2023-12-21T13:13:44.028-0300] {logging_mixin.py:188} INFO - [2023-12-21T13:13:44.028-0300] {dag.py:3033} INFO - Sync 1 DAGs
[2023-12-21T13:13:44.059-0300] {logging_mixin.py:188} INFO - [2023-12-21T13:13:44.059-0300] {dag.py:3820} INFO - Setting next_dagrun for example_short_circuit_operator to 2023-12-20T00:00:00+00:00, run_after=2023-12-21T00:00:00+00:00
[2023-12-21T13:13:44.166-0300] {processor.py:183} INFO - Processing /home/myc-ti-2/airflow_workspace/airflow_env/lib/python3.10/site-packages/airflow/example_dags/example_short_circuit_operator.py took 0.228 seconds
[2023-12-21T13:14:48.150-0300] {processor.py:161} INFO - Started process (PID=10390) to work on /home/myc-ti-2/airflow_workspace/airflow_env/lib/python3.10/site-packages/airflow/example_dags/example_short_circuit_operator.py
[2023-12-21T13:14:48.168-0300] {processor.py:830} INFO - Processing file /home/myc-ti-2/airflow_workspace/airflow_env/lib/python3.10/site-packages/airflow/example_dags/example_short_circuit_operator.py for tasks to queue
[2023-12-21T13:14:48.171-0300] {logging_mixin.py:188} INFO - [2023-12-21T13:14:48.170-0300] {dagbag.py:538} INFO - Filling up the DagBag from /home/myc-ti-2/airflow_workspace/airflow_env/lib/python3.10/site-packages/airflow/example_dags/example_short_circuit_operator.py
[2023-12-21T13:14:48.191-0300] {processor.py:840} INFO - DAG(s) 'example_short_circuit_operator' retrieved from /home/myc-ti-2/airflow_workspace/airflow_env/lib/python3.10/site-packages/airflow/example_dags/example_short_circuit_operator.py
[2023-12-21T13:14:48.233-0300] {logging_mixin.py:188} INFO - [2023-12-21T13:14:48.232-0300] {dag.py:3033} INFO - Sync 1 DAGs
[2023-12-21T13:14:48.265-0300] {logging_mixin.py:188} INFO - [2023-12-21T13:14:48.265-0300] {dag.py:3820} INFO - Setting next_dagrun for example_short_circuit_operator to 2023-12-20T00:00:00+00:00, run_after=2023-12-21T00:00:00+00:00
[2023-12-21T13:14:48.372-0300] {processor.py:183} INFO - Processing /home/myc-ti-2/airflow_workspace/airflow_env/lib/python3.10/site-packages/airflow/example_dags/example_short_circuit_operator.py took 0.229 seconds
