[2023-12-21T12:57:53.159-0300] {processor.py:161} INFO - Started process (PID=7015) to work on /home/myc-ti-2/airflow_workspace/airflow_env/lib/python3.10/site-packages/airflow/example_dags/example_subdag_operator.py
[2023-12-21T12:57:53.161-0300] {processor.py:830} INFO - Processing file /home/myc-ti-2/airflow_workspace/airflow_env/lib/python3.10/site-packages/airflow/example_dags/example_subdag_operator.py for tasks to queue
[2023-12-21T12:57:53.163-0300] {logging_mixin.py:188} INFO - [2023-12-21T12:57:53.162-0300] {dagbag.py:538} INFO - Filling up the DagBag from /home/myc-ti-2/airflow_workspace/airflow_env/lib/python3.10/site-packages/airflow/example_dags/example_subdag_operator.py
[2023-12-21T12:57:53.206-0300] {processor.py:840} INFO - DAG(s) 'example_subdag_operator.section-1', 'example_subdag_operator.section-2', 'example_subdag_operator' retrieved from /home/myc-ti-2/airflow_workspace/airflow_env/lib/python3.10/site-packages/airflow/example_dags/example_subdag_operator.py
[2023-12-21T12:57:53.540-0300] {logging_mixin.py:188} INFO - [2023-12-21T12:57:53.538-0300] {override.py:1769} INFO - Created Permission View: can edit on DAG:example_subdag_operator
[2023-12-21T12:57:53.639-0300] {logging_mixin.py:188} INFO - [2023-12-21T12:57:53.638-0300] {override.py:1769} INFO - Created Permission View: can delete on DAG:example_subdag_operator
[2023-12-21T12:57:53.731-0300] {logging_mixin.py:188} INFO - [2023-12-21T12:57:53.730-0300] {override.py:1769} INFO - Created Permission View: can read on DAG:example_subdag_operator
[2023-12-21T12:57:53.732-0300] {logging_mixin.py:188} INFO - [2023-12-21T12:57:53.732-0300] {dag.py:3033} INFO - Sync 3 DAGs
[2023-12-21T12:57:53.763-0300] {logging_mixin.py:188} INFO - [2023-12-21T12:57:53.763-0300] {dag.py:3055} INFO - Creating ORM DAG for example_subdag_operator
[2023-12-21T12:57:53.765-0300] {logging_mixin.py:188} INFO - [2023-12-21T12:57:53.764-0300] {dag.py:3055} INFO - Creating ORM DAG for example_subdag_operator.section-1
[2023-12-21T12:57:53.766-0300] {logging_mixin.py:188} INFO - [2023-12-21T12:57:53.766-0300] {dag.py:3055} INFO - Creating ORM DAG for example_subdag_operator.section-2
[2023-12-21T12:57:53.788-0300] {logging_mixin.py:188} INFO - [2023-12-21T12:57:53.788-0300] {dag.py:3820} INFO - Setting next_dagrun for example_subdag_operator to 2022-01-01T00:00:00+00:00, run_after=2022-01-01T00:00:00+00:00
[2023-12-21T12:57:53.789-0300] {logging_mixin.py:188} INFO - [2023-12-21T12:57:53.789-0300] {dag.py:3820} INFO - Setting next_dagrun for example_subdag_operator.section-1 to None, run_after=None
[2023-12-21T12:57:53.790-0300] {logging_mixin.py:188} INFO - [2023-12-21T12:57:53.790-0300] {dag.py:3820} INFO - Setting next_dagrun for example_subdag_operator.section-2 to None, run_after=None
[2023-12-21T12:57:53.805-0300] {logging_mixin.py:188} INFO - [2023-12-21T12:57:53.805-0300] {dag.py:3033} INFO - Sync 2 DAGs
[2023-12-21T12:57:53.812-0300] {logging_mixin.py:188} INFO - [2023-12-21T12:57:53.811-0300] {dag.py:3820} INFO - Setting next_dagrun for example_subdag_operator.section-1 to None, run_after=None
[2023-12-21T12:57:53.816-0300] {logging_mixin.py:188} INFO - [2023-12-21T12:57:53.815-0300] {dag.py:3820} INFO - Setting next_dagrun for example_subdag_operator.section-2 to None, run_after=None
[2023-12-21T12:57:53.962-0300] {processor.py:183} INFO - Processing /home/myc-ti-2/airflow_workspace/airflow_env/lib/python3.10/site-packages/airflow/example_dags/example_subdag_operator.py took 0.810 seconds
[2023-12-21T12:59:31.689-0300] {processor.py:161} INFO - Started process (PID=7142) to work on /home/myc-ti-2/airflow_workspace/airflow_env/lib/python3.10/site-packages/airflow/example_dags/example_subdag_operator.py
[2023-12-21T12:59:31.692-0300] {processor.py:830} INFO - Processing file /home/myc-ti-2/airflow_workspace/airflow_env/lib/python3.10/site-packages/airflow/example_dags/example_subdag_operator.py for tasks to queue
[2023-12-21T12:59:31.693-0300] {logging_mixin.py:188} INFO - [2023-12-21T12:59:31.693-0300] {dagbag.py:538} INFO - Filling up the DagBag from /home/myc-ti-2/airflow_workspace/airflow_env/lib/python3.10/site-packages/airflow/example_dags/example_subdag_operator.py
[2023-12-21T12:59:31.735-0300] {processor.py:840} INFO - DAG(s) 'example_subdag_operator.section-1', 'example_subdag_operator.section-2', 'example_subdag_operator' retrieved from /home/myc-ti-2/airflow_workspace/airflow_env/lib/python3.10/site-packages/airflow/example_dags/example_subdag_operator.py
[2023-12-21T12:59:31.761-0300] {logging_mixin.py:188} INFO - [2023-12-21T12:59:31.761-0300] {dag.py:3033} INFO - Sync 3 DAGs
[2023-12-21T12:59:31.791-0300] {logging_mixin.py:188} INFO - [2023-12-21T12:59:31.791-0300] {dag.py:3820} INFO - Setting next_dagrun for example_subdag_operator to 2022-01-01T00:00:00+00:00, run_after=2022-01-01T00:00:00+00:00
[2023-12-21T12:59:31.797-0300] {logging_mixin.py:188} INFO - [2023-12-21T12:59:31.796-0300] {dag.py:3820} INFO - Setting next_dagrun for example_subdag_operator.section-1 to None, run_after=None
[2023-12-21T12:59:31.798-0300] {logging_mixin.py:188} INFO - [2023-12-21T12:59:31.798-0300] {dag.py:3820} INFO - Setting next_dagrun for example_subdag_operator.section-2 to None, run_after=None
[2023-12-21T12:59:31.807-0300] {logging_mixin.py:188} INFO - [2023-12-21T12:59:31.807-0300] {dag.py:3033} INFO - Sync 2 DAGs
[2023-12-21T12:59:31.814-0300] {logging_mixin.py:188} INFO - [2023-12-21T12:59:31.813-0300] {dag.py:3820} INFO - Setting next_dagrun for example_subdag_operator.section-1 to None, run_after=None
[2023-12-21T12:59:31.814-0300] {logging_mixin.py:188} INFO - [2023-12-21T12:59:31.814-0300] {dag.py:3820} INFO - Setting next_dagrun for example_subdag_operator.section-2 to None, run_after=None
[2023-12-21T12:59:31.926-0300] {processor.py:183} INFO - Processing /home/myc-ti-2/airflow_workspace/airflow_env/lib/python3.10/site-packages/airflow/example_dags/example_subdag_operator.py took 0.244 seconds
[2023-12-21T13:00:31.229-0300] {processor.py:161} INFO - Started process (PID=7206) to work on /home/myc-ti-2/airflow_workspace/airflow_env/lib/python3.10/site-packages/airflow/example_dags/example_subdag_operator.py
[2023-12-21T13:00:31.245-0300] {processor.py:830} INFO - Processing file /home/myc-ti-2/airflow_workspace/airflow_env/lib/python3.10/site-packages/airflow/example_dags/example_subdag_operator.py for tasks to queue
[2023-12-21T13:00:31.247-0300] {logging_mixin.py:188} INFO - [2023-12-21T13:00:31.246-0300] {dagbag.py:538} INFO - Filling up the DagBag from /home/myc-ti-2/airflow_workspace/airflow_env/lib/python3.10/site-packages/airflow/example_dags/example_subdag_operator.py
[2023-12-21T13:00:31.298-0300] {processor.py:840} INFO - DAG(s) 'example_subdag_operator.section-1', 'example_subdag_operator.section-2', 'example_subdag_operator' retrieved from /home/myc-ti-2/airflow_workspace/airflow_env/lib/python3.10/site-packages/airflow/example_dags/example_subdag_operator.py
[2023-12-21T13:00:31.327-0300] {logging_mixin.py:188} INFO - [2023-12-21T13:00:31.327-0300] {dag.py:3033} INFO - Sync 3 DAGs
[2023-12-21T13:00:31.360-0300] {logging_mixin.py:188} INFO - [2023-12-21T13:00:31.359-0300] {dag.py:3820} INFO - Setting next_dagrun for example_subdag_operator to 2022-01-01T00:00:00+00:00, run_after=2022-01-01T00:00:00+00:00
[2023-12-21T13:00:31.365-0300] {logging_mixin.py:188} INFO - [2023-12-21T13:00:31.365-0300] {dag.py:3820} INFO - Setting next_dagrun for example_subdag_operator.section-1 to None, run_after=None
[2023-12-21T13:00:31.366-0300] {logging_mixin.py:188} INFO - [2023-12-21T13:00:31.366-0300] {dag.py:3820} INFO - Setting next_dagrun for example_subdag_operator.section-2 to None, run_after=None
[2023-12-21T13:00:31.377-0300] {logging_mixin.py:188} INFO - [2023-12-21T13:00:31.377-0300] {dag.py:3033} INFO - Sync 2 DAGs
[2023-12-21T13:00:31.384-0300] {logging_mixin.py:188} INFO - [2023-12-21T13:00:31.383-0300] {dag.py:3820} INFO - Setting next_dagrun for example_subdag_operator.section-1 to None, run_after=None
[2023-12-21T13:00:31.384-0300] {logging_mixin.py:188} INFO - [2023-12-21T13:00:31.384-0300] {dag.py:3820} INFO - Setting next_dagrun for example_subdag_operator.section-2 to None, run_after=None
[2023-12-21T13:00:31.484-0300] {processor.py:183} INFO - Processing /home/myc-ti-2/airflow_workspace/airflow_env/lib/python3.10/site-packages/airflow/example_dags/example_subdag_operator.py took 0.262 seconds
[2023-12-21T13:01:43.348-0300] {processor.py:161} INFO - Started process (PID=7302) to work on /home/myc-ti-2/airflow_workspace/airflow_env/lib/python3.10/site-packages/airflow/example_dags/example_subdag_operator.py
[2023-12-21T13:01:43.357-0300] {processor.py:830} INFO - Processing file /home/myc-ti-2/airflow_workspace/airflow_env/lib/python3.10/site-packages/airflow/example_dags/example_subdag_operator.py for tasks to queue
[2023-12-21T13:01:43.359-0300] {logging_mixin.py:188} INFO - [2023-12-21T13:01:43.358-0300] {dagbag.py:538} INFO - Filling up the DagBag from /home/myc-ti-2/airflow_workspace/airflow_env/lib/python3.10/site-packages/airflow/example_dags/example_subdag_operator.py
[2023-12-21T13:01:43.402-0300] {processor.py:840} INFO - DAG(s) 'example_subdag_operator.section-1', 'example_subdag_operator.section-2', 'example_subdag_operator' retrieved from /home/myc-ti-2/airflow_workspace/airflow_env/lib/python3.10/site-packages/airflow/example_dags/example_subdag_operator.py
[2023-12-21T13:01:43.428-0300] {logging_mixin.py:188} INFO - [2023-12-21T13:01:43.428-0300] {dag.py:3033} INFO - Sync 3 DAGs
[2023-12-21T13:01:43.460-0300] {logging_mixin.py:188} INFO - [2023-12-21T13:01:43.459-0300] {dag.py:3820} INFO - Setting next_dagrun for example_subdag_operator to 2022-01-01T00:00:00+00:00, run_after=2022-01-01T00:00:00+00:00
[2023-12-21T13:01:43.465-0300] {logging_mixin.py:188} INFO - [2023-12-21T13:01:43.465-0300] {dag.py:3820} INFO - Setting next_dagrun for example_subdag_operator.section-1 to None, run_after=None
[2023-12-21T13:01:43.467-0300] {logging_mixin.py:188} INFO - [2023-12-21T13:01:43.466-0300] {dag.py:3820} INFO - Setting next_dagrun for example_subdag_operator.section-2 to None, run_after=None
[2023-12-21T13:01:43.476-0300] {logging_mixin.py:188} INFO - [2023-12-21T13:01:43.475-0300] {dag.py:3033} INFO - Sync 2 DAGs
[2023-12-21T13:01:43.482-0300] {logging_mixin.py:188} INFO - [2023-12-21T13:01:43.482-0300] {dag.py:3820} INFO - Setting next_dagrun for example_subdag_operator.section-1 to None, run_after=None
[2023-12-21T13:01:43.483-0300] {logging_mixin.py:188} INFO - [2023-12-21T13:01:43.482-0300] {dag.py:3820} INFO - Setting next_dagrun for example_subdag_operator.section-2 to None, run_after=None
[2023-12-21T13:01:43.562-0300] {processor.py:183} INFO - Processing /home/myc-ti-2/airflow_workspace/airflow_env/lib/python3.10/site-packages/airflow/example_dags/example_subdag_operator.py took 0.221 seconds
[2023-12-21T13:02:54.097-0300] {processor.py:161} INFO - Started process (PID=7381) to work on /home/myc-ti-2/airflow_workspace/airflow_env/lib/python3.10/site-packages/airflow/example_dags/example_subdag_operator.py
[2023-12-21T13:02:54.099-0300] {processor.py:830} INFO - Processing file /home/myc-ti-2/airflow_workspace/airflow_env/lib/python3.10/site-packages/airflow/example_dags/example_subdag_operator.py for tasks to queue
[2023-12-21T13:02:54.101-0300] {logging_mixin.py:188} INFO - [2023-12-21T13:02:54.100-0300] {dagbag.py:538} INFO - Filling up the DagBag from /home/myc-ti-2/airflow_workspace/airflow_env/lib/python3.10/site-packages/airflow/example_dags/example_subdag_operator.py
[2023-12-21T13:02:54.143-0300] {processor.py:840} INFO - DAG(s) 'example_subdag_operator.section-1', 'example_subdag_operator.section-2', 'example_subdag_operator' retrieved from /home/myc-ti-2/airflow_workspace/airflow_env/lib/python3.10/site-packages/airflow/example_dags/example_subdag_operator.py
[2023-12-21T13:02:54.170-0300] {logging_mixin.py:188} INFO - [2023-12-21T13:02:54.169-0300] {dag.py:3033} INFO - Sync 3 DAGs
[2023-12-21T13:02:54.200-0300] {logging_mixin.py:188} INFO - [2023-12-21T13:02:54.200-0300] {dag.py:3820} INFO - Setting next_dagrun for example_subdag_operator to 2022-01-01T00:00:00+00:00, run_after=2022-01-01T00:00:00+00:00
[2023-12-21T13:02:54.205-0300] {logging_mixin.py:188} INFO - [2023-12-21T13:02:54.205-0300] {dag.py:3820} INFO - Setting next_dagrun for example_subdag_operator.section-1 to None, run_after=None
[2023-12-21T13:02:54.207-0300] {logging_mixin.py:188} INFO - [2023-12-21T13:02:54.206-0300] {dag.py:3820} INFO - Setting next_dagrun for example_subdag_operator.section-2 to None, run_after=None
[2023-12-21T13:02:54.215-0300] {logging_mixin.py:188} INFO - [2023-12-21T13:02:54.215-0300] {dag.py:3033} INFO - Sync 2 DAGs
[2023-12-21T13:02:54.222-0300] {logging_mixin.py:188} INFO - [2023-12-21T13:02:54.222-0300] {dag.py:3820} INFO - Setting next_dagrun for example_subdag_operator.section-1 to None, run_after=None
[2023-12-21T13:02:54.223-0300] {logging_mixin.py:188} INFO - [2023-12-21T13:02:54.222-0300] {dag.py:3820} INFO - Setting next_dagrun for example_subdag_operator.section-2 to None, run_after=None
[2023-12-21T13:02:54.318-0300] {processor.py:183} INFO - Processing /home/myc-ti-2/airflow_workspace/airflow_env/lib/python3.10/site-packages/airflow/example_dags/example_subdag_operator.py took 0.228 seconds
[2023-12-21T13:03:52.050-0300] {processor.py:161} INFO - Started process (PID=7444) to work on /home/myc-ti-2/airflow_workspace/airflow_env/lib/python3.10/site-packages/airflow/example_dags/example_subdag_operator.py
[2023-12-21T13:03:52.052-0300] {processor.py:830} INFO - Processing file /home/myc-ti-2/airflow_workspace/airflow_env/lib/python3.10/site-packages/airflow/example_dags/example_subdag_operator.py for tasks to queue
[2023-12-21T13:03:52.053-0300] {logging_mixin.py:188} INFO - [2023-12-21T13:03:52.052-0300] {dagbag.py:538} INFO - Filling up the DagBag from /home/myc-ti-2/airflow_workspace/airflow_env/lib/python3.10/site-packages/airflow/example_dags/example_subdag_operator.py
[2023-12-21T13:03:52.087-0300] {processor.py:840} INFO - DAG(s) 'example_subdag_operator.section-1', 'example_subdag_operator.section-2', 'example_subdag_operator' retrieved from /home/myc-ti-2/airflow_workspace/airflow_env/lib/python3.10/site-packages/airflow/example_dags/example_subdag_operator.py
[2023-12-21T13:03:52.110-0300] {logging_mixin.py:188} INFO - [2023-12-21T13:03:52.109-0300] {dag.py:3033} INFO - Sync 3 DAGs
[2023-12-21T13:03:52.134-0300] {logging_mixin.py:188} INFO - [2023-12-21T13:03:52.134-0300] {dag.py:3820} INFO - Setting next_dagrun for example_subdag_operator to 2022-01-01T00:00:00+00:00, run_after=2022-01-01T00:00:00+00:00
[2023-12-21T13:03:52.139-0300] {logging_mixin.py:188} INFO - [2023-12-21T13:03:52.138-0300] {dag.py:3820} INFO - Setting next_dagrun for example_subdag_operator.section-1 to None, run_after=None
[2023-12-21T13:03:52.140-0300] {logging_mixin.py:188} INFO - [2023-12-21T13:03:52.140-0300] {dag.py:3820} INFO - Setting next_dagrun for example_subdag_operator.section-2 to None, run_after=None
[2023-12-21T13:03:52.148-0300] {logging_mixin.py:188} INFO - [2023-12-21T13:03:52.148-0300] {dag.py:3033} INFO - Sync 2 DAGs
[2023-12-21T13:03:52.155-0300] {logging_mixin.py:188} INFO - [2023-12-21T13:03:52.155-0300] {dag.py:3820} INFO - Setting next_dagrun for example_subdag_operator.section-1 to None, run_after=None
[2023-12-21T13:03:52.155-0300] {logging_mixin.py:188} INFO - [2023-12-21T13:03:52.155-0300] {dag.py:3820} INFO - Setting next_dagrun for example_subdag_operator.section-2 to None, run_after=None
[2023-12-21T13:03:52.261-0300] {processor.py:183} INFO - Processing /home/myc-ti-2/airflow_workspace/airflow_env/lib/python3.10/site-packages/airflow/example_dags/example_subdag_operator.py took 0.217 seconds
[2023-12-21T13:04:49.624-0300] {processor.py:161} INFO - Started process (PID=7499) to work on /home/myc-ti-2/airflow_workspace/airflow_env/lib/python3.10/site-packages/airflow/example_dags/example_subdag_operator.py
[2023-12-21T13:04:49.642-0300] {processor.py:830} INFO - Processing file /home/myc-ti-2/airflow_workspace/airflow_env/lib/python3.10/site-packages/airflow/example_dags/example_subdag_operator.py for tasks to queue
[2023-12-21T13:04:49.644-0300] {logging_mixin.py:188} INFO - [2023-12-21T13:04:49.643-0300] {dagbag.py:538} INFO - Filling up the DagBag from /home/myc-ti-2/airflow_workspace/airflow_env/lib/python3.10/site-packages/airflow/example_dags/example_subdag_operator.py
[2023-12-21T13:04:49.693-0300] {processor.py:840} INFO - DAG(s) 'example_subdag_operator.section-1', 'example_subdag_operator.section-2', 'example_subdag_operator' retrieved from /home/myc-ti-2/airflow_workspace/airflow_env/lib/python3.10/site-packages/airflow/example_dags/example_subdag_operator.py
[2023-12-21T13:04:49.721-0300] {logging_mixin.py:188} INFO - [2023-12-21T13:04:49.721-0300] {dag.py:3033} INFO - Sync 3 DAGs
[2023-12-21T13:04:49.752-0300] {logging_mixin.py:188} INFO - [2023-12-21T13:04:49.752-0300] {dag.py:3820} INFO - Setting next_dagrun for example_subdag_operator to 2022-01-01T00:00:00+00:00, run_after=2022-01-01T00:00:00+00:00
[2023-12-21T13:04:49.757-0300] {logging_mixin.py:188} INFO - [2023-12-21T13:04:49.757-0300] {dag.py:3820} INFO - Setting next_dagrun for example_subdag_operator.section-1 to None, run_after=None
[2023-12-21T13:04:49.759-0300] {logging_mixin.py:188} INFO - [2023-12-21T13:04:49.758-0300] {dag.py:3820} INFO - Setting next_dagrun for example_subdag_operator.section-2 to None, run_after=None
[2023-12-21T13:04:49.768-0300] {logging_mixin.py:188} INFO - [2023-12-21T13:04:49.767-0300] {dag.py:3033} INFO - Sync 2 DAGs
[2023-12-21T13:04:49.775-0300] {logging_mixin.py:188} INFO - [2023-12-21T13:04:49.774-0300] {dag.py:3820} INFO - Setting next_dagrun for example_subdag_operator.section-1 to None, run_after=None
[2023-12-21T13:04:49.775-0300] {logging_mixin.py:188} INFO - [2023-12-21T13:04:49.775-0300] {dag.py:3820} INFO - Setting next_dagrun for example_subdag_operator.section-2 to None, run_after=None
[2023-12-21T13:04:49.889-0300] {processor.py:183} INFO - Processing /home/myc-ti-2/airflow_workspace/airflow_env/lib/python3.10/site-packages/airflow/example_dags/example_subdag_operator.py took 0.273 seconds
[2023-12-21T13:06:02.940-0300] {processor.py:161} INFO - Started process (PID=7570) to work on /home/myc-ti-2/airflow_workspace/airflow_env/lib/python3.10/site-packages/airflow/example_dags/example_subdag_operator.py
[2023-12-21T13:06:02.942-0300] {processor.py:830} INFO - Processing file /home/myc-ti-2/airflow_workspace/airflow_env/lib/python3.10/site-packages/airflow/example_dags/example_subdag_operator.py for tasks to queue
[2023-12-21T13:06:02.945-0300] {logging_mixin.py:188} INFO - [2023-12-21T13:06:02.944-0300] {dagbag.py:538} INFO - Filling up the DagBag from /home/myc-ti-2/airflow_workspace/airflow_env/lib/python3.10/site-packages/airflow/example_dags/example_subdag_operator.py
[2023-12-21T13:06:02.988-0300] {processor.py:840} INFO - DAG(s) 'example_subdag_operator.section-1', 'example_subdag_operator.section-2', 'example_subdag_operator' retrieved from /home/myc-ti-2/airflow_workspace/airflow_env/lib/python3.10/site-packages/airflow/example_dags/example_subdag_operator.py
[2023-12-21T13:06:03.016-0300] {logging_mixin.py:188} INFO - [2023-12-21T13:06:03.015-0300] {dag.py:3033} INFO - Sync 3 DAGs
[2023-12-21T13:06:03.051-0300] {logging_mixin.py:188} INFO - [2023-12-21T13:06:03.050-0300] {dag.py:3820} INFO - Setting next_dagrun for example_subdag_operator to 2022-01-01T00:00:00+00:00, run_after=2022-01-01T00:00:00+00:00
[2023-12-21T13:06:03.057-0300] {logging_mixin.py:188} INFO - [2023-12-21T13:06:03.057-0300] {dag.py:3820} INFO - Setting next_dagrun for example_subdag_operator.section-1 to None, run_after=None
[2023-12-21T13:06:03.059-0300] {logging_mixin.py:188} INFO - [2023-12-21T13:06:03.059-0300] {dag.py:3820} INFO - Setting next_dagrun for example_subdag_operator.section-2 to None, run_after=None
[2023-12-21T13:06:03.069-0300] {logging_mixin.py:188} INFO - [2023-12-21T13:06:03.069-0300] {dag.py:3033} INFO - Sync 2 DAGs
[2023-12-21T13:06:03.076-0300] {logging_mixin.py:188} INFO - [2023-12-21T13:06:03.075-0300] {dag.py:3820} INFO - Setting next_dagrun for example_subdag_operator.section-1 to None, run_after=None
[2023-12-21T13:06:03.076-0300] {logging_mixin.py:188} INFO - [2023-12-21T13:06:03.076-0300] {dag.py:3820} INFO - Setting next_dagrun for example_subdag_operator.section-2 to None, run_after=None
[2023-12-21T13:06:03.178-0300] {processor.py:183} INFO - Processing /home/myc-ti-2/airflow_workspace/airflow_env/lib/python3.10/site-packages/airflow/example_dags/example_subdag_operator.py took 0.246 seconds
[2023-12-21T13:07:16.934-0300] {processor.py:161} INFO - Started process (PID=7725) to work on /home/myc-ti-2/airflow_workspace/airflow_env/lib/python3.10/site-packages/airflow/example_dags/example_subdag_operator.py
[2023-12-21T13:07:16.940-0300] {processor.py:830} INFO - Processing file /home/myc-ti-2/airflow_workspace/airflow_env/lib/python3.10/site-packages/airflow/example_dags/example_subdag_operator.py for tasks to queue
[2023-12-21T13:07:16.941-0300] {logging_mixin.py:188} INFO - [2023-12-21T13:07:16.941-0300] {dagbag.py:538} INFO - Filling up the DagBag from /home/myc-ti-2/airflow_workspace/airflow_env/lib/python3.10/site-packages/airflow/example_dags/example_subdag_operator.py
[2023-12-21T13:07:16.974-0300] {processor.py:840} INFO - DAG(s) 'example_subdag_operator.section-1', 'example_subdag_operator.section-2', 'example_subdag_operator' retrieved from /home/myc-ti-2/airflow_workspace/airflow_env/lib/python3.10/site-packages/airflow/example_dags/example_subdag_operator.py
[2023-12-21T13:07:17.003-0300] {logging_mixin.py:188} INFO - [2023-12-21T13:07:17.003-0300] {dag.py:3033} INFO - Sync 3 DAGs
[2023-12-21T13:07:17.037-0300] {logging_mixin.py:188} INFO - [2023-12-21T13:07:17.037-0300] {dag.py:3820} INFO - Setting next_dagrun for example_subdag_operator to 2022-01-01T00:00:00+00:00, run_after=2022-01-01T00:00:00+00:00
[2023-12-21T13:07:17.043-0300] {logging_mixin.py:188} INFO - [2023-12-21T13:07:17.043-0300] {dag.py:3820} INFO - Setting next_dagrun for example_subdag_operator.section-1 to None, run_after=None
[2023-12-21T13:07:17.045-0300] {logging_mixin.py:188} INFO - [2023-12-21T13:07:17.045-0300] {dag.py:3820} INFO - Setting next_dagrun for example_subdag_operator.section-2 to None, run_after=None
[2023-12-21T13:07:17.057-0300] {logging_mixin.py:188} INFO - [2023-12-21T13:07:17.057-0300] {dag.py:3033} INFO - Sync 2 DAGs
[2023-12-21T13:07:17.064-0300] {logging_mixin.py:188} INFO - [2023-12-21T13:07:17.064-0300] {dag.py:3820} INFO - Setting next_dagrun for example_subdag_operator.section-1 to None, run_after=None
[2023-12-21T13:07:17.064-0300] {logging_mixin.py:188} INFO - [2023-12-21T13:07:17.064-0300] {dag.py:3820} INFO - Setting next_dagrun for example_subdag_operator.section-2 to None, run_after=None
[2023-12-21T13:07:17.150-0300] {processor.py:183} INFO - Processing /home/myc-ti-2/airflow_workspace/airflow_env/lib/python3.10/site-packages/airflow/example_dags/example_subdag_operator.py took 0.221 seconds
[2023-12-21T13:08:29.880-0300] {processor.py:161} INFO - Started process (PID=8624) to work on /home/myc-ti-2/airflow_workspace/airflow_env/lib/python3.10/site-packages/airflow/example_dags/example_subdag_operator.py
[2023-12-21T13:08:29.895-0300] {processor.py:830} INFO - Processing file /home/myc-ti-2/airflow_workspace/airflow_env/lib/python3.10/site-packages/airflow/example_dags/example_subdag_operator.py for tasks to queue
[2023-12-21T13:08:29.897-0300] {logging_mixin.py:188} INFO - [2023-12-21T13:08:29.896-0300] {dagbag.py:538} INFO - Filling up the DagBag from /home/myc-ti-2/airflow_workspace/airflow_env/lib/python3.10/site-packages/airflow/example_dags/example_subdag_operator.py
[2023-12-21T13:08:29.926-0300] {processor.py:840} INFO - DAG(s) 'example_subdag_operator.section-1', 'example_subdag_operator.section-2', 'example_subdag_operator' retrieved from /home/myc-ti-2/airflow_workspace/airflow_env/lib/python3.10/site-packages/airflow/example_dags/example_subdag_operator.py
[2023-12-21T13:08:29.951-0300] {logging_mixin.py:188} INFO - [2023-12-21T13:08:29.951-0300] {dag.py:3033} INFO - Sync 3 DAGs
[2023-12-21T13:08:29.983-0300] {logging_mixin.py:188} INFO - [2023-12-21T13:08:29.982-0300] {dag.py:3820} INFO - Setting next_dagrun for example_subdag_operator to 2022-01-01T00:00:00+00:00, run_after=2022-01-01T00:00:00+00:00
[2023-12-21T13:08:29.988-0300] {logging_mixin.py:188} INFO - [2023-12-21T13:08:29.988-0300] {dag.py:3820} INFO - Setting next_dagrun for example_subdag_operator.section-1 to None, run_after=None
[2023-12-21T13:08:29.990-0300] {logging_mixin.py:188} INFO - [2023-12-21T13:08:29.989-0300] {dag.py:3820} INFO - Setting next_dagrun for example_subdag_operator.section-2 to None, run_after=None
[2023-12-21T13:08:29.999-0300] {logging_mixin.py:188} INFO - [2023-12-21T13:08:29.999-0300] {dag.py:3033} INFO - Sync 2 DAGs
[2023-12-21T13:08:30.006-0300] {logging_mixin.py:188} INFO - [2023-12-21T13:08:30.005-0300] {dag.py:3820} INFO - Setting next_dagrun for example_subdag_operator.section-1 to None, run_after=None
[2023-12-21T13:08:30.006-0300] {logging_mixin.py:188} INFO - [2023-12-21T13:08:30.006-0300] {dag.py:3820} INFO - Setting next_dagrun for example_subdag_operator.section-2 to None, run_after=None
[2023-12-21T13:08:30.152-0300] {processor.py:183} INFO - Processing /home/myc-ti-2/airflow_workspace/airflow_env/lib/python3.10/site-packages/airflow/example_dags/example_subdag_operator.py took 0.277 seconds
[2023-12-21T13:09:32.977-0300] {processor.py:161} INFO - Started process (PID=9253) to work on /home/myc-ti-2/airflow_workspace/airflow_env/lib/python3.10/site-packages/airflow/example_dags/example_subdag_operator.py
[2023-12-21T13:09:33.010-0300] {processor.py:830} INFO - Processing file /home/myc-ti-2/airflow_workspace/airflow_env/lib/python3.10/site-packages/airflow/example_dags/example_subdag_operator.py for tasks to queue
[2023-12-21T13:09:33.011-0300] {logging_mixin.py:188} INFO - [2023-12-21T13:09:33.011-0300] {dagbag.py:538} INFO - Filling up the DagBag from /home/myc-ti-2/airflow_workspace/airflow_env/lib/python3.10/site-packages/airflow/example_dags/example_subdag_operator.py
[2023-12-21T13:09:33.038-0300] {processor.py:840} INFO - DAG(s) 'example_subdag_operator.section-1', 'example_subdag_operator.section-2', 'example_subdag_operator' retrieved from /home/myc-ti-2/airflow_workspace/airflow_env/lib/python3.10/site-packages/airflow/example_dags/example_subdag_operator.py
[2023-12-21T13:09:33.059-0300] {logging_mixin.py:188} INFO - [2023-12-21T13:09:33.059-0300] {dag.py:3033} INFO - Sync 3 DAGs
[2023-12-21T13:09:33.088-0300] {logging_mixin.py:188} INFO - [2023-12-21T13:09:33.087-0300] {dag.py:3820} INFO - Setting next_dagrun for example_subdag_operator to 2022-01-01T00:00:00+00:00, run_after=2022-01-01T00:00:00+00:00
[2023-12-21T13:09:33.092-0300] {logging_mixin.py:188} INFO - [2023-12-21T13:09:33.092-0300] {dag.py:3820} INFO - Setting next_dagrun for example_subdag_operator.section-1 to None, run_after=None
[2023-12-21T13:09:33.094-0300] {logging_mixin.py:188} INFO - [2023-12-21T13:09:33.094-0300] {dag.py:3820} INFO - Setting next_dagrun for example_subdag_operator.section-2 to None, run_after=None
[2023-12-21T13:09:33.103-0300] {logging_mixin.py:188} INFO - [2023-12-21T13:09:33.103-0300] {dag.py:3033} INFO - Sync 2 DAGs
[2023-12-21T13:09:33.109-0300] {logging_mixin.py:188} INFO - [2023-12-21T13:09:33.108-0300] {dag.py:3820} INFO - Setting next_dagrun for example_subdag_operator.section-1 to None, run_after=None
[2023-12-21T13:09:33.109-0300] {logging_mixin.py:188} INFO - [2023-12-21T13:09:33.109-0300] {dag.py:3820} INFO - Setting next_dagrun for example_subdag_operator.section-2 to None, run_after=None
[2023-12-21T13:09:33.274-0300] {processor.py:183} INFO - Processing /home/myc-ti-2/airflow_workspace/airflow_env/lib/python3.10/site-packages/airflow/example_dags/example_subdag_operator.py took 0.301 seconds
[2023-12-21T13:10:43.293-0300] {processor.py:161} INFO - Started process (PID=9479) to work on /home/myc-ti-2/airflow_workspace/airflow_env/lib/python3.10/site-packages/airflow/example_dags/example_subdag_operator.py
[2023-12-21T13:10:43.307-0300] {processor.py:830} INFO - Processing file /home/myc-ti-2/airflow_workspace/airflow_env/lib/python3.10/site-packages/airflow/example_dags/example_subdag_operator.py for tasks to queue
[2023-12-21T13:10:43.308-0300] {logging_mixin.py:188} INFO - [2023-12-21T13:10:43.308-0300] {dagbag.py:538} INFO - Filling up the DagBag from /home/myc-ti-2/airflow_workspace/airflow_env/lib/python3.10/site-packages/airflow/example_dags/example_subdag_operator.py
[2023-12-21T13:10:43.336-0300] {processor.py:840} INFO - DAG(s) 'example_subdag_operator.section-1', 'example_subdag_operator.section-2', 'example_subdag_operator' retrieved from /home/myc-ti-2/airflow_workspace/airflow_env/lib/python3.10/site-packages/airflow/example_dags/example_subdag_operator.py
[2023-12-21T13:10:43.359-0300] {logging_mixin.py:188} INFO - [2023-12-21T13:10:43.359-0300] {dag.py:3033} INFO - Sync 3 DAGs
[2023-12-21T13:10:43.386-0300] {logging_mixin.py:188} INFO - [2023-12-21T13:10:43.385-0300] {dag.py:3820} INFO - Setting next_dagrun for example_subdag_operator to 2022-01-01T00:00:00+00:00, run_after=2022-01-01T00:00:00+00:00
[2023-12-21T13:10:43.390-0300] {logging_mixin.py:188} INFO - [2023-12-21T13:10:43.390-0300] {dag.py:3820} INFO - Setting next_dagrun for example_subdag_operator.section-1 to None, run_after=None
[2023-12-21T13:10:43.392-0300] {logging_mixin.py:188} INFO - [2023-12-21T13:10:43.392-0300] {dag.py:3820} INFO - Setting next_dagrun for example_subdag_operator.section-2 to None, run_after=None
[2023-12-21T13:10:43.400-0300] {logging_mixin.py:188} INFO - [2023-12-21T13:10:43.400-0300] {dag.py:3033} INFO - Sync 2 DAGs
[2023-12-21T13:10:43.407-0300] {logging_mixin.py:188} INFO - [2023-12-21T13:10:43.406-0300] {dag.py:3820} INFO - Setting next_dagrun for example_subdag_operator.section-1 to None, run_after=None
[2023-12-21T13:10:43.407-0300] {logging_mixin.py:188} INFO - [2023-12-21T13:10:43.407-0300] {dag.py:3820} INFO - Setting next_dagrun for example_subdag_operator.section-2 to None, run_after=None
[2023-12-21T13:10:43.505-0300] {processor.py:183} INFO - Processing /home/myc-ti-2/airflow_workspace/airflow_env/lib/python3.10/site-packages/airflow/example_dags/example_subdag_operator.py took 0.216 seconds
[2023-12-21T13:11:50.032-0300] {processor.py:161} INFO - Started process (PID=10028) to work on /home/myc-ti-2/airflow_workspace/airflow_env/lib/python3.10/site-packages/airflow/example_dags/example_subdag_operator.py
[2023-12-21T13:11:50.034-0300] {processor.py:830} INFO - Processing file /home/myc-ti-2/airflow_workspace/airflow_env/lib/python3.10/site-packages/airflow/example_dags/example_subdag_operator.py for tasks to queue
[2023-12-21T13:11:50.036-0300] {logging_mixin.py:188} INFO - [2023-12-21T13:11:50.036-0300] {dagbag.py:538} INFO - Filling up the DagBag from /home/myc-ti-2/airflow_workspace/airflow_env/lib/python3.10/site-packages/airflow/example_dags/example_subdag_operator.py
[2023-12-21T13:11:50.078-0300] {processor.py:840} INFO - DAG(s) 'example_subdag_operator.section-1', 'example_subdag_operator.section-2', 'example_subdag_operator' retrieved from /home/myc-ti-2/airflow_workspace/airflow_env/lib/python3.10/site-packages/airflow/example_dags/example_subdag_operator.py
[2023-12-21T13:11:50.104-0300] {logging_mixin.py:188} INFO - [2023-12-21T13:11:50.104-0300] {dag.py:3033} INFO - Sync 3 DAGs
[2023-12-21T13:11:50.134-0300] {logging_mixin.py:188} INFO - [2023-12-21T13:11:50.134-0300] {dag.py:3820} INFO - Setting next_dagrun for example_subdag_operator to 2022-01-01T00:00:00+00:00, run_after=2022-01-01T00:00:00+00:00
[2023-12-21T13:11:50.140-0300] {logging_mixin.py:188} INFO - [2023-12-21T13:11:50.139-0300] {dag.py:3820} INFO - Setting next_dagrun for example_subdag_operator.section-1 to None, run_after=None
[2023-12-21T13:11:50.141-0300] {logging_mixin.py:188} INFO - [2023-12-21T13:11:50.141-0300] {dag.py:3820} INFO - Setting next_dagrun for example_subdag_operator.section-2 to None, run_after=None
[2023-12-21T13:11:50.150-0300] {logging_mixin.py:188} INFO - [2023-12-21T13:11:50.150-0300] {dag.py:3033} INFO - Sync 2 DAGs
[2023-12-21T13:11:50.157-0300] {logging_mixin.py:188} INFO - [2023-12-21T13:11:50.157-0300] {dag.py:3820} INFO - Setting next_dagrun for example_subdag_operator.section-1 to None, run_after=None
[2023-12-21T13:11:50.157-0300] {logging_mixin.py:188} INFO - [2023-12-21T13:11:50.157-0300] {dag.py:3820} INFO - Setting next_dagrun for example_subdag_operator.section-2 to None, run_after=None
[2023-12-21T13:11:50.270-0300] {processor.py:183} INFO - Processing /home/myc-ti-2/airflow_workspace/airflow_env/lib/python3.10/site-packages/airflow/example_dags/example_subdag_operator.py took 0.245 seconds
[2023-12-21T13:12:50.986-0300] {processor.py:161} INFO - Started process (PID=10112) to work on /home/myc-ti-2/airflow_workspace/airflow_env/lib/python3.10/site-packages/airflow/example_dags/example_subdag_operator.py
[2023-12-21T13:12:50.996-0300] {processor.py:830} INFO - Processing file /home/myc-ti-2/airflow_workspace/airflow_env/lib/python3.10/site-packages/airflow/example_dags/example_subdag_operator.py for tasks to queue
[2023-12-21T13:12:50.998-0300] {logging_mixin.py:188} INFO - [2023-12-21T13:12:50.997-0300] {dagbag.py:538} INFO - Filling up the DagBag from /home/myc-ti-2/airflow_workspace/airflow_env/lib/python3.10/site-packages/airflow/example_dags/example_subdag_operator.py
[2023-12-21T13:12:51.045-0300] {processor.py:840} INFO - DAG(s) 'example_subdag_operator.section-1', 'example_subdag_operator.section-2', 'example_subdag_operator' retrieved from /home/myc-ti-2/airflow_workspace/airflow_env/lib/python3.10/site-packages/airflow/example_dags/example_subdag_operator.py
[2023-12-21T13:12:51.071-0300] {logging_mixin.py:188} INFO - [2023-12-21T13:12:51.071-0300] {dag.py:3033} INFO - Sync 3 DAGs
[2023-12-21T13:12:51.101-0300] {logging_mixin.py:188} INFO - [2023-12-21T13:12:51.101-0300] {dag.py:3820} INFO - Setting next_dagrun for example_subdag_operator to 2022-01-01T00:00:00+00:00, run_after=2022-01-01T00:00:00+00:00
[2023-12-21T13:12:51.106-0300] {logging_mixin.py:188} INFO - [2023-12-21T13:12:51.106-0300] {dag.py:3820} INFO - Setting next_dagrun for example_subdag_operator.section-1 to None, run_after=None
[2023-12-21T13:12:51.108-0300] {logging_mixin.py:188} INFO - [2023-12-21T13:12:51.108-0300] {dag.py:3820} INFO - Setting next_dagrun for example_subdag_operator.section-2 to None, run_after=None
[2023-12-21T13:12:51.117-0300] {logging_mixin.py:188} INFO - [2023-12-21T13:12:51.117-0300] {dag.py:3033} INFO - Sync 2 DAGs
[2023-12-21T13:12:51.126-0300] {logging_mixin.py:188} INFO - [2023-12-21T13:12:51.125-0300] {dag.py:3820} INFO - Setting next_dagrun for example_subdag_operator.section-1 to None, run_after=None
[2023-12-21T13:12:51.126-0300] {logging_mixin.py:188} INFO - [2023-12-21T13:12:51.126-0300] {dag.py:3820} INFO - Setting next_dagrun for example_subdag_operator.section-2 to None, run_after=None
[2023-12-21T13:12:51.230-0300] {processor.py:183} INFO - Processing /home/myc-ti-2/airflow_workspace/airflow_env/lib/python3.10/site-packages/airflow/example_dags/example_subdag_operator.py took 0.252 seconds
[2023-12-21T13:13:53.400-0300] {processor.py:161} INFO - Started process (PID=10307) to work on /home/myc-ti-2/airflow_workspace/airflow_env/lib/python3.10/site-packages/airflow/example_dags/example_subdag_operator.py
[2023-12-21T13:13:53.410-0300] {processor.py:830} INFO - Processing file /home/myc-ti-2/airflow_workspace/airflow_env/lib/python3.10/site-packages/airflow/example_dags/example_subdag_operator.py for tasks to queue
[2023-12-21T13:13:53.412-0300] {logging_mixin.py:188} INFO - [2023-12-21T13:13:53.411-0300] {dagbag.py:538} INFO - Filling up the DagBag from /home/myc-ti-2/airflow_workspace/airflow_env/lib/python3.10/site-packages/airflow/example_dags/example_subdag_operator.py
[2023-12-21T13:13:53.459-0300] {processor.py:840} INFO - DAG(s) 'example_subdag_operator.section-1', 'example_subdag_operator.section-2', 'example_subdag_operator' retrieved from /home/myc-ti-2/airflow_workspace/airflow_env/lib/python3.10/site-packages/airflow/example_dags/example_subdag_operator.py
[2023-12-21T13:13:53.486-0300] {logging_mixin.py:188} INFO - [2023-12-21T13:13:53.485-0300] {dag.py:3033} INFO - Sync 3 DAGs
[2023-12-21T13:13:53.518-0300] {logging_mixin.py:188} INFO - [2023-12-21T13:13:53.517-0300] {dag.py:3820} INFO - Setting next_dagrun for example_subdag_operator to 2022-01-01T00:00:00+00:00, run_after=2022-01-01T00:00:00+00:00
[2023-12-21T13:13:53.523-0300] {logging_mixin.py:188} INFO - [2023-12-21T13:13:53.522-0300] {dag.py:3820} INFO - Setting next_dagrun for example_subdag_operator.section-1 to None, run_after=None
[2023-12-21T13:13:53.524-0300] {logging_mixin.py:188} INFO - [2023-12-21T13:13:53.524-0300] {dag.py:3820} INFO - Setting next_dagrun for example_subdag_operator.section-2 to None, run_after=None
[2023-12-21T13:13:53.533-0300] {logging_mixin.py:188} INFO - [2023-12-21T13:13:53.533-0300] {dag.py:3033} INFO - Sync 2 DAGs
[2023-12-21T13:13:53.540-0300] {logging_mixin.py:188} INFO - [2023-12-21T13:13:53.540-0300] {dag.py:3820} INFO - Setting next_dagrun for example_subdag_operator.section-1 to None, run_after=None
[2023-12-21T13:13:53.540-0300] {logging_mixin.py:188} INFO - [2023-12-21T13:13:53.540-0300] {dag.py:3820} INFO - Setting next_dagrun for example_subdag_operator.section-2 to None, run_after=None
[2023-12-21T13:13:53.633-0300] {processor.py:183} INFO - Processing /home/myc-ti-2/airflow_workspace/airflow_env/lib/python3.10/site-packages/airflow/example_dags/example_subdag_operator.py took 0.240 seconds
[2023-12-21T13:14:58.916-0300] {processor.py:161} INFO - Started process (PID=10445) to work on /home/myc-ti-2/airflow_workspace/airflow_env/lib/python3.10/site-packages/airflow/example_dags/example_subdag_operator.py
[2023-12-21T13:14:58.918-0300] {processor.py:830} INFO - Processing file /home/myc-ti-2/airflow_workspace/airflow_env/lib/python3.10/site-packages/airflow/example_dags/example_subdag_operator.py for tasks to queue
[2023-12-21T13:14:58.920-0300] {logging_mixin.py:188} INFO - [2023-12-21T13:14:58.919-0300] {dagbag.py:538} INFO - Filling up the DagBag from /home/myc-ti-2/airflow_workspace/airflow_env/lib/python3.10/site-packages/airflow/example_dags/example_subdag_operator.py
[2023-12-21T13:14:58.963-0300] {processor.py:840} INFO - DAG(s) 'example_subdag_operator.section-1', 'example_subdag_operator.section-2', 'example_subdag_operator' retrieved from /home/myc-ti-2/airflow_workspace/airflow_env/lib/python3.10/site-packages/airflow/example_dags/example_subdag_operator.py
[2023-12-21T13:14:58.989-0300] {logging_mixin.py:188} INFO - [2023-12-21T13:14:58.989-0300] {dag.py:3033} INFO - Sync 3 DAGs
[2023-12-21T13:14:59.021-0300] {logging_mixin.py:188} INFO - [2023-12-21T13:14:59.021-0300] {dag.py:3820} INFO - Setting next_dagrun for example_subdag_operator to 2022-01-01T00:00:00+00:00, run_after=2022-01-01T00:00:00+00:00
[2023-12-21T13:14:59.026-0300] {logging_mixin.py:188} INFO - [2023-12-21T13:14:59.026-0300] {dag.py:3820} INFO - Setting next_dagrun for example_subdag_operator.section-1 to None, run_after=None
[2023-12-21T13:14:59.028-0300] {logging_mixin.py:188} INFO - [2023-12-21T13:14:59.028-0300] {dag.py:3820} INFO - Setting next_dagrun for example_subdag_operator.section-2 to None, run_after=None
[2023-12-21T13:14:59.037-0300] {logging_mixin.py:188} INFO - [2023-12-21T13:14:59.037-0300] {dag.py:3033} INFO - Sync 2 DAGs
[2023-12-21T13:14:59.044-0300] {logging_mixin.py:188} INFO - [2023-12-21T13:14:59.044-0300] {dag.py:3820} INFO - Setting next_dagrun for example_subdag_operator.section-1 to None, run_after=None
[2023-12-21T13:14:59.044-0300] {logging_mixin.py:188} INFO - [2023-12-21T13:14:59.044-0300] {dag.py:3820} INFO - Setting next_dagrun for example_subdag_operator.section-2 to None, run_after=None
[2023-12-21T13:14:59.157-0300] {processor.py:183} INFO - Processing /home/myc-ti-2/airflow_workspace/airflow_env/lib/python3.10/site-packages/airflow/example_dags/example_subdag_operator.py took 0.248 seconds
