[2023-12-21T12:58:43.798-0300] {processor.py:161} INFO - Started process (PID=7087) to work on /home/myc-ti-2/airflow_workspace/airflow_env/lib/python3.10/site-packages/airflow/example_dags/example_branch_operator_decorator.py
[2023-12-21T12:58:43.800-0300] {processor.py:830} INFO - Processing file /home/myc-ti-2/airflow_workspace/airflow_env/lib/python3.10/site-packages/airflow/example_dags/example_branch_operator_decorator.py for tasks to queue
[2023-12-21T12:58:43.802-0300] {logging_mixin.py:188} INFO - [2023-12-21T12:58:43.801-0300] {dagbag.py:538} INFO - Filling up the DagBag from /home/myc-ti-2/airflow_workspace/airflow_env/lib/python3.10/site-packages/airflow/example_dags/example_branch_operator_decorator.py
[2023-12-21T12:58:43.843-0300] {processor.py:840} INFO - DAG(s) 'example_branch_python_operator_decorator' retrieved from /home/myc-ti-2/airflow_workspace/airflow_env/lib/python3.10/site-packages/airflow/example_dags/example_branch_operator_decorator.py
[2023-12-21T12:58:44.213-0300] {logging_mixin.py:188} INFO - [2023-12-21T12:58:44.211-0300] {override.py:1769} INFO - Created Permission View: can edit on DAG:example_branch_python_operator_decorator
[2023-12-21T12:58:44.320-0300] {logging_mixin.py:188} INFO - [2023-12-21T12:58:44.320-0300] {override.py:1769} INFO - Created Permission View: can delete on DAG:example_branch_python_operator_decorator
[2023-12-21T12:58:44.420-0300] {logging_mixin.py:188} INFO - [2023-12-21T12:58:44.420-0300] {override.py:1769} INFO - Created Permission View: can read on DAG:example_branch_python_operator_decorator
[2023-12-21T12:58:44.421-0300] {logging_mixin.py:188} INFO - [2023-12-21T12:58:44.421-0300] {dag.py:3033} INFO - Sync 1 DAGs
[2023-12-21T12:58:44.449-0300] {logging_mixin.py:188} INFO - [2023-12-21T12:58:44.448-0300] {dag.py:3055} INFO - Creating ORM DAG for example_branch_python_operator_decorator
[2023-12-21T12:58:44.475-0300] {logging_mixin.py:188} INFO - [2023-12-21T12:58:44.475-0300] {dag.py:3820} INFO - Setting next_dagrun for example_branch_python_operator_decorator to 2023-12-20T00:00:00+00:00, run_after=2023-12-21T00:00:00+00:00
[2023-12-21T12:58:44.637-0300] {processor.py:183} INFO - Processing /home/myc-ti-2/airflow_workspace/airflow_env/lib/python3.10/site-packages/airflow/example_dags/example_branch_operator_decorator.py took 0.845 seconds
[2023-12-21T12:59:57.435-0300] {processor.py:161} INFO - Started process (PID=7168) to work on /home/myc-ti-2/airflow_workspace/airflow_env/lib/python3.10/site-packages/airflow/example_dags/example_branch_operator_decorator.py
[2023-12-21T12:59:57.444-0300] {processor.py:830} INFO - Processing file /home/myc-ti-2/airflow_workspace/airflow_env/lib/python3.10/site-packages/airflow/example_dags/example_branch_operator_decorator.py for tasks to queue
[2023-12-21T12:59:57.446-0300] {logging_mixin.py:188} INFO - [2023-12-21T12:59:57.445-0300] {dagbag.py:538} INFO - Filling up the DagBag from /home/myc-ti-2/airflow_workspace/airflow_env/lib/python3.10/site-packages/airflow/example_dags/example_branch_operator_decorator.py
[2023-12-21T12:59:57.492-0300] {processor.py:840} INFO - DAG(s) 'example_branch_python_operator_decorator' retrieved from /home/myc-ti-2/airflow_workspace/airflow_env/lib/python3.10/site-packages/airflow/example_dags/example_branch_operator_decorator.py
[2023-12-21T12:59:57.530-0300] {logging_mixin.py:188} INFO - [2023-12-21T12:59:57.530-0300] {dag.py:3033} INFO - Sync 1 DAGs
[2023-12-21T12:59:57.564-0300] {logging_mixin.py:188} INFO - [2023-12-21T12:59:57.564-0300] {dag.py:3820} INFO - Setting next_dagrun for example_branch_python_operator_decorator to 2023-12-20T00:00:00+00:00, run_after=2023-12-21T00:00:00+00:00
[2023-12-21T12:59:57.659-0300] {processor.py:183} INFO - Processing /home/myc-ti-2/airflow_workspace/airflow_env/lib/python3.10/site-packages/airflow/example_dags/example_branch_operator_decorator.py took 0.231 seconds
[2023-12-21T13:01:09.181-0300] {processor.py:161} INFO - Started process (PID=7265) to work on /home/myc-ti-2/airflow_workspace/airflow_env/lib/python3.10/site-packages/airflow/example_dags/example_branch_operator_decorator.py
[2023-12-21T13:01:09.183-0300] {processor.py:830} INFO - Processing file /home/myc-ti-2/airflow_workspace/airflow_env/lib/python3.10/site-packages/airflow/example_dags/example_branch_operator_decorator.py for tasks to queue
[2023-12-21T13:01:09.184-0300] {logging_mixin.py:188} INFO - [2023-12-21T13:01:09.184-0300] {dagbag.py:538} INFO - Filling up the DagBag from /home/myc-ti-2/airflow_workspace/airflow_env/lib/python3.10/site-packages/airflow/example_dags/example_branch_operator_decorator.py
[2023-12-21T13:01:09.215-0300] {processor.py:840} INFO - DAG(s) 'example_branch_python_operator_decorator' retrieved from /home/myc-ti-2/airflow_workspace/airflow_env/lib/python3.10/site-packages/airflow/example_dags/example_branch_operator_decorator.py
[2023-12-21T13:01:09.254-0300] {logging_mixin.py:188} INFO - [2023-12-21T13:01:09.254-0300] {dag.py:3033} INFO - Sync 1 DAGs
[2023-12-21T13:01:09.288-0300] {logging_mixin.py:188} INFO - [2023-12-21T13:01:09.288-0300] {dag.py:3820} INFO - Setting next_dagrun for example_branch_python_operator_decorator to 2023-12-20T00:00:00+00:00, run_after=2023-12-21T00:00:00+00:00
[2023-12-21T13:01:09.449-0300] {processor.py:183} INFO - Processing /home/myc-ti-2/airflow_workspace/airflow_env/lib/python3.10/site-packages/airflow/example_dags/example_branch_operator_decorator.py took 0.273 seconds
[2023-12-21T13:02:15.575-0300] {processor.py:161} INFO - Started process (PID=7344) to work on /home/myc-ti-2/airflow_workspace/airflow_env/lib/python3.10/site-packages/airflow/example_dags/example_branch_operator_decorator.py
[2023-12-21T13:02:15.589-0300] {processor.py:830} INFO - Processing file /home/myc-ti-2/airflow_workspace/airflow_env/lib/python3.10/site-packages/airflow/example_dags/example_branch_operator_decorator.py for tasks to queue
[2023-12-21T13:02:15.590-0300] {logging_mixin.py:188} INFO - [2023-12-21T13:02:15.590-0300] {dagbag.py:538} INFO - Filling up the DagBag from /home/myc-ti-2/airflow_workspace/airflow_env/lib/python3.10/site-packages/airflow/example_dags/example_branch_operator_decorator.py
[2023-12-21T13:02:15.621-0300] {processor.py:840} INFO - DAG(s) 'example_branch_python_operator_decorator' retrieved from /home/myc-ti-2/airflow_workspace/airflow_env/lib/python3.10/site-packages/airflow/example_dags/example_branch_operator_decorator.py
[2023-12-21T13:02:15.653-0300] {logging_mixin.py:188} INFO - [2023-12-21T13:02:15.653-0300] {dag.py:3033} INFO - Sync 1 DAGs
[2023-12-21T13:02:15.682-0300] {logging_mixin.py:188} INFO - [2023-12-21T13:02:15.682-0300] {dag.py:3820} INFO - Setting next_dagrun for example_branch_python_operator_decorator to 2023-12-20T00:00:00+00:00, run_after=2023-12-21T00:00:00+00:00
[2023-12-21T13:02:15.855-0300] {processor.py:183} INFO - Processing /home/myc-ti-2/airflow_workspace/airflow_env/lib/python3.10/site-packages/airflow/example_dags/example_branch_operator_decorator.py took 0.286 seconds
[2023-12-21T13:03:17.821-0300] {processor.py:161} INFO - Started process (PID=7411) to work on /home/myc-ti-2/airflow_workspace/airflow_env/lib/python3.10/site-packages/airflow/example_dags/example_branch_operator_decorator.py
[2023-12-21T13:03:17.837-0300] {processor.py:830} INFO - Processing file /home/myc-ti-2/airflow_workspace/airflow_env/lib/python3.10/site-packages/airflow/example_dags/example_branch_operator_decorator.py for tasks to queue
[2023-12-21T13:03:17.839-0300] {logging_mixin.py:188} INFO - [2023-12-21T13:03:17.838-0300] {dagbag.py:538} INFO - Filling up the DagBag from /home/myc-ti-2/airflow_workspace/airflow_env/lib/python3.10/site-packages/airflow/example_dags/example_branch_operator_decorator.py
[2023-12-21T13:03:17.889-0300] {processor.py:840} INFO - DAG(s) 'example_branch_python_operator_decorator' retrieved from /home/myc-ti-2/airflow_workspace/airflow_env/lib/python3.10/site-packages/airflow/example_dags/example_branch_operator_decorator.py
[2023-12-21T13:03:17.929-0300] {logging_mixin.py:188} INFO - [2023-12-21T13:03:17.928-0300] {dag.py:3033} INFO - Sync 1 DAGs
[2023-12-21T13:03:17.965-0300] {logging_mixin.py:188} INFO - [2023-12-21T13:03:17.964-0300] {dag.py:3820} INFO - Setting next_dagrun for example_branch_python_operator_decorator to 2023-12-20T00:00:00+00:00, run_after=2023-12-21T00:00:00+00:00
[2023-12-21T13:03:18.064-0300] {processor.py:183} INFO - Processing /home/myc-ti-2/airflow_workspace/airflow_env/lib/python3.10/site-packages/airflow/example_dags/example_branch_operator_decorator.py took 0.251 seconds
[2023-12-21T13:04:17.385-0300] {processor.py:161} INFO - Started process (PID=7468) to work on /home/myc-ti-2/airflow_workspace/airflow_env/lib/python3.10/site-packages/airflow/example_dags/example_branch_operator_decorator.py
[2023-12-21T13:04:17.387-0300] {processor.py:830} INFO - Processing file /home/myc-ti-2/airflow_workspace/airflow_env/lib/python3.10/site-packages/airflow/example_dags/example_branch_operator_decorator.py for tasks to queue
[2023-12-21T13:04:17.390-0300] {logging_mixin.py:188} INFO - [2023-12-21T13:04:17.389-0300] {dagbag.py:538} INFO - Filling up the DagBag from /home/myc-ti-2/airflow_workspace/airflow_env/lib/python3.10/site-packages/airflow/example_dags/example_branch_operator_decorator.py
[2023-12-21T13:04:17.432-0300] {processor.py:840} INFO - DAG(s) 'example_branch_python_operator_decorator' retrieved from /home/myc-ti-2/airflow_workspace/airflow_env/lib/python3.10/site-packages/airflow/example_dags/example_branch_operator_decorator.py
[2023-12-21T13:04:17.471-0300] {logging_mixin.py:188} INFO - [2023-12-21T13:04:17.470-0300] {dag.py:3033} INFO - Sync 1 DAGs
[2023-12-21T13:04:17.504-0300] {logging_mixin.py:188} INFO - [2023-12-21T13:04:17.503-0300] {dag.py:3820} INFO - Setting next_dagrun for example_branch_python_operator_decorator to 2023-12-20T00:00:00+00:00, run_after=2023-12-21T00:00:00+00:00
[2023-12-21T13:04:17.616-0300] {processor.py:183} INFO - Processing /home/myc-ti-2/airflow_workspace/airflow_env/lib/python3.10/site-packages/airflow/example_dags/example_branch_operator_decorator.py took 0.238 seconds
[2023-12-21T13:05:16.543-0300] {processor.py:161} INFO - Started process (PID=7525) to work on /home/myc-ti-2/airflow_workspace/airflow_env/lib/python3.10/site-packages/airflow/example_dags/example_branch_operator_decorator.py
[2023-12-21T13:05:16.544-0300] {processor.py:830} INFO - Processing file /home/myc-ti-2/airflow_workspace/airflow_env/lib/python3.10/site-packages/airflow/example_dags/example_branch_operator_decorator.py for tasks to queue
[2023-12-21T13:05:16.546-0300] {logging_mixin.py:188} INFO - [2023-12-21T13:05:16.545-0300] {dagbag.py:538} INFO - Filling up the DagBag from /home/myc-ti-2/airflow_workspace/airflow_env/lib/python3.10/site-packages/airflow/example_dags/example_branch_operator_decorator.py
[2023-12-21T13:05:16.581-0300] {processor.py:840} INFO - DAG(s) 'example_branch_python_operator_decorator' retrieved from /home/myc-ti-2/airflow_workspace/airflow_env/lib/python3.10/site-packages/airflow/example_dags/example_branch_operator_decorator.py
[2023-12-21T13:05:16.614-0300] {logging_mixin.py:188} INFO - [2023-12-21T13:05:16.614-0300] {dag.py:3033} INFO - Sync 1 DAGs
[2023-12-21T13:05:16.642-0300] {logging_mixin.py:188} INFO - [2023-12-21T13:05:16.641-0300] {dag.py:3820} INFO - Setting next_dagrun for example_branch_python_operator_decorator to 2023-12-20T00:00:00+00:00, run_after=2023-12-21T00:00:00+00:00
[2023-12-21T13:05:16.757-0300] {processor.py:183} INFO - Processing /home/myc-ti-2/airflow_workspace/airflow_env/lib/python3.10/site-packages/airflow/example_dags/example_branch_operator_decorator.py took 0.221 seconds
[2023-12-21T13:06:39.498-0300] {processor.py:161} INFO - Started process (PID=7679) to work on /home/myc-ti-2/airflow_workspace/airflow_env/lib/python3.10/site-packages/airflow/example_dags/example_branch_operator_decorator.py
[2023-12-21T13:06:39.517-0300] {processor.py:830} INFO - Processing file /home/myc-ti-2/airflow_workspace/airflow_env/lib/python3.10/site-packages/airflow/example_dags/example_branch_operator_decorator.py for tasks to queue
[2023-12-21T13:06:39.519-0300] {logging_mixin.py:188} INFO - [2023-12-21T13:06:39.518-0300] {dagbag.py:538} INFO - Filling up the DagBag from /home/myc-ti-2/airflow_workspace/airflow_env/lib/python3.10/site-packages/airflow/example_dags/example_branch_operator_decorator.py
[2023-12-21T13:06:39.574-0300] {processor.py:840} INFO - DAG(s) 'example_branch_python_operator_decorator' retrieved from /home/myc-ti-2/airflow_workspace/airflow_env/lib/python3.10/site-packages/airflow/example_dags/example_branch_operator_decorator.py
[2023-12-21T13:06:39.615-0300] {logging_mixin.py:188} INFO - [2023-12-21T13:06:39.615-0300] {dag.py:3033} INFO - Sync 1 DAGs
[2023-12-21T13:06:39.650-0300] {logging_mixin.py:188} INFO - [2023-12-21T13:06:39.650-0300] {dag.py:3820} INFO - Setting next_dagrun for example_branch_python_operator_decorator to 2023-12-20T00:00:00+00:00, run_after=2023-12-21T00:00:00+00:00
[2023-12-21T13:06:39.778-0300] {processor.py:183} INFO - Processing /home/myc-ti-2/airflow_workspace/airflow_env/lib/python3.10/site-packages/airflow/example_dags/example_branch_operator_decorator.py took 0.287 seconds
[2023-12-21T13:07:54.452-0300] {processor.py:161} INFO - Started process (PID=7775) to work on /home/myc-ti-2/airflow_workspace/airflow_env/lib/python3.10/site-packages/airflow/example_dags/example_branch_operator_decorator.py
[2023-12-21T13:07:54.470-0300] {processor.py:830} INFO - Processing file /home/myc-ti-2/airflow_workspace/airflow_env/lib/python3.10/site-packages/airflow/example_dags/example_branch_operator_decorator.py for tasks to queue
[2023-12-21T13:07:54.472-0300] {logging_mixin.py:188} INFO - [2023-12-21T13:07:54.471-0300] {dagbag.py:538} INFO - Filling up the DagBag from /home/myc-ti-2/airflow_workspace/airflow_env/lib/python3.10/site-packages/airflow/example_dags/example_branch_operator_decorator.py
[2023-12-21T13:07:54.507-0300] {processor.py:840} INFO - DAG(s) 'example_branch_python_operator_decorator' retrieved from /home/myc-ti-2/airflow_workspace/airflow_env/lib/python3.10/site-packages/airflow/example_dags/example_branch_operator_decorator.py
[2023-12-21T13:07:54.550-0300] {logging_mixin.py:188} INFO - [2023-12-21T13:07:54.550-0300] {dag.py:3033} INFO - Sync 1 DAGs
[2023-12-21T13:07:54.587-0300] {logging_mixin.py:188} INFO - [2023-12-21T13:07:54.586-0300] {dag.py:3820} INFO - Setting next_dagrun for example_branch_python_operator_decorator to 2023-12-20T00:00:00+00:00, run_after=2023-12-21T00:00:00+00:00
[2023-12-21T13:07:54.699-0300] {processor.py:183} INFO - Processing /home/myc-ti-2/airflow_workspace/airflow_env/lib/python3.10/site-packages/airflow/example_dags/example_branch_operator_decorator.py took 0.253 seconds
[2023-12-21T13:08:58.289-0300] {processor.py:161} INFO - Started process (PID=9171) to work on /home/myc-ti-2/airflow_workspace/airflow_env/lib/python3.10/site-packages/airflow/example_dags/example_branch_operator_decorator.py
[2023-12-21T13:08:58.309-0300] {processor.py:830} INFO - Processing file /home/myc-ti-2/airflow_workspace/airflow_env/lib/python3.10/site-packages/airflow/example_dags/example_branch_operator_decorator.py for tasks to queue
[2023-12-21T13:08:58.311-0300] {logging_mixin.py:188} INFO - [2023-12-21T13:08:58.310-0300] {dagbag.py:538} INFO - Filling up the DagBag from /home/myc-ti-2/airflow_workspace/airflow_env/lib/python3.10/site-packages/airflow/example_dags/example_branch_operator_decorator.py
[2023-12-21T13:08:58.342-0300] {processor.py:840} INFO - DAG(s) 'example_branch_python_operator_decorator' retrieved from /home/myc-ti-2/airflow_workspace/airflow_env/lib/python3.10/site-packages/airflow/example_dags/example_branch_operator_decorator.py
[2023-12-21T13:08:58.378-0300] {logging_mixin.py:188} INFO - [2023-12-21T13:08:58.378-0300] {dag.py:3033} INFO - Sync 1 DAGs
[2023-12-21T13:08:58.405-0300] {logging_mixin.py:188} INFO - [2023-12-21T13:08:58.404-0300] {dag.py:3820} INFO - Setting next_dagrun for example_branch_python_operator_decorator to 2023-12-20T00:00:00+00:00, run_after=2023-12-21T00:00:00+00:00
[2023-12-21T13:08:58.495-0300] {processor.py:183} INFO - Processing /home/myc-ti-2/airflow_workspace/airflow_env/lib/python3.10/site-packages/airflow/example_dags/example_branch_operator_decorator.py took 0.212 seconds
[2023-12-21T13:10:05.065-0300] {processor.py:161} INFO - Started process (PID=9342) to work on /home/myc-ti-2/airflow_workspace/airflow_env/lib/python3.10/site-packages/airflow/example_dags/example_branch_operator_decorator.py
[2023-12-21T13:10:05.099-0300] {processor.py:830} INFO - Processing file /home/myc-ti-2/airflow_workspace/airflow_env/lib/python3.10/site-packages/airflow/example_dags/example_branch_operator_decorator.py for tasks to queue
[2023-12-21T13:10:05.101-0300] {logging_mixin.py:188} INFO - [2023-12-21T13:10:05.100-0300] {dagbag.py:538} INFO - Filling up the DagBag from /home/myc-ti-2/airflow_workspace/airflow_env/lib/python3.10/site-packages/airflow/example_dags/example_branch_operator_decorator.py
[2023-12-21T13:10:05.129-0300] {processor.py:840} INFO - DAG(s) 'example_branch_python_operator_decorator' retrieved from /home/myc-ti-2/airflow_workspace/airflow_env/lib/python3.10/site-packages/airflow/example_dags/example_branch_operator_decorator.py
[2023-12-21T13:10:05.162-0300] {logging_mixin.py:188} INFO - [2023-12-21T13:10:05.161-0300] {dag.py:3033} INFO - Sync 1 DAGs
[2023-12-21T13:10:05.193-0300] {logging_mixin.py:188} INFO - [2023-12-21T13:10:05.193-0300] {dag.py:3820} INFO - Setting next_dagrun for example_branch_python_operator_decorator to 2023-12-20T00:00:00+00:00, run_after=2023-12-21T00:00:00+00:00
[2023-12-21T13:10:05.410-0300] {processor.py:183} INFO - Processing /home/myc-ti-2/airflow_workspace/airflow_env/lib/python3.10/site-packages/airflow/example_dags/example_branch_operator_decorator.py took 0.349 seconds
[2023-12-21T13:11:14.064-0300] {processor.py:161} INFO - Started process (PID=9767) to work on /home/myc-ti-2/airflow_workspace/airflow_env/lib/python3.10/site-packages/airflow/example_dags/example_branch_operator_decorator.py
[2023-12-21T13:11:14.072-0300] {processor.py:830} INFO - Processing file /home/myc-ti-2/airflow_workspace/airflow_env/lib/python3.10/site-packages/airflow/example_dags/example_branch_operator_decorator.py for tasks to queue
[2023-12-21T13:11:14.074-0300] {logging_mixin.py:188} INFO - [2023-12-21T13:11:14.073-0300] {dagbag.py:538} INFO - Filling up the DagBag from /home/myc-ti-2/airflow_workspace/airflow_env/lib/python3.10/site-packages/airflow/example_dags/example_branch_operator_decorator.py
[2023-12-21T13:11:14.118-0300] {processor.py:840} INFO - DAG(s) 'example_branch_python_operator_decorator' retrieved from /home/myc-ti-2/airflow_workspace/airflow_env/lib/python3.10/site-packages/airflow/example_dags/example_branch_operator_decorator.py
[2023-12-21T13:11:14.157-0300] {logging_mixin.py:188} INFO - [2023-12-21T13:11:14.157-0300] {dag.py:3033} INFO - Sync 1 DAGs
[2023-12-21T13:11:14.192-0300] {logging_mixin.py:188} INFO - [2023-12-21T13:11:14.191-0300] {dag.py:3820} INFO - Setting next_dagrun for example_branch_python_operator_decorator to 2023-12-20T00:00:00+00:00, run_after=2023-12-21T00:00:00+00:00
[2023-12-21T13:11:14.306-0300] {processor.py:183} INFO - Processing /home/myc-ti-2/airflow_workspace/airflow_env/lib/python3.10/site-packages/airflow/example_dags/example_branch_operator_decorator.py took 0.249 seconds
[2023-12-21T13:12:15.381-0300] {processor.py:161} INFO - Started process (PID=10069) to work on /home/myc-ti-2/airflow_workspace/airflow_env/lib/python3.10/site-packages/airflow/example_dags/example_branch_operator_decorator.py
[2023-12-21T13:12:15.403-0300] {processor.py:830} INFO - Processing file /home/myc-ti-2/airflow_workspace/airflow_env/lib/python3.10/site-packages/airflow/example_dags/example_branch_operator_decorator.py for tasks to queue
[2023-12-21T13:12:15.405-0300] {logging_mixin.py:188} INFO - [2023-12-21T13:12:15.404-0300] {dagbag.py:538} INFO - Filling up the DagBag from /home/myc-ti-2/airflow_workspace/airflow_env/lib/python3.10/site-packages/airflow/example_dags/example_branch_operator_decorator.py
[2023-12-21T13:12:15.456-0300] {processor.py:840} INFO - DAG(s) 'example_branch_python_operator_decorator' retrieved from /home/myc-ti-2/airflow_workspace/airflow_env/lib/python3.10/site-packages/airflow/example_dags/example_branch_operator_decorator.py
[2023-12-21T13:12:15.496-0300] {logging_mixin.py:188} INFO - [2023-12-21T13:12:15.495-0300] {dag.py:3033} INFO - Sync 1 DAGs
[2023-12-21T13:12:15.529-0300] {logging_mixin.py:188} INFO - [2023-12-21T13:12:15.528-0300] {dag.py:3820} INFO - Setting next_dagrun for example_branch_python_operator_decorator to 2023-12-20T00:00:00+00:00, run_after=2023-12-21T00:00:00+00:00
[2023-12-21T13:12:15.648-0300] {processor.py:183} INFO - Processing /home/myc-ti-2/airflow_workspace/airflow_env/lib/python3.10/site-packages/airflow/example_dags/example_branch_operator_decorator.py took 0.274 seconds
[2023-12-21T13:13:18.415-0300] {processor.py:161} INFO - Started process (PID=10275) to work on /home/myc-ti-2/airflow_workspace/airflow_env/lib/python3.10/site-packages/airflow/example_dags/example_branch_operator_decorator.py
[2023-12-21T13:13:18.417-0300] {processor.py:830} INFO - Processing file /home/myc-ti-2/airflow_workspace/airflow_env/lib/python3.10/site-packages/airflow/example_dags/example_branch_operator_decorator.py for tasks to queue
[2023-12-21T13:13:18.419-0300] {logging_mixin.py:188} INFO - [2023-12-21T13:13:18.418-0300] {dagbag.py:538} INFO - Filling up the DagBag from /home/myc-ti-2/airflow_workspace/airflow_env/lib/python3.10/site-packages/airflow/example_dags/example_branch_operator_decorator.py
[2023-12-21T13:13:18.461-0300] {processor.py:840} INFO - DAG(s) 'example_branch_python_operator_decorator' retrieved from /home/myc-ti-2/airflow_workspace/airflow_env/lib/python3.10/site-packages/airflow/example_dags/example_branch_operator_decorator.py
[2023-12-21T13:13:18.499-0300] {logging_mixin.py:188} INFO - [2023-12-21T13:13:18.499-0300] {dag.py:3033} INFO - Sync 1 DAGs
[2023-12-21T13:13:18.532-0300] {logging_mixin.py:188} INFO - [2023-12-21T13:13:18.531-0300] {dag.py:3820} INFO - Setting next_dagrun for example_branch_python_operator_decorator to 2023-12-20T00:00:00+00:00, run_after=2023-12-21T00:00:00+00:00
[2023-12-21T13:13:18.644-0300] {processor.py:183} INFO - Processing /home/myc-ti-2/airflow_workspace/airflow_env/lib/python3.10/site-packages/airflow/example_dags/example_branch_operator_decorator.py took 0.236 seconds
[2023-12-21T13:14:21.002-0300] {processor.py:161} INFO - Started process (PID=10334) to work on /home/myc-ti-2/airflow_workspace/airflow_env/lib/python3.10/site-packages/airflow/example_dags/example_branch_operator_decorator.py
[2023-12-21T13:14:21.004-0300] {processor.py:830} INFO - Processing file /home/myc-ti-2/airflow_workspace/airflow_env/lib/python3.10/site-packages/airflow/example_dags/example_branch_operator_decorator.py for tasks to queue
[2023-12-21T13:14:21.006-0300] {logging_mixin.py:188} INFO - [2023-12-21T13:14:21.005-0300] {dagbag.py:538} INFO - Filling up the DagBag from /home/myc-ti-2/airflow_workspace/airflow_env/lib/python3.10/site-packages/airflow/example_dags/example_branch_operator_decorator.py
[2023-12-21T13:14:21.047-0300] {processor.py:840} INFO - DAG(s) 'example_branch_python_operator_decorator' retrieved from /home/myc-ti-2/airflow_workspace/airflow_env/lib/python3.10/site-packages/airflow/example_dags/example_branch_operator_decorator.py
[2023-12-21T13:14:21.086-0300] {logging_mixin.py:188} INFO - [2023-12-21T13:14:21.086-0300] {dag.py:3033} INFO - Sync 1 DAGs
[2023-12-21T13:14:21.124-0300] {logging_mixin.py:188} INFO - [2023-12-21T13:14:21.123-0300] {dag.py:3820} INFO - Setting next_dagrun for example_branch_python_operator_decorator to 2023-12-20T00:00:00+00:00, run_after=2023-12-21T00:00:00+00:00
[2023-12-21T13:14:21.293-0300] {processor.py:183} INFO - Processing /home/myc-ti-2/airflow_workspace/airflow_env/lib/python3.10/site-packages/airflow/example_dags/example_branch_operator_decorator.py took 0.298 seconds
