[2023-12-21T12:58:14.730-0300] {processor.py:161} INFO - Started process (PID=7068) to work on /home/myc-ti-2/airflow_workspace/airflow_env/lib/python3.10/site-packages/airflow/example_dags/example_branch_operator.py
[2023-12-21T12:58:14.732-0300] {processor.py:830} INFO - Processing file /home/myc-ti-2/airflow_workspace/airflow_env/lib/python3.10/site-packages/airflow/example_dags/example_branch_operator.py for tasks to queue
[2023-12-21T12:58:14.734-0300] {logging_mixin.py:188} INFO - [2023-12-21T12:58:14.733-0300] {dagbag.py:538} INFO - Filling up the DagBag from /home/myc-ti-2/airflow_workspace/airflow_env/lib/python3.10/site-packages/airflow/example_dags/example_branch_operator.py
[2023-12-21T12:58:14.769-0300] {processor.py:840} INFO - DAG(s) 'example_branch_operator' retrieved from /home/myc-ti-2/airflow_workspace/airflow_env/lib/python3.10/site-packages/airflow/example_dags/example_branch_operator.py
[2023-12-21T12:58:15.830-0300] {logging_mixin.py:188} INFO - [2023-12-21T12:58:15.829-0300] {override.py:1769} INFO - Created Permission View: can edit on DAG:example_branch_operator
[2023-12-21T12:58:15.922-0300] {logging_mixin.py:188} INFO - [2023-12-21T12:58:15.921-0300] {override.py:1769} INFO - Created Permission View: can delete on DAG:example_branch_operator
[2023-12-21T12:58:16.005-0300] {logging_mixin.py:188} INFO - [2023-12-21T12:58:16.004-0300] {override.py:1769} INFO - Created Permission View: can read on DAG:example_branch_operator
[2023-12-21T12:58:16.006-0300] {logging_mixin.py:188} INFO - [2023-12-21T12:58:16.006-0300] {dag.py:3033} INFO - Sync 1 DAGs
[2023-12-21T12:58:16.035-0300] {logging_mixin.py:188} INFO - [2023-12-21T12:58:16.035-0300] {dag.py:3055} INFO - Creating ORM DAG for example_branch_operator
[2023-12-21T12:58:16.063-0300] {logging_mixin.py:188} INFO - [2023-12-21T12:58:16.063-0300] {dag.py:3820} INFO - Setting next_dagrun for example_branch_operator to 2023-12-20T00:00:00+00:00, run_after=2023-12-21T00:00:00+00:00
[2023-12-21T12:58:16.222-0300] {processor.py:183} INFO - Processing /home/myc-ti-2/airflow_workspace/airflow_env/lib/python3.10/site-packages/airflow/example_dags/example_branch_operator.py took 1.499 seconds
[2023-12-21T12:59:38.002-0300] {processor.py:161} INFO - Started process (PID=7149) to work on /home/myc-ti-2/airflow_workspace/airflow_env/lib/python3.10/site-packages/airflow/example_dags/example_branch_operator.py
[2023-12-21T12:59:38.017-0300] {processor.py:830} INFO - Processing file /home/myc-ti-2/airflow_workspace/airflow_env/lib/python3.10/site-packages/airflow/example_dags/example_branch_operator.py for tasks to queue
[2023-12-21T12:59:38.019-0300] {logging_mixin.py:188} INFO - [2023-12-21T12:59:38.018-0300] {dagbag.py:538} INFO - Filling up the DagBag from /home/myc-ti-2/airflow_workspace/airflow_env/lib/python3.10/site-packages/airflow/example_dags/example_branch_operator.py
[2023-12-21T12:59:38.065-0300] {processor.py:840} INFO - DAG(s) 'example_branch_operator' retrieved from /home/myc-ti-2/airflow_workspace/airflow_env/lib/python3.10/site-packages/airflow/example_dags/example_branch_operator.py
[2023-12-21T12:59:38.105-0300] {logging_mixin.py:188} INFO - [2023-12-21T12:59:38.104-0300] {dag.py:3033} INFO - Sync 1 DAGs
[2023-12-21T12:59:38.138-0300] {logging_mixin.py:188} INFO - [2023-12-21T12:59:38.137-0300] {dag.py:3820} INFO - Setting next_dagrun for example_branch_operator to 2023-12-20T00:00:00+00:00, run_after=2023-12-21T00:00:00+00:00
[2023-12-21T12:59:38.237-0300] {processor.py:183} INFO - Processing /home/myc-ti-2/airflow_workspace/airflow_env/lib/python3.10/site-packages/airflow/example_dags/example_branch_operator.py took 0.242 seconds
[2023-12-21T13:00:42.843-0300] {processor.py:161} INFO - Started process (PID=7217) to work on /home/myc-ti-2/airflow_workspace/airflow_env/lib/python3.10/site-packages/airflow/example_dags/example_branch_operator.py
[2023-12-21T13:00:42.864-0300] {processor.py:830} INFO - Processing file /home/myc-ti-2/airflow_workspace/airflow_env/lib/python3.10/site-packages/airflow/example_dags/example_branch_operator.py for tasks to queue
[2023-12-21T13:00:42.866-0300] {logging_mixin.py:188} INFO - [2023-12-21T13:00:42.865-0300] {dagbag.py:538} INFO - Filling up the DagBag from /home/myc-ti-2/airflow_workspace/airflow_env/lib/python3.10/site-packages/airflow/example_dags/example_branch_operator.py
[2023-12-21T13:00:42.916-0300] {processor.py:840} INFO - DAG(s) 'example_branch_operator' retrieved from /home/myc-ti-2/airflow_workspace/airflow_env/lib/python3.10/site-packages/airflow/example_dags/example_branch_operator.py
[2023-12-21T13:00:42.959-0300] {logging_mixin.py:188} INFO - [2023-12-21T13:00:42.959-0300] {dag.py:3033} INFO - Sync 1 DAGs
[2023-12-21T13:00:43.002-0300] {logging_mixin.py:188} INFO - [2023-12-21T13:00:43.002-0300] {dag.py:3820} INFO - Setting next_dagrun for example_branch_operator to 2023-12-20T00:00:00+00:00, run_after=2023-12-21T00:00:00+00:00
[2023-12-21T13:00:43.112-0300] {processor.py:183} INFO - Processing /home/myc-ti-2/airflow_workspace/airflow_env/lib/python3.10/site-packages/airflow/example_dags/example_branch_operator.py took 0.275 seconds
[2023-12-21T13:01:51.582-0300] {processor.py:161} INFO - Started process (PID=7309) to work on /home/myc-ti-2/airflow_workspace/airflow_env/lib/python3.10/site-packages/airflow/example_dags/example_branch_operator.py
[2023-12-21T13:01:51.585-0300] {processor.py:830} INFO - Processing file /home/myc-ti-2/airflow_workspace/airflow_env/lib/python3.10/site-packages/airflow/example_dags/example_branch_operator.py for tasks to queue
[2023-12-21T13:01:51.587-0300] {logging_mixin.py:188} INFO - [2023-12-21T13:01:51.586-0300] {dagbag.py:538} INFO - Filling up the DagBag from /home/myc-ti-2/airflow_workspace/airflow_env/lib/python3.10/site-packages/airflow/example_dags/example_branch_operator.py
[2023-12-21T13:01:51.628-0300] {processor.py:840} INFO - DAG(s) 'example_branch_operator' retrieved from /home/myc-ti-2/airflow_workspace/airflow_env/lib/python3.10/site-packages/airflow/example_dags/example_branch_operator.py
[2023-12-21T13:01:51.667-0300] {logging_mixin.py:188} INFO - [2023-12-21T13:01:51.667-0300] {dag.py:3033} INFO - Sync 1 DAGs
[2023-12-21T13:01:51.701-0300] {logging_mixin.py:188} INFO - [2023-12-21T13:01:51.700-0300] {dag.py:3820} INFO - Setting next_dagrun for example_branch_operator to 2023-12-20T00:00:00+00:00, run_after=2023-12-21T00:00:00+00:00
[2023-12-21T13:01:51.796-0300] {processor.py:183} INFO - Processing /home/myc-ti-2/airflow_workspace/airflow_env/lib/python3.10/site-packages/airflow/example_dags/example_branch_operator.py took 0.221 seconds
[2023-12-21T13:03:00.802-0300] {processor.py:161} INFO - Started process (PID=7391) to work on /home/myc-ti-2/airflow_workspace/airflow_env/lib/python3.10/site-packages/airflow/example_dags/example_branch_operator.py
[2023-12-21T13:03:00.804-0300] {processor.py:830} INFO - Processing file /home/myc-ti-2/airflow_workspace/airflow_env/lib/python3.10/site-packages/airflow/example_dags/example_branch_operator.py for tasks to queue
[2023-12-21T13:03:00.806-0300] {logging_mixin.py:188} INFO - [2023-12-21T13:03:00.805-0300] {dagbag.py:538} INFO - Filling up the DagBag from /home/myc-ti-2/airflow_workspace/airflow_env/lib/python3.10/site-packages/airflow/example_dags/example_branch_operator.py
[2023-12-21T13:03:00.845-0300] {processor.py:840} INFO - DAG(s) 'example_branch_operator' retrieved from /home/myc-ti-2/airflow_workspace/airflow_env/lib/python3.10/site-packages/airflow/example_dags/example_branch_operator.py
[2023-12-21T13:03:00.884-0300] {logging_mixin.py:188} INFO - [2023-12-21T13:03:00.883-0300] {dag.py:3033} INFO - Sync 1 DAGs
[2023-12-21T13:03:00.918-0300] {logging_mixin.py:188} INFO - [2023-12-21T13:03:00.918-0300] {dag.py:3820} INFO - Setting next_dagrun for example_branch_operator to 2023-12-20T00:00:00+00:00, run_after=2023-12-21T00:00:00+00:00
[2023-12-21T13:03:01.022-0300] {processor.py:183} INFO - Processing /home/myc-ti-2/airflow_workspace/airflow_env/lib/python3.10/site-packages/airflow/example_dags/example_branch_operator.py took 0.228 seconds
[2023-12-21T13:04:09.717-0300] {processor.py:161} INFO - Started process (PID=7460) to work on /home/myc-ti-2/airflow_workspace/airflow_env/lib/python3.10/site-packages/airflow/example_dags/example_branch_operator.py
[2023-12-21T13:04:09.719-0300] {processor.py:830} INFO - Processing file /home/myc-ti-2/airflow_workspace/airflow_env/lib/python3.10/site-packages/airflow/example_dags/example_branch_operator.py for tasks to queue
[2023-12-21T13:04:09.721-0300] {logging_mixin.py:188} INFO - [2023-12-21T13:04:09.720-0300] {dagbag.py:538} INFO - Filling up the DagBag from /home/myc-ti-2/airflow_workspace/airflow_env/lib/python3.10/site-packages/airflow/example_dags/example_branch_operator.py
[2023-12-21T13:04:09.756-0300] {processor.py:840} INFO - DAG(s) 'example_branch_operator' retrieved from /home/myc-ti-2/airflow_workspace/airflow_env/lib/python3.10/site-packages/airflow/example_dags/example_branch_operator.py
[2023-12-21T13:04:09.788-0300] {logging_mixin.py:188} INFO - [2023-12-21T13:04:09.787-0300] {dag.py:3033} INFO - Sync 1 DAGs
[2023-12-21T13:04:09.814-0300] {logging_mixin.py:188} INFO - [2023-12-21T13:04:09.814-0300] {dag.py:3820} INFO - Setting next_dagrun for example_branch_operator to 2023-12-20T00:00:00+00:00, run_after=2023-12-21T00:00:00+00:00
[2023-12-21T13:04:09.926-0300] {processor.py:183} INFO - Processing /home/myc-ti-2/airflow_workspace/airflow_env/lib/python3.10/site-packages/airflow/example_dags/example_branch_operator.py took 0.215 seconds
[2023-12-21T13:05:08.438-0300] {processor.py:161} INFO - Started process (PID=7517) to work on /home/myc-ti-2/airflow_workspace/airflow_env/lib/python3.10/site-packages/airflow/example_dags/example_branch_operator.py
[2023-12-21T13:05:08.440-0300] {processor.py:830} INFO - Processing file /home/myc-ti-2/airflow_workspace/airflow_env/lib/python3.10/site-packages/airflow/example_dags/example_branch_operator.py for tasks to queue
[2023-12-21T13:05:08.442-0300] {logging_mixin.py:188} INFO - [2023-12-21T13:05:08.442-0300] {dagbag.py:538} INFO - Filling up the DagBag from /home/myc-ti-2/airflow_workspace/airflow_env/lib/python3.10/site-packages/airflow/example_dags/example_branch_operator.py
[2023-12-21T13:05:08.481-0300] {processor.py:840} INFO - DAG(s) 'example_branch_operator' retrieved from /home/myc-ti-2/airflow_workspace/airflow_env/lib/python3.10/site-packages/airflow/example_dags/example_branch_operator.py
[2023-12-21T13:05:08.520-0300] {logging_mixin.py:188} INFO - [2023-12-21T13:05:08.520-0300] {dag.py:3033} INFO - Sync 1 DAGs
[2023-12-21T13:05:08.553-0300] {logging_mixin.py:188} INFO - [2023-12-21T13:05:08.552-0300] {dag.py:3820} INFO - Setting next_dagrun for example_branch_operator to 2023-12-20T00:00:00+00:00, run_after=2023-12-21T00:00:00+00:00
[2023-12-21T13:05:08.677-0300] {processor.py:183} INFO - Processing /home/myc-ti-2/airflow_workspace/airflow_env/lib/python3.10/site-packages/airflow/example_dags/example_branch_operator.py took 0.246 seconds
[2023-12-21T13:06:30.095-0300] {processor.py:161} INFO - Started process (PID=7664) to work on /home/myc-ti-2/airflow_workspace/airflow_env/lib/python3.10/site-packages/airflow/example_dags/example_branch_operator.py
[2023-12-21T13:06:30.097-0300] {processor.py:830} INFO - Processing file /home/myc-ti-2/airflow_workspace/airflow_env/lib/python3.10/site-packages/airflow/example_dags/example_branch_operator.py for tasks to queue
[2023-12-21T13:06:30.099-0300] {logging_mixin.py:188} INFO - [2023-12-21T13:06:30.098-0300] {dagbag.py:538} INFO - Filling up the DagBag from /home/myc-ti-2/airflow_workspace/airflow_env/lib/python3.10/site-packages/airflow/example_dags/example_branch_operator.py
[2023-12-21T13:06:30.140-0300] {processor.py:840} INFO - DAG(s) 'example_branch_operator' retrieved from /home/myc-ti-2/airflow_workspace/airflow_env/lib/python3.10/site-packages/airflow/example_dags/example_branch_operator.py
[2023-12-21T13:06:30.179-0300] {logging_mixin.py:188} INFO - [2023-12-21T13:06:30.178-0300] {dag.py:3033} INFO - Sync 1 DAGs
[2023-12-21T13:06:30.213-0300] {logging_mixin.py:188} INFO - [2023-12-21T13:06:30.213-0300] {dag.py:3820} INFO - Setting next_dagrun for example_branch_operator to 2023-12-20T00:00:00+00:00, run_after=2023-12-21T00:00:00+00:00
[2023-12-21T13:06:30.339-0300] {processor.py:183} INFO - Processing /home/myc-ti-2/airflow_workspace/airflow_env/lib/python3.10/site-packages/airflow/example_dags/example_branch_operator.py took 0.251 seconds
[2023-12-21T13:07:45.286-0300] {processor.py:161} INFO - Started process (PID=7752) to work on /home/myc-ti-2/airflow_workspace/airflow_env/lib/python3.10/site-packages/airflow/example_dags/example_branch_operator.py
[2023-12-21T13:07:45.288-0300] {processor.py:830} INFO - Processing file /home/myc-ti-2/airflow_workspace/airflow_env/lib/python3.10/site-packages/airflow/example_dags/example_branch_operator.py for tasks to queue
[2023-12-21T13:07:45.290-0300] {logging_mixin.py:188} INFO - [2023-12-21T13:07:45.290-0300] {dagbag.py:538} INFO - Filling up the DagBag from /home/myc-ti-2/airflow_workspace/airflow_env/lib/python3.10/site-packages/airflow/example_dags/example_branch_operator.py
[2023-12-21T13:07:45.326-0300] {processor.py:840} INFO - DAG(s) 'example_branch_operator' retrieved from /home/myc-ti-2/airflow_workspace/airflow_env/lib/python3.10/site-packages/airflow/example_dags/example_branch_operator.py
[2023-12-21T13:07:45.367-0300] {logging_mixin.py:188} INFO - [2023-12-21T13:07:45.367-0300] {dag.py:3033} INFO - Sync 1 DAGs
[2023-12-21T13:07:45.406-0300] {logging_mixin.py:188} INFO - [2023-12-21T13:07:45.405-0300] {dag.py:3820} INFO - Setting next_dagrun for example_branch_operator to 2023-12-20T00:00:00+00:00, run_after=2023-12-21T00:00:00+00:00
[2023-12-21T13:07:45.535-0300] {processor.py:183} INFO - Processing /home/myc-ti-2/airflow_workspace/airflow_env/lib/python3.10/site-packages/airflow/example_dags/example_branch_operator.py took 0.256 seconds
[2023-12-21T13:08:49.300-0300] {processor.py:161} INFO - Started process (PID=9151) to work on /home/myc-ti-2/airflow_workspace/airflow_env/lib/python3.10/site-packages/airflow/example_dags/example_branch_operator.py
[2023-12-21T13:08:49.373-0300] {processor.py:830} INFO - Processing file /home/myc-ti-2/airflow_workspace/airflow_env/lib/python3.10/site-packages/airflow/example_dags/example_branch_operator.py for tasks to queue
[2023-12-21T13:08:49.376-0300] {logging_mixin.py:188} INFO - [2023-12-21T13:08:49.375-0300] {dagbag.py:538} INFO - Filling up the DagBag from /home/myc-ti-2/airflow_workspace/airflow_env/lib/python3.10/site-packages/airflow/example_dags/example_branch_operator.py
[2023-12-21T13:08:49.423-0300] {processor.py:840} INFO - DAG(s) 'example_branch_operator' retrieved from /home/myc-ti-2/airflow_workspace/airflow_env/lib/python3.10/site-packages/airflow/example_dags/example_branch_operator.py
[2023-12-21T13:08:49.472-0300] {logging_mixin.py:188} INFO - [2023-12-21T13:08:49.471-0300] {dag.py:3033} INFO - Sync 1 DAGs
[2023-12-21T13:08:49.505-0300] {logging_mixin.py:188} INFO - [2023-12-21T13:08:49.505-0300] {dag.py:3820} INFO - Setting next_dagrun for example_branch_operator to 2023-12-20T00:00:00+00:00, run_after=2023-12-21T00:00:00+00:00
[2023-12-21T13:08:49.639-0300] {processor.py:183} INFO - Processing /home/myc-ti-2/airflow_workspace/airflow_env/lib/python3.10/site-packages/airflow/example_dags/example_branch_operator.py took 0.346 seconds
[2023-12-21T13:09:56.843-0300] {processor.py:161} INFO - Started process (PID=9318) to work on /home/myc-ti-2/airflow_workspace/airflow_env/lib/python3.10/site-packages/airflow/example_dags/example_branch_operator.py
[2023-12-21T13:09:56.844-0300] {processor.py:830} INFO - Processing file /home/myc-ti-2/airflow_workspace/airflow_env/lib/python3.10/site-packages/airflow/example_dags/example_branch_operator.py for tasks to queue
[2023-12-21T13:09:56.845-0300] {logging_mixin.py:188} INFO - [2023-12-21T13:09:56.845-0300] {dagbag.py:538} INFO - Filling up the DagBag from /home/myc-ti-2/airflow_workspace/airflow_env/lib/python3.10/site-packages/airflow/example_dags/example_branch_operator.py
[2023-12-21T13:09:56.869-0300] {processor.py:840} INFO - DAG(s) 'example_branch_operator' retrieved from /home/myc-ti-2/airflow_workspace/airflow_env/lib/python3.10/site-packages/airflow/example_dags/example_branch_operator.py
[2023-12-21T13:09:56.905-0300] {logging_mixin.py:188} INFO - [2023-12-21T13:09:56.905-0300] {dag.py:3033} INFO - Sync 1 DAGs
[2023-12-21T13:09:56.936-0300] {logging_mixin.py:188} INFO - [2023-12-21T13:09:56.936-0300] {dag.py:3820} INFO - Setting next_dagrun for example_branch_operator to 2023-12-20T00:00:00+00:00, run_after=2023-12-21T00:00:00+00:00
[2023-12-21T13:09:57.137-0300] {processor.py:183} INFO - Processing /home/myc-ti-2/airflow_workspace/airflow_env/lib/python3.10/site-packages/airflow/example_dags/example_branch_operator.py took 0.298 seconds
[2023-12-21T13:11:04.907-0300] {processor.py:161} INFO - Started process (PID=9757) to work on /home/myc-ti-2/airflow_workspace/airflow_env/lib/python3.10/site-packages/airflow/example_dags/example_branch_operator.py
[2023-12-21T13:11:04.909-0300] {processor.py:830} INFO - Processing file /home/myc-ti-2/airflow_workspace/airflow_env/lib/python3.10/site-packages/airflow/example_dags/example_branch_operator.py for tasks to queue
[2023-12-21T13:11:04.911-0300] {logging_mixin.py:188} INFO - [2023-12-21T13:11:04.910-0300] {dagbag.py:538} INFO - Filling up the DagBag from /home/myc-ti-2/airflow_workspace/airflow_env/lib/python3.10/site-packages/airflow/example_dags/example_branch_operator.py
[2023-12-21T13:11:04.951-0300] {processor.py:840} INFO - DAG(s) 'example_branch_operator' retrieved from /home/myc-ti-2/airflow_workspace/airflow_env/lib/python3.10/site-packages/airflow/example_dags/example_branch_operator.py
[2023-12-21T13:11:04.989-0300] {logging_mixin.py:188} INFO - [2023-12-21T13:11:04.989-0300] {dag.py:3033} INFO - Sync 1 DAGs
[2023-12-21T13:11:05.024-0300] {logging_mixin.py:188} INFO - [2023-12-21T13:11:05.024-0300] {dag.py:3820} INFO - Setting next_dagrun for example_branch_operator to 2023-12-20T00:00:00+00:00, run_after=2023-12-21T00:00:00+00:00
[2023-12-21T13:11:05.140-0300] {processor.py:183} INFO - Processing /home/myc-ti-2/airflow_workspace/airflow_env/lib/python3.10/site-packages/airflow/example_dags/example_branch_operator.py took 0.240 seconds
[2023-12-21T13:12:08.001-0300] {processor.py:161} INFO - Started process (PID=10060) to work on /home/myc-ti-2/airflow_workspace/airflow_env/lib/python3.10/site-packages/airflow/example_dags/example_branch_operator.py
[2023-12-21T13:12:08.004-0300] {processor.py:830} INFO - Processing file /home/myc-ti-2/airflow_workspace/airflow_env/lib/python3.10/site-packages/airflow/example_dags/example_branch_operator.py for tasks to queue
[2023-12-21T13:12:08.006-0300] {logging_mixin.py:188} INFO - [2023-12-21T13:12:08.005-0300] {dagbag.py:538} INFO - Filling up the DagBag from /home/myc-ti-2/airflow_workspace/airflow_env/lib/python3.10/site-packages/airflow/example_dags/example_branch_operator.py
[2023-12-21T13:12:08.045-0300] {processor.py:840} INFO - DAG(s) 'example_branch_operator' retrieved from /home/myc-ti-2/airflow_workspace/airflow_env/lib/python3.10/site-packages/airflow/example_dags/example_branch_operator.py
[2023-12-21T13:12:08.085-0300] {logging_mixin.py:188} INFO - [2023-12-21T13:12:08.085-0300] {dag.py:3033} INFO - Sync 1 DAGs
[2023-12-21T13:12:08.118-0300] {logging_mixin.py:188} INFO - [2023-12-21T13:12:08.118-0300] {dag.py:3820} INFO - Setting next_dagrun for example_branch_operator to 2023-12-20T00:00:00+00:00, run_after=2023-12-21T00:00:00+00:00
[2023-12-21T13:12:08.231-0300] {processor.py:183} INFO - Processing /home/myc-ti-2/airflow_workspace/airflow_env/lib/python3.10/site-packages/airflow/example_dags/example_branch_operator.py took 0.236 seconds
[2023-12-21T13:13:10.523-0300] {processor.py:161} INFO - Started process (PID=10213) to work on /home/myc-ti-2/airflow_workspace/airflow_env/lib/python3.10/site-packages/airflow/example_dags/example_branch_operator.py
[2023-12-21T13:13:10.526-0300] {processor.py:830} INFO - Processing file /home/myc-ti-2/airflow_workspace/airflow_env/lib/python3.10/site-packages/airflow/example_dags/example_branch_operator.py for tasks to queue
[2023-12-21T13:13:10.528-0300] {logging_mixin.py:188} INFO - [2023-12-21T13:13:10.527-0300] {dagbag.py:538} INFO - Filling up the DagBag from /home/myc-ti-2/airflow_workspace/airflow_env/lib/python3.10/site-packages/airflow/example_dags/example_branch_operator.py
[2023-12-21T13:13:10.566-0300] {processor.py:840} INFO - DAG(s) 'example_branch_operator' retrieved from /home/myc-ti-2/airflow_workspace/airflow_env/lib/python3.10/site-packages/airflow/example_dags/example_branch_operator.py
[2023-12-21T13:13:10.608-0300] {logging_mixin.py:188} INFO - [2023-12-21T13:13:10.608-0300] {dag.py:3033} INFO - Sync 1 DAGs
[2023-12-21T13:13:10.643-0300] {logging_mixin.py:188} INFO - [2023-12-21T13:13:10.643-0300] {dag.py:3820} INFO - Setting next_dagrun for example_branch_operator to 2023-12-20T00:00:00+00:00, run_after=2023-12-21T00:00:00+00:00
[2023-12-21T13:13:10.762-0300] {processor.py:183} INFO - Processing /home/myc-ti-2/airflow_workspace/airflow_env/lib/python3.10/site-packages/airflow/example_dags/example_branch_operator.py took 0.246 seconds
[2023-12-21T13:14:13.411-0300] {processor.py:161} INFO - Started process (PID=10325) to work on /home/myc-ti-2/airflow_workspace/airflow_env/lib/python3.10/site-packages/airflow/example_dags/example_branch_operator.py
[2023-12-21T13:14:13.414-0300] {processor.py:830} INFO - Processing file /home/myc-ti-2/airflow_workspace/airflow_env/lib/python3.10/site-packages/airflow/example_dags/example_branch_operator.py for tasks to queue
[2023-12-21T13:14:13.416-0300] {logging_mixin.py:188} INFO - [2023-12-21T13:14:13.415-0300] {dagbag.py:538} INFO - Filling up the DagBag from /home/myc-ti-2/airflow_workspace/airflow_env/lib/python3.10/site-packages/airflow/example_dags/example_branch_operator.py
[2023-12-21T13:14:13.457-0300] {processor.py:840} INFO - DAG(s) 'example_branch_operator' retrieved from /home/myc-ti-2/airflow_workspace/airflow_env/lib/python3.10/site-packages/airflow/example_dags/example_branch_operator.py
[2023-12-21T13:14:13.496-0300] {logging_mixin.py:188} INFO - [2023-12-21T13:14:13.496-0300] {dag.py:3033} INFO - Sync 1 DAGs
[2023-12-21T13:14:13.529-0300] {logging_mixin.py:188} INFO - [2023-12-21T13:14:13.529-0300] {dag.py:3820} INFO - Setting next_dagrun for example_branch_operator to 2023-12-20T00:00:00+00:00, run_after=2023-12-21T00:00:00+00:00
[2023-12-21T13:14:13.624-0300] {processor.py:183} INFO - Processing /home/myc-ti-2/airflow_workspace/airflow_env/lib/python3.10/site-packages/airflow/example_dags/example_branch_operator.py took 0.220 seconds
[2023-12-21T13:15:17.769-0300] {processor.py:161} INFO - Started process (PID=10509) to work on /home/myc-ti-2/airflow_workspace/airflow_env/lib/python3.10/site-packages/airflow/example_dags/example_branch_operator.py
[2023-12-21T13:15:17.775-0300] {processor.py:830} INFO - Processing file /home/myc-ti-2/airflow_workspace/airflow_env/lib/python3.10/site-packages/airflow/example_dags/example_branch_operator.py for tasks to queue
[2023-12-21T13:15:17.777-0300] {logging_mixin.py:188} INFO - [2023-12-21T13:15:17.776-0300] {dagbag.py:538} INFO - Filling up the DagBag from /home/myc-ti-2/airflow_workspace/airflow_env/lib/python3.10/site-packages/airflow/example_dags/example_branch_operator.py
[2023-12-21T13:15:17.807-0300] {processor.py:840} INFO - DAG(s) 'example_branch_operator' retrieved from /home/myc-ti-2/airflow_workspace/airflow_env/lib/python3.10/site-packages/airflow/example_dags/example_branch_operator.py
