[2023-12-21T12:58:04.897-0300] {processor.py:161} INFO - Started process (PID=7034) to work on /home/myc-ti-2/airflow_workspace/airflow_env/lib/python3.10/site-packages/airflow/example_dags/example_dynamic_task_mapping.py
[2023-12-21T12:58:04.898-0300] {processor.py:830} INFO - Processing file /home/myc-ti-2/airflow_workspace/airflow_env/lib/python3.10/site-packages/airflow/example_dags/example_dynamic_task_mapping.py for tasks to queue
[2023-12-21T12:58:04.899-0300] {logging_mixin.py:188} INFO - [2023-12-21T12:58:04.899-0300] {dagbag.py:538} INFO - Filling up the DagBag from /home/myc-ti-2/airflow_workspace/airflow_env/lib/python3.10/site-packages/airflow/example_dags/example_dynamic_task_mapping.py
[2023-12-21T12:58:04.911-0300] {processor.py:840} INFO - DAG(s) 'example_dynamic_task_mapping' retrieved from /home/myc-ti-2/airflow_workspace/airflow_env/lib/python3.10/site-packages/airflow/example_dags/example_dynamic_task_mapping.py
[2023-12-21T12:58:05.648-0300] {logging_mixin.py:188} INFO - [2023-12-21T12:58:05.646-0300] {override.py:1769} INFO - Created Permission View: can edit on DAG:example_dynamic_task_mapping
[2023-12-21T12:58:06.689-0300] {logging_mixin.py:188} INFO - [2023-12-21T12:58:06.688-0300] {override.py:1769} INFO - Created Permission View: can delete on DAG:example_dynamic_task_mapping
[2023-12-21T12:58:06.789-0300] {logging_mixin.py:188} INFO - [2023-12-21T12:58:06.788-0300] {override.py:1769} INFO - Created Permission View: can read on DAG:example_dynamic_task_mapping
[2023-12-21T12:58:06.790-0300] {logging_mixin.py:188} INFO - [2023-12-21T12:58:06.789-0300] {dag.py:3033} INFO - Sync 1 DAGs
[2023-12-21T12:58:06.813-0300] {logging_mixin.py:188} INFO - [2023-12-21T12:58:06.813-0300] {dag.py:3055} INFO - Creating ORM DAG for example_dynamic_task_mapping
[2023-12-21T12:58:06.834-0300] {logging_mixin.py:188} INFO - [2023-12-21T12:58:06.833-0300] {dag.py:3820} INFO - Setting next_dagrun for example_dynamic_task_mapping to 2022-03-04T00:00:00+00:00, run_after=2022-03-05T00:00:00+00:00
[2023-12-21T12:58:07.716-0300] {processor.py:183} INFO - Processing /home/myc-ti-2/airflow_workspace/airflow_env/lib/python3.10/site-packages/airflow/example_dags/example_dynamic_task_mapping.py took 2.825 seconds
[2023-12-21T12:59:35.325-0300] {processor.py:161} INFO - Started process (PID=7147) to work on /home/myc-ti-2/airflow_workspace/airflow_env/lib/python3.10/site-packages/airflow/example_dags/example_dynamic_task_mapping.py
[2023-12-21T12:59:35.327-0300] {processor.py:830} INFO - Processing file /home/myc-ti-2/airflow_workspace/airflow_env/lib/python3.10/site-packages/airflow/example_dags/example_dynamic_task_mapping.py for tasks to queue
[2023-12-21T12:59:35.329-0300] {logging_mixin.py:188} INFO - [2023-12-21T12:59:35.328-0300] {dagbag.py:538} INFO - Filling up the DagBag from /home/myc-ti-2/airflow_workspace/airflow_env/lib/python3.10/site-packages/airflow/example_dags/example_dynamic_task_mapping.py
[2023-12-21T12:59:35.346-0300] {processor.py:840} INFO - DAG(s) 'example_dynamic_task_mapping' retrieved from /home/myc-ti-2/airflow_workspace/airflow_env/lib/python3.10/site-packages/airflow/example_dags/example_dynamic_task_mapping.py
[2023-12-21T12:59:35.373-0300] {logging_mixin.py:188} INFO - [2023-12-21T12:59:35.373-0300] {dag.py:3033} INFO - Sync 1 DAGs
[2023-12-21T12:59:35.404-0300] {logging_mixin.py:188} INFO - [2023-12-21T12:59:35.403-0300] {dag.py:3820} INFO - Setting next_dagrun for example_dynamic_task_mapping to 2022-03-04T00:00:00+00:00, run_after=2022-03-05T00:00:00+00:00
[2023-12-21T12:59:35.503-0300] {processor.py:183} INFO - Processing /home/myc-ti-2/airflow_workspace/airflow_env/lib/python3.10/site-packages/airflow/example_dags/example_dynamic_task_mapping.py took 0.184 seconds
[2023-12-21T13:00:40.194-0300] {processor.py:161} INFO - Started process (PID=7214) to work on /home/myc-ti-2/airflow_workspace/airflow_env/lib/python3.10/site-packages/airflow/example_dags/example_dynamic_task_mapping.py
[2023-12-21T13:00:40.196-0300] {processor.py:830} INFO - Processing file /home/myc-ti-2/airflow_workspace/airflow_env/lib/python3.10/site-packages/airflow/example_dags/example_dynamic_task_mapping.py for tasks to queue
[2023-12-21T13:00:40.198-0300] {logging_mixin.py:188} INFO - [2023-12-21T13:00:40.197-0300] {dagbag.py:538} INFO - Filling up the DagBag from /home/myc-ti-2/airflow_workspace/airflow_env/lib/python3.10/site-packages/airflow/example_dags/example_dynamic_task_mapping.py
[2023-12-21T13:00:40.208-0300] {processor.py:840} INFO - DAG(s) 'example_dynamic_task_mapping' retrieved from /home/myc-ti-2/airflow_workspace/airflow_env/lib/python3.10/site-packages/airflow/example_dags/example_dynamic_task_mapping.py
[2023-12-21T13:00:40.230-0300] {logging_mixin.py:188} INFO - [2023-12-21T13:00:40.229-0300] {dag.py:3033} INFO - Sync 1 DAGs
[2023-12-21T13:00:40.259-0300] {logging_mixin.py:188} INFO - [2023-12-21T13:00:40.259-0300] {dag.py:3820} INFO - Setting next_dagrun for example_dynamic_task_mapping to 2022-03-04T00:00:00+00:00, run_after=2022-03-05T00:00:00+00:00
[2023-12-21T13:00:40.366-0300] {processor.py:183} INFO - Processing /home/myc-ti-2/airflow_workspace/airflow_env/lib/python3.10/site-packages/airflow/example_dags/example_dynamic_task_mapping.py took 0.176 seconds
[2023-12-21T13:01:48.807-0300] {processor.py:161} INFO - Started process (PID=7306) to work on /home/myc-ti-2/airflow_workspace/airflow_env/lib/python3.10/site-packages/airflow/example_dags/example_dynamic_task_mapping.py
[2023-12-21T13:01:48.817-0300] {processor.py:830} INFO - Processing file /home/myc-ti-2/airflow_workspace/airflow_env/lib/python3.10/site-packages/airflow/example_dags/example_dynamic_task_mapping.py for tasks to queue
[2023-12-21T13:01:48.819-0300] {logging_mixin.py:188} INFO - [2023-12-21T13:01:48.818-0300] {dagbag.py:538} INFO - Filling up the DagBag from /home/myc-ti-2/airflow_workspace/airflow_env/lib/python3.10/site-packages/airflow/example_dags/example_dynamic_task_mapping.py
[2023-12-21T13:01:48.834-0300] {processor.py:840} INFO - DAG(s) 'example_dynamic_task_mapping' retrieved from /home/myc-ti-2/airflow_workspace/airflow_env/lib/python3.10/site-packages/airflow/example_dags/example_dynamic_task_mapping.py
[2023-12-21T13:01:48.865-0300] {logging_mixin.py:188} INFO - [2023-12-21T13:01:48.864-0300] {dag.py:3033} INFO - Sync 1 DAGs
[2023-12-21T13:01:48.907-0300] {logging_mixin.py:188} INFO - [2023-12-21T13:01:48.906-0300] {dag.py:3820} INFO - Setting next_dagrun for example_dynamic_task_mapping to 2022-03-04T00:00:00+00:00, run_after=2022-03-05T00:00:00+00:00
[2023-12-21T13:01:49.009-0300] {processor.py:183} INFO - Processing /home/myc-ti-2/airflow_workspace/airflow_env/lib/python3.10/site-packages/airflow/example_dags/example_dynamic_task_mapping.py took 0.209 seconds
[2023-12-21T13:02:58.148-0300] {processor.py:161} INFO - Started process (PID=7385) to work on /home/myc-ti-2/airflow_workspace/airflow_env/lib/python3.10/site-packages/airflow/example_dags/example_dynamic_task_mapping.py
[2023-12-21T13:02:58.150-0300] {processor.py:830} INFO - Processing file /home/myc-ti-2/airflow_workspace/airflow_env/lib/python3.10/site-packages/airflow/example_dags/example_dynamic_task_mapping.py for tasks to queue
[2023-12-21T13:02:58.151-0300] {logging_mixin.py:188} INFO - [2023-12-21T13:02:58.151-0300] {dagbag.py:538} INFO - Filling up the DagBag from /home/myc-ti-2/airflow_workspace/airflow_env/lib/python3.10/site-packages/airflow/example_dags/example_dynamic_task_mapping.py
[2023-12-21T13:02:58.163-0300] {processor.py:840} INFO - DAG(s) 'example_dynamic_task_mapping' retrieved from /home/myc-ti-2/airflow_workspace/airflow_env/lib/python3.10/site-packages/airflow/example_dags/example_dynamic_task_mapping.py
[2023-12-21T13:02:58.184-0300] {logging_mixin.py:188} INFO - [2023-12-21T13:02:58.184-0300] {dag.py:3033} INFO - Sync 1 DAGs
[2023-12-21T13:02:58.211-0300] {logging_mixin.py:188} INFO - [2023-12-21T13:02:58.211-0300] {dag.py:3820} INFO - Setting next_dagrun for example_dynamic_task_mapping to 2022-03-04T00:00:00+00:00, run_after=2022-03-05T00:00:00+00:00
[2023-12-21T13:02:58.307-0300] {processor.py:183} INFO - Processing /home/myc-ti-2/airflow_workspace/airflow_env/lib/python3.10/site-packages/airflow/example_dags/example_dynamic_task_mapping.py took 0.164 seconds
[2023-12-21T13:03:57.527-0300] {processor.py:161} INFO - Started process (PID=7448) to work on /home/myc-ti-2/airflow_workspace/airflow_env/lib/python3.10/site-packages/airflow/example_dags/example_dynamic_task_mapping.py
[2023-12-21T13:03:57.530-0300] {processor.py:830} INFO - Processing file /home/myc-ti-2/airflow_workspace/airflow_env/lib/python3.10/site-packages/airflow/example_dags/example_dynamic_task_mapping.py for tasks to queue
[2023-12-21T13:03:57.532-0300] {logging_mixin.py:188} INFO - [2023-12-21T13:03:57.531-0300] {dagbag.py:538} INFO - Filling up the DagBag from /home/myc-ti-2/airflow_workspace/airflow_env/lib/python3.10/site-packages/airflow/example_dags/example_dynamic_task_mapping.py
[2023-12-21T13:03:57.550-0300] {processor.py:840} INFO - DAG(s) 'example_dynamic_task_mapping' retrieved from /home/myc-ti-2/airflow_workspace/airflow_env/lib/python3.10/site-packages/airflow/example_dags/example_dynamic_task_mapping.py
[2023-12-21T13:03:57.576-0300] {logging_mixin.py:188} INFO - [2023-12-21T13:03:57.575-0300] {dag.py:3033} INFO - Sync 1 DAGs
[2023-12-21T13:03:57.602-0300] {logging_mixin.py:188} INFO - [2023-12-21T13:03:57.602-0300] {dag.py:3820} INFO - Setting next_dagrun for example_dynamic_task_mapping to 2022-03-04T00:00:00+00:00, run_after=2022-03-05T00:00:00+00:00
[2023-12-21T13:03:57.708-0300] {processor.py:183} INFO - Processing /home/myc-ti-2/airflow_workspace/airflow_env/lib/python3.10/site-packages/airflow/example_dags/example_dynamic_task_mapping.py took 0.188 seconds
[2023-12-21T13:04:55.110-0300] {processor.py:161} INFO - Started process (PID=7504) to work on /home/myc-ti-2/airflow_workspace/airflow_env/lib/python3.10/site-packages/airflow/example_dags/example_dynamic_task_mapping.py
[2023-12-21T13:04:55.112-0300] {processor.py:830} INFO - Processing file /home/myc-ti-2/airflow_workspace/airflow_env/lib/python3.10/site-packages/airflow/example_dags/example_dynamic_task_mapping.py for tasks to queue
[2023-12-21T13:04:55.114-0300] {logging_mixin.py:188} INFO - [2023-12-21T13:04:55.113-0300] {dagbag.py:538} INFO - Filling up the DagBag from /home/myc-ti-2/airflow_workspace/airflow_env/lib/python3.10/site-packages/airflow/example_dags/example_dynamic_task_mapping.py
[2023-12-21T13:04:55.131-0300] {processor.py:840} INFO - DAG(s) 'example_dynamic_task_mapping' retrieved from /home/myc-ti-2/airflow_workspace/airflow_env/lib/python3.10/site-packages/airflow/example_dags/example_dynamic_task_mapping.py
[2023-12-21T13:04:55.157-0300] {logging_mixin.py:188} INFO - [2023-12-21T13:04:55.157-0300] {dag.py:3033} INFO - Sync 1 DAGs
[2023-12-21T13:04:55.188-0300] {logging_mixin.py:188} INFO - [2023-12-21T13:04:55.188-0300] {dag.py:3820} INFO - Setting next_dagrun for example_dynamic_task_mapping to 2022-03-04T00:00:00+00:00, run_after=2022-03-05T00:00:00+00:00
[2023-12-21T13:04:55.297-0300] {processor.py:183} INFO - Processing /home/myc-ti-2/airflow_workspace/airflow_env/lib/python3.10/site-packages/airflow/example_dags/example_dynamic_task_mapping.py took 0.195 seconds
[2023-12-21T13:06:09.890-0300] {processor.py:161} INFO - Started process (PID=7576) to work on /home/myc-ti-2/airflow_workspace/airflow_env/lib/python3.10/site-packages/airflow/example_dags/example_dynamic_task_mapping.py
[2023-12-21T13:06:09.892-0300] {processor.py:830} INFO - Processing file /home/myc-ti-2/airflow_workspace/airflow_env/lib/python3.10/site-packages/airflow/example_dags/example_dynamic_task_mapping.py for tasks to queue
[2023-12-21T13:06:09.894-0300] {logging_mixin.py:188} INFO - [2023-12-21T13:06:09.894-0300] {dagbag.py:538} INFO - Filling up the DagBag from /home/myc-ti-2/airflow_workspace/airflow_env/lib/python3.10/site-packages/airflow/example_dags/example_dynamic_task_mapping.py
[2023-12-21T13:06:09.915-0300] {processor.py:840} INFO - DAG(s) 'example_dynamic_task_mapping' retrieved from /home/myc-ti-2/airflow_workspace/airflow_env/lib/python3.10/site-packages/airflow/example_dags/example_dynamic_task_mapping.py
[2023-12-21T13:06:09.940-0300] {logging_mixin.py:188} INFO - [2023-12-21T13:06:09.940-0300] {dag.py:3033} INFO - Sync 1 DAGs
[2023-12-21T13:06:09.972-0300] {logging_mixin.py:188} INFO - [2023-12-21T13:06:09.972-0300] {dag.py:3820} INFO - Setting next_dagrun for example_dynamic_task_mapping to 2022-03-04T00:00:00+00:00, run_after=2022-03-05T00:00:00+00:00
[2023-12-21T13:06:10.063-0300] {processor.py:183} INFO - Processing /home/myc-ti-2/airflow_workspace/airflow_env/lib/python3.10/site-packages/airflow/example_dags/example_dynamic_task_mapping.py took 0.182 seconds
[2023-12-21T13:07:25.215-0300] {processor.py:161} INFO - Started process (PID=7733) to work on /home/myc-ti-2/airflow_workspace/airflow_env/lib/python3.10/site-packages/airflow/example_dags/example_dynamic_task_mapping.py
[2023-12-21T13:07:25.233-0300] {processor.py:830} INFO - Processing file /home/myc-ti-2/airflow_workspace/airflow_env/lib/python3.10/site-packages/airflow/example_dags/example_dynamic_task_mapping.py for tasks to queue
[2023-12-21T13:07:25.234-0300] {logging_mixin.py:188} INFO - [2023-12-21T13:07:25.234-0300] {dagbag.py:538} INFO - Filling up the DagBag from /home/myc-ti-2/airflow_workspace/airflow_env/lib/python3.10/site-packages/airflow/example_dags/example_dynamic_task_mapping.py
[2023-12-21T13:07:25.244-0300] {processor.py:840} INFO - DAG(s) 'example_dynamic_task_mapping' retrieved from /home/myc-ti-2/airflow_workspace/airflow_env/lib/python3.10/site-packages/airflow/example_dags/example_dynamic_task_mapping.py
[2023-12-21T13:07:25.263-0300] {logging_mixin.py:188} INFO - [2023-12-21T13:07:25.263-0300] {dag.py:3033} INFO - Sync 1 DAGs
[2023-12-21T13:07:25.287-0300] {logging_mixin.py:188} INFO - [2023-12-21T13:07:25.287-0300] {dag.py:3820} INFO - Setting next_dagrun for example_dynamic_task_mapping to 2022-03-04T00:00:00+00:00, run_after=2022-03-05T00:00:00+00:00
[2023-12-21T13:07:25.383-0300] {processor.py:183} INFO - Processing /home/myc-ti-2/airflow_workspace/airflow_env/lib/python3.10/site-packages/airflow/example_dags/example_dynamic_task_mapping.py took 0.171 seconds
[2023-12-21T13:08:34.678-0300] {processor.py:161} INFO - Started process (PID=8995) to work on /home/myc-ti-2/airflow_workspace/airflow_env/lib/python3.10/site-packages/airflow/example_dags/example_dynamic_task_mapping.py
[2023-12-21T13:08:34.680-0300] {processor.py:830} INFO - Processing file /home/myc-ti-2/airflow_workspace/airflow_env/lib/python3.10/site-packages/airflow/example_dags/example_dynamic_task_mapping.py for tasks to queue
[2023-12-21T13:08:34.684-0300] {logging_mixin.py:188} INFO - [2023-12-21T13:08:34.681-0300] {dagbag.py:538} INFO - Filling up the DagBag from /home/myc-ti-2/airflow_workspace/airflow_env/lib/python3.10/site-packages/airflow/example_dags/example_dynamic_task_mapping.py
[2023-12-21T13:08:34.699-0300] {processor.py:840} INFO - DAG(s) 'example_dynamic_task_mapping' retrieved from /home/myc-ti-2/airflow_workspace/airflow_env/lib/python3.10/site-packages/airflow/example_dags/example_dynamic_task_mapping.py
[2023-12-21T13:08:34.720-0300] {logging_mixin.py:188} INFO - [2023-12-21T13:08:34.720-0300] {dag.py:3033} INFO - Sync 1 DAGs
[2023-12-21T13:08:34.748-0300] {logging_mixin.py:188} INFO - [2023-12-21T13:08:34.748-0300] {dag.py:3820} INFO - Setting next_dagrun for example_dynamic_task_mapping to 2022-03-04T00:00:00+00:00, run_after=2022-03-05T00:00:00+00:00
[2023-12-21T13:08:34.871-0300] {processor.py:183} INFO - Processing /home/myc-ti-2/airflow_workspace/airflow_env/lib/python3.10/site-packages/airflow/example_dags/example_dynamic_task_mapping.py took 0.197 seconds
[2023-12-21T13:09:38.923-0300] {processor.py:161} INFO - Started process (PID=9258) to work on /home/myc-ti-2/airflow_workspace/airflow_env/lib/python3.10/site-packages/airflow/example_dags/example_dynamic_task_mapping.py
[2023-12-21T13:09:38.926-0300] {processor.py:830} INFO - Processing file /home/myc-ti-2/airflow_workspace/airflow_env/lib/python3.10/site-packages/airflow/example_dags/example_dynamic_task_mapping.py for tasks to queue
[2023-12-21T13:09:38.927-0300] {logging_mixin.py:188} INFO - [2023-12-21T13:09:38.927-0300] {dagbag.py:538} INFO - Filling up the DagBag from /home/myc-ti-2/airflow_workspace/airflow_env/lib/python3.10/site-packages/airflow/example_dags/example_dynamic_task_mapping.py
[2023-12-21T13:09:38.938-0300] {processor.py:840} INFO - DAG(s) 'example_dynamic_task_mapping' retrieved from /home/myc-ti-2/airflow_workspace/airflow_env/lib/python3.10/site-packages/airflow/example_dags/example_dynamic_task_mapping.py
[2023-12-21T13:09:38.959-0300] {logging_mixin.py:188} INFO - [2023-12-21T13:09:38.958-0300] {dag.py:3033} INFO - Sync 1 DAGs
[2023-12-21T13:09:38.989-0300] {logging_mixin.py:188} INFO - [2023-12-21T13:09:38.988-0300] {dag.py:3820} INFO - Setting next_dagrun for example_dynamic_task_mapping to 2022-03-04T00:00:00+00:00, run_after=2022-03-05T00:00:00+00:00
[2023-12-21T13:09:39.147-0300] {processor.py:183} INFO - Processing /home/myc-ti-2/airflow_workspace/airflow_env/lib/python3.10/site-packages/airflow/example_dags/example_dynamic_task_mapping.py took 0.228 seconds
[2023-12-21T13:10:48.692-0300] {processor.py:161} INFO - Started process (PID=9554) to work on /home/myc-ti-2/airflow_workspace/airflow_env/lib/python3.10/site-packages/airflow/example_dags/example_dynamic_task_mapping.py
[2023-12-21T13:10:48.701-0300] {processor.py:830} INFO - Processing file /home/myc-ti-2/airflow_workspace/airflow_env/lib/python3.10/site-packages/airflow/example_dags/example_dynamic_task_mapping.py for tasks to queue
[2023-12-21T13:10:48.704-0300] {logging_mixin.py:188} INFO - [2023-12-21T13:10:48.703-0300] {dagbag.py:538} INFO - Filling up the DagBag from /home/myc-ti-2/airflow_workspace/airflow_env/lib/python3.10/site-packages/airflow/example_dags/example_dynamic_task_mapping.py
[2023-12-21T13:10:48.721-0300] {processor.py:840} INFO - DAG(s) 'example_dynamic_task_mapping' retrieved from /home/myc-ti-2/airflow_workspace/airflow_env/lib/python3.10/site-packages/airflow/example_dags/example_dynamic_task_mapping.py
[2023-12-21T13:10:48.753-0300] {logging_mixin.py:188} INFO - [2023-12-21T13:10:48.752-0300] {dag.py:3033} INFO - Sync 1 DAGs
[2023-12-21T13:10:48.777-0300] {logging_mixin.py:188} INFO - [2023-12-21T13:10:48.777-0300] {dag.py:3820} INFO - Setting next_dagrun for example_dynamic_task_mapping to 2022-03-04T00:00:00+00:00, run_after=2022-03-05T00:00:00+00:00
[2023-12-21T13:10:48.906-0300] {processor.py:183} INFO - Processing /home/myc-ti-2/airflow_workspace/airflow_env/lib/python3.10/site-packages/airflow/example_dags/example_dynamic_task_mapping.py took 0.221 seconds
[2023-12-21T13:11:54.032-0300] {processor.py:161} INFO - Started process (PID=10040) to work on /home/myc-ti-2/airflow_workspace/airflow_env/lib/python3.10/site-packages/airflow/example_dags/example_dynamic_task_mapping.py
[2023-12-21T13:11:54.049-0300] {processor.py:830} INFO - Processing file /home/myc-ti-2/airflow_workspace/airflow_env/lib/python3.10/site-packages/airflow/example_dags/example_dynamic_task_mapping.py for tasks to queue
[2023-12-21T13:11:54.051-0300] {logging_mixin.py:188} INFO - [2023-12-21T13:11:54.050-0300] {dagbag.py:538} INFO - Filling up the DagBag from /home/myc-ti-2/airflow_workspace/airflow_env/lib/python3.10/site-packages/airflow/example_dags/example_dynamic_task_mapping.py
[2023-12-21T13:11:54.069-0300] {processor.py:840} INFO - DAG(s) 'example_dynamic_task_mapping' retrieved from /home/myc-ti-2/airflow_workspace/airflow_env/lib/python3.10/site-packages/airflow/example_dags/example_dynamic_task_mapping.py
[2023-12-21T13:11:54.099-0300] {logging_mixin.py:188} INFO - [2023-12-21T13:11:54.098-0300] {dag.py:3033} INFO - Sync 1 DAGs
[2023-12-21T13:11:54.129-0300] {logging_mixin.py:188} INFO - [2023-12-21T13:11:54.129-0300] {dag.py:3820} INFO - Setting next_dagrun for example_dynamic_task_mapping to 2022-03-04T00:00:00+00:00, run_after=2022-03-05T00:00:00+00:00
[2023-12-21T13:11:54.250-0300] {processor.py:183} INFO - Processing /home/myc-ti-2/airflow_workspace/airflow_env/lib/python3.10/site-packages/airflow/example_dags/example_dynamic_task_mapping.py took 0.225 seconds
[2023-12-21T13:12:55.833-0300] {processor.py:161} INFO - Started process (PID=10117) to work on /home/myc-ti-2/airflow_workspace/airflow_env/lib/python3.10/site-packages/airflow/example_dags/example_dynamic_task_mapping.py
[2023-12-21T13:12:55.835-0300] {processor.py:830} INFO - Processing file /home/myc-ti-2/airflow_workspace/airflow_env/lib/python3.10/site-packages/airflow/example_dags/example_dynamic_task_mapping.py for tasks to queue
[2023-12-21T13:12:55.837-0300] {logging_mixin.py:188} INFO - [2023-12-21T13:12:55.836-0300] {dagbag.py:538} INFO - Filling up the DagBag from /home/myc-ti-2/airflow_workspace/airflow_env/lib/python3.10/site-packages/airflow/example_dags/example_dynamic_task_mapping.py
[2023-12-21T13:12:55.854-0300] {processor.py:840} INFO - DAG(s) 'example_dynamic_task_mapping' retrieved from /home/myc-ti-2/airflow_workspace/airflow_env/lib/python3.10/site-packages/airflow/example_dags/example_dynamic_task_mapping.py
[2023-12-21T13:12:55.881-0300] {logging_mixin.py:188} INFO - [2023-12-21T13:12:55.881-0300] {dag.py:3033} INFO - Sync 1 DAGs
[2023-12-21T13:12:55.912-0300] {logging_mixin.py:188} INFO - [2023-12-21T13:12:55.911-0300] {dag.py:3820} INFO - Setting next_dagrun for example_dynamic_task_mapping to 2022-03-04T00:00:00+00:00, run_after=2022-03-05T00:00:00+00:00
[2023-12-21T13:12:56.048-0300] {processor.py:183} INFO - Processing /home/myc-ti-2/airflow_workspace/airflow_env/lib/python3.10/site-packages/airflow/example_dags/example_dynamic_task_mapping.py took 0.223 seconds
[2023-12-21T13:13:57.643-0300] {processor.py:161} INFO - Started process (PID=10312) to work on /home/myc-ti-2/airflow_workspace/airflow_env/lib/python3.10/site-packages/airflow/example_dags/example_dynamic_task_mapping.py
[2023-12-21T13:13:57.661-0300] {processor.py:830} INFO - Processing file /home/myc-ti-2/airflow_workspace/airflow_env/lib/python3.10/site-packages/airflow/example_dags/example_dynamic_task_mapping.py for tasks to queue
[2023-12-21T13:13:57.663-0300] {logging_mixin.py:188} INFO - [2023-12-21T13:13:57.662-0300] {dagbag.py:538} INFO - Filling up the DagBag from /home/myc-ti-2/airflow_workspace/airflow_env/lib/python3.10/site-packages/airflow/example_dags/example_dynamic_task_mapping.py
[2023-12-21T13:13:57.680-0300] {processor.py:840} INFO - DAG(s) 'example_dynamic_task_mapping' retrieved from /home/myc-ti-2/airflow_workspace/airflow_env/lib/python3.10/site-packages/airflow/example_dags/example_dynamic_task_mapping.py
[2023-12-21T13:13:57.714-0300] {logging_mixin.py:188} INFO - [2023-12-21T13:13:57.714-0300] {dag.py:3033} INFO - Sync 1 DAGs
[2023-12-21T13:13:57.746-0300] {logging_mixin.py:188} INFO - [2023-12-21T13:13:57.746-0300] {dag.py:3820} INFO - Setting next_dagrun for example_dynamic_task_mapping to 2022-03-04T00:00:00+00:00, run_after=2022-03-05T00:00:00+00:00
[2023-12-21T13:13:57.852-0300] {processor.py:183} INFO - Processing /home/myc-ti-2/airflow_workspace/airflow_env/lib/python3.10/site-packages/airflow/example_dags/example_dynamic_task_mapping.py took 0.215 seconds
[2023-12-21T13:15:03.016-0300] {processor.py:161} INFO - Started process (PID=10466) to work on /home/myc-ti-2/airflow_workspace/airflow_env/lib/python3.10/site-packages/airflow/example_dags/example_dynamic_task_mapping.py
[2023-12-21T13:15:03.018-0300] {processor.py:830} INFO - Processing file /home/myc-ti-2/airflow_workspace/airflow_env/lib/python3.10/site-packages/airflow/example_dags/example_dynamic_task_mapping.py for tasks to queue
[2023-12-21T13:15:03.021-0300] {logging_mixin.py:188} INFO - [2023-12-21T13:15:03.020-0300] {dagbag.py:538} INFO - Filling up the DagBag from /home/myc-ti-2/airflow_workspace/airflow_env/lib/python3.10/site-packages/airflow/example_dags/example_dynamic_task_mapping.py
[2023-12-21T13:15:03.039-0300] {processor.py:840} INFO - DAG(s) 'example_dynamic_task_mapping' retrieved from /home/myc-ti-2/airflow_workspace/airflow_env/lib/python3.10/site-packages/airflow/example_dags/example_dynamic_task_mapping.py
[2023-12-21T13:15:03.068-0300] {logging_mixin.py:188} INFO - [2023-12-21T13:15:03.068-0300] {dag.py:3033} INFO - Sync 1 DAGs
[2023-12-21T13:15:03.102-0300] {logging_mixin.py:188} INFO - [2023-12-21T13:15:03.101-0300] {dag.py:3820} INFO - Setting next_dagrun for example_dynamic_task_mapping to 2022-03-04T00:00:00+00:00, run_after=2022-03-05T00:00:00+00:00
[2023-12-21T13:15:03.216-0300] {processor.py:183} INFO - Processing /home/myc-ti-2/airflow_workspace/airflow_env/lib/python3.10/site-packages/airflow/example_dags/example_dynamic_task_mapping.py took 0.208 seconds
