[2023-12-21T12:58:55.593-0300] {processor.py:161} INFO - Started process (PID=7104) to work on /home/myc-ti-2/airflow_workspace/airflow_env/lib/python3.10/site-packages/airflow/example_dags/example_bash_operator.py
[2023-12-21T12:58:55.595-0300] {processor.py:830} INFO - Processing file /home/myc-ti-2/airflow_workspace/airflow_env/lib/python3.10/site-packages/airflow/example_dags/example_bash_operator.py for tasks to queue
[2023-12-21T12:58:55.597-0300] {logging_mixin.py:188} INFO - [2023-12-21T12:58:55.596-0300] {dagbag.py:538} INFO - Filling up the DagBag from /home/myc-ti-2/airflow_workspace/airflow_env/lib/python3.10/site-packages/airflow/example_dags/example_bash_operator.py
[2023-12-21T12:58:55.626-0300] {processor.py:840} INFO - DAG(s) 'example_bash_operator' retrieved from /home/myc-ti-2/airflow_workspace/airflow_env/lib/python3.10/site-packages/airflow/example_dags/example_bash_operator.py
[2023-12-21T12:58:55.979-0300] {logging_mixin.py:188} INFO - [2023-12-21T12:58:55.977-0300] {override.py:1769} INFO - Created Permission View: can edit on DAG:example_bash_operator
[2023-12-21T12:58:56.078-0300] {logging_mixin.py:188} INFO - [2023-12-21T12:58:56.077-0300] {override.py:1769} INFO - Created Permission View: can delete on DAG:example_bash_operator
[2023-12-21T12:58:56.170-0300] {logging_mixin.py:188} INFO - [2023-12-21T12:58:56.169-0300] {override.py:1769} INFO - Created Permission View: can read on DAG:example_bash_operator
[2023-12-21T12:58:56.171-0300] {logging_mixin.py:188} INFO - [2023-12-21T12:58:56.171-0300] {dag.py:3033} INFO - Sync 1 DAGs
[2023-12-21T12:58:56.198-0300] {logging_mixin.py:188} INFO - [2023-12-21T12:58:56.198-0300] {dag.py:3055} INFO - Creating ORM DAG for example_bash_operator
[2023-12-21T12:58:56.225-0300] {logging_mixin.py:188} INFO - [2023-12-21T12:58:56.224-0300] {dag.py:3820} INFO - Setting next_dagrun for example_bash_operator to 2023-12-20T00:00:00+00:00, run_after=2023-12-21T00:00:00+00:00
[2023-12-21T12:58:56.398-0300] {processor.py:183} INFO - Processing /home/myc-ti-2/airflow_workspace/airflow_env/lib/python3.10/site-packages/airflow/example_dags/example_bash_operator.py took 0.812 seconds
[2023-12-21T13:00:05.873-0300] {processor.py:161} INFO - Started process (PID=7177) to work on /home/myc-ti-2/airflow_workspace/airflow_env/lib/python3.10/site-packages/airflow/example_dags/example_bash_operator.py
[2023-12-21T13:00:05.875-0300] {processor.py:830} INFO - Processing file /home/myc-ti-2/airflow_workspace/airflow_env/lib/python3.10/site-packages/airflow/example_dags/example_bash_operator.py for tasks to queue
[2023-12-21T13:00:05.877-0300] {logging_mixin.py:188} INFO - [2023-12-21T13:00:05.877-0300] {dagbag.py:538} INFO - Filling up the DagBag from /home/myc-ti-2/airflow_workspace/airflow_env/lib/python3.10/site-packages/airflow/example_dags/example_bash_operator.py
[2023-12-21T13:00:05.907-0300] {processor.py:840} INFO - DAG(s) 'example_bash_operator' retrieved from /home/myc-ti-2/airflow_workspace/airflow_env/lib/python3.10/site-packages/airflow/example_dags/example_bash_operator.py
[2023-12-21T13:00:05.946-0300] {logging_mixin.py:188} INFO - [2023-12-21T13:00:05.946-0300] {dag.py:3033} INFO - Sync 1 DAGs
[2023-12-21T13:00:05.980-0300] {logging_mixin.py:188} INFO - [2023-12-21T13:00:05.980-0300] {dag.py:3820} INFO - Setting next_dagrun for example_bash_operator to 2023-12-20T00:00:00+00:00, run_after=2023-12-21T00:00:00+00:00
[2023-12-21T13:00:06.068-0300] {processor.py:183} INFO - Processing /home/myc-ti-2/airflow_workspace/airflow_env/lib/python3.10/site-packages/airflow/example_dags/example_bash_operator.py took 0.201 seconds
[2023-12-21T13:01:17.897-0300] {processor.py:161} INFO - Started process (PID=7273) to work on /home/myc-ti-2/airflow_workspace/airflow_env/lib/python3.10/site-packages/airflow/example_dags/example_bash_operator.py
[2023-12-21T13:01:17.899-0300] {processor.py:830} INFO - Processing file /home/myc-ti-2/airflow_workspace/airflow_env/lib/python3.10/site-packages/airflow/example_dags/example_bash_operator.py for tasks to queue
[2023-12-21T13:01:17.902-0300] {logging_mixin.py:188} INFO - [2023-12-21T13:01:17.901-0300] {dagbag.py:538} INFO - Filling up the DagBag from /home/myc-ti-2/airflow_workspace/airflow_env/lib/python3.10/site-packages/airflow/example_dags/example_bash_operator.py
[2023-12-21T13:01:17.937-0300] {processor.py:840} INFO - DAG(s) 'example_bash_operator' retrieved from /home/myc-ti-2/airflow_workspace/airflow_env/lib/python3.10/site-packages/airflow/example_dags/example_bash_operator.py
[2023-12-21T13:01:17.983-0300] {logging_mixin.py:188} INFO - [2023-12-21T13:01:17.983-0300] {dag.py:3033} INFO - Sync 1 DAGs
[2023-12-21T13:01:18.016-0300] {logging_mixin.py:188} INFO - [2023-12-21T13:01:18.015-0300] {dag.py:3820} INFO - Setting next_dagrun for example_bash_operator to 2023-12-20T00:00:00+00:00, run_after=2023-12-21T00:00:00+00:00
[2023-12-21T13:01:18.127-0300] {processor.py:183} INFO - Processing /home/myc-ti-2/airflow_workspace/airflow_env/lib/python3.10/site-packages/airflow/example_dags/example_bash_operator.py took 0.238 seconds
[2023-12-21T13:02:24.455-0300] {processor.py:161} INFO - Started process (PID=7354) to work on /home/myc-ti-2/airflow_workspace/airflow_env/lib/python3.10/site-packages/airflow/example_dags/example_bash_operator.py
[2023-12-21T13:02:24.457-0300] {processor.py:830} INFO - Processing file /home/myc-ti-2/airflow_workspace/airflow_env/lib/python3.10/site-packages/airflow/example_dags/example_bash_operator.py for tasks to queue
[2023-12-21T13:02:24.459-0300] {logging_mixin.py:188} INFO - [2023-12-21T13:02:24.458-0300] {dagbag.py:538} INFO - Filling up the DagBag from /home/myc-ti-2/airflow_workspace/airflow_env/lib/python3.10/site-packages/airflow/example_dags/example_bash_operator.py
[2023-12-21T13:02:24.485-0300] {processor.py:840} INFO - DAG(s) 'example_bash_operator' retrieved from /home/myc-ti-2/airflow_workspace/airflow_env/lib/python3.10/site-packages/airflow/example_dags/example_bash_operator.py
[2023-12-21T13:02:24.529-0300] {logging_mixin.py:188} INFO - [2023-12-21T13:02:24.528-0300] {dag.py:3033} INFO - Sync 1 DAGs
[2023-12-21T13:02:24.565-0300] {logging_mixin.py:188} INFO - [2023-12-21T13:02:24.564-0300] {dag.py:3820} INFO - Setting next_dagrun for example_bash_operator to 2023-12-20T00:00:00+00:00, run_after=2023-12-21T00:00:00+00:00
[2023-12-21T13:02:24.684-0300] {processor.py:183} INFO - Processing /home/myc-ti-2/airflow_workspace/airflow_env/lib/python3.10/site-packages/airflow/example_dags/example_bash_operator.py took 0.234 seconds
[2023-12-21T13:03:25.888-0300] {processor.py:161} INFO - Started process (PID=7418) to work on /home/myc-ti-2/airflow_workspace/airflow_env/lib/python3.10/site-packages/airflow/example_dags/example_bash_operator.py
[2023-12-21T13:03:25.891-0300] {processor.py:830} INFO - Processing file /home/myc-ti-2/airflow_workspace/airflow_env/lib/python3.10/site-packages/airflow/example_dags/example_bash_operator.py for tasks to queue
[2023-12-21T13:03:25.893-0300] {logging_mixin.py:188} INFO - [2023-12-21T13:03:25.892-0300] {dagbag.py:538} INFO - Filling up the DagBag from /home/myc-ti-2/airflow_workspace/airflow_env/lib/python3.10/site-packages/airflow/example_dags/example_bash_operator.py
[2023-12-21T13:03:25.922-0300] {processor.py:840} INFO - DAG(s) 'example_bash_operator' retrieved from /home/myc-ti-2/airflow_workspace/airflow_env/lib/python3.10/site-packages/airflow/example_dags/example_bash_operator.py
[2023-12-21T13:03:25.964-0300] {logging_mixin.py:188} INFO - [2023-12-21T13:03:25.963-0300] {dag.py:3033} INFO - Sync 1 DAGs
[2023-12-21T13:03:25.997-0300] {logging_mixin.py:188} INFO - [2023-12-21T13:03:25.996-0300] {dag.py:3820} INFO - Setting next_dagrun for example_bash_operator to 2023-12-20T00:00:00+00:00, run_after=2023-12-21T00:00:00+00:00
[2023-12-21T13:03:26.110-0300] {processor.py:183} INFO - Processing /home/myc-ti-2/airflow_workspace/airflow_env/lib/python3.10/site-packages/airflow/example_dags/example_bash_operator.py took 0.229 seconds
[2023-12-21T13:04:25.698-0300] {processor.py:161} INFO - Started process (PID=7476) to work on /home/myc-ti-2/airflow_workspace/airflow_env/lib/python3.10/site-packages/airflow/example_dags/example_bash_operator.py
[2023-12-21T13:04:25.718-0300] {processor.py:830} INFO - Processing file /home/myc-ti-2/airflow_workspace/airflow_env/lib/python3.10/site-packages/airflow/example_dags/example_bash_operator.py for tasks to queue
[2023-12-21T13:04:25.720-0300] {logging_mixin.py:188} INFO - [2023-12-21T13:04:25.719-0300] {dagbag.py:538} INFO - Filling up the DagBag from /home/myc-ti-2/airflow_workspace/airflow_env/lib/python3.10/site-packages/airflow/example_dags/example_bash_operator.py
[2023-12-21T13:04:25.751-0300] {processor.py:840} INFO - DAG(s) 'example_bash_operator' retrieved from /home/myc-ti-2/airflow_workspace/airflow_env/lib/python3.10/site-packages/airflow/example_dags/example_bash_operator.py
[2023-12-21T13:04:25.800-0300] {logging_mixin.py:188} INFO - [2023-12-21T13:04:25.800-0300] {dag.py:3033} INFO - Sync 1 DAGs
[2023-12-21T13:04:25.833-0300] {logging_mixin.py:188} INFO - [2023-12-21T13:04:25.833-0300] {dag.py:3820} INFO - Setting next_dagrun for example_bash_operator to 2023-12-20T00:00:00+00:00, run_after=2023-12-21T00:00:00+00:00
[2023-12-21T13:04:25.941-0300] {processor.py:183} INFO - Processing /home/myc-ti-2/airflow_workspace/airflow_env/lib/python3.10/site-packages/airflow/example_dags/example_bash_operator.py took 0.250 seconds
[2023-12-21T13:05:24.858-0300] {processor.py:161} INFO - Started process (PID=7536) to work on /home/myc-ti-2/airflow_workspace/airflow_env/lib/python3.10/site-packages/airflow/example_dags/example_bash_operator.py
[2023-12-21T13:05:24.888-0300] {processor.py:830} INFO - Processing file /home/myc-ti-2/airflow_workspace/airflow_env/lib/python3.10/site-packages/airflow/example_dags/example_bash_operator.py for tasks to queue
[2023-12-21T13:05:24.890-0300] {logging_mixin.py:188} INFO - [2023-12-21T13:05:24.889-0300] {dagbag.py:538} INFO - Filling up the DagBag from /home/myc-ti-2/airflow_workspace/airflow_env/lib/python3.10/site-packages/airflow/example_dags/example_bash_operator.py
[2023-12-21T13:05:24.909-0300] {processor.py:840} INFO - DAG(s) 'example_bash_operator' retrieved from /home/myc-ti-2/airflow_workspace/airflow_env/lib/python3.10/site-packages/airflow/example_dags/example_bash_operator.py
[2023-12-21T13:05:26.565-0300] {logging_mixin.py:188} INFO - [2023-12-21T13:05:26.564-0300] {dag.py:3033} INFO - Sync 1 DAGs
[2023-12-21T13:05:27.340-0300] {logging_mixin.py:188} INFO - [2023-12-21T13:05:27.339-0300] {dag.py:3820} INFO - Setting next_dagrun for example_bash_operator to 2023-12-20T00:00:00+00:00, run_after=2023-12-21T00:00:00+00:00
[2023-12-21T13:05:27.619-0300] {processor.py:183} INFO - Processing /home/myc-ti-2/airflow_workspace/airflow_env/lib/python3.10/site-packages/airflow/example_dags/example_bash_operator.py took 2.766 seconds
[2023-12-21T13:06:47.492-0300] {processor.py:161} INFO - Started process (PID=7688) to work on /home/myc-ti-2/airflow_workspace/airflow_env/lib/python3.10/site-packages/airflow/example_dags/example_bash_operator.py
[2023-12-21T13:06:47.494-0300] {processor.py:830} INFO - Processing file /home/myc-ti-2/airflow_workspace/airflow_env/lib/python3.10/site-packages/airflow/example_dags/example_bash_operator.py for tasks to queue
[2023-12-21T13:06:47.495-0300] {logging_mixin.py:188} INFO - [2023-12-21T13:06:47.495-0300] {dagbag.py:538} INFO - Filling up the DagBag from /home/myc-ti-2/airflow_workspace/airflow_env/lib/python3.10/site-packages/airflow/example_dags/example_bash_operator.py
[2023-12-21T13:06:47.519-0300] {processor.py:840} INFO - DAG(s) 'example_bash_operator' retrieved from /home/myc-ti-2/airflow_workspace/airflow_env/lib/python3.10/site-packages/airflow/example_dags/example_bash_operator.py
[2023-12-21T13:06:47.560-0300] {logging_mixin.py:188} INFO - [2023-12-21T13:06:47.559-0300] {dag.py:3033} INFO - Sync 1 DAGs
[2023-12-21T13:06:47.593-0300] {logging_mixin.py:188} INFO - [2023-12-21T13:06:47.593-0300] {dag.py:3820} INFO - Setting next_dagrun for example_bash_operator to 2023-12-20T00:00:00+00:00, run_after=2023-12-21T00:00:00+00:00
[2023-12-21T13:06:47.703-0300] {processor.py:183} INFO - Processing /home/myc-ti-2/airflow_workspace/airflow_env/lib/python3.10/site-packages/airflow/example_dags/example_bash_operator.py took 0.216 seconds
[2023-12-21T13:08:02.707-0300] {processor.py:161} INFO - Started process (PID=8009) to work on /home/myc-ti-2/airflow_workspace/airflow_env/lib/python3.10/site-packages/airflow/example_dags/example_bash_operator.py
[2023-12-21T13:08:02.713-0300] {processor.py:830} INFO - Processing file /home/myc-ti-2/airflow_workspace/airflow_env/lib/python3.10/site-packages/airflow/example_dags/example_bash_operator.py for tasks to queue
[2023-12-21T13:08:02.715-0300] {logging_mixin.py:188} INFO - [2023-12-21T13:08:02.714-0300] {dagbag.py:538} INFO - Filling up the DagBag from /home/myc-ti-2/airflow_workspace/airflow_env/lib/python3.10/site-packages/airflow/example_dags/example_bash_operator.py
[2023-12-21T13:08:02.747-0300] {processor.py:840} INFO - DAG(s) 'example_bash_operator' retrieved from /home/myc-ti-2/airflow_workspace/airflow_env/lib/python3.10/site-packages/airflow/example_dags/example_bash_operator.py
[2023-12-21T13:08:02.783-0300] {logging_mixin.py:188} INFO - [2023-12-21T13:08:02.783-0300] {dag.py:3033} INFO - Sync 1 DAGs
[2023-12-21T13:08:02.808-0300] {logging_mixin.py:188} INFO - [2023-12-21T13:08:02.808-0300] {dag.py:3820} INFO - Setting next_dagrun for example_bash_operator to 2023-12-20T00:00:00+00:00, run_after=2023-12-21T00:00:00+00:00
[2023-12-21T13:08:02.941-0300] {processor.py:183} INFO - Processing /home/myc-ti-2/airflow_workspace/airflow_env/lib/python3.10/site-packages/airflow/example_dags/example_bash_operator.py took 0.242 seconds
[2023-12-21T13:09:05.564-0300] {processor.py:161} INFO - Started process (PID=9208) to work on /home/myc-ti-2/airflow_workspace/airflow_env/lib/python3.10/site-packages/airflow/example_dags/example_bash_operator.py
[2023-12-21T13:09:05.644-0300] {processor.py:830} INFO - Processing file /home/myc-ti-2/airflow_workspace/airflow_env/lib/python3.10/site-packages/airflow/example_dags/example_bash_operator.py for tasks to queue
[2023-12-21T13:09:05.646-0300] {logging_mixin.py:188} INFO - [2023-12-21T13:09:05.645-0300] {dagbag.py:538} INFO - Filling up the DagBag from /home/myc-ti-2/airflow_workspace/airflow_env/lib/python3.10/site-packages/airflow/example_dags/example_bash_operator.py
[2023-12-21T13:09:05.679-0300] {processor.py:840} INFO - DAG(s) 'example_bash_operator' retrieved from /home/myc-ti-2/airflow_workspace/airflow_env/lib/python3.10/site-packages/airflow/example_dags/example_bash_operator.py
[2023-12-21T13:09:05.731-0300] {logging_mixin.py:188} INFO - [2023-12-21T13:09:05.730-0300] {dag.py:3033} INFO - Sync 1 DAGs
[2023-12-21T13:09:05.767-0300] {logging_mixin.py:188} INFO - [2023-12-21T13:09:05.766-0300] {dag.py:3820} INFO - Setting next_dagrun for example_bash_operator to 2023-12-20T00:00:00+00:00, run_after=2023-12-21T00:00:00+00:00
[2023-12-21T13:09:05.906-0300] {processor.py:183} INFO - Processing /home/myc-ti-2/airflow_workspace/airflow_env/lib/python3.10/site-packages/airflow/example_dags/example_bash_operator.py took 0.349 seconds
[2023-12-21T13:10:13.775-0300] {processor.py:161} INFO - Started process (PID=9394) to work on /home/myc-ti-2/airflow_workspace/airflow_env/lib/python3.10/site-packages/airflow/example_dags/example_bash_operator.py
[2023-12-21T13:10:13.800-0300] {processor.py:830} INFO - Processing file /home/myc-ti-2/airflow_workspace/airflow_env/lib/python3.10/site-packages/airflow/example_dags/example_bash_operator.py for tasks to queue
[2023-12-21T13:10:13.802-0300] {logging_mixin.py:188} INFO - [2023-12-21T13:10:13.801-0300] {dagbag.py:538} INFO - Filling up the DagBag from /home/myc-ti-2/airflow_workspace/airflow_env/lib/python3.10/site-packages/airflow/example_dags/example_bash_operator.py
[2023-12-21T13:10:13.833-0300] {processor.py:840} INFO - DAG(s) 'example_bash_operator' retrieved from /home/myc-ti-2/airflow_workspace/airflow_env/lib/python3.10/site-packages/airflow/example_dags/example_bash_operator.py
[2023-12-21T13:10:13.883-0300] {logging_mixin.py:188} INFO - [2023-12-21T13:10:13.883-0300] {dag.py:3033} INFO - Sync 1 DAGs
[2023-12-21T13:10:13.919-0300] {logging_mixin.py:188} INFO - [2023-12-21T13:10:13.919-0300] {dag.py:3820} INFO - Setting next_dagrun for example_bash_operator to 2023-12-20T00:00:00+00:00, run_after=2023-12-21T00:00:00+00:00
[2023-12-21T13:10:14.092-0300] {processor.py:183} INFO - Processing /home/myc-ti-2/airflow_workspace/airflow_env/lib/python3.10/site-packages/airflow/example_dags/example_bash_operator.py took 0.324 seconds
[2023-12-21T13:11:21.377-0300] {processor.py:161} INFO - Started process (PID=9777) to work on /home/myc-ti-2/airflow_workspace/airflow_env/lib/python3.10/site-packages/airflow/example_dags/example_bash_operator.py
[2023-12-21T13:11:21.379-0300] {processor.py:830} INFO - Processing file /home/myc-ti-2/airflow_workspace/airflow_env/lib/python3.10/site-packages/airflow/example_dags/example_bash_operator.py for tasks to queue
[2023-12-21T13:11:21.381-0300] {logging_mixin.py:188} INFO - [2023-12-21T13:11:21.380-0300] {dagbag.py:538} INFO - Filling up the DagBag from /home/myc-ti-2/airflow_workspace/airflow_env/lib/python3.10/site-packages/airflow/example_dags/example_bash_operator.py
[2023-12-21T13:11:21.411-0300] {processor.py:840} INFO - DAG(s) 'example_bash_operator' retrieved from /home/myc-ti-2/airflow_workspace/airflow_env/lib/python3.10/site-packages/airflow/example_dags/example_bash_operator.py
[2023-12-21T13:11:21.452-0300] {logging_mixin.py:188} INFO - [2023-12-21T13:11:21.452-0300] {dag.py:3033} INFO - Sync 1 DAGs
[2023-12-21T13:11:21.485-0300] {logging_mixin.py:188} INFO - [2023-12-21T13:11:21.485-0300] {dag.py:3820} INFO - Setting next_dagrun for example_bash_operator to 2023-12-20T00:00:00+00:00, run_after=2023-12-21T00:00:00+00:00
[2023-12-21T13:11:21.591-0300] {processor.py:183} INFO - Processing /home/myc-ti-2/airflow_workspace/airflow_env/lib/python3.10/site-packages/airflow/example_dags/example_bash_operator.py took 0.221 seconds
[2023-12-21T13:12:24.657-0300] {processor.py:161} INFO - Started process (PID=10077) to work on /home/myc-ti-2/airflow_workspace/airflow_env/lib/python3.10/site-packages/airflow/example_dags/example_bash_operator.py
[2023-12-21T13:12:24.659-0300] {processor.py:830} INFO - Processing file /home/myc-ti-2/airflow_workspace/airflow_env/lib/python3.10/site-packages/airflow/example_dags/example_bash_operator.py for tasks to queue
[2023-12-21T13:12:24.661-0300] {logging_mixin.py:188} INFO - [2023-12-21T13:12:24.660-0300] {dagbag.py:538} INFO - Filling up the DagBag from /home/myc-ti-2/airflow_workspace/airflow_env/lib/python3.10/site-packages/airflow/example_dags/example_bash_operator.py
[2023-12-21T13:12:24.691-0300] {processor.py:840} INFO - DAG(s) 'example_bash_operator' retrieved from /home/myc-ti-2/airflow_workspace/airflow_env/lib/python3.10/site-packages/airflow/example_dags/example_bash_operator.py
[2023-12-21T13:12:24.731-0300] {logging_mixin.py:188} INFO - [2023-12-21T13:12:24.730-0300] {dag.py:3033} INFO - Sync 1 DAGs
[2023-12-21T13:12:24.763-0300] {logging_mixin.py:188} INFO - [2023-12-21T13:12:24.763-0300] {dag.py:3820} INFO - Setting next_dagrun for example_bash_operator to 2023-12-20T00:00:00+00:00, run_after=2023-12-21T00:00:00+00:00
[2023-12-21T13:12:24.889-0300] {processor.py:183} INFO - Processing /home/myc-ti-2/airflow_workspace/airflow_env/lib/python3.10/site-packages/airflow/example_dags/example_bash_operator.py took 0.240 seconds
[2023-12-21T13:13:26.736-0300] {processor.py:161} INFO - Started process (PID=10283) to work on /home/myc-ti-2/airflow_workspace/airflow_env/lib/python3.10/site-packages/airflow/example_dags/example_bash_operator.py
[2023-12-21T13:13:26.737-0300] {processor.py:830} INFO - Processing file /home/myc-ti-2/airflow_workspace/airflow_env/lib/python3.10/site-packages/airflow/example_dags/example_bash_operator.py for tasks to queue
[2023-12-21T13:13:26.739-0300] {logging_mixin.py:188} INFO - [2023-12-21T13:13:26.738-0300] {dagbag.py:538} INFO - Filling up the DagBag from /home/myc-ti-2/airflow_workspace/airflow_env/lib/python3.10/site-packages/airflow/example_dags/example_bash_operator.py
[2023-12-21T13:13:26.758-0300] {processor.py:840} INFO - DAG(s) 'example_bash_operator' retrieved from /home/myc-ti-2/airflow_workspace/airflow_env/lib/python3.10/site-packages/airflow/example_dags/example_bash_operator.py
[2023-12-21T13:13:26.798-0300] {logging_mixin.py:188} INFO - [2023-12-21T13:13:26.798-0300] {dag.py:3033} INFO - Sync 1 DAGs
[2023-12-21T13:13:26.831-0300] {logging_mixin.py:188} INFO - [2023-12-21T13:13:26.830-0300] {dag.py:3820} INFO - Setting next_dagrun for example_bash_operator to 2023-12-20T00:00:00+00:00, run_after=2023-12-21T00:00:00+00:00
[2023-12-21T13:13:27.020-0300] {processor.py:183} INFO - Processing /home/myc-ti-2/airflow_workspace/airflow_env/lib/python3.10/site-packages/airflow/example_dags/example_bash_operator.py took 0.290 seconds
[2023-12-21T13:14:29.841-0300] {processor.py:161} INFO - Started process (PID=10342) to work on /home/myc-ti-2/airflow_workspace/airflow_env/lib/python3.10/site-packages/airflow/example_dags/example_bash_operator.py
[2023-12-21T13:14:29.851-0300] {processor.py:830} INFO - Processing file /home/myc-ti-2/airflow_workspace/airflow_env/lib/python3.10/site-packages/airflow/example_dags/example_bash_operator.py for tasks to queue
[2023-12-21T13:14:29.853-0300] {logging_mixin.py:188} INFO - [2023-12-21T13:14:29.852-0300] {dagbag.py:538} INFO - Filling up the DagBag from /home/myc-ti-2/airflow_workspace/airflow_env/lib/python3.10/site-packages/airflow/example_dags/example_bash_operator.py
[2023-12-21T13:14:29.884-0300] {processor.py:840} INFO - DAG(s) 'example_bash_operator' retrieved from /home/myc-ti-2/airflow_workspace/airflow_env/lib/python3.10/site-packages/airflow/example_dags/example_bash_operator.py
[2023-12-21T13:14:29.928-0300] {logging_mixin.py:188} INFO - [2023-12-21T13:14:29.928-0300] {dag.py:3033} INFO - Sync 1 DAGs
[2023-12-21T13:14:29.961-0300] {logging_mixin.py:188} INFO - [2023-12-21T13:14:29.960-0300] {dag.py:3820} INFO - Setting next_dagrun for example_bash_operator to 2023-12-20T00:00:00+00:00, run_after=2023-12-21T00:00:00+00:00
[2023-12-21T13:14:30.076-0300] {processor.py:183} INFO - Processing /home/myc-ti-2/airflow_workspace/airflow_env/lib/python3.10/site-packages/airflow/example_dags/example_bash_operator.py took 0.242 seconds
