[2023-12-21T12:58:35.955-0300] {processor.py:161} INFO - Started process (PID=7077) to work on /home/myc-ti-2/airflow_workspace/airflow_env/lib/python3.10/site-packages/airflow/example_dags/example_branch_python_dop_operator_3.py
[2023-12-21T12:58:35.957-0300] {processor.py:830} INFO - Processing file /home/myc-ti-2/airflow_workspace/airflow_env/lib/python3.10/site-packages/airflow/example_dags/example_branch_python_dop_operator_3.py for tasks to queue
[2023-12-21T12:58:35.959-0300] {logging_mixin.py:188} INFO - [2023-12-21T12:58:35.958-0300] {dagbag.py:538} INFO - Filling up the DagBag from /home/myc-ti-2/airflow_workspace/airflow_env/lib/python3.10/site-packages/airflow/example_dags/example_branch_python_dop_operator_3.py
[2023-12-21T12:58:35.983-0300] {processor.py:840} INFO - DAG(s) 'example_branch_dop_operator_v3' retrieved from /home/myc-ti-2/airflow_workspace/airflow_env/lib/python3.10/site-packages/airflow/example_dags/example_branch_python_dop_operator_3.py
[2023-12-21T12:58:36.313-0300] {logging_mixin.py:188} INFO - [2023-12-21T12:58:36.312-0300] {override.py:1769} INFO - Created Permission View: can edit on DAG:example_branch_dop_operator_v3
[2023-12-21T12:58:36.404-0300] {logging_mixin.py:188} INFO - [2023-12-21T12:58:36.403-0300] {override.py:1769} INFO - Created Permission View: can delete on DAG:example_branch_dop_operator_v3
[2023-12-21T12:58:36.487-0300] {logging_mixin.py:188} INFO - [2023-12-21T12:58:36.487-0300] {override.py:1769} INFO - Created Permission View: can read on DAG:example_branch_dop_operator_v3
[2023-12-21T12:58:36.488-0300] {logging_mixin.py:188} INFO - [2023-12-21T12:58:36.488-0300] {dag.py:3033} INFO - Sync 1 DAGs
[2023-12-21T12:58:36.519-0300] {logging_mixin.py:188} INFO - [2023-12-21T12:58:36.518-0300] {dag.py:3055} INFO - Creating ORM DAG for example_branch_dop_operator_v3
[2023-12-21T12:58:36.557-0300] {logging_mixin.py:188} INFO - [2023-12-21T12:58:36.556-0300] {dag.py:3820} INFO - Setting next_dagrun for example_branch_dop_operator_v3 to 2023-12-21T15:57:00+00:00, run_after=2023-12-21T15:58:00+00:00
[2023-12-21T12:58:36.703-0300] {processor.py:183} INFO - Processing /home/myc-ti-2/airflow_workspace/airflow_env/lib/python3.10/site-packages/airflow/example_dags/example_branch_python_dop_operator_3.py took 0.755 seconds
[2023-12-21T12:59:51.952-0300] {processor.py:161} INFO - Started process (PID=7164) to work on /home/myc-ti-2/airflow_workspace/airflow_env/lib/python3.10/site-packages/airflow/example_dags/example_branch_python_dop_operator_3.py
[2023-12-21T12:59:51.960-0300] {processor.py:830} INFO - Processing file /home/myc-ti-2/airflow_workspace/airflow_env/lib/python3.10/site-packages/airflow/example_dags/example_branch_python_dop_operator_3.py for tasks to queue
[2023-12-21T12:59:51.963-0300] {logging_mixin.py:188} INFO - [2023-12-21T12:59:51.962-0300] {dagbag.py:538} INFO - Filling up the DagBag from /home/myc-ti-2/airflow_workspace/airflow_env/lib/python3.10/site-packages/airflow/example_dags/example_branch_python_dop_operator_3.py
[2023-12-21T12:59:51.987-0300] {processor.py:840} INFO - DAG(s) 'example_branch_dop_operator_v3' retrieved from /home/myc-ti-2/airflow_workspace/airflow_env/lib/python3.10/site-packages/airflow/example_dags/example_branch_python_dop_operator_3.py
[2023-12-21T12:59:52.017-0300] {logging_mixin.py:188} INFO - [2023-12-21T12:59:52.016-0300] {dag.py:3033} INFO - Sync 1 DAGs
[2023-12-21T12:59:52.056-0300] {logging_mixin.py:188} INFO - [2023-12-21T12:59:52.056-0300] {dag.py:3820} INFO - Setting next_dagrun for example_branch_dop_operator_v3 to 2023-12-21T15:58:00+00:00, run_after=2023-12-21T15:59:00+00:00
[2023-12-21T12:59:52.161-0300] {processor.py:183} INFO - Processing /home/myc-ti-2/airflow_workspace/airflow_env/lib/python3.10/site-packages/airflow/example_dags/example_branch_python_dop_operator_3.py took 0.216 seconds
[2023-12-21T13:01:04.993-0300] {processor.py:161} INFO - Started process (PID=7261) to work on /home/myc-ti-2/airflow_workspace/airflow_env/lib/python3.10/site-packages/airflow/example_dags/example_branch_python_dop_operator_3.py
[2023-12-21T13:01:04.999-0300] {processor.py:830} INFO - Processing file /home/myc-ti-2/airflow_workspace/airflow_env/lib/python3.10/site-packages/airflow/example_dags/example_branch_python_dop_operator_3.py for tasks to queue
[2023-12-21T13:01:05.001-0300] {logging_mixin.py:188} INFO - [2023-12-21T13:01:05.000-0300] {dagbag.py:538} INFO - Filling up the DagBag from /home/myc-ti-2/airflow_workspace/airflow_env/lib/python3.10/site-packages/airflow/example_dags/example_branch_python_dop_operator_3.py
[2023-12-21T13:01:05.019-0300] {processor.py:840} INFO - DAG(s) 'example_branch_dop_operator_v3' retrieved from /home/myc-ti-2/airflow_workspace/airflow_env/lib/python3.10/site-packages/airflow/example_dags/example_branch_python_dop_operator_3.py
[2023-12-21T13:01:05.045-0300] {logging_mixin.py:188} INFO - [2023-12-21T13:01:05.045-0300] {dag.py:3033} INFO - Sync 1 DAGs
[2023-12-21T13:01:05.086-0300] {logging_mixin.py:188} INFO - [2023-12-21T13:01:05.086-0300] {dag.py:3820} INFO - Setting next_dagrun for example_branch_dop_operator_v3 to 2023-12-21T16:00:00+00:00, run_after=2023-12-21T16:01:00+00:00
[2023-12-21T13:01:05.190-0300] {processor.py:183} INFO - Processing /home/myc-ti-2/airflow_workspace/airflow_env/lib/python3.10/site-packages/airflow/example_dags/example_branch_python_dop_operator_3.py took 0.202 seconds
[2023-12-21T13:02:07.656-0300] {processor.py:161} INFO - Started process (PID=7336) to work on /home/myc-ti-2/airflow_workspace/airflow_env/lib/python3.10/site-packages/airflow/example_dags/example_branch_python_dop_operator_3.py
[2023-12-21T13:02:07.664-0300] {processor.py:830} INFO - Processing file /home/myc-ti-2/airflow_workspace/airflow_env/lib/python3.10/site-packages/airflow/example_dags/example_branch_python_dop_operator_3.py for tasks to queue
[2023-12-21T13:02:07.666-0300] {logging_mixin.py:188} INFO - [2023-12-21T13:02:07.665-0300] {dagbag.py:538} INFO - Filling up the DagBag from /home/myc-ti-2/airflow_workspace/airflow_env/lib/python3.10/site-packages/airflow/example_dags/example_branch_python_dop_operator_3.py
[2023-12-21T13:02:07.683-0300] {processor.py:840} INFO - DAG(s) 'example_branch_dop_operator_v3' retrieved from /home/myc-ti-2/airflow_workspace/airflow_env/lib/python3.10/site-packages/airflow/example_dags/example_branch_python_dop_operator_3.py
[2023-12-21T13:02:07.709-0300] {logging_mixin.py:188} INFO - [2023-12-21T13:02:07.708-0300] {dag.py:3033} INFO - Sync 1 DAGs
[2023-12-21T13:02:07.755-0300] {logging_mixin.py:188} INFO - [2023-12-21T13:02:07.755-0300] {dag.py:3820} INFO - Setting next_dagrun for example_branch_dop_operator_v3 to 2023-12-21T16:01:00+00:00, run_after=2023-12-21T16:02:00+00:00
[2023-12-21T13:02:07.847-0300] {processor.py:183} INFO - Processing /home/myc-ti-2/airflow_workspace/airflow_env/lib/python3.10/site-packages/airflow/example_dags/example_branch_python_dop_operator_3.py took 0.196 seconds
[2023-12-21T13:03:12.962-0300] {processor.py:161} INFO - Started process (PID=7405) to work on /home/myc-ti-2/airflow_workspace/airflow_env/lib/python3.10/site-packages/airflow/example_dags/example_branch_python_dop_operator_3.py
[2023-12-21T13:03:12.978-0300] {processor.py:830} INFO - Processing file /home/myc-ti-2/airflow_workspace/airflow_env/lib/python3.10/site-packages/airflow/example_dags/example_branch_python_dop_operator_3.py for tasks to queue
[2023-12-21T13:03:12.981-0300] {logging_mixin.py:188} INFO - [2023-12-21T13:03:12.980-0300] {dagbag.py:538} INFO - Filling up the DagBag from /home/myc-ti-2/airflow_workspace/airflow_env/lib/python3.10/site-packages/airflow/example_dags/example_branch_python_dop_operator_3.py
[2023-12-21T13:03:13.005-0300] {processor.py:840} INFO - DAG(s) 'example_branch_dop_operator_v3' retrieved from /home/myc-ti-2/airflow_workspace/airflow_env/lib/python3.10/site-packages/airflow/example_dags/example_branch_python_dop_operator_3.py
[2023-12-21T13:03:13.034-0300] {logging_mixin.py:188} INFO - [2023-12-21T13:03:13.034-0300] {dag.py:3033} INFO - Sync 1 DAGs
[2023-12-21T13:03:13.073-0300] {logging_mixin.py:188} INFO - [2023-12-21T13:03:13.073-0300] {dag.py:3820} INFO - Setting next_dagrun for example_branch_dop_operator_v3 to 2023-12-21T16:02:00+00:00, run_after=2023-12-21T16:03:00+00:00
[2023-12-21T13:03:13.185-0300] {processor.py:183} INFO - Processing /home/myc-ti-2/airflow_workspace/airflow_env/lib/python3.10/site-packages/airflow/example_dags/example_branch_python_dop_operator_3.py took 0.231 seconds
[2023-12-21T13:04:11.916-0300] {processor.py:161} INFO - Started process (PID=7464) to work on /home/myc-ti-2/airflow_workspace/airflow_env/lib/python3.10/site-packages/airflow/example_dags/example_branch_python_dop_operator_3.py
[2023-12-21T13:04:11.931-0300] {processor.py:830} INFO - Processing file /home/myc-ti-2/airflow_workspace/airflow_env/lib/python3.10/site-packages/airflow/example_dags/example_branch_python_dop_operator_3.py for tasks to queue
[2023-12-21T13:04:11.933-0300] {logging_mixin.py:188} INFO - [2023-12-21T13:04:11.932-0300] {dagbag.py:538} INFO - Filling up the DagBag from /home/myc-ti-2/airflow_workspace/airflow_env/lib/python3.10/site-packages/airflow/example_dags/example_branch_python_dop_operator_3.py
[2023-12-21T13:04:11.958-0300] {processor.py:840} INFO - DAG(s) 'example_branch_dop_operator_v3' retrieved from /home/myc-ti-2/airflow_workspace/airflow_env/lib/python3.10/site-packages/airflow/example_dags/example_branch_python_dop_operator_3.py
[2023-12-21T13:04:11.990-0300] {logging_mixin.py:188} INFO - [2023-12-21T13:04:11.989-0300] {dag.py:3033} INFO - Sync 1 DAGs
[2023-12-21T13:04:12.029-0300] {logging_mixin.py:188} INFO - [2023-12-21T13:04:12.029-0300] {dag.py:3820} INFO - Setting next_dagrun for example_branch_dop_operator_v3 to 2023-12-21T16:03:00+00:00, run_after=2023-12-21T16:04:00+00:00
[2023-12-21T13:04:12.132-0300] {processor.py:183} INFO - Processing /home/myc-ti-2/airflow_workspace/airflow_env/lib/python3.10/site-packages/airflow/example_dags/example_branch_python_dop_operator_3.py took 0.223 seconds
[2023-12-21T13:05:11.054-0300] {processor.py:161} INFO - Started process (PID=7520) to work on /home/myc-ti-2/airflow_workspace/airflow_env/lib/python3.10/site-packages/airflow/example_dags/example_branch_python_dop_operator_3.py
[2023-12-21T13:05:11.056-0300] {processor.py:830} INFO - Processing file /home/myc-ti-2/airflow_workspace/airflow_env/lib/python3.10/site-packages/airflow/example_dags/example_branch_python_dop_operator_3.py for tasks to queue
[2023-12-21T13:05:11.058-0300] {logging_mixin.py:188} INFO - [2023-12-21T13:05:11.057-0300] {dagbag.py:538} INFO - Filling up the DagBag from /home/myc-ti-2/airflow_workspace/airflow_env/lib/python3.10/site-packages/airflow/example_dags/example_branch_python_dop_operator_3.py
[2023-12-21T13:05:11.082-0300] {processor.py:840} INFO - DAG(s) 'example_branch_dop_operator_v3' retrieved from /home/myc-ti-2/airflow_workspace/airflow_env/lib/python3.10/site-packages/airflow/example_dags/example_branch_python_dop_operator_3.py
[2023-12-21T13:05:11.108-0300] {logging_mixin.py:188} INFO - [2023-12-21T13:05:11.107-0300] {dag.py:3033} INFO - Sync 1 DAGs
[2023-12-21T13:05:11.148-0300] {logging_mixin.py:188} INFO - [2023-12-21T13:05:11.148-0300] {dag.py:3820} INFO - Setting next_dagrun for example_branch_dop_operator_v3 to 2023-12-21T16:04:00+00:00, run_after=2023-12-21T16:05:00+00:00
[2023-12-21T13:05:11.255-0300] {processor.py:183} INFO - Processing /home/myc-ti-2/airflow_workspace/airflow_env/lib/python3.10/site-packages/airflow/example_dags/example_branch_python_dop_operator_3.py took 0.209 seconds
[2023-12-21T13:06:33.751-0300] {processor.py:161} INFO - Started process (PID=7668) to work on /home/myc-ti-2/airflow_workspace/airflow_env/lib/python3.10/site-packages/airflow/example_dags/example_branch_python_dop_operator_3.py
[2023-12-21T13:06:33.767-0300] {processor.py:830} INFO - Processing file /home/myc-ti-2/airflow_workspace/airflow_env/lib/python3.10/site-packages/airflow/example_dags/example_branch_python_dop_operator_3.py for tasks to queue
[2023-12-21T13:06:33.768-0300] {logging_mixin.py:188} INFO - [2023-12-21T13:06:33.767-0300] {dagbag.py:538} INFO - Filling up the DagBag from /home/myc-ti-2/airflow_workspace/airflow_env/lib/python3.10/site-packages/airflow/example_dags/example_branch_python_dop_operator_3.py
[2023-12-21T13:06:33.784-0300] {processor.py:840} INFO - DAG(s) 'example_branch_dop_operator_v3' retrieved from /home/myc-ti-2/airflow_workspace/airflow_env/lib/python3.10/site-packages/airflow/example_dags/example_branch_python_dop_operator_3.py
[2023-12-21T13:06:33.808-0300] {logging_mixin.py:188} INFO - [2023-12-21T13:06:33.808-0300] {dag.py:3033} INFO - Sync 1 DAGs
[2023-12-21T13:06:33.855-0300] {logging_mixin.py:188} INFO - [2023-12-21T13:06:33.854-0300] {dag.py:3820} INFO - Setting next_dagrun for example_branch_dop_operator_v3 to 2023-12-21T16:05:00+00:00, run_after=2023-12-21T16:06:00+00:00
[2023-12-21T13:06:33.971-0300] {processor.py:183} INFO - Processing /home/myc-ti-2/airflow_workspace/airflow_env/lib/python3.10/site-packages/airflow/example_dags/example_branch_python_dop_operator_3.py took 0.225 seconds
[2023-12-21T13:07:48.993-0300] {processor.py:161} INFO - Started process (PID=7755) to work on /home/myc-ti-2/airflow_workspace/airflow_env/lib/python3.10/site-packages/airflow/example_dags/example_branch_python_dop_operator_3.py
[2023-12-21T13:07:49.001-0300] {processor.py:830} INFO - Processing file /home/myc-ti-2/airflow_workspace/airflow_env/lib/python3.10/site-packages/airflow/example_dags/example_branch_python_dop_operator_3.py for tasks to queue
[2023-12-21T13:07:49.004-0300] {logging_mixin.py:188} INFO - [2023-12-21T13:07:49.002-0300] {dagbag.py:538} INFO - Filling up the DagBag from /home/myc-ti-2/airflow_workspace/airflow_env/lib/python3.10/site-packages/airflow/example_dags/example_branch_python_dop_operator_3.py
[2023-12-21T13:07:49.025-0300] {processor.py:840} INFO - DAG(s) 'example_branch_dop_operator_v3' retrieved from /home/myc-ti-2/airflow_workspace/airflow_env/lib/python3.10/site-packages/airflow/example_dags/example_branch_python_dop_operator_3.py
[2023-12-21T13:07:49.055-0300] {logging_mixin.py:188} INFO - [2023-12-21T13:07:49.054-0300] {dag.py:3033} INFO - Sync 1 DAGs
[2023-12-21T13:07:49.099-0300] {logging_mixin.py:188} INFO - [2023-12-21T13:07:49.099-0300] {dag.py:3820} INFO - Setting next_dagrun for example_branch_dop_operator_v3 to 2023-12-21T16:06:00+00:00, run_after=2023-12-21T16:07:00+00:00
[2023-12-21T13:07:49.207-0300] {processor.py:183} INFO - Processing /home/myc-ti-2/airflow_workspace/airflow_env/lib/python3.10/site-packages/airflow/example_dags/example_branch_python_dop_operator_3.py took 0.223 seconds
[2023-12-21T13:08:53.297-0300] {processor.py:161} INFO - Started process (PID=9155) to work on /home/myc-ti-2/airflow_workspace/airflow_env/lib/python3.10/site-packages/airflow/example_dags/example_branch_python_dop_operator_3.py
[2023-12-21T13:08:53.299-0300] {processor.py:830} INFO - Processing file /home/myc-ti-2/airflow_workspace/airflow_env/lib/python3.10/site-packages/airflow/example_dags/example_branch_python_dop_operator_3.py for tasks to queue
[2023-12-21T13:08:53.301-0300] {logging_mixin.py:188} INFO - [2023-12-21T13:08:53.300-0300] {dagbag.py:538} INFO - Filling up the DagBag from /home/myc-ti-2/airflow_workspace/airflow_env/lib/python3.10/site-packages/airflow/example_dags/example_branch_python_dop_operator_3.py
[2023-12-21T13:08:53.319-0300] {processor.py:840} INFO - DAG(s) 'example_branch_dop_operator_v3' retrieved from /home/myc-ti-2/airflow_workspace/airflow_env/lib/python3.10/site-packages/airflow/example_dags/example_branch_python_dop_operator_3.py
[2023-12-21T13:08:53.346-0300] {logging_mixin.py:188} INFO - [2023-12-21T13:08:53.345-0300] {dag.py:3033} INFO - Sync 1 DAGs
[2023-12-21T13:08:53.386-0300] {logging_mixin.py:188} INFO - [2023-12-21T13:08:53.386-0300] {dag.py:3820} INFO - Setting next_dagrun for example_branch_dop_operator_v3 to 2023-12-21T16:07:00+00:00, run_after=2023-12-21T16:08:00+00:00
[2023-12-21T13:08:53.599-0300] {processor.py:183} INFO - Processing /home/myc-ti-2/airflow_workspace/airflow_env/lib/python3.10/site-packages/airflow/example_dags/example_branch_python_dop_operator_3.py took 0.309 seconds
[2023-12-21T13:10:00.221-0300] {processor.py:161} INFO - Started process (PID=9324) to work on /home/myc-ti-2/airflow_workspace/airflow_env/lib/python3.10/site-packages/airflow/example_dags/example_branch_python_dop_operator_3.py
[2023-12-21T13:10:00.223-0300] {processor.py:830} INFO - Processing file /home/myc-ti-2/airflow_workspace/airflow_env/lib/python3.10/site-packages/airflow/example_dags/example_branch_python_dop_operator_3.py for tasks to queue
[2023-12-21T13:10:00.225-0300] {logging_mixin.py:188} INFO - [2023-12-21T13:10:00.225-0300] {dagbag.py:538} INFO - Filling up the DagBag from /home/myc-ti-2/airflow_workspace/airflow_env/lib/python3.10/site-packages/airflow/example_dags/example_branch_python_dop_operator_3.py
[2023-12-21T13:10:00.240-0300] {processor.py:840} INFO - DAG(s) 'example_branch_dop_operator_v3' retrieved from /home/myc-ti-2/airflow_workspace/airflow_env/lib/python3.10/site-packages/airflow/example_dags/example_branch_python_dop_operator_3.py
[2023-12-21T13:10:00.259-0300] {logging_mixin.py:188} INFO - [2023-12-21T13:10:00.259-0300] {dag.py:3033} INFO - Sync 1 DAGs
[2023-12-21T13:10:00.291-0300] {logging_mixin.py:188} INFO - [2023-12-21T13:10:00.290-0300] {dag.py:3820} INFO - Setting next_dagrun for example_branch_dop_operator_v3 to 2023-12-21T16:09:00+00:00, run_after=2023-12-21T16:10:00+00:00
[2023-12-21T13:10:00.476-0300] {processor.py:183} INFO - Processing /home/myc-ti-2/airflow_workspace/airflow_env/lib/python3.10/site-packages/airflow/example_dags/example_branch_python_dop_operator_3.py took 0.262 seconds
[2023-12-21T13:11:09.079-0300] {processor.py:161} INFO - Started process (PID=9762) to work on /home/myc-ti-2/airflow_workspace/airflow_env/lib/python3.10/site-packages/airflow/example_dags/example_branch_python_dop_operator_3.py
[2023-12-21T13:11:09.081-0300] {processor.py:830} INFO - Processing file /home/myc-ti-2/airflow_workspace/airflow_env/lib/python3.10/site-packages/airflow/example_dags/example_branch_python_dop_operator_3.py for tasks to queue
[2023-12-21T13:11:09.083-0300] {logging_mixin.py:188} INFO - [2023-12-21T13:11:09.082-0300] {dagbag.py:538} INFO - Filling up the DagBag from /home/myc-ti-2/airflow_workspace/airflow_env/lib/python3.10/site-packages/airflow/example_dags/example_branch_python_dop_operator_3.py
[2023-12-21T13:11:09.107-0300] {processor.py:840} INFO - DAG(s) 'example_branch_dop_operator_v3' retrieved from /home/myc-ti-2/airflow_workspace/airflow_env/lib/python3.10/site-packages/airflow/example_dags/example_branch_python_dop_operator_3.py
[2023-12-21T13:11:09.134-0300] {logging_mixin.py:188} INFO - [2023-12-21T13:11:09.134-0300] {dag.py:3033} INFO - Sync 1 DAGs
[2023-12-21T13:11:09.175-0300] {logging_mixin.py:188} INFO - [2023-12-21T13:11:09.175-0300] {dag.py:3820} INFO - Setting next_dagrun for example_branch_dop_operator_v3 to 2023-12-21T16:10:00+00:00, run_after=2023-12-21T16:11:00+00:00
[2023-12-21T13:11:09.320-0300] {processor.py:183} INFO - Processing /home/myc-ti-2/airflow_workspace/airflow_env/lib/python3.10/site-packages/airflow/example_dags/example_branch_python_dop_operator_3.py took 0.248 seconds
[2023-12-21T13:12:11.379-0300] {processor.py:161} INFO - Started process (PID=10064) to work on /home/myc-ti-2/airflow_workspace/airflow_env/lib/python3.10/site-packages/airflow/example_dags/example_branch_python_dop_operator_3.py
[2023-12-21T13:12:11.382-0300] {processor.py:830} INFO - Processing file /home/myc-ti-2/airflow_workspace/airflow_env/lib/python3.10/site-packages/airflow/example_dags/example_branch_python_dop_operator_3.py for tasks to queue
[2023-12-21T13:12:11.384-0300] {logging_mixin.py:188} INFO - [2023-12-21T13:12:11.383-0300] {dagbag.py:538} INFO - Filling up the DagBag from /home/myc-ti-2/airflow_workspace/airflow_env/lib/python3.10/site-packages/airflow/example_dags/example_branch_python_dop_operator_3.py
[2023-12-21T13:12:11.408-0300] {processor.py:840} INFO - DAG(s) 'example_branch_dop_operator_v3' retrieved from /home/myc-ti-2/airflow_workspace/airflow_env/lib/python3.10/site-packages/airflow/example_dags/example_branch_python_dop_operator_3.py
[2023-12-21T13:12:11.435-0300] {logging_mixin.py:188} INFO - [2023-12-21T13:12:11.434-0300] {dag.py:3033} INFO - Sync 1 DAGs
[2023-12-21T13:12:11.475-0300] {logging_mixin.py:188} INFO - [2023-12-21T13:12:11.475-0300] {dag.py:3820} INFO - Setting next_dagrun for example_branch_dop_operator_v3 to 2023-12-21T16:11:00+00:00, run_after=2023-12-21T16:12:00+00:00
[2023-12-21T13:12:11.588-0300] {processor.py:183} INFO - Processing /home/myc-ti-2/airflow_workspace/airflow_env/lib/python3.10/site-packages/airflow/example_dags/example_branch_python_dop_operator_3.py took 0.215 seconds
[2023-12-21T13:13:13.448-0300] {processor.py:161} INFO - Started process (PID=10261) to work on /home/myc-ti-2/airflow_workspace/airflow_env/lib/python3.10/site-packages/airflow/example_dags/example_branch_python_dop_operator_3.py
[2023-12-21T13:13:13.450-0300] {processor.py:830} INFO - Processing file /home/myc-ti-2/airflow_workspace/airflow_env/lib/python3.10/site-packages/airflow/example_dags/example_branch_python_dop_operator_3.py for tasks to queue
[2023-12-21T13:13:13.451-0300] {logging_mixin.py:188} INFO - [2023-12-21T13:13:13.451-0300] {dagbag.py:538} INFO - Filling up the DagBag from /home/myc-ti-2/airflow_workspace/airflow_env/lib/python3.10/site-packages/airflow/example_dags/example_branch_python_dop_operator_3.py
[2023-12-21T13:13:13.472-0300] {processor.py:840} INFO - DAG(s) 'example_branch_dop_operator_v3' retrieved from /home/myc-ti-2/airflow_workspace/airflow_env/lib/python3.10/site-packages/airflow/example_dags/example_branch_python_dop_operator_3.py
[2023-12-21T13:13:13.500-0300] {logging_mixin.py:188} INFO - [2023-12-21T13:13:13.500-0300] {dag.py:3033} INFO - Sync 1 DAGs
[2023-12-21T13:13:13.543-0300] {logging_mixin.py:188} INFO - [2023-12-21T13:13:13.543-0300] {dag.py:3820} INFO - Setting next_dagrun for example_branch_dop_operator_v3 to 2023-12-21T16:12:00+00:00, run_after=2023-12-21T16:13:00+00:00
[2023-12-21T13:13:13.654-0300] {processor.py:183} INFO - Processing /home/myc-ti-2/airflow_workspace/airflow_env/lib/python3.10/site-packages/airflow/example_dags/example_branch_python_dop_operator_3.py took 0.212 seconds
[2023-12-21T13:14:16.600-0300] {processor.py:161} INFO - Started process (PID=10329) to work on /home/myc-ti-2/airflow_workspace/airflow_env/lib/python3.10/site-packages/airflow/example_dags/example_branch_python_dop_operator_3.py
[2023-12-21T13:14:16.602-0300] {processor.py:830} INFO - Processing file /home/myc-ti-2/airflow_workspace/airflow_env/lib/python3.10/site-packages/airflow/example_dags/example_branch_python_dop_operator_3.py for tasks to queue
[2023-12-21T13:14:16.604-0300] {logging_mixin.py:188} INFO - [2023-12-21T13:14:16.603-0300] {dagbag.py:538} INFO - Filling up the DagBag from /home/myc-ti-2/airflow_workspace/airflow_env/lib/python3.10/site-packages/airflow/example_dags/example_branch_python_dop_operator_3.py
[2023-12-21T13:14:16.629-0300] {processor.py:840} INFO - DAG(s) 'example_branch_dop_operator_v3' retrieved from /home/myc-ti-2/airflow_workspace/airflow_env/lib/python3.10/site-packages/airflow/example_dags/example_branch_python_dop_operator_3.py
[2023-12-21T13:14:16.655-0300] {logging_mixin.py:188} INFO - [2023-12-21T13:14:16.655-0300] {dag.py:3033} INFO - Sync 1 DAGs
[2023-12-21T13:14:16.695-0300] {logging_mixin.py:188} INFO - [2023-12-21T13:14:16.695-0300] {dag.py:3820} INFO - Setting next_dagrun for example_branch_dop_operator_v3 to 2023-12-21T16:13:00+00:00, run_after=2023-12-21T16:14:00+00:00
[2023-12-21T13:14:16.800-0300] {processor.py:183} INFO - Processing /home/myc-ti-2/airflow_workspace/airflow_env/lib/python3.10/site-packages/airflow/example_dags/example_branch_python_dop_operator_3.py took 0.207 seconds
