[2023-12-21T12:57:26.332-0300] {processor.py:161} INFO - Started process (PID=6959) to work on /home/myc-ti-2/airflow_workspace/airflow_env/lib/python3.10/site-packages/airflow/example_dags/example_trigger_target_dag.py
[2023-12-21T12:57:26.333-0300] {processor.py:830} INFO - Processing file /home/myc-ti-2/airflow_workspace/airflow_env/lib/python3.10/site-packages/airflow/example_dags/example_trigger_target_dag.py for tasks to queue
[2023-12-21T12:57:26.334-0300] {logging_mixin.py:188} INFO - [2023-12-21T12:57:26.333-0300] {dagbag.py:538} INFO - Filling up the DagBag from /home/myc-ti-2/airflow_workspace/airflow_env/lib/python3.10/site-packages/airflow/example_dags/example_trigger_target_dag.py
[2023-12-21T12:57:26.340-0300] {processor.py:840} INFO - DAG(s) 'example_trigger_target_dag' retrieved from /home/myc-ti-2/airflow_workspace/airflow_env/lib/python3.10/site-packages/airflow/example_dags/example_trigger_target_dag.py
[2023-12-21T12:57:26.674-0300] {logging_mixin.py:188} INFO - [2023-12-21T12:57:26.673-0300] {override.py:1769} INFO - Created Permission View: can edit on DAG:example_trigger_target_dag
[2023-12-21T12:57:26.774-0300] {logging_mixin.py:188} INFO - [2023-12-21T12:57:26.773-0300] {override.py:1769} INFO - Created Permission View: can delete on DAG:example_trigger_target_dag
[2023-12-21T12:57:26.882-0300] {logging_mixin.py:188} INFO - [2023-12-21T12:57:26.881-0300] {override.py:1769} INFO - Created Permission View: can read on DAG:example_trigger_target_dag
[2023-12-21T12:57:26.883-0300] {logging_mixin.py:188} INFO - [2023-12-21T12:57:26.883-0300] {dag.py:3033} INFO - Sync 1 DAGs
[2023-12-21T12:57:26.909-0300] {logging_mixin.py:188} INFO - [2023-12-21T12:57:26.908-0300] {dag.py:3055} INFO - Creating ORM DAG for example_trigger_target_dag
[2023-12-21T12:57:26.910-0300] {logging_mixin.py:188} INFO - [2023-12-21T12:57:26.910-0300] {dag.py:3820} INFO - Setting next_dagrun for example_trigger_target_dag to None, run_after=None
[2023-12-21T12:57:27.038-0300] {processor.py:183} INFO - Processing /home/myc-ti-2/airflow_workspace/airflow_env/lib/python3.10/site-packages/airflow/example_dags/example_trigger_target_dag.py took 0.873 seconds
[2023-12-21T12:59:12.662-0300] {processor.py:161} INFO - Started process (PID=7125) to work on /home/myc-ti-2/airflow_workspace/airflow_env/lib/python3.10/site-packages/airflow/example_dags/example_trigger_target_dag.py
[2023-12-21T12:59:12.664-0300] {processor.py:830} INFO - Processing file /home/myc-ti-2/airflow_workspace/airflow_env/lib/python3.10/site-packages/airflow/example_dags/example_trigger_target_dag.py for tasks to queue
[2023-12-21T12:59:12.666-0300] {logging_mixin.py:188} INFO - [2023-12-21T12:59:12.665-0300] {dagbag.py:538} INFO - Filling up the DagBag from /home/myc-ti-2/airflow_workspace/airflow_env/lib/python3.10/site-packages/airflow/example_dags/example_trigger_target_dag.py
[2023-12-21T12:59:12.681-0300] {processor.py:840} INFO - DAG(s) 'example_trigger_target_dag' retrieved from /home/myc-ti-2/airflow_workspace/airflow_env/lib/python3.10/site-packages/airflow/example_dags/example_trigger_target_dag.py
[2023-12-21T12:59:12.709-0300] {logging_mixin.py:188} INFO - [2023-12-21T12:59:12.708-0300] {dag.py:3033} INFO - Sync 1 DAGs
[2023-12-21T12:59:12.726-0300] {logging_mixin.py:188} INFO - [2023-12-21T12:59:12.726-0300] {dag.py:3820} INFO - Setting next_dagrun for example_trigger_target_dag to None, run_after=None
[2023-12-21T12:59:12.854-0300] {processor.py:183} INFO - Processing /home/myc-ti-2/airflow_workspace/airflow_env/lib/python3.10/site-packages/airflow/example_dags/example_trigger_target_dag.py took 0.198 seconds
[2023-12-21T13:00:10.188-0300] {processor.py:161} INFO - Started process (PID=7182) to work on /home/myc-ti-2/airflow_workspace/airflow_env/lib/python3.10/site-packages/airflow/example_dags/example_trigger_target_dag.py
[2023-12-21T13:00:10.190-0300] {processor.py:830} INFO - Processing file /home/myc-ti-2/airflow_workspace/airflow_env/lib/python3.10/site-packages/airflow/example_dags/example_trigger_target_dag.py for tasks to queue
[2023-12-21T13:00:10.192-0300] {logging_mixin.py:188} INFO - [2023-12-21T13:00:10.191-0300] {dagbag.py:538} INFO - Filling up the DagBag from /home/myc-ti-2/airflow_workspace/airflow_env/lib/python3.10/site-packages/airflow/example_dags/example_trigger_target_dag.py
[2023-12-21T13:00:10.206-0300] {processor.py:840} INFO - DAG(s) 'example_trigger_target_dag' retrieved from /home/myc-ti-2/airflow_workspace/airflow_env/lib/python3.10/site-packages/airflow/example_dags/example_trigger_target_dag.py
[2023-12-21T13:00:10.236-0300] {logging_mixin.py:188} INFO - [2023-12-21T13:00:10.235-0300] {dag.py:3033} INFO - Sync 1 DAGs
[2023-12-21T13:00:10.253-0300] {logging_mixin.py:188} INFO - [2023-12-21T13:00:10.253-0300] {dag.py:3820} INFO - Setting next_dagrun for example_trigger_target_dag to None, run_after=None
[2023-12-21T13:00:10.366-0300] {processor.py:183} INFO - Processing /home/myc-ti-2/airflow_workspace/airflow_env/lib/python3.10/site-packages/airflow/example_dags/example_trigger_target_dag.py took 0.185 seconds
[2023-12-21T13:00:57.735-0300] {processor.py:161} INFO - Started process (PID=7248) to work on /home/myc-ti-2/airflow_workspace/airflow_env/lib/python3.10/site-packages/airflow/example_dags/example_trigger_target_dag.py
[2023-12-21T13:00:57.737-0300] {processor.py:830} INFO - Processing file /home/myc-ti-2/airflow_workspace/airflow_env/lib/python3.10/site-packages/airflow/example_dags/example_trigger_target_dag.py for tasks to queue
[2023-12-21T13:00:57.739-0300] {logging_mixin.py:188} INFO - [2023-12-21T13:00:57.739-0300] {dagbag.py:538} INFO - Filling up the DagBag from /home/myc-ti-2/airflow_workspace/airflow_env/lib/python3.10/site-packages/airflow/example_dags/example_trigger_target_dag.py
[2023-12-21T13:00:57.755-0300] {processor.py:840} INFO - DAG(s) 'example_trigger_target_dag' retrieved from /home/myc-ti-2/airflow_workspace/airflow_env/lib/python3.10/site-packages/airflow/example_dags/example_trigger_target_dag.py
[2023-12-21T13:00:57.784-0300] {logging_mixin.py:188} INFO - [2023-12-21T13:00:57.783-0300] {dag.py:3033} INFO - Sync 1 DAGs
[2023-12-21T13:00:57.802-0300] {logging_mixin.py:188} INFO - [2023-12-21T13:00:57.801-0300] {dag.py:3820} INFO - Setting next_dagrun for example_trigger_target_dag to None, run_after=None
[2023-12-21T13:00:57.908-0300] {processor.py:183} INFO - Processing /home/myc-ti-2/airflow_workspace/airflow_env/lib/python3.10/site-packages/airflow/example_dags/example_trigger_target_dag.py took 0.181 seconds
[2023-12-21T13:02:00.571-0300] {processor.py:161} INFO - Started process (PID=7322) to work on /home/myc-ti-2/airflow_workspace/airflow_env/lib/python3.10/site-packages/airflow/example_dags/example_trigger_target_dag.py
[2023-12-21T13:02:00.577-0300] {processor.py:830} INFO - Processing file /home/myc-ti-2/airflow_workspace/airflow_env/lib/python3.10/site-packages/airflow/example_dags/example_trigger_target_dag.py for tasks to queue
[2023-12-21T13:02:00.579-0300] {logging_mixin.py:188} INFO - [2023-12-21T13:02:00.578-0300] {dagbag.py:538} INFO - Filling up the DagBag from /home/myc-ti-2/airflow_workspace/airflow_env/lib/python3.10/site-packages/airflow/example_dags/example_trigger_target_dag.py
[2023-12-21T13:02:00.593-0300] {processor.py:840} INFO - DAG(s) 'example_trigger_target_dag' retrieved from /home/myc-ti-2/airflow_workspace/airflow_env/lib/python3.10/site-packages/airflow/example_dags/example_trigger_target_dag.py
[2023-12-21T13:02:00.626-0300] {logging_mixin.py:188} INFO - [2023-12-21T13:02:00.625-0300] {dag.py:3033} INFO - Sync 1 DAGs
[2023-12-21T13:02:00.640-0300] {logging_mixin.py:188} INFO - [2023-12-21T13:02:00.640-0300] {dag.py:3820} INFO - Setting next_dagrun for example_trigger_target_dag to None, run_after=None
[2023-12-21T13:02:00.756-0300] {processor.py:183} INFO - Processing /home/myc-ti-2/airflow_workspace/airflow_env/lib/python3.10/site-packages/airflow/example_dags/example_trigger_target_dag.py took 0.192 seconds
[2023-12-21T13:03:07.484-0300] {processor.py:161} INFO - Started process (PID=7399) to work on /home/myc-ti-2/airflow_workspace/airflow_env/lib/python3.10/site-packages/airflow/example_dags/example_trigger_target_dag.py
[2023-12-21T13:03:07.499-0300] {processor.py:830} INFO - Processing file /home/myc-ti-2/airflow_workspace/airflow_env/lib/python3.10/site-packages/airflow/example_dags/example_trigger_target_dag.py for tasks to queue
[2023-12-21T13:03:07.501-0300] {logging_mixin.py:188} INFO - [2023-12-21T13:03:07.501-0300] {dagbag.py:538} INFO - Filling up the DagBag from /home/myc-ti-2/airflow_workspace/airflow_env/lib/python3.10/site-packages/airflow/example_dags/example_trigger_target_dag.py
[2023-12-21T13:03:07.516-0300] {processor.py:840} INFO - DAG(s) 'example_trigger_target_dag' retrieved from /home/myc-ti-2/airflow_workspace/airflow_env/lib/python3.10/site-packages/airflow/example_dags/example_trigger_target_dag.py
[2023-12-21T13:03:07.551-0300] {logging_mixin.py:188} INFO - [2023-12-21T13:03:07.551-0300] {dag.py:3033} INFO - Sync 1 DAGs
[2023-12-21T13:03:07.568-0300] {logging_mixin.py:188} INFO - [2023-12-21T13:03:07.568-0300] {dag.py:3820} INFO - Setting next_dagrun for example_trigger_target_dag to None, run_after=None
[2023-12-21T13:03:07.680-0300] {processor.py:183} INFO - Processing /home/myc-ti-2/airflow_workspace/airflow_env/lib/python3.10/site-packages/airflow/example_dags/example_trigger_target_dag.py took 0.203 seconds
[2023-12-21T13:04:03.987-0300] {processor.py:161} INFO - Started process (PID=7455) to work on /home/myc-ti-2/airflow_workspace/airflow_env/lib/python3.10/site-packages/airflow/example_dags/example_trigger_target_dag.py
[2023-12-21T13:04:03.989-0300] {processor.py:830} INFO - Processing file /home/myc-ti-2/airflow_workspace/airflow_env/lib/python3.10/site-packages/airflow/example_dags/example_trigger_target_dag.py for tasks to queue
[2023-12-21T13:04:03.990-0300] {logging_mixin.py:188} INFO - [2023-12-21T13:04:03.989-0300] {dagbag.py:538} INFO - Filling up the DagBag from /home/myc-ti-2/airflow_workspace/airflow_env/lib/python3.10/site-packages/airflow/example_dags/example_trigger_target_dag.py
[2023-12-21T13:04:03.997-0300] {processor.py:840} INFO - DAG(s) 'example_trigger_target_dag' retrieved from /home/myc-ti-2/airflow_workspace/airflow_env/lib/python3.10/site-packages/airflow/example_dags/example_trigger_target_dag.py
[2023-12-21T13:04:04.018-0300] {logging_mixin.py:188} INFO - [2023-12-21T13:04:04.018-0300] {dag.py:3033} INFO - Sync 1 DAGs
[2023-12-21T13:04:04.034-0300] {logging_mixin.py:188} INFO - [2023-12-21T13:04:04.033-0300] {dag.py:3820} INFO - Setting next_dagrun for example_trigger_target_dag to None, run_after=None
[2023-12-21T13:04:04.171-0300] {processor.py:183} INFO - Processing /home/myc-ti-2/airflow_workspace/airflow_env/lib/python3.10/site-packages/airflow/example_dags/example_trigger_target_dag.py took 0.189 seconds
[2023-12-21T13:05:01.948-0300] {processor.py:161} INFO - Started process (PID=7511) to work on /home/myc-ti-2/airflow_workspace/airflow_env/lib/python3.10/site-packages/airflow/example_dags/example_trigger_target_dag.py
[2023-12-21T13:05:01.958-0300] {processor.py:830} INFO - Processing file /home/myc-ti-2/airflow_workspace/airflow_env/lib/python3.10/site-packages/airflow/example_dags/example_trigger_target_dag.py for tasks to queue
[2023-12-21T13:05:01.961-0300] {logging_mixin.py:188} INFO - [2023-12-21T13:05:01.960-0300] {dagbag.py:538} INFO - Filling up the DagBag from /home/myc-ti-2/airflow_workspace/airflow_env/lib/python3.10/site-packages/airflow/example_dags/example_trigger_target_dag.py
[2023-12-21T13:05:01.975-0300] {processor.py:840} INFO - DAG(s) 'example_trigger_target_dag' retrieved from /home/myc-ti-2/airflow_workspace/airflow_env/lib/python3.10/site-packages/airflow/example_dags/example_trigger_target_dag.py
[2023-12-21T13:05:02.007-0300] {logging_mixin.py:188} INFO - [2023-12-21T13:05:02.007-0300] {dag.py:3033} INFO - Sync 1 DAGs
[2023-12-21T13:05:02.025-0300] {logging_mixin.py:188} INFO - [2023-12-21T13:05:02.025-0300] {dag.py:3820} INFO - Setting next_dagrun for example_trigger_target_dag to None, run_after=None
[2023-12-21T13:05:02.140-0300] {processor.py:183} INFO - Processing /home/myc-ti-2/airflow_workspace/airflow_env/lib/python3.10/site-packages/airflow/example_dags/example_trigger_target_dag.py took 0.199 seconds
[2023-12-21T13:06:24.622-0300] {processor.py:161} INFO - Started process (PID=7631) to work on /home/myc-ti-2/airflow_workspace/airflow_env/lib/python3.10/site-packages/airflow/example_dags/example_trigger_target_dag.py
[2023-12-21T13:06:24.638-0300] {processor.py:830} INFO - Processing file /home/myc-ti-2/airflow_workspace/airflow_env/lib/python3.10/site-packages/airflow/example_dags/example_trigger_target_dag.py for tasks to queue
[2023-12-21T13:06:24.640-0300] {logging_mixin.py:188} INFO - [2023-12-21T13:06:24.640-0300] {dagbag.py:538} INFO - Filling up the DagBag from /home/myc-ti-2/airflow_workspace/airflow_env/lib/python3.10/site-packages/airflow/example_dags/example_trigger_target_dag.py
[2023-12-21T13:06:24.655-0300] {processor.py:840} INFO - DAG(s) 'example_trigger_target_dag' retrieved from /home/myc-ti-2/airflow_workspace/airflow_env/lib/python3.10/site-packages/airflow/example_dags/example_trigger_target_dag.py
[2023-12-21T13:06:24.690-0300] {logging_mixin.py:188} INFO - [2023-12-21T13:06:24.689-0300] {dag.py:3033} INFO - Sync 1 DAGs
[2023-12-21T13:06:24.707-0300] {logging_mixin.py:188} INFO - [2023-12-21T13:06:24.707-0300] {dag.py:3820} INFO - Setting next_dagrun for example_trigger_target_dag to None, run_after=None
[2023-12-21T13:06:24.812-0300] {processor.py:183} INFO - Processing /home/myc-ti-2/airflow_workspace/airflow_env/lib/python3.10/site-packages/airflow/example_dags/example_trigger_target_dag.py took 0.198 seconds
[2023-12-21T13:07:38.662-0300] {processor.py:161} INFO - Started process (PID=7747) to work on /home/myc-ti-2/airflow_workspace/airflow_env/lib/python3.10/site-packages/airflow/example_dags/example_trigger_target_dag.py
[2023-12-21T13:07:38.665-0300] {processor.py:830} INFO - Processing file /home/myc-ti-2/airflow_workspace/airflow_env/lib/python3.10/site-packages/airflow/example_dags/example_trigger_target_dag.py for tasks to queue
[2023-12-21T13:07:38.667-0300] {logging_mixin.py:188} INFO - [2023-12-21T13:07:38.666-0300] {dagbag.py:538} INFO - Filling up the DagBag from /home/myc-ti-2/airflow_workspace/airflow_env/lib/python3.10/site-packages/airflow/example_dags/example_trigger_target_dag.py
[2023-12-21T13:07:38.684-0300] {processor.py:840} INFO - DAG(s) 'example_trigger_target_dag' retrieved from /home/myc-ti-2/airflow_workspace/airflow_env/lib/python3.10/site-packages/airflow/example_dags/example_trigger_target_dag.py
[2023-12-21T13:07:38.712-0300] {logging_mixin.py:188} INFO - [2023-12-21T13:07:38.711-0300] {dag.py:3033} INFO - Sync 1 DAGs
[2023-12-21T13:07:38.730-0300] {logging_mixin.py:188} INFO - [2023-12-21T13:07:38.729-0300] {dag.py:3820} INFO - Setting next_dagrun for example_trigger_target_dag to None, run_after=None
[2023-12-21T13:07:38.824-0300] {processor.py:183} INFO - Processing /home/myc-ti-2/airflow_workspace/airflow_env/lib/python3.10/site-packages/airflow/example_dags/example_trigger_target_dag.py took 0.170 seconds
[2023-12-21T13:08:42.535-0300] {processor.py:161} INFO - Started process (PID=9123) to work on /home/myc-ti-2/airflow_workspace/airflow_env/lib/python3.10/site-packages/airflow/example_dags/example_trigger_target_dag.py
[2023-12-21T13:08:42.537-0300] {processor.py:830} INFO - Processing file /home/myc-ti-2/airflow_workspace/airflow_env/lib/python3.10/site-packages/airflow/example_dags/example_trigger_target_dag.py for tasks to queue
[2023-12-21T13:08:42.539-0300] {logging_mixin.py:188} INFO - [2023-12-21T13:08:42.538-0300] {dagbag.py:538} INFO - Filling up the DagBag from /home/myc-ti-2/airflow_workspace/airflow_env/lib/python3.10/site-packages/airflow/example_dags/example_trigger_target_dag.py
[2023-12-21T13:08:42.553-0300] {processor.py:840} INFO - DAG(s) 'example_trigger_target_dag' retrieved from /home/myc-ti-2/airflow_workspace/airflow_env/lib/python3.10/site-packages/airflow/example_dags/example_trigger_target_dag.py
[2023-12-21T13:08:42.583-0300] {logging_mixin.py:188} INFO - [2023-12-21T13:08:42.583-0300] {dag.py:3033} INFO - Sync 1 DAGs
[2023-12-21T13:08:42.597-0300] {logging_mixin.py:188} INFO - [2023-12-21T13:08:42.597-0300] {dag.py:3820} INFO - Setting next_dagrun for example_trigger_target_dag to None, run_after=None
[2023-12-21T13:08:42.738-0300] {processor.py:183} INFO - Processing /home/myc-ti-2/airflow_workspace/airflow_env/lib/python3.10/site-packages/airflow/example_dags/example_trigger_target_dag.py took 0.210 seconds
[2023-12-21T13:09:49.828-0300] {processor.py:161} INFO - Started process (PID=9273) to work on /home/myc-ti-2/airflow_workspace/airflow_env/lib/python3.10/site-packages/airflow/example_dags/example_trigger_target_dag.py
[2023-12-21T13:09:49.844-0300] {processor.py:830} INFO - Processing file /home/myc-ti-2/airflow_workspace/airflow_env/lib/python3.10/site-packages/airflow/example_dags/example_trigger_target_dag.py for tasks to queue
[2023-12-21T13:09:49.845-0300] {logging_mixin.py:188} INFO - [2023-12-21T13:09:49.845-0300] {dagbag.py:538} INFO - Filling up the DagBag from /home/myc-ti-2/airflow_workspace/airflow_env/lib/python3.10/site-packages/airflow/example_dags/example_trigger_target_dag.py
[2023-12-21T13:09:49.854-0300] {processor.py:840} INFO - DAG(s) 'example_trigger_target_dag' retrieved from /home/myc-ti-2/airflow_workspace/airflow_env/lib/python3.10/site-packages/airflow/example_dags/example_trigger_target_dag.py
[2023-12-21T13:09:49.879-0300] {logging_mixin.py:188} INFO - [2023-12-21T13:09:49.879-0300] {dag.py:3033} INFO - Sync 1 DAGs
[2023-12-21T13:09:49.898-0300] {logging_mixin.py:188} INFO - [2023-12-21T13:09:49.898-0300] {dag.py:3820} INFO - Setting next_dagrun for example_trigger_target_dag to None, run_after=None
[2023-12-21T13:09:50.080-0300] {processor.py:183} INFO - Processing /home/myc-ti-2/airflow_workspace/airflow_env/lib/python3.10/site-packages/airflow/example_dags/example_trigger_target_dag.py took 0.258 seconds
[2023-12-21T13:10:58.515-0300] {processor.py:161} INFO - Started process (PID=9661) to work on /home/myc-ti-2/airflow_workspace/airflow_env/lib/python3.10/site-packages/airflow/example_dags/example_trigger_target_dag.py
[2023-12-21T13:10:58.607-0300] {processor.py:830} INFO - Processing file /home/myc-ti-2/airflow_workspace/airflow_env/lib/python3.10/site-packages/airflow/example_dags/example_trigger_target_dag.py for tasks to queue
[2023-12-21T13:10:58.609-0300] {logging_mixin.py:188} INFO - [2023-12-21T13:10:58.609-0300] {dagbag.py:538} INFO - Filling up the DagBag from /home/myc-ti-2/airflow_workspace/airflow_env/lib/python3.10/site-packages/airflow/example_dags/example_trigger_target_dag.py
[2023-12-21T13:10:58.624-0300] {processor.py:840} INFO - DAG(s) 'example_trigger_target_dag' retrieved from /home/myc-ti-2/airflow_workspace/airflow_env/lib/python3.10/site-packages/airflow/example_dags/example_trigger_target_dag.py
[2023-12-21T13:10:58.660-0300] {logging_mixin.py:188} INFO - [2023-12-21T13:10:58.659-0300] {dag.py:3033} INFO - Sync 1 DAGs
[2023-12-21T13:10:58.686-0300] {logging_mixin.py:188} INFO - [2023-12-21T13:10:58.686-0300] {dag.py:3820} INFO - Setting next_dagrun for example_trigger_target_dag to None, run_after=None
[2023-12-21T13:10:58.871-0300] {processor.py:183} INFO - Processing /home/myc-ti-2/airflow_workspace/airflow_env/lib/python3.10/site-packages/airflow/example_dags/example_trigger_target_dag.py took 0.363 seconds
[2023-12-21T13:12:03.276-0300] {processor.py:161} INFO - Started process (PID=10054) to work on /home/myc-ti-2/airflow_workspace/airflow_env/lib/python3.10/site-packages/airflow/example_dags/example_trigger_target_dag.py
[2023-12-21T13:12:03.278-0300] {processor.py:830} INFO - Processing file /home/myc-ti-2/airflow_workspace/airflow_env/lib/python3.10/site-packages/airflow/example_dags/example_trigger_target_dag.py for tasks to queue
[2023-12-21T13:12:03.280-0300] {logging_mixin.py:188} INFO - [2023-12-21T13:12:03.279-0300] {dagbag.py:538} INFO - Filling up the DagBag from /home/myc-ti-2/airflow_workspace/airflow_env/lib/python3.10/site-packages/airflow/example_dags/example_trigger_target_dag.py
[2023-12-21T13:12:03.295-0300] {processor.py:840} INFO - DAG(s) 'example_trigger_target_dag' retrieved from /home/myc-ti-2/airflow_workspace/airflow_env/lib/python3.10/site-packages/airflow/example_dags/example_trigger_target_dag.py
[2023-12-21T13:12:03.324-0300] {logging_mixin.py:188} INFO - [2023-12-21T13:12:03.324-0300] {dag.py:3033} INFO - Sync 1 DAGs
[2023-12-21T13:12:03.342-0300] {logging_mixin.py:188} INFO - [2023-12-21T13:12:03.342-0300] {dag.py:3820} INFO - Setting next_dagrun for example_trigger_target_dag to None, run_after=None
[2023-12-21T13:12:03.458-0300] {processor.py:183} INFO - Processing /home/myc-ti-2/airflow_workspace/airflow_env/lib/python3.10/site-packages/airflow/example_dags/example_trigger_target_dag.py took 0.189 seconds
[2023-12-21T13:13:05.398-0300] {processor.py:161} INFO - Started process (PID=10204) to work on /home/myc-ti-2/airflow_workspace/airflow_env/lib/python3.10/site-packages/airflow/example_dags/example_trigger_target_dag.py
[2023-12-21T13:13:05.404-0300] {processor.py:830} INFO - Processing file /home/myc-ti-2/airflow_workspace/airflow_env/lib/python3.10/site-packages/airflow/example_dags/example_trigger_target_dag.py for tasks to queue
[2023-12-21T13:13:05.405-0300] {logging_mixin.py:188} INFO - [2023-12-21T13:13:05.405-0300] {dagbag.py:538} INFO - Filling up the DagBag from /home/myc-ti-2/airflow_workspace/airflow_env/lib/python3.10/site-packages/airflow/example_dags/example_trigger_target_dag.py
[2023-12-21T13:13:05.417-0300] {processor.py:840} INFO - DAG(s) 'example_trigger_target_dag' retrieved from /home/myc-ti-2/airflow_workspace/airflow_env/lib/python3.10/site-packages/airflow/example_dags/example_trigger_target_dag.py
[2023-12-21T13:13:05.445-0300] {logging_mixin.py:188} INFO - [2023-12-21T13:13:05.445-0300] {dag.py:3033} INFO - Sync 1 DAGs
[2023-12-21T13:13:05.465-0300] {logging_mixin.py:188} INFO - [2023-12-21T13:13:05.465-0300] {dag.py:3820} INFO - Setting next_dagrun for example_trigger_target_dag to None, run_after=None
[2023-12-21T13:13:05.652-0300] {processor.py:183} INFO - Processing /home/myc-ti-2/airflow_workspace/airflow_env/lib/python3.10/site-packages/airflow/example_dags/example_trigger_target_dag.py took 0.260 seconds
[2023-12-21T13:14:06.731-0300] {processor.py:161} INFO - Started process (PID=10320) to work on /home/myc-ti-2/airflow_workspace/airflow_env/lib/python3.10/site-packages/airflow/example_dags/example_trigger_target_dag.py
[2023-12-21T13:14:06.733-0300] {processor.py:830} INFO - Processing file /home/myc-ti-2/airflow_workspace/airflow_env/lib/python3.10/site-packages/airflow/example_dags/example_trigger_target_dag.py for tasks to queue
[2023-12-21T13:14:06.735-0300] {logging_mixin.py:188} INFO - [2023-12-21T13:14:06.734-0300] {dagbag.py:538} INFO - Filling up the DagBag from /home/myc-ti-2/airflow_workspace/airflow_env/lib/python3.10/site-packages/airflow/example_dags/example_trigger_target_dag.py
[2023-12-21T13:14:06.750-0300] {processor.py:840} INFO - DAG(s) 'example_trigger_target_dag' retrieved from /home/myc-ti-2/airflow_workspace/airflow_env/lib/python3.10/site-packages/airflow/example_dags/example_trigger_target_dag.py
[2023-12-21T13:14:06.779-0300] {logging_mixin.py:188} INFO - [2023-12-21T13:14:06.779-0300] {dag.py:3033} INFO - Sync 1 DAGs
[2023-12-21T13:14:06.797-0300] {logging_mixin.py:188} INFO - [2023-12-21T13:14:06.796-0300] {dag.py:3820} INFO - Setting next_dagrun for example_trigger_target_dag to None, run_after=None
[2023-12-21T13:14:06.909-0300] {processor.py:183} INFO - Processing /home/myc-ti-2/airflow_workspace/airflow_env/lib/python3.10/site-packages/airflow/example_dags/example_trigger_target_dag.py took 0.186 seconds
[2023-12-21T13:15:12.307-0300] {processor.py:161} INFO - Started process (PID=10492) to work on /home/myc-ti-2/airflow_workspace/airflow_env/lib/python3.10/site-packages/airflow/example_dags/example_trigger_target_dag.py
[2023-12-21T13:15:12.316-0300] {processor.py:830} INFO - Processing file /home/myc-ti-2/airflow_workspace/airflow_env/lib/python3.10/site-packages/airflow/example_dags/example_trigger_target_dag.py for tasks to queue
[2023-12-21T13:15:12.318-0300] {logging_mixin.py:188} INFO - [2023-12-21T13:15:12.317-0300] {dagbag.py:538} INFO - Filling up the DagBag from /home/myc-ti-2/airflow_workspace/airflow_env/lib/python3.10/site-packages/airflow/example_dags/example_trigger_target_dag.py
[2023-12-21T13:15:12.332-0300] {processor.py:840} INFO - DAG(s) 'example_trigger_target_dag' retrieved from /home/myc-ti-2/airflow_workspace/airflow_env/lib/python3.10/site-packages/airflow/example_dags/example_trigger_target_dag.py
[2023-12-21T13:15:12.362-0300] {logging_mixin.py:188} INFO - [2023-12-21T13:15:12.362-0300] {dag.py:3033} INFO - Sync 1 DAGs
[2023-12-21T13:15:12.382-0300] {logging_mixin.py:188} INFO - [2023-12-21T13:15:12.381-0300] {dag.py:3820} INFO - Setting next_dagrun for example_trigger_target_dag to None, run_after=None
[2023-12-21T13:15:12.541-0300] {processor.py:183} INFO - Processing /home/myc-ti-2/airflow_workspace/airflow_env/lib/python3.10/site-packages/airflow/example_dags/example_trigger_target_dag.py took 0.241 seconds
