[2023-12-21T12:57:11.817-0300] {processor.py:161} INFO - Started process (PID=6917) to work on /home/myc-ti-2/airflow_workspace/airflow_env/lib/python3.10/site-packages/airflow/example_dags/example_trigger_controller_dag.py
[2023-12-21T12:57:11.819-0300] {processor.py:830} INFO - Processing file /home/myc-ti-2/airflow_workspace/airflow_env/lib/python3.10/site-packages/airflow/example_dags/example_trigger_controller_dag.py for tasks to queue
[2023-12-21T12:57:11.821-0300] {logging_mixin.py:188} INFO - [2023-12-21T12:57:11.820-0300] {dagbag.py:538} INFO - Filling up the DagBag from /home/myc-ti-2/airflow_workspace/airflow_env/lib/python3.10/site-packages/airflow/example_dags/example_trigger_controller_dag.py
[2023-12-21T12:57:11.835-0300] {processor.py:840} INFO - DAG(s) 'example_trigger_controller_dag' retrieved from /home/myc-ti-2/airflow_workspace/airflow_env/lib/python3.10/site-packages/airflow/example_dags/example_trigger_controller_dag.py
[2023-12-21T12:57:12.317-0300] {logging_mixin.py:188} INFO - [2023-12-21T12:57:12.315-0300] {override.py:1769} INFO - Created Permission View: can edit on DAG:example_trigger_controller_dag
[2023-12-21T12:57:12.416-0300] {logging_mixin.py:188} INFO - [2023-12-21T12:57:12.415-0300] {override.py:1769} INFO - Created Permission View: can delete on DAG:example_trigger_controller_dag
[2023-12-21T12:57:12.508-0300] {logging_mixin.py:188} INFO - [2023-12-21T12:57:12.507-0300] {override.py:1769} INFO - Created Permission View: can read on DAG:example_trigger_controller_dag
[2023-12-21T12:57:12.509-0300] {logging_mixin.py:188} INFO - [2023-12-21T12:57:12.508-0300] {dag.py:3033} INFO - Sync 1 DAGs
[2023-12-21T12:57:12.535-0300] {logging_mixin.py:188} INFO - [2023-12-21T12:57:12.534-0300] {dag.py:3055} INFO - Creating ORM DAG for example_trigger_controller_dag
[2023-12-21T12:57:12.556-0300] {logging_mixin.py:188} INFO - [2023-12-21T12:57:12.555-0300] {dag.py:3820} INFO - Setting next_dagrun for example_trigger_controller_dag to 2021-01-01T00:00:00+00:00, run_after=2021-01-01T00:00:00+00:00
[2023-12-21T12:57:12.678-0300] {processor.py:183} INFO - Processing /home/myc-ti-2/airflow_workspace/airflow_env/lib/python3.10/site-packages/airflow/example_dags/example_trigger_controller_dag.py took 0.868 seconds
[2023-12-21T12:59:04.592-0300] {processor.py:161} INFO - Started process (PID=7114) to work on /home/myc-ti-2/airflow_workspace/airflow_env/lib/python3.10/site-packages/airflow/example_dags/example_trigger_controller_dag.py
[2023-12-21T12:59:04.594-0300] {processor.py:830} INFO - Processing file /home/myc-ti-2/airflow_workspace/airflow_env/lib/python3.10/site-packages/airflow/example_dags/example_trigger_controller_dag.py for tasks to queue
[2023-12-21T12:59:04.596-0300] {logging_mixin.py:188} INFO - [2023-12-21T12:59:04.595-0300] {dagbag.py:538} INFO - Filling up the DagBag from /home/myc-ti-2/airflow_workspace/airflow_env/lib/python3.10/site-packages/airflow/example_dags/example_trigger_controller_dag.py
[2023-12-21T12:59:04.607-0300] {processor.py:840} INFO - DAG(s) 'example_trigger_controller_dag' retrieved from /home/myc-ti-2/airflow_workspace/airflow_env/lib/python3.10/site-packages/airflow/example_dags/example_trigger_controller_dag.py
[2023-12-21T12:59:04.638-0300] {logging_mixin.py:188} INFO - [2023-12-21T12:59:04.638-0300] {dag.py:3033} INFO - Sync 1 DAGs
[2023-12-21T12:59:04.668-0300] {logging_mixin.py:188} INFO - [2023-12-21T12:59:04.667-0300] {dag.py:3820} INFO - Setting next_dagrun for example_trigger_controller_dag to 2021-01-01T00:00:00+00:00, run_after=2021-01-01T00:00:00+00:00
[2023-12-21T12:59:04.817-0300] {processor.py:183} INFO - Processing /home/myc-ti-2/airflow_workspace/airflow_env/lib/python3.10/site-packages/airflow/example_dags/example_trigger_controller_dag.py took 0.232 seconds
[2023-12-21T12:59:45.143-0300] {processor.py:161} INFO - Started process (PID=7156) to work on /home/myc-ti-2/airflow_workspace/airflow_env/lib/python3.10/site-packages/airflow/example_dags/example_trigger_controller_dag.py
[2023-12-21T12:59:45.145-0300] {processor.py:830} INFO - Processing file /home/myc-ti-2/airflow_workspace/airflow_env/lib/python3.10/site-packages/airflow/example_dags/example_trigger_controller_dag.py for tasks to queue
[2023-12-21T12:59:45.147-0300] {logging_mixin.py:188} INFO - [2023-12-21T12:59:45.146-0300] {dagbag.py:538} INFO - Filling up the DagBag from /home/myc-ti-2/airflow_workspace/airflow_env/lib/python3.10/site-packages/airflow/example_dags/example_trigger_controller_dag.py
[2023-12-21T12:59:45.158-0300] {processor.py:840} INFO - DAG(s) 'example_trigger_controller_dag' retrieved from /home/myc-ti-2/airflow_workspace/airflow_env/lib/python3.10/site-packages/airflow/example_dags/example_trigger_controller_dag.py
[2023-12-21T12:59:45.187-0300] {logging_mixin.py:188} INFO - [2023-12-21T12:59:45.187-0300] {dag.py:3033} INFO - Sync 1 DAGs
[2023-12-21T12:59:45.217-0300] {logging_mixin.py:188} INFO - [2023-12-21T12:59:45.217-0300] {dag.py:3820} INFO - Setting next_dagrun for example_trigger_controller_dag to 2021-01-01T00:00:00+00:00, run_after=2021-01-01T00:00:00+00:00
[2023-12-21T12:59:45.335-0300] {processor.py:183} INFO - Processing /home/myc-ti-2/airflow_workspace/airflow_env/lib/python3.10/site-packages/airflow/example_dags/example_trigger_controller_dag.py took 0.199 seconds
[2023-12-21T13:00:49.206-0300] {processor.py:161} INFO - Started process (PID=7241) to work on /home/myc-ti-2/airflow_workspace/airflow_env/lib/python3.10/site-packages/airflow/example_dags/example_trigger_controller_dag.py
[2023-12-21T13:00:49.212-0300] {processor.py:830} INFO - Processing file /home/myc-ti-2/airflow_workspace/airflow_env/lib/python3.10/site-packages/airflow/example_dags/example_trigger_controller_dag.py for tasks to queue
[2023-12-21T13:00:49.214-0300] {logging_mixin.py:188} INFO - [2023-12-21T13:00:49.213-0300] {dagbag.py:538} INFO - Filling up the DagBag from /home/myc-ti-2/airflow_workspace/airflow_env/lib/python3.10/site-packages/airflow/example_dags/example_trigger_controller_dag.py
[2023-12-21T13:00:49.226-0300] {processor.py:840} INFO - DAG(s) 'example_trigger_controller_dag' retrieved from /home/myc-ti-2/airflow_workspace/airflow_env/lib/python3.10/site-packages/airflow/example_dags/example_trigger_controller_dag.py
[2023-12-21T13:00:49.256-0300] {logging_mixin.py:188} INFO - [2023-12-21T13:00:49.256-0300] {dag.py:3033} INFO - Sync 1 DAGs
[2023-12-21T13:00:49.287-0300] {logging_mixin.py:188} INFO - [2023-12-21T13:00:49.287-0300] {dag.py:3820} INFO - Setting next_dagrun for example_trigger_controller_dag to 2021-01-01T00:00:00+00:00, run_after=2021-01-01T00:00:00+00:00
[2023-12-21T13:00:49.381-0300] {processor.py:183} INFO - Processing /home/myc-ti-2/airflow_workspace/airflow_env/lib/python3.10/site-packages/airflow/example_dags/example_trigger_controller_dag.py took 0.182 seconds
[2023-12-21T13:01:27.237-0300] {processor.py:161} INFO - Started process (PID=7283) to work on /home/myc-ti-2/airflow_workspace/airflow_env/lib/python3.10/site-packages/airflow/example_dags/example_trigger_controller_dag.py
[2023-12-21T13:01:27.252-0300] {processor.py:830} INFO - Processing file /home/myc-ti-2/airflow_workspace/airflow_env/lib/python3.10/site-packages/airflow/example_dags/example_trigger_controller_dag.py for tasks to queue
[2023-12-21T13:01:27.254-0300] {logging_mixin.py:188} INFO - [2023-12-21T13:01:27.253-0300] {dagbag.py:538} INFO - Filling up the DagBag from /home/myc-ti-2/airflow_workspace/airflow_env/lib/python3.10/site-packages/airflow/example_dags/example_trigger_controller_dag.py
[2023-12-21T13:01:27.266-0300] {processor.py:840} INFO - DAG(s) 'example_trigger_controller_dag' retrieved from /home/myc-ti-2/airflow_workspace/airflow_env/lib/python3.10/site-packages/airflow/example_dags/example_trigger_controller_dag.py
[2023-12-21T13:01:27.303-0300] {logging_mixin.py:188} INFO - [2023-12-21T13:01:27.303-0300] {dag.py:3033} INFO - Sync 1 DAGs
[2023-12-21T13:01:27.336-0300] {logging_mixin.py:188} INFO - [2023-12-21T13:01:27.336-0300] {dag.py:3820} INFO - Setting next_dagrun for example_trigger_controller_dag to 2021-01-01T00:00:00+00:00, run_after=2021-01-01T00:00:00+00:00
[2023-12-21T13:01:27.451-0300] {processor.py:183} INFO - Processing /home/myc-ti-2/airflow_workspace/airflow_env/lib/python3.10/site-packages/airflow/example_dags/example_trigger_controller_dag.py took 0.221 seconds
[2023-12-21T13:02:33.641-0300] {processor.py:161} INFO - Started process (PID=7362) to work on /home/myc-ti-2/airflow_workspace/airflow_env/lib/python3.10/site-packages/airflow/example_dags/example_trigger_controller_dag.py
[2023-12-21T13:02:33.647-0300] {processor.py:830} INFO - Processing file /home/myc-ti-2/airflow_workspace/airflow_env/lib/python3.10/site-packages/airflow/example_dags/example_trigger_controller_dag.py for tasks to queue
[2023-12-21T13:02:33.648-0300] {logging_mixin.py:188} INFO - [2023-12-21T13:02:33.648-0300] {dagbag.py:538} INFO - Filling up the DagBag from /home/myc-ti-2/airflow_workspace/airflow_env/lib/python3.10/site-packages/airflow/example_dags/example_trigger_controller_dag.py
[2023-12-21T13:02:33.655-0300] {processor.py:840} INFO - DAG(s) 'example_trigger_controller_dag' retrieved from /home/myc-ti-2/airflow_workspace/airflow_env/lib/python3.10/site-packages/airflow/example_dags/example_trigger_controller_dag.py
[2023-12-21T13:02:33.675-0300] {logging_mixin.py:188} INFO - [2023-12-21T13:02:33.674-0300] {dag.py:3033} INFO - Sync 1 DAGs
[2023-12-21T13:02:33.702-0300] {logging_mixin.py:188} INFO - [2023-12-21T13:02:33.702-0300] {dag.py:3820} INFO - Setting next_dagrun for example_trigger_controller_dag to 2021-01-01T00:00:00+00:00, run_after=2021-01-01T00:00:00+00:00
[2023-12-21T13:02:33.800-0300] {processor.py:183} INFO - Processing /home/myc-ti-2/airflow_workspace/airflow_env/lib/python3.10/site-packages/airflow/example_dags/example_trigger_controller_dag.py took 0.165 seconds
[2023-12-21T13:03:30.394-0300] {processor.py:161} INFO - Started process (PID=7424) to work on /home/myc-ti-2/airflow_workspace/airflow_env/lib/python3.10/site-packages/airflow/example_dags/example_trigger_controller_dag.py
[2023-12-21T13:03:30.396-0300] {processor.py:830} INFO - Processing file /home/myc-ti-2/airflow_workspace/airflow_env/lib/python3.10/site-packages/airflow/example_dags/example_trigger_controller_dag.py for tasks to queue
[2023-12-21T13:03:30.398-0300] {logging_mixin.py:188} INFO - [2023-12-21T13:03:30.397-0300] {dagbag.py:538} INFO - Filling up the DagBag from /home/myc-ti-2/airflow_workspace/airflow_env/lib/python3.10/site-packages/airflow/example_dags/example_trigger_controller_dag.py
[2023-12-21T13:03:30.410-0300] {processor.py:840} INFO - DAG(s) 'example_trigger_controller_dag' retrieved from /home/myc-ti-2/airflow_workspace/airflow_env/lib/python3.10/site-packages/airflow/example_dags/example_trigger_controller_dag.py
[2023-12-21T13:03:30.440-0300] {logging_mixin.py:188} INFO - [2023-12-21T13:03:30.439-0300] {dag.py:3033} INFO - Sync 1 DAGs
[2023-12-21T13:03:30.470-0300] {logging_mixin.py:188} INFO - [2023-12-21T13:03:30.470-0300] {dag.py:3820} INFO - Setting next_dagrun for example_trigger_controller_dag to 2021-01-01T00:00:00+00:00, run_after=2021-01-01T00:00:00+00:00
[2023-12-21T13:03:30.575-0300] {processor.py:183} INFO - Processing /home/myc-ti-2/airflow_workspace/airflow_env/lib/python3.10/site-packages/airflow/example_dags/example_trigger_controller_dag.py took 0.188 seconds
[2023-12-21T13:04:29.675-0300] {processor.py:161} INFO - Started process (PID=7480) to work on /home/myc-ti-2/airflow_workspace/airflow_env/lib/python3.10/site-packages/airflow/example_dags/example_trigger_controller_dag.py
[2023-12-21T13:04:29.677-0300] {processor.py:830} INFO - Processing file /home/myc-ti-2/airflow_workspace/airflow_env/lib/python3.10/site-packages/airflow/example_dags/example_trigger_controller_dag.py for tasks to queue
[2023-12-21T13:04:29.679-0300] {logging_mixin.py:188} INFO - [2023-12-21T13:04:29.678-0300] {dagbag.py:538} INFO - Filling up the DagBag from /home/myc-ti-2/airflow_workspace/airflow_env/lib/python3.10/site-packages/airflow/example_dags/example_trigger_controller_dag.py
[2023-12-21T13:04:29.690-0300] {processor.py:840} INFO - DAG(s) 'example_trigger_controller_dag' retrieved from /home/myc-ti-2/airflow_workspace/airflow_env/lib/python3.10/site-packages/airflow/example_dags/example_trigger_controller_dag.py
[2023-12-21T13:04:29.721-0300] {logging_mixin.py:188} INFO - [2023-12-21T13:04:29.721-0300] {dag.py:3033} INFO - Sync 1 DAGs
[2023-12-21T13:04:29.753-0300] {logging_mixin.py:188} INFO - [2023-12-21T13:04:29.753-0300] {dag.py:3820} INFO - Setting next_dagrun for example_trigger_controller_dag to 2021-01-01T00:00:00+00:00, run_after=2021-01-01T00:00:00+00:00
[2023-12-21T13:04:29.865-0300] {processor.py:183} INFO - Processing /home/myc-ti-2/airflow_workspace/airflow_env/lib/python3.10/site-packages/airflow/example_dags/example_trigger_controller_dag.py took 0.197 seconds
[2023-12-21T13:05:36.539-0300] {processor.py:161} INFO - Started process (PID=7547) to work on /home/myc-ti-2/airflow_workspace/airflow_env/lib/python3.10/site-packages/airflow/example_dags/example_trigger_controller_dag.py
[2023-12-21T13:05:36.541-0300] {processor.py:830} INFO - Processing file /home/myc-ti-2/airflow_workspace/airflow_env/lib/python3.10/site-packages/airflow/example_dags/example_trigger_controller_dag.py for tasks to queue
[2023-12-21T13:05:36.543-0300] {logging_mixin.py:188} INFO - [2023-12-21T13:05:36.542-0300] {dagbag.py:538} INFO - Filling up the DagBag from /home/myc-ti-2/airflow_workspace/airflow_env/lib/python3.10/site-packages/airflow/example_dags/example_trigger_controller_dag.py
[2023-12-21T13:05:36.555-0300] {processor.py:840} INFO - DAG(s) 'example_trigger_controller_dag' retrieved from /home/myc-ti-2/airflow_workspace/airflow_env/lib/python3.10/site-packages/airflow/example_dags/example_trigger_controller_dag.py
[2023-12-21T13:05:36.586-0300] {logging_mixin.py:188} INFO - [2023-12-21T13:05:36.586-0300] {dag.py:3033} INFO - Sync 1 DAGs
[2023-12-21T13:05:36.618-0300] {logging_mixin.py:188} INFO - [2023-12-21T13:05:36.618-0300] {dag.py:3820} INFO - Setting next_dagrun for example_trigger_controller_dag to 2021-01-01T00:00:00+00:00, run_after=2021-01-01T00:00:00+00:00
[2023-12-21T13:05:36.731-0300] {processor.py:183} INFO - Processing /home/myc-ti-2/airflow_workspace/airflow_env/lib/python3.10/site-packages/airflow/example_dags/example_trigger_controller_dag.py took 0.199 seconds
[2023-12-21T13:06:19.144-0300] {processor.py:161} INFO - Started process (PID=7585) to work on /home/myc-ti-2/airflow_workspace/airflow_env/lib/python3.10/site-packages/airflow/example_dags/example_trigger_controller_dag.py
[2023-12-21T13:06:19.156-0300] {processor.py:830} INFO - Processing file /home/myc-ti-2/airflow_workspace/airflow_env/lib/python3.10/site-packages/airflow/example_dags/example_trigger_controller_dag.py for tasks to queue
[2023-12-21T13:06:19.158-0300] {logging_mixin.py:188} INFO - [2023-12-21T13:06:19.157-0300] {dagbag.py:538} INFO - Filling up the DagBag from /home/myc-ti-2/airflow_workspace/airflow_env/lib/python3.10/site-packages/airflow/example_dags/example_trigger_controller_dag.py
[2023-12-21T13:06:19.168-0300] {processor.py:840} INFO - DAG(s) 'example_trigger_controller_dag' retrieved from /home/myc-ti-2/airflow_workspace/airflow_env/lib/python3.10/site-packages/airflow/example_dags/example_trigger_controller_dag.py
[2023-12-21T13:06:19.200-0300] {logging_mixin.py:188} INFO - [2023-12-21T13:06:19.200-0300] {dag.py:3033} INFO - Sync 1 DAGs
[2023-12-21T13:06:19.235-0300] {logging_mixin.py:188} INFO - [2023-12-21T13:06:19.234-0300] {dag.py:3820} INFO - Setting next_dagrun for example_trigger_controller_dag to 2021-01-01T00:00:00+00:00, run_after=2021-01-01T00:00:00+00:00
[2023-12-21T13:06:19.346-0300] {processor.py:183} INFO - Processing /home/myc-ti-2/airflow_workspace/airflow_env/lib/python3.10/site-packages/airflow/example_dags/example_trigger_controller_dag.py took 0.209 seconds
[2023-12-21T13:06:55.918-0300] {processor.py:161} INFO - Started process (PID=7698) to work on /home/myc-ti-2/airflow_workspace/airflow_env/lib/python3.10/site-packages/airflow/example_dags/example_trigger_controller_dag.py
[2023-12-21T13:06:55.939-0300] {processor.py:830} INFO - Processing file /home/myc-ti-2/airflow_workspace/airflow_env/lib/python3.10/site-packages/airflow/example_dags/example_trigger_controller_dag.py for tasks to queue
[2023-12-21T13:06:55.941-0300] {logging_mixin.py:188} INFO - [2023-12-21T13:06:55.940-0300] {dagbag.py:538} INFO - Filling up the DagBag from /home/myc-ti-2/airflow_workspace/airflow_env/lib/python3.10/site-packages/airflow/example_dags/example_trigger_controller_dag.py
[2023-12-21T13:06:55.954-0300] {processor.py:840} INFO - DAG(s) 'example_trigger_controller_dag' retrieved from /home/myc-ti-2/airflow_workspace/airflow_env/lib/python3.10/site-packages/airflow/example_dags/example_trigger_controller_dag.py
[2023-12-21T13:06:55.989-0300] {logging_mixin.py:188} INFO - [2023-12-21T13:06:55.989-0300] {dag.py:3033} INFO - Sync 1 DAGs
[2023-12-21T13:06:56.021-0300] {logging_mixin.py:188} INFO - [2023-12-21T13:06:56.020-0300] {dag.py:3820} INFO - Setting next_dagrun for example_trigger_controller_dag to 2021-01-01T00:00:00+00:00, run_after=2021-01-01T00:00:00+00:00
[2023-12-21T13:06:56.153-0300] {processor.py:183} INFO - Processing /home/myc-ti-2/airflow_workspace/airflow_env/lib/python3.10/site-packages/airflow/example_dags/example_trigger_controller_dag.py took 0.242 seconds
[2023-12-21T13:07:32.207-0300] {processor.py:161} INFO - Started process (PID=7741) to work on /home/myc-ti-2/airflow_workspace/airflow_env/lib/python3.10/site-packages/airflow/example_dags/example_trigger_controller_dag.py
[2023-12-21T13:07:32.209-0300] {processor.py:830} INFO - Processing file /home/myc-ti-2/airflow_workspace/airflow_env/lib/python3.10/site-packages/airflow/example_dags/example_trigger_controller_dag.py for tasks to queue
[2023-12-21T13:07:32.211-0300] {logging_mixin.py:188} INFO - [2023-12-21T13:07:32.211-0300] {dagbag.py:538} INFO - Filling up the DagBag from /home/myc-ti-2/airflow_workspace/airflow_env/lib/python3.10/site-packages/airflow/example_dags/example_trigger_controller_dag.py
[2023-12-21T13:07:32.223-0300] {processor.py:840} INFO - DAG(s) 'example_trigger_controller_dag' retrieved from /home/myc-ti-2/airflow_workspace/airflow_env/lib/python3.10/site-packages/airflow/example_dags/example_trigger_controller_dag.py
[2023-12-21T13:07:32.252-0300] {logging_mixin.py:188} INFO - [2023-12-21T13:07:32.252-0300] {dag.py:3033} INFO - Sync 1 DAGs
[2023-12-21T13:07:32.283-0300] {logging_mixin.py:188} INFO - [2023-12-21T13:07:32.282-0300] {dag.py:3820} INFO - Setting next_dagrun for example_trigger_controller_dag to 2021-01-01T00:00:00+00:00, run_after=2021-01-01T00:00:00+00:00
[2023-12-21T13:07:32.390-0300] {processor.py:183} INFO - Processing /home/myc-ti-2/airflow_workspace/airflow_env/lib/python3.10/site-packages/airflow/example_dags/example_trigger_controller_dag.py took 0.190 seconds
[2023-12-21T13:08:10.531-0300] {processor.py:161} INFO - Started process (PID=8397) to work on /home/myc-ti-2/airflow_workspace/airflow_env/lib/python3.10/site-packages/airflow/example_dags/example_trigger_controller_dag.py
[2023-12-21T13:08:10.534-0300] {processor.py:830} INFO - Processing file /home/myc-ti-2/airflow_workspace/airflow_env/lib/python3.10/site-packages/airflow/example_dags/example_trigger_controller_dag.py for tasks to queue
[2023-12-21T13:08:10.536-0300] {logging_mixin.py:188} INFO - [2023-12-21T13:08:10.535-0300] {dagbag.py:538} INFO - Filling up the DagBag from /home/myc-ti-2/airflow_workspace/airflow_env/lib/python3.10/site-packages/airflow/example_dags/example_trigger_controller_dag.py
[2023-12-21T13:08:10.547-0300] {processor.py:840} INFO - DAG(s) 'example_trigger_controller_dag' retrieved from /home/myc-ti-2/airflow_workspace/airflow_env/lib/python3.10/site-packages/airflow/example_dags/example_trigger_controller_dag.py
[2023-12-21T13:08:10.576-0300] {logging_mixin.py:188} INFO - [2023-12-21T13:08:10.576-0300] {dag.py:3033} INFO - Sync 1 DAGs
[2023-12-21T13:08:10.601-0300] {logging_mixin.py:188} INFO - [2023-12-21T13:08:10.600-0300] {dag.py:3820} INFO - Setting next_dagrun for example_trigger_controller_dag to 2021-01-01T00:00:00+00:00, run_after=2021-01-01T00:00:00+00:00
[2023-12-21T13:08:10.795-0300] {processor.py:183} INFO - Processing /home/myc-ti-2/airflow_workspace/airflow_env/lib/python3.10/site-packages/airflow/example_dags/example_trigger_controller_dag.py took 0.271 seconds
[2023-12-21T13:09:10.998-0300] {processor.py:161} INFO - Started process (PID=9220) to work on /home/myc-ti-2/airflow_workspace/airflow_env/lib/python3.10/site-packages/airflow/example_dags/example_trigger_controller_dag.py
[2023-12-21T13:09:11.018-0300] {processor.py:830} INFO - Processing file /home/myc-ti-2/airflow_workspace/airflow_env/lib/python3.10/site-packages/airflow/example_dags/example_trigger_controller_dag.py for tasks to queue
[2023-12-21T13:09:11.020-0300] {logging_mixin.py:188} INFO - [2023-12-21T13:09:11.019-0300] {dagbag.py:538} INFO - Filling up the DagBag from /home/myc-ti-2/airflow_workspace/airflow_env/lib/python3.10/site-packages/airflow/example_dags/example_trigger_controller_dag.py
[2023-12-21T13:09:11.028-0300] {processor.py:840} INFO - DAG(s) 'example_trigger_controller_dag' retrieved from /home/myc-ti-2/airflow_workspace/airflow_env/lib/python3.10/site-packages/airflow/example_dags/example_trigger_controller_dag.py
[2023-12-21T13:09:11.051-0300] {logging_mixin.py:188} INFO - [2023-12-21T13:09:11.051-0300] {dag.py:3033} INFO - Sync 1 DAGs
[2023-12-21T13:09:11.083-0300] {logging_mixin.py:188} INFO - [2023-12-21T13:09:11.083-0300] {dag.py:3820} INFO - Setting next_dagrun for example_trigger_controller_dag to 2021-01-01T00:00:00+00:00, run_after=2021-01-01T00:00:00+00:00
[2023-12-21T13:09:11.217-0300] {processor.py:183} INFO - Processing /home/myc-ti-2/airflow_workspace/airflow_env/lib/python3.10/site-packages/airflow/example_dags/example_trigger_controller_dag.py took 0.225 seconds
[2023-12-21T13:10:21.113-0300] {processor.py:161} INFO - Started process (PID=9424) to work on /home/myc-ti-2/airflow_workspace/airflow_env/lib/python3.10/site-packages/airflow/example_dags/example_trigger_controller_dag.py
[2023-12-21T13:10:21.149-0300] {processor.py:830} INFO - Processing file /home/myc-ti-2/airflow_workspace/airflow_env/lib/python3.10/site-packages/airflow/example_dags/example_trigger_controller_dag.py for tasks to queue
[2023-12-21T13:10:21.151-0300] {logging_mixin.py:188} INFO - [2023-12-21T13:10:21.150-0300] {dagbag.py:538} INFO - Filling up the DagBag from /home/myc-ti-2/airflow_workspace/airflow_env/lib/python3.10/site-packages/airflow/example_dags/example_trigger_controller_dag.py
[2023-12-21T13:10:21.163-0300] {processor.py:840} INFO - DAG(s) 'example_trigger_controller_dag' retrieved from /home/myc-ti-2/airflow_workspace/airflow_env/lib/python3.10/site-packages/airflow/example_dags/example_trigger_controller_dag.py
[2023-12-21T13:10:21.202-0300] {logging_mixin.py:188} INFO - [2023-12-21T13:10:21.202-0300] {dag.py:3033} INFO - Sync 1 DAGs
[2023-12-21T13:10:21.238-0300] {logging_mixin.py:188} INFO - [2023-12-21T13:10:21.238-0300] {dag.py:3820} INFO - Setting next_dagrun for example_trigger_controller_dag to 2021-01-01T00:00:00+00:00, run_after=2021-01-01T00:00:00+00:00
[2023-12-21T13:10:21.445-0300] {processor.py:183} INFO - Processing /home/myc-ti-2/airflow_workspace/airflow_env/lib/python3.10/site-packages/airflow/example_dags/example_trigger_controller_dag.py took 0.340 seconds
[2023-12-21T13:11:28.134-0300] {processor.py:161} INFO - Started process (PID=9786) to work on /home/myc-ti-2/airflow_workspace/airflow_env/lib/python3.10/site-packages/airflow/example_dags/example_trigger_controller_dag.py
[2023-12-21T13:11:28.163-0300] {processor.py:830} INFO - Processing file /home/myc-ti-2/airflow_workspace/airflow_env/lib/python3.10/site-packages/airflow/example_dags/example_trigger_controller_dag.py for tasks to queue
[2023-12-21T13:11:28.165-0300] {logging_mixin.py:188} INFO - [2023-12-21T13:11:28.164-0300] {dagbag.py:538} INFO - Filling up the DagBag from /home/myc-ti-2/airflow_workspace/airflow_env/lib/python3.10/site-packages/airflow/example_dags/example_trigger_controller_dag.py
[2023-12-21T13:11:28.177-0300] {processor.py:840} INFO - DAG(s) 'example_trigger_controller_dag' retrieved from /home/myc-ti-2/airflow_workspace/airflow_env/lib/python3.10/site-packages/airflow/example_dags/example_trigger_controller_dag.py
[2023-12-21T13:11:28.215-0300] {logging_mixin.py:188} INFO - [2023-12-21T13:11:28.214-0300] {dag.py:3033} INFO - Sync 1 DAGs
[2023-12-21T13:11:28.247-0300] {logging_mixin.py:188} INFO - [2023-12-21T13:11:28.247-0300] {dag.py:3820} INFO - Setting next_dagrun for example_trigger_controller_dag to 2021-01-01T00:00:00+00:00, run_after=2021-01-01T00:00:00+00:00
[2023-12-21T13:11:28.395-0300] {processor.py:183} INFO - Processing /home/myc-ti-2/airflow_workspace/airflow_env/lib/python3.10/site-packages/airflow/example_dags/example_trigger_controller_dag.py took 0.269 seconds
[2023-12-21T13:12:29.708-0300] {processor.py:161} INFO - Started process (PID=10081) to work on /home/myc-ti-2/airflow_workspace/airflow_env/lib/python3.10/site-packages/airflow/example_dags/example_trigger_controller_dag.py
[2023-12-21T13:12:29.710-0300] {processor.py:830} INFO - Processing file /home/myc-ti-2/airflow_workspace/airflow_env/lib/python3.10/site-packages/airflow/example_dags/example_trigger_controller_dag.py for tasks to queue
[2023-12-21T13:12:29.712-0300] {logging_mixin.py:188} INFO - [2023-12-21T13:12:29.712-0300] {dagbag.py:538} INFO - Filling up the DagBag from /home/myc-ti-2/airflow_workspace/airflow_env/lib/python3.10/site-packages/airflow/example_dags/example_trigger_controller_dag.py
[2023-12-21T13:12:29.724-0300] {processor.py:840} INFO - DAG(s) 'example_trigger_controller_dag' retrieved from /home/myc-ti-2/airflow_workspace/airflow_env/lib/python3.10/site-packages/airflow/example_dags/example_trigger_controller_dag.py
[2023-12-21T13:12:29.754-0300] {logging_mixin.py:188} INFO - [2023-12-21T13:12:29.754-0300] {dag.py:3033} INFO - Sync 1 DAGs
[2023-12-21T13:12:29.785-0300] {logging_mixin.py:188} INFO - [2023-12-21T13:12:29.784-0300] {dag.py:3820} INFO - Setting next_dagrun for example_trigger_controller_dag to 2021-01-01T00:00:00+00:00, run_after=2021-01-01T00:00:00+00:00
[2023-12-21T13:12:29.912-0300] {processor.py:183} INFO - Processing /home/myc-ti-2/airflow_workspace/airflow_env/lib/python3.10/site-packages/airflow/example_dags/example_trigger_controller_dag.py took 0.211 seconds
[2023-12-21T13:13:32.968-0300] {processor.py:161} INFO - Started process (PID=10289) to work on /home/myc-ti-2/airflow_workspace/airflow_env/lib/python3.10/site-packages/airflow/example_dags/example_trigger_controller_dag.py
[2023-12-21T13:13:32.970-0300] {processor.py:830} INFO - Processing file /home/myc-ti-2/airflow_workspace/airflow_env/lib/python3.10/site-packages/airflow/example_dags/example_trigger_controller_dag.py for tasks to queue
[2023-12-21T13:13:32.973-0300] {logging_mixin.py:188} INFO - [2023-12-21T13:13:32.972-0300] {dagbag.py:538} INFO - Filling up the DagBag from /home/myc-ti-2/airflow_workspace/airflow_env/lib/python3.10/site-packages/airflow/example_dags/example_trigger_controller_dag.py
[2023-12-21T13:13:32.984-0300] {processor.py:840} INFO - DAG(s) 'example_trigger_controller_dag' retrieved from /home/myc-ti-2/airflow_workspace/airflow_env/lib/python3.10/site-packages/airflow/example_dags/example_trigger_controller_dag.py
[2023-12-21T13:13:33.014-0300] {logging_mixin.py:188} INFO - [2023-12-21T13:13:33.014-0300] {dag.py:3033} INFO - Sync 1 DAGs
[2023-12-21T13:13:33.044-0300] {logging_mixin.py:188} INFO - [2023-12-21T13:13:33.044-0300] {dag.py:3820} INFO - Setting next_dagrun for example_trigger_controller_dag to 2021-01-01T00:00:00+00:00, run_after=2021-01-01T00:00:00+00:00
[2023-12-21T13:13:33.150-0300] {processor.py:183} INFO - Processing /home/myc-ti-2/airflow_workspace/airflow_env/lib/python3.10/site-packages/airflow/example_dags/example_trigger_controller_dag.py took 0.189 seconds
[2023-12-21T13:14:37.303-0300] {processor.py:161} INFO - Started process (PID=10349) to work on /home/myc-ti-2/airflow_workspace/airflow_env/lib/python3.10/site-packages/airflow/example_dags/example_trigger_controller_dag.py
[2023-12-21T13:14:37.305-0300] {processor.py:830} INFO - Processing file /home/myc-ti-2/airflow_workspace/airflow_env/lib/python3.10/site-packages/airflow/example_dags/example_trigger_controller_dag.py for tasks to queue
[2023-12-21T13:14:37.307-0300] {logging_mixin.py:188} INFO - [2023-12-21T13:14:37.306-0300] {dagbag.py:538} INFO - Filling up the DagBag from /home/myc-ti-2/airflow_workspace/airflow_env/lib/python3.10/site-packages/airflow/example_dags/example_trigger_controller_dag.py
[2023-12-21T13:14:37.318-0300] {processor.py:840} INFO - DAG(s) 'example_trigger_controller_dag' retrieved from /home/myc-ti-2/airflow_workspace/airflow_env/lib/python3.10/site-packages/airflow/example_dags/example_trigger_controller_dag.py
[2023-12-21T13:14:37.349-0300] {logging_mixin.py:188} INFO - [2023-12-21T13:14:37.349-0300] {dag.py:3033} INFO - Sync 1 DAGs
[2023-12-21T13:14:37.381-0300] {logging_mixin.py:188} INFO - [2023-12-21T13:14:37.379-0300] {dag.py:3820} INFO - Setting next_dagrun for example_trigger_controller_dag to 2021-01-01T00:00:00+00:00, run_after=2021-01-01T00:00:00+00:00
[2023-12-21T13:14:37.499-0300] {processor.py:183} INFO - Processing /home/myc-ti-2/airflow_workspace/airflow_env/lib/python3.10/site-packages/airflow/example_dags/example_trigger_controller_dag.py took 0.203 seconds
