[2023-12-21T12:58:32.968-0300] {processor.py:161} INFO - Started process (PID=7072) to work on /home/myc-ti-2/airflow_workspace/airflow_env/lib/python3.10/site-packages/airflow/example_dags/example_external_task_marker_dag.py
[2023-12-21T12:58:32.971-0300] {processor.py:830} INFO - Processing file /home/myc-ti-2/airflow_workspace/airflow_env/lib/python3.10/site-packages/airflow/example_dags/example_external_task_marker_dag.py for tasks to queue
[2023-12-21T12:58:32.973-0300] {logging_mixin.py:188} INFO - [2023-12-21T12:58:32.972-0300] {dagbag.py:538} INFO - Filling up the DagBag from /home/myc-ti-2/airflow_workspace/airflow_env/lib/python3.10/site-packages/airflow/example_dags/example_external_task_marker_dag.py
[2023-12-21T12:58:32.988-0300] {processor.py:840} INFO - DAG(s) 'example_external_task_marker_child', 'example_external_task_marker_parent' retrieved from /home/myc-ti-2/airflow_workspace/airflow_env/lib/python3.10/site-packages/airflow/example_dags/example_external_task_marker_dag.py
[2023-12-21T12:58:33.921-0300] {logging_mixin.py:188} INFO - [2023-12-21T12:58:33.920-0300] {override.py:1769} INFO - Created Permission View: can edit on DAG:example_external_task_marker_child
[2023-12-21T12:58:34.021-0300] {logging_mixin.py:188} INFO - [2023-12-21T12:58:34.020-0300] {override.py:1769} INFO - Created Permission View: can delete on DAG:example_external_task_marker_child
[2023-12-21T12:58:34.121-0300] {logging_mixin.py:188} INFO - [2023-12-21T12:58:34.120-0300] {override.py:1769} INFO - Created Permission View: can read on DAG:example_external_task_marker_child
[2023-12-21T12:58:34.346-0300] {logging_mixin.py:188} INFO - [2023-12-21T12:58:34.345-0300] {override.py:1769} INFO - Created Permission View: can edit on DAG:example_external_task_marker_parent
[2023-12-21T12:58:34.438-0300] {logging_mixin.py:188} INFO - [2023-12-21T12:58:34.437-0300] {override.py:1769} INFO - Created Permission View: can delete on DAG:example_external_task_marker_parent
[2023-12-21T12:58:34.529-0300] {logging_mixin.py:188} INFO - [2023-12-21T12:58:34.528-0300] {override.py:1769} INFO - Created Permission View: can read on DAG:example_external_task_marker_parent
[2023-12-21T12:58:34.530-0300] {logging_mixin.py:188} INFO - [2023-12-21T12:58:34.530-0300] {dag.py:3033} INFO - Sync 2 DAGs
[2023-12-21T12:58:34.560-0300] {logging_mixin.py:188} INFO - [2023-12-21T12:58:34.560-0300] {dag.py:3055} INFO - Creating ORM DAG for example_external_task_marker_child
[2023-12-21T12:58:34.562-0300] {logging_mixin.py:188} INFO - [2023-12-21T12:58:34.562-0300] {dag.py:3055} INFO - Creating ORM DAG for example_external_task_marker_parent
[2023-12-21T12:58:34.563-0300] {logging_mixin.py:188} INFO - [2023-12-21T12:58:34.563-0300] {dag.py:3820} INFO - Setting next_dagrun for example_external_task_marker_child to None, run_after=None
[2023-12-21T12:58:34.564-0300] {logging_mixin.py:188} INFO - [2023-12-21T12:58:34.564-0300] {dag.py:3820} INFO - Setting next_dagrun for example_external_task_marker_parent to None, run_after=None
[2023-12-21T12:58:34.726-0300] {processor.py:183} INFO - Processing /home/myc-ti-2/airflow_workspace/airflow_env/lib/python3.10/site-packages/airflow/example_dags/example_external_task_marker_dag.py took 1.765 seconds
[2023-12-21T12:59:50.492-0300] {processor.py:161} INFO - Started process (PID=7163) to work on /home/myc-ti-2/airflow_workspace/airflow_env/lib/python3.10/site-packages/airflow/example_dags/example_external_task_marker_dag.py
[2023-12-21T12:59:50.511-0300] {processor.py:830} INFO - Processing file /home/myc-ti-2/airflow_workspace/airflow_env/lib/python3.10/site-packages/airflow/example_dags/example_external_task_marker_dag.py for tasks to queue
[2023-12-21T12:59:50.513-0300] {logging_mixin.py:188} INFO - [2023-12-21T12:59:50.512-0300] {dagbag.py:538} INFO - Filling up the DagBag from /home/myc-ti-2/airflow_workspace/airflow_env/lib/python3.10/site-packages/airflow/example_dags/example_external_task_marker_dag.py
[2023-12-21T12:59:50.528-0300] {processor.py:840} INFO - DAG(s) 'example_external_task_marker_child', 'example_external_task_marker_parent' retrieved from /home/myc-ti-2/airflow_workspace/airflow_env/lib/python3.10/site-packages/airflow/example_dags/example_external_task_marker_dag.py
[2023-12-21T12:59:50.570-0300] {logging_mixin.py:188} INFO - [2023-12-21T12:59:50.570-0300] {dag.py:3033} INFO - Sync 2 DAGs
[2023-12-21T12:59:50.588-0300] {logging_mixin.py:188} INFO - [2023-12-21T12:59:50.588-0300] {dag.py:3820} INFO - Setting next_dagrun for example_external_task_marker_child to None, run_after=None
[2023-12-21T12:59:50.593-0300] {logging_mixin.py:188} INFO - [2023-12-21T12:59:50.593-0300] {dag.py:3820} INFO - Setting next_dagrun for example_external_task_marker_parent to None, run_after=None
[2023-12-21T12:59:50.696-0300] {processor.py:183} INFO - Processing /home/myc-ti-2/airflow_workspace/airflow_env/lib/python3.10/site-packages/airflow/example_dags/example_external_task_marker_dag.py took 0.211 seconds
[2023-12-21T13:01:04.556-0300] {processor.py:161} INFO - Started process (PID=7260) to work on /home/myc-ti-2/airflow_workspace/airflow_env/lib/python3.10/site-packages/airflow/example_dags/example_external_task_marker_dag.py
[2023-12-21T13:01:04.558-0300] {processor.py:830} INFO - Processing file /home/myc-ti-2/airflow_workspace/airflow_env/lib/python3.10/site-packages/airflow/example_dags/example_external_task_marker_dag.py for tasks to queue
[2023-12-21T13:01:04.560-0300] {logging_mixin.py:188} INFO - [2023-12-21T13:01:04.559-0300] {dagbag.py:538} INFO - Filling up the DagBag from /home/myc-ti-2/airflow_workspace/airflow_env/lib/python3.10/site-packages/airflow/example_dags/example_external_task_marker_dag.py
[2023-12-21T13:01:04.572-0300] {processor.py:840} INFO - DAG(s) 'example_external_task_marker_child', 'example_external_task_marker_parent' retrieved from /home/myc-ti-2/airflow_workspace/airflow_env/lib/python3.10/site-packages/airflow/example_dags/example_external_task_marker_dag.py
[2023-12-21T13:01:04.605-0300] {logging_mixin.py:188} INFO - [2023-12-21T13:01:04.605-0300] {dag.py:3033} INFO - Sync 2 DAGs
[2023-12-21T13:01:04.624-0300] {logging_mixin.py:188} INFO - [2023-12-21T13:01:04.624-0300] {dag.py:3820} INFO - Setting next_dagrun for example_external_task_marker_child to None, run_after=None
[2023-12-21T13:01:04.629-0300] {logging_mixin.py:188} INFO - [2023-12-21T13:01:04.629-0300] {dag.py:3820} INFO - Setting next_dagrun for example_external_task_marker_parent to None, run_after=None
[2023-12-21T13:01:04.734-0300] {processor.py:183} INFO - Processing /home/myc-ti-2/airflow_workspace/airflow_env/lib/python3.10/site-packages/airflow/example_dags/example_external_task_marker_dag.py took 0.183 seconds
[2023-12-21T13:02:06.277-0300] {processor.py:161} INFO - Started process (PID=7335) to work on /home/myc-ti-2/airflow_workspace/airflow_env/lib/python3.10/site-packages/airflow/example_dags/example_external_task_marker_dag.py
[2023-12-21T13:02:06.280-0300] {processor.py:830} INFO - Processing file /home/myc-ti-2/airflow_workspace/airflow_env/lib/python3.10/site-packages/airflow/example_dags/example_external_task_marker_dag.py for tasks to queue
[2023-12-21T13:02:06.282-0300] {logging_mixin.py:188} INFO - [2023-12-21T13:02:06.281-0300] {dagbag.py:538} INFO - Filling up the DagBag from /home/myc-ti-2/airflow_workspace/airflow_env/lib/python3.10/site-packages/airflow/example_dags/example_external_task_marker_dag.py
[2023-12-21T13:02:06.297-0300] {processor.py:840} INFO - DAG(s) 'example_external_task_marker_child', 'example_external_task_marker_parent' retrieved from /home/myc-ti-2/airflow_workspace/airflow_env/lib/python3.10/site-packages/airflow/example_dags/example_external_task_marker_dag.py
[2023-12-21T13:02:06.331-0300] {logging_mixin.py:188} INFO - [2023-12-21T13:02:06.330-0300] {dag.py:3033} INFO - Sync 2 DAGs
[2023-12-21T13:02:06.349-0300] {logging_mixin.py:188} INFO - [2023-12-21T13:02:06.349-0300] {dag.py:3820} INFO - Setting next_dagrun for example_external_task_marker_child to None, run_after=None
[2023-12-21T13:02:06.354-0300] {logging_mixin.py:188} INFO - [2023-12-21T13:02:06.354-0300] {dag.py:3820} INFO - Setting next_dagrun for example_external_task_marker_parent to None, run_after=None
[2023-12-21T13:02:06.490-0300] {processor.py:183} INFO - Processing /home/myc-ti-2/airflow_workspace/airflow_env/lib/python3.10/site-packages/airflow/example_dags/example_external_task_marker_dag.py took 0.219 seconds
[2023-12-21T13:03:11.889-0300] {processor.py:161} INFO - Started process (PID=7404) to work on /home/myc-ti-2/airflow_workspace/airflow_env/lib/python3.10/site-packages/airflow/example_dags/example_external_task_marker_dag.py
[2023-12-21T13:03:11.900-0300] {processor.py:830} INFO - Processing file /home/myc-ti-2/airflow_workspace/airflow_env/lib/python3.10/site-packages/airflow/example_dags/example_external_task_marker_dag.py for tasks to queue
[2023-12-21T13:03:11.902-0300] {logging_mixin.py:188} INFO - [2023-12-21T13:03:11.901-0300] {dagbag.py:538} INFO - Filling up the DagBag from /home/myc-ti-2/airflow_workspace/airflow_env/lib/python3.10/site-packages/airflow/example_dags/example_external_task_marker_dag.py
[2023-12-21T13:03:11.919-0300] {processor.py:840} INFO - DAG(s) 'example_external_task_marker_child', 'example_external_task_marker_parent' retrieved from /home/myc-ti-2/airflow_workspace/airflow_env/lib/python3.10/site-packages/airflow/example_dags/example_external_task_marker_dag.py
[2023-12-21T13:03:11.958-0300] {logging_mixin.py:188} INFO - [2023-12-21T13:03:11.957-0300] {dag.py:3033} INFO - Sync 2 DAGs
[2023-12-21T13:03:11.976-0300] {logging_mixin.py:188} INFO - [2023-12-21T13:03:11.975-0300] {dag.py:3820} INFO - Setting next_dagrun for example_external_task_marker_child to None, run_after=None
[2023-12-21T13:03:11.981-0300] {logging_mixin.py:188} INFO - [2023-12-21T13:03:11.981-0300] {dag.py:3820} INFO - Setting next_dagrun for example_external_task_marker_parent to None, run_after=None
[2023-12-21T13:03:12.086-0300] {processor.py:183} INFO - Processing /home/myc-ti-2/airflow_workspace/airflow_env/lib/python3.10/site-packages/airflow/example_dags/example_external_task_marker_dag.py took 0.205 seconds
[2023-12-21T13:04:11.532-0300] {processor.py:161} INFO - Started process (PID=7463) to work on /home/myc-ti-2/airflow_workspace/airflow_env/lib/python3.10/site-packages/airflow/example_dags/example_external_task_marker_dag.py
[2023-12-21T13:04:11.539-0300] {processor.py:830} INFO - Processing file /home/myc-ti-2/airflow_workspace/airflow_env/lib/python3.10/site-packages/airflow/example_dags/example_external_task_marker_dag.py for tasks to queue
[2023-12-21T13:04:11.541-0300] {logging_mixin.py:188} INFO - [2023-12-21T13:04:11.540-0300] {dagbag.py:538} INFO - Filling up the DagBag from /home/myc-ti-2/airflow_workspace/airflow_env/lib/python3.10/site-packages/airflow/example_dags/example_external_task_marker_dag.py
[2023-12-21T13:04:11.556-0300] {processor.py:840} INFO - DAG(s) 'example_external_task_marker_child', 'example_external_task_marker_parent' retrieved from /home/myc-ti-2/airflow_workspace/airflow_env/lib/python3.10/site-packages/airflow/example_dags/example_external_task_marker_dag.py
[2023-12-21T13:04:11.594-0300] {logging_mixin.py:188} INFO - [2023-12-21T13:04:11.593-0300] {dag.py:3033} INFO - Sync 2 DAGs
[2023-12-21T13:04:11.611-0300] {logging_mixin.py:188} INFO - [2023-12-21T13:04:11.611-0300] {dag.py:3820} INFO - Setting next_dagrun for example_external_task_marker_child to None, run_after=None
[2023-12-21T13:04:11.617-0300] {logging_mixin.py:188} INFO - [2023-12-21T13:04:11.616-0300] {dag.py:3820} INFO - Setting next_dagrun for example_external_task_marker_parent to None, run_after=None
[2023-12-21T13:04:11.708-0300] {processor.py:183} INFO - Processing /home/myc-ti-2/airflow_workspace/airflow_env/lib/python3.10/site-packages/airflow/example_dags/example_external_task_marker_dag.py took 0.183 seconds
[2023-12-21T13:05:10.631-0300] {processor.py:161} INFO - Started process (PID=7519) to work on /home/myc-ti-2/airflow_workspace/airflow_env/lib/python3.10/site-packages/airflow/example_dags/example_external_task_marker_dag.py
[2023-12-21T13:05:10.633-0300] {processor.py:830} INFO - Processing file /home/myc-ti-2/airflow_workspace/airflow_env/lib/python3.10/site-packages/airflow/example_dags/example_external_task_marker_dag.py for tasks to queue
[2023-12-21T13:05:10.634-0300] {logging_mixin.py:188} INFO - [2023-12-21T13:05:10.633-0300] {dagbag.py:538} INFO - Filling up the DagBag from /home/myc-ti-2/airflow_workspace/airflow_env/lib/python3.10/site-packages/airflow/example_dags/example_external_task_marker_dag.py
[2023-12-21T13:05:10.643-0300] {processor.py:840} INFO - DAG(s) 'example_external_task_marker_parent', 'example_external_task_marker_child' retrieved from /home/myc-ti-2/airflow_workspace/airflow_env/lib/python3.10/site-packages/airflow/example_dags/example_external_task_marker_dag.py
[2023-12-21T13:05:10.667-0300] {logging_mixin.py:188} INFO - [2023-12-21T13:05:10.666-0300] {dag.py:3033} INFO - Sync 2 DAGs
[2023-12-21T13:05:10.681-0300] {logging_mixin.py:188} INFO - [2023-12-21T13:05:10.681-0300] {dag.py:3820} INFO - Setting next_dagrun for example_external_task_marker_child to None, run_after=None
[2023-12-21T13:05:10.685-0300] {logging_mixin.py:188} INFO - [2023-12-21T13:05:10.685-0300] {dag.py:3820} INFO - Setting next_dagrun for example_external_task_marker_parent to None, run_after=None
[2023-12-21T13:05:10.789-0300] {processor.py:183} INFO - Processing /home/myc-ti-2/airflow_workspace/airflow_env/lib/python3.10/site-packages/airflow/example_dags/example_external_task_marker_dag.py took 0.162 seconds
[2023-12-21T13:06:33.034-0300] {processor.py:161} INFO - Started process (PID=7666) to work on /home/myc-ti-2/airflow_workspace/airflow_env/lib/python3.10/site-packages/airflow/example_dags/example_external_task_marker_dag.py
[2023-12-21T13:06:33.053-0300] {processor.py:830} INFO - Processing file /home/myc-ti-2/airflow_workspace/airflow_env/lib/python3.10/site-packages/airflow/example_dags/example_external_task_marker_dag.py for tasks to queue
[2023-12-21T13:06:33.055-0300] {logging_mixin.py:188} INFO - [2023-12-21T13:06:33.054-0300] {dagbag.py:538} INFO - Filling up the DagBag from /home/myc-ti-2/airflow_workspace/airflow_env/lib/python3.10/site-packages/airflow/example_dags/example_external_task_marker_dag.py
[2023-12-21T13:06:33.071-0300] {processor.py:840} INFO - DAG(s) 'example_external_task_marker_child', 'example_external_task_marker_parent' retrieved from /home/myc-ti-2/airflow_workspace/airflow_env/lib/python3.10/site-packages/airflow/example_dags/example_external_task_marker_dag.py
[2023-12-21T13:06:33.118-0300] {logging_mixin.py:188} INFO - [2023-12-21T13:06:33.117-0300] {dag.py:3033} INFO - Sync 2 DAGs
[2023-12-21T13:06:33.140-0300] {logging_mixin.py:188} INFO - [2023-12-21T13:06:33.139-0300] {dag.py:3820} INFO - Setting next_dagrun for example_external_task_marker_child to None, run_after=None
[2023-12-21T13:06:33.148-0300] {logging_mixin.py:188} INFO - [2023-12-21T13:06:33.147-0300] {dag.py:3820} INFO - Setting next_dagrun for example_external_task_marker_parent to None, run_after=None
[2023-12-21T13:06:33.263-0300] {processor.py:183} INFO - Processing /home/myc-ti-2/airflow_workspace/airflow_env/lib/python3.10/site-packages/airflow/example_dags/example_external_task_marker_dag.py took 0.237 seconds
[2023-12-21T13:07:47.610-0300] {processor.py:161} INFO - Started process (PID=7754) to work on /home/myc-ti-2/airflow_workspace/airflow_env/lib/python3.10/site-packages/airflow/example_dags/example_external_task_marker_dag.py
[2023-12-21T13:07:47.625-0300] {processor.py:830} INFO - Processing file /home/myc-ti-2/airflow_workspace/airflow_env/lib/python3.10/site-packages/airflow/example_dags/example_external_task_marker_dag.py for tasks to queue
[2023-12-21T13:07:47.627-0300] {logging_mixin.py:188} INFO - [2023-12-21T13:07:47.626-0300] {dagbag.py:538} INFO - Filling up the DagBag from /home/myc-ti-2/airflow_workspace/airflow_env/lib/python3.10/site-packages/airflow/example_dags/example_external_task_marker_dag.py
[2023-12-21T13:07:47.643-0300] {processor.py:840} INFO - DAG(s) 'example_external_task_marker_parent', 'example_external_task_marker_child' retrieved from /home/myc-ti-2/airflow_workspace/airflow_env/lib/python3.10/site-packages/airflow/example_dags/example_external_task_marker_dag.py
[2023-12-21T13:07:47.685-0300] {logging_mixin.py:188} INFO - [2023-12-21T13:07:47.684-0300] {dag.py:3033} INFO - Sync 2 DAGs
[2023-12-21T13:07:47.703-0300] {logging_mixin.py:188} INFO - [2023-12-21T13:07:47.703-0300] {dag.py:3820} INFO - Setting next_dagrun for example_external_task_marker_child to None, run_after=None
[2023-12-21T13:07:47.708-0300] {logging_mixin.py:188} INFO - [2023-12-21T13:07:47.708-0300] {dag.py:3820} INFO - Setting next_dagrun for example_external_task_marker_parent to None, run_after=None
[2023-12-21T13:07:47.819-0300] {processor.py:183} INFO - Processing /home/myc-ti-2/airflow_workspace/airflow_env/lib/python3.10/site-packages/airflow/example_dags/example_external_task_marker_dag.py took 0.217 seconds
[2023-12-21T13:08:52.146-0300] {processor.py:161} INFO - Started process (PID=9153) to work on /home/myc-ti-2/airflow_workspace/airflow_env/lib/python3.10/site-packages/airflow/example_dags/example_external_task_marker_dag.py
[2023-12-21T13:08:52.149-0300] {processor.py:830} INFO - Processing file /home/myc-ti-2/airflow_workspace/airflow_env/lib/python3.10/site-packages/airflow/example_dags/example_external_task_marker_dag.py for tasks to queue
[2023-12-21T13:08:52.151-0300] {logging_mixin.py:188} INFO - [2023-12-21T13:08:52.150-0300] {dagbag.py:538} INFO - Filling up the DagBag from /home/myc-ti-2/airflow_workspace/airflow_env/lib/python3.10/site-packages/airflow/example_dags/example_external_task_marker_dag.py
[2023-12-21T13:08:52.166-0300] {processor.py:840} INFO - DAG(s) 'example_external_task_marker_parent', 'example_external_task_marker_child' retrieved from /home/myc-ti-2/airflow_workspace/airflow_env/lib/python3.10/site-packages/airflow/example_dags/example_external_task_marker_dag.py
[2023-12-21T13:08:52.200-0300] {logging_mixin.py:188} INFO - [2023-12-21T13:08:52.200-0300] {dag.py:3033} INFO - Sync 2 DAGs
[2023-12-21T13:08:52.218-0300] {logging_mixin.py:188} INFO - [2023-12-21T13:08:52.218-0300] {dag.py:3820} INFO - Setting next_dagrun for example_external_task_marker_child to None, run_after=None
[2023-12-21T13:08:52.223-0300] {logging_mixin.py:188} INFO - [2023-12-21T13:08:52.223-0300] {dag.py:3820} INFO - Setting next_dagrun for example_external_task_marker_parent to None, run_after=None
[2023-12-21T13:08:52.349-0300] {processor.py:183} INFO - Processing /home/myc-ti-2/airflow_workspace/airflow_env/lib/python3.10/site-packages/airflow/example_dags/example_external_task_marker_dag.py took 0.210 seconds
[2023-12-21T13:09:59.364-0300] {processor.py:161} INFO - Started process (PID=9320) to work on /home/myc-ti-2/airflow_workspace/airflow_env/lib/python3.10/site-packages/airflow/example_dags/example_external_task_marker_dag.py
[2023-12-21T13:09:59.407-0300] {processor.py:830} INFO - Processing file /home/myc-ti-2/airflow_workspace/airflow_env/lib/python3.10/site-packages/airflow/example_dags/example_external_task_marker_dag.py for tasks to queue
[2023-12-21T13:09:59.409-0300] {logging_mixin.py:188} INFO - [2023-12-21T13:09:59.408-0300] {dagbag.py:538} INFO - Filling up the DagBag from /home/myc-ti-2/airflow_workspace/airflow_env/lib/python3.10/site-packages/airflow/example_dags/example_external_task_marker_dag.py
[2023-12-21T13:09:59.421-0300] {processor.py:840} INFO - DAG(s) 'example_external_task_marker_parent', 'example_external_task_marker_child' retrieved from /home/myc-ti-2/airflow_workspace/airflow_env/lib/python3.10/site-packages/airflow/example_dags/example_external_task_marker_dag.py
[2023-12-21T13:09:59.459-0300] {logging_mixin.py:188} INFO - [2023-12-21T13:09:59.459-0300] {dag.py:3033} INFO - Sync 2 DAGs
[2023-12-21T13:09:59.480-0300] {logging_mixin.py:188} INFO - [2023-12-21T13:09:59.479-0300] {dag.py:3820} INFO - Setting next_dagrun for example_external_task_marker_child to None, run_after=None
[2023-12-21T13:09:59.485-0300] {logging_mixin.py:188} INFO - [2023-12-21T13:09:59.485-0300] {dag.py:3820} INFO - Setting next_dagrun for example_external_task_marker_parent to None, run_after=None
[2023-12-21T13:09:59.707-0300] {processor.py:183} INFO - Processing /home/myc-ti-2/airflow_workspace/airflow_env/lib/python3.10/site-packages/airflow/example_dags/example_external_task_marker_dag.py took 0.352 seconds
[2023-12-21T13:11:07.786-0300] {processor.py:161} INFO - Started process (PID=9761) to work on /home/myc-ti-2/airflow_workspace/airflow_env/lib/python3.10/site-packages/airflow/example_dags/example_external_task_marker_dag.py
[2023-12-21T13:11:07.788-0300] {processor.py:830} INFO - Processing file /home/myc-ti-2/airflow_workspace/airflow_env/lib/python3.10/site-packages/airflow/example_dags/example_external_task_marker_dag.py for tasks to queue
[2023-12-21T13:11:07.789-0300] {logging_mixin.py:188} INFO - [2023-12-21T13:11:07.789-0300] {dagbag.py:538} INFO - Filling up the DagBag from /home/myc-ti-2/airflow_workspace/airflow_env/lib/python3.10/site-packages/airflow/example_dags/example_external_task_marker_dag.py
[2023-12-21T13:11:07.799-0300] {processor.py:840} INFO - DAG(s) 'example_external_task_marker_parent', 'example_external_task_marker_child' retrieved from /home/myc-ti-2/airflow_workspace/airflow_env/lib/python3.10/site-packages/airflow/example_dags/example_external_task_marker_dag.py
[2023-12-21T13:11:07.829-0300] {logging_mixin.py:188} INFO - [2023-12-21T13:11:07.828-0300] {dag.py:3033} INFO - Sync 2 DAGs
[2023-12-21T13:11:07.847-0300] {logging_mixin.py:188} INFO - [2023-12-21T13:11:07.846-0300] {dag.py:3820} INFO - Setting next_dagrun for example_external_task_marker_child to None, run_after=None
[2023-12-21T13:11:07.852-0300] {logging_mixin.py:188} INFO - [2023-12-21T13:11:07.852-0300] {dag.py:3820} INFO - Setting next_dagrun for example_external_task_marker_parent to None, run_after=None
[2023-12-21T13:11:07.971-0300] {processor.py:183} INFO - Processing /home/myc-ti-2/airflow_workspace/airflow_env/lib/python3.10/site-packages/airflow/example_dags/example_external_task_marker_dag.py took 0.190 seconds
[2023-12-21T13:12:10.106-0300] {processor.py:161} INFO - Started process (PID=10062) to work on /home/myc-ti-2/airflow_workspace/airflow_env/lib/python3.10/site-packages/airflow/example_dags/example_external_task_marker_dag.py
[2023-12-21T13:12:10.108-0300] {processor.py:830} INFO - Processing file /home/myc-ti-2/airflow_workspace/airflow_env/lib/python3.10/site-packages/airflow/example_dags/example_external_task_marker_dag.py for tasks to queue
[2023-12-21T13:12:10.110-0300] {logging_mixin.py:188} INFO - [2023-12-21T13:12:10.109-0300] {dagbag.py:538} INFO - Filling up the DagBag from /home/myc-ti-2/airflow_workspace/airflow_env/lib/python3.10/site-packages/airflow/example_dags/example_external_task_marker_dag.py
[2023-12-21T13:12:10.121-0300] {processor.py:840} INFO - DAG(s) 'example_external_task_marker_child', 'example_external_task_marker_parent' retrieved from /home/myc-ti-2/airflow_workspace/airflow_env/lib/python3.10/site-packages/airflow/example_dags/example_external_task_marker_dag.py
[2023-12-21T13:12:10.152-0300] {logging_mixin.py:188} INFO - [2023-12-21T13:12:10.152-0300] {dag.py:3033} INFO - Sync 2 DAGs
[2023-12-21T13:12:10.170-0300] {logging_mixin.py:188} INFO - [2023-12-21T13:12:10.170-0300] {dag.py:3820} INFO - Setting next_dagrun for example_external_task_marker_child to None, run_after=None
[2023-12-21T13:12:10.176-0300] {logging_mixin.py:188} INFO - [2023-12-21T13:12:10.175-0300] {dag.py:3820} INFO - Setting next_dagrun for example_external_task_marker_parent to None, run_after=None
[2023-12-21T13:12:10.272-0300] {processor.py:183} INFO - Processing /home/myc-ti-2/airflow_workspace/airflow_env/lib/python3.10/site-packages/airflow/example_dags/example_external_task_marker_dag.py took 0.173 seconds
[2023-12-21T13:13:12.947-0300] {processor.py:161} INFO - Started process (PID=10249) to work on /home/myc-ti-2/airflow_workspace/airflow_env/lib/python3.10/site-packages/airflow/example_dags/example_external_task_marker_dag.py
[2023-12-21T13:13:12.967-0300] {processor.py:830} INFO - Processing file /home/myc-ti-2/airflow_workspace/airflow_env/lib/python3.10/site-packages/airflow/example_dags/example_external_task_marker_dag.py for tasks to queue
[2023-12-21T13:13:12.969-0300] {logging_mixin.py:188} INFO - [2023-12-21T13:13:12.968-0300] {dagbag.py:538} INFO - Filling up the DagBag from /home/myc-ti-2/airflow_workspace/airflow_env/lib/python3.10/site-packages/airflow/example_dags/example_external_task_marker_dag.py
[2023-12-21T13:13:12.984-0300] {processor.py:840} INFO - DAG(s) 'example_external_task_marker_child', 'example_external_task_marker_parent' retrieved from /home/myc-ti-2/airflow_workspace/airflow_env/lib/python3.10/site-packages/airflow/example_dags/example_external_task_marker_dag.py
[2023-12-21T13:13:13.022-0300] {logging_mixin.py:188} INFO - [2023-12-21T13:13:13.022-0300] {dag.py:3033} INFO - Sync 2 DAGs
[2023-12-21T13:13:13.044-0300] {logging_mixin.py:188} INFO - [2023-12-21T13:13:13.044-0300] {dag.py:3820} INFO - Setting next_dagrun for example_external_task_marker_child to None, run_after=None
[2023-12-21T13:13:13.050-0300] {logging_mixin.py:188} INFO - [2023-12-21T13:13:13.050-0300] {dag.py:3820} INFO - Setting next_dagrun for example_external_task_marker_parent to None, run_after=None
[2023-12-21T13:13:13.212-0300] {processor.py:183} INFO - Processing /home/myc-ti-2/airflow_workspace/airflow_env/lib/python3.10/site-packages/airflow/example_dags/example_external_task_marker_dag.py took 0.270 seconds
[2023-12-21T13:14:15.218-0300] {processor.py:161} INFO - Started process (PID=10328) to work on /home/myc-ti-2/airflow_workspace/airflow_env/lib/python3.10/site-packages/airflow/example_dags/example_external_task_marker_dag.py
[2023-12-21T13:14:15.221-0300] {processor.py:830} INFO - Processing file /home/myc-ti-2/airflow_workspace/airflow_env/lib/python3.10/site-packages/airflow/example_dags/example_external_task_marker_dag.py for tasks to queue
[2023-12-21T13:14:15.223-0300] {logging_mixin.py:188} INFO - [2023-12-21T13:14:15.222-0300] {dagbag.py:538} INFO - Filling up the DagBag from /home/myc-ti-2/airflow_workspace/airflow_env/lib/python3.10/site-packages/airflow/example_dags/example_external_task_marker_dag.py
[2023-12-21T13:14:15.238-0300] {processor.py:840} INFO - DAG(s) 'example_external_task_marker_child', 'example_external_task_marker_parent' retrieved from /home/myc-ti-2/airflow_workspace/airflow_env/lib/python3.10/site-packages/airflow/example_dags/example_external_task_marker_dag.py
[2023-12-21T13:14:15.273-0300] {logging_mixin.py:188} INFO - [2023-12-21T13:14:15.272-0300] {dag.py:3033} INFO - Sync 2 DAGs
[2023-12-21T13:14:15.290-0300] {logging_mixin.py:188} INFO - [2023-12-21T13:14:15.290-0300] {dag.py:3820} INFO - Setting next_dagrun for example_external_task_marker_child to None, run_after=None
[2023-12-21T13:14:15.296-0300] {logging_mixin.py:188} INFO - [2023-12-21T13:14:15.295-0300] {dag.py:3820} INFO - Setting next_dagrun for example_external_task_marker_parent to None, run_after=None
[2023-12-21T13:14:15.411-0300] {processor.py:183} INFO - Processing /home/myc-ti-2/airflow_workspace/airflow_env/lib/python3.10/site-packages/airflow/example_dags/example_external_task_marker_dag.py took 0.199 seconds
