[2023-12-21T12:57:43.128-0300] {processor.py:161} INFO - Started process (PID=6995) to work on /home/myc-ti-2/airflow_workspace/airflow_env/lib/python3.10/site-packages/airflow/example_dags/example_python_operator.py
[2023-12-21T12:57:43.130-0300] {processor.py:830} INFO - Processing file /home/myc-ti-2/airflow_workspace/airflow_env/lib/python3.10/site-packages/airflow/example_dags/example_python_operator.py for tasks to queue
[2023-12-21T12:57:43.132-0300] {logging_mixin.py:188} INFO - [2023-12-21T12:57:43.132-0300] {dagbag.py:538} INFO - Filling up the DagBag from /home/myc-ti-2/airflow_workspace/airflow_env/lib/python3.10/site-packages/airflow/example_dags/example_python_operator.py
[2023-12-21T12:57:43.159-0300] {processor.py:840} INFO - DAG(s) 'example_python_operator' retrieved from /home/myc-ti-2/airflow_workspace/airflow_env/lib/python3.10/site-packages/airflow/example_dags/example_python_operator.py
[2023-12-21T12:57:43.507-0300] {logging_mixin.py:188} INFO - [2023-12-21T12:57:43.506-0300] {override.py:1769} INFO - Created Permission View: can edit on DAG:example_python_operator
[2023-12-21T12:57:43.615-0300] {logging_mixin.py:188} INFO - [2023-12-21T12:57:43.614-0300] {override.py:1769} INFO - Created Permission View: can delete on DAG:example_python_operator
[2023-12-21T12:57:43.706-0300] {logging_mixin.py:188} INFO - [2023-12-21T12:57:43.706-0300] {override.py:1769} INFO - Created Permission View: can read on DAG:example_python_operator
[2023-12-21T12:57:43.707-0300] {logging_mixin.py:188} INFO - [2023-12-21T12:57:43.707-0300] {dag.py:3033} INFO - Sync 1 DAGs
[2023-12-21T12:57:43.734-0300] {logging_mixin.py:188} INFO - [2023-12-21T12:57:43.734-0300] {dag.py:3055} INFO - Creating ORM DAG for example_python_operator
[2023-12-21T12:57:43.736-0300] {logging_mixin.py:188} INFO - [2023-12-21T12:57:43.735-0300] {dag.py:3820} INFO - Setting next_dagrun for example_python_operator to None, run_after=None
[2023-12-21T12:57:43.909-0300] {processor.py:183} INFO - Processing /home/myc-ti-2/airflow_workspace/airflow_env/lib/python3.10/site-packages/airflow/example_dags/example_python_operator.py took 0.787 seconds
[2023-12-21T12:59:23.588-0300] {processor.py:161} INFO - Started process (PID=7136) to work on /home/myc-ti-2/airflow_workspace/airflow_env/lib/python3.10/site-packages/airflow/example_dags/example_python_operator.py
[2023-12-21T12:59:23.590-0300] {processor.py:830} INFO - Processing file /home/myc-ti-2/airflow_workspace/airflow_env/lib/python3.10/site-packages/airflow/example_dags/example_python_operator.py for tasks to queue
[2023-12-21T12:59:23.592-0300] {logging_mixin.py:188} INFO - [2023-12-21T12:59:23.591-0300] {dagbag.py:538} INFO - Filling up the DagBag from /home/myc-ti-2/airflow_workspace/airflow_env/lib/python3.10/site-packages/airflow/example_dags/example_python_operator.py
[2023-12-21T12:59:23.621-0300] {processor.py:840} INFO - DAG(s) 'example_python_operator' retrieved from /home/myc-ti-2/airflow_workspace/airflow_env/lib/python3.10/site-packages/airflow/example_dags/example_python_operator.py
[2023-12-21T12:59:23.649-0300] {logging_mixin.py:188} INFO - [2023-12-21T12:59:23.649-0300] {dag.py:3033} INFO - Sync 1 DAGs
[2023-12-21T12:59:23.666-0300] {logging_mixin.py:188} INFO - [2023-12-21T12:59:23.666-0300] {dag.py:3820} INFO - Setting next_dagrun for example_python_operator to None, run_after=None
[2023-12-21T12:59:23.778-0300] {processor.py:183} INFO - Processing /home/myc-ti-2/airflow_workspace/airflow_env/lib/python3.10/site-packages/airflow/example_dags/example_python_operator.py took 0.197 seconds
[2023-12-21T13:00:21.059-0300] {processor.py:161} INFO - Started process (PID=7194) to work on /home/myc-ti-2/airflow_workspace/airflow_env/lib/python3.10/site-packages/airflow/example_dags/example_python_operator.py
[2023-12-21T13:00:21.061-0300] {processor.py:830} INFO - Processing file /home/myc-ti-2/airflow_workspace/airflow_env/lib/python3.10/site-packages/airflow/example_dags/example_python_operator.py for tasks to queue
[2023-12-21T13:00:21.064-0300] {logging_mixin.py:188} INFO - [2023-12-21T13:00:21.063-0300] {dagbag.py:538} INFO - Filling up the DagBag from /home/myc-ti-2/airflow_workspace/airflow_env/lib/python3.10/site-packages/airflow/example_dags/example_python_operator.py
[2023-12-21T13:00:21.092-0300] {processor.py:840} INFO - DAG(s) 'example_python_operator' retrieved from /home/myc-ti-2/airflow_workspace/airflow_env/lib/python3.10/site-packages/airflow/example_dags/example_python_operator.py
[2023-12-21T13:00:21.122-0300] {logging_mixin.py:188} INFO - [2023-12-21T13:00:21.122-0300] {dag.py:3033} INFO - Sync 1 DAGs
[2023-12-21T13:00:21.141-0300] {logging_mixin.py:188} INFO - [2023-12-21T13:00:21.141-0300] {dag.py:3820} INFO - Setting next_dagrun for example_python_operator to None, run_after=None
[2023-12-21T13:00:21.262-0300] {processor.py:183} INFO - Processing /home/myc-ti-2/airflow_workspace/airflow_env/lib/python3.10/site-packages/airflow/example_dags/example_python_operator.py took 0.210 seconds
[2023-12-21T13:01:36.425-0300] {processor.py:161} INFO - Started process (PID=7293) to work on /home/myc-ti-2/airflow_workspace/airflow_env/lib/python3.10/site-packages/airflow/example_dags/example_python_operator.py
[2023-12-21T13:01:36.441-0300] {processor.py:830} INFO - Processing file /home/myc-ti-2/airflow_workspace/airflow_env/lib/python3.10/site-packages/airflow/example_dags/example_python_operator.py for tasks to queue
[2023-12-21T13:01:36.444-0300] {logging_mixin.py:188} INFO - [2023-12-21T13:01:36.443-0300] {dagbag.py:538} INFO - Filling up the DagBag from /home/myc-ti-2/airflow_workspace/airflow_env/lib/python3.10/site-packages/airflow/example_dags/example_python_operator.py
[2023-12-21T13:01:36.472-0300] {processor.py:840} INFO - DAG(s) 'example_python_operator' retrieved from /home/myc-ti-2/airflow_workspace/airflow_env/lib/python3.10/site-packages/airflow/example_dags/example_python_operator.py
[2023-12-21T13:01:36.506-0300] {logging_mixin.py:188} INFO - [2023-12-21T13:01:36.506-0300] {dag.py:3033} INFO - Sync 1 DAGs
[2023-12-21T13:01:36.524-0300] {logging_mixin.py:188} INFO - [2023-12-21T13:01:36.524-0300] {dag.py:3820} INFO - Setting next_dagrun for example_python_operator to None, run_after=None
[2023-12-21T13:01:36.631-0300] {processor.py:183} INFO - Processing /home/myc-ti-2/airflow_workspace/airflow_env/lib/python3.10/site-packages/airflow/example_dags/example_python_operator.py took 0.213 seconds
[2023-12-21T13:02:45.911-0300] {processor.py:161} INFO - Started process (PID=7375) to work on /home/myc-ti-2/airflow_workspace/airflow_env/lib/python3.10/site-packages/airflow/example_dags/example_python_operator.py
[2023-12-21T13:02:45.913-0300] {processor.py:830} INFO - Processing file /home/myc-ti-2/airflow_workspace/airflow_env/lib/python3.10/site-packages/airflow/example_dags/example_python_operator.py for tasks to queue
[2023-12-21T13:02:45.914-0300] {logging_mixin.py:188} INFO - [2023-12-21T13:02:45.913-0300] {dagbag.py:538} INFO - Filling up the DagBag from /home/myc-ti-2/airflow_workspace/airflow_env/lib/python3.10/site-packages/airflow/example_dags/example_python_operator.py
[2023-12-21T13:02:45.929-0300] {processor.py:840} INFO - DAG(s) 'example_python_operator' retrieved from /home/myc-ti-2/airflow_workspace/airflow_env/lib/python3.10/site-packages/airflow/example_dags/example_python_operator.py
[2023-12-21T13:02:45.954-0300] {logging_mixin.py:188} INFO - [2023-12-21T13:02:45.954-0300] {dag.py:3033} INFO - Sync 1 DAGs
[2023-12-21T13:02:45.969-0300] {logging_mixin.py:188} INFO - [2023-12-21T13:02:45.969-0300] {dag.py:3820} INFO - Setting next_dagrun for example_python_operator to None, run_after=None
[2023-12-21T13:02:46.081-0300] {processor.py:183} INFO - Processing /home/myc-ti-2/airflow_workspace/airflow_env/lib/python3.10/site-packages/airflow/example_dags/example_python_operator.py took 0.175 seconds
[2023-12-21T13:03:45.121-0300] {processor.py:161} INFO - Started process (PID=7437) to work on /home/myc-ti-2/airflow_workspace/airflow_env/lib/python3.10/site-packages/airflow/example_dags/example_python_operator.py
[2023-12-21T13:03:45.136-0300] {processor.py:830} INFO - Processing file /home/myc-ti-2/airflow_workspace/airflow_env/lib/python3.10/site-packages/airflow/example_dags/example_python_operator.py for tasks to queue
[2023-12-21T13:03:45.137-0300] {logging_mixin.py:188} INFO - [2023-12-21T13:03:45.137-0300] {dagbag.py:538} INFO - Filling up the DagBag from /home/myc-ti-2/airflow_workspace/airflow_env/lib/python3.10/site-packages/airflow/example_dags/example_python_operator.py
[2023-12-21T13:03:45.156-0300] {processor.py:840} INFO - DAG(s) 'example_python_operator' retrieved from /home/myc-ti-2/airflow_workspace/airflow_env/lib/python3.10/site-packages/airflow/example_dags/example_python_operator.py
[2023-12-21T13:03:45.187-0300] {logging_mixin.py:188} INFO - [2023-12-21T13:03:45.187-0300] {dag.py:3033} INFO - Sync 1 DAGs
[2023-12-21T13:03:45.203-0300] {logging_mixin.py:188} INFO - [2023-12-21T13:03:45.202-0300] {dag.py:3820} INFO - Setting next_dagrun for example_python_operator to None, run_after=None
[2023-12-21T13:03:45.398-0300] {processor.py:183} INFO - Processing /home/myc-ti-2/airflow_workspace/airflow_env/lib/python3.10/site-packages/airflow/example_dags/example_python_operator.py took 0.282 seconds
[2023-12-21T13:04:43.504-0300] {processor.py:161} INFO - Started process (PID=7493) to work on /home/myc-ti-2/airflow_workspace/airflow_env/lib/python3.10/site-packages/airflow/example_dags/example_python_operator.py
[2023-12-21T13:04:43.512-0300] {processor.py:830} INFO - Processing file /home/myc-ti-2/airflow_workspace/airflow_env/lib/python3.10/site-packages/airflow/example_dags/example_python_operator.py for tasks to queue
[2023-12-21T13:04:43.514-0300] {logging_mixin.py:188} INFO - [2023-12-21T13:04:43.513-0300] {dagbag.py:538} INFO - Filling up the DagBag from /home/myc-ti-2/airflow_workspace/airflow_env/lib/python3.10/site-packages/airflow/example_dags/example_python_operator.py
[2023-12-21T13:04:43.541-0300] {processor.py:840} INFO - DAG(s) 'example_python_operator' retrieved from /home/myc-ti-2/airflow_workspace/airflow_env/lib/python3.10/site-packages/airflow/example_dags/example_python_operator.py
[2023-12-21T13:04:43.570-0300] {logging_mixin.py:188} INFO - [2023-12-21T13:04:43.570-0300] {dag.py:3033} INFO - Sync 1 DAGs
[2023-12-21T13:04:43.588-0300] {logging_mixin.py:188} INFO - [2023-12-21T13:04:43.588-0300] {dag.py:3820} INFO - Setting next_dagrun for example_python_operator to None, run_after=None
[2023-12-21T13:04:43.699-0300] {processor.py:183} INFO - Processing /home/myc-ti-2/airflow_workspace/airflow_env/lib/python3.10/site-packages/airflow/example_dags/example_python_operator.py took 0.201 seconds
[2023-12-21T13:05:55.710-0300] {processor.py:161} INFO - Started process (PID=7564) to work on /home/myc-ti-2/airflow_workspace/airflow_env/lib/python3.10/site-packages/airflow/example_dags/example_python_operator.py
[2023-12-21T13:05:55.712-0300] {processor.py:830} INFO - Processing file /home/myc-ti-2/airflow_workspace/airflow_env/lib/python3.10/site-packages/airflow/example_dags/example_python_operator.py for tasks to queue
[2023-12-21T13:05:55.713-0300] {logging_mixin.py:188} INFO - [2023-12-21T13:05:55.712-0300] {dagbag.py:538} INFO - Filling up the DagBag from /home/myc-ti-2/airflow_workspace/airflow_env/lib/python3.10/site-packages/airflow/example_dags/example_python_operator.py
[2023-12-21T13:05:55.732-0300] {processor.py:840} INFO - DAG(s) 'example_python_operator' retrieved from /home/myc-ti-2/airflow_workspace/airflow_env/lib/python3.10/site-packages/airflow/example_dags/example_python_operator.py
[2023-12-21T13:05:55.761-0300] {logging_mixin.py:188} INFO - [2023-12-21T13:05:55.761-0300] {dag.py:3033} INFO - Sync 1 DAGs
[2023-12-21T13:05:55.779-0300] {logging_mixin.py:188} INFO - [2023-12-21T13:05:55.779-0300] {dag.py:3820} INFO - Setting next_dagrun for example_python_operator to None, run_after=None
[2023-12-21T13:05:55.889-0300] {processor.py:183} INFO - Processing /home/myc-ti-2/airflow_workspace/airflow_env/lib/python3.10/site-packages/airflow/example_dags/example_python_operator.py took 0.185 seconds
[2023-12-21T13:07:06.049-0300] {processor.py:161} INFO - Started process (PID=7711) to work on /home/myc-ti-2/airflow_workspace/airflow_env/lib/python3.10/site-packages/airflow/example_dags/example_python_operator.py
[2023-12-21T13:07:06.051-0300] {processor.py:830} INFO - Processing file /home/myc-ti-2/airflow_workspace/airflow_env/lib/python3.10/site-packages/airflow/example_dags/example_python_operator.py for tasks to queue
[2023-12-21T13:07:06.053-0300] {logging_mixin.py:188} INFO - [2023-12-21T13:07:06.052-0300] {dagbag.py:538} INFO - Filling up the DagBag from /home/myc-ti-2/airflow_workspace/airflow_env/lib/python3.10/site-packages/airflow/example_dags/example_python_operator.py
[2023-12-21T13:07:06.080-0300] {processor.py:840} INFO - DAG(s) 'example_python_operator' retrieved from /home/myc-ti-2/airflow_workspace/airflow_env/lib/python3.10/site-packages/airflow/example_dags/example_python_operator.py
[2023-12-21T13:07:06.108-0300] {logging_mixin.py:188} INFO - [2023-12-21T13:07:06.108-0300] {dag.py:3033} INFO - Sync 1 DAGs
[2023-12-21T13:07:06.126-0300] {logging_mixin.py:188} INFO - [2023-12-21T13:07:06.125-0300] {dag.py:3820} INFO - Setting next_dagrun for example_python_operator to None, run_after=None
[2023-12-21T13:07:06.233-0300] {processor.py:183} INFO - Processing /home/myc-ti-2/airflow_workspace/airflow_env/lib/python3.10/site-packages/airflow/example_dags/example_python_operator.py took 0.191 seconds
[2023-12-21T13:08:22.621-0300] {processor.py:161} INFO - Started process (PID=8547) to work on /home/myc-ti-2/airflow_workspace/airflow_env/lib/python3.10/site-packages/airflow/example_dags/example_python_operator.py
[2023-12-21T13:08:22.629-0300] {processor.py:830} INFO - Processing file /home/myc-ti-2/airflow_workspace/airflow_env/lib/python3.10/site-packages/airflow/example_dags/example_python_operator.py for tasks to queue
[2023-12-21T13:08:22.632-0300] {logging_mixin.py:188} INFO - [2023-12-21T13:08:22.631-0300] {dagbag.py:538} INFO - Filling up the DagBag from /home/myc-ti-2/airflow_workspace/airflow_env/lib/python3.10/site-packages/airflow/example_dags/example_python_operator.py
[2023-12-21T13:08:22.660-0300] {processor.py:840} INFO - DAG(s) 'example_python_operator' retrieved from /home/myc-ti-2/airflow_workspace/airflow_env/lib/python3.10/site-packages/airflow/example_dags/example_python_operator.py
[2023-12-21T13:08:22.690-0300] {logging_mixin.py:188} INFO - [2023-12-21T13:08:22.690-0300] {dag.py:3033} INFO - Sync 1 DAGs
[2023-12-21T13:08:22.707-0300] {logging_mixin.py:188} INFO - [2023-12-21T13:08:22.707-0300] {dag.py:3820} INFO - Setting next_dagrun for example_python_operator to None, run_after=None
[2023-12-21T13:08:23.241-0300] {processor.py:183} INFO - Processing /home/myc-ti-2/airflow_workspace/airflow_env/lib/python3.10/site-packages/airflow/example_dags/example_python_operator.py took 0.627 seconds
[2023-12-21T13:09:25.221-0300] {processor.py:161} INFO - Started process (PID=9246) to work on /home/myc-ti-2/airflow_workspace/airflow_env/lib/python3.10/site-packages/airflow/example_dags/example_python_operator.py
[2023-12-21T13:09:25.235-0300] {processor.py:830} INFO - Processing file /home/myc-ti-2/airflow_workspace/airflow_env/lib/python3.10/site-packages/airflow/example_dags/example_python_operator.py for tasks to queue
[2023-12-21T13:09:25.236-0300] {logging_mixin.py:188} INFO - [2023-12-21T13:09:25.236-0300] {dagbag.py:538} INFO - Filling up the DagBag from /home/myc-ti-2/airflow_workspace/airflow_env/lib/python3.10/site-packages/airflow/example_dags/example_python_operator.py
[2023-12-21T13:09:25.254-0300] {processor.py:840} INFO - DAG(s) 'example_python_operator' retrieved from /home/myc-ti-2/airflow_workspace/airflow_env/lib/python3.10/site-packages/airflow/example_dags/example_python_operator.py
[2023-12-21T13:09:25.283-0300] {logging_mixin.py:188} INFO - [2023-12-21T13:09:25.283-0300] {dag.py:3033} INFO - Sync 1 DAGs
[2023-12-21T13:09:25.303-0300] {logging_mixin.py:188} INFO - [2023-12-21T13:09:25.303-0300] {dag.py:3820} INFO - Setting next_dagrun for example_python_operator to None, run_after=None
[2023-12-21T13:09:25.547-0300] {processor.py:183} INFO - Processing /home/myc-ti-2/airflow_workspace/airflow_env/lib/python3.10/site-packages/airflow/example_dags/example_python_operator.py took 0.330 seconds
[2023-12-21T13:10:35.609-0300] {processor.py:161} INFO - Started process (PID=9438) to work on /home/myc-ti-2/airflow_workspace/airflow_env/lib/python3.10/site-packages/airflow/example_dags/example_python_operator.py
[2023-12-21T13:10:35.622-0300] {processor.py:830} INFO - Processing file /home/myc-ti-2/airflow_workspace/airflow_env/lib/python3.10/site-packages/airflow/example_dags/example_python_operator.py for tasks to queue
[2023-12-21T13:10:35.624-0300] {logging_mixin.py:188} INFO - [2023-12-21T13:10:35.623-0300] {dagbag.py:538} INFO - Filling up the DagBag from /home/myc-ti-2/airflow_workspace/airflow_env/lib/python3.10/site-packages/airflow/example_dags/example_python_operator.py
[2023-12-21T13:10:35.653-0300] {processor.py:840} INFO - DAG(s) 'example_python_operator' retrieved from /home/myc-ti-2/airflow_workspace/airflow_env/lib/python3.10/site-packages/airflow/example_dags/example_python_operator.py
[2023-12-21T13:10:35.688-0300] {logging_mixin.py:188} INFO - [2023-12-21T13:10:35.687-0300] {dag.py:3033} INFO - Sync 1 DAGs
[2023-12-21T13:10:35.706-0300] {logging_mixin.py:188} INFO - [2023-12-21T13:10:35.705-0300] {dag.py:3820} INFO - Setting next_dagrun for example_python_operator to None, run_after=None
[2023-12-21T13:10:35.927-0300] {processor.py:183} INFO - Processing /home/myc-ti-2/airflow_workspace/airflow_env/lib/python3.10/site-packages/airflow/example_dags/example_python_operator.py took 0.326 seconds
[2023-12-21T13:11:41.992-0300] {processor.py:161} INFO - Started process (PID=10016) to work on /home/myc-ti-2/airflow_workspace/airflow_env/lib/python3.10/site-packages/airflow/example_dags/example_python_operator.py
[2023-12-21T13:11:42.014-0300] {processor.py:830} INFO - Processing file /home/myc-ti-2/airflow_workspace/airflow_env/lib/python3.10/site-packages/airflow/example_dags/example_python_operator.py for tasks to queue
[2023-12-21T13:11:42.015-0300] {logging_mixin.py:188} INFO - [2023-12-21T13:11:42.015-0300] {dagbag.py:538} INFO - Filling up the DagBag from /home/myc-ti-2/airflow_workspace/airflow_env/lib/python3.10/site-packages/airflow/example_dags/example_python_operator.py
[2023-12-21T13:11:42.034-0300] {processor.py:840} INFO - DAG(s) 'example_python_operator' retrieved from /home/myc-ti-2/airflow_workspace/airflow_env/lib/python3.10/site-packages/airflow/example_dags/example_python_operator.py
[2023-12-21T13:11:42.072-0300] {logging_mixin.py:188} INFO - [2023-12-21T13:11:42.072-0300] {dag.py:3033} INFO - Sync 1 DAGs
[2023-12-21T13:11:42.090-0300] {logging_mixin.py:188} INFO - [2023-12-21T13:11:42.090-0300] {dag.py:3820} INFO - Setting next_dagrun for example_python_operator to None, run_after=None
[2023-12-21T13:11:42.335-0300] {processor.py:183} INFO - Processing /home/myc-ti-2/airflow_workspace/airflow_env/lib/python3.10/site-packages/airflow/example_dags/example_python_operator.py took 0.348 seconds
[2023-12-21T13:12:42.865-0300] {processor.py:161} INFO - Started process (PID=10103) to work on /home/myc-ti-2/airflow_workspace/airflow_env/lib/python3.10/site-packages/airflow/example_dags/example_python_operator.py
[2023-12-21T13:12:42.887-0300] {processor.py:830} INFO - Processing file /home/myc-ti-2/airflow_workspace/airflow_env/lib/python3.10/site-packages/airflow/example_dags/example_python_operator.py for tasks to queue
[2023-12-21T13:12:42.889-0300] {logging_mixin.py:188} INFO - [2023-12-21T13:12:42.888-0300] {dagbag.py:538} INFO - Filling up the DagBag from /home/myc-ti-2/airflow_workspace/airflow_env/lib/python3.10/site-packages/airflow/example_dags/example_python_operator.py
[2023-12-21T13:12:42.910-0300] {processor.py:840} INFO - DAG(s) 'example_python_operator' retrieved from /home/myc-ti-2/airflow_workspace/airflow_env/lib/python3.10/site-packages/airflow/example_dags/example_python_operator.py
[2023-12-21T13:12:42.944-0300] {logging_mixin.py:188} INFO - [2023-12-21T13:12:42.944-0300] {dag.py:3033} INFO - Sync 1 DAGs
[2023-12-21T13:12:42.962-0300] {logging_mixin.py:188} INFO - [2023-12-21T13:12:42.961-0300] {dag.py:3820} INFO - Setting next_dagrun for example_python_operator to None, run_after=None
[2023-12-21T13:12:43.069-0300] {processor.py:183} INFO - Processing /home/myc-ti-2/airflow_workspace/airflow_env/lib/python3.10/site-packages/airflow/example_dags/example_python_operator.py took 0.212 seconds
[2023-12-21T13:13:46.670-0300] {processor.py:161} INFO - Started process (PID=10300) to work on /home/myc-ti-2/airflow_workspace/airflow_env/lib/python3.10/site-packages/airflow/example_dags/example_python_operator.py
[2023-12-21T13:13:46.682-0300] {processor.py:830} INFO - Processing file /home/myc-ti-2/airflow_workspace/airflow_env/lib/python3.10/site-packages/airflow/example_dags/example_python_operator.py for tasks to queue
[2023-12-21T13:13:46.684-0300] {logging_mixin.py:188} INFO - [2023-12-21T13:13:46.683-0300] {dagbag.py:538} INFO - Filling up the DagBag from /home/myc-ti-2/airflow_workspace/airflow_env/lib/python3.10/site-packages/airflow/example_dags/example_python_operator.py
[2023-12-21T13:13:46.712-0300] {processor.py:840} INFO - DAG(s) 'example_python_operator' retrieved from /home/myc-ti-2/airflow_workspace/airflow_env/lib/python3.10/site-packages/airflow/example_dags/example_python_operator.py
[2023-12-21T13:13:46.747-0300] {logging_mixin.py:188} INFO - [2023-12-21T13:13:46.746-0300] {dag.py:3033} INFO - Sync 1 DAGs
[2023-12-21T13:13:46.764-0300] {logging_mixin.py:188} INFO - [2023-12-21T13:13:46.764-0300] {dag.py:3820} INFO - Setting next_dagrun for example_python_operator to None, run_after=None
[2023-12-21T13:13:46.860-0300] {processor.py:183} INFO - Processing /home/myc-ti-2/airflow_workspace/airflow_env/lib/python3.10/site-packages/airflow/example_dags/example_python_operator.py took 0.197 seconds
[2023-12-21T13:14:50.661-0300] {processor.py:161} INFO - Started process (PID=10395) to work on /home/myc-ti-2/airflow_workspace/airflow_env/lib/python3.10/site-packages/airflow/example_dags/example_python_operator.py
[2023-12-21T13:14:50.662-0300] {processor.py:830} INFO - Processing file /home/myc-ti-2/airflow_workspace/airflow_env/lib/python3.10/site-packages/airflow/example_dags/example_python_operator.py for tasks to queue
[2023-12-21T13:14:50.663-0300] {logging_mixin.py:188} INFO - [2023-12-21T13:14:50.663-0300] {dagbag.py:538} INFO - Filling up the DagBag from /home/myc-ti-2/airflow_workspace/airflow_env/lib/python3.10/site-packages/airflow/example_dags/example_python_operator.py
[2023-12-21T13:14:50.677-0300] {processor.py:840} INFO - DAG(s) 'example_python_operator' retrieved from /home/myc-ti-2/airflow_workspace/airflow_env/lib/python3.10/site-packages/airflow/example_dags/example_python_operator.py
[2023-12-21T13:14:50.705-0300] {logging_mixin.py:188} INFO - [2023-12-21T13:14:50.704-0300] {dag.py:3033} INFO - Sync 1 DAGs
[2023-12-21T13:14:50.720-0300] {logging_mixin.py:188} INFO - [2023-12-21T13:14:50.720-0300] {dag.py:3820} INFO - Setting next_dagrun for example_python_operator to None, run_after=None
[2023-12-21T13:14:50.834-0300] {processor.py:183} INFO - Processing /home/myc-ti-2/airflow_workspace/airflow_env/lib/python3.10/site-packages/airflow/example_dags/example_python_operator.py took 0.178 seconds
