[2023-12-21T12:58:49.930-0300] {processor.py:161} INFO - Started process (PID=7096) to work on /home/myc-ti-2/airflow_workspace/airflow_env/lib/python3.10/site-packages/airflow/example_dags/example_latest_only_with_trigger.py
[2023-12-21T12:58:49.932-0300] {processor.py:830} INFO - Processing file /home/myc-ti-2/airflow_workspace/airflow_env/lib/python3.10/site-packages/airflow/example_dags/example_latest_only_with_trigger.py for tasks to queue
[2023-12-21T12:58:49.934-0300] {logging_mixin.py:188} INFO - [2023-12-21T12:58:49.933-0300] {dagbag.py:538} INFO - Filling up the DagBag from /home/myc-ti-2/airflow_workspace/airflow_env/lib/python3.10/site-packages/airflow/example_dags/example_latest_only_with_trigger.py
[2023-12-21T12:58:49.948-0300] {processor.py:840} INFO - DAG(s) 'latest_only_with_trigger' retrieved from /home/myc-ti-2/airflow_workspace/airflow_env/lib/python3.10/site-packages/airflow/example_dags/example_latest_only_with_trigger.py
[2023-12-21T12:58:50.288-0300] {logging_mixin.py:188} INFO - [2023-12-21T12:58:50.286-0300] {override.py:1769} INFO - Created Permission View: can edit on DAG:latest_only_with_trigger
[2023-12-21T12:58:50.445-0300] {logging_mixin.py:188} INFO - [2023-12-21T12:58:50.444-0300] {override.py:1769} INFO - Created Permission View: can delete on DAG:latest_only_with_trigger
[2023-12-21T12:58:50.537-0300] {logging_mixin.py:188} INFO - [2023-12-21T12:58:50.536-0300] {override.py:1769} INFO - Created Permission View: can read on DAG:latest_only_with_trigger
[2023-12-21T12:58:50.538-0300] {logging_mixin.py:188} INFO - [2023-12-21T12:58:50.538-0300] {dag.py:3033} INFO - Sync 1 DAGs
[2023-12-21T12:58:50.565-0300] {logging_mixin.py:188} INFO - [2023-12-21T12:58:50.564-0300] {dag.py:3055} INFO - Creating ORM DAG for latest_only_with_trigger
[2023-12-21T12:58:50.587-0300] {logging_mixin.py:188} INFO - [2023-12-21T12:58:50.587-0300] {dag.py:3820} INFO - Setting next_dagrun for latest_only_with_trigger to 2023-12-21T08:00:00+00:00, run_after=2023-12-21T12:00:00+00:00
[2023-12-21T12:58:50.759-0300] {processor.py:183} INFO - Processing /home/myc-ti-2/airflow_workspace/airflow_env/lib/python3.10/site-packages/airflow/example_dags/example_latest_only_with_trigger.py took 0.835 seconds
[2023-12-21T13:00:02.534-0300] {processor.py:161} INFO - Started process (PID=7173) to work on /home/myc-ti-2/airflow_workspace/airflow_env/lib/python3.10/site-packages/airflow/example_dags/example_latest_only_with_trigger.py
[2023-12-21T13:00:02.544-0300] {processor.py:830} INFO - Processing file /home/myc-ti-2/airflow_workspace/airflow_env/lib/python3.10/site-packages/airflow/example_dags/example_latest_only_with_trigger.py for tasks to queue
[2023-12-21T13:00:02.546-0300] {logging_mixin.py:188} INFO - [2023-12-21T13:00:02.545-0300] {dagbag.py:538} INFO - Filling up the DagBag from /home/myc-ti-2/airflow_workspace/airflow_env/lib/python3.10/site-packages/airflow/example_dags/example_latest_only_with_trigger.py
[2023-12-21T13:00:02.560-0300] {processor.py:840} INFO - DAG(s) 'latest_only_with_trigger' retrieved from /home/myc-ti-2/airflow_workspace/airflow_env/lib/python3.10/site-packages/airflow/example_dags/example_latest_only_with_trigger.py
[2023-12-21T13:00:02.596-0300] {logging_mixin.py:188} INFO - [2023-12-21T13:00:02.595-0300] {dag.py:3033} INFO - Sync 1 DAGs
[2023-12-21T13:00:02.628-0300] {logging_mixin.py:188} INFO - [2023-12-21T13:00:02.627-0300] {dag.py:3820} INFO - Setting next_dagrun for latest_only_with_trigger to 2023-12-21T12:00:00+00:00, run_after=2023-12-21T16:00:00+00:00
[2023-12-21T13:00:02.718-0300] {processor.py:183} INFO - Processing /home/myc-ti-2/airflow_workspace/airflow_env/lib/python3.10/site-packages/airflow/example_dags/example_latest_only_with_trigger.py took 0.191 seconds
[2023-12-21T13:01:13.671-0300] {processor.py:161} INFO - Started process (PID=7269) to work on /home/myc-ti-2/airflow_workspace/airflow_env/lib/python3.10/site-packages/airflow/example_dags/example_latest_only_with_trigger.py
[2023-12-21T13:01:13.674-0300] {processor.py:830} INFO - Processing file /home/myc-ti-2/airflow_workspace/airflow_env/lib/python3.10/site-packages/airflow/example_dags/example_latest_only_with_trigger.py for tasks to queue
[2023-12-21T13:01:13.676-0300] {logging_mixin.py:188} INFO - [2023-12-21T13:01:13.675-0300] {dagbag.py:538} INFO - Filling up the DagBag from /home/myc-ti-2/airflow_workspace/airflow_env/lib/python3.10/site-packages/airflow/example_dags/example_latest_only_with_trigger.py
[2023-12-21T13:01:13.690-0300] {processor.py:840} INFO - DAG(s) 'latest_only_with_trigger' retrieved from /home/myc-ti-2/airflow_workspace/airflow_env/lib/python3.10/site-packages/airflow/example_dags/example_latest_only_with_trigger.py
[2023-12-21T13:01:13.722-0300] {logging_mixin.py:188} INFO - [2023-12-21T13:01:13.722-0300] {dag.py:3033} INFO - Sync 1 DAGs
[2023-12-21T13:01:13.754-0300] {logging_mixin.py:188} INFO - [2023-12-21T13:01:13.754-0300] {dag.py:3820} INFO - Setting next_dagrun for latest_only_with_trigger to 2023-12-21T12:00:00+00:00, run_after=2023-12-21T16:00:00+00:00
[2023-12-21T13:01:13.866-0300] {processor.py:183} INFO - Processing /home/myc-ti-2/airflow_workspace/airflow_env/lib/python3.10/site-packages/airflow/example_dags/example_latest_only_with_trigger.py took 0.202 seconds
[2023-12-21T13:02:20.752-0300] {processor.py:161} INFO - Started process (PID=7351) to work on /home/myc-ti-2/airflow_workspace/airflow_env/lib/python3.10/site-packages/airflow/example_dags/example_latest_only_with_trigger.py
[2023-12-21T13:02:20.754-0300] {processor.py:830} INFO - Processing file /home/myc-ti-2/airflow_workspace/airflow_env/lib/python3.10/site-packages/airflow/example_dags/example_latest_only_with_trigger.py for tasks to queue
[2023-12-21T13:02:20.756-0300] {logging_mixin.py:188} INFO - [2023-12-21T13:02:20.755-0300] {dagbag.py:538} INFO - Filling up the DagBag from /home/myc-ti-2/airflow_workspace/airflow_env/lib/python3.10/site-packages/airflow/example_dags/example_latest_only_with_trigger.py
[2023-12-21T13:02:20.767-0300] {processor.py:840} INFO - DAG(s) 'latest_only_with_trigger' retrieved from /home/myc-ti-2/airflow_workspace/airflow_env/lib/python3.10/site-packages/airflow/example_dags/example_latest_only_with_trigger.py
[2023-12-21T13:02:20.797-0300] {logging_mixin.py:188} INFO - [2023-12-21T13:02:20.796-0300] {dag.py:3033} INFO - Sync 1 DAGs
[2023-12-21T13:02:20.834-0300] {logging_mixin.py:188} INFO - [2023-12-21T13:02:20.834-0300] {dag.py:3820} INFO - Setting next_dagrun for latest_only_with_trigger to 2023-12-21T12:00:00+00:00, run_after=2023-12-21T16:00:00+00:00
[2023-12-21T13:02:20.934-0300] {processor.py:183} INFO - Processing /home/myc-ti-2/airflow_workspace/airflow_env/lib/python3.10/site-packages/airflow/example_dags/example_latest_only_with_trigger.py took 0.186 seconds
[2023-12-21T13:03:22.258-0300] {processor.py:161} INFO - Started process (PID=7415) to work on /home/myc-ti-2/airflow_workspace/airflow_env/lib/python3.10/site-packages/airflow/example_dags/example_latest_only_with_trigger.py
[2023-12-21T13:03:22.260-0300] {processor.py:830} INFO - Processing file /home/myc-ti-2/airflow_workspace/airflow_env/lib/python3.10/site-packages/airflow/example_dags/example_latest_only_with_trigger.py for tasks to queue
[2023-12-21T13:03:22.262-0300] {logging_mixin.py:188} INFO - [2023-12-21T13:03:22.261-0300] {dagbag.py:538} INFO - Filling up the DagBag from /home/myc-ti-2/airflow_workspace/airflow_env/lib/python3.10/site-packages/airflow/example_dags/example_latest_only_with_trigger.py
[2023-12-21T13:03:22.271-0300] {processor.py:840} INFO - DAG(s) 'latest_only_with_trigger' retrieved from /home/myc-ti-2/airflow_workspace/airflow_env/lib/python3.10/site-packages/airflow/example_dags/example_latest_only_with_trigger.py
[2023-12-21T13:03:22.298-0300] {logging_mixin.py:188} INFO - [2023-12-21T13:03:22.298-0300] {dag.py:3033} INFO - Sync 1 DAGs
[2023-12-21T13:03:22.323-0300] {logging_mixin.py:188} INFO - [2023-12-21T13:03:22.323-0300] {dag.py:3820} INFO - Setting next_dagrun for latest_only_with_trigger to 2023-12-21T12:00:00+00:00, run_after=2023-12-21T16:00:00+00:00
[2023-12-21T13:03:22.440-0300] {processor.py:183} INFO - Processing /home/myc-ti-2/airflow_workspace/airflow_env/lib/python3.10/site-packages/airflow/example_dags/example_latest_only_with_trigger.py took 0.186 seconds
[2023-12-21T13:04:21.932-0300] {processor.py:161} INFO - Started process (PID=7473) to work on /home/myc-ti-2/airflow_workspace/airflow_env/lib/python3.10/site-packages/airflow/example_dags/example_latest_only_with_trigger.py
[2023-12-21T13:04:21.934-0300] {processor.py:830} INFO - Processing file /home/myc-ti-2/airflow_workspace/airflow_env/lib/python3.10/site-packages/airflow/example_dags/example_latest_only_with_trigger.py for tasks to queue
[2023-12-21T13:04:21.935-0300] {logging_mixin.py:188} INFO - [2023-12-21T13:04:21.934-0300] {dagbag.py:538} INFO - Filling up the DagBag from /home/myc-ti-2/airflow_workspace/airflow_env/lib/python3.10/site-packages/airflow/example_dags/example_latest_only_with_trigger.py
[2023-12-21T13:04:21.943-0300] {processor.py:840} INFO - DAG(s) 'latest_only_with_trigger' retrieved from /home/myc-ti-2/airflow_workspace/airflow_env/lib/python3.10/site-packages/airflow/example_dags/example_latest_only_with_trigger.py
[2023-12-21T13:04:21.970-0300] {logging_mixin.py:188} INFO - [2023-12-21T13:04:21.970-0300] {dag.py:3033} INFO - Sync 1 DAGs
[2023-12-21T13:04:21.997-0300] {logging_mixin.py:188} INFO - [2023-12-21T13:04:21.997-0300] {dag.py:3820} INFO - Setting next_dagrun for latest_only_with_trigger to 2023-12-21T12:00:00+00:00, run_after=2023-12-21T16:00:00+00:00
[2023-12-21T13:04:22.122-0300] {processor.py:183} INFO - Processing /home/myc-ti-2/airflow_workspace/airflow_env/lib/python3.10/site-packages/airflow/example_dags/example_latest_only_with_trigger.py took 0.194 seconds
[2023-12-21T13:05:21.478-0300] {processor.py:161} INFO - Started process (PID=7531) to work on /home/myc-ti-2/airflow_workspace/airflow_env/lib/python3.10/site-packages/airflow/example_dags/example_latest_only_with_trigger.py
[2023-12-21T13:05:21.479-0300] {processor.py:830} INFO - Processing file /home/myc-ti-2/airflow_workspace/airflow_env/lib/python3.10/site-packages/airflow/example_dags/example_latest_only_with_trigger.py for tasks to queue
[2023-12-21T13:05:21.480-0300] {logging_mixin.py:188} INFO - [2023-12-21T13:05:21.480-0300] {dagbag.py:538} INFO - Filling up the DagBag from /home/myc-ti-2/airflow_workspace/airflow_env/lib/python3.10/site-packages/airflow/example_dags/example_latest_only_with_trigger.py
[2023-12-21T13:05:21.488-0300] {processor.py:840} INFO - DAG(s) 'latest_only_with_trigger' retrieved from /home/myc-ti-2/airflow_workspace/airflow_env/lib/python3.10/site-packages/airflow/example_dags/example_latest_only_with_trigger.py
[2023-12-21T13:05:21.511-0300] {logging_mixin.py:188} INFO - [2023-12-21T13:05:21.511-0300] {dag.py:3033} INFO - Sync 1 DAGs
[2023-12-21T13:05:21.540-0300] {logging_mixin.py:188} INFO - [2023-12-21T13:05:21.540-0300] {dag.py:3820} INFO - Setting next_dagrun for latest_only_with_trigger to 2023-12-21T12:00:00+00:00, run_after=2023-12-21T16:00:00+00:00
[2023-12-21T13:05:21.654-0300] {processor.py:183} INFO - Processing /home/myc-ti-2/airflow_workspace/airflow_env/lib/python3.10/site-packages/airflow/example_dags/example_latest_only_with_trigger.py took 0.181 seconds
[2023-12-21T13:06:44.144-0300] {processor.py:161} INFO - Started process (PID=7684) to work on /home/myc-ti-2/airflow_workspace/airflow_env/lib/python3.10/site-packages/airflow/example_dags/example_latest_only_with_trigger.py
[2023-12-21T13:06:44.158-0300] {processor.py:830} INFO - Processing file /home/myc-ti-2/airflow_workspace/airflow_env/lib/python3.10/site-packages/airflow/example_dags/example_latest_only_with_trigger.py for tasks to queue
[2023-12-21T13:06:44.161-0300] {logging_mixin.py:188} INFO - [2023-12-21T13:06:44.160-0300] {dagbag.py:538} INFO - Filling up the DagBag from /home/myc-ti-2/airflow_workspace/airflow_env/lib/python3.10/site-packages/airflow/example_dags/example_latest_only_with_trigger.py
[2023-12-21T13:06:44.175-0300] {processor.py:840} INFO - DAG(s) 'latest_only_with_trigger' retrieved from /home/myc-ti-2/airflow_workspace/airflow_env/lib/python3.10/site-packages/airflow/example_dags/example_latest_only_with_trigger.py
[2023-12-21T13:06:44.210-0300] {logging_mixin.py:188} INFO - [2023-12-21T13:06:44.210-0300] {dag.py:3033} INFO - Sync 1 DAGs
[2023-12-21T13:06:44.242-0300] {logging_mixin.py:188} INFO - [2023-12-21T13:06:44.242-0300] {dag.py:3820} INFO - Setting next_dagrun for latest_only_with_trigger to 2023-12-21T12:00:00+00:00, run_after=2023-12-21T16:00:00+00:00
[2023-12-21T13:06:44.362-0300] {processor.py:183} INFO - Processing /home/myc-ti-2/airflow_workspace/airflow_env/lib/python3.10/site-packages/airflow/example_dags/example_latest_only_with_trigger.py took 0.227 seconds
[2023-12-21T13:07:59.161-0300] {processor.py:161} INFO - Started process (PID=7999) to work on /home/myc-ti-2/airflow_workspace/airflow_env/lib/python3.10/site-packages/airflow/example_dags/example_latest_only_with_trigger.py
[2023-12-21T13:07:59.188-0300] {processor.py:830} INFO - Processing file /home/myc-ti-2/airflow_workspace/airflow_env/lib/python3.10/site-packages/airflow/example_dags/example_latest_only_with_trigger.py for tasks to queue
[2023-12-21T13:07:59.189-0300] {logging_mixin.py:188} INFO - [2023-12-21T13:07:59.189-0300] {dagbag.py:538} INFO - Filling up the DagBag from /home/myc-ti-2/airflow_workspace/airflow_env/lib/python3.10/site-packages/airflow/example_dags/example_latest_only_with_trigger.py
[2023-12-21T13:07:59.198-0300] {processor.py:840} INFO - DAG(s) 'latest_only_with_trigger' retrieved from /home/myc-ti-2/airflow_workspace/airflow_env/lib/python3.10/site-packages/airflow/example_dags/example_latest_only_with_trigger.py
[2023-12-21T13:07:59.225-0300] {logging_mixin.py:188} INFO - [2023-12-21T13:07:59.225-0300] {dag.py:3033} INFO - Sync 1 DAGs
[2023-12-21T13:07:59.257-0300] {logging_mixin.py:188} INFO - [2023-12-21T13:07:59.256-0300] {dag.py:3820} INFO - Setting next_dagrun for latest_only_with_trigger to 2023-12-21T12:00:00+00:00, run_after=2023-12-21T16:00:00+00:00
[2023-12-21T13:07:59.462-0300] {processor.py:183} INFO - Processing /home/myc-ti-2/airflow_workspace/airflow_env/lib/python3.10/site-packages/airflow/example_dags/example_latest_only_with_trigger.py took 0.306 seconds
[2023-12-21T13:09:02.323-0300] {processor.py:161} INFO - Started process (PID=9204) to work on /home/myc-ti-2/airflow_workspace/airflow_env/lib/python3.10/site-packages/airflow/example_dags/example_latest_only_with_trigger.py
[2023-12-21T13:09:02.327-0300] {processor.py:830} INFO - Processing file /home/myc-ti-2/airflow_workspace/airflow_env/lib/python3.10/site-packages/airflow/example_dags/example_latest_only_with_trigger.py for tasks to queue
[2023-12-21T13:09:02.328-0300] {logging_mixin.py:188} INFO - [2023-12-21T13:09:02.328-0300] {dagbag.py:538} INFO - Filling up the DagBag from /home/myc-ti-2/airflow_workspace/airflow_env/lib/python3.10/site-packages/airflow/example_dags/example_latest_only_with_trigger.py
[2023-12-21T13:09:02.338-0300] {processor.py:840} INFO - DAG(s) 'latest_only_with_trigger' retrieved from /home/myc-ti-2/airflow_workspace/airflow_env/lib/python3.10/site-packages/airflow/example_dags/example_latest_only_with_trigger.py
[2023-12-21T13:09:02.366-0300] {logging_mixin.py:188} INFO - [2023-12-21T13:09:02.365-0300] {dag.py:3033} INFO - Sync 1 DAGs
[2023-12-21T13:09:02.394-0300] {logging_mixin.py:188} INFO - [2023-12-21T13:09:02.394-0300] {dag.py:3820} INFO - Setting next_dagrun for latest_only_with_trigger to 2023-12-21T12:00:00+00:00, run_after=2023-12-21T16:00:00+00:00
[2023-12-21T13:09:02.510-0300] {processor.py:183} INFO - Processing /home/myc-ti-2/airflow_workspace/airflow_env/lib/python3.10/site-packages/airflow/example_dags/example_latest_only_with_trigger.py took 0.192 seconds
[2023-12-21T13:10:10.438-0300] {processor.py:161} INFO - Started process (PID=9389) to work on /home/myc-ti-2/airflow_workspace/airflow_env/lib/python3.10/site-packages/airflow/example_dags/example_latest_only_with_trigger.py
[2023-12-21T13:10:10.454-0300] {processor.py:830} INFO - Processing file /home/myc-ti-2/airflow_workspace/airflow_env/lib/python3.10/site-packages/airflow/example_dags/example_latest_only_with_trigger.py for tasks to queue
[2023-12-21T13:10:10.455-0300] {logging_mixin.py:188} INFO - [2023-12-21T13:10:10.455-0300] {dagbag.py:538} INFO - Filling up the DagBag from /home/myc-ti-2/airflow_workspace/airflow_env/lib/python3.10/site-packages/airflow/example_dags/example_latest_only_with_trigger.py
[2023-12-21T13:10:10.464-0300] {processor.py:840} INFO - DAG(s) 'latest_only_with_trigger' retrieved from /home/myc-ti-2/airflow_workspace/airflow_env/lib/python3.10/site-packages/airflow/example_dags/example_latest_only_with_trigger.py
[2023-12-21T13:10:10.493-0300] {logging_mixin.py:188} INFO - [2023-12-21T13:10:10.493-0300] {dag.py:3033} INFO - Sync 1 DAGs
[2023-12-21T13:10:10.529-0300] {logging_mixin.py:188} INFO - [2023-12-21T13:10:10.529-0300] {dag.py:3820} INFO - Setting next_dagrun for latest_only_with_trigger to 2023-12-21T12:00:00+00:00, run_after=2023-12-21T16:00:00+00:00
[2023-12-21T13:10:10.745-0300] {processor.py:183} INFO - Processing /home/myc-ti-2/airflow_workspace/airflow_env/lib/python3.10/site-packages/airflow/example_dags/example_latest_only_with_trigger.py took 0.312 seconds
[2023-12-21T13:11:18.646-0300] {processor.py:161} INFO - Started process (PID=9773) to work on /home/myc-ti-2/airflow_workspace/airflow_env/lib/python3.10/site-packages/airflow/example_dags/example_latest_only_with_trigger.py
[2023-12-21T13:11:18.648-0300] {processor.py:830} INFO - Processing file /home/myc-ti-2/airflow_workspace/airflow_env/lib/python3.10/site-packages/airflow/example_dags/example_latest_only_with_trigger.py for tasks to queue
[2023-12-21T13:11:18.650-0300] {logging_mixin.py:188} INFO - [2023-12-21T13:11:18.649-0300] {dagbag.py:538} INFO - Filling up the DagBag from /home/myc-ti-2/airflow_workspace/airflow_env/lib/python3.10/site-packages/airflow/example_dags/example_latest_only_with_trigger.py
[2023-12-21T13:11:18.664-0300] {processor.py:840} INFO - DAG(s) 'latest_only_with_trigger' retrieved from /home/myc-ti-2/airflow_workspace/airflow_env/lib/python3.10/site-packages/airflow/example_dags/example_latest_only_with_trigger.py
[2023-12-21T13:11:18.695-0300] {logging_mixin.py:188} INFO - [2023-12-21T13:11:18.695-0300] {dag.py:3033} INFO - Sync 1 DAGs
[2023-12-21T13:11:18.726-0300] {logging_mixin.py:188} INFO - [2023-12-21T13:11:18.726-0300] {dag.py:3820} INFO - Setting next_dagrun for latest_only_with_trigger to 2023-12-21T12:00:00+00:00, run_after=2023-12-21T16:00:00+00:00
[2023-12-21T13:11:18.842-0300] {processor.py:183} INFO - Processing /home/myc-ti-2/airflow_workspace/airflow_env/lib/python3.10/site-packages/airflow/example_dags/example_latest_only_with_trigger.py took 0.204 seconds
[2023-12-21T13:12:20.500-0300] {processor.py:161} INFO - Started process (PID=10073) to work on /home/myc-ti-2/airflow_workspace/airflow_env/lib/python3.10/site-packages/airflow/example_dags/example_latest_only_with_trigger.py
[2023-12-21T13:12:20.503-0300] {processor.py:830} INFO - Processing file /home/myc-ti-2/airflow_workspace/airflow_env/lib/python3.10/site-packages/airflow/example_dags/example_latest_only_with_trigger.py for tasks to queue
[2023-12-21T13:12:20.505-0300] {logging_mixin.py:188} INFO - [2023-12-21T13:12:20.504-0300] {dagbag.py:538} INFO - Filling up the DagBag from /home/myc-ti-2/airflow_workspace/airflow_env/lib/python3.10/site-packages/airflow/example_dags/example_latest_only_with_trigger.py
[2023-12-21T13:12:20.519-0300] {processor.py:840} INFO - DAG(s) 'latest_only_with_trigger' retrieved from /home/myc-ti-2/airflow_workspace/airflow_env/lib/python3.10/site-packages/airflow/example_dags/example_latest_only_with_trigger.py
[2023-12-21T13:12:20.549-0300] {logging_mixin.py:188} INFO - [2023-12-21T13:12:20.549-0300] {dag.py:3033} INFO - Sync 1 DAGs
[2023-12-21T13:12:20.580-0300] {logging_mixin.py:188} INFO - [2023-12-21T13:12:20.580-0300] {dag.py:3820} INFO - Setting next_dagrun for latest_only_with_trigger to 2023-12-21T12:00:00+00:00, run_after=2023-12-21T16:00:00+00:00
[2023-12-21T13:12:20.675-0300] {processor.py:183} INFO - Processing /home/myc-ti-2/airflow_workspace/airflow_env/lib/python3.10/site-packages/airflow/example_dags/example_latest_only_with_trigger.py took 0.182 seconds
[2023-12-21T13:13:23.147-0300] {processor.py:161} INFO - Started process (PID=10279) to work on /home/myc-ti-2/airflow_workspace/airflow_env/lib/python3.10/site-packages/airflow/example_dags/example_latest_only_with_trigger.py
[2023-12-21T13:13:23.149-0300] {processor.py:830} INFO - Processing file /home/myc-ti-2/airflow_workspace/airflow_env/lib/python3.10/site-packages/airflow/example_dags/example_latest_only_with_trigger.py for tasks to queue
[2023-12-21T13:13:23.151-0300] {logging_mixin.py:188} INFO - [2023-12-21T13:13:23.151-0300] {dagbag.py:538} INFO - Filling up the DagBag from /home/myc-ti-2/airflow_workspace/airflow_env/lib/python3.10/site-packages/airflow/example_dags/example_latest_only_with_trigger.py
[2023-12-21T13:13:23.165-0300] {processor.py:840} INFO - DAG(s) 'latest_only_with_trigger' retrieved from /home/myc-ti-2/airflow_workspace/airflow_env/lib/python3.10/site-packages/airflow/example_dags/example_latest_only_with_trigger.py
[2023-12-21T13:13:23.197-0300] {logging_mixin.py:188} INFO - [2023-12-21T13:13:23.197-0300] {dag.py:3033} INFO - Sync 1 DAGs
[2023-12-21T13:13:23.228-0300] {logging_mixin.py:188} INFO - [2023-12-21T13:13:23.227-0300] {dag.py:3820} INFO - Setting next_dagrun for latest_only_with_trigger to 2023-12-21T12:00:00+00:00, run_after=2023-12-21T16:00:00+00:00
[2023-12-21T13:13:23.327-0300] {processor.py:183} INFO - Processing /home/myc-ti-2/airflow_workspace/airflow_env/lib/python3.10/site-packages/airflow/example_dags/example_latest_only_with_trigger.py took 0.187 seconds
[2023-12-21T13:14:25.761-0300] {processor.py:161} INFO - Started process (PID=10339) to work on /home/myc-ti-2/airflow_workspace/airflow_env/lib/python3.10/site-packages/airflow/example_dags/example_latest_only_with_trigger.py
[2023-12-21T13:14:25.800-0300] {processor.py:830} INFO - Processing file /home/myc-ti-2/airflow_workspace/airflow_env/lib/python3.10/site-packages/airflow/example_dags/example_latest_only_with_trigger.py for tasks to queue
[2023-12-21T13:14:25.803-0300] {logging_mixin.py:188} INFO - [2023-12-21T13:14:25.802-0300] {dagbag.py:538} INFO - Filling up the DagBag from /home/myc-ti-2/airflow_workspace/airflow_env/lib/python3.10/site-packages/airflow/example_dags/example_latest_only_with_trigger.py
[2023-12-21T13:14:25.817-0300] {processor.py:840} INFO - DAG(s) 'latest_only_with_trigger' retrieved from /home/myc-ti-2/airflow_workspace/airflow_env/lib/python3.10/site-packages/airflow/example_dags/example_latest_only_with_trigger.py
[2023-12-21T13:14:25.858-0300] {logging_mixin.py:188} INFO - [2023-12-21T13:14:25.858-0300] {dag.py:3033} INFO - Sync 1 DAGs
[2023-12-21T13:14:25.893-0300] {logging_mixin.py:188} INFO - [2023-12-21T13:14:25.893-0300] {dag.py:3820} INFO - Setting next_dagrun for latest_only_with_trigger to 2023-12-21T12:00:00+00:00, run_after=2023-12-21T16:00:00+00:00
[2023-12-21T13:14:25.983-0300] {processor.py:183} INFO - Processing /home/myc-ti-2/airflow_workspace/airflow_env/lib/python3.10/site-packages/airflow/example_dags/example_latest_only_with_trigger.py took 0.229 seconds
