[2023-12-21T12:58:51.045-0300] {processor.py:161} INFO - Started process (PID=7099) to work on /home/myc-ti-2/airflow_workspace/airflow_env/lib/python3.10/site-packages/airflow/example_dags/example_branch_day_of_week_operator.py
[2023-12-21T12:58:51.047-0300] {processor.py:830} INFO - Processing file /home/myc-ti-2/airflow_workspace/airflow_env/lib/python3.10/site-packages/airflow/example_dags/example_branch_day_of_week_operator.py for tasks to queue
[2023-12-21T12:58:51.049-0300] {logging_mixin.py:188} INFO - [2023-12-21T12:58:51.048-0300] {dagbag.py:538} INFO - Filling up the DagBag from /home/myc-ti-2/airflow_workspace/airflow_env/lib/python3.10/site-packages/airflow/example_dags/example_branch_day_of_week_operator.py
[2023-12-21T12:58:51.069-0300] {processor.py:840} INFO - DAG(s) 'example_weekday_branch_operator' retrieved from /home/myc-ti-2/airflow_workspace/airflow_env/lib/python3.10/site-packages/airflow/example_dags/example_branch_day_of_week_operator.py
[2023-12-21T12:58:51.412-0300] {logging_mixin.py:188} INFO - [2023-12-21T12:58:51.411-0300] {override.py:1769} INFO - Created Permission View: can edit on DAG:example_weekday_branch_operator
[2023-12-21T12:58:51.504-0300] {logging_mixin.py:188} INFO - [2023-12-21T12:58:51.503-0300] {override.py:1769} INFO - Created Permission View: can delete on DAG:example_weekday_branch_operator
[2023-12-21T12:58:51.595-0300] {logging_mixin.py:188} INFO - [2023-12-21T12:58:51.594-0300] {override.py:1769} INFO - Created Permission View: can read on DAG:example_weekday_branch_operator
[2023-12-21T12:58:51.596-0300] {logging_mixin.py:188} INFO - [2023-12-21T12:58:51.596-0300] {dag.py:3033} INFO - Sync 1 DAGs
[2023-12-21T12:58:51.624-0300] {logging_mixin.py:188} INFO - [2023-12-21T12:58:51.623-0300] {dag.py:3055} INFO - Creating ORM DAG for example_weekday_branch_operator
[2023-12-21T12:58:51.650-0300] {logging_mixin.py:188} INFO - [2023-12-21T12:58:51.650-0300] {dag.py:3820} INFO - Setting next_dagrun for example_weekday_branch_operator to 2023-12-20T00:00:00+00:00, run_after=2023-12-21T00:00:00+00:00
[2023-12-21T12:58:51.816-0300] {processor.py:183} INFO - Processing /home/myc-ti-2/airflow_workspace/airflow_env/lib/python3.10/site-packages/airflow/example_dags/example_branch_day_of_week_operator.py took 0.778 seconds
[2023-12-21T13:00:03.108-0300] {processor.py:161} INFO - Started process (PID=7175) to work on /home/myc-ti-2/airflow_workspace/airflow_env/lib/python3.10/site-packages/airflow/example_dags/example_branch_day_of_week_operator.py
[2023-12-21T13:00:03.127-0300] {processor.py:830} INFO - Processing file /home/myc-ti-2/airflow_workspace/airflow_env/lib/python3.10/site-packages/airflow/example_dags/example_branch_day_of_week_operator.py for tasks to queue
[2023-12-21T13:00:03.129-0300] {logging_mixin.py:188} INFO - [2023-12-21T13:00:03.128-0300] {dagbag.py:538} INFO - Filling up the DagBag from /home/myc-ti-2/airflow_workspace/airflow_env/lib/python3.10/site-packages/airflow/example_dags/example_branch_day_of_week_operator.py
[2023-12-21T13:00:03.149-0300] {processor.py:840} INFO - DAG(s) 'example_weekday_branch_operator' retrieved from /home/myc-ti-2/airflow_workspace/airflow_env/lib/python3.10/site-packages/airflow/example_dags/example_branch_day_of_week_operator.py
[2023-12-21T13:00:03.187-0300] {logging_mixin.py:188} INFO - [2023-12-21T13:00:03.186-0300] {dag.py:3033} INFO - Sync 1 DAGs
[2023-12-21T13:00:03.221-0300] {logging_mixin.py:188} INFO - [2023-12-21T13:00:03.221-0300] {dag.py:3820} INFO - Setting next_dagrun for example_weekday_branch_operator to 2023-12-20T00:00:00+00:00, run_after=2023-12-21T00:00:00+00:00
[2023-12-21T13:00:03.313-0300] {processor.py:183} INFO - Processing /home/myc-ti-2/airflow_workspace/airflow_env/lib/python3.10/site-packages/airflow/example_dags/example_branch_day_of_week_operator.py took 0.212 seconds
[2023-12-21T13:01:15.055-0300] {processor.py:161} INFO - Started process (PID=7271) to work on /home/myc-ti-2/airflow_workspace/airflow_env/lib/python3.10/site-packages/airflow/example_dags/example_branch_day_of_week_operator.py
[2023-12-21T13:01:15.057-0300] {processor.py:830} INFO - Processing file /home/myc-ti-2/airflow_workspace/airflow_env/lib/python3.10/site-packages/airflow/example_dags/example_branch_day_of_week_operator.py for tasks to queue
[2023-12-21T13:01:15.060-0300] {logging_mixin.py:188} INFO - [2023-12-21T13:01:15.059-0300] {dagbag.py:538} INFO - Filling up the DagBag from /home/myc-ti-2/airflow_workspace/airflow_env/lib/python3.10/site-packages/airflow/example_dags/example_branch_day_of_week_operator.py
[2023-12-21T13:01:15.080-0300] {processor.py:840} INFO - DAG(s) 'example_weekday_branch_operator' retrieved from /home/myc-ti-2/airflow_workspace/airflow_env/lib/python3.10/site-packages/airflow/example_dags/example_branch_day_of_week_operator.py
[2023-12-21T13:01:15.112-0300] {logging_mixin.py:188} INFO - [2023-12-21T13:01:15.112-0300] {dag.py:3033} INFO - Sync 1 DAGs
[2023-12-21T13:01:15.147-0300] {logging_mixin.py:188} INFO - [2023-12-21T13:01:15.147-0300] {dag.py:3820} INFO - Setting next_dagrun for example_weekday_branch_operator to 2023-12-20T00:00:00+00:00, run_after=2023-12-21T00:00:00+00:00
[2023-12-21T13:01:15.244-0300] {processor.py:183} INFO - Processing /home/myc-ti-2/airflow_workspace/airflow_env/lib/python3.10/site-packages/airflow/example_dags/example_branch_day_of_week_operator.py took 0.197 seconds
[2023-12-21T13:02:22.024-0300] {processor.py:161} INFO - Started process (PID=7352) to work on /home/myc-ti-2/airflow_workspace/airflow_env/lib/python3.10/site-packages/airflow/example_dags/example_branch_day_of_week_operator.py
[2023-12-21T13:02:22.039-0300] {processor.py:830} INFO - Processing file /home/myc-ti-2/airflow_workspace/airflow_env/lib/python3.10/site-packages/airflow/example_dags/example_branch_day_of_week_operator.py for tasks to queue
[2023-12-21T13:02:22.040-0300] {logging_mixin.py:188} INFO - [2023-12-21T13:02:22.039-0300] {dagbag.py:538} INFO - Filling up the DagBag from /home/myc-ti-2/airflow_workspace/airflow_env/lib/python3.10/site-packages/airflow/example_dags/example_branch_day_of_week_operator.py
[2023-12-21T13:02:22.050-0300] {processor.py:840} INFO - DAG(s) 'example_weekday_branch_operator' retrieved from /home/myc-ti-2/airflow_workspace/airflow_env/lib/python3.10/site-packages/airflow/example_dags/example_branch_day_of_week_operator.py
[2023-12-21T13:02:22.073-0300] {logging_mixin.py:188} INFO - [2023-12-21T13:02:22.073-0300] {dag.py:3033} INFO - Sync 1 DAGs
[2023-12-21T13:02:22.102-0300] {logging_mixin.py:188} INFO - [2023-12-21T13:02:22.102-0300] {dag.py:3820} INFO - Setting next_dagrun for example_weekday_branch_operator to 2023-12-20T00:00:00+00:00, run_after=2023-12-21T00:00:00+00:00
[2023-12-21T13:02:22.216-0300] {processor.py:183} INFO - Processing /home/myc-ti-2/airflow_workspace/airflow_env/lib/python3.10/site-packages/airflow/example_dags/example_branch_day_of_week_operator.py took 0.196 seconds
[2023-12-21T13:03:23.552-0300] {processor.py:161} INFO - Started process (PID=7416) to work on /home/myc-ti-2/airflow_workspace/airflow_env/lib/python3.10/site-packages/airflow/example_dags/example_branch_day_of_week_operator.py
[2023-12-21T13:03:23.554-0300] {processor.py:830} INFO - Processing file /home/myc-ti-2/airflow_workspace/airflow_env/lib/python3.10/site-packages/airflow/example_dags/example_branch_day_of_week_operator.py for tasks to queue
[2023-12-21T13:03:23.556-0300] {logging_mixin.py:188} INFO - [2023-12-21T13:03:23.555-0300] {dagbag.py:538} INFO - Filling up the DagBag from /home/myc-ti-2/airflow_workspace/airflow_env/lib/python3.10/site-packages/airflow/example_dags/example_branch_day_of_week_operator.py
[2023-12-21T13:03:23.576-0300] {processor.py:840} INFO - DAG(s) 'example_weekday_branch_operator' retrieved from /home/myc-ti-2/airflow_workspace/airflow_env/lib/python3.10/site-packages/airflow/example_dags/example_branch_day_of_week_operator.py
[2023-12-21T13:03:23.607-0300] {logging_mixin.py:188} INFO - [2023-12-21T13:03:23.606-0300] {dag.py:3033} INFO - Sync 1 DAGs
[2023-12-21T13:03:23.641-0300] {logging_mixin.py:188} INFO - [2023-12-21T13:03:23.640-0300] {dag.py:3820} INFO - Setting next_dagrun for example_weekday_branch_operator to 2023-12-20T00:00:00+00:00, run_after=2023-12-21T00:00:00+00:00
[2023-12-21T13:03:23.743-0300] {processor.py:183} INFO - Processing /home/myc-ti-2/airflow_workspace/airflow_env/lib/python3.10/site-packages/airflow/example_dags/example_branch_day_of_week_operator.py took 0.199 seconds
[2023-12-21T13:04:22.867-0300] {processor.py:161} INFO - Started process (PID=7474) to work on /home/myc-ti-2/airflow_workspace/airflow_env/lib/python3.10/site-packages/airflow/example_dags/example_branch_day_of_week_operator.py
[2023-12-21T13:04:22.869-0300] {processor.py:830} INFO - Processing file /home/myc-ti-2/airflow_workspace/airflow_env/lib/python3.10/site-packages/airflow/example_dags/example_branch_day_of_week_operator.py for tasks to queue
[2023-12-21T13:04:22.871-0300] {logging_mixin.py:188} INFO - [2023-12-21T13:04:22.870-0300] {dagbag.py:538} INFO - Filling up the DagBag from /home/myc-ti-2/airflow_workspace/airflow_env/lib/python3.10/site-packages/airflow/example_dags/example_branch_day_of_week_operator.py
[2023-12-21T13:04:22.891-0300] {processor.py:840} INFO - DAG(s) 'example_weekday_branch_operator' retrieved from /home/myc-ti-2/airflow_workspace/airflow_env/lib/python3.10/site-packages/airflow/example_dags/example_branch_day_of_week_operator.py
[2023-12-21T13:04:22.920-0300] {logging_mixin.py:188} INFO - [2023-12-21T13:04:22.920-0300] {dag.py:3033} INFO - Sync 1 DAGs
[2023-12-21T13:04:22.953-0300] {logging_mixin.py:188} INFO - [2023-12-21T13:04:22.953-0300] {dag.py:3820} INFO - Setting next_dagrun for example_weekday_branch_operator to 2023-12-20T00:00:00+00:00, run_after=2023-12-21T00:00:00+00:00
[2023-12-21T13:04:23.079-0300] {processor.py:183} INFO - Processing /home/myc-ti-2/airflow_workspace/airflow_env/lib/python3.10/site-packages/airflow/example_dags/example_branch_day_of_week_operator.py took 0.219 seconds
[2023-12-21T13:05:22.001-0300] {processor.py:161} INFO - Started process (PID=7532) to work on /home/myc-ti-2/airflow_workspace/airflow_env/lib/python3.10/site-packages/airflow/example_dags/example_branch_day_of_week_operator.py
[2023-12-21T13:05:22.004-0300] {processor.py:830} INFO - Processing file /home/myc-ti-2/airflow_workspace/airflow_env/lib/python3.10/site-packages/airflow/example_dags/example_branch_day_of_week_operator.py for tasks to queue
[2023-12-21T13:05:22.006-0300] {logging_mixin.py:188} INFO - [2023-12-21T13:05:22.005-0300] {dagbag.py:538} INFO - Filling up the DagBag from /home/myc-ti-2/airflow_workspace/airflow_env/lib/python3.10/site-packages/airflow/example_dags/example_branch_day_of_week_operator.py
[2023-12-21T13:05:22.024-0300] {processor.py:840} INFO - DAG(s) 'example_weekday_branch_operator' retrieved from /home/myc-ti-2/airflow_workspace/airflow_env/lib/python3.10/site-packages/airflow/example_dags/example_branch_day_of_week_operator.py
[2023-12-21T13:05:22.049-0300] {logging_mixin.py:188} INFO - [2023-12-21T13:05:22.049-0300] {dag.py:3033} INFO - Sync 1 DAGs
[2023-12-21T13:05:22.078-0300] {logging_mixin.py:188} INFO - [2023-12-21T13:05:22.078-0300] {dag.py:3820} INFO - Setting next_dagrun for example_weekday_branch_operator to 2023-12-20T00:00:00+00:00, run_after=2023-12-21T00:00:00+00:00
[2023-12-21T13:05:22.193-0300] {processor.py:183} INFO - Processing /home/myc-ti-2/airflow_workspace/airflow_env/lib/python3.10/site-packages/airflow/example_dags/example_branch_day_of_week_operator.py took 0.199 seconds
[2023-12-21T13:06:44.868-0300] {processor.py:161} INFO - Started process (PID=7686) to work on /home/myc-ti-2/airflow_workspace/airflow_env/lib/python3.10/site-packages/airflow/example_dags/example_branch_day_of_week_operator.py
[2023-12-21T13:06:44.870-0300] {processor.py:830} INFO - Processing file /home/myc-ti-2/airflow_workspace/airflow_env/lib/python3.10/site-packages/airflow/example_dags/example_branch_day_of_week_operator.py for tasks to queue
[2023-12-21T13:06:44.872-0300] {logging_mixin.py:188} INFO - [2023-12-21T13:06:44.871-0300] {dagbag.py:538} INFO - Filling up the DagBag from /home/myc-ti-2/airflow_workspace/airflow_env/lib/python3.10/site-packages/airflow/example_dags/example_branch_day_of_week_operator.py
[2023-12-21T13:06:44.893-0300] {processor.py:840} INFO - DAG(s) 'example_weekday_branch_operator' retrieved from /home/myc-ti-2/airflow_workspace/airflow_env/lib/python3.10/site-packages/airflow/example_dags/example_branch_day_of_week_operator.py
[2023-12-21T13:06:44.921-0300] {logging_mixin.py:188} INFO - [2023-12-21T13:06:44.921-0300] {dag.py:3033} INFO - Sync 1 DAGs
[2023-12-21T13:06:44.956-0300] {logging_mixin.py:188} INFO - [2023-12-21T13:06:44.956-0300] {dag.py:3820} INFO - Setting next_dagrun for example_weekday_branch_operator to 2023-12-20T00:00:00+00:00, run_after=2023-12-21T00:00:00+00:00
[2023-12-21T13:06:45.121-0300] {processor.py:183} INFO - Processing /home/myc-ti-2/airflow_workspace/airflow_env/lib/python3.10/site-packages/airflow/example_dags/example_branch_day_of_week_operator.py took 0.261 seconds
[2023-12-21T13:07:59.908-0300] {processor.py:161} INFO - Started process (PID=8001) to work on /home/myc-ti-2/airflow_workspace/airflow_env/lib/python3.10/site-packages/airflow/example_dags/example_branch_day_of_week_operator.py
[2023-12-21T13:07:59.909-0300] {processor.py:830} INFO - Processing file /home/myc-ti-2/airflow_workspace/airflow_env/lib/python3.10/site-packages/airflow/example_dags/example_branch_day_of_week_operator.py for tasks to queue
[2023-12-21T13:07:59.910-0300] {logging_mixin.py:188} INFO - [2023-12-21T13:07:59.909-0300] {dagbag.py:538} INFO - Filling up the DagBag from /home/myc-ti-2/airflow_workspace/airflow_env/lib/python3.10/site-packages/airflow/example_dags/example_branch_day_of_week_operator.py
[2023-12-21T13:07:59.920-0300] {processor.py:840} INFO - DAG(s) 'example_weekday_branch_operator' retrieved from /home/myc-ti-2/airflow_workspace/airflow_env/lib/python3.10/site-packages/airflow/example_dags/example_branch_day_of_week_operator.py
[2023-12-21T13:07:59.942-0300] {logging_mixin.py:188} INFO - [2023-12-21T13:07:59.942-0300] {dag.py:3033} INFO - Sync 1 DAGs
[2023-12-21T13:07:59.969-0300] {logging_mixin.py:188} INFO - [2023-12-21T13:07:59.969-0300] {dag.py:3820} INFO - Setting next_dagrun for example_weekday_branch_operator to 2023-12-20T00:00:00+00:00, run_after=2023-12-21T00:00:00+00:00
[2023-12-21T13:08:00.094-0300] {processor.py:183} INFO - Processing /home/myc-ti-2/airflow_workspace/airflow_env/lib/python3.10/site-packages/airflow/example_dags/example_branch_day_of_week_operator.py took 0.190 seconds
[2023-12-21T13:09:03.594-0300] {processor.py:161} INFO - Started process (PID=9205) to work on /home/myc-ti-2/airflow_workspace/airflow_env/lib/python3.10/site-packages/airflow/example_dags/example_branch_day_of_week_operator.py
[2023-12-21T13:09:03.596-0300] {processor.py:830} INFO - Processing file /home/myc-ti-2/airflow_workspace/airflow_env/lib/python3.10/site-packages/airflow/example_dags/example_branch_day_of_week_operator.py for tasks to queue
[2023-12-21T13:09:03.597-0300] {logging_mixin.py:188} INFO - [2023-12-21T13:09:03.597-0300] {dagbag.py:538} INFO - Filling up the DagBag from /home/myc-ti-2/airflow_workspace/airflow_env/lib/python3.10/site-packages/airflow/example_dags/example_branch_day_of_week_operator.py
[2023-12-21T13:09:03.609-0300] {processor.py:840} INFO - DAG(s) 'example_weekday_branch_operator' retrieved from /home/myc-ti-2/airflow_workspace/airflow_env/lib/python3.10/site-packages/airflow/example_dags/example_branch_day_of_week_operator.py
[2023-12-21T13:09:03.636-0300] {logging_mixin.py:188} INFO - [2023-12-21T13:09:03.635-0300] {dag.py:3033} INFO - Sync 1 DAGs
[2023-12-21T13:09:03.664-0300] {logging_mixin.py:188} INFO - [2023-12-21T13:09:03.664-0300] {dag.py:3820} INFO - Setting next_dagrun for example_weekday_branch_operator to 2023-12-20T00:00:00+00:00, run_after=2023-12-21T00:00:00+00:00
[2023-12-21T13:09:03.886-0300] {processor.py:183} INFO - Processing /home/myc-ti-2/airflow_workspace/airflow_env/lib/python3.10/site-packages/airflow/example_dags/example_branch_day_of_week_operator.py took 0.295 seconds
[2023-12-21T13:10:11.378-0300] {processor.py:161} INFO - Started process (PID=9391) to work on /home/myc-ti-2/airflow_workspace/airflow_env/lib/python3.10/site-packages/airflow/example_dags/example_branch_day_of_week_operator.py
[2023-12-21T13:10:11.387-0300] {processor.py:830} INFO - Processing file /home/myc-ti-2/airflow_workspace/airflow_env/lib/python3.10/site-packages/airflow/example_dags/example_branch_day_of_week_operator.py for tasks to queue
[2023-12-21T13:10:11.389-0300] {logging_mixin.py:188} INFO - [2023-12-21T13:10:11.388-0300] {dagbag.py:538} INFO - Filling up the DagBag from /home/myc-ti-2/airflow_workspace/airflow_env/lib/python3.10/site-packages/airflow/example_dags/example_branch_day_of_week_operator.py
[2023-12-21T13:10:11.402-0300] {processor.py:840} INFO - DAG(s) 'example_weekday_branch_operator' retrieved from /home/myc-ti-2/airflow_workspace/airflow_env/lib/python3.10/site-packages/airflow/example_dags/example_branch_day_of_week_operator.py
[2023-12-21T13:10:11.429-0300] {logging_mixin.py:188} INFO - [2023-12-21T13:10:11.429-0300] {dag.py:3033} INFO - Sync 1 DAGs
[2023-12-21T13:10:11.465-0300] {logging_mixin.py:188} INFO - [2023-12-21T13:10:11.465-0300] {dag.py:3820} INFO - Setting next_dagrun for example_weekday_branch_operator to 2023-12-20T00:00:00+00:00, run_after=2023-12-21T00:00:00+00:00
[2023-12-21T13:10:11.678-0300] {processor.py:183} INFO - Processing /home/myc-ti-2/airflow_workspace/airflow_env/lib/python3.10/site-packages/airflow/example_dags/example_branch_day_of_week_operator.py took 0.305 seconds
[2023-12-21T13:11:20.030-0300] {processor.py:161} INFO - Started process (PID=9774) to work on /home/myc-ti-2/airflow_workspace/airflow_env/lib/python3.10/site-packages/airflow/example_dags/example_branch_day_of_week_operator.py
[2023-12-21T13:11:20.032-0300] {processor.py:830} INFO - Processing file /home/myc-ti-2/airflow_workspace/airflow_env/lib/python3.10/site-packages/airflow/example_dags/example_branch_day_of_week_operator.py for tasks to queue
[2023-12-21T13:11:20.034-0300] {logging_mixin.py:188} INFO - [2023-12-21T13:11:20.034-0300] {dagbag.py:538} INFO - Filling up the DagBag from /home/myc-ti-2/airflow_workspace/airflow_env/lib/python3.10/site-packages/airflow/example_dags/example_branch_day_of_week_operator.py
[2023-12-21T13:11:20.054-0300] {processor.py:840} INFO - DAG(s) 'example_weekday_branch_operator' retrieved from /home/myc-ti-2/airflow_workspace/airflow_env/lib/python3.10/site-packages/airflow/example_dags/example_branch_day_of_week_operator.py
[2023-12-21T13:11:20.084-0300] {logging_mixin.py:188} INFO - [2023-12-21T13:11:20.083-0300] {dag.py:3033} INFO - Sync 1 DAGs
[2023-12-21T13:11:20.122-0300] {logging_mixin.py:188} INFO - [2023-12-21T13:11:20.122-0300] {dag.py:3820} INFO - Setting next_dagrun for example_weekday_branch_operator to 2023-12-20T00:00:00+00:00, run_after=2023-12-21T00:00:00+00:00
[2023-12-21T13:11:20.216-0300] {processor.py:183} INFO - Processing /home/myc-ti-2/airflow_workspace/airflow_env/lib/python3.10/site-packages/airflow/example_dags/example_branch_day_of_week_operator.py took 0.193 seconds
[2023-12-21T13:12:21.881-0300] {processor.py:161} INFO - Started process (PID=10075) to work on /home/myc-ti-2/airflow_workspace/airflow_env/lib/python3.10/site-packages/airflow/example_dags/example_branch_day_of_week_operator.py
[2023-12-21T13:12:21.884-0300] {processor.py:830} INFO - Processing file /home/myc-ti-2/airflow_workspace/airflow_env/lib/python3.10/site-packages/airflow/example_dags/example_branch_day_of_week_operator.py for tasks to queue
[2023-12-21T13:12:21.886-0300] {logging_mixin.py:188} INFO - [2023-12-21T13:12:21.885-0300] {dagbag.py:538} INFO - Filling up the DagBag from /home/myc-ti-2/airflow_workspace/airflow_env/lib/python3.10/site-packages/airflow/example_dags/example_branch_day_of_week_operator.py
[2023-12-21T13:12:21.906-0300] {processor.py:840} INFO - DAG(s) 'example_weekday_branch_operator' retrieved from /home/myc-ti-2/airflow_workspace/airflow_env/lib/python3.10/site-packages/airflow/example_dags/example_branch_day_of_week_operator.py
[2023-12-21T13:12:21.935-0300] {logging_mixin.py:188} INFO - [2023-12-21T13:12:21.935-0300] {dag.py:3033} INFO - Sync 1 DAGs
[2023-12-21T13:12:21.972-0300] {logging_mixin.py:188} INFO - [2023-12-21T13:12:21.972-0300] {dag.py:3820} INFO - Setting next_dagrun for example_weekday_branch_operator to 2023-12-20T00:00:00+00:00, run_after=2023-12-21T00:00:00+00:00
[2023-12-21T13:12:22.098-0300] {processor.py:183} INFO - Processing /home/myc-ti-2/airflow_workspace/airflow_env/lib/python3.10/site-packages/airflow/example_dags/example_branch_day_of_week_operator.py took 0.224 seconds
[2023-12-21T13:13:23.893-0300] {processor.py:161} INFO - Started process (PID=10281) to work on /home/myc-ti-2/airflow_workspace/airflow_env/lib/python3.10/site-packages/airflow/example_dags/example_branch_day_of_week_operator.py
[2023-12-21T13:13:23.907-0300] {processor.py:830} INFO - Processing file /home/myc-ti-2/airflow_workspace/airflow_env/lib/python3.10/site-packages/airflow/example_dags/example_branch_day_of_week_operator.py for tasks to queue
[2023-12-21T13:13:23.909-0300] {logging_mixin.py:188} INFO - [2023-12-21T13:13:23.908-0300] {dagbag.py:538} INFO - Filling up the DagBag from /home/myc-ti-2/airflow_workspace/airflow_env/lib/python3.10/site-packages/airflow/example_dags/example_branch_day_of_week_operator.py
[2023-12-21T13:13:23.929-0300] {processor.py:840} INFO - DAG(s) 'example_weekday_branch_operator' retrieved from /home/myc-ti-2/airflow_workspace/airflow_env/lib/python3.10/site-packages/airflow/example_dags/example_branch_day_of_week_operator.py
[2023-12-21T13:13:23.965-0300] {logging_mixin.py:188} INFO - [2023-12-21T13:13:23.965-0300] {dag.py:3033} INFO - Sync 1 DAGs
[2023-12-21T13:13:23.998-0300] {logging_mixin.py:188} INFO - [2023-12-21T13:13:23.998-0300] {dag.py:3820} INFO - Setting next_dagrun for example_weekday_branch_operator to 2023-12-20T00:00:00+00:00, run_after=2023-12-21T00:00:00+00:00
[2023-12-21T13:13:24.094-0300] {processor.py:183} INFO - Processing /home/myc-ti-2/airflow_workspace/airflow_env/lib/python3.10/site-packages/airflow/example_dags/example_branch_day_of_week_operator.py took 0.208 seconds
[2023-12-21T13:14:27.141-0300] {processor.py:161} INFO - Started process (PID=10340) to work on /home/myc-ti-2/airflow_workspace/airflow_env/lib/python3.10/site-packages/airflow/example_dags/example_branch_day_of_week_operator.py
[2023-12-21T13:14:27.146-0300] {processor.py:830} INFO - Processing file /home/myc-ti-2/airflow_workspace/airflow_env/lib/python3.10/site-packages/airflow/example_dags/example_branch_day_of_week_operator.py for tasks to queue
[2023-12-21T13:14:27.148-0300] {logging_mixin.py:188} INFO - [2023-12-21T13:14:27.147-0300] {dagbag.py:538} INFO - Filling up the DagBag from /home/myc-ti-2/airflow_workspace/airflow_env/lib/python3.10/site-packages/airflow/example_dags/example_branch_day_of_week_operator.py
[2023-12-21T13:14:27.168-0300] {processor.py:840} INFO - DAG(s) 'example_weekday_branch_operator' retrieved from /home/myc-ti-2/airflow_workspace/airflow_env/lib/python3.10/site-packages/airflow/example_dags/example_branch_day_of_week_operator.py
[2023-12-21T13:14:27.200-0300] {logging_mixin.py:188} INFO - [2023-12-21T13:14:27.200-0300] {dag.py:3033} INFO - Sync 1 DAGs
[2023-12-21T13:14:27.234-0300] {logging_mixin.py:188} INFO - [2023-12-21T13:14:27.233-0300] {dag.py:3820} INFO - Setting next_dagrun for example_weekday_branch_operator to 2023-12-20T00:00:00+00:00, run_after=2023-12-21T00:00:00+00:00
[2023-12-21T13:14:27.334-0300] {processor.py:183} INFO - Processing /home/myc-ti-2/airflow_workspace/airflow_env/lib/python3.10/site-packages/airflow/example_dags/example_branch_day_of_week_operator.py took 0.200 seconds
