[2023-12-21T12:57:48.067-0300] {processor.py:161} INFO - Started process (PID=7002) to work on /home/myc-ti-2/airflow_workspace/airflow_env/lib/python3.10/site-packages/airflow/example_dags/example_params_ui_tutorial.py
[2023-12-21T12:57:48.069-0300] {processor.py:830} INFO - Processing file /home/myc-ti-2/airflow_workspace/airflow_env/lib/python3.10/site-packages/airflow/example_dags/example_params_ui_tutorial.py for tasks to queue
[2023-12-21T12:57:48.071-0300] {logging_mixin.py:188} INFO - [2023-12-21T12:57:48.070-0300] {dagbag.py:538} INFO - Filling up the DagBag from /home/myc-ti-2/airflow_workspace/airflow_env/lib/python3.10/site-packages/airflow/example_dags/example_params_ui_tutorial.py
[2023-12-21T12:57:48.104-0300] {processor.py:840} INFO - DAG(s) 'example_params_ui_tutorial' retrieved from /home/myc-ti-2/airflow_workspace/airflow_env/lib/python3.10/site-packages/airflow/example_dags/example_params_ui_tutorial.py
[2023-12-21T12:57:48.490-0300] {logging_mixin.py:188} INFO - [2023-12-21T12:57:48.489-0300] {override.py:1769} INFO - Created Permission View: can edit on DAG:example_params_ui_tutorial
[2023-12-21T12:57:48.589-0300] {logging_mixin.py:188} INFO - [2023-12-21T12:57:48.589-0300] {override.py:1769} INFO - Created Permission View: can delete on DAG:example_params_ui_tutorial
[2023-12-21T12:57:48.698-0300] {logging_mixin.py:188} INFO - [2023-12-21T12:57:48.697-0300] {override.py:1769} INFO - Created Permission View: can read on DAG:example_params_ui_tutorial
[2023-12-21T12:57:48.699-0300] {logging_mixin.py:188} INFO - [2023-12-21T12:57:48.698-0300] {dag.py:3033} INFO - Sync 1 DAGs
[2023-12-21T12:57:48.729-0300] {logging_mixin.py:188} INFO - [2023-12-21T12:57:48.729-0300] {dag.py:3055} INFO - Creating ORM DAG for example_params_ui_tutorial
[2023-12-21T12:57:48.730-0300] {logging_mixin.py:188} INFO - [2023-12-21T12:57:48.730-0300] {dag.py:3820} INFO - Setting next_dagrun for example_params_ui_tutorial to None, run_after=None
[2023-12-21T12:57:48.891-0300] {processor.py:183} INFO - Processing /home/myc-ti-2/airflow_workspace/airflow_env/lib/python3.10/site-packages/airflow/example_dags/example_params_ui_tutorial.py took 0.831 seconds
[2023-12-21T12:59:27.711-0300] {processor.py:161} INFO - Started process (PID=7139) to work on /home/myc-ti-2/airflow_workspace/airflow_env/lib/python3.10/site-packages/airflow/example_dags/example_params_ui_tutorial.py
[2023-12-21T12:59:27.713-0300] {processor.py:830} INFO - Processing file /home/myc-ti-2/airflow_workspace/airflow_env/lib/python3.10/site-packages/airflow/example_dags/example_params_ui_tutorial.py for tasks to queue
[2023-12-21T12:59:27.715-0300] {logging_mixin.py:188} INFO - [2023-12-21T12:59:27.714-0300] {dagbag.py:538} INFO - Filling up the DagBag from /home/myc-ti-2/airflow_workspace/airflow_env/lib/python3.10/site-packages/airflow/example_dags/example_params_ui_tutorial.py
[2023-12-21T12:59:27.745-0300] {processor.py:840} INFO - DAG(s) 'example_params_ui_tutorial' retrieved from /home/myc-ti-2/airflow_workspace/airflow_env/lib/python3.10/site-packages/airflow/example_dags/example_params_ui_tutorial.py
[2023-12-21T12:59:27.830-0300] {logging_mixin.py:188} INFO - [2023-12-21T12:59:27.829-0300] {dag.py:3033} INFO - Sync 1 DAGs
[2023-12-21T12:59:27.847-0300] {logging_mixin.py:188} INFO - [2023-12-21T12:59:27.847-0300] {dag.py:3820} INFO - Setting next_dagrun for example_params_ui_tutorial to None, run_after=None
[2023-12-21T12:59:27.970-0300] {processor.py:183} INFO - Processing /home/myc-ti-2/airflow_workspace/airflow_env/lib/python3.10/site-packages/airflow/example_dags/example_params_ui_tutorial.py took 0.266 seconds
[2023-12-21T13:00:25.035-0300] {processor.py:161} INFO - Started process (PID=7197) to work on /home/myc-ti-2/airflow_workspace/airflow_env/lib/python3.10/site-packages/airflow/example_dags/example_params_ui_tutorial.py
[2023-12-21T13:00:25.038-0300] {processor.py:830} INFO - Processing file /home/myc-ti-2/airflow_workspace/airflow_env/lib/python3.10/site-packages/airflow/example_dags/example_params_ui_tutorial.py for tasks to queue
[2023-12-21T13:00:25.040-0300] {logging_mixin.py:188} INFO - [2023-12-21T13:00:25.039-0300] {dagbag.py:538} INFO - Filling up the DagBag from /home/myc-ti-2/airflow_workspace/airflow_env/lib/python3.10/site-packages/airflow/example_dags/example_params_ui_tutorial.py
[2023-12-21T13:00:25.064-0300] {processor.py:840} INFO - DAG(s) 'example_params_ui_tutorial' retrieved from /home/myc-ti-2/airflow_workspace/airflow_env/lib/python3.10/site-packages/airflow/example_dags/example_params_ui_tutorial.py
[2023-12-21T13:00:25.180-0300] {logging_mixin.py:188} INFO - [2023-12-21T13:00:25.179-0300] {dag.py:3033} INFO - Sync 1 DAGs
[2023-12-21T13:00:25.202-0300] {logging_mixin.py:188} INFO - [2023-12-21T13:00:25.201-0300] {dag.py:3820} INFO - Setting next_dagrun for example_params_ui_tutorial to None, run_after=None
[2023-12-21T13:00:25.332-0300] {processor.py:183} INFO - Processing /home/myc-ti-2/airflow_workspace/airflow_env/lib/python3.10/site-packages/airflow/example_dags/example_params_ui_tutorial.py took 0.302 seconds
[2023-12-21T13:01:39.970-0300] {processor.py:161} INFO - Started process (PID=7297) to work on /home/myc-ti-2/airflow_workspace/airflow_env/lib/python3.10/site-packages/airflow/example_dags/example_params_ui_tutorial.py
[2023-12-21T13:01:39.972-0300] {processor.py:830} INFO - Processing file /home/myc-ti-2/airflow_workspace/airflow_env/lib/python3.10/site-packages/airflow/example_dags/example_params_ui_tutorial.py for tasks to queue
[2023-12-21T13:01:39.974-0300] {logging_mixin.py:188} INFO - [2023-12-21T13:01:39.973-0300] {dagbag.py:538} INFO - Filling up the DagBag from /home/myc-ti-2/airflow_workspace/airflow_env/lib/python3.10/site-packages/airflow/example_dags/example_params_ui_tutorial.py
[2023-12-21T13:01:40.000-0300] {processor.py:840} INFO - DAG(s) 'example_params_ui_tutorial' retrieved from /home/myc-ti-2/airflow_workspace/airflow_env/lib/python3.10/site-packages/airflow/example_dags/example_params_ui_tutorial.py
[2023-12-21T13:01:40.091-0300] {logging_mixin.py:188} INFO - [2023-12-21T13:01:40.091-0300] {dag.py:3033} INFO - Sync 1 DAGs
[2023-12-21T13:01:40.112-0300] {logging_mixin.py:188} INFO - [2023-12-21T13:01:40.111-0300] {dag.py:3820} INFO - Setting next_dagrun for example_params_ui_tutorial to None, run_after=None
[2023-12-21T13:01:40.214-0300] {processor.py:183} INFO - Processing /home/myc-ti-2/airflow_workspace/airflow_env/lib/python3.10/site-packages/airflow/example_dags/example_params_ui_tutorial.py took 0.250 seconds
[2023-12-21T13:02:49.911-0300] {processor.py:161} INFO - Started process (PID=7378) to work on /home/myc-ti-2/airflow_workspace/airflow_env/lib/python3.10/site-packages/airflow/example_dags/example_params_ui_tutorial.py
[2023-12-21T13:02:49.913-0300] {processor.py:830} INFO - Processing file /home/myc-ti-2/airflow_workspace/airflow_env/lib/python3.10/site-packages/airflow/example_dags/example_params_ui_tutorial.py for tasks to queue
[2023-12-21T13:02:49.915-0300] {logging_mixin.py:188} INFO - [2023-12-21T13:02:49.914-0300] {dagbag.py:538} INFO - Filling up the DagBag from /home/myc-ti-2/airflow_workspace/airflow_env/lib/python3.10/site-packages/airflow/example_dags/example_params_ui_tutorial.py
[2023-12-21T13:02:49.944-0300] {processor.py:840} INFO - DAG(s) 'example_params_ui_tutorial' retrieved from /home/myc-ti-2/airflow_workspace/airflow_env/lib/python3.10/site-packages/airflow/example_dags/example_params_ui_tutorial.py
[2023-12-21T13:02:50.028-0300] {logging_mixin.py:188} INFO - [2023-12-21T13:02:50.028-0300] {dag.py:3033} INFO - Sync 1 DAGs
[2023-12-21T13:02:50.045-0300] {logging_mixin.py:188} INFO - [2023-12-21T13:02:50.045-0300] {dag.py:3820} INFO - Setting next_dagrun for example_params_ui_tutorial to None, run_after=None
[2023-12-21T13:02:50.153-0300] {processor.py:183} INFO - Processing /home/myc-ti-2/airflow_workspace/airflow_env/lib/python3.10/site-packages/airflow/example_dags/example_params_ui_tutorial.py took 0.249 seconds
[2023-12-21T13:03:48.825-0300] {processor.py:161} INFO - Started process (PID=7440) to work on /home/myc-ti-2/airflow_workspace/airflow_env/lib/python3.10/site-packages/airflow/example_dags/example_params_ui_tutorial.py
[2023-12-21T13:03:48.828-0300] {processor.py:830} INFO - Processing file /home/myc-ti-2/airflow_workspace/airflow_env/lib/python3.10/site-packages/airflow/example_dags/example_params_ui_tutorial.py for tasks to queue
[2023-12-21T13:03:48.830-0300] {logging_mixin.py:188} INFO - [2023-12-21T13:03:48.829-0300] {dagbag.py:538} INFO - Filling up the DagBag from /home/myc-ti-2/airflow_workspace/airflow_env/lib/python3.10/site-packages/airflow/example_dags/example_params_ui_tutorial.py
[2023-12-21T13:03:48.860-0300] {processor.py:840} INFO - DAG(s) 'example_params_ui_tutorial' retrieved from /home/myc-ti-2/airflow_workspace/airflow_env/lib/python3.10/site-packages/airflow/example_dags/example_params_ui_tutorial.py
[2023-12-21T13:03:48.943-0300] {logging_mixin.py:188} INFO - [2023-12-21T13:03:48.943-0300] {dag.py:3033} INFO - Sync 1 DAGs
[2023-12-21T13:03:48.961-0300] {logging_mixin.py:188} INFO - [2023-12-21T13:03:48.960-0300] {dag.py:3820} INFO - Setting next_dagrun for example_params_ui_tutorial to None, run_after=None
[2023-12-21T13:03:49.076-0300] {processor.py:183} INFO - Processing /home/myc-ti-2/airflow_workspace/airflow_env/lib/python3.10/site-packages/airflow/example_dags/example_params_ui_tutorial.py took 0.257 seconds
[2023-12-21T13:04:46.892-0300] {processor.py:161} INFO - Started process (PID=7496) to work on /home/myc-ti-2/airflow_workspace/airflow_env/lib/python3.10/site-packages/airflow/example_dags/example_params_ui_tutorial.py
[2023-12-21T13:04:46.904-0300] {processor.py:830} INFO - Processing file /home/myc-ti-2/airflow_workspace/airflow_env/lib/python3.10/site-packages/airflow/example_dags/example_params_ui_tutorial.py for tasks to queue
[2023-12-21T13:04:46.906-0300] {logging_mixin.py:188} INFO - [2023-12-21T13:04:46.905-0300] {dagbag.py:538} INFO - Filling up the DagBag from /home/myc-ti-2/airflow_workspace/airflow_env/lib/python3.10/site-packages/airflow/example_dags/example_params_ui_tutorial.py
[2023-12-21T13:04:46.937-0300] {processor.py:840} INFO - DAG(s) 'example_params_ui_tutorial' retrieved from /home/myc-ti-2/airflow_workspace/airflow_env/lib/python3.10/site-packages/airflow/example_dags/example_params_ui_tutorial.py
[2023-12-21T13:04:47.026-0300] {logging_mixin.py:188} INFO - [2023-12-21T13:04:47.025-0300] {dag.py:3033} INFO - Sync 1 DAGs
[2023-12-21T13:04:47.043-0300] {logging_mixin.py:188} INFO - [2023-12-21T13:04:47.043-0300] {dag.py:3820} INFO - Setting next_dagrun for example_params_ui_tutorial to None, run_after=None
[2023-12-21T13:04:47.149-0300] {processor.py:183} INFO - Processing /home/myc-ti-2/airflow_workspace/airflow_env/lib/python3.10/site-packages/airflow/example_dags/example_params_ui_tutorial.py took 0.264 seconds
[2023-12-21T13:05:58.896-0300] {processor.py:161} INFO - Started process (PID=7567) to work on /home/myc-ti-2/airflow_workspace/airflow_env/lib/python3.10/site-packages/airflow/example_dags/example_params_ui_tutorial.py
[2023-12-21T13:05:58.898-0300] {processor.py:830} INFO - Processing file /home/myc-ti-2/airflow_workspace/airflow_env/lib/python3.10/site-packages/airflow/example_dags/example_params_ui_tutorial.py for tasks to queue
[2023-12-21T13:05:58.899-0300] {logging_mixin.py:188} INFO - [2023-12-21T13:05:58.899-0300] {dagbag.py:538} INFO - Filling up the DagBag from /home/myc-ti-2/airflow_workspace/airflow_env/lib/python3.10/site-packages/airflow/example_dags/example_params_ui_tutorial.py
[2023-12-21T13:05:58.918-0300] {processor.py:840} INFO - DAG(s) 'example_params_ui_tutorial' retrieved from /home/myc-ti-2/airflow_workspace/airflow_env/lib/python3.10/site-packages/airflow/example_dags/example_params_ui_tutorial.py
[2023-12-21T13:05:58.985-0300] {logging_mixin.py:188} INFO - [2023-12-21T13:05:58.985-0300] {dag.py:3033} INFO - Sync 1 DAGs
[2023-12-21T13:05:59.000-0300] {logging_mixin.py:188} INFO - [2023-12-21T13:05:59.000-0300] {dag.py:3820} INFO - Setting next_dagrun for example_params_ui_tutorial to None, run_after=None
[2023-12-21T13:05:59.093-0300] {processor.py:183} INFO - Processing /home/myc-ti-2/airflow_workspace/airflow_env/lib/python3.10/site-packages/airflow/example_dags/example_params_ui_tutorial.py took 0.204 seconds
[2023-12-21T13:07:10.182-0300] {processor.py:161} INFO - Started process (PID=7719) to work on /home/myc-ti-2/airflow_workspace/airflow_env/lib/python3.10/site-packages/airflow/example_dags/example_params_ui_tutorial.py
[2023-12-21T13:07:10.184-0300] {processor.py:830} INFO - Processing file /home/myc-ti-2/airflow_workspace/airflow_env/lib/python3.10/site-packages/airflow/example_dags/example_params_ui_tutorial.py for tasks to queue
[2023-12-21T13:07:10.187-0300] {logging_mixin.py:188} INFO - [2023-12-21T13:07:10.186-0300] {dagbag.py:538} INFO - Filling up the DagBag from /home/myc-ti-2/airflow_workspace/airflow_env/lib/python3.10/site-packages/airflow/example_dags/example_params_ui_tutorial.py
[2023-12-21T13:07:10.217-0300] {processor.py:840} INFO - DAG(s) 'example_params_ui_tutorial' retrieved from /home/myc-ti-2/airflow_workspace/airflow_env/lib/python3.10/site-packages/airflow/example_dags/example_params_ui_tutorial.py
[2023-12-21T13:07:10.308-0300] {logging_mixin.py:188} INFO - [2023-12-21T13:07:10.308-0300] {dag.py:3033} INFO - Sync 1 DAGs
[2023-12-21T13:07:10.327-0300] {logging_mixin.py:188} INFO - [2023-12-21T13:07:10.327-0300] {dag.py:3820} INFO - Setting next_dagrun for example_params_ui_tutorial to None, run_after=None
[2023-12-21T13:07:10.435-0300] {processor.py:183} INFO - Processing /home/myc-ti-2/airflow_workspace/airflow_env/lib/python3.10/site-packages/airflow/example_dags/example_params_ui_tutorial.py took 0.260 seconds
[2023-12-21T13:08:26.608-0300] {processor.py:161} INFO - Started process (PID=8588) to work on /home/myc-ti-2/airflow_workspace/airflow_env/lib/python3.10/site-packages/airflow/example_dags/example_params_ui_tutorial.py
[2023-12-21T13:08:26.610-0300] {processor.py:830} INFO - Processing file /home/myc-ti-2/airflow_workspace/airflow_env/lib/python3.10/site-packages/airflow/example_dags/example_params_ui_tutorial.py for tasks to queue
[2023-12-21T13:08:26.612-0300] {logging_mixin.py:188} INFO - [2023-12-21T13:08:26.611-0300] {dagbag.py:538} INFO - Filling up the DagBag from /home/myc-ti-2/airflow_workspace/airflow_env/lib/python3.10/site-packages/airflow/example_dags/example_params_ui_tutorial.py
[2023-12-21T13:08:26.634-0300] {processor.py:840} INFO - DAG(s) 'example_params_ui_tutorial' retrieved from /home/myc-ti-2/airflow_workspace/airflow_env/lib/python3.10/site-packages/airflow/example_dags/example_params_ui_tutorial.py
[2023-12-21T13:08:26.695-0300] {logging_mixin.py:188} INFO - [2023-12-21T13:08:26.695-0300] {dag.py:3033} INFO - Sync 1 DAGs
[2023-12-21T13:08:26.710-0300] {logging_mixin.py:188} INFO - [2023-12-21T13:08:26.710-0300] {dag.py:3820} INFO - Setting next_dagrun for example_params_ui_tutorial to None, run_after=None
[2023-12-21T13:08:26.828-0300] {processor.py:183} INFO - Processing /home/myc-ti-2/airflow_workspace/airflow_env/lib/python3.10/site-packages/airflow/example_dags/example_params_ui_tutorial.py took 0.227 seconds
[2023-12-21T13:09:29.314-0300] {processor.py:161} INFO - Started process (PID=9249) to work on /home/myc-ti-2/airflow_workspace/airflow_env/lib/python3.10/site-packages/airflow/example_dags/example_params_ui_tutorial.py
[2023-12-21T13:09:29.325-0300] {processor.py:830} INFO - Processing file /home/myc-ti-2/airflow_workspace/airflow_env/lib/python3.10/site-packages/airflow/example_dags/example_params_ui_tutorial.py for tasks to queue
[2023-12-21T13:09:29.328-0300] {logging_mixin.py:188} INFO - [2023-12-21T13:09:29.327-0300] {dagbag.py:538} INFO - Filling up the DagBag from /home/myc-ti-2/airflow_workspace/airflow_env/lib/python3.10/site-packages/airflow/example_dags/example_params_ui_tutorial.py
[2023-12-21T13:09:29.360-0300] {processor.py:840} INFO - DAG(s) 'example_params_ui_tutorial' retrieved from /home/myc-ti-2/airflow_workspace/airflow_env/lib/python3.10/site-packages/airflow/example_dags/example_params_ui_tutorial.py
[2023-12-21T13:09:29.429-0300] {logging_mixin.py:188} INFO - [2023-12-21T13:09:29.429-0300] {dag.py:3033} INFO - Sync 1 DAGs
[2023-12-21T13:09:29.443-0300] {logging_mixin.py:188} INFO - [2023-12-21T13:09:29.443-0300] {dag.py:3820} INFO - Setting next_dagrun for example_params_ui_tutorial to None, run_after=None
[2023-12-21T13:09:29.659-0300] {processor.py:183} INFO - Processing /home/myc-ti-2/airflow_workspace/airflow_env/lib/python3.10/site-packages/airflow/example_dags/example_params_ui_tutorial.py took 0.352 seconds
[2023-12-21T13:10:39.767-0300] {processor.py:161} INFO - Started process (PID=9442) to work on /home/myc-ti-2/airflow_workspace/airflow_env/lib/python3.10/site-packages/airflow/example_dags/example_params_ui_tutorial.py
[2023-12-21T13:10:39.786-0300] {processor.py:830} INFO - Processing file /home/myc-ti-2/airflow_workspace/airflow_env/lib/python3.10/site-packages/airflow/example_dags/example_params_ui_tutorial.py for tasks to queue
[2023-12-21T13:10:39.788-0300] {logging_mixin.py:188} INFO - [2023-12-21T13:10:39.787-0300] {dagbag.py:538} INFO - Filling up the DagBag from /home/myc-ti-2/airflow_workspace/airflow_env/lib/python3.10/site-packages/airflow/example_dags/example_params_ui_tutorial.py
[2023-12-21T13:10:39.820-0300] {processor.py:840} INFO - DAG(s) 'example_params_ui_tutorial' retrieved from /home/myc-ti-2/airflow_workspace/airflow_env/lib/python3.10/site-packages/airflow/example_dags/example_params_ui_tutorial.py
[2023-12-21T13:10:39.919-0300] {logging_mixin.py:188} INFO - [2023-12-21T13:10:39.918-0300] {dag.py:3033} INFO - Sync 1 DAGs
[2023-12-21T13:10:39.938-0300] {logging_mixin.py:188} INFO - [2023-12-21T13:10:39.938-0300] {dag.py:3820} INFO - Setting next_dagrun for example_params_ui_tutorial to None, run_after=None
[2023-12-21T13:10:40.176-0300] {processor.py:183} INFO - Processing /home/myc-ti-2/airflow_workspace/airflow_env/lib/python3.10/site-packages/airflow/example_dags/example_params_ui_tutorial.py took 0.416 seconds
[2023-12-21T13:11:45.917-0300] {processor.py:161} INFO - Started process (PID=10025) to work on /home/myc-ti-2/airflow_workspace/airflow_env/lib/python3.10/site-packages/airflow/example_dags/example_params_ui_tutorial.py
[2023-12-21T13:11:45.938-0300] {processor.py:830} INFO - Processing file /home/myc-ti-2/airflow_workspace/airflow_env/lib/python3.10/site-packages/airflow/example_dags/example_params_ui_tutorial.py for tasks to queue
[2023-12-21T13:11:45.939-0300] {logging_mixin.py:188} INFO - [2023-12-21T13:11:45.939-0300] {dagbag.py:538} INFO - Filling up the DagBag from /home/myc-ti-2/airflow_workspace/airflow_env/lib/python3.10/site-packages/airflow/example_dags/example_params_ui_tutorial.py
[2023-12-21T13:11:45.966-0300] {processor.py:840} INFO - DAG(s) 'example_params_ui_tutorial' retrieved from /home/myc-ti-2/airflow_workspace/airflow_env/lib/python3.10/site-packages/airflow/example_dags/example_params_ui_tutorial.py
[2023-12-21T13:11:46.061-0300] {logging_mixin.py:188} INFO - [2023-12-21T13:11:46.061-0300] {dag.py:3033} INFO - Sync 1 DAGs
[2023-12-21T13:11:46.081-0300] {logging_mixin.py:188} INFO - [2023-12-21T13:11:46.081-0300] {dag.py:3820} INFO - Setting next_dagrun for example_params_ui_tutorial to None, run_after=None
[2023-12-21T13:11:46.219-0300] {processor.py:183} INFO - Processing /home/myc-ti-2/airflow_workspace/airflow_env/lib/python3.10/site-packages/airflow/example_dags/example_params_ui_tutorial.py took 0.307 seconds
[2023-12-21T13:12:46.836-0300] {processor.py:161} INFO - Started process (PID=10108) to work on /home/myc-ti-2/airflow_workspace/airflow_env/lib/python3.10/site-packages/airflow/example_dags/example_params_ui_tutorial.py
[2023-12-21T13:12:46.839-0300] {processor.py:830} INFO - Processing file /home/myc-ti-2/airflow_workspace/airflow_env/lib/python3.10/site-packages/airflow/example_dags/example_params_ui_tutorial.py for tasks to queue
[2023-12-21T13:12:46.841-0300] {logging_mixin.py:188} INFO - [2023-12-21T13:12:46.840-0300] {dagbag.py:538} INFO - Filling up the DagBag from /home/myc-ti-2/airflow_workspace/airflow_env/lib/python3.10/site-packages/airflow/example_dags/example_params_ui_tutorial.py
[2023-12-21T13:12:46.871-0300] {processor.py:840} INFO - DAG(s) 'example_params_ui_tutorial' retrieved from /home/myc-ti-2/airflow_workspace/airflow_env/lib/python3.10/site-packages/airflow/example_dags/example_params_ui_tutorial.py
[2023-12-21T13:12:46.955-0300] {logging_mixin.py:188} INFO - [2023-12-21T13:12:46.954-0300] {dag.py:3033} INFO - Sync 1 DAGs
[2023-12-21T13:12:46.972-0300] {logging_mixin.py:188} INFO - [2023-12-21T13:12:46.972-0300] {dag.py:3820} INFO - Setting next_dagrun for example_params_ui_tutorial to None, run_after=None
[2023-12-21T13:12:47.061-0300] {processor.py:183} INFO - Processing /home/myc-ti-2/airflow_workspace/airflow_env/lib/python3.10/site-packages/airflow/example_dags/example_params_ui_tutorial.py took 0.231 seconds
[2023-12-21T13:13:50.154-0300] {processor.py:161} INFO - Started process (PID=10304) to work on /home/myc-ti-2/airflow_workspace/airflow_env/lib/python3.10/site-packages/airflow/example_dags/example_params_ui_tutorial.py
[2023-12-21T13:13:50.156-0300] {processor.py:830} INFO - Processing file /home/myc-ti-2/airflow_workspace/airflow_env/lib/python3.10/site-packages/airflow/example_dags/example_params_ui_tutorial.py for tasks to queue
[2023-12-21T13:13:50.158-0300] {logging_mixin.py:188} INFO - [2023-12-21T13:13:50.157-0300] {dagbag.py:538} INFO - Filling up the DagBag from /home/myc-ti-2/airflow_workspace/airflow_env/lib/python3.10/site-packages/airflow/example_dags/example_params_ui_tutorial.py
[2023-12-21T13:13:50.188-0300] {processor.py:840} INFO - DAG(s) 'example_params_ui_tutorial' retrieved from /home/myc-ti-2/airflow_workspace/airflow_env/lib/python3.10/site-packages/airflow/example_dags/example_params_ui_tutorial.py
[2023-12-21T13:13:50.272-0300] {logging_mixin.py:188} INFO - [2023-12-21T13:13:50.272-0300] {dag.py:3033} INFO - Sync 1 DAGs
[2023-12-21T13:13:50.289-0300] {logging_mixin.py:188} INFO - [2023-12-21T13:13:50.289-0300] {dag.py:3820} INFO - Setting next_dagrun for example_params_ui_tutorial to None, run_after=None
[2023-12-21T13:13:50.400-0300] {processor.py:183} INFO - Processing /home/myc-ti-2/airflow_workspace/airflow_env/lib/python3.10/site-packages/airflow/example_dags/example_params_ui_tutorial.py took 0.253 seconds
[2023-12-21T13:14:54.673-0300] {processor.py:161} INFO - Started process (PID=10439) to work on /home/myc-ti-2/airflow_workspace/airflow_env/lib/python3.10/site-packages/airflow/example_dags/example_params_ui_tutorial.py
[2023-12-21T13:14:54.675-0300] {processor.py:830} INFO - Processing file /home/myc-ti-2/airflow_workspace/airflow_env/lib/python3.10/site-packages/airflow/example_dags/example_params_ui_tutorial.py for tasks to queue
[2023-12-21T13:14:54.676-0300] {logging_mixin.py:188} INFO - [2023-12-21T13:14:54.675-0300] {dagbag.py:538} INFO - Filling up the DagBag from /home/myc-ti-2/airflow_workspace/airflow_env/lib/python3.10/site-packages/airflow/example_dags/example_params_ui_tutorial.py
[2023-12-21T13:14:54.698-0300] {processor.py:840} INFO - DAG(s) 'example_params_ui_tutorial' retrieved from /home/myc-ti-2/airflow_workspace/airflow_env/lib/python3.10/site-packages/airflow/example_dags/example_params_ui_tutorial.py
[2023-12-21T13:14:54.787-0300] {logging_mixin.py:188} INFO - [2023-12-21T13:14:54.787-0300] {dag.py:3033} INFO - Sync 1 DAGs
[2023-12-21T13:14:54.809-0300] {logging_mixin.py:188} INFO - [2023-12-21T13:14:54.808-0300] {dag.py:3820} INFO - Setting next_dagrun for example_params_ui_tutorial to None, run_after=None
[2023-12-21T13:14:54.899-0300] {processor.py:183} INFO - Processing /home/myc-ti-2/airflow_workspace/airflow_env/lib/python3.10/site-packages/airflow/example_dags/example_params_ui_tutorial.py took 0.231 seconds
