[2023-12-21T12:57:55.133-0300] {processor.py:161} INFO - Started process (PID=7018) to work on /home/myc-ti-2/airflow_workspace/airflow_env/lib/python3.10/site-packages/airflow/example_dags/example_sensors.py
[2023-12-21T12:57:55.134-0300] {processor.py:830} INFO - Processing file /home/myc-ti-2/airflow_workspace/airflow_env/lib/python3.10/site-packages/airflow/example_dags/example_sensors.py for tasks to queue
[2023-12-21T12:57:55.136-0300] {logging_mixin.py:188} INFO - [2023-12-21T12:57:55.135-0300] {dagbag.py:538} INFO - Filling up the DagBag from /home/myc-ti-2/airflow_workspace/airflow_env/lib/python3.10/site-packages/airflow/example_dags/example_sensors.py
[2023-12-21T12:57:55.149-0300] {processor.py:840} INFO - DAG(s) 'example_sensors' retrieved from /home/myc-ti-2/airflow_workspace/airflow_env/lib/python3.10/site-packages/airflow/example_dags/example_sensors.py
[2023-12-21T12:57:55.473-0300] {logging_mixin.py:188} INFO - [2023-12-21T12:57:55.472-0300] {override.py:1769} INFO - Created Permission View: can edit on DAG:example_sensors
[2023-12-21T12:57:55.597-0300] {logging_mixin.py:188} INFO - [2023-12-21T12:57:55.596-0300] {override.py:1769} INFO - Created Permission View: can delete on DAG:example_sensors
[2023-12-21T12:57:55.697-0300] {logging_mixin.py:188} INFO - [2023-12-21T12:57:55.696-0300] {override.py:1769} INFO - Created Permission View: can read on DAG:example_sensors
[2023-12-21T12:57:55.697-0300] {logging_mixin.py:188} INFO - [2023-12-21T12:57:55.697-0300] {dag.py:3033} INFO - Sync 1 DAGs
[2023-12-21T12:57:55.716-0300] {logging_mixin.py:188} INFO - [2023-12-21T12:57:55.716-0300] {dag.py:3055} INFO - Creating ORM DAG for example_sensors
[2023-12-21T12:57:55.717-0300] {logging_mixin.py:188} INFO - [2023-12-21T12:57:55.717-0300] {dag.py:3820} INFO - Setting next_dagrun for example_sensors to None, run_after=None
[2023-12-21T12:57:55.873-0300] {processor.py:183} INFO - Processing /home/myc-ti-2/airflow_workspace/airflow_env/lib/python3.10/site-packages/airflow/example_dags/example_sensors.py took 0.744 seconds
[2023-12-21T12:59:32.517-0300] {processor.py:161} INFO - Started process (PID=7143) to work on /home/myc-ti-2/airflow_workspace/airflow_env/lib/python3.10/site-packages/airflow/example_dags/example_sensors.py
[2023-12-21T12:59:32.519-0300] {processor.py:830} INFO - Processing file /home/myc-ti-2/airflow_workspace/airflow_env/lib/python3.10/site-packages/airflow/example_dags/example_sensors.py for tasks to queue
[2023-12-21T12:59:32.521-0300] {logging_mixin.py:188} INFO - [2023-12-21T12:59:32.520-0300] {dagbag.py:538} INFO - Filling up the DagBag from /home/myc-ti-2/airflow_workspace/airflow_env/lib/python3.10/site-packages/airflow/example_dags/example_sensors.py
[2023-12-21T12:59:32.547-0300] {processor.py:840} INFO - DAG(s) 'example_sensors' retrieved from /home/myc-ti-2/airflow_workspace/airflow_env/lib/python3.10/site-packages/airflow/example_dags/example_sensors.py
[2023-12-21T12:59:32.581-0300] {logging_mixin.py:188} INFO - [2023-12-21T12:59:32.581-0300] {dag.py:3033} INFO - Sync 1 DAGs
[2023-12-21T12:59:32.598-0300] {logging_mixin.py:188} INFO - [2023-12-21T12:59:32.598-0300] {dag.py:3820} INFO - Setting next_dagrun for example_sensors to None, run_after=None
[2023-12-21T12:59:32.702-0300] {processor.py:183} INFO - Processing /home/myc-ti-2/airflow_workspace/airflow_env/lib/python3.10/site-packages/airflow/example_dags/example_sensors.py took 0.191 seconds
[2023-12-21T13:00:32.599-0300] {processor.py:161} INFO - Started process (PID=7208) to work on /home/myc-ti-2/airflow_workspace/airflow_env/lib/python3.10/site-packages/airflow/example_dags/example_sensors.py
[2023-12-21T13:00:32.600-0300] {processor.py:830} INFO - Processing file /home/myc-ti-2/airflow_workspace/airflow_env/lib/python3.10/site-packages/airflow/example_dags/example_sensors.py for tasks to queue
[2023-12-21T13:00:32.602-0300] {logging_mixin.py:188} INFO - [2023-12-21T13:00:32.601-0300] {dagbag.py:538} INFO - Filling up the DagBag from /home/myc-ti-2/airflow_workspace/airflow_env/lib/python3.10/site-packages/airflow/example_dags/example_sensors.py
[2023-12-21T13:00:32.618-0300] {processor.py:840} INFO - DAG(s) 'example_sensors' retrieved from /home/myc-ti-2/airflow_workspace/airflow_env/lib/python3.10/site-packages/airflow/example_dags/example_sensors.py
[2023-12-21T13:00:32.652-0300] {logging_mixin.py:188} INFO - [2023-12-21T13:00:32.652-0300] {dag.py:3033} INFO - Sync 1 DAGs
[2023-12-21T13:00:32.671-0300] {logging_mixin.py:188} INFO - [2023-12-21T13:00:32.671-0300] {dag.py:3820} INFO - Setting next_dagrun for example_sensors to None, run_after=None
[2023-12-21T13:00:32.794-0300] {processor.py:183} INFO - Processing /home/myc-ti-2/airflow_workspace/airflow_env/lib/python3.10/site-packages/airflow/example_dags/example_sensors.py took 0.199 seconds
[2023-12-21T13:01:44.734-0300] {processor.py:161} INFO - Started process (PID=7303) to work on /home/myc-ti-2/airflow_workspace/airflow_env/lib/python3.10/site-packages/airflow/example_dags/example_sensors.py
[2023-12-21T13:01:44.736-0300] {processor.py:830} INFO - Processing file /home/myc-ti-2/airflow_workspace/airflow_env/lib/python3.10/site-packages/airflow/example_dags/example_sensors.py for tasks to queue
[2023-12-21T13:01:44.738-0300] {logging_mixin.py:188} INFO - [2023-12-21T13:01:44.737-0300] {dagbag.py:538} INFO - Filling up the DagBag from /home/myc-ti-2/airflow_workspace/airflow_env/lib/python3.10/site-packages/airflow/example_dags/example_sensors.py
[2023-12-21T13:01:44.755-0300] {processor.py:840} INFO - DAG(s) 'example_sensors' retrieved from /home/myc-ti-2/airflow_workspace/airflow_env/lib/python3.10/site-packages/airflow/example_dags/example_sensors.py
[2023-12-21T13:01:44.793-0300] {logging_mixin.py:188} INFO - [2023-12-21T13:01:44.792-0300] {dag.py:3033} INFO - Sync 1 DAGs
[2023-12-21T13:01:44.814-0300] {logging_mixin.py:188} INFO - [2023-12-21T13:01:44.814-0300] {dag.py:3820} INFO - Setting next_dagrun for example_sensors to None, run_after=None
[2023-12-21T13:01:44.955-0300] {processor.py:183} INFO - Processing /home/myc-ti-2/airflow_workspace/airflow_env/lib/python3.10/site-packages/airflow/example_dags/example_sensors.py took 0.226 seconds
[2023-12-21T13:02:55.211-0300] {processor.py:161} INFO - Started process (PID=7382) to work on /home/myc-ti-2/airflow_workspace/airflow_env/lib/python3.10/site-packages/airflow/example_dags/example_sensors.py
[2023-12-21T13:02:55.213-0300] {processor.py:830} INFO - Processing file /home/myc-ti-2/airflow_workspace/airflow_env/lib/python3.10/site-packages/airflow/example_dags/example_sensors.py for tasks to queue
[2023-12-21T13:02:55.215-0300] {logging_mixin.py:188} INFO - [2023-12-21T13:02:55.214-0300] {dagbag.py:538} INFO - Filling up the DagBag from /home/myc-ti-2/airflow_workspace/airflow_env/lib/python3.10/site-packages/airflow/example_dags/example_sensors.py
[2023-12-21T13:02:55.240-0300] {processor.py:840} INFO - DAG(s) 'example_sensors' retrieved from /home/myc-ti-2/airflow_workspace/airflow_env/lib/python3.10/site-packages/airflow/example_dags/example_sensors.py
[2023-12-21T13:02:55.276-0300] {logging_mixin.py:188} INFO - [2023-12-21T13:02:55.276-0300] {dag.py:3033} INFO - Sync 1 DAGs
[2023-12-21T13:02:55.293-0300] {logging_mixin.py:188} INFO - [2023-12-21T13:02:55.293-0300] {dag.py:3820} INFO - Setting next_dagrun for example_sensors to None, run_after=None
[2023-12-21T13:02:55.394-0300] {processor.py:183} INFO - Processing /home/myc-ti-2/airflow_workspace/airflow_env/lib/python3.10/site-packages/airflow/example_dags/example_sensors.py took 0.190 seconds
[2023-12-21T13:03:53.425-0300] {processor.py:161} INFO - Started process (PID=7445) to work on /home/myc-ti-2/airflow_workspace/airflow_env/lib/python3.10/site-packages/airflow/example_dags/example_sensors.py
[2023-12-21T13:03:53.443-0300] {processor.py:830} INFO - Processing file /home/myc-ti-2/airflow_workspace/airflow_env/lib/python3.10/site-packages/airflow/example_dags/example_sensors.py for tasks to queue
[2023-12-21T13:03:53.445-0300] {logging_mixin.py:188} INFO - [2023-12-21T13:03:53.445-0300] {dagbag.py:538} INFO - Filling up the DagBag from /home/myc-ti-2/airflow_workspace/airflow_env/lib/python3.10/site-packages/airflow/example_dags/example_sensors.py
[2023-12-21T13:03:53.471-0300] {processor.py:840} INFO - DAG(s) 'example_sensors' retrieved from /home/myc-ti-2/airflow_workspace/airflow_env/lib/python3.10/site-packages/airflow/example_dags/example_sensors.py
[2023-12-21T13:03:53.512-0300] {logging_mixin.py:188} INFO - [2023-12-21T13:03:53.512-0300] {dag.py:3033} INFO - Sync 1 DAGs
[2023-12-21T13:03:53.530-0300] {logging_mixin.py:188} INFO - [2023-12-21T13:03:53.530-0300] {dag.py:3820} INFO - Setting next_dagrun for example_sensors to None, run_after=None
[2023-12-21T13:03:53.643-0300] {processor.py:183} INFO - Processing /home/myc-ti-2/airflow_workspace/airflow_env/lib/python3.10/site-packages/airflow/example_dags/example_sensors.py took 0.225 seconds
[2023-12-21T13:04:51.111-0300] {processor.py:161} INFO - Started process (PID=7500) to work on /home/myc-ti-2/airflow_workspace/airflow_env/lib/python3.10/site-packages/airflow/example_dags/example_sensors.py
[2023-12-21T13:04:51.120-0300] {processor.py:830} INFO - Processing file /home/myc-ti-2/airflow_workspace/airflow_env/lib/python3.10/site-packages/airflow/example_dags/example_sensors.py for tasks to queue
[2023-12-21T13:04:51.122-0300] {logging_mixin.py:188} INFO - [2023-12-21T13:04:51.121-0300] {dagbag.py:538} INFO - Filling up the DagBag from /home/myc-ti-2/airflow_workspace/airflow_env/lib/python3.10/site-packages/airflow/example_dags/example_sensors.py
[2023-12-21T13:04:51.145-0300] {processor.py:840} INFO - DAG(s) 'example_sensors' retrieved from /home/myc-ti-2/airflow_workspace/airflow_env/lib/python3.10/site-packages/airflow/example_dags/example_sensors.py
[2023-12-21T13:04:51.184-0300] {logging_mixin.py:188} INFO - [2023-12-21T13:04:51.183-0300] {dag.py:3033} INFO - Sync 1 DAGs
[2023-12-21T13:04:51.202-0300] {logging_mixin.py:188} INFO - [2023-12-21T13:04:51.202-0300] {dag.py:3820} INFO - Setting next_dagrun for example_sensors to None, run_after=None
[2023-12-21T13:04:51.299-0300] {processor.py:183} INFO - Processing /home/myc-ti-2/airflow_workspace/airflow_env/lib/python3.10/site-packages/airflow/example_dags/example_sensors.py took 0.195 seconds
[2023-12-21T13:06:04.520-0300] {processor.py:161} INFO - Started process (PID=7573) to work on /home/myc-ti-2/airflow_workspace/airflow_env/lib/python3.10/site-packages/airflow/example_dags/example_sensors.py
[2023-12-21T13:06:04.548-0300] {processor.py:830} INFO - Processing file /home/myc-ti-2/airflow_workspace/airflow_env/lib/python3.10/site-packages/airflow/example_dags/example_sensors.py for tasks to queue
[2023-12-21T13:06:04.549-0300] {logging_mixin.py:188} INFO - [2023-12-21T13:06:04.549-0300] {dagbag.py:538} INFO - Filling up the DagBag from /home/myc-ti-2/airflow_workspace/airflow_env/lib/python3.10/site-packages/airflow/example_dags/example_sensors.py
[2023-12-21T13:06:04.571-0300] {processor.py:840} INFO - DAG(s) 'example_sensors' retrieved from /home/myc-ti-2/airflow_workspace/airflow_env/lib/python3.10/site-packages/airflow/example_dags/example_sensors.py
[2023-12-21T13:06:04.806-0300] {logging_mixin.py:188} INFO - [2023-12-21T13:06:04.806-0300] {dag.py:3033} INFO - Sync 1 DAGs
[2023-12-21T13:06:04.968-0300] {logging_mixin.py:188} INFO - [2023-12-21T13:06:04.967-0300] {dag.py:3820} INFO - Setting next_dagrun for example_sensors to None, run_after=None
[2023-12-21T13:06:05.467-0300] {processor.py:183} INFO - Processing /home/myc-ti-2/airflow_workspace/airflow_env/lib/python3.10/site-packages/airflow/example_dags/example_sensors.py took 0.951 seconds
[2023-12-21T13:07:18.322-0300] {processor.py:161} INFO - Started process (PID=7727) to work on /home/myc-ti-2/airflow_workspace/airflow_env/lib/python3.10/site-packages/airflow/example_dags/example_sensors.py
[2023-12-21T13:07:18.324-0300] {processor.py:830} INFO - Processing file /home/myc-ti-2/airflow_workspace/airflow_env/lib/python3.10/site-packages/airflow/example_dags/example_sensors.py for tasks to queue
[2023-12-21T13:07:18.326-0300] {logging_mixin.py:188} INFO - [2023-12-21T13:07:18.325-0300] {dagbag.py:538} INFO - Filling up the DagBag from /home/myc-ti-2/airflow_workspace/airflow_env/lib/python3.10/site-packages/airflow/example_dags/example_sensors.py
[2023-12-21T13:07:18.348-0300] {processor.py:840} INFO - DAG(s) 'example_sensors' retrieved from /home/myc-ti-2/airflow_workspace/airflow_env/lib/python3.10/site-packages/airflow/example_dags/example_sensors.py
[2023-12-21T13:07:18.383-0300] {logging_mixin.py:188} INFO - [2023-12-21T13:07:18.383-0300] {dag.py:3033} INFO - Sync 1 DAGs
[2023-12-21T13:07:18.402-0300] {logging_mixin.py:188} INFO - [2023-12-21T13:07:18.402-0300] {dag.py:3820} INFO - Setting next_dagrun for example_sensors to None, run_after=None
[2023-12-21T13:07:18.597-0300] {processor.py:183} INFO - Processing /home/myc-ti-2/airflow_workspace/airflow_env/lib/python3.10/site-packages/airflow/example_dags/example_sensors.py took 0.282 seconds
[2023-12-21T13:08:31.235-0300] {processor.py:161} INFO - Started process (PID=8980) to work on /home/myc-ti-2/airflow_workspace/airflow_env/lib/python3.10/site-packages/airflow/example_dags/example_sensors.py
[2023-12-21T13:08:31.254-0300] {processor.py:830} INFO - Processing file /home/myc-ti-2/airflow_workspace/airflow_env/lib/python3.10/site-packages/airflow/example_dags/example_sensors.py for tasks to queue
[2023-12-21T13:08:31.257-0300] {logging_mixin.py:188} INFO - [2023-12-21T13:08:31.255-0300] {dagbag.py:538} INFO - Filling up the DagBag from /home/myc-ti-2/airflow_workspace/airflow_env/lib/python3.10/site-packages/airflow/example_dags/example_sensors.py
[2023-12-21T13:08:31.272-0300] {processor.py:840} INFO - DAG(s) 'example_sensors' retrieved from /home/myc-ti-2/airflow_workspace/airflow_env/lib/python3.10/site-packages/airflow/example_dags/example_sensors.py
[2023-12-21T13:08:31.304-0300] {logging_mixin.py:188} INFO - [2023-12-21T13:08:31.304-0300] {dag.py:3033} INFO - Sync 1 DAGs
[2023-12-21T13:08:31.323-0300] {logging_mixin.py:188} INFO - [2023-12-21T13:08:31.323-0300] {dag.py:3820} INFO - Setting next_dagrun for example_sensors to None, run_after=None
[2023-12-21T13:08:31.478-0300] {processor.py:183} INFO - Processing /home/myc-ti-2/airflow_workspace/airflow_env/lib/python3.10/site-packages/airflow/example_dags/example_sensors.py took 0.248 seconds
[2023-12-21T13:09:34.443-0300] {processor.py:161} INFO - Started process (PID=9254) to work on /home/myc-ti-2/airflow_workspace/airflow_env/lib/python3.10/site-packages/airflow/example_dags/example_sensors.py
[2023-12-21T13:09:34.450-0300] {processor.py:830} INFO - Processing file /home/myc-ti-2/airflow_workspace/airflow_env/lib/python3.10/site-packages/airflow/example_dags/example_sensors.py for tasks to queue
[2023-12-21T13:09:34.451-0300] {logging_mixin.py:188} INFO - [2023-12-21T13:09:34.451-0300] {dagbag.py:538} INFO - Filling up the DagBag from /home/myc-ti-2/airflow_workspace/airflow_env/lib/python3.10/site-packages/airflow/example_dags/example_sensors.py
[2023-12-21T13:09:34.464-0300] {processor.py:840} INFO - DAG(s) 'example_sensors' retrieved from /home/myc-ti-2/airflow_workspace/airflow_env/lib/python3.10/site-packages/airflow/example_dags/example_sensors.py
[2023-12-21T13:09:34.493-0300] {logging_mixin.py:188} INFO - [2023-12-21T13:09:34.492-0300] {dag.py:3033} INFO - Sync 1 DAGs
[2023-12-21T13:09:34.508-0300] {logging_mixin.py:188} INFO - [2023-12-21T13:09:34.508-0300] {dag.py:3820} INFO - Setting next_dagrun for example_sensors to None, run_after=None
[2023-12-21T13:09:34.765-0300] {processor.py:183} INFO - Processing /home/myc-ti-2/airflow_workspace/airflow_env/lib/python3.10/site-packages/airflow/example_dags/example_sensors.py took 0.326 seconds
[2023-12-21T13:10:44.803-0300] {processor.py:161} INFO - Started process (PID=9486) to work on /home/myc-ti-2/airflow_workspace/airflow_env/lib/python3.10/site-packages/airflow/example_dags/example_sensors.py
[2023-12-21T13:10:44.815-0300] {processor.py:830} INFO - Processing file /home/myc-ti-2/airflow_workspace/airflow_env/lib/python3.10/site-packages/airflow/example_dags/example_sensors.py for tasks to queue
[2023-12-21T13:10:44.817-0300] {logging_mixin.py:188} INFO - [2023-12-21T13:10:44.817-0300] {dagbag.py:538} INFO - Filling up the DagBag from /home/myc-ti-2/airflow_workspace/airflow_env/lib/python3.10/site-packages/airflow/example_dags/example_sensors.py
[2023-12-21T13:10:44.845-0300] {processor.py:840} INFO - DAG(s) 'example_sensors' retrieved from /home/myc-ti-2/airflow_workspace/airflow_env/lib/python3.10/site-packages/airflow/example_dags/example_sensors.py
[2023-12-21T13:10:44.885-0300] {logging_mixin.py:188} INFO - [2023-12-21T13:10:44.885-0300] {dag.py:3033} INFO - Sync 1 DAGs
[2023-12-21T13:10:44.900-0300] {logging_mixin.py:188} INFO - [2023-12-21T13:10:44.900-0300] {dag.py:3820} INFO - Setting next_dagrun for example_sensors to None, run_after=None
[2023-12-21T13:10:44.989-0300] {processor.py:183} INFO - Processing /home/myc-ti-2/airflow_workspace/airflow_env/lib/python3.10/site-packages/airflow/example_dags/example_sensors.py took 0.193 seconds
[2023-12-21T13:11:51.335-0300] {processor.py:161} INFO - Started process (PID=10035) to work on /home/myc-ti-2/airflow_workspace/airflow_env/lib/python3.10/site-packages/airflow/example_dags/example_sensors.py
[2023-12-21T13:11:51.337-0300] {processor.py:830} INFO - Processing file /home/myc-ti-2/airflow_workspace/airflow_env/lib/python3.10/site-packages/airflow/example_dags/example_sensors.py for tasks to queue
[2023-12-21T13:11:51.339-0300] {logging_mixin.py:188} INFO - [2023-12-21T13:11:51.338-0300] {dagbag.py:538} INFO - Filling up the DagBag from /home/myc-ti-2/airflow_workspace/airflow_env/lib/python3.10/site-packages/airflow/example_dags/example_sensors.py
[2023-12-21T13:11:51.361-0300] {processor.py:840} INFO - DAG(s) 'example_sensors' retrieved from /home/myc-ti-2/airflow_workspace/airflow_env/lib/python3.10/site-packages/airflow/example_dags/example_sensors.py
[2023-12-21T13:11:51.395-0300] {logging_mixin.py:188} INFO - [2023-12-21T13:11:51.394-0300] {dag.py:3033} INFO - Sync 1 DAGs
[2023-12-21T13:11:51.412-0300] {logging_mixin.py:188} INFO - [2023-12-21T13:11:51.412-0300] {dag.py:3820} INFO - Setting next_dagrun for example_sensors to None, run_after=None
[2023-12-21T13:11:51.550-0300] {processor.py:183} INFO - Processing /home/myc-ti-2/airflow_workspace/airflow_env/lib/python3.10/site-packages/airflow/example_dags/example_sensors.py took 0.222 seconds
[2023-12-21T13:12:52.323-0300] {processor.py:161} INFO - Started process (PID=10114) to work on /home/myc-ti-2/airflow_workspace/airflow_env/lib/python3.10/site-packages/airflow/example_dags/example_sensors.py
[2023-12-21T13:12:52.325-0300] {processor.py:830} INFO - Processing file /home/myc-ti-2/airflow_workspace/airflow_env/lib/python3.10/site-packages/airflow/example_dags/example_sensors.py for tasks to queue
[2023-12-21T13:12:52.327-0300] {logging_mixin.py:188} INFO - [2023-12-21T13:12:52.326-0300] {dagbag.py:538} INFO - Filling up the DagBag from /home/myc-ti-2/airflow_workspace/airflow_env/lib/python3.10/site-packages/airflow/example_dags/example_sensors.py
[2023-12-21T13:12:52.352-0300] {processor.py:840} INFO - DAG(s) 'example_sensors' retrieved from /home/myc-ti-2/airflow_workspace/airflow_env/lib/python3.10/site-packages/airflow/example_dags/example_sensors.py
[2023-12-21T13:12:52.388-0300] {logging_mixin.py:188} INFO - [2023-12-21T13:12:52.388-0300] {dag.py:3033} INFO - Sync 1 DAGs
[2023-12-21T13:12:52.405-0300] {logging_mixin.py:188} INFO - [2023-12-21T13:12:52.405-0300] {dag.py:3820} INFO - Setting next_dagrun for example_sensors to None, run_after=None
[2023-12-21T13:12:52.511-0300] {processor.py:183} INFO - Processing /home/myc-ti-2/airflow_workspace/airflow_env/lib/python3.10/site-packages/airflow/example_dags/example_sensors.py took 0.196 seconds
[2023-12-21T13:13:53.805-0300] {processor.py:161} INFO - Started process (PID=10308) to work on /home/myc-ti-2/airflow_workspace/airflow_env/lib/python3.10/site-packages/airflow/example_dags/example_sensors.py
[2023-12-21T13:13:53.816-0300] {processor.py:830} INFO - Processing file /home/myc-ti-2/airflow_workspace/airflow_env/lib/python3.10/site-packages/airflow/example_dags/example_sensors.py for tasks to queue
[2023-12-21T13:13:53.818-0300] {logging_mixin.py:188} INFO - [2023-12-21T13:13:53.817-0300] {dagbag.py:538} INFO - Filling up the DagBag from /home/myc-ti-2/airflow_workspace/airflow_env/lib/python3.10/site-packages/airflow/example_dags/example_sensors.py
[2023-12-21T13:13:53.844-0300] {processor.py:840} INFO - DAG(s) 'example_sensors' retrieved from /home/myc-ti-2/airflow_workspace/airflow_env/lib/python3.10/site-packages/airflow/example_dags/example_sensors.py
[2023-12-21T13:13:53.881-0300] {logging_mixin.py:188} INFO - [2023-12-21T13:13:53.880-0300] {dag.py:3033} INFO - Sync 1 DAGs
[2023-12-21T13:13:53.898-0300] {logging_mixin.py:188} INFO - [2023-12-21T13:13:53.898-0300] {dag.py:3820} INFO - Setting next_dagrun for example_sensors to None, run_after=None
[2023-12-21T13:13:54.017-0300] {processor.py:183} INFO - Processing /home/myc-ti-2/airflow_workspace/airflow_env/lib/python3.10/site-packages/airflow/example_dags/example_sensors.py took 0.219 seconds
[2023-12-21T13:14:59.671-0300] {processor.py:161} INFO - Started process (PID=10447) to work on /home/myc-ti-2/airflow_workspace/airflow_env/lib/python3.10/site-packages/airflow/example_dags/example_sensors.py
[2023-12-21T13:14:59.673-0300] {processor.py:830} INFO - Processing file /home/myc-ti-2/airflow_workspace/airflow_env/lib/python3.10/site-packages/airflow/example_dags/example_sensors.py for tasks to queue
[2023-12-21T13:14:59.676-0300] {logging_mixin.py:188} INFO - [2023-12-21T13:14:59.675-0300] {dagbag.py:538} INFO - Filling up the DagBag from /home/myc-ti-2/airflow_workspace/airflow_env/lib/python3.10/site-packages/airflow/example_dags/example_sensors.py
[2023-12-21T13:14:59.699-0300] {processor.py:840} INFO - DAG(s) 'example_sensors' retrieved from /home/myc-ti-2/airflow_workspace/airflow_env/lib/python3.10/site-packages/airflow/example_dags/example_sensors.py
[2023-12-21T13:14:59.737-0300] {logging_mixin.py:188} INFO - [2023-12-21T13:14:59.737-0300] {dag.py:3033} INFO - Sync 1 DAGs
[2023-12-21T13:14:59.756-0300] {logging_mixin.py:188} INFO - [2023-12-21T13:14:59.755-0300] {dag.py:3820} INFO - Setting next_dagrun for example_sensors to None, run_after=None
[2023-12-21T13:14:59.885-0300] {processor.py:183} INFO - Processing /home/myc-ti-2/airflow_workspace/airflow_env/lib/python3.10/site-packages/airflow/example_dags/example_sensors.py took 0.221 seconds
