[2023-12-21T12:57:51.082-0300] {processor.py:161} INFO - Started process (PID=7012) to work on /home/myc-ti-2/airflow_workspace/airflow_env/lib/python3.10/site-packages/airflow/example_dags/example_skip_dag.py
[2023-12-21T12:57:51.084-0300] {processor.py:830} INFO - Processing file /home/myc-ti-2/airflow_workspace/airflow_env/lib/python3.10/site-packages/airflow/example_dags/example_skip_dag.py for tasks to queue
[2023-12-21T12:57:51.085-0300] {logging_mixin.py:188} INFO - [2023-12-21T12:57:51.085-0300] {dagbag.py:538} INFO - Filling up the DagBag from /home/myc-ti-2/airflow_workspace/airflow_env/lib/python3.10/site-packages/airflow/example_dags/example_skip_dag.py
[2023-12-21T12:57:51.107-0300] {processor.py:840} INFO - DAG(s) 'example_skip_dag' retrieved from /home/myc-ti-2/airflow_workspace/airflow_env/lib/python3.10/site-packages/airflow/example_dags/example_skip_dag.py
[2023-12-21T12:57:51.481-0300] {logging_mixin.py:188} INFO - [2023-12-21T12:57:51.480-0300] {override.py:1769} INFO - Created Permission View: can edit on DAG:example_skip_dag
[2023-12-21T12:57:51.581-0300] {logging_mixin.py:188} INFO - [2023-12-21T12:57:51.580-0300] {override.py:1769} INFO - Created Permission View: can delete on DAG:example_skip_dag
[2023-12-21T12:57:51.664-0300] {logging_mixin.py:188} INFO - [2023-12-21T12:57:51.664-0300] {override.py:1769} INFO - Created Permission View: can read on DAG:example_skip_dag
[2023-12-21T12:57:51.665-0300] {logging_mixin.py:188} INFO - [2023-12-21T12:57:51.665-0300] {dag.py:3033} INFO - Sync 1 DAGs
[2023-12-21T12:57:51.692-0300] {logging_mixin.py:188} INFO - [2023-12-21T12:57:51.692-0300] {dag.py:3055} INFO - Creating ORM DAG for example_skip_dag
[2023-12-21T12:57:51.719-0300] {logging_mixin.py:188} INFO - [2023-12-21T12:57:51.718-0300] {dag.py:3820} INFO - Setting next_dagrun for example_skip_dag to 2023-12-20T00:00:00+00:00, run_after=2023-12-21T00:00:00+00:00
[2023-12-21T12:57:51.886-0300] {processor.py:183} INFO - Processing /home/myc-ti-2/airflow_workspace/airflow_env/lib/python3.10/site-packages/airflow/example_dags/example_skip_dag.py took 0.812 seconds
[2023-12-21T12:59:30.403-0300] {processor.py:161} INFO - Started process (PID=7141) to work on /home/myc-ti-2/airflow_workspace/airflow_env/lib/python3.10/site-packages/airflow/example_dags/example_skip_dag.py
[2023-12-21T12:59:30.405-0300] {processor.py:830} INFO - Processing file /home/myc-ti-2/airflow_workspace/airflow_env/lib/python3.10/site-packages/airflow/example_dags/example_skip_dag.py for tasks to queue
[2023-12-21T12:59:30.407-0300] {logging_mixin.py:188} INFO - [2023-12-21T12:59:30.406-0300] {dagbag.py:538} INFO - Filling up the DagBag from /home/myc-ti-2/airflow_workspace/airflow_env/lib/python3.10/site-packages/airflow/example_dags/example_skip_dag.py
[2023-12-21T12:59:30.424-0300] {processor.py:840} INFO - DAG(s) 'example_skip_dag' retrieved from /home/myc-ti-2/airflow_workspace/airflow_env/lib/python3.10/site-packages/airflow/example_dags/example_skip_dag.py
[2023-12-21T12:59:30.456-0300] {logging_mixin.py:188} INFO - [2023-12-21T12:59:30.456-0300] {dag.py:3033} INFO - Sync 1 DAGs
[2023-12-21T12:59:30.487-0300] {logging_mixin.py:188} INFO - [2023-12-21T12:59:30.486-0300] {dag.py:3820} INFO - Setting next_dagrun for example_skip_dag to 2023-12-20T00:00:00+00:00, run_after=2023-12-21T00:00:00+00:00
[2023-12-21T12:59:30.577-0300] {processor.py:183} INFO - Processing /home/myc-ti-2/airflow_workspace/airflow_env/lib/python3.10/site-packages/airflow/example_dags/example_skip_dag.py took 0.181 seconds
[2023-12-21T13:00:29.846-0300] {processor.py:161} INFO - Started process (PID=7205) to work on /home/myc-ti-2/airflow_workspace/airflow_env/lib/python3.10/site-packages/airflow/example_dags/example_skip_dag.py
[2023-12-21T13:00:29.849-0300] {processor.py:830} INFO - Processing file /home/myc-ti-2/airflow_workspace/airflow_env/lib/python3.10/site-packages/airflow/example_dags/example_skip_dag.py for tasks to queue
[2023-12-21T13:00:29.850-0300] {logging_mixin.py:188} INFO - [2023-12-21T13:00:29.850-0300] {dagbag.py:538} INFO - Filling up the DagBag from /home/myc-ti-2/airflow_workspace/airflow_env/lib/python3.10/site-packages/airflow/example_dags/example_skip_dag.py
[2023-12-21T13:00:29.862-0300] {processor.py:840} INFO - DAG(s) 'example_skip_dag' retrieved from /home/myc-ti-2/airflow_workspace/airflow_env/lib/python3.10/site-packages/airflow/example_dags/example_skip_dag.py
[2023-12-21T13:00:29.890-0300] {logging_mixin.py:188} INFO - [2023-12-21T13:00:29.890-0300] {dag.py:3033} INFO - Sync 1 DAGs
[2023-12-21T13:00:29.923-0300] {logging_mixin.py:188} INFO - [2023-12-21T13:00:29.922-0300] {dag.py:3820} INFO - Setting next_dagrun for example_skip_dag to 2023-12-20T00:00:00+00:00, run_after=2023-12-21T00:00:00+00:00
[2023-12-21T13:00:30.036-0300] {processor.py:183} INFO - Processing /home/myc-ti-2/airflow_workspace/airflow_env/lib/python3.10/site-packages/airflow/example_dags/example_skip_dag.py took 0.197 seconds
[2023-12-21T13:01:41.881-0300] {processor.py:161} INFO - Started process (PID=7300) to work on /home/myc-ti-2/airflow_workspace/airflow_env/lib/python3.10/site-packages/airflow/example_dags/example_skip_dag.py
[2023-12-21T13:01:41.884-0300] {processor.py:830} INFO - Processing file /home/myc-ti-2/airflow_workspace/airflow_env/lib/python3.10/site-packages/airflow/example_dags/example_skip_dag.py for tasks to queue
[2023-12-21T13:01:41.886-0300] {logging_mixin.py:188} INFO - [2023-12-21T13:01:41.885-0300] {dagbag.py:538} INFO - Filling up the DagBag from /home/myc-ti-2/airflow_workspace/airflow_env/lib/python3.10/site-packages/airflow/example_dags/example_skip_dag.py
[2023-12-21T13:01:41.903-0300] {processor.py:840} INFO - DAG(s) 'example_skip_dag' retrieved from /home/myc-ti-2/airflow_workspace/airflow_env/lib/python3.10/site-packages/airflow/example_dags/example_skip_dag.py
[2023-12-21T13:01:41.934-0300] {logging_mixin.py:188} INFO - [2023-12-21T13:01:41.934-0300] {dag.py:3033} INFO - Sync 1 DAGs
[2023-12-21T13:01:41.966-0300] {logging_mixin.py:188} INFO - [2023-12-21T13:01:41.966-0300] {dag.py:3820} INFO - Setting next_dagrun for example_skip_dag to 2023-12-20T00:00:00+00:00, run_after=2023-12-21T00:00:00+00:00
[2023-12-21T13:01:42.072-0300] {processor.py:183} INFO - Processing /home/myc-ti-2/airflow_workspace/airflow_env/lib/python3.10/site-packages/airflow/example_dags/example_skip_dag.py took 0.197 seconds
[2023-12-21T13:02:52.718-0300] {processor.py:161} INFO - Started process (PID=7380) to work on /home/myc-ti-2/airflow_workspace/airflow_env/lib/python3.10/site-packages/airflow/example_dags/example_skip_dag.py
[2023-12-21T13:02:52.720-0300] {processor.py:830} INFO - Processing file /home/myc-ti-2/airflow_workspace/airflow_env/lib/python3.10/site-packages/airflow/example_dags/example_skip_dag.py for tasks to queue
[2023-12-21T13:02:52.722-0300] {logging_mixin.py:188} INFO - [2023-12-21T13:02:52.721-0300] {dagbag.py:538} INFO - Filling up the DagBag from /home/myc-ti-2/airflow_workspace/airflow_env/lib/python3.10/site-packages/airflow/example_dags/example_skip_dag.py
[2023-12-21T13:02:52.739-0300] {processor.py:840} INFO - DAG(s) 'example_skip_dag' retrieved from /home/myc-ti-2/airflow_workspace/airflow_env/lib/python3.10/site-packages/airflow/example_dags/example_skip_dag.py
[2023-12-21T13:02:52.771-0300] {logging_mixin.py:188} INFO - [2023-12-21T13:02:52.770-0300] {dag.py:3033} INFO - Sync 1 DAGs
[2023-12-21T13:02:52.801-0300] {logging_mixin.py:188} INFO - [2023-12-21T13:02:52.801-0300] {dag.py:3820} INFO - Setting next_dagrun for example_skip_dag to 2023-12-20T00:00:00+00:00, run_after=2023-12-21T00:00:00+00:00
[2023-12-21T13:02:52.905-0300] {processor.py:183} INFO - Processing /home/myc-ti-2/airflow_workspace/airflow_env/lib/python3.10/site-packages/airflow/example_dags/example_skip_dag.py took 0.195 seconds
[2023-12-21T13:03:50.586-0300] {processor.py:161} INFO - Started process (PID=7442) to work on /home/myc-ti-2/airflow_workspace/airflow_env/lib/python3.10/site-packages/airflow/example_dags/example_skip_dag.py
[2023-12-21T13:03:50.588-0300] {processor.py:830} INFO - Processing file /home/myc-ti-2/airflow_workspace/airflow_env/lib/python3.10/site-packages/airflow/example_dags/example_skip_dag.py for tasks to queue
[2023-12-21T13:03:50.590-0300] {logging_mixin.py:188} INFO - [2023-12-21T13:03:50.590-0300] {dagbag.py:538} INFO - Filling up the DagBag from /home/myc-ti-2/airflow_workspace/airflow_env/lib/python3.10/site-packages/airflow/example_dags/example_skip_dag.py
[2023-12-21T13:03:50.608-0300] {processor.py:840} INFO - DAG(s) 'example_skip_dag' retrieved from /home/myc-ti-2/airflow_workspace/airflow_env/lib/python3.10/site-packages/airflow/example_dags/example_skip_dag.py
[2023-12-21T13:03:50.641-0300] {logging_mixin.py:188} INFO - [2023-12-21T13:03:50.641-0300] {dag.py:3033} INFO - Sync 1 DAGs
[2023-12-21T13:03:50.677-0300] {logging_mixin.py:188} INFO - [2023-12-21T13:03:50.676-0300] {dag.py:3820} INFO - Setting next_dagrun for example_skip_dag to 2023-12-20T00:00:00+00:00, run_after=2023-12-21T00:00:00+00:00
[2023-12-21T13:03:50.788-0300] {processor.py:183} INFO - Processing /home/myc-ti-2/airflow_workspace/airflow_env/lib/python3.10/site-packages/airflow/example_dags/example_skip_dag.py took 0.209 seconds
[2023-12-21T13:04:49.157-0300] {processor.py:161} INFO - Started process (PID=7498) to work on /home/myc-ti-2/airflow_workspace/airflow_env/lib/python3.10/site-packages/airflow/example_dags/example_skip_dag.py
[2023-12-21T13:04:49.159-0300] {processor.py:830} INFO - Processing file /home/myc-ti-2/airflow_workspace/airflow_env/lib/python3.10/site-packages/airflow/example_dags/example_skip_dag.py for tasks to queue
[2023-12-21T13:04:49.161-0300] {logging_mixin.py:188} INFO - [2023-12-21T13:04:49.160-0300] {dagbag.py:538} INFO - Filling up the DagBag from /home/myc-ti-2/airflow_workspace/airflow_env/lib/python3.10/site-packages/airflow/example_dags/example_skip_dag.py
[2023-12-21T13:04:49.179-0300] {processor.py:840} INFO - DAG(s) 'example_skip_dag' retrieved from /home/myc-ti-2/airflow_workspace/airflow_env/lib/python3.10/site-packages/airflow/example_dags/example_skip_dag.py
[2023-12-21T13:04:49.208-0300] {logging_mixin.py:188} INFO - [2023-12-21T13:04:49.207-0300] {dag.py:3033} INFO - Sync 1 DAGs
[2023-12-21T13:04:49.239-0300] {logging_mixin.py:188} INFO - [2023-12-21T13:04:49.239-0300] {dag.py:3820} INFO - Setting next_dagrun for example_skip_dag to 2023-12-20T00:00:00+00:00, run_after=2023-12-21T00:00:00+00:00
[2023-12-21T13:04:49.347-0300] {processor.py:183} INFO - Processing /home/myc-ti-2/airflow_workspace/airflow_env/lib/python3.10/site-packages/airflow/example_dags/example_skip_dag.py took 0.198 seconds
[2023-12-21T13:06:01.558-0300] {processor.py:161} INFO - Started process (PID=7569) to work on /home/myc-ti-2/airflow_workspace/airflow_env/lib/python3.10/site-packages/airflow/example_dags/example_skip_dag.py
[2023-12-21T13:06:01.559-0300] {processor.py:830} INFO - Processing file /home/myc-ti-2/airflow_workspace/airflow_env/lib/python3.10/site-packages/airflow/example_dags/example_skip_dag.py for tasks to queue
[2023-12-21T13:06:01.561-0300] {logging_mixin.py:188} INFO - [2023-12-21T13:06:01.560-0300] {dagbag.py:538} INFO - Filling up the DagBag from /home/myc-ti-2/airflow_workspace/airflow_env/lib/python3.10/site-packages/airflow/example_dags/example_skip_dag.py
[2023-12-21T13:06:01.574-0300] {processor.py:840} INFO - DAG(s) 'example_skip_dag' retrieved from /home/myc-ti-2/airflow_workspace/airflow_env/lib/python3.10/site-packages/airflow/example_dags/example_skip_dag.py
[2023-12-21T13:06:01.604-0300] {logging_mixin.py:188} INFO - [2023-12-21T13:06:01.604-0300] {dag.py:3033} INFO - Sync 1 DAGs
[2023-12-21T13:06:01.636-0300] {logging_mixin.py:188} INFO - [2023-12-21T13:06:01.635-0300] {dag.py:3820} INFO - Setting next_dagrun for example_skip_dag to 2023-12-20T00:00:00+00:00, run_after=2023-12-21T00:00:00+00:00
[2023-12-21T13:06:01.754-0300] {processor.py:183} INFO - Processing /home/myc-ti-2/airflow_workspace/airflow_env/lib/python3.10/site-packages/airflow/example_dags/example_skip_dag.py took 0.201 seconds
[2023-12-21T13:07:12.607-0300] {processor.py:161} INFO - Started process (PID=7724) to work on /home/myc-ti-2/airflow_workspace/airflow_env/lib/python3.10/site-packages/airflow/example_dags/example_skip_dag.py
[2023-12-21T13:07:12.673-0300] {processor.py:830} INFO - Processing file /home/myc-ti-2/airflow_workspace/airflow_env/lib/python3.10/site-packages/airflow/example_dags/example_skip_dag.py for tasks to queue
[2023-12-21T13:07:12.675-0300] {logging_mixin.py:188} INFO - [2023-12-21T13:07:12.674-0300] {dagbag.py:538} INFO - Filling up the DagBag from /home/myc-ti-2/airflow_workspace/airflow_env/lib/python3.10/site-packages/airflow/example_dags/example_skip_dag.py
[2023-12-21T13:07:12.692-0300] {processor.py:840} INFO - DAG(s) 'example_skip_dag' retrieved from /home/myc-ti-2/airflow_workspace/airflow_env/lib/python3.10/site-packages/airflow/example_dags/example_skip_dag.py
[2023-12-21T13:07:12.996-0300] {logging_mixin.py:188} INFO - [2023-12-21T13:07:12.996-0300] {dag.py:3033} INFO - Sync 1 DAGs
[2023-12-21T13:07:14.085-0300] {logging_mixin.py:188} INFO - [2023-12-21T13:07:14.084-0300] {dag.py:3820} INFO - Setting next_dagrun for example_skip_dag to 2023-12-20T00:00:00+00:00, run_after=2023-12-21T00:00:00+00:00
[2023-12-21T13:07:14.472-0300] {processor.py:183} INFO - Processing /home/myc-ti-2/airflow_workspace/airflow_env/lib/python3.10/site-packages/airflow/example_dags/example_skip_dag.py took 1.872 seconds
[2023-12-21T13:08:28.629-0300] {processor.py:161} INFO - Started process (PID=8609) to work on /home/myc-ti-2/airflow_workspace/airflow_env/lib/python3.10/site-packages/airflow/example_dags/example_skip_dag.py
[2023-12-21T13:08:28.630-0300] {processor.py:830} INFO - Processing file /home/myc-ti-2/airflow_workspace/airflow_env/lib/python3.10/site-packages/airflow/example_dags/example_skip_dag.py for tasks to queue
[2023-12-21T13:08:28.631-0300] {logging_mixin.py:188} INFO - [2023-12-21T13:08:28.631-0300] {dagbag.py:538} INFO - Filling up the DagBag from /home/myc-ti-2/airflow_workspace/airflow_env/lib/python3.10/site-packages/airflow/example_dags/example_skip_dag.py
[2023-12-21T13:08:28.641-0300] {processor.py:840} INFO - DAG(s) 'example_skip_dag' retrieved from /home/myc-ti-2/airflow_workspace/airflow_env/lib/python3.10/site-packages/airflow/example_dags/example_skip_dag.py
[2023-12-21T13:08:28.665-0300] {logging_mixin.py:188} INFO - [2023-12-21T13:08:28.664-0300] {dag.py:3033} INFO - Sync 1 DAGs
[2023-12-21T13:08:28.694-0300] {logging_mixin.py:188} INFO - [2023-12-21T13:08:28.693-0300] {dag.py:3820} INFO - Setting next_dagrun for example_skip_dag to 2023-12-20T00:00:00+00:00, run_after=2023-12-21T00:00:00+00:00
[2023-12-21T13:08:28.803-0300] {processor.py:183} INFO - Processing /home/myc-ti-2/airflow_workspace/airflow_env/lib/python3.10/site-packages/airflow/example_dags/example_skip_dag.py took 0.178 seconds
[2023-12-21T13:09:31.895-0300] {processor.py:161} INFO - Started process (PID=9251) to work on /home/myc-ti-2/airflow_workspace/airflow_env/lib/python3.10/site-packages/airflow/example_dags/example_skip_dag.py
[2023-12-21T13:09:31.910-0300] {processor.py:830} INFO - Processing file /home/myc-ti-2/airflow_workspace/airflow_env/lib/python3.10/site-packages/airflow/example_dags/example_skip_dag.py for tasks to queue
[2023-12-21T13:09:31.911-0300] {logging_mixin.py:188} INFO - [2023-12-21T13:09:31.911-0300] {dagbag.py:538} INFO - Filling up the DagBag from /home/myc-ti-2/airflow_workspace/airflow_env/lib/python3.10/site-packages/airflow/example_dags/example_skip_dag.py
[2023-12-21T13:09:31.921-0300] {processor.py:840} INFO - DAG(s) 'example_skip_dag' retrieved from /home/myc-ti-2/airflow_workspace/airflow_env/lib/python3.10/site-packages/airflow/example_dags/example_skip_dag.py
[2023-12-21T13:09:31.944-0300] {logging_mixin.py:188} INFO - [2023-12-21T13:09:31.944-0300] {dag.py:3033} INFO - Sync 1 DAGs
[2023-12-21T13:09:31.972-0300] {logging_mixin.py:188} INFO - [2023-12-21T13:09:31.972-0300] {dag.py:3820} INFO - Setting next_dagrun for example_skip_dag to 2023-12-20T00:00:00+00:00, run_after=2023-12-21T00:00:00+00:00
[2023-12-21T13:09:32.189-0300] {processor.py:183} INFO - Processing /home/myc-ti-2/airflow_workspace/airflow_env/lib/python3.10/site-packages/airflow/example_dags/example_skip_dag.py took 0.298 seconds
[2023-12-21T13:10:41.927-0300] {processor.py:161} INFO - Started process (PID=9450) to work on /home/myc-ti-2/airflow_workspace/airflow_env/lib/python3.10/site-packages/airflow/example_dags/example_skip_dag.py
[2023-12-21T13:10:41.928-0300] {processor.py:830} INFO - Processing file /home/myc-ti-2/airflow_workspace/airflow_env/lib/python3.10/site-packages/airflow/example_dags/example_skip_dag.py for tasks to queue
[2023-12-21T13:10:41.929-0300] {logging_mixin.py:188} INFO - [2023-12-21T13:10:41.929-0300] {dagbag.py:538} INFO - Filling up the DagBag from /home/myc-ti-2/airflow_workspace/airflow_env/lib/python3.10/site-packages/airflow/example_dags/example_skip_dag.py
[2023-12-21T13:10:41.939-0300] {processor.py:840} INFO - DAG(s) 'example_skip_dag' retrieved from /home/myc-ti-2/airflow_workspace/airflow_env/lib/python3.10/site-packages/airflow/example_dags/example_skip_dag.py
[2023-12-21T13:10:41.963-0300] {logging_mixin.py:188} INFO - [2023-12-21T13:10:41.962-0300] {dag.py:3033} INFO - Sync 1 DAGs
[2023-12-21T13:10:41.990-0300] {logging_mixin.py:188} INFO - [2023-12-21T13:10:41.989-0300] {dag.py:3820} INFO - Setting next_dagrun for example_skip_dag to 2023-12-20T00:00:00+00:00, run_after=2023-12-21T00:00:00+00:00
[2023-12-21T13:10:42.134-0300] {processor.py:183} INFO - Processing /home/myc-ti-2/airflow_workspace/airflow_env/lib/python3.10/site-packages/airflow/example_dags/example_skip_dag.py took 0.211 seconds
[2023-12-21T13:11:48.546-0300] {processor.py:161} INFO - Started process (PID=10027) to work on /home/myc-ti-2/airflow_workspace/airflow_env/lib/python3.10/site-packages/airflow/example_dags/example_skip_dag.py
[2023-12-21T13:11:48.557-0300] {processor.py:830} INFO - Processing file /home/myc-ti-2/airflow_workspace/airflow_env/lib/python3.10/site-packages/airflow/example_dags/example_skip_dag.py for tasks to queue
[2023-12-21T13:11:48.559-0300] {logging_mixin.py:188} INFO - [2023-12-21T13:11:48.558-0300] {dagbag.py:538} INFO - Filling up the DagBag from /home/myc-ti-2/airflow_workspace/airflow_env/lib/python3.10/site-packages/airflow/example_dags/example_skip_dag.py
[2023-12-21T13:11:48.576-0300] {processor.py:840} INFO - DAG(s) 'example_skip_dag' retrieved from /home/myc-ti-2/airflow_workspace/airflow_env/lib/python3.10/site-packages/airflow/example_dags/example_skip_dag.py
[2023-12-21T13:11:48.612-0300] {logging_mixin.py:188} INFO - [2023-12-21T13:11:48.612-0300] {dag.py:3033} INFO - Sync 1 DAGs
[2023-12-21T13:11:48.643-0300] {logging_mixin.py:188} INFO - [2023-12-21T13:11:48.643-0300] {dag.py:3820} INFO - Setting next_dagrun for example_skip_dag to 2023-12-20T00:00:00+00:00, run_after=2023-12-21T00:00:00+00:00
[2023-12-21T13:11:48.765-0300] {processor.py:183} INFO - Processing /home/myc-ti-2/airflow_workspace/airflow_env/lib/python3.10/site-packages/airflow/example_dags/example_skip_dag.py took 0.226 seconds
[2023-12-21T13:12:49.604-0300] {processor.py:161} INFO - Started process (PID=10111) to work on /home/myc-ti-2/airflow_workspace/airflow_env/lib/python3.10/site-packages/airflow/example_dags/example_skip_dag.py
[2023-12-21T13:12:49.606-0300] {processor.py:830} INFO - Processing file /home/myc-ti-2/airflow_workspace/airflow_env/lib/python3.10/site-packages/airflow/example_dags/example_skip_dag.py for tasks to queue
[2023-12-21T13:12:49.608-0300] {logging_mixin.py:188} INFO - [2023-12-21T13:12:49.608-0300] {dagbag.py:538} INFO - Filling up the DagBag from /home/myc-ti-2/airflow_workspace/airflow_env/lib/python3.10/site-packages/airflow/example_dags/example_skip_dag.py
[2023-12-21T13:12:49.626-0300] {processor.py:840} INFO - DAG(s) 'example_skip_dag' retrieved from /home/myc-ti-2/airflow_workspace/airflow_env/lib/python3.10/site-packages/airflow/example_dags/example_skip_dag.py
[2023-12-21T13:12:49.658-0300] {logging_mixin.py:188} INFO - [2023-12-21T13:12:49.657-0300] {dag.py:3033} INFO - Sync 1 DAGs
[2023-12-21T13:12:49.688-0300] {logging_mixin.py:188} INFO - [2023-12-21T13:12:49.688-0300] {dag.py:3820} INFO - Setting next_dagrun for example_skip_dag to 2023-12-20T00:00:00+00:00, run_after=2023-12-21T00:00:00+00:00
[2023-12-21T13:12:49.804-0300] {processor.py:183} INFO - Processing /home/myc-ti-2/airflow_workspace/airflow_env/lib/python3.10/site-packages/airflow/example_dags/example_skip_dag.py took 0.207 seconds
[2023-12-21T13:13:52.137-0300] {processor.py:161} INFO - Started process (PID=10306) to work on /home/myc-ti-2/airflow_workspace/airflow_env/lib/python3.10/site-packages/airflow/example_dags/example_skip_dag.py
[2023-12-21T13:13:52.139-0300] {processor.py:830} INFO - Processing file /home/myc-ti-2/airflow_workspace/airflow_env/lib/python3.10/site-packages/airflow/example_dags/example_skip_dag.py for tasks to queue
[2023-12-21T13:13:52.141-0300] {logging_mixin.py:188} INFO - [2023-12-21T13:13:52.140-0300] {dagbag.py:538} INFO - Filling up the DagBag from /home/myc-ti-2/airflow_workspace/airflow_env/lib/python3.10/site-packages/airflow/example_dags/example_skip_dag.py
[2023-12-21T13:13:52.159-0300] {processor.py:840} INFO - DAG(s) 'example_skip_dag' retrieved from /home/myc-ti-2/airflow_workspace/airflow_env/lib/python3.10/site-packages/airflow/example_dags/example_skip_dag.py
[2023-12-21T13:13:52.190-0300] {logging_mixin.py:188} INFO - [2023-12-21T13:13:52.190-0300] {dag.py:3033} INFO - Sync 1 DAGs
[2023-12-21T13:13:52.223-0300] {logging_mixin.py:188} INFO - [2023-12-21T13:13:52.222-0300] {dag.py:3820} INFO - Setting next_dagrun for example_skip_dag to 2023-12-20T00:00:00+00:00, run_after=2023-12-21T00:00:00+00:00
[2023-12-21T13:13:52.317-0300] {processor.py:183} INFO - Processing /home/myc-ti-2/airflow_workspace/airflow_env/lib/python3.10/site-packages/airflow/example_dags/example_skip_dag.py took 0.187 seconds
[2023-12-21T13:14:57.536-0300] {processor.py:161} INFO - Started process (PID=10443) to work on /home/myc-ti-2/airflow_workspace/airflow_env/lib/python3.10/site-packages/airflow/example_dags/example_skip_dag.py
[2023-12-21T13:14:57.538-0300] {processor.py:830} INFO - Processing file /home/myc-ti-2/airflow_workspace/airflow_env/lib/python3.10/site-packages/airflow/example_dags/example_skip_dag.py for tasks to queue
[2023-12-21T13:14:57.541-0300] {logging_mixin.py:188} INFO - [2023-12-21T13:14:57.540-0300] {dagbag.py:538} INFO - Filling up the DagBag from /home/myc-ti-2/airflow_workspace/airflow_env/lib/python3.10/site-packages/airflow/example_dags/example_skip_dag.py
[2023-12-21T13:14:57.559-0300] {processor.py:840} INFO - DAG(s) 'example_skip_dag' retrieved from /home/myc-ti-2/airflow_workspace/airflow_env/lib/python3.10/site-packages/airflow/example_dags/example_skip_dag.py
[2023-12-21T13:14:57.589-0300] {logging_mixin.py:188} INFO - [2023-12-21T13:14:57.588-0300] {dag.py:3033} INFO - Sync 1 DAGs
[2023-12-21T13:14:57.621-0300] {logging_mixin.py:188} INFO - [2023-12-21T13:14:57.620-0300] {dag.py:3820} INFO - Setting next_dagrun for example_skip_dag to 2023-12-20T00:00:00+00:00, run_after=2023-12-21T00:00:00+00:00
[2023-12-21T13:14:57.741-0300] {processor.py:183} INFO - Processing /home/myc-ti-2/airflow_workspace/airflow_env/lib/python3.10/site-packages/airflow/example_dags/example_skip_dag.py took 0.212 seconds
