[2023-12-21T12:57:19.815-0300] {processor.py:161} INFO - Started process (PID=6948) to work on /home/myc-ti-2/airflow_workspace/airflow_env/lib/python3.10/site-packages/airflow/example_dags/example_task_group.py
[2023-12-21T12:57:19.817-0300] {processor.py:830} INFO - Processing file /home/myc-ti-2/airflow_workspace/airflow_env/lib/python3.10/site-packages/airflow/example_dags/example_task_group.py for tasks to queue
[2023-12-21T12:57:19.819-0300] {logging_mixin.py:188} INFO - [2023-12-21T12:57:19.818-0300] {dagbag.py:538} INFO - Filling up the DagBag from /home/myc-ti-2/airflow_workspace/airflow_env/lib/python3.10/site-packages/airflow/example_dags/example_task_group.py
[2023-12-21T12:57:19.992-0300] {processor.py:840} INFO - DAG(s) 'example_task_group' retrieved from /home/myc-ti-2/airflow_workspace/airflow_env/lib/python3.10/site-packages/airflow/example_dags/example_task_group.py
[2023-12-21T12:57:20.316-0300] {logging_mixin.py:188} INFO - [2023-12-21T12:57:20.315-0300] {override.py:1769} INFO - Created Permission View: can edit on DAG:example_task_group
[2023-12-21T12:57:20.416-0300] {logging_mixin.py:188} INFO - [2023-12-21T12:57:20.415-0300] {override.py:1769} INFO - Created Permission View: can delete on DAG:example_task_group
[2023-12-21T12:57:20.625-0300] {logging_mixin.py:188} INFO - [2023-12-21T12:57:20.624-0300] {override.py:1769} INFO - Created Permission View: can read on DAG:example_task_group
[2023-12-21T12:57:20.626-0300] {logging_mixin.py:188} INFO - [2023-12-21T12:57:20.625-0300] {dag.py:3033} INFO - Sync 1 DAGs
[2023-12-21T12:57:20.651-0300] {logging_mixin.py:188} INFO - [2023-12-21T12:57:20.651-0300] {dag.py:3055} INFO - Creating ORM DAG for example_task_group
[2023-12-21T12:57:20.673-0300] {logging_mixin.py:188} INFO - [2023-12-21T12:57:20.672-0300] {dag.py:3820} INFO - Setting next_dagrun for example_task_group to 2023-12-20T00:00:00+00:00, run_after=2023-12-21T00:00:00+00:00
[2023-12-21T12:57:20.837-0300] {processor.py:183} INFO - Processing /home/myc-ti-2/airflow_workspace/airflow_env/lib/python3.10/site-packages/airflow/example_dags/example_task_group.py took 1.029 seconds
[2023-12-21T12:59:08.598-0300] {processor.py:161} INFO - Started process (PID=7120) to work on /home/myc-ti-2/airflow_workspace/airflow_env/lib/python3.10/site-packages/airflow/example_dags/example_task_group.py
[2023-12-21T12:59:08.600-0300] {processor.py:830} INFO - Processing file /home/myc-ti-2/airflow_workspace/airflow_env/lib/python3.10/site-packages/airflow/example_dags/example_task_group.py for tasks to queue
[2023-12-21T12:59:08.602-0300] {logging_mixin.py:188} INFO - [2023-12-21T12:59:08.602-0300] {dagbag.py:538} INFO - Filling up the DagBag from /home/myc-ti-2/airflow_workspace/airflow_env/lib/python3.10/site-packages/airflow/example_dags/example_task_group.py
[2023-12-21T12:59:08.622-0300] {processor.py:840} INFO - DAG(s) 'example_task_group' retrieved from /home/myc-ti-2/airflow_workspace/airflow_env/lib/python3.10/site-packages/airflow/example_dags/example_task_group.py
[2023-12-21T12:59:08.655-0300] {logging_mixin.py:188} INFO - [2023-12-21T12:59:08.654-0300] {dag.py:3033} INFO - Sync 1 DAGs
[2023-12-21T12:59:08.685-0300] {logging_mixin.py:188} INFO - [2023-12-21T12:59:08.685-0300] {dag.py:3820} INFO - Setting next_dagrun for example_task_group to 2023-12-20T00:00:00+00:00, run_after=2023-12-21T00:00:00+00:00
[2023-12-21T12:59:08.785-0300] {processor.py:183} INFO - Processing /home/myc-ti-2/airflow_workspace/airflow_env/lib/python3.10/site-packages/airflow/example_dags/example_task_group.py took 0.194 seconds
[2023-12-21T12:59:49.109-0300] {processor.py:161} INFO - Started process (PID=7161) to work on /home/myc-ti-2/airflow_workspace/airflow_env/lib/python3.10/site-packages/airflow/example_dags/example_task_group.py
[2023-12-21T12:59:49.116-0300] {processor.py:830} INFO - Processing file /home/myc-ti-2/airflow_workspace/airflow_env/lib/python3.10/site-packages/airflow/example_dags/example_task_group.py for tasks to queue
[2023-12-21T12:59:49.118-0300] {logging_mixin.py:188} INFO - [2023-12-21T12:59:49.117-0300] {dagbag.py:538} INFO - Filling up the DagBag from /home/myc-ti-2/airflow_workspace/airflow_env/lib/python3.10/site-packages/airflow/example_dags/example_task_group.py
[2023-12-21T12:59:49.138-0300] {processor.py:840} INFO - DAG(s) 'example_task_group' retrieved from /home/myc-ti-2/airflow_workspace/airflow_env/lib/python3.10/site-packages/airflow/example_dags/example_task_group.py
[2023-12-21T12:59:49.171-0300] {logging_mixin.py:188} INFO - [2023-12-21T12:59:49.171-0300] {dag.py:3033} INFO - Sync 1 DAGs
[2023-12-21T12:59:49.202-0300] {logging_mixin.py:188} INFO - [2023-12-21T12:59:49.201-0300] {dag.py:3820} INFO - Setting next_dagrun for example_task_group to 2023-12-20T00:00:00+00:00, run_after=2023-12-21T00:00:00+00:00
[2023-12-21T12:59:49.302-0300] {processor.py:183} INFO - Processing /home/myc-ti-2/airflow_workspace/airflow_env/lib/python3.10/site-packages/airflow/example_dags/example_task_group.py took 0.200 seconds
[2023-12-21T13:00:53.669-0300] {processor.py:161} INFO - Started process (PID=7245) to work on /home/myc-ti-2/airflow_workspace/airflow_env/lib/python3.10/site-packages/airflow/example_dags/example_task_group.py
[2023-12-21T13:00:53.671-0300] {processor.py:830} INFO - Processing file /home/myc-ti-2/airflow_workspace/airflow_env/lib/python3.10/site-packages/airflow/example_dags/example_task_group.py for tasks to queue
[2023-12-21T13:00:53.673-0300] {logging_mixin.py:188} INFO - [2023-12-21T13:00:53.672-0300] {dagbag.py:538} INFO - Filling up the DagBag from /home/myc-ti-2/airflow_workspace/airflow_env/lib/python3.10/site-packages/airflow/example_dags/example_task_group.py
[2023-12-21T13:00:53.694-0300] {processor.py:840} INFO - DAG(s) 'example_task_group' retrieved from /home/myc-ti-2/airflow_workspace/airflow_env/lib/python3.10/site-packages/airflow/example_dags/example_task_group.py
[2023-12-21T13:00:53.726-0300] {logging_mixin.py:188} INFO - [2023-12-21T13:00:53.726-0300] {dag.py:3033} INFO - Sync 1 DAGs
[2023-12-21T13:00:53.759-0300] {logging_mixin.py:188} INFO - [2023-12-21T13:00:53.759-0300] {dag.py:3820} INFO - Setting next_dagrun for example_task_group to 2023-12-20T00:00:00+00:00, run_after=2023-12-21T00:00:00+00:00
[2023-12-21T13:00:53.883-0300] {processor.py:183} INFO - Processing /home/myc-ti-2/airflow_workspace/airflow_env/lib/python3.10/site-packages/airflow/example_dags/example_task_group.py took 0.222 seconds
[2023-12-21T13:01:56.830-0300] {processor.py:161} INFO - Started process (PID=7314) to work on /home/myc-ti-2/airflow_workspace/airflow_env/lib/python3.10/site-packages/airflow/example_dags/example_task_group.py
[2023-12-21T13:01:56.835-0300] {processor.py:830} INFO - Processing file /home/myc-ti-2/airflow_workspace/airflow_env/lib/python3.10/site-packages/airflow/example_dags/example_task_group.py for tasks to queue
[2023-12-21T13:01:56.837-0300] {logging_mixin.py:188} INFO - [2023-12-21T13:01:56.836-0300] {dagbag.py:538} INFO - Filling up the DagBag from /home/myc-ti-2/airflow_workspace/airflow_env/lib/python3.10/site-packages/airflow/example_dags/example_task_group.py
[2023-12-21T13:01:56.857-0300] {processor.py:840} INFO - DAG(s) 'example_task_group' retrieved from /home/myc-ti-2/airflow_workspace/airflow_env/lib/python3.10/site-packages/airflow/example_dags/example_task_group.py
[2023-12-21T13:01:56.889-0300] {logging_mixin.py:188} INFO - [2023-12-21T13:01:56.889-0300] {dag.py:3033} INFO - Sync 1 DAGs
[2023-12-21T13:01:56.920-0300] {logging_mixin.py:188} INFO - [2023-12-21T13:01:56.920-0300] {dag.py:3820} INFO - Setting next_dagrun for example_task_group to 2023-12-20T00:00:00+00:00, run_after=2023-12-21T00:00:00+00:00
[2023-12-21T13:01:57.020-0300] {processor.py:183} INFO - Processing /home/myc-ti-2/airflow_workspace/airflow_env/lib/python3.10/site-packages/airflow/example_dags/example_task_group.py took 0.197 seconds
[2023-12-21T13:02:39.151-0300] {processor.py:161} INFO - Started process (PID=7366) to work on /home/myc-ti-2/airflow_workspace/airflow_env/lib/python3.10/site-packages/airflow/example_dags/example_task_group.py
[2023-12-21T13:02:39.166-0300] {processor.py:830} INFO - Processing file /home/myc-ti-2/airflow_workspace/airflow_env/lib/python3.10/site-packages/airflow/example_dags/example_task_group.py for tasks to queue
[2023-12-21T13:02:39.167-0300] {logging_mixin.py:188} INFO - [2023-12-21T13:02:39.167-0300] {dagbag.py:538} INFO - Filling up the DagBag from /home/myc-ti-2/airflow_workspace/airflow_env/lib/python3.10/site-packages/airflow/example_dags/example_task_group.py
[2023-12-21T13:02:39.178-0300] {processor.py:840} INFO - DAG(s) 'example_task_group' retrieved from /home/myc-ti-2/airflow_workspace/airflow_env/lib/python3.10/site-packages/airflow/example_dags/example_task_group.py
[2023-12-21T13:02:39.200-0300] {logging_mixin.py:188} INFO - [2023-12-21T13:02:39.200-0300] {dag.py:3033} INFO - Sync 1 DAGs
[2023-12-21T13:02:39.226-0300] {logging_mixin.py:188} INFO - [2023-12-21T13:02:39.225-0300] {dag.py:3820} INFO - Setting next_dagrun for example_task_group to 2023-12-20T00:00:00+00:00, run_after=2023-12-21T00:00:00+00:00
[2023-12-21T13:02:39.331-0300] {processor.py:183} INFO - Processing /home/myc-ti-2/airflow_workspace/airflow_env/lib/python3.10/site-packages/airflow/example_dags/example_task_group.py took 0.186 seconds
[2023-12-21T13:03:35.667-0300] {processor.py:161} INFO - Started process (PID=7428) to work on /home/myc-ti-2/airflow_workspace/airflow_env/lib/python3.10/site-packages/airflow/example_dags/example_task_group.py
[2023-12-21T13:03:35.677-0300] {processor.py:830} INFO - Processing file /home/myc-ti-2/airflow_workspace/airflow_env/lib/python3.10/site-packages/airflow/example_dags/example_task_group.py for tasks to queue
[2023-12-21T13:03:35.679-0300] {logging_mixin.py:188} INFO - [2023-12-21T13:03:35.678-0300] {dagbag.py:538} INFO - Filling up the DagBag from /home/myc-ti-2/airflow_workspace/airflow_env/lib/python3.10/site-packages/airflow/example_dags/example_task_group.py
[2023-12-21T13:03:35.699-0300] {processor.py:840} INFO - DAG(s) 'example_task_group' retrieved from /home/myc-ti-2/airflow_workspace/airflow_env/lib/python3.10/site-packages/airflow/example_dags/example_task_group.py
[2023-12-21T13:03:35.734-0300] {logging_mixin.py:188} INFO - [2023-12-21T13:03:35.734-0300] {dag.py:3033} INFO - Sync 1 DAGs
[2023-12-21T13:03:35.765-0300] {logging_mixin.py:188} INFO - [2023-12-21T13:03:35.765-0300] {dag.py:3820} INFO - Setting next_dagrun for example_task_group to 2023-12-20T00:00:00+00:00, run_after=2023-12-21T00:00:00+00:00
[2023-12-21T13:03:35.867-0300] {processor.py:183} INFO - Processing /home/myc-ti-2/airflow_workspace/airflow_env/lib/python3.10/site-packages/airflow/example_dags/example_task_group.py took 0.207 seconds
[2023-12-21T13:04:34.759-0300] {processor.py:161} INFO - Started process (PID=7484) to work on /home/myc-ti-2/airflow_workspace/airflow_env/lib/python3.10/site-packages/airflow/example_dags/example_task_group.py
[2023-12-21T13:04:34.762-0300] {processor.py:830} INFO - Processing file /home/myc-ti-2/airflow_workspace/airflow_env/lib/python3.10/site-packages/airflow/example_dags/example_task_group.py for tasks to queue
[2023-12-21T13:04:34.764-0300] {logging_mixin.py:188} INFO - [2023-12-21T13:04:34.763-0300] {dagbag.py:538} INFO - Filling up the DagBag from /home/myc-ti-2/airflow_workspace/airflow_env/lib/python3.10/site-packages/airflow/example_dags/example_task_group.py
[2023-12-21T13:04:34.784-0300] {processor.py:840} INFO - DAG(s) 'example_task_group' retrieved from /home/myc-ti-2/airflow_workspace/airflow_env/lib/python3.10/site-packages/airflow/example_dags/example_task_group.py
[2023-12-21T13:04:34.813-0300] {logging_mixin.py:188} INFO - [2023-12-21T13:04:34.813-0300] {dag.py:3033} INFO - Sync 1 DAGs
[2023-12-21T13:04:34.845-0300] {logging_mixin.py:188} INFO - [2023-12-21T13:04:34.845-0300] {dag.py:3820} INFO - Setting next_dagrun for example_task_group to 2023-12-20T00:00:00+00:00, run_after=2023-12-21T00:00:00+00:00
[2023-12-21T13:04:34.947-0300] {processor.py:183} INFO - Processing /home/myc-ti-2/airflow_workspace/airflow_env/lib/python3.10/site-packages/airflow/example_dags/example_task_group.py took 0.195 seconds
[2023-12-21T13:05:43.395-0300] {processor.py:161} INFO - Started process (PID=7554) to work on /home/myc-ti-2/airflow_workspace/airflow_env/lib/python3.10/site-packages/airflow/example_dags/example_task_group.py
[2023-12-21T13:05:43.413-0300] {processor.py:830} INFO - Processing file /home/myc-ti-2/airflow_workspace/airflow_env/lib/python3.10/site-packages/airflow/example_dags/example_task_group.py for tasks to queue
[2023-12-21T13:05:43.415-0300] {logging_mixin.py:188} INFO - [2023-12-21T13:05:43.414-0300] {dagbag.py:538} INFO - Filling up the DagBag from /home/myc-ti-2/airflow_workspace/airflow_env/lib/python3.10/site-packages/airflow/example_dags/example_task_group.py
[2023-12-21T13:05:43.430-0300] {processor.py:840} INFO - DAG(s) 'example_task_group' retrieved from /home/myc-ti-2/airflow_workspace/airflow_env/lib/python3.10/site-packages/airflow/example_dags/example_task_group.py
[2023-12-21T13:05:43.463-0300] {logging_mixin.py:188} INFO - [2023-12-21T13:05:43.463-0300] {dag.py:3033} INFO - Sync 1 DAGs
[2023-12-21T13:05:43.500-0300] {logging_mixin.py:188} INFO - [2023-12-21T13:05:43.499-0300] {dag.py:3820} INFO - Setting next_dagrun for example_task_group to 2023-12-20T00:00:00+00:00, run_after=2023-12-21T00:00:00+00:00
[2023-12-21T13:05:43.614-0300] {processor.py:183} INFO - Processing /home/myc-ti-2/airflow_workspace/airflow_env/lib/python3.10/site-packages/airflow/example_dags/example_task_group.py took 0.224 seconds
[2023-12-21T13:06:58.336-0300] {processor.py:161} INFO - Started process (PID=7702) to work on /home/myc-ti-2/airflow_workspace/airflow_env/lib/python3.10/site-packages/airflow/example_dags/example_task_group.py
[2023-12-21T13:06:58.350-0300] {processor.py:830} INFO - Processing file /home/myc-ti-2/airflow_workspace/airflow_env/lib/python3.10/site-packages/airflow/example_dags/example_task_group.py for tasks to queue
[2023-12-21T13:06:58.352-0300] {logging_mixin.py:188} INFO - [2023-12-21T13:06:58.351-0300] {dagbag.py:538} INFO - Filling up the DagBag from /home/myc-ti-2/airflow_workspace/airflow_env/lib/python3.10/site-packages/airflow/example_dags/example_task_group.py
[2023-12-21T13:06:58.372-0300] {processor.py:840} INFO - DAG(s) 'example_task_group' retrieved from /home/myc-ti-2/airflow_workspace/airflow_env/lib/python3.10/site-packages/airflow/example_dags/example_task_group.py
[2023-12-21T13:06:58.412-0300] {logging_mixin.py:188} INFO - [2023-12-21T13:06:58.411-0300] {dag.py:3033} INFO - Sync 1 DAGs
[2023-12-21T13:06:58.446-0300] {logging_mixin.py:188} INFO - [2023-12-21T13:06:58.445-0300] {dag.py:3820} INFO - Setting next_dagrun for example_task_group to 2023-12-20T00:00:00+00:00, run_after=2023-12-21T00:00:00+00:00
[2023-12-21T13:06:58.568-0300] {processor.py:183} INFO - Processing /home/myc-ti-2/airflow_workspace/airflow_env/lib/python3.10/site-packages/airflow/example_dags/example_task_group.py took 0.240 seconds
[2023-12-21T13:08:14.362-0300] {processor.py:161} INFO - Started process (PID=8504) to work on /home/myc-ti-2/airflow_workspace/airflow_env/lib/python3.10/site-packages/airflow/example_dags/example_task_group.py
[2023-12-21T13:08:14.380-0300] {processor.py:830} INFO - Processing file /home/myc-ti-2/airflow_workspace/airflow_env/lib/python3.10/site-packages/airflow/example_dags/example_task_group.py for tasks to queue
[2023-12-21T13:08:14.381-0300] {logging_mixin.py:188} INFO - [2023-12-21T13:08:14.380-0300] {dagbag.py:538} INFO - Filling up the DagBag from /home/myc-ti-2/airflow_workspace/airflow_env/lib/python3.10/site-packages/airflow/example_dags/example_task_group.py
[2023-12-21T13:08:14.393-0300] {processor.py:840} INFO - DAG(s) 'example_task_group' retrieved from /home/myc-ti-2/airflow_workspace/airflow_env/lib/python3.10/site-packages/airflow/example_dags/example_task_group.py
[2023-12-21T13:08:14.419-0300] {logging_mixin.py:188} INFO - [2023-12-21T13:08:14.419-0300] {dag.py:3033} INFO - Sync 1 DAGs
[2023-12-21T13:08:14.449-0300] {logging_mixin.py:188} INFO - [2023-12-21T13:08:14.448-0300] {dag.py:3820} INFO - Setting next_dagrun for example_task_group to 2023-12-20T00:00:00+00:00, run_after=2023-12-21T00:00:00+00:00
[2023-12-21T13:08:14.627-0300] {processor.py:183} INFO - Processing /home/myc-ti-2/airflow_workspace/airflow_env/lib/python3.10/site-packages/airflow/example_dags/example_task_group.py took 0.269 seconds
[2023-12-21T13:09:14.668-0300] {processor.py:161} INFO - Started process (PID=9232) to work on /home/myc-ti-2/airflow_workspace/airflow_env/lib/python3.10/site-packages/airflow/example_dags/example_task_group.py
[2023-12-21T13:09:14.704-0300] {processor.py:830} INFO - Processing file /home/myc-ti-2/airflow_workspace/airflow_env/lib/python3.10/site-packages/airflow/example_dags/example_task_group.py for tasks to queue
[2023-12-21T13:09:14.705-0300] {logging_mixin.py:188} INFO - [2023-12-21T13:09:14.705-0300] {dagbag.py:538} INFO - Filling up the DagBag from /home/myc-ti-2/airflow_workspace/airflow_env/lib/python3.10/site-packages/airflow/example_dags/example_task_group.py
[2023-12-21T13:09:14.719-0300] {processor.py:840} INFO - DAG(s) 'example_task_group' retrieved from /home/myc-ti-2/airflow_workspace/airflow_env/lib/python3.10/site-packages/airflow/example_dags/example_task_group.py
[2023-12-21T13:09:14.753-0300] {logging_mixin.py:188} INFO - [2023-12-21T13:09:14.753-0300] {dag.py:3033} INFO - Sync 1 DAGs
[2023-12-21T13:09:14.790-0300] {logging_mixin.py:188} INFO - [2023-12-21T13:09:14.790-0300] {dag.py:3820} INFO - Setting next_dagrun for example_task_group to 2023-12-20T00:00:00+00:00, run_after=2023-12-21T00:00:00+00:00
[2023-12-21T13:09:14.981-0300] {processor.py:183} INFO - Processing /home/myc-ti-2/airflow_workspace/airflow_env/lib/python3.10/site-packages/airflow/example_dags/example_task_group.py took 0.318 seconds
[2023-12-21T13:10:25.776-0300] {processor.py:161} INFO - Started process (PID=9428) to work on /home/myc-ti-2/airflow_workspace/airflow_env/lib/python3.10/site-packages/airflow/example_dags/example_task_group.py
[2023-12-21T13:10:25.793-0300] {processor.py:830} INFO - Processing file /home/myc-ti-2/airflow_workspace/airflow_env/lib/python3.10/site-packages/airflow/example_dags/example_task_group.py for tasks to queue
[2023-12-21T13:10:25.795-0300] {logging_mixin.py:188} INFO - [2023-12-21T13:10:25.794-0300] {dagbag.py:538} INFO - Filling up the DagBag from /home/myc-ti-2/airflow_workspace/airflow_env/lib/python3.10/site-packages/airflow/example_dags/example_task_group.py
[2023-12-21T13:10:25.815-0300] {processor.py:840} INFO - DAG(s) 'example_task_group' retrieved from /home/myc-ti-2/airflow_workspace/airflow_env/lib/python3.10/site-packages/airflow/example_dags/example_task_group.py
[2023-12-21T13:10:25.854-0300] {logging_mixin.py:188} INFO - [2023-12-21T13:10:25.853-0300] {dag.py:3033} INFO - Sync 1 DAGs
[2023-12-21T13:10:25.885-0300] {logging_mixin.py:188} INFO - [2023-12-21T13:10:25.885-0300] {dag.py:3820} INFO - Setting next_dagrun for example_task_group to 2023-12-20T00:00:00+00:00, run_after=2023-12-21T00:00:00+00:00
[2023-12-21T13:10:26.122-0300] {processor.py:183} INFO - Processing /home/myc-ti-2/airflow_workspace/airflow_env/lib/python3.10/site-packages/airflow/example_dags/example_task_group.py took 0.353 seconds
[2023-12-21T13:11:32.117-0300] {processor.py:161} INFO - Started process (PID=9831) to work on /home/myc-ti-2/airflow_workspace/airflow_env/lib/python3.10/site-packages/airflow/example_dags/example_task_group.py
[2023-12-21T13:11:32.131-0300] {processor.py:830} INFO - Processing file /home/myc-ti-2/airflow_workspace/airflow_env/lib/python3.10/site-packages/airflow/example_dags/example_task_group.py for tasks to queue
[2023-12-21T13:11:32.133-0300] {logging_mixin.py:188} INFO - [2023-12-21T13:11:32.132-0300] {dagbag.py:538} INFO - Filling up the DagBag from /home/myc-ti-2/airflow_workspace/airflow_env/lib/python3.10/site-packages/airflow/example_dags/example_task_group.py
[2023-12-21T13:11:32.147-0300] {processor.py:840} INFO - DAG(s) 'example_task_group' retrieved from /home/myc-ti-2/airflow_workspace/airflow_env/lib/python3.10/site-packages/airflow/example_dags/example_task_group.py
[2023-12-21T13:11:32.172-0300] {logging_mixin.py:188} INFO - [2023-12-21T13:11:32.172-0300] {dag.py:3033} INFO - Sync 1 DAGs
[2023-12-21T13:11:32.198-0300] {logging_mixin.py:188} INFO - [2023-12-21T13:11:32.198-0300] {dag.py:3820} INFO - Setting next_dagrun for example_task_group to 2023-12-20T00:00:00+00:00, run_after=2023-12-21T00:00:00+00:00
[2023-12-21T13:11:32.320-0300] {processor.py:183} INFO - Processing /home/myc-ti-2/airflow_workspace/airflow_env/lib/python3.10/site-packages/airflow/example_dags/example_task_group.py took 0.207 seconds
[2023-12-21T13:12:33.953-0300] {processor.py:161} INFO - Started process (PID=10093) to work on /home/myc-ti-2/airflow_workspace/airflow_env/lib/python3.10/site-packages/airflow/example_dags/example_task_group.py
[2023-12-21T13:12:33.955-0300] {processor.py:830} INFO - Processing file /home/myc-ti-2/airflow_workspace/airflow_env/lib/python3.10/site-packages/airflow/example_dags/example_task_group.py for tasks to queue
[2023-12-21T13:12:33.957-0300] {logging_mixin.py:188} INFO - [2023-12-21T13:12:33.956-0300] {dagbag.py:538} INFO - Filling up the DagBag from /home/myc-ti-2/airflow_workspace/airflow_env/lib/python3.10/site-packages/airflow/example_dags/example_task_group.py
[2023-12-21T13:12:33.977-0300] {processor.py:840} INFO - DAG(s) 'example_task_group' retrieved from /home/myc-ti-2/airflow_workspace/airflow_env/lib/python3.10/site-packages/airflow/example_dags/example_task_group.py
[2023-12-21T13:12:34.007-0300] {logging_mixin.py:188} INFO - [2023-12-21T13:12:34.007-0300] {dag.py:3033} INFO - Sync 1 DAGs
[2023-12-21T13:12:34.038-0300] {logging_mixin.py:188} INFO - [2023-12-21T13:12:34.038-0300] {dag.py:3820} INFO - Setting next_dagrun for example_task_group to 2023-12-20T00:00:00+00:00, run_after=2023-12-21T00:00:00+00:00
[2023-12-21T13:12:34.173-0300] {processor.py:183} INFO - Processing /home/myc-ti-2/airflow_workspace/airflow_env/lib/python3.10/site-packages/airflow/example_dags/example_task_group.py took 0.227 seconds
[2023-12-21T13:13:37.100-0300] {processor.py:161} INFO - Started process (PID=10293) to work on /home/myc-ti-2/airflow_workspace/airflow_env/lib/python3.10/site-packages/airflow/example_dags/example_task_group.py
[2023-12-21T13:13:37.102-0300] {processor.py:830} INFO - Processing file /home/myc-ti-2/airflow_workspace/airflow_env/lib/python3.10/site-packages/airflow/example_dags/example_task_group.py for tasks to queue
[2023-12-21T13:13:37.104-0300] {logging_mixin.py:188} INFO - [2023-12-21T13:13:37.103-0300] {dagbag.py:538} INFO - Filling up the DagBag from /home/myc-ti-2/airflow_workspace/airflow_env/lib/python3.10/site-packages/airflow/example_dags/example_task_group.py
[2023-12-21T13:13:37.124-0300] {processor.py:840} INFO - DAG(s) 'example_task_group' retrieved from /home/myc-ti-2/airflow_workspace/airflow_env/lib/python3.10/site-packages/airflow/example_dags/example_task_group.py
[2023-12-21T13:13:37.155-0300] {logging_mixin.py:188} INFO - [2023-12-21T13:13:37.155-0300] {dag.py:3033} INFO - Sync 1 DAGs
[2023-12-21T13:13:37.186-0300] {logging_mixin.py:188} INFO - [2023-12-21T13:13:37.185-0300] {dag.py:3820} INFO - Setting next_dagrun for example_task_group to 2023-12-20T00:00:00+00:00, run_after=2023-12-21T00:00:00+00:00
[2023-12-21T13:13:37.304-0300] {processor.py:183} INFO - Processing /home/myc-ti-2/airflow_workspace/airflow_env/lib/python3.10/site-packages/airflow/example_dags/example_task_group.py took 0.212 seconds
[2023-12-21T13:14:41.064-0300] {processor.py:161} INFO - Started process (PID=10353) to work on /home/myc-ti-2/airflow_workspace/airflow_env/lib/python3.10/site-packages/airflow/example_dags/example_task_group.py
[2023-12-21T13:14:41.085-0300] {processor.py:830} INFO - Processing file /home/myc-ti-2/airflow_workspace/airflow_env/lib/python3.10/site-packages/airflow/example_dags/example_task_group.py for tasks to queue
[2023-12-21T13:14:41.087-0300] {logging_mixin.py:188} INFO - [2023-12-21T13:14:41.086-0300] {dagbag.py:538} INFO - Filling up the DagBag from /home/myc-ti-2/airflow_workspace/airflow_env/lib/python3.10/site-packages/airflow/example_dags/example_task_group.py
[2023-12-21T13:14:41.109-0300] {processor.py:840} INFO - DAG(s) 'example_task_group' retrieved from /home/myc-ti-2/airflow_workspace/airflow_env/lib/python3.10/site-packages/airflow/example_dags/example_task_group.py
[2023-12-21T13:14:41.149-0300] {logging_mixin.py:188} INFO - [2023-12-21T13:14:41.149-0300] {dag.py:3033} INFO - Sync 1 DAGs
[2023-12-21T13:14:41.184-0300] {logging_mixin.py:188} INFO - [2023-12-21T13:14:41.183-0300] {dag.py:3820} INFO - Setting next_dagrun for example_task_group to 2023-12-20T00:00:00+00:00, run_after=2023-12-21T00:00:00+00:00
[2023-12-21T13:14:41.293-0300] {processor.py:183} INFO - Processing /home/myc-ti-2/airflow_workspace/airflow_env/lib/python3.10/site-packages/airflow/example_dags/example_task_group.py took 0.236 seconds
