[2023-12-21T12:58:41.906-0300] {processor.py:161} INFO - Started process (PID=7085) to work on /home/myc-ti-2/airflow_workspace/airflow_env/lib/python3.10/site-packages/airflow/example_dags/example_latest_only.py
[2023-12-21T12:58:41.908-0300] {processor.py:830} INFO - Processing file /home/myc-ti-2/airflow_workspace/airflow_env/lib/python3.10/site-packages/airflow/example_dags/example_latest_only.py for tasks to queue
[2023-12-21T12:58:41.910-0300] {logging_mixin.py:188} INFO - [2023-12-21T12:58:41.909-0300] {dagbag.py:538} INFO - Filling up the DagBag from /home/myc-ti-2/airflow_workspace/airflow_env/lib/python3.10/site-packages/airflow/example_dags/example_latest_only.py
[2023-12-21T12:58:41.922-0300] {processor.py:840} INFO - DAG(s) 'latest_only' retrieved from /home/myc-ti-2/airflow_workspace/airflow_env/lib/python3.10/site-packages/airflow/example_dags/example_latest_only.py
[2023-12-21T12:58:42.224-0300] {logging_mixin.py:188} INFO - [2023-12-21T12:58:42.220-0300] {override.py:1769} INFO - Created Permission View: can edit on DAG:latest_only
[2023-12-21T12:58:42.321-0300] {logging_mixin.py:188} INFO - [2023-12-21T12:58:42.320-0300] {override.py:1769} INFO - Created Permission View: can delete on DAG:latest_only
[2023-12-21T12:58:42.446-0300] {logging_mixin.py:188} INFO - [2023-12-21T12:58:42.445-0300] {override.py:1769} INFO - Created Permission View: can read on DAG:latest_only
[2023-12-21T12:58:42.446-0300] {logging_mixin.py:188} INFO - [2023-12-21T12:58:42.446-0300] {dag.py:3033} INFO - Sync 1 DAGs
[2023-12-21T12:58:42.474-0300] {logging_mixin.py:188} INFO - [2023-12-21T12:58:42.474-0300] {dag.py:3055} INFO - Creating ORM DAG for latest_only
[2023-12-21T12:58:42.497-0300] {logging_mixin.py:188} INFO - [2023-12-21T12:58:42.496-0300] {dag.py:3820} INFO - Setting next_dagrun for latest_only to 2023-12-21T08:00:00+00:00, run_after=2023-12-21T12:00:00+00:00
[2023-12-21T12:58:42.659-0300] {processor.py:183} INFO - Processing /home/myc-ti-2/airflow_workspace/airflow_env/lib/python3.10/site-packages/airflow/example_dags/example_latest_only.py took 0.760 seconds
[2023-12-21T12:59:55.951-0300] {processor.py:161} INFO - Started process (PID=7167) to work on /home/myc-ti-2/airflow_workspace/airflow_env/lib/python3.10/site-packages/airflow/example_dags/example_latest_only.py
[2023-12-21T12:59:55.969-0300] {processor.py:830} INFO - Processing file /home/myc-ti-2/airflow_workspace/airflow_env/lib/python3.10/site-packages/airflow/example_dags/example_latest_only.py for tasks to queue
[2023-12-21T12:59:55.971-0300] {logging_mixin.py:188} INFO - [2023-12-21T12:59:55.970-0300] {dagbag.py:538} INFO - Filling up the DagBag from /home/myc-ti-2/airflow_workspace/airflow_env/lib/python3.10/site-packages/airflow/example_dags/example_latest_only.py
[2023-12-21T12:59:55.983-0300] {processor.py:840} INFO - DAG(s) 'latest_only' retrieved from /home/myc-ti-2/airflow_workspace/airflow_env/lib/python3.10/site-packages/airflow/example_dags/example_latest_only.py
[2023-12-21T12:59:56.021-0300] {logging_mixin.py:188} INFO - [2023-12-21T12:59:56.020-0300] {dag.py:3033} INFO - Sync 1 DAGs
[2023-12-21T12:59:56.053-0300] {logging_mixin.py:188} INFO - [2023-12-21T12:59:56.052-0300] {dag.py:3820} INFO - Setting next_dagrun for latest_only to 2023-12-21T08:00:00+00:00, run_after=2023-12-21T12:00:00+00:00
[2023-12-21T12:59:56.153-0300] {processor.py:183} INFO - Processing /home/myc-ti-2/airflow_workspace/airflow_env/lib/python3.10/site-packages/airflow/example_dags/example_latest_only.py took 0.209 seconds
[2023-12-21T13:01:08.411-0300] {processor.py:161} INFO - Started process (PID=7264) to work on /home/myc-ti-2/airflow_workspace/airflow_env/lib/python3.10/site-packages/airflow/example_dags/example_latest_only.py
[2023-12-21T13:01:08.413-0300] {processor.py:830} INFO - Processing file /home/myc-ti-2/airflow_workspace/airflow_env/lib/python3.10/site-packages/airflow/example_dags/example_latest_only.py for tasks to queue
[2023-12-21T13:01:08.414-0300] {logging_mixin.py:188} INFO - [2023-12-21T13:01:08.413-0300] {dagbag.py:538} INFO - Filling up the DagBag from /home/myc-ti-2/airflow_workspace/airflow_env/lib/python3.10/site-packages/airflow/example_dags/example_latest_only.py
[2023-12-21T13:01:08.422-0300] {processor.py:840} INFO - DAG(s) 'latest_only' retrieved from /home/myc-ti-2/airflow_workspace/airflow_env/lib/python3.10/site-packages/airflow/example_dags/example_latest_only.py
[2023-12-21T13:01:08.447-0300] {logging_mixin.py:188} INFO - [2023-12-21T13:01:08.447-0300] {dag.py:3033} INFO - Sync 1 DAGs
[2023-12-21T13:01:08.482-0300] {logging_mixin.py:188} INFO - [2023-12-21T13:01:08.481-0300] {dag.py:3820} INFO - Setting next_dagrun for latest_only to 2023-12-21T12:00:00+00:00, run_after=2023-12-21T16:00:00+00:00
[2023-12-21T13:01:08.602-0300] {processor.py:183} INFO - Processing /home/myc-ti-2/airflow_workspace/airflow_env/lib/python3.10/site-packages/airflow/example_dags/example_latest_only.py took 0.198 seconds
[2023-12-21T13:02:10.941-0300] {processor.py:161} INFO - Started process (PID=7343) to work on /home/myc-ti-2/airflow_workspace/airflow_env/lib/python3.10/site-packages/airflow/example_dags/example_latest_only.py
[2023-12-21T13:02:10.972-0300] {processor.py:830} INFO - Processing file /home/myc-ti-2/airflow_workspace/airflow_env/lib/python3.10/site-packages/airflow/example_dags/example_latest_only.py for tasks to queue
[2023-12-21T13:02:10.974-0300] {logging_mixin.py:188} INFO - [2023-12-21T13:02:10.973-0300] {dagbag.py:538} INFO - Filling up the DagBag from /home/myc-ti-2/airflow_workspace/airflow_env/lib/python3.10/site-packages/airflow/example_dags/example_latest_only.py
[2023-12-21T13:02:10.982-0300] {processor.py:840} INFO - DAG(s) 'latest_only' retrieved from /home/myc-ti-2/airflow_workspace/airflow_env/lib/python3.10/site-packages/airflow/example_dags/example_latest_only.py
[2023-12-21T13:02:13.922-0300] {logging_mixin.py:188} INFO - [2023-12-21T13:02:13.922-0300] {dag.py:3033} INFO - Sync 1 DAGs
[2023-12-21T13:02:14.045-0300] {logging_mixin.py:188} INFO - [2023-12-21T13:02:14.045-0300] {dag.py:3820} INFO - Setting next_dagrun for latest_only to 2023-12-21T12:00:00+00:00, run_after=2023-12-21T16:00:00+00:00
[2023-12-21T13:02:14.246-0300] {processor.py:183} INFO - Processing /home/myc-ti-2/airflow_workspace/airflow_env/lib/python3.10/site-packages/airflow/example_dags/example_latest_only.py took 3.310 seconds
[2023-12-21T13:03:16.537-0300] {processor.py:161} INFO - Started process (PID=7410) to work on /home/myc-ti-2/airflow_workspace/airflow_env/lib/python3.10/site-packages/airflow/example_dags/example_latest_only.py
[2023-12-21T13:03:16.538-0300] {processor.py:830} INFO - Processing file /home/myc-ti-2/airflow_workspace/airflow_env/lib/python3.10/site-packages/airflow/example_dags/example_latest_only.py for tasks to queue
[2023-12-21T13:03:16.540-0300] {logging_mixin.py:188} INFO - [2023-12-21T13:03:16.539-0300] {dagbag.py:538} INFO - Filling up the DagBag from /home/myc-ti-2/airflow_workspace/airflow_env/lib/python3.10/site-packages/airflow/example_dags/example_latest_only.py
[2023-12-21T13:03:16.547-0300] {processor.py:840} INFO - DAG(s) 'latest_only' retrieved from /home/myc-ti-2/airflow_workspace/airflow_env/lib/python3.10/site-packages/airflow/example_dags/example_latest_only.py
[2023-12-21T13:03:16.568-0300] {logging_mixin.py:188} INFO - [2023-12-21T13:03:16.568-0300] {dag.py:3033} INFO - Sync 1 DAGs
[2023-12-21T13:03:16.594-0300] {logging_mixin.py:188} INFO - [2023-12-21T13:03:16.593-0300] {dag.py:3820} INFO - Setting next_dagrun for latest_only to 2023-12-21T12:00:00+00:00, run_after=2023-12-21T16:00:00+00:00
[2023-12-21T13:03:16.693-0300] {processor.py:183} INFO - Processing /home/myc-ti-2/airflow_workspace/airflow_env/lib/python3.10/site-packages/airflow/example_dags/example_latest_only.py took 0.160 seconds
[2023-12-21T13:04:16.345-0300] {processor.py:161} INFO - Started process (PID=7467) to work on /home/myc-ti-2/airflow_workspace/airflow_env/lib/python3.10/site-packages/airflow/example_dags/example_latest_only.py
[2023-12-21T13:04:16.347-0300] {processor.py:830} INFO - Processing file /home/myc-ti-2/airflow_workspace/airflow_env/lib/python3.10/site-packages/airflow/example_dags/example_latest_only.py for tasks to queue
[2023-12-21T13:04:16.348-0300] {logging_mixin.py:188} INFO - [2023-12-21T13:04:16.347-0300] {dagbag.py:538} INFO - Filling up the DagBag from /home/myc-ti-2/airflow_workspace/airflow_env/lib/python3.10/site-packages/airflow/example_dags/example_latest_only.py
[2023-12-21T13:04:16.355-0300] {processor.py:840} INFO - DAG(s) 'latest_only' retrieved from /home/myc-ti-2/airflow_workspace/airflow_env/lib/python3.10/site-packages/airflow/example_dags/example_latest_only.py
[2023-12-21T13:04:16.376-0300] {logging_mixin.py:188} INFO - [2023-12-21T13:04:16.376-0300] {dag.py:3033} INFO - Sync 1 DAGs
[2023-12-21T13:04:16.403-0300] {logging_mixin.py:188} INFO - [2023-12-21T13:04:16.402-0300] {dag.py:3820} INFO - Setting next_dagrun for latest_only to 2023-12-21T12:00:00+00:00, run_after=2023-12-21T16:00:00+00:00
[2023-12-21T13:04:16.506-0300] {processor.py:183} INFO - Processing /home/myc-ti-2/airflow_workspace/airflow_env/lib/python3.10/site-packages/airflow/example_dags/example_latest_only.py took 0.164 seconds
[2023-12-21T13:05:15.518-0300] {processor.py:161} INFO - Started process (PID=7524) to work on /home/myc-ti-2/airflow_workspace/airflow_env/lib/python3.10/site-packages/airflow/example_dags/example_latest_only.py
[2023-12-21T13:05:15.520-0300] {processor.py:830} INFO - Processing file /home/myc-ti-2/airflow_workspace/airflow_env/lib/python3.10/site-packages/airflow/example_dags/example_latest_only.py for tasks to queue
[2023-12-21T13:05:15.521-0300] {logging_mixin.py:188} INFO - [2023-12-21T13:05:15.521-0300] {dagbag.py:538} INFO - Filling up the DagBag from /home/myc-ti-2/airflow_workspace/airflow_env/lib/python3.10/site-packages/airflow/example_dags/example_latest_only.py
[2023-12-21T13:05:15.532-0300] {processor.py:840} INFO - DAG(s) 'latest_only' retrieved from /home/myc-ti-2/airflow_workspace/airflow_env/lib/python3.10/site-packages/airflow/example_dags/example_latest_only.py
[2023-12-21T13:05:15.558-0300] {logging_mixin.py:188} INFO - [2023-12-21T13:05:15.558-0300] {dag.py:3033} INFO - Sync 1 DAGs
[2023-12-21T13:05:15.584-0300] {logging_mixin.py:188} INFO - [2023-12-21T13:05:15.584-0300] {dag.py:3820} INFO - Setting next_dagrun for latest_only to 2023-12-21T12:00:00+00:00, run_after=2023-12-21T16:00:00+00:00
[2023-12-21T13:05:15.680-0300] {processor.py:183} INFO - Processing /home/myc-ti-2/airflow_workspace/airflow_env/lib/python3.10/site-packages/airflow/example_dags/example_latest_only.py took 0.170 seconds
[2023-12-21T13:06:38.108-0300] {processor.py:161} INFO - Started process (PID=7677) to work on /home/myc-ti-2/airflow_workspace/airflow_env/lib/python3.10/site-packages/airflow/example_dags/example_latest_only.py
[2023-12-21T13:06:38.110-0300] {processor.py:830} INFO - Processing file /home/myc-ti-2/airflow_workspace/airflow_env/lib/python3.10/site-packages/airflow/example_dags/example_latest_only.py for tasks to queue
[2023-12-21T13:06:38.112-0300] {logging_mixin.py:188} INFO - [2023-12-21T13:06:38.111-0300] {dagbag.py:538} INFO - Filling up the DagBag from /home/myc-ti-2/airflow_workspace/airflow_env/lib/python3.10/site-packages/airflow/example_dags/example_latest_only.py
[2023-12-21T13:06:38.121-0300] {processor.py:840} INFO - DAG(s) 'latest_only' retrieved from /home/myc-ti-2/airflow_workspace/airflow_env/lib/python3.10/site-packages/airflow/example_dags/example_latest_only.py
[2023-12-21T13:06:38.146-0300] {logging_mixin.py:188} INFO - [2023-12-21T13:06:38.145-0300] {dag.py:3033} INFO - Sync 1 DAGs
[2023-12-21T13:06:38.180-0300] {logging_mixin.py:188} INFO - [2023-12-21T13:06:38.180-0300] {dag.py:3820} INFO - Setting next_dagrun for latest_only to 2023-12-21T12:00:00+00:00, run_after=2023-12-21T16:00:00+00:00
[2023-12-21T13:06:38.306-0300] {processor.py:183} INFO - Processing /home/myc-ti-2/airflow_workspace/airflow_env/lib/python3.10/site-packages/airflow/example_dags/example_latest_only.py took 0.204 seconds
[2023-12-21T13:07:53.424-0300] {processor.py:161} INFO - Started process (PID=7759) to work on /home/myc-ti-2/airflow_workspace/airflow_env/lib/python3.10/site-packages/airflow/example_dags/example_latest_only.py
[2023-12-21T13:07:53.427-0300] {processor.py:830} INFO - Processing file /home/myc-ti-2/airflow_workspace/airflow_env/lib/python3.10/site-packages/airflow/example_dags/example_latest_only.py for tasks to queue
[2023-12-21T13:07:53.429-0300] {logging_mixin.py:188} INFO - [2023-12-21T13:07:53.428-0300] {dagbag.py:538} INFO - Filling up the DagBag from /home/myc-ti-2/airflow_workspace/airflow_env/lib/python3.10/site-packages/airflow/example_dags/example_latest_only.py
[2023-12-21T13:07:53.442-0300] {processor.py:840} INFO - DAG(s) 'latest_only' retrieved from /home/myc-ti-2/airflow_workspace/airflow_env/lib/python3.10/site-packages/airflow/example_dags/example_latest_only.py
[2023-12-21T13:07:53.474-0300] {logging_mixin.py:188} INFO - [2023-12-21T13:07:53.473-0300] {dag.py:3033} INFO - Sync 1 DAGs
[2023-12-21T13:07:53.507-0300] {logging_mixin.py:188} INFO - [2023-12-21T13:07:53.506-0300] {dag.py:3820} INFO - Setting next_dagrun for latest_only to 2023-12-21T12:00:00+00:00, run_after=2023-12-21T16:00:00+00:00
[2023-12-21T13:07:53.599-0300] {processor.py:183} INFO - Processing /home/myc-ti-2/airflow_workspace/airflow_env/lib/python3.10/site-packages/airflow/example_dags/example_latest_only.py took 0.182 seconds
[2023-12-21T13:08:57.923-0300] {processor.py:161} INFO - Started process (PID=9170) to work on /home/myc-ti-2/airflow_workspace/airflow_env/lib/python3.10/site-packages/airflow/example_dags/example_latest_only.py
[2023-12-21T13:08:57.924-0300] {processor.py:830} INFO - Processing file /home/myc-ti-2/airflow_workspace/airflow_env/lib/python3.10/site-packages/airflow/example_dags/example_latest_only.py for tasks to queue
[2023-12-21T13:08:57.925-0300] {logging_mixin.py:188} INFO - [2023-12-21T13:08:57.925-0300] {dagbag.py:538} INFO - Filling up the DagBag from /home/myc-ti-2/airflow_workspace/airflow_env/lib/python3.10/site-packages/airflow/example_dags/example_latest_only.py
[2023-12-21T13:08:57.932-0300] {processor.py:840} INFO - DAG(s) 'latest_only' retrieved from /home/myc-ti-2/airflow_workspace/airflow_env/lib/python3.10/site-packages/airflow/example_dags/example_latest_only.py
[2023-12-21T13:08:57.952-0300] {logging_mixin.py:188} INFO - [2023-12-21T13:08:57.951-0300] {dag.py:3033} INFO - Sync 1 DAGs
[2023-12-21T13:08:57.976-0300] {logging_mixin.py:188} INFO - [2023-12-21T13:08:57.976-0300] {dag.py:3820} INFO - Setting next_dagrun for latest_only to 2023-12-21T12:00:00+00:00, run_after=2023-12-21T16:00:00+00:00
[2023-12-21T13:08:58.078-0300] {processor.py:183} INFO - Processing /home/myc-ti-2/airflow_workspace/airflow_env/lib/python3.10/site-packages/airflow/example_dags/example_latest_only.py took 0.161 seconds
[2023-12-21T13:10:03.827-0300] {processor.py:161} INFO - Started process (PID=9334) to work on /home/myc-ti-2/airflow_workspace/airflow_env/lib/python3.10/site-packages/airflow/example_dags/example_latest_only.py
[2023-12-21T13:10:03.845-0300] {processor.py:830} INFO - Processing file /home/myc-ti-2/airflow_workspace/airflow_env/lib/python3.10/site-packages/airflow/example_dags/example_latest_only.py for tasks to queue
[2023-12-21T13:10:03.846-0300] {logging_mixin.py:188} INFO - [2023-12-21T13:10:03.845-0300] {dagbag.py:538} INFO - Filling up the DagBag from /home/myc-ti-2/airflow_workspace/airflow_env/lib/python3.10/site-packages/airflow/example_dags/example_latest_only.py
[2023-12-21T13:10:03.853-0300] {processor.py:840} INFO - DAG(s) 'latest_only' retrieved from /home/myc-ti-2/airflow_workspace/airflow_env/lib/python3.10/site-packages/airflow/example_dags/example_latest_only.py
[2023-12-21T13:10:03.873-0300] {logging_mixin.py:188} INFO - [2023-12-21T13:10:03.873-0300] {dag.py:3033} INFO - Sync 1 DAGs
[2023-12-21T13:10:03.898-0300] {logging_mixin.py:188} INFO - [2023-12-21T13:10:03.898-0300] {dag.py:3820} INFO - Setting next_dagrun for latest_only to 2023-12-21T12:00:00+00:00, run_after=2023-12-21T16:00:00+00:00
[2023-12-21T13:10:04.090-0300] {processor.py:183} INFO - Processing /home/myc-ti-2/airflow_workspace/airflow_env/lib/python3.10/site-packages/airflow/example_dags/example_latest_only.py took 0.268 seconds
[2023-12-21T13:11:12.668-0300] {processor.py:161} INFO - Started process (PID=9766) to work on /home/myc-ti-2/airflow_workspace/airflow_env/lib/python3.10/site-packages/airflow/example_dags/example_latest_only.py
[2023-12-21T13:11:12.671-0300] {processor.py:830} INFO - Processing file /home/myc-ti-2/airflow_workspace/airflow_env/lib/python3.10/site-packages/airflow/example_dags/example_latest_only.py for tasks to queue
[2023-12-21T13:11:12.673-0300] {logging_mixin.py:188} INFO - [2023-12-21T13:11:12.672-0300] {dagbag.py:538} INFO - Filling up the DagBag from /home/myc-ti-2/airflow_workspace/airflow_env/lib/python3.10/site-packages/airflow/example_dags/example_latest_only.py
[2023-12-21T13:11:12.686-0300] {processor.py:840} INFO - DAG(s) 'latest_only' retrieved from /home/myc-ti-2/airflow_workspace/airflow_env/lib/python3.10/site-packages/airflow/example_dags/example_latest_only.py
[2023-12-21T13:11:12.716-0300] {logging_mixin.py:188} INFO - [2023-12-21T13:11:12.716-0300] {dag.py:3033} INFO - Sync 1 DAGs
[2023-12-21T13:11:12.748-0300] {logging_mixin.py:188} INFO - [2023-12-21T13:11:12.748-0300] {dag.py:3820} INFO - Setting next_dagrun for latest_only to 2023-12-21T12:00:00+00:00, run_after=2023-12-21T16:00:00+00:00
[2023-12-21T13:11:12.894-0300] {processor.py:183} INFO - Processing /home/myc-ti-2/airflow_workspace/airflow_env/lib/python3.10/site-packages/airflow/example_dags/example_latest_only.py took 0.233 seconds
[2023-12-21T13:12:14.449-0300] {processor.py:161} INFO - Started process (PID=10068) to work on /home/myc-ti-2/airflow_workspace/airflow_env/lib/python3.10/site-packages/airflow/example_dags/example_latest_only.py
[2023-12-21T13:12:14.452-0300] {processor.py:830} INFO - Processing file /home/myc-ti-2/airflow_workspace/airflow_env/lib/python3.10/site-packages/airflow/example_dags/example_latest_only.py for tasks to queue
[2023-12-21T13:12:14.454-0300] {logging_mixin.py:188} INFO - [2023-12-21T13:12:14.453-0300] {dagbag.py:538} INFO - Filling up the DagBag from /home/myc-ti-2/airflow_workspace/airflow_env/lib/python3.10/site-packages/airflow/example_dags/example_latest_only.py
[2023-12-21T13:12:14.466-0300] {processor.py:840} INFO - DAG(s) 'latest_only' retrieved from /home/myc-ti-2/airflow_workspace/airflow_env/lib/python3.10/site-packages/airflow/example_dags/example_latest_only.py
[2023-12-21T13:12:14.497-0300] {logging_mixin.py:188} INFO - [2023-12-21T13:12:14.496-0300] {dag.py:3033} INFO - Sync 1 DAGs
[2023-12-21T13:12:14.528-0300] {logging_mixin.py:188} INFO - [2023-12-21T13:12:14.527-0300] {dag.py:3820} INFO - Setting next_dagrun for latest_only to 2023-12-21T12:00:00+00:00, run_after=2023-12-21T16:00:00+00:00
[2023-12-21T13:12:14.646-0300] {processor.py:183} INFO - Processing /home/myc-ti-2/airflow_workspace/airflow_env/lib/python3.10/site-packages/airflow/example_dags/example_latest_only.py took 0.204 seconds
[2023-12-21T13:13:17.822-0300] {processor.py:161} INFO - Started process (PID=10274) to work on /home/myc-ti-2/airflow_workspace/airflow_env/lib/python3.10/site-packages/airflow/example_dags/example_latest_only.py
[2023-12-21T13:13:17.824-0300] {processor.py:830} INFO - Processing file /home/myc-ti-2/airflow_workspace/airflow_env/lib/python3.10/site-packages/airflow/example_dags/example_latest_only.py for tasks to queue
[2023-12-21T13:13:17.826-0300] {logging_mixin.py:188} INFO - [2023-12-21T13:13:17.825-0300] {dagbag.py:538} INFO - Filling up the DagBag from /home/myc-ti-2/airflow_workspace/airflow_env/lib/python3.10/site-packages/airflow/example_dags/example_latest_only.py
[2023-12-21T13:13:17.838-0300] {processor.py:840} INFO - DAG(s) 'latest_only' retrieved from /home/myc-ti-2/airflow_workspace/airflow_env/lib/python3.10/site-packages/airflow/example_dags/example_latest_only.py
[2023-12-21T13:13:17.870-0300] {logging_mixin.py:188} INFO - [2023-12-21T13:13:17.870-0300] {dag.py:3033} INFO - Sync 1 DAGs
[2023-12-21T13:13:17.905-0300] {logging_mixin.py:188} INFO - [2023-12-21T13:13:17.905-0300] {dag.py:3820} INFO - Setting next_dagrun for latest_only to 2023-12-21T12:00:00+00:00, run_after=2023-12-21T16:00:00+00:00
[2023-12-21T13:13:18.013-0300] {processor.py:183} INFO - Processing /home/myc-ti-2/airflow_workspace/airflow_env/lib/python3.10/site-packages/airflow/example_dags/example_latest_only.py took 0.199 seconds
[2023-12-21T13:14:19.720-0300] {processor.py:161} INFO - Started process (PID=10333) to work on /home/myc-ti-2/airflow_workspace/airflow_env/lib/python3.10/site-packages/airflow/example_dags/example_latest_only.py
[2023-12-21T13:14:19.722-0300] {processor.py:830} INFO - Processing file /home/myc-ti-2/airflow_workspace/airflow_env/lib/python3.10/site-packages/airflow/example_dags/example_latest_only.py for tasks to queue
[2023-12-21T13:14:19.724-0300] {logging_mixin.py:188} INFO - [2023-12-21T13:14:19.723-0300] {dagbag.py:538} INFO - Filling up the DagBag from /home/myc-ti-2/airflow_workspace/airflow_env/lib/python3.10/site-packages/airflow/example_dags/example_latest_only.py
[2023-12-21T13:14:19.737-0300] {processor.py:840} INFO - DAG(s) 'latest_only' retrieved from /home/myc-ti-2/airflow_workspace/airflow_env/lib/python3.10/site-packages/airflow/example_dags/example_latest_only.py
[2023-12-21T13:14:19.766-0300] {logging_mixin.py:188} INFO - [2023-12-21T13:14:19.766-0300] {dag.py:3033} INFO - Sync 1 DAGs
[2023-12-21T13:14:19.797-0300] {logging_mixin.py:188} INFO - [2023-12-21T13:14:19.797-0300] {dag.py:3820} INFO - Setting next_dagrun for latest_only to 2023-12-21T12:00:00+00:00, run_after=2023-12-21T16:00:00+00:00
[2023-12-21T13:14:19.899-0300] {processor.py:183} INFO - Processing /home/myc-ti-2/airflow_workspace/airflow_env/lib/python3.10/site-packages/airflow/example_dags/example_latest_only.py took 0.187 seconds
