[2023-12-21T12:57:24.177-0300] {processor.py:161} INFO - Started process (PID=6954) to work on /home/myc-ti-2/airflow_workspace/airflow_env/lib/python3.10/site-packages/airflow/example_dags/example_time_delta_sensor_async.py
[2023-12-21T12:57:24.179-0300] {processor.py:830} INFO - Processing file /home/myc-ti-2/airflow_workspace/airflow_env/lib/python3.10/site-packages/airflow/example_dags/example_time_delta_sensor_async.py for tasks to queue
[2023-12-21T12:57:24.181-0300] {logging_mixin.py:188} INFO - [2023-12-21T12:57:24.181-0300] {dagbag.py:538} INFO - Filling up the DagBag from /home/myc-ti-2/airflow_workspace/airflow_env/lib/python3.10/site-packages/airflow/example_dags/example_time_delta_sensor_async.py
[2023-12-21T12:57:24.356-0300] {processor.py:840} INFO - DAG(s) 'example_time_delta_sensor_async' retrieved from /home/myc-ti-2/airflow_workspace/airflow_env/lib/python3.10/site-packages/airflow/example_dags/example_time_delta_sensor_async.py
[2023-12-21T12:57:24.683-0300] {logging_mixin.py:188} INFO - [2023-12-21T12:57:24.681-0300] {override.py:1769} INFO - Created Permission View: can edit on DAG:example_time_delta_sensor_async
[2023-12-21T12:57:24.782-0300] {logging_mixin.py:188} INFO - [2023-12-21T12:57:24.781-0300] {override.py:1769} INFO - Created Permission View: can delete on DAG:example_time_delta_sensor_async
[2023-12-21T12:57:24.874-0300] {logging_mixin.py:188} INFO - [2023-12-21T12:57:24.873-0300] {override.py:1769} INFO - Created Permission View: can read on DAG:example_time_delta_sensor_async
[2023-12-21T12:57:24.875-0300] {logging_mixin.py:188} INFO - [2023-12-21T12:57:24.874-0300] {dag.py:3033} INFO - Sync 1 DAGs
[2023-12-21T12:57:24.901-0300] {logging_mixin.py:188} INFO - [2023-12-21T12:57:24.900-0300] {dag.py:3055} INFO - Creating ORM DAG for example_time_delta_sensor_async
[2023-12-21T12:57:24.902-0300] {logging_mixin.py:188} INFO - [2023-12-21T12:57:24.902-0300] {dag.py:3820} INFO - Setting next_dagrun for example_time_delta_sensor_async to None, run_after=None
[2023-12-21T12:57:25.058-0300] {processor.py:183} INFO - Processing /home/myc-ti-2/airflow_workspace/airflow_env/lib/python3.10/site-packages/airflow/example_dags/example_time_delta_sensor_async.py took 0.887 seconds
[2023-12-21T12:59:11.280-0300] {processor.py:161} INFO - Started process (PID=7123) to work on /home/myc-ti-2/airflow_workspace/airflow_env/lib/python3.10/site-packages/airflow/example_dags/example_time_delta_sensor_async.py
[2023-12-21T12:59:11.282-0300] {processor.py:830} INFO - Processing file /home/myc-ti-2/airflow_workspace/airflow_env/lib/python3.10/site-packages/airflow/example_dags/example_time_delta_sensor_async.py for tasks to queue
[2023-12-21T12:59:11.284-0300] {logging_mixin.py:188} INFO - [2023-12-21T12:59:11.283-0300] {dagbag.py:538} INFO - Filling up the DagBag from /home/myc-ti-2/airflow_workspace/airflow_env/lib/python3.10/site-packages/airflow/example_dags/example_time_delta_sensor_async.py
[2023-12-21T12:59:11.296-0300] {processor.py:840} INFO - DAG(s) 'example_time_delta_sensor_async' retrieved from /home/myc-ti-2/airflow_workspace/airflow_env/lib/python3.10/site-packages/airflow/example_dags/example_time_delta_sensor_async.py
[2023-12-21T12:59:11.327-0300] {logging_mixin.py:188} INFO - [2023-12-21T12:59:11.327-0300] {dag.py:3033} INFO - Sync 1 DAGs
[2023-12-21T12:59:11.345-0300] {logging_mixin.py:188} INFO - [2023-12-21T12:59:11.345-0300] {dag.py:3820} INFO - Setting next_dagrun for example_time_delta_sensor_async to None, run_after=None
[2023-12-21T12:59:11.470-0300] {processor.py:183} INFO - Processing /home/myc-ti-2/airflow_workspace/airflow_env/lib/python3.10/site-packages/airflow/example_dags/example_time_delta_sensor_async.py took 0.197 seconds
[2023-12-21T13:00:08.894-0300] {processor.py:161} INFO - Started process (PID=7181) to work on /home/myc-ti-2/airflow_workspace/airflow_env/lib/python3.10/site-packages/airflow/example_dags/example_time_delta_sensor_async.py
[2023-12-21T13:00:08.897-0300] {processor.py:830} INFO - Processing file /home/myc-ti-2/airflow_workspace/airflow_env/lib/python3.10/site-packages/airflow/example_dags/example_time_delta_sensor_async.py for tasks to queue
[2023-12-21T13:00:08.899-0300] {logging_mixin.py:188} INFO - [2023-12-21T13:00:08.898-0300] {dagbag.py:538} INFO - Filling up the DagBag from /home/myc-ti-2/airflow_workspace/airflow_env/lib/python3.10/site-packages/airflow/example_dags/example_time_delta_sensor_async.py
[2023-12-21T13:00:08.909-0300] {processor.py:840} INFO - DAG(s) 'example_time_delta_sensor_async' retrieved from /home/myc-ti-2/airflow_workspace/airflow_env/lib/python3.10/site-packages/airflow/example_dags/example_time_delta_sensor_async.py
[2023-12-21T13:00:08.938-0300] {logging_mixin.py:188} INFO - [2023-12-21T13:00:08.938-0300] {dag.py:3033} INFO - Sync 1 DAGs
[2023-12-21T13:00:08.956-0300] {logging_mixin.py:188} INFO - [2023-12-21T13:00:08.956-0300] {dag.py:3820} INFO - Setting next_dagrun for example_time_delta_sensor_async to None, run_after=None
[2023-12-21T13:00:09.049-0300] {processor.py:183} INFO - Processing /home/myc-ti-2/airflow_workspace/airflow_env/lib/python3.10/site-packages/airflow/example_dags/example_time_delta_sensor_async.py took 0.162 seconds
[2023-12-21T13:00:56.453-0300] {processor.py:161} INFO - Started process (PID=7247) to work on /home/myc-ti-2/airflow_workspace/airflow_env/lib/python3.10/site-packages/airflow/example_dags/example_time_delta_sensor_async.py
[2023-12-21T13:00:56.455-0300] {processor.py:830} INFO - Processing file /home/myc-ti-2/airflow_workspace/airflow_env/lib/python3.10/site-packages/airflow/example_dags/example_time_delta_sensor_async.py for tasks to queue
[2023-12-21T13:00:56.457-0300] {logging_mixin.py:188} INFO - [2023-12-21T13:00:56.456-0300] {dagbag.py:538} INFO - Filling up the DagBag from /home/myc-ti-2/airflow_workspace/airflow_env/lib/python3.10/site-packages/airflow/example_dags/example_time_delta_sensor_async.py
[2023-12-21T13:00:56.465-0300] {processor.py:840} INFO - DAG(s) 'example_time_delta_sensor_async' retrieved from /home/myc-ti-2/airflow_workspace/airflow_env/lib/python3.10/site-packages/airflow/example_dags/example_time_delta_sensor_async.py
[2023-12-21T13:00:56.494-0300] {logging_mixin.py:188} INFO - [2023-12-21T13:00:56.493-0300] {dag.py:3033} INFO - Sync 1 DAGs
[2023-12-21T13:00:56.512-0300] {logging_mixin.py:188} INFO - [2023-12-21T13:00:56.511-0300] {dag.py:3820} INFO - Setting next_dagrun for example_time_delta_sensor_async to None, run_after=None
[2023-12-21T13:00:56.617-0300] {processor.py:183} INFO - Processing /home/myc-ti-2/airflow_workspace/airflow_env/lib/python3.10/site-packages/airflow/example_dags/example_time_delta_sensor_async.py took 0.171 seconds
[2023-12-21T13:01:59.530-0300] {processor.py:161} INFO - Started process (PID=7319) to work on /home/myc-ti-2/airflow_workspace/airflow_env/lib/python3.10/site-packages/airflow/example_dags/example_time_delta_sensor_async.py
[2023-12-21T13:01:59.532-0300] {processor.py:830} INFO - Processing file /home/myc-ti-2/airflow_workspace/airflow_env/lib/python3.10/site-packages/airflow/example_dags/example_time_delta_sensor_async.py for tasks to queue
[2023-12-21T13:01:59.534-0300] {logging_mixin.py:188} INFO - [2023-12-21T13:01:59.533-0300] {dagbag.py:538} INFO - Filling up the DagBag from /home/myc-ti-2/airflow_workspace/airflow_env/lib/python3.10/site-packages/airflow/example_dags/example_time_delta_sensor_async.py
[2023-12-21T13:01:59.545-0300] {processor.py:840} INFO - DAG(s) 'example_time_delta_sensor_async' retrieved from /home/myc-ti-2/airflow_workspace/airflow_env/lib/python3.10/site-packages/airflow/example_dags/example_time_delta_sensor_async.py
[2023-12-21T13:01:59.576-0300] {logging_mixin.py:188} INFO - [2023-12-21T13:01:59.575-0300] {dag.py:3033} INFO - Sync 1 DAGs
[2023-12-21T13:01:59.591-0300] {logging_mixin.py:188} INFO - [2023-12-21T13:01:59.590-0300] {dag.py:3820} INFO - Setting next_dagrun for example_time_delta_sensor_async to None, run_after=None
[2023-12-21T13:01:59.693-0300] {processor.py:183} INFO - Processing /home/myc-ti-2/airflow_workspace/airflow_env/lib/python3.10/site-packages/airflow/example_dags/example_time_delta_sensor_async.py took 0.170 seconds
[2023-12-21T13:03:06.156-0300] {processor.py:161} INFO - Started process (PID=7398) to work on /home/myc-ti-2/airflow_workspace/airflow_env/lib/python3.10/site-packages/airflow/example_dags/example_time_delta_sensor_async.py
[2023-12-21T13:03:06.167-0300] {processor.py:830} INFO - Processing file /home/myc-ti-2/airflow_workspace/airflow_env/lib/python3.10/site-packages/airflow/example_dags/example_time_delta_sensor_async.py for tasks to queue
[2023-12-21T13:03:06.169-0300] {logging_mixin.py:188} INFO - [2023-12-21T13:03:06.168-0300] {dagbag.py:538} INFO - Filling up the DagBag from /home/myc-ti-2/airflow_workspace/airflow_env/lib/python3.10/site-packages/airflow/example_dags/example_time_delta_sensor_async.py
[2023-12-21T13:03:06.179-0300] {processor.py:840} INFO - DAG(s) 'example_time_delta_sensor_async' retrieved from /home/myc-ti-2/airflow_workspace/airflow_env/lib/python3.10/site-packages/airflow/example_dags/example_time_delta_sensor_async.py
[2023-12-21T13:03:06.215-0300] {logging_mixin.py:188} INFO - [2023-12-21T13:03:06.215-0300] {dag.py:3033} INFO - Sync 1 DAGs
[2023-12-21T13:03:06.233-0300] {logging_mixin.py:188} INFO - [2023-12-21T13:03:06.232-0300] {dag.py:3820} INFO - Setting next_dagrun for example_time_delta_sensor_async to None, run_after=None
[2023-12-21T13:03:06.351-0300] {processor.py:183} INFO - Processing /home/myc-ti-2/airflow_workspace/airflow_env/lib/python3.10/site-packages/airflow/example_dags/example_time_delta_sensor_async.py took 0.202 seconds
[2023-12-21T13:04:02.618-0300] {processor.py:161} INFO - Started process (PID=7453) to work on /home/myc-ti-2/airflow_workspace/airflow_env/lib/python3.10/site-packages/airflow/example_dags/example_time_delta_sensor_async.py
[2023-12-21T13:04:02.620-0300] {processor.py:830} INFO - Processing file /home/myc-ti-2/airflow_workspace/airflow_env/lib/python3.10/site-packages/airflow/example_dags/example_time_delta_sensor_async.py for tasks to queue
[2023-12-21T13:04:02.622-0300] {logging_mixin.py:188} INFO - [2023-12-21T13:04:02.621-0300] {dagbag.py:538} INFO - Filling up the DagBag from /home/myc-ti-2/airflow_workspace/airflow_env/lib/python3.10/site-packages/airflow/example_dags/example_time_delta_sensor_async.py
[2023-12-21T13:04:02.634-0300] {processor.py:840} INFO - DAG(s) 'example_time_delta_sensor_async' retrieved from /home/myc-ti-2/airflow_workspace/airflow_env/lib/python3.10/site-packages/airflow/example_dags/example_time_delta_sensor_async.py
[2023-12-21T13:04:02.669-0300] {logging_mixin.py:188} INFO - [2023-12-21T13:04:02.669-0300] {dag.py:3033} INFO - Sync 1 DAGs
[2023-12-21T13:04:02.690-0300] {logging_mixin.py:188} INFO - [2023-12-21T13:04:02.689-0300] {dag.py:3820} INFO - Setting next_dagrun for example_time_delta_sensor_async to None, run_after=None
[2023-12-21T13:04:02.811-0300] {processor.py:183} INFO - Processing /home/myc-ti-2/airflow_workspace/airflow_env/lib/python3.10/site-packages/airflow/example_dags/example_time_delta_sensor_async.py took 0.201 seconds
[2023-12-21T13:05:00.582-0300] {processor.py:161} INFO - Started process (PID=7509) to work on /home/myc-ti-2/airflow_workspace/airflow_env/lib/python3.10/site-packages/airflow/example_dags/example_time_delta_sensor_async.py
[2023-12-21T13:05:00.595-0300] {processor.py:830} INFO - Processing file /home/myc-ti-2/airflow_workspace/airflow_env/lib/python3.10/site-packages/airflow/example_dags/example_time_delta_sensor_async.py for tasks to queue
[2023-12-21T13:05:00.598-0300] {logging_mixin.py:188} INFO - [2023-12-21T13:05:00.597-0300] {dagbag.py:538} INFO - Filling up the DagBag from /home/myc-ti-2/airflow_workspace/airflow_env/lib/python3.10/site-packages/airflow/example_dags/example_time_delta_sensor_async.py
[2023-12-21T13:05:00.608-0300] {processor.py:840} INFO - DAG(s) 'example_time_delta_sensor_async' retrieved from /home/myc-ti-2/airflow_workspace/airflow_env/lib/python3.10/site-packages/airflow/example_dags/example_time_delta_sensor_async.py
[2023-12-21T13:05:00.646-0300] {logging_mixin.py:188} INFO - [2023-12-21T13:05:00.645-0300] {dag.py:3033} INFO - Sync 1 DAGs
[2023-12-21T13:05:00.663-0300] {logging_mixin.py:188} INFO - [2023-12-21T13:05:00.663-0300] {dag.py:3820} INFO - Setting next_dagrun for example_time_delta_sensor_async to None, run_after=None
[2023-12-21T13:05:00.755-0300] {processor.py:183} INFO - Processing /home/myc-ti-2/airflow_workspace/airflow_env/lib/python3.10/site-packages/airflow/example_dags/example_time_delta_sensor_async.py took 0.180 seconds
[2023-12-21T13:06:23.359-0300] {processor.py:161} INFO - Started process (PID=7627) to work on /home/myc-ti-2/airflow_workspace/airflow_env/lib/python3.10/site-packages/airflow/example_dags/example_time_delta_sensor_async.py
[2023-12-21T13:06:23.372-0300] {processor.py:830} INFO - Processing file /home/myc-ti-2/airflow_workspace/airflow_env/lib/python3.10/site-packages/airflow/example_dags/example_time_delta_sensor_async.py for tasks to queue
[2023-12-21T13:06:23.373-0300] {logging_mixin.py:188} INFO - [2023-12-21T13:06:23.373-0300] {dagbag.py:538} INFO - Filling up the DagBag from /home/myc-ti-2/airflow_workspace/airflow_env/lib/python3.10/site-packages/airflow/example_dags/example_time_delta_sensor_async.py
[2023-12-21T13:06:23.381-0300] {processor.py:840} INFO - DAG(s) 'example_time_delta_sensor_async' retrieved from /home/myc-ti-2/airflow_workspace/airflow_env/lib/python3.10/site-packages/airflow/example_dags/example_time_delta_sensor_async.py
[2023-12-21T13:06:23.409-0300] {logging_mixin.py:188} INFO - [2023-12-21T13:06:23.408-0300] {dag.py:3033} INFO - Sync 1 DAGs
[2023-12-21T13:06:23.429-0300] {logging_mixin.py:188} INFO - [2023-12-21T13:06:23.429-0300] {dag.py:3820} INFO - Setting next_dagrun for example_time_delta_sensor_async to None, run_after=None
[2023-12-21T13:06:23.570-0300] {processor.py:183} INFO - Processing /home/myc-ti-2/airflow_workspace/airflow_env/lib/python3.10/site-packages/airflow/example_dags/example_time_delta_sensor_async.py took 0.216 seconds
[2023-12-21T13:07:37.306-0300] {processor.py:161} INFO - Started process (PID=7746) to work on /home/myc-ti-2/airflow_workspace/airflow_env/lib/python3.10/site-packages/airflow/example_dags/example_time_delta_sensor_async.py
[2023-12-21T13:07:37.327-0300] {processor.py:830} INFO - Processing file /home/myc-ti-2/airflow_workspace/airflow_env/lib/python3.10/site-packages/airflow/example_dags/example_time_delta_sensor_async.py for tasks to queue
[2023-12-21T13:07:37.329-0300] {logging_mixin.py:188} INFO - [2023-12-21T13:07:37.329-0300] {dagbag.py:538} INFO - Filling up the DagBag from /home/myc-ti-2/airflow_workspace/airflow_env/lib/python3.10/site-packages/airflow/example_dags/example_time_delta_sensor_async.py
[2023-12-21T13:07:37.340-0300] {processor.py:840} INFO - DAG(s) 'example_time_delta_sensor_async' retrieved from /home/myc-ti-2/airflow_workspace/airflow_env/lib/python3.10/site-packages/airflow/example_dags/example_time_delta_sensor_async.py
[2023-12-21T13:07:37.380-0300] {logging_mixin.py:188} INFO - [2023-12-21T13:07:37.379-0300] {dag.py:3033} INFO - Sync 1 DAGs
[2023-12-21T13:07:37.400-0300] {logging_mixin.py:188} INFO - [2023-12-21T13:07:37.400-0300] {dag.py:3820} INFO - Setting next_dagrun for example_time_delta_sensor_async to None, run_after=None
[2023-12-21T13:07:37.508-0300] {processor.py:183} INFO - Processing /home/myc-ti-2/airflow_workspace/airflow_env/lib/python3.10/site-packages/airflow/example_dags/example_time_delta_sensor_async.py took 0.209 seconds
[2023-12-21T13:08:41.248-0300] {processor.py:161} INFO - Started process (PID=9121) to work on /home/myc-ti-2/airflow_workspace/airflow_env/lib/python3.10/site-packages/airflow/example_dags/example_time_delta_sensor_async.py
[2023-12-21T13:08:41.266-0300] {processor.py:830} INFO - Processing file /home/myc-ti-2/airflow_workspace/airflow_env/lib/python3.10/site-packages/airflow/example_dags/example_time_delta_sensor_async.py for tasks to queue
[2023-12-21T13:08:41.268-0300] {logging_mixin.py:188} INFO - [2023-12-21T13:08:41.267-0300] {dagbag.py:538} INFO - Filling up the DagBag from /home/myc-ti-2/airflow_workspace/airflow_env/lib/python3.10/site-packages/airflow/example_dags/example_time_delta_sensor_async.py
[2023-12-21T13:08:41.279-0300] {processor.py:840} INFO - DAG(s) 'example_time_delta_sensor_async' retrieved from /home/myc-ti-2/airflow_workspace/airflow_env/lib/python3.10/site-packages/airflow/example_dags/example_time_delta_sensor_async.py
[2023-12-21T13:08:41.318-0300] {logging_mixin.py:188} INFO - [2023-12-21T13:08:41.317-0300] {dag.py:3033} INFO - Sync 1 DAGs
[2023-12-21T13:08:41.335-0300] {logging_mixin.py:188} INFO - [2023-12-21T13:08:41.334-0300] {dag.py:3820} INFO - Setting next_dagrun for example_time_delta_sensor_async to None, run_after=None
[2023-12-21T13:08:41.466-0300] {processor.py:183} INFO - Processing /home/myc-ti-2/airflow_workspace/airflow_env/lib/python3.10/site-packages/airflow/example_dags/example_time_delta_sensor_async.py took 0.226 seconds
[2023-12-21T13:09:48.257-0300] {processor.py:161} INFO - Started process (PID=9270) to work on /home/myc-ti-2/airflow_workspace/airflow_env/lib/python3.10/site-packages/airflow/example_dags/example_time_delta_sensor_async.py
[2023-12-21T13:09:48.265-0300] {processor.py:830} INFO - Processing file /home/myc-ti-2/airflow_workspace/airflow_env/lib/python3.10/site-packages/airflow/example_dags/example_time_delta_sensor_async.py for tasks to queue
[2023-12-21T13:09:48.267-0300] {logging_mixin.py:188} INFO - [2023-12-21T13:09:48.267-0300] {dagbag.py:538} INFO - Filling up the DagBag from /home/myc-ti-2/airflow_workspace/airflow_env/lib/python3.10/site-packages/airflow/example_dags/example_time_delta_sensor_async.py
[2023-12-21T13:09:48.275-0300] {processor.py:840} INFO - DAG(s) 'example_time_delta_sensor_async' retrieved from /home/myc-ti-2/airflow_workspace/airflow_env/lib/python3.10/site-packages/airflow/example_dags/example_time_delta_sensor_async.py
[2023-12-21T13:09:48.305-0300] {logging_mixin.py:188} INFO - [2023-12-21T13:09:48.305-0300] {dag.py:3033} INFO - Sync 1 DAGs
[2023-12-21T13:09:48.324-0300] {logging_mixin.py:188} INFO - [2023-12-21T13:09:48.324-0300] {dag.py:3820} INFO - Setting next_dagrun for example_time_delta_sensor_async to None, run_after=None
[2023-12-21T13:09:48.513-0300] {processor.py:183} INFO - Processing /home/myc-ti-2/airflow_workspace/airflow_env/lib/python3.10/site-packages/airflow/example_dags/example_time_delta_sensor_async.py took 0.263 seconds
[2023-12-21T13:10:57.030-0300] {processor.py:161} INFO - Started process (PID=9654) to work on /home/myc-ti-2/airflow_workspace/airflow_env/lib/python3.10/site-packages/airflow/example_dags/example_time_delta_sensor_async.py
[2023-12-21T13:10:57.048-0300] {processor.py:830} INFO - Processing file /home/myc-ti-2/airflow_workspace/airflow_env/lib/python3.10/site-packages/airflow/example_dags/example_time_delta_sensor_async.py for tasks to queue
[2023-12-21T13:10:57.050-0300] {logging_mixin.py:188} INFO - [2023-12-21T13:10:57.049-0300] {dagbag.py:538} INFO - Filling up the DagBag from /home/myc-ti-2/airflow_workspace/airflow_env/lib/python3.10/site-packages/airflow/example_dags/example_time_delta_sensor_async.py
[2023-12-21T13:10:57.061-0300] {processor.py:840} INFO - DAG(s) 'example_time_delta_sensor_async' retrieved from /home/myc-ti-2/airflow_workspace/airflow_env/lib/python3.10/site-packages/airflow/example_dags/example_time_delta_sensor_async.py
[2023-12-21T13:10:57.100-0300] {logging_mixin.py:188} INFO - [2023-12-21T13:10:57.100-0300] {dag.py:3033} INFO - Sync 1 DAGs
[2023-12-21T13:10:57.118-0300] {logging_mixin.py:188} INFO - [2023-12-21T13:10:57.118-0300] {dag.py:3820} INFO - Setting next_dagrun for example_time_delta_sensor_async to None, run_after=None
[2023-12-21T13:10:57.325-0300] {processor.py:183} INFO - Processing /home/myc-ti-2/airflow_workspace/airflow_env/lib/python3.10/site-packages/airflow/example_dags/example_time_delta_sensor_async.py took 0.302 seconds
[2023-12-21T13:12:02.009-0300] {processor.py:161} INFO - Started process (PID=10052) to work on /home/myc-ti-2/airflow_workspace/airflow_env/lib/python3.10/site-packages/airflow/example_dags/example_time_delta_sensor_async.py
[2023-12-21T13:12:02.011-0300] {processor.py:830} INFO - Processing file /home/myc-ti-2/airflow_workspace/airflow_env/lib/python3.10/site-packages/airflow/example_dags/example_time_delta_sensor_async.py for tasks to queue
[2023-12-21T13:12:02.013-0300] {logging_mixin.py:188} INFO - [2023-12-21T13:12:02.012-0300] {dagbag.py:538} INFO - Filling up the DagBag from /home/myc-ti-2/airflow_workspace/airflow_env/lib/python3.10/site-packages/airflow/example_dags/example_time_delta_sensor_async.py
[2023-12-21T13:12:02.024-0300] {processor.py:840} INFO - DAG(s) 'example_time_delta_sensor_async' retrieved from /home/myc-ti-2/airflow_workspace/airflow_env/lib/python3.10/site-packages/airflow/example_dags/example_time_delta_sensor_async.py
[2023-12-21T13:12:02.055-0300] {logging_mixin.py:188} INFO - [2023-12-21T13:12:02.054-0300] {dag.py:3033} INFO - Sync 1 DAGs
[2023-12-21T13:12:02.073-0300] {logging_mixin.py:188} INFO - [2023-12-21T13:12:02.072-0300] {dag.py:3820} INFO - Setting next_dagrun for example_time_delta_sensor_async to None, run_after=None
[2023-12-21T13:12:02.187-0300] {processor.py:183} INFO - Processing /home/myc-ti-2/airflow_workspace/airflow_env/lib/python3.10/site-packages/airflow/example_dags/example_time_delta_sensor_async.py took 0.185 seconds
[2023-12-21T13:13:04.136-0300] {processor.py:161} INFO - Started process (PID=10180) to work on /home/myc-ti-2/airflow_workspace/airflow_env/lib/python3.10/site-packages/airflow/example_dags/example_time_delta_sensor_async.py
[2023-12-21T13:13:04.150-0300] {processor.py:830} INFO - Processing file /home/myc-ti-2/airflow_workspace/airflow_env/lib/python3.10/site-packages/airflow/example_dags/example_time_delta_sensor_async.py for tasks to queue
[2023-12-21T13:13:04.152-0300] {logging_mixin.py:188} INFO - [2023-12-21T13:13:04.151-0300] {dagbag.py:538} INFO - Filling up the DagBag from /home/myc-ti-2/airflow_workspace/airflow_env/lib/python3.10/site-packages/airflow/example_dags/example_time_delta_sensor_async.py
[2023-12-21T13:13:04.163-0300] {processor.py:840} INFO - DAG(s) 'example_time_delta_sensor_async' retrieved from /home/myc-ti-2/airflow_workspace/airflow_env/lib/python3.10/site-packages/airflow/example_dags/example_time_delta_sensor_async.py
[2023-12-21T13:13:04.196-0300] {logging_mixin.py:188} INFO - [2023-12-21T13:13:04.196-0300] {dag.py:3033} INFO - Sync 1 DAGs
[2023-12-21T13:13:04.211-0300] {logging_mixin.py:188} INFO - [2023-12-21T13:13:04.211-0300] {dag.py:3820} INFO - Setting next_dagrun for example_time_delta_sensor_async to None, run_after=None
[2023-12-21T13:13:04.317-0300] {processor.py:183} INFO - Processing /home/myc-ti-2/airflow_workspace/airflow_env/lib/python3.10/site-packages/airflow/example_dags/example_time_delta_sensor_async.py took 0.188 seconds
[2023-12-21T13:14:05.440-0300] {processor.py:161} INFO - Started process (PID=10318) to work on /home/myc-ti-2/airflow_workspace/airflow_env/lib/python3.10/site-packages/airflow/example_dags/example_time_delta_sensor_async.py
[2023-12-21T13:14:05.443-0300] {processor.py:830} INFO - Processing file /home/myc-ti-2/airflow_workspace/airflow_env/lib/python3.10/site-packages/airflow/example_dags/example_time_delta_sensor_async.py for tasks to queue
[2023-12-21T13:14:05.445-0300] {logging_mixin.py:188} INFO - [2023-12-21T13:14:05.444-0300] {dagbag.py:538} INFO - Filling up the DagBag from /home/myc-ti-2/airflow_workspace/airflow_env/lib/python3.10/site-packages/airflow/example_dags/example_time_delta_sensor_async.py
[2023-12-21T13:14:05.456-0300] {processor.py:840} INFO - DAG(s) 'example_time_delta_sensor_async' retrieved from /home/myc-ti-2/airflow_workspace/airflow_env/lib/python3.10/site-packages/airflow/example_dags/example_time_delta_sensor_async.py
[2023-12-21T13:14:05.488-0300] {logging_mixin.py:188} INFO - [2023-12-21T13:14:05.488-0300] {dag.py:3033} INFO - Sync 1 DAGs
[2023-12-21T13:14:05.506-0300] {logging_mixin.py:188} INFO - [2023-12-21T13:14:05.506-0300] {dag.py:3820} INFO - Setting next_dagrun for example_time_delta_sensor_async to None, run_after=None
[2023-12-21T13:14:05.627-0300] {processor.py:183} INFO - Processing /home/myc-ti-2/airflow_workspace/airflow_env/lib/python3.10/site-packages/airflow/example_dags/example_time_delta_sensor_async.py took 0.193 seconds
[2023-12-21T13:15:10.954-0300] {processor.py:161} INFO - Started process (PID=10490) to work on /home/myc-ti-2/airflow_workspace/airflow_env/lib/python3.10/site-packages/airflow/example_dags/example_time_delta_sensor_async.py
[2023-12-21T13:15:10.964-0300] {processor.py:830} INFO - Processing file /home/myc-ti-2/airflow_workspace/airflow_env/lib/python3.10/site-packages/airflow/example_dags/example_time_delta_sensor_async.py for tasks to queue
[2023-12-21T13:15:10.966-0300] {logging_mixin.py:188} INFO - [2023-12-21T13:15:10.965-0300] {dagbag.py:538} INFO - Filling up the DagBag from /home/myc-ti-2/airflow_workspace/airflow_env/lib/python3.10/site-packages/airflow/example_dags/example_time_delta_sensor_async.py
[2023-12-21T13:15:10.979-0300] {processor.py:840} INFO - DAG(s) 'example_time_delta_sensor_async' retrieved from /home/myc-ti-2/airflow_workspace/airflow_env/lib/python3.10/site-packages/airflow/example_dags/example_time_delta_sensor_async.py
[2023-12-21T13:15:11.008-0300] {logging_mixin.py:188} INFO - [2023-12-21T13:15:11.008-0300] {dag.py:3033} INFO - Sync 1 DAGs
[2023-12-21T13:15:11.027-0300] {logging_mixin.py:188} INFO - [2023-12-21T13:15:11.027-0300] {dag.py:3820} INFO - Setting next_dagrun for example_time_delta_sensor_async to None, run_after=None
[2023-12-21T13:15:11.138-0300] {processor.py:183} INFO - Processing /home/myc-ti-2/airflow_workspace/airflow_env/lib/python3.10/site-packages/airflow/example_dags/example_time_delta_sensor_async.py took 0.191 seconds
