[2023-12-21T12:57:37.183-0300] {processor.py:161} INFO - Started process (PID=6982) to work on /home/myc-ti-2/airflow_workspace/airflow_env/lib/python3.10/site-packages/airflow/example_dags/example_sla_dag.py
[2023-12-21T12:57:37.185-0300] {processor.py:830} INFO - Processing file /home/myc-ti-2/airflow_workspace/airflow_env/lib/python3.10/site-packages/airflow/example_dags/example_sla_dag.py for tasks to queue
[2023-12-21T12:57:37.187-0300] {logging_mixin.py:188} INFO - [2023-12-21T12:57:37.186-0300] {dagbag.py:538} INFO - Filling up the DagBag from /home/myc-ti-2/airflow_workspace/airflow_env/lib/python3.10/site-packages/airflow/example_dags/example_sla_dag.py
[2023-12-21T12:57:37.213-0300] {processor.py:840} INFO - DAG(s) 'example_sla_dag' retrieved from /home/myc-ti-2/airflow_workspace/airflow_env/lib/python3.10/site-packages/airflow/example_dags/example_sla_dag.py
[2023-12-21T12:57:37.540-0300] {logging_mixin.py:188} INFO - [2023-12-21T12:57:37.539-0300] {override.py:1769} INFO - Created Permission View: can edit on DAG:example_sla_dag
[2023-12-21T12:57:37.640-0300] {logging_mixin.py:188} INFO - [2023-12-21T12:57:37.639-0300] {override.py:1769} INFO - Created Permission View: can delete on DAG:example_sla_dag
[2023-12-21T12:57:37.732-0300] {logging_mixin.py:188} INFO - [2023-12-21T12:57:37.731-0300] {override.py:1769} INFO - Created Permission View: can read on DAG:example_sla_dag
[2023-12-21T12:57:37.733-0300] {logging_mixin.py:188} INFO - [2023-12-21T12:57:37.733-0300] {dag.py:3033} INFO - Sync 1 DAGs
[2023-12-21T12:57:37.762-0300] {logging_mixin.py:188} INFO - [2023-12-21T12:57:37.761-0300] {dag.py:3055} INFO - Creating ORM DAG for example_sla_dag
[2023-12-21T12:57:37.798-0300] {logging_mixin.py:188} INFO - [2023-12-21T12:57:37.798-0300] {dag.py:3820} INFO - Setting next_dagrun for example_sla_dag to 2023-12-21T15:54:00+00:00, run_after=2023-12-21T15:56:00+00:00
[2023-12-21T12:57:37.952-0300] {processor.py:183} INFO - Processing /home/myc-ti-2/airflow_workspace/airflow_env/lib/python3.10/site-packages/airflow/example_dags/example_sla_dag.py took 0.776 seconds
[2023-12-21T12:59:19.586-0300] {processor.py:161} INFO - Started process (PID=7132) to work on /home/myc-ti-2/airflow_workspace/airflow_env/lib/python3.10/site-packages/airflow/example_dags/example_sla_dag.py
[2023-12-21T12:59:19.596-0300] {processor.py:830} INFO - Processing file /home/myc-ti-2/airflow_workspace/airflow_env/lib/python3.10/site-packages/airflow/example_dags/example_sla_dag.py for tasks to queue
[2023-12-21T12:59:19.598-0300] {logging_mixin.py:188} INFO - [2023-12-21T12:59:19.597-0300] {dagbag.py:538} INFO - Filling up the DagBag from /home/myc-ti-2/airflow_workspace/airflow_env/lib/python3.10/site-packages/airflow/example_dags/example_sla_dag.py
[2023-12-21T12:59:19.622-0300] {processor.py:840} INFO - DAG(s) 'example_sla_dag' retrieved from /home/myc-ti-2/airflow_workspace/airflow_env/lib/python3.10/site-packages/airflow/example_dags/example_sla_dag.py
[2023-12-21T12:59:19.651-0300] {logging_mixin.py:188} INFO - [2023-12-21T12:59:19.651-0300] {dag.py:3033} INFO - Sync 1 DAGs
[2023-12-21T12:59:19.687-0300] {logging_mixin.py:188} INFO - [2023-12-21T12:59:19.687-0300] {dag.py:3820} INFO - Setting next_dagrun for example_sla_dag to 2023-12-21T15:56:00+00:00, run_after=2023-12-21T15:58:00+00:00
[2023-12-21T12:59:19.785-0300] {processor.py:183} INFO - Processing /home/myc-ti-2/airflow_workspace/airflow_env/lib/python3.10/site-packages/airflow/example_dags/example_sla_dag.py took 0.205 seconds
[2023-12-21T13:00:16.810-0300] {processor.py:161} INFO - Started process (PID=7190) to work on /home/myc-ti-2/airflow_workspace/airflow_env/lib/python3.10/site-packages/airflow/example_dags/example_sla_dag.py
[2023-12-21T13:00:16.827-0300] {processor.py:830} INFO - Processing file /home/myc-ti-2/airflow_workspace/airflow_env/lib/python3.10/site-packages/airflow/example_dags/example_sla_dag.py for tasks to queue
[2023-12-21T13:00:16.829-0300] {logging_mixin.py:188} INFO - [2023-12-21T13:00:16.828-0300] {dagbag.py:538} INFO - Filling up the DagBag from /home/myc-ti-2/airflow_workspace/airflow_env/lib/python3.10/site-packages/airflow/example_dags/example_sla_dag.py
[2023-12-21T13:00:16.851-0300] {processor.py:840} INFO - DAG(s) 'example_sla_dag' retrieved from /home/myc-ti-2/airflow_workspace/airflow_env/lib/python3.10/site-packages/airflow/example_dags/example_sla_dag.py
[2023-12-21T13:00:16.884-0300] {logging_mixin.py:188} INFO - [2023-12-21T13:00:16.884-0300] {dag.py:3033} INFO - Sync 1 DAGs
[2023-12-21T13:00:16.920-0300] {logging_mixin.py:188} INFO - [2023-12-21T13:00:16.920-0300] {dag.py:3820} INFO - Setting next_dagrun for example_sla_dag to 2023-12-21T15:58:00+00:00, run_after=2023-12-21T16:00:00+00:00
[2023-12-21T13:00:17.016-0300] {processor.py:183} INFO - Processing /home/myc-ti-2/airflow_workspace/airflow_env/lib/python3.10/site-packages/airflow/example_dags/example_sla_dag.py took 0.213 seconds
[2023-12-21T13:01:32.425-0300] {processor.py:161} INFO - Started process (PID=7288) to work on /home/myc-ti-2/airflow_workspace/airflow_env/lib/python3.10/site-packages/airflow/example_dags/example_sla_dag.py
[2023-12-21T13:01:32.427-0300] {processor.py:830} INFO - Processing file /home/myc-ti-2/airflow_workspace/airflow_env/lib/python3.10/site-packages/airflow/example_dags/example_sla_dag.py for tasks to queue
[2023-12-21T13:01:32.429-0300] {logging_mixin.py:188} INFO - [2023-12-21T13:01:32.428-0300] {dagbag.py:538} INFO - Filling up the DagBag from /home/myc-ti-2/airflow_workspace/airflow_env/lib/python3.10/site-packages/airflow/example_dags/example_sla_dag.py
[2023-12-21T13:01:32.449-0300] {processor.py:840} INFO - DAG(s) 'example_sla_dag' retrieved from /home/myc-ti-2/airflow_workspace/airflow_env/lib/python3.10/site-packages/airflow/example_dags/example_sla_dag.py
[2023-12-21T13:01:32.474-0300] {logging_mixin.py:188} INFO - [2023-12-21T13:01:32.473-0300] {dag.py:3033} INFO - Sync 1 DAGs
[2023-12-21T13:01:32.511-0300] {logging_mixin.py:188} INFO - [2023-12-21T13:01:32.511-0300] {dag.py:3820} INFO - Setting next_dagrun for example_sla_dag to 2023-12-21T15:58:00+00:00, run_after=2023-12-21T16:00:00+00:00
[2023-12-21T13:01:32.621-0300] {processor.py:183} INFO - Processing /home/myc-ti-2/airflow_workspace/airflow_env/lib/python3.10/site-packages/airflow/example_dags/example_sla_dag.py took 0.204 seconds
[2023-12-21T13:02:43.294-0300] {processor.py:161} INFO - Started process (PID=7371) to work on /home/myc-ti-2/airflow_workspace/airflow_env/lib/python3.10/site-packages/airflow/example_dags/example_sla_dag.py
[2023-12-21T13:02:43.297-0300] {processor.py:830} INFO - Processing file /home/myc-ti-2/airflow_workspace/airflow_env/lib/python3.10/site-packages/airflow/example_dags/example_sla_dag.py for tasks to queue
[2023-12-21T13:02:43.299-0300] {logging_mixin.py:188} INFO - [2023-12-21T13:02:43.298-0300] {dagbag.py:538} INFO - Filling up the DagBag from /home/myc-ti-2/airflow_workspace/airflow_env/lib/python3.10/site-packages/airflow/example_dags/example_sla_dag.py
[2023-12-21T13:02:43.321-0300] {processor.py:840} INFO - DAG(s) 'example_sla_dag' retrieved from /home/myc-ti-2/airflow_workspace/airflow_env/lib/python3.10/site-packages/airflow/example_dags/example_sla_dag.py
[2023-12-21T13:02:43.346-0300] {logging_mixin.py:188} INFO - [2023-12-21T13:02:43.346-0300] {dag.py:3033} INFO - Sync 1 DAGs
[2023-12-21T13:02:43.383-0300] {logging_mixin.py:188} INFO - [2023-12-21T13:02:43.383-0300] {dag.py:3820} INFO - Setting next_dagrun for example_sla_dag to 2023-12-21T16:00:00+00:00, run_after=2023-12-21T16:02:00+00:00
[2023-12-21T13:02:43.485-0300] {processor.py:183} INFO - Processing /home/myc-ti-2/airflow_workspace/airflow_env/lib/python3.10/site-packages/airflow/example_dags/example_sla_dag.py took 0.198 seconds
[2023-12-21T13:03:41.131-0300] {processor.py:161} INFO - Started process (PID=7433) to work on /home/myc-ti-2/airflow_workspace/airflow_env/lib/python3.10/site-packages/airflow/example_dags/example_sla_dag.py
[2023-12-21T13:03:41.134-0300] {processor.py:830} INFO - Processing file /home/myc-ti-2/airflow_workspace/airflow_env/lib/python3.10/site-packages/airflow/example_dags/example_sla_dag.py for tasks to queue
[2023-12-21T13:03:41.136-0300] {logging_mixin.py:188} INFO - [2023-12-21T13:03:41.135-0300] {dagbag.py:538} INFO - Filling up the DagBag from /home/myc-ti-2/airflow_workspace/airflow_env/lib/python3.10/site-packages/airflow/example_dags/example_sla_dag.py
[2023-12-21T13:03:41.158-0300] {processor.py:840} INFO - DAG(s) 'example_sla_dag' retrieved from /home/myc-ti-2/airflow_workspace/airflow_env/lib/python3.10/site-packages/airflow/example_dags/example_sla_dag.py
[2023-12-21T13:03:41.183-0300] {logging_mixin.py:188} INFO - [2023-12-21T13:03:41.183-0300] {dag.py:3033} INFO - Sync 1 DAGs
[2023-12-21T13:03:41.219-0300] {logging_mixin.py:188} INFO - [2023-12-21T13:03:41.219-0300] {dag.py:3820} INFO - Setting next_dagrun for example_sla_dag to 2023-12-21T16:00:00+00:00, run_after=2023-12-21T16:02:00+00:00
[2023-12-21T13:03:41.324-0300] {processor.py:183} INFO - Processing /home/myc-ti-2/airflow_workspace/airflow_env/lib/python3.10/site-packages/airflow/example_dags/example_sla_dag.py took 0.200 seconds
[2023-12-21T13:04:40.152-0300] {processor.py:161} INFO - Started process (PID=7489) to work on /home/myc-ti-2/airflow_workspace/airflow_env/lib/python3.10/site-packages/airflow/example_dags/example_sla_dag.py
[2023-12-21T13:04:40.162-0300] {processor.py:830} INFO - Processing file /home/myc-ti-2/airflow_workspace/airflow_env/lib/python3.10/site-packages/airflow/example_dags/example_sla_dag.py for tasks to queue
[2023-12-21T13:04:40.163-0300] {logging_mixin.py:188} INFO - [2023-12-21T13:04:40.163-0300] {dagbag.py:538} INFO - Filling up the DagBag from /home/myc-ti-2/airflow_workspace/airflow_env/lib/python3.10/site-packages/airflow/example_dags/example_sla_dag.py
[2023-12-21T13:04:40.179-0300] {processor.py:840} INFO - DAG(s) 'example_sla_dag' retrieved from /home/myc-ti-2/airflow_workspace/airflow_env/lib/python3.10/site-packages/airflow/example_dags/example_sla_dag.py
[2023-12-21T13:04:40.205-0300] {logging_mixin.py:188} INFO - [2023-12-21T13:04:40.205-0300] {dag.py:3033} INFO - Sync 1 DAGs
[2023-12-21T13:04:40.242-0300] {logging_mixin.py:188} INFO - [2023-12-21T13:04:40.242-0300] {dag.py:3820} INFO - Setting next_dagrun for example_sla_dag to 2023-12-21T16:02:00+00:00, run_after=2023-12-21T16:04:00+00:00
[2023-12-21T13:04:40.336-0300] {processor.py:183} INFO - Processing /home/myc-ti-2/airflow_workspace/airflow_env/lib/python3.10/site-packages/airflow/example_dags/example_sla_dag.py took 0.190 seconds
[2023-12-21T13:05:49.022-0300] {processor.py:161} INFO - Started process (PID=7560) to work on /home/myc-ti-2/airflow_workspace/airflow_env/lib/python3.10/site-packages/airflow/example_dags/example_sla_dag.py
[2023-12-21T13:05:49.025-0300] {processor.py:830} INFO - Processing file /home/myc-ti-2/airflow_workspace/airflow_env/lib/python3.10/site-packages/airflow/example_dags/example_sla_dag.py for tasks to queue
[2023-12-21T13:05:49.027-0300] {logging_mixin.py:188} INFO - [2023-12-21T13:05:49.026-0300] {dagbag.py:538} INFO - Filling up the DagBag from /home/myc-ti-2/airflow_workspace/airflow_env/lib/python3.10/site-packages/airflow/example_dags/example_sla_dag.py
[2023-12-21T13:05:49.043-0300] {processor.py:840} INFO - DAG(s) 'example_sla_dag' retrieved from /home/myc-ti-2/airflow_workspace/airflow_env/lib/python3.10/site-packages/airflow/example_dags/example_sla_dag.py
[2023-12-21T13:05:49.364-0300] {logging_mixin.py:188} INFO - [2023-12-21T13:05:49.364-0300] {dag.py:3033} INFO - Sync 1 DAGs
[2023-12-21T13:05:51.785-0300] {logging_mixin.py:188} INFO - [2023-12-21T13:05:51.784-0300] {dag.py:3820} INFO - Setting next_dagrun for example_sla_dag to 2023-12-21T16:02:00+00:00, run_after=2023-12-21T16:04:00+00:00
[2023-12-21T13:05:51.899-0300] {processor.py:183} INFO - Processing /home/myc-ti-2/airflow_workspace/airflow_env/lib/python3.10/site-packages/airflow/example_dags/example_sla_dag.py took 2.883 seconds
[2023-12-21T13:07:02.335-0300] {processor.py:161} INFO - Started process (PID=7708) to work on /home/myc-ti-2/airflow_workspace/airflow_env/lib/python3.10/site-packages/airflow/example_dags/example_sla_dag.py
[2023-12-21T13:07:02.340-0300] {processor.py:830} INFO - Processing file /home/myc-ti-2/airflow_workspace/airflow_env/lib/python3.10/site-packages/airflow/example_dags/example_sla_dag.py for tasks to queue
[2023-12-21T13:07:02.342-0300] {logging_mixin.py:188} INFO - [2023-12-21T13:07:02.341-0300] {dagbag.py:538} INFO - Filling up the DagBag from /home/myc-ti-2/airflow_workspace/airflow_env/lib/python3.10/site-packages/airflow/example_dags/example_sla_dag.py
[2023-12-21T13:07:02.364-0300] {processor.py:840} INFO - DAG(s) 'example_sla_dag' retrieved from /home/myc-ti-2/airflow_workspace/airflow_env/lib/python3.10/site-packages/airflow/example_dags/example_sla_dag.py
[2023-12-21T13:07:02.392-0300] {logging_mixin.py:188} INFO - [2023-12-21T13:07:02.391-0300] {dag.py:3033} INFO - Sync 1 DAGs
[2023-12-21T13:07:02.428-0300] {logging_mixin.py:188} INFO - [2023-12-21T13:07:02.428-0300] {dag.py:3820} INFO - Setting next_dagrun for example_sla_dag to 2023-12-21T16:04:00+00:00, run_after=2023-12-21T16:06:00+00:00
[2023-12-21T13:07:02.516-0300] {processor.py:183} INFO - Processing /home/myc-ti-2/airflow_workspace/airflow_env/lib/python3.10/site-packages/airflow/example_dags/example_sla_dag.py took 0.188 seconds
[2023-12-21T13:08:18.381-0300] {processor.py:161} INFO - Started process (PID=8517) to work on /home/myc-ti-2/airflow_workspace/airflow_env/lib/python3.10/site-packages/airflow/example_dags/example_sla_dag.py
[2023-12-21T13:08:18.396-0300] {processor.py:830} INFO - Processing file /home/myc-ti-2/airflow_workspace/airflow_env/lib/python3.10/site-packages/airflow/example_dags/example_sla_dag.py for tasks to queue
[2023-12-21T13:08:18.398-0300] {logging_mixin.py:188} INFO - [2023-12-21T13:08:18.397-0300] {dagbag.py:538} INFO - Filling up the DagBag from /home/myc-ti-2/airflow_workspace/airflow_env/lib/python3.10/site-packages/airflow/example_dags/example_sla_dag.py
[2023-12-21T13:08:18.415-0300] {processor.py:840} INFO - DAG(s) 'example_sla_dag' retrieved from /home/myc-ti-2/airflow_workspace/airflow_env/lib/python3.10/site-packages/airflow/example_dags/example_sla_dag.py
[2023-12-21T13:08:18.444-0300] {logging_mixin.py:188} INFO - [2023-12-21T13:08:18.443-0300] {dag.py:3033} INFO - Sync 1 DAGs
[2023-12-21T13:08:18.474-0300] {logging_mixin.py:188} INFO - [2023-12-21T13:08:18.474-0300] {dag.py:3820} INFO - Setting next_dagrun for example_sla_dag to 2023-12-21T16:06:00+00:00, run_after=2023-12-21T16:08:00+00:00
[2023-12-21T13:08:18.593-0300] {processor.py:183} INFO - Processing /home/myc-ti-2/airflow_workspace/airflow_env/lib/python3.10/site-packages/airflow/example_dags/example_sla_dag.py took 0.219 seconds
[2023-12-21T13:09:20.323-0300] {processor.py:161} INFO - Started process (PID=9240) to work on /home/myc-ti-2/airflow_workspace/airflow_env/lib/python3.10/site-packages/airflow/example_dags/example_sla_dag.py
[2023-12-21T13:09:20.344-0300] {processor.py:830} INFO - Processing file /home/myc-ti-2/airflow_workspace/airflow_env/lib/python3.10/site-packages/airflow/example_dags/example_sla_dag.py for tasks to queue
[2023-12-21T13:09:20.346-0300] {logging_mixin.py:188} INFO - [2023-12-21T13:09:20.345-0300] {dagbag.py:538} INFO - Filling up the DagBag from /home/myc-ti-2/airflow_workspace/airflow_env/lib/python3.10/site-packages/airflow/example_dags/example_sla_dag.py
[2023-12-21T13:09:20.368-0300] {processor.py:840} INFO - DAG(s) 'example_sla_dag' retrieved from /home/myc-ti-2/airflow_workspace/airflow_env/lib/python3.10/site-packages/airflow/example_dags/example_sla_dag.py
[2023-12-21T13:09:20.401-0300] {logging_mixin.py:188} INFO - [2023-12-21T13:09:20.400-0300] {dag.py:3033} INFO - Sync 1 DAGs
[2023-12-21T13:09:20.438-0300] {logging_mixin.py:188} INFO - [2023-12-21T13:09:20.438-0300] {dag.py:3820} INFO - Setting next_dagrun for example_sla_dag to 2023-12-21T16:06:00+00:00, run_after=2023-12-21T16:08:00+00:00
[2023-12-21T13:09:20.663-0300] {processor.py:183} INFO - Processing /home/myc-ti-2/airflow_workspace/airflow_env/lib/python3.10/site-packages/airflow/example_dags/example_sla_dag.py took 0.348 seconds
[2023-12-21T13:10:31.438-0300] {processor.py:161} INFO - Started process (PID=9435) to work on /home/myc-ti-2/airflow_workspace/airflow_env/lib/python3.10/site-packages/airflow/example_dags/example_sla_dag.py
[2023-12-21T13:10:31.457-0300] {processor.py:830} INFO - Processing file /home/myc-ti-2/airflow_workspace/airflow_env/lib/python3.10/site-packages/airflow/example_dags/example_sla_dag.py for tasks to queue
[2023-12-21T13:10:31.460-0300] {logging_mixin.py:188} INFO - [2023-12-21T13:10:31.459-0300] {dagbag.py:538} INFO - Filling up the DagBag from /home/myc-ti-2/airflow_workspace/airflow_env/lib/python3.10/site-packages/airflow/example_dags/example_sla_dag.py
[2023-12-21T13:10:31.479-0300] {processor.py:840} INFO - DAG(s) 'example_sla_dag' retrieved from /home/myc-ti-2/airflow_workspace/airflow_env/lib/python3.10/site-packages/airflow/example_dags/example_sla_dag.py
[2023-12-21T13:10:31.515-0300] {logging_mixin.py:188} INFO - [2023-12-21T13:10:31.515-0300] {dag.py:3033} INFO - Sync 1 DAGs
[2023-12-21T13:10:31.553-0300] {logging_mixin.py:188} INFO - [2023-12-21T13:10:31.553-0300] {dag.py:3820} INFO - Setting next_dagrun for example_sla_dag to 2023-12-21T16:08:00+00:00, run_after=2023-12-21T16:10:00+00:00
[2023-12-21T13:10:31.744-0300] {processor.py:183} INFO - Processing /home/myc-ti-2/airflow_workspace/airflow_env/lib/python3.10/site-packages/airflow/example_dags/example_sla_dag.py took 0.311 seconds
[2023-12-21T13:11:37.318-0300] {processor.py:161} INFO - Started process (PID=9916) to work on /home/myc-ti-2/airflow_workspace/airflow_env/lib/python3.10/site-packages/airflow/example_dags/example_sla_dag.py
[2023-12-21T13:11:37.334-0300] {processor.py:830} INFO - Processing file /home/myc-ti-2/airflow_workspace/airflow_env/lib/python3.10/site-packages/airflow/example_dags/example_sla_dag.py for tasks to queue
[2023-12-21T13:11:37.335-0300] {logging_mixin.py:188} INFO - [2023-12-21T13:11:37.335-0300] {dagbag.py:538} INFO - Filling up the DagBag from /home/myc-ti-2/airflow_workspace/airflow_env/lib/python3.10/site-packages/airflow/example_dags/example_sla_dag.py
[2023-12-21T13:11:37.348-0300] {processor.py:840} INFO - DAG(s) 'example_sla_dag' retrieved from /home/myc-ti-2/airflow_workspace/airflow_env/lib/python3.10/site-packages/airflow/example_dags/example_sla_dag.py
[2023-12-21T13:11:37.371-0300] {logging_mixin.py:188} INFO - [2023-12-21T13:11:37.370-0300] {dag.py:3033} INFO - Sync 1 DAGs
[2023-12-21T13:11:37.404-0300] {logging_mixin.py:188} INFO - [2023-12-21T13:11:37.404-0300] {dag.py:3820} INFO - Setting next_dagrun for example_sla_dag to 2023-12-21T16:08:00+00:00, run_after=2023-12-21T16:10:00+00:00
[2023-12-21T13:11:37.545-0300] {processor.py:183} INFO - Processing /home/myc-ti-2/airflow_workspace/airflow_env/lib/python3.10/site-packages/airflow/example_dags/example_sla_dag.py took 0.231 seconds
[2023-12-21T13:12:38.643-0300] {processor.py:161} INFO - Started process (PID=10099) to work on /home/myc-ti-2/airflow_workspace/airflow_env/lib/python3.10/site-packages/airflow/example_dags/example_sla_dag.py
[2023-12-21T13:12:38.645-0300] {processor.py:830} INFO - Processing file /home/myc-ti-2/airflow_workspace/airflow_env/lib/python3.10/site-packages/airflow/example_dags/example_sla_dag.py for tasks to queue
[2023-12-21T13:12:38.647-0300] {logging_mixin.py:188} INFO - [2023-12-21T13:12:38.646-0300] {dagbag.py:538} INFO - Filling up the DagBag from /home/myc-ti-2/airflow_workspace/airflow_env/lib/python3.10/site-packages/airflow/example_dags/example_sla_dag.py
[2023-12-21T13:12:38.669-0300] {processor.py:840} INFO - DAG(s) 'example_sla_dag' retrieved from /home/myc-ti-2/airflow_workspace/airflow_env/lib/python3.10/site-packages/airflow/example_dags/example_sla_dag.py
[2023-12-21T13:12:38.696-0300] {logging_mixin.py:188} INFO - [2023-12-21T13:12:38.695-0300] {dag.py:3033} INFO - Sync 1 DAGs
[2023-12-21T13:12:38.732-0300] {logging_mixin.py:188} INFO - [2023-12-21T13:12:38.732-0300] {dag.py:3820} INFO - Setting next_dagrun for example_sla_dag to 2023-12-21T16:10:00+00:00, run_after=2023-12-21T16:12:00+00:00
[2023-12-21T13:12:38.845-0300] {processor.py:183} INFO - Processing /home/myc-ti-2/airflow_workspace/airflow_env/lib/python3.10/site-packages/airflow/example_dags/example_sla_dag.py took 0.209 seconds
[2023-12-21T13:13:42.563-0300] {processor.py:161} INFO - Started process (PID=10297) to work on /home/myc-ti-2/airflow_workspace/airflow_env/lib/python3.10/site-packages/airflow/example_dags/example_sla_dag.py
[2023-12-21T13:13:42.565-0300] {processor.py:830} INFO - Processing file /home/myc-ti-2/airflow_workspace/airflow_env/lib/python3.10/site-packages/airflow/example_dags/example_sla_dag.py for tasks to queue
[2023-12-21T13:13:42.566-0300] {logging_mixin.py:188} INFO - [2023-12-21T13:13:42.566-0300] {dagbag.py:538} INFO - Filling up the DagBag from /home/myc-ti-2/airflow_workspace/airflow_env/lib/python3.10/site-packages/airflow/example_dags/example_sla_dag.py
[2023-12-21T13:13:42.586-0300] {processor.py:840} INFO - DAG(s) 'example_sla_dag' retrieved from /home/myc-ti-2/airflow_workspace/airflow_env/lib/python3.10/site-packages/airflow/example_dags/example_sla_dag.py
[2023-12-21T13:13:42.614-0300] {logging_mixin.py:188} INFO - [2023-12-21T13:13:42.614-0300] {dag.py:3033} INFO - Sync 1 DAGs
[2023-12-21T13:13:42.651-0300] {logging_mixin.py:188} INFO - [2023-12-21T13:13:42.650-0300] {dag.py:3820} INFO - Setting next_dagrun for example_sla_dag to 2023-12-21T16:10:00+00:00, run_after=2023-12-21T16:12:00+00:00
[2023-12-21T13:13:42.768-0300] {processor.py:183} INFO - Processing /home/myc-ti-2/airflow_workspace/airflow_env/lib/python3.10/site-packages/airflow/example_dags/example_sla_dag.py took 0.211 seconds
[2023-12-21T13:14:46.582-0300] {processor.py:161} INFO - Started process (PID=10376) to work on /home/myc-ti-2/airflow_workspace/airflow_env/lib/python3.10/site-packages/airflow/example_dags/example_sla_dag.py
[2023-12-21T13:14:46.584-0300] {processor.py:830} INFO - Processing file /home/myc-ti-2/airflow_workspace/airflow_env/lib/python3.10/site-packages/airflow/example_dags/example_sla_dag.py for tasks to queue
[2023-12-21T13:14:46.586-0300] {logging_mixin.py:188} INFO - [2023-12-21T13:14:46.585-0300] {dagbag.py:538} INFO - Filling up the DagBag from /home/myc-ti-2/airflow_workspace/airflow_env/lib/python3.10/site-packages/airflow/example_dags/example_sla_dag.py
[2023-12-21T13:14:46.610-0300] {processor.py:840} INFO - DAG(s) 'example_sla_dag' retrieved from /home/myc-ti-2/airflow_workspace/airflow_env/lib/python3.10/site-packages/airflow/example_dags/example_sla_dag.py
[2023-12-21T13:14:46.636-0300] {logging_mixin.py:188} INFO - [2023-12-21T13:14:46.636-0300] {dag.py:3033} INFO - Sync 1 DAGs
[2023-12-21T13:14:46.675-0300] {logging_mixin.py:188} INFO - [2023-12-21T13:14:46.675-0300] {dag.py:3820} INFO - Setting next_dagrun for example_sla_dag to 2023-12-21T16:12:00+00:00, run_after=2023-12-21T16:14:00+00:00
[2023-12-21T13:14:47.004-0300] {processor.py:183} INFO - Processing /home/myc-ti-2/airflow_workspace/airflow_env/lib/python3.10/site-packages/airflow/example_dags/example_sla_dag.py took 0.430 seconds
