[2023-12-21T12:57:46.177-0300] {processor.py:161} INFO - Started process (PID=7001) to work on /home/myc-ti-2/airflow_workspace/airflow_env/lib/python3.10/site-packages/airflow/example_dags/example_setup_teardown_taskflow.py
[2023-12-21T12:57:46.179-0300] {processor.py:830} INFO - Processing file /home/myc-ti-2/airflow_workspace/airflow_env/lib/python3.10/site-packages/airflow/example_dags/example_setup_teardown_taskflow.py for tasks to queue
[2023-12-21T12:57:46.181-0300] {logging_mixin.py:188} INFO - [2023-12-21T12:57:46.180-0300] {dagbag.py:538} INFO - Filling up the DagBag from /home/myc-ti-2/airflow_workspace/airflow_env/lib/python3.10/site-packages/airflow/example_dags/example_setup_teardown_taskflow.py
[2023-12-21T12:57:46.202-0300] {processor.py:840} INFO - DAG(s) 'example_setup_teardown_taskflow' retrieved from /home/myc-ti-2/airflow_workspace/airflow_env/lib/python3.10/site-packages/airflow/example_dags/example_setup_teardown_taskflow.py
[2023-12-21T12:57:46.532-0300] {logging_mixin.py:188} INFO - [2023-12-21T12:57:46.530-0300] {override.py:1769} INFO - Created Permission View: can edit on DAG:example_setup_teardown_taskflow
[2023-12-21T12:57:46.631-0300] {logging_mixin.py:188} INFO - [2023-12-21T12:57:46.630-0300] {override.py:1769} INFO - Created Permission View: can delete on DAG:example_setup_teardown_taskflow
[2023-12-21T12:57:46.723-0300] {logging_mixin.py:188} INFO - [2023-12-21T12:57:46.722-0300] {override.py:1769} INFO - Created Permission View: can read on DAG:example_setup_teardown_taskflow
[2023-12-21T12:57:46.724-0300] {logging_mixin.py:188} INFO - [2023-12-21T12:57:46.724-0300] {dag.py:3033} INFO - Sync 1 DAGs
[2023-12-21T12:57:46.751-0300] {logging_mixin.py:188} INFO - [2023-12-21T12:57:46.750-0300] {dag.py:3055} INFO - Creating ORM DAG for example_setup_teardown_taskflow
[2023-12-21T12:57:46.778-0300] {logging_mixin.py:188} INFO - [2023-12-21T12:57:46.778-0300] {dag.py:3820} INFO - Setting next_dagrun for example_setup_teardown_taskflow to 2023-12-20T00:00:00+00:00, run_after=2023-12-21T00:00:00+00:00
[2023-12-21T12:57:46.953-0300] {processor.py:183} INFO - Processing /home/myc-ti-2/airflow_workspace/airflow_env/lib/python3.10/site-packages/airflow/example_dags/example_setup_teardown_taskflow.py took 0.783 seconds
[2023-12-21T12:59:26.327-0300] {processor.py:161} INFO - Started process (PID=7138) to work on /home/myc-ti-2/airflow_workspace/airflow_env/lib/python3.10/site-packages/airflow/example_dags/example_setup_teardown_taskflow.py
[2023-12-21T12:59:26.329-0300] {processor.py:830} INFO - Processing file /home/myc-ti-2/airflow_workspace/airflow_env/lib/python3.10/site-packages/airflow/example_dags/example_setup_teardown_taskflow.py for tasks to queue
[2023-12-21T12:59:26.331-0300] {logging_mixin.py:188} INFO - [2023-12-21T12:59:26.330-0300] {dagbag.py:538} INFO - Filling up the DagBag from /home/myc-ti-2/airflow_workspace/airflow_env/lib/python3.10/site-packages/airflow/example_dags/example_setup_teardown_taskflow.py
[2023-12-21T12:59:26.358-0300] {processor.py:840} INFO - DAG(s) 'example_setup_teardown_taskflow' retrieved from /home/myc-ti-2/airflow_workspace/airflow_env/lib/python3.10/site-packages/airflow/example_dags/example_setup_teardown_taskflow.py
[2023-12-21T12:59:26.386-0300] {logging_mixin.py:188} INFO - [2023-12-21T12:59:26.386-0300] {dag.py:3033} INFO - Sync 1 DAGs
[2023-12-21T12:59:26.416-0300] {logging_mixin.py:188} INFO - [2023-12-21T12:59:26.416-0300] {dag.py:3820} INFO - Setting next_dagrun for example_setup_teardown_taskflow to 2023-12-20T00:00:00+00:00, run_after=2023-12-21T00:00:00+00:00
[2023-12-21T12:59:26.518-0300] {processor.py:183} INFO - Processing /home/myc-ti-2/airflow_workspace/airflow_env/lib/python3.10/site-packages/airflow/example_dags/example_setup_teardown_taskflow.py took 0.198 seconds
[2023-12-21T13:00:23.747-0300] {processor.py:161} INFO - Started process (PID=7196) to work on /home/myc-ti-2/airflow_workspace/airflow_env/lib/python3.10/site-packages/airflow/example_dags/example_setup_teardown_taskflow.py
[2023-12-21T13:00:23.748-0300] {processor.py:830} INFO - Processing file /home/myc-ti-2/airflow_workspace/airflow_env/lib/python3.10/site-packages/airflow/example_dags/example_setup_teardown_taskflow.py for tasks to queue
[2023-12-21T13:00:23.750-0300] {logging_mixin.py:188} INFO - [2023-12-21T13:00:23.749-0300] {dagbag.py:538} INFO - Filling up the DagBag from /home/myc-ti-2/airflow_workspace/airflow_env/lib/python3.10/site-packages/airflow/example_dags/example_setup_teardown_taskflow.py
[2023-12-21T13:00:23.767-0300] {processor.py:840} INFO - DAG(s) 'example_setup_teardown_taskflow' retrieved from /home/myc-ti-2/airflow_workspace/airflow_env/lib/python3.10/site-packages/airflow/example_dags/example_setup_teardown_taskflow.py
[2023-12-21T13:00:23.797-0300] {logging_mixin.py:188} INFO - [2023-12-21T13:00:23.796-0300] {dag.py:3033} INFO - Sync 1 DAGs
[2023-12-21T13:00:23.830-0300] {logging_mixin.py:188} INFO - [2023-12-21T13:00:23.830-0300] {dag.py:3820} INFO - Setting next_dagrun for example_setup_teardown_taskflow to 2023-12-20T00:00:00+00:00, run_after=2023-12-21T00:00:00+00:00
[2023-12-21T13:00:23.936-0300] {processor.py:183} INFO - Processing /home/myc-ti-2/airflow_workspace/airflow_env/lib/python3.10/site-packages/airflow/example_dags/example_setup_teardown_taskflow.py took 0.194 seconds
[2023-12-21T13:01:38.995-0300] {processor.py:161} INFO - Started process (PID=7295) to work on /home/myc-ti-2/airflow_workspace/airflow_env/lib/python3.10/site-packages/airflow/example_dags/example_setup_teardown_taskflow.py
[2023-12-21T13:01:38.997-0300] {processor.py:830} INFO - Processing file /home/myc-ti-2/airflow_workspace/airflow_env/lib/python3.10/site-packages/airflow/example_dags/example_setup_teardown_taskflow.py for tasks to queue
[2023-12-21T13:01:38.999-0300] {logging_mixin.py:188} INFO - [2023-12-21T13:01:38.998-0300] {dagbag.py:538} INFO - Filling up the DagBag from /home/myc-ti-2/airflow_workspace/airflow_env/lib/python3.10/site-packages/airflow/example_dags/example_setup_teardown_taskflow.py
[2023-12-21T13:01:39.025-0300] {processor.py:840} INFO - DAG(s) 'example_setup_teardown_taskflow' retrieved from /home/myc-ti-2/airflow_workspace/airflow_env/lib/python3.10/site-packages/airflow/example_dags/example_setup_teardown_taskflow.py
[2023-12-21T13:01:39.053-0300] {logging_mixin.py:188} INFO - [2023-12-21T13:01:39.052-0300] {dag.py:3033} INFO - Sync 1 DAGs
[2023-12-21T13:01:39.085-0300] {logging_mixin.py:188} INFO - [2023-12-21T13:01:39.085-0300] {dag.py:3820} INFO - Setting next_dagrun for example_setup_teardown_taskflow to 2023-12-20T00:00:00+00:00, run_after=2023-12-21T00:00:00+00:00
[2023-12-21T13:01:39.190-0300] {processor.py:183} INFO - Processing /home/myc-ti-2/airflow_workspace/airflow_env/lib/python3.10/site-packages/airflow/example_dags/example_setup_teardown_taskflow.py took 0.203 seconds
[2023-12-21T13:02:48.527-0300] {processor.py:161} INFO - Started process (PID=7377) to work on /home/myc-ti-2/airflow_workspace/airflow_env/lib/python3.10/site-packages/airflow/example_dags/example_setup_teardown_taskflow.py
[2023-12-21T13:02:48.529-0300] {processor.py:830} INFO - Processing file /home/myc-ti-2/airflow_workspace/airflow_env/lib/python3.10/site-packages/airflow/example_dags/example_setup_teardown_taskflow.py for tasks to queue
[2023-12-21T13:02:48.531-0300] {logging_mixin.py:188} INFO - [2023-12-21T13:02:48.530-0300] {dagbag.py:538} INFO - Filling up the DagBag from /home/myc-ti-2/airflow_workspace/airflow_env/lib/python3.10/site-packages/airflow/example_dags/example_setup_teardown_taskflow.py
[2023-12-21T13:02:48.560-0300] {processor.py:840} INFO - DAG(s) 'example_setup_teardown_taskflow' retrieved from /home/myc-ti-2/airflow_workspace/airflow_env/lib/python3.10/site-packages/airflow/example_dags/example_setup_teardown_taskflow.py
[2023-12-21T13:02:48.588-0300] {logging_mixin.py:188} INFO - [2023-12-21T13:02:48.588-0300] {dag.py:3033} INFO - Sync 1 DAGs
[2023-12-21T13:02:48.619-0300] {logging_mixin.py:188} INFO - [2023-12-21T13:02:48.619-0300] {dag.py:3820} INFO - Setting next_dagrun for example_setup_teardown_taskflow to 2023-12-20T00:00:00+00:00, run_after=2023-12-21T00:00:00+00:00
[2023-12-21T13:02:48.747-0300] {processor.py:183} INFO - Processing /home/myc-ti-2/airflow_workspace/airflow_env/lib/python3.10/site-packages/airflow/example_dags/example_setup_teardown_taskflow.py took 0.227 seconds
[2023-12-21T13:03:47.435-0300] {processor.py:161} INFO - Started process (PID=7439) to work on /home/myc-ti-2/airflow_workspace/airflow_env/lib/python3.10/site-packages/airflow/example_dags/example_setup_teardown_taskflow.py
[2023-12-21T13:03:47.456-0300] {processor.py:830} INFO - Processing file /home/myc-ti-2/airflow_workspace/airflow_env/lib/python3.10/site-packages/airflow/example_dags/example_setup_teardown_taskflow.py for tasks to queue
[2023-12-21T13:03:47.458-0300] {logging_mixin.py:188} INFO - [2023-12-21T13:03:47.458-0300] {dagbag.py:538} INFO - Filling up the DagBag from /home/myc-ti-2/airflow_workspace/airflow_env/lib/python3.10/site-packages/airflow/example_dags/example_setup_teardown_taskflow.py
[2023-12-21T13:03:47.485-0300] {processor.py:840} INFO - DAG(s) 'example_setup_teardown_taskflow' retrieved from /home/myc-ti-2/airflow_workspace/airflow_env/lib/python3.10/site-packages/airflow/example_dags/example_setup_teardown_taskflow.py
[2023-12-21T13:03:47.522-0300] {logging_mixin.py:188} INFO - [2023-12-21T13:03:47.521-0300] {dag.py:3033} INFO - Sync 1 DAGs
[2023-12-21T13:03:47.552-0300] {logging_mixin.py:188} INFO - [2023-12-21T13:03:47.552-0300] {dag.py:3820} INFO - Setting next_dagrun for example_setup_teardown_taskflow to 2023-12-20T00:00:00+00:00, run_after=2023-12-21T00:00:00+00:00
[2023-12-21T13:03:47.653-0300] {processor.py:183} INFO - Processing /home/myc-ti-2/airflow_workspace/airflow_env/lib/python3.10/site-packages/airflow/example_dags/example_setup_teardown_taskflow.py took 0.225 seconds
[2023-12-21T13:04:45.622-0300] {processor.py:161} INFO - Started process (PID=7495) to work on /home/myc-ti-2/airflow_workspace/airflow_env/lib/python3.10/site-packages/airflow/example_dags/example_setup_teardown_taskflow.py
[2023-12-21T13:04:45.637-0300] {processor.py:830} INFO - Processing file /home/myc-ti-2/airflow_workspace/airflow_env/lib/python3.10/site-packages/airflow/example_dags/example_setup_teardown_taskflow.py for tasks to queue
[2023-12-21T13:04:45.639-0300] {logging_mixin.py:188} INFO - [2023-12-21T13:04:45.638-0300] {dagbag.py:538} INFO - Filling up the DagBag from /home/myc-ti-2/airflow_workspace/airflow_env/lib/python3.10/site-packages/airflow/example_dags/example_setup_teardown_taskflow.py
[2023-12-21T13:04:45.661-0300] {processor.py:840} INFO - DAG(s) 'example_setup_teardown_taskflow' retrieved from /home/myc-ti-2/airflow_workspace/airflow_env/lib/python3.10/site-packages/airflow/example_dags/example_setup_teardown_taskflow.py
[2023-12-21T13:04:45.687-0300] {logging_mixin.py:188} INFO - [2023-12-21T13:04:45.687-0300] {dag.py:3033} INFO - Sync 1 DAGs
[2023-12-21T13:04:45.713-0300] {logging_mixin.py:188} INFO - [2023-12-21T13:04:45.713-0300] {dag.py:3820} INFO - Setting next_dagrun for example_setup_teardown_taskflow to 2023-12-20T00:00:00+00:00, run_after=2023-12-21T00:00:00+00:00
[2023-12-21T13:04:45.808-0300] {processor.py:183} INFO - Processing /home/myc-ti-2/airflow_workspace/airflow_env/lib/python3.10/site-packages/airflow/example_dags/example_setup_teardown_taskflow.py took 0.191 seconds
[2023-12-21T13:05:57.473-0300] {processor.py:161} INFO - Started process (PID=7566) to work on /home/myc-ti-2/airflow_workspace/airflow_env/lib/python3.10/site-packages/airflow/example_dags/example_setup_teardown_taskflow.py
[2023-12-21T13:05:57.492-0300] {processor.py:830} INFO - Processing file /home/myc-ti-2/airflow_workspace/airflow_env/lib/python3.10/site-packages/airflow/example_dags/example_setup_teardown_taskflow.py for tasks to queue
[2023-12-21T13:05:57.494-0300] {logging_mixin.py:188} INFO - [2023-12-21T13:05:57.493-0300] {dagbag.py:538} INFO - Filling up the DagBag from /home/myc-ti-2/airflow_workspace/airflow_env/lib/python3.10/site-packages/airflow/example_dags/example_setup_teardown_taskflow.py
[2023-12-21T13:05:57.516-0300] {processor.py:840} INFO - DAG(s) 'example_setup_teardown_taskflow' retrieved from /home/myc-ti-2/airflow_workspace/airflow_env/lib/python3.10/site-packages/airflow/example_dags/example_setup_teardown_taskflow.py
[2023-12-21T13:05:57.552-0300] {logging_mixin.py:188} INFO - [2023-12-21T13:05:57.552-0300] {dag.py:3033} INFO - Sync 1 DAGs
[2023-12-21T13:05:57.586-0300] {logging_mixin.py:188} INFO - [2023-12-21T13:05:57.585-0300] {dag.py:3820} INFO - Setting next_dagrun for example_setup_teardown_taskflow to 2023-12-20T00:00:00+00:00, run_after=2023-12-21T00:00:00+00:00
[2023-12-21T13:05:57.706-0300] {processor.py:183} INFO - Processing /home/myc-ti-2/airflow_workspace/airflow_env/lib/python3.10/site-packages/airflow/example_dags/example_setup_teardown_taskflow.py took 0.240 seconds
[2023-12-21T13:07:08.894-0300] {processor.py:161} INFO - Started process (PID=7714) to work on /home/myc-ti-2/airflow_workspace/airflow_env/lib/python3.10/site-packages/airflow/example_dags/example_setup_teardown_taskflow.py
[2023-12-21T13:07:08.899-0300] {processor.py:830} INFO - Processing file /home/myc-ti-2/airflow_workspace/airflow_env/lib/python3.10/site-packages/airflow/example_dags/example_setup_teardown_taskflow.py for tasks to queue
[2023-12-21T13:07:08.900-0300] {logging_mixin.py:188} INFO - [2023-12-21T13:07:08.900-0300] {dagbag.py:538} INFO - Filling up the DagBag from /home/myc-ti-2/airflow_workspace/airflow_env/lib/python3.10/site-packages/airflow/example_dags/example_setup_teardown_taskflow.py
[2023-12-21T13:07:08.922-0300] {processor.py:840} INFO - DAG(s) 'example_setup_teardown_taskflow' retrieved from /home/myc-ti-2/airflow_workspace/airflow_env/lib/python3.10/site-packages/airflow/example_dags/example_setup_teardown_taskflow.py
[2023-12-21T13:07:08.950-0300] {logging_mixin.py:188} INFO - [2023-12-21T13:07:08.950-0300] {dag.py:3033} INFO - Sync 1 DAGs
[2023-12-21T13:07:08.985-0300] {logging_mixin.py:188} INFO - [2023-12-21T13:07:08.985-0300] {dag.py:3820} INFO - Setting next_dagrun for example_setup_teardown_taskflow to 2023-12-20T00:00:00+00:00, run_after=2023-12-21T00:00:00+00:00
[2023-12-21T13:07:09.143-0300] {processor.py:183} INFO - Processing /home/myc-ti-2/airflow_workspace/airflow_env/lib/python3.10/site-packages/airflow/example_dags/example_setup_teardown_taskflow.py took 0.255 seconds
[2023-12-21T13:08:25.665-0300] {processor.py:161} INFO - Started process (PID=8571) to work on /home/myc-ti-2/airflow_workspace/airflow_env/lib/python3.10/site-packages/airflow/example_dags/example_setup_teardown_taskflow.py
[2023-12-21T13:08:25.667-0300] {processor.py:830} INFO - Processing file /home/myc-ti-2/airflow_workspace/airflow_env/lib/python3.10/site-packages/airflow/example_dags/example_setup_teardown_taskflow.py for tasks to queue
[2023-12-21T13:08:25.668-0300] {logging_mixin.py:188} INFO - [2023-12-21T13:08:25.668-0300] {dagbag.py:538} INFO - Filling up the DagBag from /home/myc-ti-2/airflow_workspace/airflow_env/lib/python3.10/site-packages/airflow/example_dags/example_setup_teardown_taskflow.py
[2023-12-21T13:08:25.684-0300] {processor.py:840} INFO - DAG(s) 'example_setup_teardown_taskflow' retrieved from /home/myc-ti-2/airflow_workspace/airflow_env/lib/python3.10/site-packages/airflow/example_dags/example_setup_teardown_taskflow.py
[2023-12-21T13:08:25.708-0300] {logging_mixin.py:188} INFO - [2023-12-21T13:08:25.707-0300] {dag.py:3033} INFO - Sync 1 DAGs
[2023-12-21T13:08:25.734-0300] {logging_mixin.py:188} INFO - [2023-12-21T13:08:25.734-0300] {dag.py:3820} INFO - Setting next_dagrun for example_setup_teardown_taskflow to 2023-12-20T00:00:00+00:00, run_after=2023-12-21T00:00:00+00:00
[2023-12-21T13:08:25.842-0300] {processor.py:183} INFO - Processing /home/myc-ti-2/airflow_workspace/airflow_env/lib/python3.10/site-packages/airflow/example_dags/example_setup_teardown_taskflow.py took 0.183 seconds
[2023-12-21T13:09:27.913-0300] {processor.py:161} INFO - Started process (PID=9248) to work on /home/myc-ti-2/airflow_workspace/airflow_env/lib/python3.10/site-packages/airflow/example_dags/example_setup_teardown_taskflow.py
[2023-12-21T13:09:27.936-0300] {processor.py:830} INFO - Processing file /home/myc-ti-2/airflow_workspace/airflow_env/lib/python3.10/site-packages/airflow/example_dags/example_setup_teardown_taskflow.py for tasks to queue
[2023-12-21T13:09:27.939-0300] {logging_mixin.py:188} INFO - [2023-12-21T13:09:27.938-0300] {dagbag.py:538} INFO - Filling up the DagBag from /home/myc-ti-2/airflow_workspace/airflow_env/lib/python3.10/site-packages/airflow/example_dags/example_setup_teardown_taskflow.py
[2023-12-21T13:09:27.966-0300] {processor.py:840} INFO - DAG(s) 'example_setup_teardown_taskflow' retrieved from /home/myc-ti-2/airflow_workspace/airflow_env/lib/python3.10/site-packages/airflow/example_dags/example_setup_teardown_taskflow.py
[2023-12-21T13:09:28.004-0300] {logging_mixin.py:188} INFO - [2023-12-21T13:09:28.003-0300] {dag.py:3033} INFO - Sync 1 DAGs
[2023-12-21T13:09:28.037-0300] {logging_mixin.py:188} INFO - [2023-12-21T13:09:28.036-0300] {dag.py:3820} INFO - Setting next_dagrun for example_setup_teardown_taskflow to 2023-12-20T00:00:00+00:00, run_after=2023-12-21T00:00:00+00:00
[2023-12-21T13:09:28.248-0300] {processor.py:183} INFO - Processing /home/myc-ti-2/airflow_workspace/airflow_env/lib/python3.10/site-packages/airflow/example_dags/example_setup_teardown_taskflow.py took 0.342 seconds
[2023-12-21T13:10:38.115-0300] {processor.py:161} INFO - Started process (PID=9441) to work on /home/myc-ti-2/airflow_workspace/airflow_env/lib/python3.10/site-packages/airflow/example_dags/example_setup_teardown_taskflow.py
[2023-12-21T13:10:38.119-0300] {processor.py:830} INFO - Processing file /home/myc-ti-2/airflow_workspace/airflow_env/lib/python3.10/site-packages/airflow/example_dags/example_setup_teardown_taskflow.py for tasks to queue
[2023-12-21T13:10:38.122-0300] {logging_mixin.py:188} INFO - [2023-12-21T13:10:38.121-0300] {dagbag.py:538} INFO - Filling up the DagBag from /home/myc-ti-2/airflow_workspace/airflow_env/lib/python3.10/site-packages/airflow/example_dags/example_setup_teardown_taskflow.py
[2023-12-21T13:10:38.148-0300] {processor.py:840} INFO - DAG(s) 'example_setup_teardown_taskflow' retrieved from /home/myc-ti-2/airflow_workspace/airflow_env/lib/python3.10/site-packages/airflow/example_dags/example_setup_teardown_taskflow.py
[2023-12-21T13:10:38.177-0300] {logging_mixin.py:188} INFO - [2023-12-21T13:10:38.177-0300] {dag.py:3033} INFO - Sync 1 DAGs
[2023-12-21T13:10:38.209-0300] {logging_mixin.py:188} INFO - [2023-12-21T13:10:38.208-0300] {dag.py:3820} INFO - Setting next_dagrun for example_setup_teardown_taskflow to 2023-12-20T00:00:00+00:00, run_after=2023-12-21T00:00:00+00:00
[2023-12-21T13:10:38.410-0300] {processor.py:183} INFO - Processing /home/myc-ti-2/airflow_workspace/airflow_env/lib/python3.10/site-packages/airflow/example_dags/example_setup_teardown_taskflow.py took 0.302 seconds
[2023-12-21T13:11:44.533-0300] {processor.py:161} INFO - Started process (PID=10023) to work on /home/myc-ti-2/airflow_workspace/airflow_env/lib/python3.10/site-packages/airflow/example_dags/example_setup_teardown_taskflow.py
[2023-12-21T13:11:44.548-0300] {processor.py:830} INFO - Processing file /home/myc-ti-2/airflow_workspace/airflow_env/lib/python3.10/site-packages/airflow/example_dags/example_setup_teardown_taskflow.py for tasks to queue
[2023-12-21T13:11:44.549-0300] {logging_mixin.py:188} INFO - [2023-12-21T13:11:44.549-0300] {dagbag.py:538} INFO - Filling up the DagBag from /home/myc-ti-2/airflow_workspace/airflow_env/lib/python3.10/site-packages/airflow/example_dags/example_setup_teardown_taskflow.py
[2023-12-21T13:11:44.575-0300] {processor.py:840} INFO - DAG(s) 'example_setup_teardown_taskflow' retrieved from /home/myc-ti-2/airflow_workspace/airflow_env/lib/python3.10/site-packages/airflow/example_dags/example_setup_teardown_taskflow.py
[2023-12-21T13:11:44.599-0300] {logging_mixin.py:188} INFO - [2023-12-21T13:11:44.599-0300] {dag.py:3033} INFO - Sync 1 DAGs
[2023-12-21T13:11:44.626-0300] {logging_mixin.py:188} INFO - [2023-12-21T13:11:44.625-0300] {dag.py:3820} INFO - Setting next_dagrun for example_setup_teardown_taskflow to 2023-12-20T00:00:00+00:00, run_after=2023-12-21T00:00:00+00:00
[2023-12-21T13:11:44.787-0300] {processor.py:183} INFO - Processing /home/myc-ti-2/airflow_workspace/airflow_env/lib/python3.10/site-packages/airflow/example_dags/example_setup_teardown_taskflow.py took 0.258 seconds
[2023-12-21T13:12:45.446-0300] {processor.py:161} INFO - Started process (PID=10106) to work on /home/myc-ti-2/airflow_workspace/airflow_env/lib/python3.10/site-packages/airflow/example_dags/example_setup_teardown_taskflow.py
[2023-12-21T13:12:45.462-0300] {processor.py:830} INFO - Processing file /home/myc-ti-2/airflow_workspace/airflow_env/lib/python3.10/site-packages/airflow/example_dags/example_setup_teardown_taskflow.py for tasks to queue
[2023-12-21T13:12:45.464-0300] {logging_mixin.py:188} INFO - [2023-12-21T13:12:45.463-0300] {dagbag.py:538} INFO - Filling up the DagBag from /home/myc-ti-2/airflow_workspace/airflow_env/lib/python3.10/site-packages/airflow/example_dags/example_setup_teardown_taskflow.py
[2023-12-21T13:12:45.490-0300] {processor.py:840} INFO - DAG(s) 'example_setup_teardown_taskflow' retrieved from /home/myc-ti-2/airflow_workspace/airflow_env/lib/python3.10/site-packages/airflow/example_dags/example_setup_teardown_taskflow.py
[2023-12-21T13:12:45.525-0300] {logging_mixin.py:188} INFO - [2023-12-21T13:12:45.525-0300] {dag.py:3033} INFO - Sync 1 DAGs
[2023-12-21T13:12:45.556-0300] {logging_mixin.py:188} INFO - [2023-12-21T13:12:45.555-0300] {dag.py:3820} INFO - Setting next_dagrun for example_setup_teardown_taskflow to 2023-12-20T00:00:00+00:00, run_after=2023-12-21T00:00:00+00:00
[2023-12-21T13:12:45.661-0300] {processor.py:183} INFO - Processing /home/myc-ti-2/airflow_workspace/airflow_env/lib/python3.10/site-packages/airflow/example_dags/example_setup_teardown_taskflow.py took 0.222 seconds
[2023-12-21T13:13:48.770-0300] {processor.py:161} INFO - Started process (PID=10303) to work on /home/myc-ti-2/airflow_workspace/airflow_env/lib/python3.10/site-packages/airflow/example_dags/example_setup_teardown_taskflow.py
[2023-12-21T13:13:48.792-0300] {processor.py:830} INFO - Processing file /home/myc-ti-2/airflow_workspace/airflow_env/lib/python3.10/site-packages/airflow/example_dags/example_setup_teardown_taskflow.py for tasks to queue
[2023-12-21T13:13:48.794-0300] {logging_mixin.py:188} INFO - [2023-12-21T13:13:48.794-0300] {dagbag.py:538} INFO - Filling up the DagBag from /home/myc-ti-2/airflow_workspace/airflow_env/lib/python3.10/site-packages/airflow/example_dags/example_setup_teardown_taskflow.py
[2023-12-21T13:13:48.821-0300] {processor.py:840} INFO - DAG(s) 'example_setup_teardown_taskflow' retrieved from /home/myc-ti-2/airflow_workspace/airflow_env/lib/python3.10/site-packages/airflow/example_dags/example_setup_teardown_taskflow.py
[2023-12-21T13:13:48.858-0300] {logging_mixin.py:188} INFO - [2023-12-21T13:13:48.858-0300] {dag.py:3033} INFO - Sync 1 DAGs
[2023-12-21T13:13:48.889-0300] {logging_mixin.py:188} INFO - [2023-12-21T13:13:48.888-0300] {dag.py:3820} INFO - Setting next_dagrun for example_setup_teardown_taskflow to 2023-12-20T00:00:00+00:00, run_after=2023-12-21T00:00:00+00:00
[2023-12-21T13:13:49.043-0300] {processor.py:183} INFO - Processing /home/myc-ti-2/airflow_workspace/airflow_env/lib/python3.10/site-packages/airflow/example_dags/example_setup_teardown_taskflow.py took 0.280 seconds
[2023-12-21T13:14:53.379-0300] {processor.py:161} INFO - Started process (PID=10435) to work on /home/myc-ti-2/airflow_workspace/airflow_env/lib/python3.10/site-packages/airflow/example_dags/example_setup_teardown_taskflow.py
[2023-12-21T13:14:53.390-0300] {processor.py:830} INFO - Processing file /home/myc-ti-2/airflow_workspace/airflow_env/lib/python3.10/site-packages/airflow/example_dags/example_setup_teardown_taskflow.py for tasks to queue
[2023-12-21T13:14:53.391-0300] {logging_mixin.py:188} INFO - [2023-12-21T13:14:53.391-0300] {dagbag.py:538} INFO - Filling up the DagBag from /home/myc-ti-2/airflow_workspace/airflow_env/lib/python3.10/site-packages/airflow/example_dags/example_setup_teardown_taskflow.py
[2023-12-21T13:14:53.412-0300] {processor.py:840} INFO - DAG(s) 'example_setup_teardown_taskflow' retrieved from /home/myc-ti-2/airflow_workspace/airflow_env/lib/python3.10/site-packages/airflow/example_dags/example_setup_teardown_taskflow.py
[2023-12-21T13:14:53.444-0300] {logging_mixin.py:188} INFO - [2023-12-21T13:14:53.443-0300] {dag.py:3033} INFO - Sync 1 DAGs
[2023-12-21T13:14:53.478-0300] {logging_mixin.py:188} INFO - [2023-12-21T13:14:53.478-0300] {dag.py:3820} INFO - Setting next_dagrun for example_setup_teardown_taskflow to 2023-12-20T00:00:00+00:00, run_after=2023-12-21T00:00:00+00:00
[2023-12-21T13:14:53.584-0300] {processor.py:183} INFO - Processing /home/myc-ti-2/airflow_workspace/airflow_env/lib/python3.10/site-packages/airflow/example_dags/example_setup_teardown_taskflow.py took 0.210 seconds
