[2023-12-21T12:58:17.723-0300] {processor.py:161} INFO - Started process (PID=7070) to work on /home/myc-ti-2/airflow_workspace/airflow_env/lib/python3.10/site-packages/airflow/example_dags/example_datasets.py
[2023-12-21T12:58:17.725-0300] {processor.py:830} INFO - Processing file /home/myc-ti-2/airflow_workspace/airflow_env/lib/python3.10/site-packages/airflow/example_dags/example_datasets.py for tasks to queue
[2023-12-21T12:58:17.726-0300] {logging_mixin.py:188} INFO - [2023-12-21T12:58:17.725-0300] {dagbag.py:538} INFO - Filling up the DagBag from /home/myc-ti-2/airflow_workspace/airflow_env/lib/python3.10/site-packages/airflow/example_dags/example_datasets.py
[2023-12-21T12:58:17.741-0300] {processor.py:840} INFO - DAG(s) 'dataset_produces_1', 'dataset_produces_2', 'dataset_consumes_1', 'dataset_consumes_unknown_never_scheduled', 'dataset_consumes_1_never_scheduled', 'dataset_consumes_1_and_2' retrieved from /home/myc-ti-2/airflow_workspace/airflow_env/lib/python3.10/site-packages/airflow/example_dags/example_datasets.py
[2023-12-21T12:58:19.580-0300] {logging_mixin.py:188} INFO - [2023-12-21T12:58:19.579-0300] {override.py:1769} INFO - Created Permission View: can edit on DAG:dataset_produces_1
[2023-12-21T12:58:19.680-0300] {logging_mixin.py:188} INFO - [2023-12-21T12:58:19.679-0300] {override.py:1769} INFO - Created Permission View: can delete on DAG:dataset_produces_1
[2023-12-21T12:58:19.772-0300] {logging_mixin.py:188} INFO - [2023-12-21T12:58:19.771-0300] {override.py:1769} INFO - Created Permission View: can read on DAG:dataset_produces_1
[2023-12-21T12:58:19.996-0300] {logging_mixin.py:188} INFO - [2023-12-21T12:58:19.996-0300] {override.py:1769} INFO - Created Permission View: can edit on DAG:dataset_produces_2
[2023-12-21T12:58:20.088-0300] {logging_mixin.py:188} INFO - [2023-12-21T12:58:20.087-0300] {override.py:1769} INFO - Created Permission View: can delete on DAG:dataset_produces_2
[2023-12-21T12:58:20.180-0300] {logging_mixin.py:188} INFO - [2023-12-21T12:58:20.179-0300] {override.py:1769} INFO - Created Permission View: can read on DAG:dataset_produces_2
[2023-12-21T12:58:20.563-0300] {logging_mixin.py:188} INFO - [2023-12-21T12:58:20.562-0300] {override.py:1769} INFO - Created Permission View: can edit on DAG:dataset_consumes_1
[2023-12-21T12:58:20.963-0300] {logging_mixin.py:188} INFO - [2023-12-21T12:58:20.962-0300] {override.py:1769} INFO - Created Permission View: can delete on DAG:dataset_consumes_1
[2023-12-21T12:58:22.080-0300] {logging_mixin.py:188} INFO - [2023-12-21T12:58:22.079-0300] {override.py:1769} INFO - Created Permission View: can read on DAG:dataset_consumes_1
[2023-12-21T12:58:22.313-0300] {logging_mixin.py:188} INFO - [2023-12-21T12:58:22.312-0300] {override.py:1769} INFO - Created Permission View: can edit on DAG:dataset_consumes_unknown_never_scheduled
[2023-12-21T12:58:23.030-0300] {logging_mixin.py:188} INFO - [2023-12-21T12:58:23.029-0300] {override.py:1769} INFO - Created Permission View: can delete on DAG:dataset_consumes_unknown_never_scheduled
[2023-12-21T12:58:23.305-0300] {logging_mixin.py:188} INFO - [2023-12-21T12:58:23.304-0300] {override.py:1769} INFO - Created Permission View: can read on DAG:dataset_consumes_unknown_never_scheduled
[2023-12-21T12:58:23.530-0300] {logging_mixin.py:188} INFO - [2023-12-21T12:58:23.529-0300] {override.py:1769} INFO - Created Permission View: can edit on DAG:dataset_consumes_1_never_scheduled
[2023-12-21T12:58:23.621-0300] {logging_mixin.py:188} INFO - [2023-12-21T12:58:23.621-0300] {override.py:1769} INFO - Created Permission View: can delete on DAG:dataset_consumes_1_never_scheduled
[2023-12-21T12:58:23.713-0300] {logging_mixin.py:188} INFO - [2023-12-21T12:58:23.712-0300] {override.py:1769} INFO - Created Permission View: can read on DAG:dataset_consumes_1_never_scheduled
[2023-12-21T12:58:23.938-0300] {logging_mixin.py:188} INFO - [2023-12-21T12:58:23.937-0300] {override.py:1769} INFO - Created Permission View: can edit on DAG:dataset_consumes_1_and_2
[2023-12-21T12:58:24.046-0300] {logging_mixin.py:188} INFO - [2023-12-21T12:58:24.045-0300] {override.py:1769} INFO - Created Permission View: can delete on DAG:dataset_consumes_1_and_2
[2023-12-21T12:58:24.330-0300] {logging_mixin.py:188} INFO - [2023-12-21T12:58:24.329-0300] {override.py:1769} INFO - Created Permission View: can read on DAG:dataset_consumes_1_and_2
[2023-12-21T12:58:24.330-0300] {logging_mixin.py:188} INFO - [2023-12-21T12:58:24.330-0300] {dag.py:3033} INFO - Sync 6 DAGs
[2023-12-21T12:58:24.439-0300] {logging_mixin.py:188} INFO - [2023-12-21T12:58:24.439-0300] {dag.py:3055} INFO - Creating ORM DAG for dataset_consumes_1_never_scheduled
[2023-12-21T12:58:24.441-0300] {logging_mixin.py:188} INFO - [2023-12-21T12:58:24.441-0300] {dag.py:3055} INFO - Creating ORM DAG for dataset_produces_1
[2023-12-21T12:58:24.442-0300] {logging_mixin.py:188} INFO - [2023-12-21T12:58:24.442-0300] {dag.py:3055} INFO - Creating ORM DAG for dataset_consumes_1_and_2
[2023-12-21T12:58:24.443-0300] {logging_mixin.py:188} INFO - [2023-12-21T12:58:24.443-0300] {dag.py:3055} INFO - Creating ORM DAG for dataset_consumes_unknown_never_scheduled
[2023-12-21T12:58:24.445-0300] {logging_mixin.py:188} INFO - [2023-12-21T12:58:24.444-0300] {dag.py:3055} INFO - Creating ORM DAG for dataset_consumes_1
[2023-12-21T12:58:24.446-0300] {logging_mixin.py:188} INFO - [2023-12-21T12:58:24.446-0300] {dag.py:3055} INFO - Creating ORM DAG for dataset_produces_2
[2023-12-21T12:58:24.627-0300] {logging_mixin.py:188} INFO - [2023-12-21T12:58:24.627-0300] {dag.py:3820} INFO - Setting next_dagrun for dataset_consumes_1 to None, run_after=None
[2023-12-21T12:58:24.628-0300] {logging_mixin.py:188} INFO - [2023-12-21T12:58:24.628-0300] {dag.py:3820} INFO - Setting next_dagrun for dataset_consumes_1_and_2 to None, run_after=None
[2023-12-21T12:58:24.629-0300] {logging_mixin.py:188} INFO - [2023-12-21T12:58:24.629-0300] {dag.py:3820} INFO - Setting next_dagrun for dataset_consumes_1_never_scheduled to None, run_after=None
[2023-12-21T12:58:24.630-0300] {logging_mixin.py:188} INFO - [2023-12-21T12:58:24.630-0300] {dag.py:3820} INFO - Setting next_dagrun for dataset_consumes_unknown_never_scheduled to None, run_after=None
[2023-12-21T12:58:24.634-0300] {logging_mixin.py:188} INFO - [2023-12-21T12:58:24.633-0300] {dag.py:3820} INFO - Setting next_dagrun for dataset_produces_1 to 2023-12-20T00:00:00+00:00, run_after=2023-12-21T00:00:00+00:00
[2023-12-21T12:58:24.635-0300] {logging_mixin.py:188} INFO - [2023-12-21T12:58:24.634-0300] {dag.py:3820} INFO - Setting next_dagrun for dataset_produces_2 to None, run_after=None
[2023-12-21T12:58:25.944-0300] {processor.py:183} INFO - Processing /home/myc-ti-2/airflow_workspace/airflow_env/lib/python3.10/site-packages/airflow/example_dags/example_datasets.py took 8.227 seconds
[2023-12-21T12:59:39.364-0300] {processor.py:161} INFO - Started process (PID=7150) to work on /home/myc-ti-2/airflow_workspace/airflow_env/lib/python3.10/site-packages/airflow/example_dags/example_datasets.py
[2023-12-21T12:59:39.375-0300] {processor.py:830} INFO - Processing file /home/myc-ti-2/airflow_workspace/airflow_env/lib/python3.10/site-packages/airflow/example_dags/example_datasets.py for tasks to queue
[2023-12-21T12:59:39.377-0300] {logging_mixin.py:188} INFO - [2023-12-21T12:59:39.377-0300] {dagbag.py:538} INFO - Filling up the DagBag from /home/myc-ti-2/airflow_workspace/airflow_env/lib/python3.10/site-packages/airflow/example_dags/example_datasets.py
[2023-12-21T12:59:39.402-0300] {processor.py:840} INFO - DAG(s) 'dataset_consumes_unknown_never_scheduled', 'dataset_consumes_1', 'dataset_produces_2', 'dataset_produces_1', 'dataset_consumes_1_never_scheduled', 'dataset_consumes_1_and_2' retrieved from /home/myc-ti-2/airflow_workspace/airflow_env/lib/python3.10/site-packages/airflow/example_dags/example_datasets.py
[2023-12-21T12:59:39.453-0300] {logging_mixin.py:188} INFO - [2023-12-21T12:59:39.453-0300] {dag.py:3033} INFO - Sync 6 DAGs
[2023-12-21T12:59:39.485-0300] {logging_mixin.py:188} INFO - [2023-12-21T12:59:39.485-0300] {dag.py:3820} INFO - Setting next_dagrun for dataset_consumes_1 to None, run_after=None
[2023-12-21T12:59:39.491-0300] {logging_mixin.py:188} INFO - [2023-12-21T12:59:39.490-0300] {dag.py:3820} INFO - Setting next_dagrun for dataset_consumes_1_and_2 to None, run_after=None
[2023-12-21T12:59:39.492-0300] {logging_mixin.py:188} INFO - [2023-12-21T12:59:39.492-0300] {dag.py:3820} INFO - Setting next_dagrun for dataset_consumes_1_never_scheduled to None, run_after=None
[2023-12-21T12:59:39.494-0300] {logging_mixin.py:188} INFO - [2023-12-21T12:59:39.493-0300] {dag.py:3820} INFO - Setting next_dagrun for dataset_consumes_unknown_never_scheduled to None, run_after=None
[2023-12-21T12:59:39.498-0300] {logging_mixin.py:188} INFO - [2023-12-21T12:59:39.497-0300] {dag.py:3820} INFO - Setting next_dagrun for dataset_produces_1 to 2023-12-20T00:00:00+00:00, run_after=2023-12-21T00:00:00+00:00
[2023-12-21T12:59:39.499-0300] {logging_mixin.py:188} INFO - [2023-12-21T12:59:39.499-0300] {dag.py:3820} INFO - Setting next_dagrun for dataset_produces_2 to None, run_after=None
[2023-12-21T12:59:39.610-0300] {processor.py:183} INFO - Processing /home/myc-ti-2/airflow_workspace/airflow_env/lib/python3.10/site-packages/airflow/example_dags/example_datasets.py took 0.252 seconds
[2023-12-21T13:01:03.328-0300] {processor.py:161} INFO - Started process (PID=7255) to work on /home/myc-ti-2/airflow_workspace/airflow_env/lib/python3.10/site-packages/airflow/example_dags/example_datasets.py
[2023-12-21T13:01:03.347-0300] {processor.py:830} INFO - Processing file /home/myc-ti-2/airflow_workspace/airflow_env/lib/python3.10/site-packages/airflow/example_dags/example_datasets.py for tasks to queue
[2023-12-21T13:01:03.349-0300] {logging_mixin.py:188} INFO - [2023-12-21T13:01:03.348-0300] {dagbag.py:538} INFO - Filling up the DagBag from /home/myc-ti-2/airflow_workspace/airflow_env/lib/python3.10/site-packages/airflow/example_dags/example_datasets.py
[2023-12-21T13:01:03.374-0300] {processor.py:840} INFO - DAG(s) 'dataset_consumes_1', 'dataset_produces_1', 'dataset_produces_2', 'dataset_consumes_unknown_never_scheduled', 'dataset_consumes_1_and_2', 'dataset_consumes_1_never_scheduled' retrieved from /home/myc-ti-2/airflow_workspace/airflow_env/lib/python3.10/site-packages/airflow/example_dags/example_datasets.py
[2023-12-21T13:01:03.429-0300] {logging_mixin.py:188} INFO - [2023-12-21T13:01:03.428-0300] {dag.py:3033} INFO - Sync 6 DAGs
[2023-12-21T13:01:03.462-0300] {logging_mixin.py:188} INFO - [2023-12-21T13:01:03.462-0300] {dag.py:3820} INFO - Setting next_dagrun for dataset_consumes_1 to None, run_after=None
[2023-12-21T13:01:03.467-0300] {logging_mixin.py:188} INFO - [2023-12-21T13:01:03.467-0300] {dag.py:3820} INFO - Setting next_dagrun for dataset_consumes_1_and_2 to None, run_after=None
[2023-12-21T13:01:03.469-0300] {logging_mixin.py:188} INFO - [2023-12-21T13:01:03.469-0300] {dag.py:3820} INFO - Setting next_dagrun for dataset_consumes_1_never_scheduled to None, run_after=None
[2023-12-21T13:01:03.470-0300] {logging_mixin.py:188} INFO - [2023-12-21T13:01:03.470-0300] {dag.py:3820} INFO - Setting next_dagrun for dataset_consumes_unknown_never_scheduled to None, run_after=None
[2023-12-21T13:01:03.474-0300] {logging_mixin.py:188} INFO - [2023-12-21T13:01:03.474-0300] {dag.py:3820} INFO - Setting next_dagrun for dataset_produces_1 to 2023-12-20T00:00:00+00:00, run_after=2023-12-21T00:00:00+00:00
[2023-12-21T13:01:03.476-0300] {logging_mixin.py:188} INFO - [2023-12-21T13:01:03.476-0300] {dag.py:3820} INFO - Setting next_dagrun for dataset_produces_2 to None, run_after=None
[2023-12-21T13:01:03.587-0300] {processor.py:183} INFO - Processing /home/myc-ti-2/airflow_workspace/airflow_env/lib/python3.10/site-packages/airflow/example_dags/example_datasets.py took 0.266 seconds
[2023-12-21T13:02:04.892-0300] {processor.py:161} INFO - Started process (PID=7334) to work on /home/myc-ti-2/airflow_workspace/airflow_env/lib/python3.10/site-packages/airflow/example_dags/example_datasets.py
[2023-12-21T13:02:04.903-0300] {processor.py:830} INFO - Processing file /home/myc-ti-2/airflow_workspace/airflow_env/lib/python3.10/site-packages/airflow/example_dags/example_datasets.py for tasks to queue
[2023-12-21T13:02:04.905-0300] {logging_mixin.py:188} INFO - [2023-12-21T13:02:04.904-0300] {dagbag.py:538} INFO - Filling up the DagBag from /home/myc-ti-2/airflow_workspace/airflow_env/lib/python3.10/site-packages/airflow/example_dags/example_datasets.py
[2023-12-21T13:02:04.929-0300] {processor.py:840} INFO - DAG(s) 'dataset_consumes_1_and_2', 'dataset_consumes_1_never_scheduled', 'dataset_consumes_unknown_never_scheduled', 'dataset_produces_1', 'dataset_produces_2', 'dataset_consumes_1' retrieved from /home/myc-ti-2/airflow_workspace/airflow_env/lib/python3.10/site-packages/airflow/example_dags/example_datasets.py
[2023-12-21T13:02:04.980-0300] {logging_mixin.py:188} INFO - [2023-12-21T13:02:04.979-0300] {dag.py:3033} INFO - Sync 6 DAGs
[2023-12-21T13:02:05.013-0300] {logging_mixin.py:188} INFO - [2023-12-21T13:02:05.012-0300] {dag.py:3820} INFO - Setting next_dagrun for dataset_consumes_1 to None, run_after=None
[2023-12-21T13:02:05.018-0300] {logging_mixin.py:188} INFO - [2023-12-21T13:02:05.017-0300] {dag.py:3820} INFO - Setting next_dagrun for dataset_consumes_1_and_2 to None, run_after=None
[2023-12-21T13:02:05.019-0300] {logging_mixin.py:188} INFO - [2023-12-21T13:02:05.019-0300] {dag.py:3820} INFO - Setting next_dagrun for dataset_consumes_1_never_scheduled to None, run_after=None
[2023-12-21T13:02:05.021-0300] {logging_mixin.py:188} INFO - [2023-12-21T13:02:05.020-0300] {dag.py:3820} INFO - Setting next_dagrun for dataset_consumes_unknown_never_scheduled to None, run_after=None
[2023-12-21T13:02:05.025-0300] {logging_mixin.py:188} INFO - [2023-12-21T13:02:05.024-0300] {dag.py:3820} INFO - Setting next_dagrun for dataset_produces_1 to 2023-12-20T00:00:00+00:00, run_after=2023-12-21T00:00:00+00:00
[2023-12-21T13:02:05.026-0300] {logging_mixin.py:188} INFO - [2023-12-21T13:02:05.026-0300] {dag.py:3820} INFO - Setting next_dagrun for dataset_produces_2 to None, run_after=None
[2023-12-21T13:02:05.146-0300] {processor.py:183} INFO - Processing /home/myc-ti-2/airflow_workspace/airflow_env/lib/python3.10/site-packages/airflow/example_dags/example_datasets.py took 0.261 seconds
[2023-12-21T13:03:10.498-0300] {processor.py:161} INFO - Started process (PID=7403) to work on /home/myc-ti-2/airflow_workspace/airflow_env/lib/python3.10/site-packages/airflow/example_dags/example_datasets.py
[2023-12-21T13:03:10.516-0300] {processor.py:830} INFO - Processing file /home/myc-ti-2/airflow_workspace/airflow_env/lib/python3.10/site-packages/airflow/example_dags/example_datasets.py for tasks to queue
[2023-12-21T13:03:10.517-0300] {logging_mixin.py:188} INFO - [2023-12-21T13:03:10.517-0300] {dagbag.py:538} INFO - Filling up the DagBag from /home/myc-ti-2/airflow_workspace/airflow_env/lib/python3.10/site-packages/airflow/example_dags/example_datasets.py
[2023-12-21T13:03:10.535-0300] {processor.py:840} INFO - DAG(s) 'dataset_consumes_unknown_never_scheduled', 'dataset_consumes_1_never_scheduled', 'dataset_consumes_1', 'dataset_produces_2', 'dataset_consumes_1_and_2', 'dataset_produces_1' retrieved from /home/myc-ti-2/airflow_workspace/airflow_env/lib/python3.10/site-packages/airflow/example_dags/example_datasets.py
[2023-12-21T13:03:10.583-0300] {logging_mixin.py:188} INFO - [2023-12-21T13:03:10.583-0300] {dag.py:3033} INFO - Sync 6 DAGs
[2023-12-21T13:03:10.610-0300] {logging_mixin.py:188} INFO - [2023-12-21T13:03:10.609-0300] {dag.py:3820} INFO - Setting next_dagrun for dataset_consumes_1 to None, run_after=None
[2023-12-21T13:03:10.614-0300] {logging_mixin.py:188} INFO - [2023-12-21T13:03:10.614-0300] {dag.py:3820} INFO - Setting next_dagrun for dataset_consumes_1_and_2 to None, run_after=None
[2023-12-21T13:03:10.615-0300] {logging_mixin.py:188} INFO - [2023-12-21T13:03:10.615-0300] {dag.py:3820} INFO - Setting next_dagrun for dataset_consumes_1_never_scheduled to None, run_after=None
[2023-12-21T13:03:10.617-0300] {logging_mixin.py:188} INFO - [2023-12-21T13:03:10.617-0300] {dag.py:3820} INFO - Setting next_dagrun for dataset_consumes_unknown_never_scheduled to None, run_after=None
[2023-12-21T13:03:10.620-0300] {logging_mixin.py:188} INFO - [2023-12-21T13:03:10.620-0300] {dag.py:3820} INFO - Setting next_dagrun for dataset_produces_1 to 2023-12-20T00:00:00+00:00, run_after=2023-12-21T00:00:00+00:00
[2023-12-21T13:03:10.621-0300] {logging_mixin.py:188} INFO - [2023-12-21T13:03:10.621-0300] {dag.py:3820} INFO - Setting next_dagrun for dataset_produces_2 to None, run_after=None
[2023-12-21T13:03:10.739-0300] {processor.py:183} INFO - Processing /home/myc-ti-2/airflow_workspace/airflow_env/lib/python3.10/site-packages/airflow/example_dags/example_datasets.py took 0.245 seconds
[2023-12-21T13:04:10.254-0300] {processor.py:161} INFO - Started process (PID=7462) to work on /home/myc-ti-2/airflow_workspace/airflow_env/lib/python3.10/site-packages/airflow/example_dags/example_datasets.py
[2023-12-21T13:04:10.255-0300] {processor.py:830} INFO - Processing file /home/myc-ti-2/airflow_workspace/airflow_env/lib/python3.10/site-packages/airflow/example_dags/example_datasets.py for tasks to queue
[2023-12-21T13:04:10.257-0300] {logging_mixin.py:188} INFO - [2023-12-21T13:04:10.256-0300] {dagbag.py:538} INFO - Filling up the DagBag from /home/myc-ti-2/airflow_workspace/airflow_env/lib/python3.10/site-packages/airflow/example_dags/example_datasets.py
[2023-12-21T13:04:10.274-0300] {processor.py:840} INFO - DAG(s) 'dataset_consumes_unknown_never_scheduled', 'dataset_consumes_1_and_2', 'dataset_consumes_1', 'dataset_consumes_1_never_scheduled', 'dataset_produces_2', 'dataset_produces_1' retrieved from /home/myc-ti-2/airflow_workspace/airflow_env/lib/python3.10/site-packages/airflow/example_dags/example_datasets.py
[2023-12-21T13:04:10.317-0300] {logging_mixin.py:188} INFO - [2023-12-21T13:04:10.317-0300] {dag.py:3033} INFO - Sync 6 DAGs
[2023-12-21T13:04:10.345-0300] {logging_mixin.py:188} INFO - [2023-12-21T13:04:10.344-0300] {dag.py:3820} INFO - Setting next_dagrun for dataset_consumes_1 to None, run_after=None
[2023-12-21T13:04:10.349-0300] {logging_mixin.py:188} INFO - [2023-12-21T13:04:10.348-0300] {dag.py:3820} INFO - Setting next_dagrun for dataset_consumes_1_and_2 to None, run_after=None
[2023-12-21T13:04:10.350-0300] {logging_mixin.py:188} INFO - [2023-12-21T13:04:10.350-0300] {dag.py:3820} INFO - Setting next_dagrun for dataset_consumes_1_never_scheduled to None, run_after=None
[2023-12-21T13:04:10.352-0300] {logging_mixin.py:188} INFO - [2023-12-21T13:04:10.352-0300] {dag.py:3820} INFO - Setting next_dagrun for dataset_consumes_unknown_never_scheduled to None, run_after=None
[2023-12-21T13:04:10.356-0300] {logging_mixin.py:188} INFO - [2023-12-21T13:04:10.356-0300] {dag.py:3820} INFO - Setting next_dagrun for dataset_produces_1 to 2023-12-20T00:00:00+00:00, run_after=2023-12-21T00:00:00+00:00
[2023-12-21T13:04:10.358-0300] {logging_mixin.py:188} INFO - [2023-12-21T13:04:10.358-0300] {dag.py:3820} INFO - Setting next_dagrun for dataset_produces_2 to None, run_after=None
[2023-12-21T13:04:10.496-0300] {processor.py:183} INFO - Processing /home/myc-ti-2/airflow_workspace/airflow_env/lib/python3.10/site-packages/airflow/example_dags/example_datasets.py took 0.247 seconds
[2023-12-21T13:05:09.714-0300] {processor.py:161} INFO - Started process (PID=7518) to work on /home/myc-ti-2/airflow_workspace/airflow_env/lib/python3.10/site-packages/airflow/example_dags/example_datasets.py
[2023-12-21T13:05:09.715-0300] {processor.py:830} INFO - Processing file /home/myc-ti-2/airflow_workspace/airflow_env/lib/python3.10/site-packages/airflow/example_dags/example_datasets.py for tasks to queue
[2023-12-21T13:05:09.717-0300] {logging_mixin.py:188} INFO - [2023-12-21T13:05:09.716-0300] {dagbag.py:538} INFO - Filling up the DagBag from /home/myc-ti-2/airflow_workspace/airflow_env/lib/python3.10/site-packages/airflow/example_dags/example_datasets.py
[2023-12-21T13:05:09.735-0300] {processor.py:840} INFO - DAG(s) 'dataset_produces_2', 'dataset_produces_1', 'dataset_consumes_1', 'dataset_consumes_1_and_2', 'dataset_consumes_unknown_never_scheduled', 'dataset_consumes_1_never_scheduled' retrieved from /home/myc-ti-2/airflow_workspace/airflow_env/lib/python3.10/site-packages/airflow/example_dags/example_datasets.py
[2023-12-21T13:05:09.776-0300] {logging_mixin.py:188} INFO - [2023-12-21T13:05:09.776-0300] {dag.py:3033} INFO - Sync 6 DAGs
[2023-12-21T13:05:09.804-0300] {logging_mixin.py:188} INFO - [2023-12-21T13:05:09.804-0300] {dag.py:3820} INFO - Setting next_dagrun for dataset_consumes_1 to None, run_after=None
[2023-12-21T13:05:09.809-0300] {logging_mixin.py:188} INFO - [2023-12-21T13:05:09.808-0300] {dag.py:3820} INFO - Setting next_dagrun for dataset_consumes_1_and_2 to None, run_after=None
[2023-12-21T13:05:09.810-0300] {logging_mixin.py:188} INFO - [2023-12-21T13:05:09.810-0300] {dag.py:3820} INFO - Setting next_dagrun for dataset_consumes_1_never_scheduled to None, run_after=None
[2023-12-21T13:05:09.811-0300] {logging_mixin.py:188} INFO - [2023-12-21T13:05:09.811-0300] {dag.py:3820} INFO - Setting next_dagrun for dataset_consumes_unknown_never_scheduled to None, run_after=None
[2023-12-21T13:05:09.814-0300] {logging_mixin.py:188} INFO - [2023-12-21T13:05:09.814-0300] {dag.py:3820} INFO - Setting next_dagrun for dataset_produces_1 to 2023-12-20T00:00:00+00:00, run_after=2023-12-21T00:00:00+00:00
[2023-12-21T13:05:09.817-0300] {logging_mixin.py:188} INFO - [2023-12-21T13:05:09.817-0300] {dag.py:3820} INFO - Setting next_dagrun for dataset_produces_2 to None, run_after=None
[2023-12-21T13:05:09.949-0300] {processor.py:183} INFO - Processing /home/myc-ti-2/airflow_workspace/airflow_env/lib/python3.10/site-packages/airflow/example_dags/example_datasets.py took 0.240 seconds
[2023-12-21T13:06:31.553-0300] {processor.py:161} INFO - Started process (PID=7665) to work on /home/myc-ti-2/airflow_workspace/airflow_env/lib/python3.10/site-packages/airflow/example_dags/example_datasets.py
[2023-12-21T13:06:31.567-0300] {processor.py:830} INFO - Processing file /home/myc-ti-2/airflow_workspace/airflow_env/lib/python3.10/site-packages/airflow/example_dags/example_datasets.py for tasks to queue
[2023-12-21T13:06:31.569-0300] {logging_mixin.py:188} INFO - [2023-12-21T13:06:31.568-0300] {dagbag.py:538} INFO - Filling up the DagBag from /home/myc-ti-2/airflow_workspace/airflow_env/lib/python3.10/site-packages/airflow/example_dags/example_datasets.py
[2023-12-21T13:06:31.596-0300] {processor.py:840} INFO - DAG(s) 'dataset_consumes_1_never_scheduled', 'dataset_consumes_1', 'dataset_consumes_1_and_2', 'dataset_consumes_unknown_never_scheduled', 'dataset_produces_1', 'dataset_produces_2' retrieved from /home/myc-ti-2/airflow_workspace/airflow_env/lib/python3.10/site-packages/airflow/example_dags/example_datasets.py
[2023-12-21T13:06:31.645-0300] {logging_mixin.py:188} INFO - [2023-12-21T13:06:31.645-0300] {dag.py:3033} INFO - Sync 6 DAGs
[2023-12-21T13:06:31.681-0300] {logging_mixin.py:188} INFO - [2023-12-21T13:06:31.681-0300] {dag.py:3820} INFO - Setting next_dagrun for dataset_consumes_1 to None, run_after=None
[2023-12-21T13:06:31.686-0300] {logging_mixin.py:188} INFO - [2023-12-21T13:06:31.686-0300] {dag.py:3820} INFO - Setting next_dagrun for dataset_consumes_1_and_2 to None, run_after=None
[2023-12-21T13:06:31.687-0300] {logging_mixin.py:188} INFO - [2023-12-21T13:06:31.687-0300] {dag.py:3820} INFO - Setting next_dagrun for dataset_consumes_1_never_scheduled to None, run_after=None
[2023-12-21T13:06:31.689-0300] {logging_mixin.py:188} INFO - [2023-12-21T13:06:31.689-0300] {dag.py:3820} INFO - Setting next_dagrun for dataset_consumes_unknown_never_scheduled to None, run_after=None
[2023-12-21T13:06:31.693-0300] {logging_mixin.py:188} INFO - [2023-12-21T13:06:31.693-0300] {dag.py:3820} INFO - Setting next_dagrun for dataset_produces_1 to 2023-12-20T00:00:00+00:00, run_after=2023-12-21T00:00:00+00:00
[2023-12-21T13:06:31.695-0300] {logging_mixin.py:188} INFO - [2023-12-21T13:06:31.695-0300] {dag.py:3820} INFO - Setting next_dagrun for dataset_produces_2 to None, run_after=None
[2023-12-21T13:06:31.880-0300] {processor.py:183} INFO - Processing /home/myc-ti-2/airflow_workspace/airflow_env/lib/python3.10/site-packages/airflow/example_dags/example_datasets.py took 0.335 seconds
[2023-12-21T13:07:46.208-0300] {processor.py:161} INFO - Started process (PID=7753) to work on /home/myc-ti-2/airflow_workspace/airflow_env/lib/python3.10/site-packages/airflow/example_dags/example_datasets.py
[2023-12-21T13:07:46.210-0300] {processor.py:830} INFO - Processing file /home/myc-ti-2/airflow_workspace/airflow_env/lib/python3.10/site-packages/airflow/example_dags/example_datasets.py for tasks to queue
[2023-12-21T13:07:46.212-0300] {logging_mixin.py:188} INFO - [2023-12-21T13:07:46.211-0300] {dagbag.py:538} INFO - Filling up the DagBag from /home/myc-ti-2/airflow_workspace/airflow_env/lib/python3.10/site-packages/airflow/example_dags/example_datasets.py
[2023-12-21T13:07:46.230-0300] {processor.py:840} INFO - DAG(s) 'dataset_produces_1', 'dataset_consumes_1', 'dataset_produces_2', 'dataset_consumes_unknown_never_scheduled', 'dataset_consumes_1_and_2', 'dataset_consumes_1_never_scheduled' retrieved from /home/myc-ti-2/airflow_workspace/airflow_env/lib/python3.10/site-packages/airflow/example_dags/example_datasets.py
[2023-12-21T13:07:46.283-0300] {logging_mixin.py:188} INFO - [2023-12-21T13:07:46.282-0300] {dag.py:3033} INFO - Sync 6 DAGs
[2023-12-21T13:07:46.317-0300] {logging_mixin.py:188} INFO - [2023-12-21T13:07:46.317-0300] {dag.py:3820} INFO - Setting next_dagrun for dataset_consumes_1 to None, run_after=None
[2023-12-21T13:07:46.323-0300] {logging_mixin.py:188} INFO - [2023-12-21T13:07:46.323-0300] {dag.py:3820} INFO - Setting next_dagrun for dataset_consumes_1_and_2 to None, run_after=None
[2023-12-21T13:07:46.325-0300] {logging_mixin.py:188} INFO - [2023-12-21T13:07:46.325-0300] {dag.py:3820} INFO - Setting next_dagrun for dataset_consumes_1_never_scheduled to None, run_after=None
[2023-12-21T13:07:46.326-0300] {logging_mixin.py:188} INFO - [2023-12-21T13:07:46.326-0300] {dag.py:3820} INFO - Setting next_dagrun for dataset_consumes_unknown_never_scheduled to None, run_after=None
[2023-12-21T13:07:46.331-0300] {logging_mixin.py:188} INFO - [2023-12-21T13:07:46.331-0300] {dag.py:3820} INFO - Setting next_dagrun for dataset_produces_1 to 2023-12-20T00:00:00+00:00, run_after=2023-12-21T00:00:00+00:00
[2023-12-21T13:07:46.333-0300] {logging_mixin.py:188} INFO - [2023-12-21T13:07:46.332-0300] {dag.py:3820} INFO - Setting next_dagrun for dataset_produces_2 to None, run_after=None
[2023-12-21T13:07:46.450-0300] {processor.py:183} INFO - Processing /home/myc-ti-2/airflow_workspace/airflow_env/lib/python3.10/site-packages/airflow/example_dags/example_datasets.py took 0.247 seconds
[2023-12-21T13:08:50.783-0300] {processor.py:161} INFO - Started process (PID=9152) to work on /home/myc-ti-2/airflow_workspace/airflow_env/lib/python3.10/site-packages/airflow/example_dags/example_datasets.py
[2023-12-21T13:08:50.785-0300] {processor.py:830} INFO - Processing file /home/myc-ti-2/airflow_workspace/airflow_env/lib/python3.10/site-packages/airflow/example_dags/example_datasets.py for tasks to queue
[2023-12-21T13:08:50.787-0300] {logging_mixin.py:188} INFO - [2023-12-21T13:08:50.787-0300] {dagbag.py:538} INFO - Filling up the DagBag from /home/myc-ti-2/airflow_workspace/airflow_env/lib/python3.10/site-packages/airflow/example_dags/example_datasets.py
[2023-12-21T13:08:50.812-0300] {processor.py:840} INFO - DAG(s) 'dataset_consumes_1_never_scheduled', 'dataset_consumes_1', 'dataset_consumes_1_and_2', 'dataset_produces_1', 'dataset_consumes_unknown_never_scheduled', 'dataset_produces_2' retrieved from /home/myc-ti-2/airflow_workspace/airflow_env/lib/python3.10/site-packages/airflow/example_dags/example_datasets.py
[2023-12-21T13:08:50.859-0300] {logging_mixin.py:188} INFO - [2023-12-21T13:08:50.859-0300] {dag.py:3033} INFO - Sync 6 DAGs
[2023-12-21T13:08:50.892-0300] {logging_mixin.py:188} INFO - [2023-12-21T13:08:50.892-0300] {dag.py:3820} INFO - Setting next_dagrun for dataset_consumes_1 to None, run_after=None
[2023-12-21T13:08:50.897-0300] {logging_mixin.py:188} INFO - [2023-12-21T13:08:50.897-0300] {dag.py:3820} INFO - Setting next_dagrun for dataset_consumes_1_and_2 to None, run_after=None
[2023-12-21T13:08:50.899-0300] {logging_mixin.py:188} INFO - [2023-12-21T13:08:50.898-0300] {dag.py:3820} INFO - Setting next_dagrun for dataset_consumes_1_never_scheduled to None, run_after=None
[2023-12-21T13:08:50.900-0300] {logging_mixin.py:188} INFO - [2023-12-21T13:08:50.900-0300] {dag.py:3820} INFO - Setting next_dagrun for dataset_consumes_unknown_never_scheduled to None, run_after=None
[2023-12-21T13:08:50.904-0300] {logging_mixin.py:188} INFO - [2023-12-21T13:08:50.904-0300] {dag.py:3820} INFO - Setting next_dagrun for dataset_produces_1 to 2023-12-20T00:00:00+00:00, run_after=2023-12-21T00:00:00+00:00
[2023-12-21T13:08:50.906-0300] {logging_mixin.py:188} INFO - [2023-12-21T13:08:50.906-0300] {dag.py:3820} INFO - Setting next_dagrun for dataset_produces_2 to None, run_after=None
[2023-12-21T13:08:51.046-0300] {processor.py:183} INFO - Processing /home/myc-ti-2/airflow_workspace/airflow_env/lib/python3.10/site-packages/airflow/example_dags/example_datasets.py took 0.270 seconds
[2023-12-21T13:09:58.245-0300] {processor.py:161} INFO - Started process (PID=9319) to work on /home/myc-ti-2/airflow_workspace/airflow_env/lib/python3.10/site-packages/airflow/example_dags/example_datasets.py
[2023-12-21T13:09:58.269-0300] {processor.py:830} INFO - Processing file /home/myc-ti-2/airflow_workspace/airflow_env/lib/python3.10/site-packages/airflow/example_dags/example_datasets.py for tasks to queue
[2023-12-21T13:09:58.272-0300] {logging_mixin.py:188} INFO - [2023-12-21T13:09:58.271-0300] {dagbag.py:538} INFO - Filling up the DagBag from /home/myc-ti-2/airflow_workspace/airflow_env/lib/python3.10/site-packages/airflow/example_dags/example_datasets.py
[2023-12-21T13:09:58.295-0300] {processor.py:840} INFO - DAG(s) 'dataset_produces_1', 'dataset_consumes_unknown_never_scheduled', 'dataset_consumes_1_never_scheduled', 'dataset_consumes_1_and_2', 'dataset_consumes_1', 'dataset_produces_2' retrieved from /home/myc-ti-2/airflow_workspace/airflow_env/lib/python3.10/site-packages/airflow/example_dags/example_datasets.py
[2023-12-21T13:09:58.352-0300] {logging_mixin.py:188} INFO - [2023-12-21T13:09:58.352-0300] {dag.py:3033} INFO - Sync 6 DAGs
[2023-12-21T13:09:58.388-0300] {logging_mixin.py:188} INFO - [2023-12-21T13:09:58.387-0300] {dag.py:3820} INFO - Setting next_dagrun for dataset_consumes_1 to None, run_after=None
[2023-12-21T13:09:58.393-0300] {logging_mixin.py:188} INFO - [2023-12-21T13:09:58.393-0300] {dag.py:3820} INFO - Setting next_dagrun for dataset_consumes_1_and_2 to None, run_after=None
[2023-12-21T13:09:58.395-0300] {logging_mixin.py:188} INFO - [2023-12-21T13:09:58.395-0300] {dag.py:3820} INFO - Setting next_dagrun for dataset_consumes_1_never_scheduled to None, run_after=None
[2023-12-21T13:09:58.396-0300] {logging_mixin.py:188} INFO - [2023-12-21T13:09:58.396-0300] {dag.py:3820} INFO - Setting next_dagrun for dataset_consumes_unknown_never_scheduled to None, run_after=None
[2023-12-21T13:09:58.401-0300] {logging_mixin.py:188} INFO - [2023-12-21T13:09:58.400-0300] {dag.py:3820} INFO - Setting next_dagrun for dataset_produces_1 to 2023-12-20T00:00:00+00:00, run_after=2023-12-21T00:00:00+00:00
[2023-12-21T13:09:58.402-0300] {logging_mixin.py:188} INFO - [2023-12-21T13:09:58.402-0300] {dag.py:3820} INFO - Setting next_dagrun for dataset_produces_2 to None, run_after=None
[2023-12-21T13:09:58.657-0300] {processor.py:183} INFO - Processing /home/myc-ti-2/airflow_workspace/airflow_env/lib/python3.10/site-packages/airflow/example_dags/example_datasets.py took 0.421 seconds
[2023-12-21T13:11:06.400-0300] {processor.py:161} INFO - Started process (PID=9759) to work on /home/myc-ti-2/airflow_workspace/airflow_env/lib/python3.10/site-packages/airflow/example_dags/example_datasets.py
[2023-12-21T13:11:06.402-0300] {processor.py:830} INFO - Processing file /home/myc-ti-2/airflow_workspace/airflow_env/lib/python3.10/site-packages/airflow/example_dags/example_datasets.py for tasks to queue
[2023-12-21T13:11:06.404-0300] {logging_mixin.py:188} INFO - [2023-12-21T13:11:06.403-0300] {dagbag.py:538} INFO - Filling up the DagBag from /home/myc-ti-2/airflow_workspace/airflow_env/lib/python3.10/site-packages/airflow/example_dags/example_datasets.py
[2023-12-21T13:11:06.429-0300] {processor.py:840} INFO - DAG(s) 'dataset_consumes_unknown_never_scheduled', 'dataset_consumes_1', 'dataset_produces_2', 'dataset_consumes_1_never_scheduled', 'dataset_consumes_1_and_2', 'dataset_produces_1' retrieved from /home/myc-ti-2/airflow_workspace/airflow_env/lib/python3.10/site-packages/airflow/example_dags/example_datasets.py
[2023-12-21T13:11:06.477-0300] {logging_mixin.py:188} INFO - [2023-12-21T13:11:06.477-0300] {dag.py:3033} INFO - Sync 6 DAGs
[2023-12-21T13:11:06.511-0300] {logging_mixin.py:188} INFO - [2023-12-21T13:11:06.510-0300] {dag.py:3820} INFO - Setting next_dagrun for dataset_consumes_1 to None, run_after=None
[2023-12-21T13:11:06.515-0300] {logging_mixin.py:188} INFO - [2023-12-21T13:11:06.515-0300] {dag.py:3820} INFO - Setting next_dagrun for dataset_consumes_1_and_2 to None, run_after=None
[2023-12-21T13:11:06.517-0300] {logging_mixin.py:188} INFO - [2023-12-21T13:11:06.517-0300] {dag.py:3820} INFO - Setting next_dagrun for dataset_consumes_1_never_scheduled to None, run_after=None
[2023-12-21T13:11:06.518-0300] {logging_mixin.py:188} INFO - [2023-12-21T13:11:06.518-0300] {dag.py:3820} INFO - Setting next_dagrun for dataset_consumes_unknown_never_scheduled to None, run_after=None
[2023-12-21T13:11:06.522-0300] {logging_mixin.py:188} INFO - [2023-12-21T13:11:06.522-0300] {dag.py:3820} INFO - Setting next_dagrun for dataset_produces_1 to 2023-12-20T00:00:00+00:00, run_after=2023-12-21T00:00:00+00:00
[2023-12-21T13:11:06.524-0300] {logging_mixin.py:188} INFO - [2023-12-21T13:11:06.524-0300] {dag.py:3820} INFO - Setting next_dagrun for dataset_produces_2 to None, run_after=None
[2023-12-21T13:11:06.677-0300] {processor.py:183} INFO - Processing /home/myc-ti-2/airflow_workspace/airflow_env/lib/python3.10/site-packages/airflow/example_dags/example_datasets.py took 0.284 seconds
[2023-12-21T13:12:09.383-0300] {processor.py:161} INFO - Started process (PID=10061) to work on /home/myc-ti-2/airflow_workspace/airflow_env/lib/python3.10/site-packages/airflow/example_dags/example_datasets.py
[2023-12-21T13:12:09.385-0300] {processor.py:830} INFO - Processing file /home/myc-ti-2/airflow_workspace/airflow_env/lib/python3.10/site-packages/airflow/example_dags/example_datasets.py for tasks to queue
[2023-12-21T13:12:09.387-0300] {logging_mixin.py:188} INFO - [2023-12-21T13:12:09.386-0300] {dagbag.py:538} INFO - Filling up the DagBag from /home/myc-ti-2/airflow_workspace/airflow_env/lib/python3.10/site-packages/airflow/example_dags/example_datasets.py
[2023-12-21T13:12:09.412-0300] {processor.py:840} INFO - DAG(s) 'dataset_consumes_1_never_scheduled', 'dataset_consumes_1_and_2', 'dataset_consumes_unknown_never_scheduled', 'dataset_produces_1', 'dataset_consumes_1', 'dataset_produces_2' retrieved from /home/myc-ti-2/airflow_workspace/airflow_env/lib/python3.10/site-packages/airflow/example_dags/example_datasets.py
[2023-12-21T13:12:09.461-0300] {logging_mixin.py:188} INFO - [2023-12-21T13:12:09.460-0300] {dag.py:3033} INFO - Sync 6 DAGs
[2023-12-21T13:12:09.494-0300] {logging_mixin.py:188} INFO - [2023-12-21T13:12:09.494-0300] {dag.py:3820} INFO - Setting next_dagrun for dataset_consumes_1 to None, run_after=None
[2023-12-21T13:12:09.499-0300] {logging_mixin.py:188} INFO - [2023-12-21T13:12:09.499-0300] {dag.py:3820} INFO - Setting next_dagrun for dataset_consumes_1_and_2 to None, run_after=None
[2023-12-21T13:12:09.501-0300] {logging_mixin.py:188} INFO - [2023-12-21T13:12:09.500-0300] {dag.py:3820} INFO - Setting next_dagrun for dataset_consumes_1_never_scheduled to None, run_after=None
[2023-12-21T13:12:09.502-0300] {logging_mixin.py:188} INFO - [2023-12-21T13:12:09.502-0300] {dag.py:3820} INFO - Setting next_dagrun for dataset_consumes_unknown_never_scheduled to None, run_after=None
[2023-12-21T13:12:09.506-0300] {logging_mixin.py:188} INFO - [2023-12-21T13:12:09.506-0300] {dag.py:3820} INFO - Setting next_dagrun for dataset_produces_1 to 2023-12-20T00:00:00+00:00, run_after=2023-12-21T00:00:00+00:00
[2023-12-21T13:12:09.508-0300] {logging_mixin.py:188} INFO - [2023-12-21T13:12:09.508-0300] {dag.py:3820} INFO - Setting next_dagrun for dataset_produces_2 to None, run_after=None
[2023-12-21T13:12:09.639-0300] {processor.py:183} INFO - Processing /home/myc-ti-2/airflow_workspace/airflow_env/lib/python3.10/site-packages/airflow/example_dags/example_datasets.py took 0.263 seconds
[2023-12-21T13:13:11.900-0300] {processor.py:161} INFO - Started process (PID=10224) to work on /home/myc-ti-2/airflow_workspace/airflow_env/lib/python3.10/site-packages/airflow/example_dags/example_datasets.py
[2023-12-21T13:13:11.911-0300] {processor.py:830} INFO - Processing file /home/myc-ti-2/airflow_workspace/airflow_env/lib/python3.10/site-packages/airflow/example_dags/example_datasets.py for tasks to queue
[2023-12-21T13:13:11.913-0300] {logging_mixin.py:188} INFO - [2023-12-21T13:13:11.912-0300] {dagbag.py:538} INFO - Filling up the DagBag from /home/myc-ti-2/airflow_workspace/airflow_env/lib/python3.10/site-packages/airflow/example_dags/example_datasets.py
[2023-12-21T13:13:11.930-0300] {processor.py:840} INFO - DAG(s) 'dataset_consumes_1_never_scheduled', 'dataset_consumes_unknown_never_scheduled', 'dataset_produces_1', 'dataset_consumes_1_and_2', 'dataset_produces_2', 'dataset_consumes_1' retrieved from /home/myc-ti-2/airflow_workspace/airflow_env/lib/python3.10/site-packages/airflow/example_dags/example_datasets.py
[2023-12-21T13:13:11.993-0300] {logging_mixin.py:188} INFO - [2023-12-21T13:13:11.993-0300] {dag.py:3033} INFO - Sync 6 DAGs
[2023-12-21T13:13:12.035-0300] {logging_mixin.py:188} INFO - [2023-12-21T13:13:12.034-0300] {dag.py:3820} INFO - Setting next_dagrun for dataset_consumes_1 to None, run_after=None
[2023-12-21T13:13:12.041-0300] {logging_mixin.py:188} INFO - [2023-12-21T13:13:12.041-0300] {dag.py:3820} INFO - Setting next_dagrun for dataset_consumes_1_and_2 to None, run_after=None
[2023-12-21T13:13:12.043-0300] {logging_mixin.py:188} INFO - [2023-12-21T13:13:12.043-0300] {dag.py:3820} INFO - Setting next_dagrun for dataset_consumes_1_never_scheduled to None, run_after=None
[2023-12-21T13:13:12.045-0300] {logging_mixin.py:188} INFO - [2023-12-21T13:13:12.045-0300] {dag.py:3820} INFO - Setting next_dagrun for dataset_consumes_unknown_never_scheduled to None, run_after=None
[2023-12-21T13:13:12.051-0300] {logging_mixin.py:188} INFO - [2023-12-21T13:13:12.051-0300] {dag.py:3820} INFO - Setting next_dagrun for dataset_produces_1 to 2023-12-20T00:00:00+00:00, run_after=2023-12-21T00:00:00+00:00
[2023-12-21T13:13:12.053-0300] {logging_mixin.py:188} INFO - [2023-12-21T13:13:12.053-0300] {dag.py:3820} INFO - Setting next_dagrun for dataset_produces_2 to None, run_after=None
[2023-12-21T13:13:12.281-0300] {processor.py:183} INFO - Processing /home/myc-ti-2/airflow_workspace/airflow_env/lib/python3.10/site-packages/airflow/example_dags/example_datasets.py took 0.386 seconds
[2023-12-21T13:14:13.840-0300] {processor.py:161} INFO - Started process (PID=10327) to work on /home/myc-ti-2/airflow_workspace/airflow_env/lib/python3.10/site-packages/airflow/example_dags/example_datasets.py
[2023-12-21T13:14:13.859-0300] {processor.py:830} INFO - Processing file /home/myc-ti-2/airflow_workspace/airflow_env/lib/python3.10/site-packages/airflow/example_dags/example_datasets.py for tasks to queue
[2023-12-21T13:14:13.861-0300] {logging_mixin.py:188} INFO - [2023-12-21T13:14:13.860-0300] {dagbag.py:538} INFO - Filling up the DagBag from /home/myc-ti-2/airflow_workspace/airflow_env/lib/python3.10/site-packages/airflow/example_dags/example_datasets.py
[2023-12-21T13:14:13.886-0300] {processor.py:840} INFO - DAG(s) 'dataset_consumes_unknown_never_scheduled', 'dataset_consumes_1_never_scheduled', 'dataset_produces_1', 'dataset_consumes_1_and_2', 'dataset_produces_2', 'dataset_consumes_1' retrieved from /home/myc-ti-2/airflow_workspace/airflow_env/lib/python3.10/site-packages/airflow/example_dags/example_datasets.py
[2023-12-21T13:14:13.942-0300] {logging_mixin.py:188} INFO - [2023-12-21T13:14:13.941-0300] {dag.py:3033} INFO - Sync 6 DAGs
[2023-12-21T13:14:13.974-0300] {logging_mixin.py:188} INFO - [2023-12-21T13:14:13.974-0300] {dag.py:3820} INFO - Setting next_dagrun for dataset_consumes_1 to None, run_after=None
[2023-12-21T13:14:13.979-0300] {logging_mixin.py:188} INFO - [2023-12-21T13:14:13.979-0300] {dag.py:3820} INFO - Setting next_dagrun for dataset_consumes_1_and_2 to None, run_after=None
[2023-12-21T13:14:13.981-0300] {logging_mixin.py:188} INFO - [2023-12-21T13:14:13.981-0300] {dag.py:3820} INFO - Setting next_dagrun for dataset_consumes_1_never_scheduled to None, run_after=None
[2023-12-21T13:14:13.982-0300] {logging_mixin.py:188} INFO - [2023-12-21T13:14:13.982-0300] {dag.py:3820} INFO - Setting next_dagrun for dataset_consumes_unknown_never_scheduled to None, run_after=None
[2023-12-21T13:14:13.986-0300] {logging_mixin.py:188} INFO - [2023-12-21T13:14:13.986-0300] {dag.py:3820} INFO - Setting next_dagrun for dataset_produces_1 to 2023-12-20T00:00:00+00:00, run_after=2023-12-21T00:00:00+00:00
[2023-12-21T13:14:13.988-0300] {logging_mixin.py:188} INFO - [2023-12-21T13:14:13.988-0300] {dag.py:3820} INFO - Setting next_dagrun for dataset_produces_2 to None, run_after=None
[2023-12-21T13:14:14.100-0300] {processor.py:183} INFO - Processing /home/myc-ti-2/airflow_workspace/airflow_env/lib/python3.10/site-packages/airflow/example_dags/example_datasets.py took 0.266 seconds
