[2023-12-21T12:57:45.012-0300] {processor.py:161} INFO - Started process (PID=6998) to work on /home/myc-ti-2/airflow_workspace/airflow_env/lib/python3.10/site-packages/airflow/example_dags/example_setup_teardown.py
[2023-12-21T12:57:45.014-0300] {processor.py:830} INFO - Processing file /home/myc-ti-2/airflow_workspace/airflow_env/lib/python3.10/site-packages/airflow/example_dags/example_setup_teardown.py for tasks to queue
[2023-12-21T12:57:45.016-0300] {logging_mixin.py:188} INFO - [2023-12-21T12:57:45.015-0300] {dagbag.py:538} INFO - Filling up the DagBag from /home/myc-ti-2/airflow_workspace/airflow_env/lib/python3.10/site-packages/airflow/example_dags/example_setup_teardown.py
[2023-12-21T12:57:45.038-0300] {processor.py:840} INFO - DAG(s) 'example_setup_teardown' retrieved from /home/myc-ti-2/airflow_workspace/airflow_env/lib/python3.10/site-packages/airflow/example_dags/example_setup_teardown.py
[2023-12-21T12:57:45.390-0300] {logging_mixin.py:188} INFO - [2023-12-21T12:57:45.389-0300] {override.py:1769} INFO - Created Permission View: can edit on DAG:example_setup_teardown
[2023-12-21T12:57:45.506-0300] {logging_mixin.py:188} INFO - [2023-12-21T12:57:45.506-0300] {override.py:1769} INFO - Created Permission View: can delete on DAG:example_setup_teardown
[2023-12-21T12:57:45.631-0300] {logging_mixin.py:188} INFO - [2023-12-21T12:57:45.631-0300] {override.py:1769} INFO - Created Permission View: can read on DAG:example_setup_teardown
[2023-12-21T12:57:45.632-0300] {logging_mixin.py:188} INFO - [2023-12-21T12:57:45.632-0300] {dag.py:3033} INFO - Sync 1 DAGs
[2023-12-21T12:57:45.664-0300] {logging_mixin.py:188} INFO - [2023-12-21T12:57:45.664-0300] {dag.py:3055} INFO - Creating ORM DAG for example_setup_teardown
[2023-12-21T12:57:45.692-0300] {logging_mixin.py:188} INFO - [2023-12-21T12:57:45.692-0300] {dag.py:3820} INFO - Setting next_dagrun for example_setup_teardown to 2023-12-20T00:00:00+00:00, run_after=2023-12-21T00:00:00+00:00
[2023-12-21T12:57:45.890-0300] {processor.py:183} INFO - Processing /home/myc-ti-2/airflow_workspace/airflow_env/lib/python3.10/site-packages/airflow/example_dags/example_setup_teardown.py took 0.885 seconds
[2023-12-21T12:59:25.053-0300] {processor.py:161} INFO - Started process (PID=7137) to work on /home/myc-ti-2/airflow_workspace/airflow_env/lib/python3.10/site-packages/airflow/example_dags/example_setup_teardown.py
[2023-12-21T12:59:25.055-0300] {processor.py:830} INFO - Processing file /home/myc-ti-2/airflow_workspace/airflow_env/lib/python3.10/site-packages/airflow/example_dags/example_setup_teardown.py for tasks to queue
[2023-12-21T12:59:25.057-0300] {logging_mixin.py:188} INFO - [2023-12-21T12:59:25.056-0300] {dagbag.py:538} INFO - Filling up the DagBag from /home/myc-ti-2/airflow_workspace/airflow_env/lib/python3.10/site-packages/airflow/example_dags/example_setup_teardown.py
[2023-12-21T12:59:25.077-0300] {processor.py:840} INFO - DAG(s) 'example_setup_teardown' retrieved from /home/myc-ti-2/airflow_workspace/airflow_env/lib/python3.10/site-packages/airflow/example_dags/example_setup_teardown.py
[2023-12-21T12:59:25.105-0300] {logging_mixin.py:188} INFO - [2023-12-21T12:59:25.105-0300] {dag.py:3033} INFO - Sync 1 DAGs
[2023-12-21T12:59:25.135-0300] {logging_mixin.py:188} INFO - [2023-12-21T12:59:25.135-0300] {dag.py:3820} INFO - Setting next_dagrun for example_setup_teardown to 2023-12-20T00:00:00+00:00, run_after=2023-12-21T00:00:00+00:00
[2023-12-21T12:59:25.226-0300] {processor.py:183} INFO - Processing /home/myc-ti-2/airflow_workspace/airflow_env/lib/python3.10/site-packages/airflow/example_dags/example_setup_teardown.py took 0.180 seconds
[2023-12-21T13:00:22.283-0300] {processor.py:161} INFO - Started process (PID=7195) to work on /home/myc-ti-2/airflow_workspace/airflow_env/lib/python3.10/site-packages/airflow/example_dags/example_setup_teardown.py
[2023-12-21T13:00:22.285-0300] {processor.py:830} INFO - Processing file /home/myc-ti-2/airflow_workspace/airflow_env/lib/python3.10/site-packages/airflow/example_dags/example_setup_teardown.py for tasks to queue
[2023-12-21T13:00:22.287-0300] {logging_mixin.py:188} INFO - [2023-12-21T13:00:22.286-0300] {dagbag.py:538} INFO - Filling up the DagBag from /home/myc-ti-2/airflow_workspace/airflow_env/lib/python3.10/site-packages/airflow/example_dags/example_setup_teardown.py
[2023-12-21T13:00:22.305-0300] {processor.py:840} INFO - DAG(s) 'example_setup_teardown' retrieved from /home/myc-ti-2/airflow_workspace/airflow_env/lib/python3.10/site-packages/airflow/example_dags/example_setup_teardown.py
[2023-12-21T13:00:22.332-0300] {logging_mixin.py:188} INFO - [2023-12-21T13:00:22.331-0300] {dag.py:3033} INFO - Sync 1 DAGs
[2023-12-21T13:00:22.362-0300] {logging_mixin.py:188} INFO - [2023-12-21T13:00:22.362-0300] {dag.py:3820} INFO - Setting next_dagrun for example_setup_teardown to 2023-12-20T00:00:00+00:00, run_after=2023-12-21T00:00:00+00:00
[2023-12-21T13:00:22.487-0300] {processor.py:183} INFO - Processing /home/myc-ti-2/airflow_workspace/airflow_env/lib/python3.10/site-packages/airflow/example_dags/example_setup_teardown.py took 0.211 seconds
[2023-12-21T13:01:37.882-0300] {processor.py:161} INFO - Started process (PID=7294) to work on /home/myc-ti-2/airflow_workspace/airflow_env/lib/python3.10/site-packages/airflow/example_dags/example_setup_teardown.py
[2023-12-21T13:01:37.891-0300] {processor.py:830} INFO - Processing file /home/myc-ti-2/airflow_workspace/airflow_env/lib/python3.10/site-packages/airflow/example_dags/example_setup_teardown.py for tasks to queue
[2023-12-21T13:01:37.893-0300] {logging_mixin.py:188} INFO - [2023-12-21T13:01:37.893-0300] {dagbag.py:538} INFO - Filling up the DagBag from /home/myc-ti-2/airflow_workspace/airflow_env/lib/python3.10/site-packages/airflow/example_dags/example_setup_teardown.py
[2023-12-21T13:01:37.913-0300] {processor.py:840} INFO - DAG(s) 'example_setup_teardown' retrieved from /home/myc-ti-2/airflow_workspace/airflow_env/lib/python3.10/site-packages/airflow/example_dags/example_setup_teardown.py
[2023-12-21T13:01:37.948-0300] {logging_mixin.py:188} INFO - [2023-12-21T13:01:37.948-0300] {dag.py:3033} INFO - Sync 1 DAGs
[2023-12-21T13:01:37.983-0300] {logging_mixin.py:188} INFO - [2023-12-21T13:01:37.983-0300] {dag.py:3820} INFO - Setting next_dagrun for example_setup_teardown to 2023-12-20T00:00:00+00:00, run_after=2023-12-21T00:00:00+00:00
[2023-12-21T13:01:38.124-0300] {processor.py:183} INFO - Processing /home/myc-ti-2/airflow_workspace/airflow_env/lib/python3.10/site-packages/airflow/example_dags/example_setup_teardown.py took 0.249 seconds
[2023-12-21T13:02:47.263-0300] {processor.py:161} INFO - Started process (PID=7376) to work on /home/myc-ti-2/airflow_workspace/airflow_env/lib/python3.10/site-packages/airflow/example_dags/example_setup_teardown.py
[2023-12-21T13:02:47.266-0300] {processor.py:830} INFO - Processing file /home/myc-ti-2/airflow_workspace/airflow_env/lib/python3.10/site-packages/airflow/example_dags/example_setup_teardown.py for tasks to queue
[2023-12-21T13:02:47.268-0300] {logging_mixin.py:188} INFO - [2023-12-21T13:02:47.267-0300] {dagbag.py:538} INFO - Filling up the DagBag from /home/myc-ti-2/airflow_workspace/airflow_env/lib/python3.10/site-packages/airflow/example_dags/example_setup_teardown.py
[2023-12-21T13:02:47.286-0300] {processor.py:840} INFO - DAG(s) 'example_setup_teardown' retrieved from /home/myc-ti-2/airflow_workspace/airflow_env/lib/python3.10/site-packages/airflow/example_dags/example_setup_teardown.py
[2023-12-21T13:02:47.316-0300] {logging_mixin.py:188} INFO - [2023-12-21T13:02:47.315-0300] {dag.py:3033} INFO - Sync 1 DAGs
[2023-12-21T13:02:47.347-0300] {logging_mixin.py:188} INFO - [2023-12-21T13:02:47.346-0300] {dag.py:3820} INFO - Setting next_dagrun for example_setup_teardown to 2023-12-20T00:00:00+00:00, run_after=2023-12-21T00:00:00+00:00
[2023-12-21T13:02:47.443-0300] {processor.py:183} INFO - Processing /home/myc-ti-2/airflow_workspace/airflow_env/lib/python3.10/site-packages/airflow/example_dags/example_setup_teardown.py took 0.187 seconds
[2023-12-21T13:03:46.586-0300] {processor.py:161} INFO - Started process (PID=7438) to work on /home/myc-ti-2/airflow_workspace/airflow_env/lib/python3.10/site-packages/airflow/example_dags/example_setup_teardown.py
[2023-12-21T13:03:46.588-0300] {processor.py:830} INFO - Processing file /home/myc-ti-2/airflow_workspace/airflow_env/lib/python3.10/site-packages/airflow/example_dags/example_setup_teardown.py for tasks to queue
[2023-12-21T13:03:46.589-0300] {logging_mixin.py:188} INFO - [2023-12-21T13:03:46.588-0300] {dagbag.py:538} INFO - Filling up the DagBag from /home/myc-ti-2/airflow_workspace/airflow_env/lib/python3.10/site-packages/airflow/example_dags/example_setup_teardown.py
[2023-12-21T13:03:46.601-0300] {processor.py:840} INFO - DAG(s) 'example_setup_teardown' retrieved from /home/myc-ti-2/airflow_workspace/airflow_env/lib/python3.10/site-packages/airflow/example_dags/example_setup_teardown.py
[2023-12-21T13:03:46.622-0300] {logging_mixin.py:188} INFO - [2023-12-21T13:03:46.622-0300] {dag.py:3033} INFO - Sync 1 DAGs
[2023-12-21T13:03:46.648-0300] {logging_mixin.py:188} INFO - [2023-12-21T13:03:46.648-0300] {dag.py:3820} INFO - Setting next_dagrun for example_setup_teardown to 2023-12-20T00:00:00+00:00, run_after=2023-12-21T00:00:00+00:00
[2023-12-21T13:03:46.742-0300] {processor.py:183} INFO - Processing /home/myc-ti-2/airflow_workspace/airflow_env/lib/python3.10/site-packages/airflow/example_dags/example_setup_teardown.py took 0.161 seconds
[2023-12-21T13:04:44.162-0300] {processor.py:161} INFO - Started process (PID=7494) to work on /home/myc-ti-2/airflow_workspace/airflow_env/lib/python3.10/site-packages/airflow/example_dags/example_setup_teardown.py
[2023-12-21T13:04:44.164-0300] {processor.py:830} INFO - Processing file /home/myc-ti-2/airflow_workspace/airflow_env/lib/python3.10/site-packages/airflow/example_dags/example_setup_teardown.py for tasks to queue
[2023-12-21T13:04:44.166-0300] {logging_mixin.py:188} INFO - [2023-12-21T13:04:44.165-0300] {dagbag.py:538} INFO - Filling up the DagBag from /home/myc-ti-2/airflow_workspace/airflow_env/lib/python3.10/site-packages/airflow/example_dags/example_setup_teardown.py
[2023-12-21T13:04:44.184-0300] {processor.py:840} INFO - DAG(s) 'example_setup_teardown' retrieved from /home/myc-ti-2/airflow_workspace/airflow_env/lib/python3.10/site-packages/airflow/example_dags/example_setup_teardown.py
[2023-12-21T13:04:44.213-0300] {logging_mixin.py:188} INFO - [2023-12-21T13:04:44.213-0300] {dag.py:3033} INFO - Sync 1 DAGs
[2023-12-21T13:04:44.245-0300] {logging_mixin.py:188} INFO - [2023-12-21T13:04:44.244-0300] {dag.py:3820} INFO - Setting next_dagrun for example_setup_teardown to 2023-12-20T00:00:00+00:00, run_after=2023-12-21T00:00:00+00:00
[2023-12-21T13:04:44.366-0300] {processor.py:183} INFO - Processing /home/myc-ti-2/airflow_workspace/airflow_env/lib/python3.10/site-packages/airflow/example_dags/example_setup_teardown.py took 0.211 seconds
[2023-12-21T13:05:56.991-0300] {processor.py:161} INFO - Started process (PID=7565) to work on /home/myc-ti-2/airflow_workspace/airflow_env/lib/python3.10/site-packages/airflow/example_dags/example_setup_teardown.py
[2023-12-21T13:05:56.994-0300] {processor.py:830} INFO - Processing file /home/myc-ti-2/airflow_workspace/airflow_env/lib/python3.10/site-packages/airflow/example_dags/example_setup_teardown.py for tasks to queue
[2023-12-21T13:05:56.996-0300] {logging_mixin.py:188} INFO - [2023-12-21T13:05:56.995-0300] {dagbag.py:538} INFO - Filling up the DagBag from /home/myc-ti-2/airflow_workspace/airflow_env/lib/python3.10/site-packages/airflow/example_dags/example_setup_teardown.py
[2023-12-21T13:05:57.010-0300] {processor.py:840} INFO - DAG(s) 'example_setup_teardown' retrieved from /home/myc-ti-2/airflow_workspace/airflow_env/lib/python3.10/site-packages/airflow/example_dags/example_setup_teardown.py
[2023-12-21T13:05:57.040-0300] {logging_mixin.py:188} INFO - [2023-12-21T13:05:57.040-0300] {dag.py:3033} INFO - Sync 1 DAGs
[2023-12-21T13:05:57.078-0300] {logging_mixin.py:188} INFO - [2023-12-21T13:05:57.078-0300] {dag.py:3820} INFO - Setting next_dagrun for example_setup_teardown to 2023-12-20T00:00:00+00:00, run_after=2023-12-21T00:00:00+00:00
[2023-12-21T13:05:57.201-0300] {processor.py:183} INFO - Processing /home/myc-ti-2/airflow_workspace/airflow_env/lib/python3.10/site-packages/airflow/example_dags/example_setup_teardown.py took 0.215 seconds
[2023-12-21T13:07:07.320-0300] {processor.py:161} INFO - Started process (PID=7713) to work on /home/myc-ti-2/airflow_workspace/airflow_env/lib/python3.10/site-packages/airflow/example_dags/example_setup_teardown.py
[2023-12-21T13:07:07.322-0300] {processor.py:830} INFO - Processing file /home/myc-ti-2/airflow_workspace/airflow_env/lib/python3.10/site-packages/airflow/example_dags/example_setup_teardown.py for tasks to queue
[2023-12-21T13:07:07.324-0300] {logging_mixin.py:188} INFO - [2023-12-21T13:07:07.324-0300] {dagbag.py:538} INFO - Filling up the DagBag from /home/myc-ti-2/airflow_workspace/airflow_env/lib/python3.10/site-packages/airflow/example_dags/example_setup_teardown.py
[2023-12-21T13:07:07.344-0300] {processor.py:840} INFO - DAG(s) 'example_setup_teardown' retrieved from /home/myc-ti-2/airflow_workspace/airflow_env/lib/python3.10/site-packages/airflow/example_dags/example_setup_teardown.py
[2023-12-21T13:07:07.372-0300] {logging_mixin.py:188} INFO - [2023-12-21T13:07:07.372-0300] {dag.py:3033} INFO - Sync 1 DAGs
[2023-12-21T13:07:07.404-0300] {logging_mixin.py:188} INFO - [2023-12-21T13:07:07.404-0300] {dag.py:3820} INFO - Setting next_dagrun for example_setup_teardown to 2023-12-20T00:00:00+00:00, run_after=2023-12-21T00:00:00+00:00
[2023-12-21T13:07:07.627-0300] {processor.py:183} INFO - Processing /home/myc-ti-2/airflow_workspace/airflow_env/lib/python3.10/site-packages/airflow/example_dags/example_setup_teardown.py took 0.314 seconds
[2023-12-21T13:08:24.377-0300] {processor.py:161} INFO - Started process (PID=8555) to work on /home/myc-ti-2/airflow_workspace/airflow_env/lib/python3.10/site-packages/airflow/example_dags/example_setup_teardown.py
[2023-12-21T13:08:24.397-0300] {processor.py:830} INFO - Processing file /home/myc-ti-2/airflow_workspace/airflow_env/lib/python3.10/site-packages/airflow/example_dags/example_setup_teardown.py for tasks to queue
[2023-12-21T13:08:24.398-0300] {logging_mixin.py:188} INFO - [2023-12-21T13:08:24.398-0300] {dagbag.py:538} INFO - Filling up the DagBag from /home/myc-ti-2/airflow_workspace/airflow_env/lib/python3.10/site-packages/airflow/example_dags/example_setup_teardown.py
[2023-12-21T13:08:24.410-0300] {processor.py:840} INFO - DAG(s) 'example_setup_teardown' retrieved from /home/myc-ti-2/airflow_workspace/airflow_env/lib/python3.10/site-packages/airflow/example_dags/example_setup_teardown.py
[2023-12-21T13:08:24.435-0300] {logging_mixin.py:188} INFO - [2023-12-21T13:08:24.435-0300] {dag.py:3033} INFO - Sync 1 DAGs
[2023-12-21T13:08:24.464-0300] {logging_mixin.py:188} INFO - [2023-12-21T13:08:24.464-0300] {dag.py:3820} INFO - Setting next_dagrun for example_setup_teardown to 2023-12-20T00:00:00+00:00, run_after=2023-12-21T00:00:00+00:00
[2023-12-21T13:08:24.562-0300] {processor.py:183} INFO - Processing /home/myc-ti-2/airflow_workspace/airflow_env/lib/python3.10/site-packages/airflow/example_dags/example_setup_teardown.py took 0.189 seconds
[2023-12-21T13:09:26.251-0300] {processor.py:161} INFO - Started process (PID=9247) to work on /home/myc-ti-2/airflow_workspace/airflow_env/lib/python3.10/site-packages/airflow/example_dags/example_setup_teardown.py
[2023-12-21T13:09:26.311-0300] {processor.py:830} INFO - Processing file /home/myc-ti-2/airflow_workspace/airflow_env/lib/python3.10/site-packages/airflow/example_dags/example_setup_teardown.py for tasks to queue
[2023-12-21T13:09:26.313-0300] {logging_mixin.py:188} INFO - [2023-12-21T13:09:26.313-0300] {dagbag.py:538} INFO - Filling up the DagBag from /home/myc-ti-2/airflow_workspace/airflow_env/lib/python3.10/site-packages/airflow/example_dags/example_setup_teardown.py
[2023-12-21T13:09:26.333-0300] {processor.py:840} INFO - DAG(s) 'example_setup_teardown' retrieved from /home/myc-ti-2/airflow_workspace/airflow_env/lib/python3.10/site-packages/airflow/example_dags/example_setup_teardown.py
[2023-12-21T13:09:26.375-0300] {logging_mixin.py:188} INFO - [2023-12-21T13:09:26.374-0300] {dag.py:3033} INFO - Sync 1 DAGs
[2023-12-21T13:09:26.411-0300] {logging_mixin.py:188} INFO - [2023-12-21T13:09:26.410-0300] {dag.py:3820} INFO - Setting next_dagrun for example_setup_teardown to 2023-12-20T00:00:00+00:00, run_after=2023-12-21T00:00:00+00:00
[2023-12-21T13:09:26.613-0300] {processor.py:183} INFO - Processing /home/myc-ti-2/airflow_workspace/airflow_env/lib/python3.10/site-packages/airflow/example_dags/example_setup_teardown.py took 0.369 seconds
[2023-12-21T13:10:37.096-0300] {processor.py:161} INFO - Started process (PID=9440) to work on /home/myc-ti-2/airflow_workspace/airflow_env/lib/python3.10/site-packages/airflow/example_dags/example_setup_teardown.py
[2023-12-21T13:10:37.122-0300] {processor.py:830} INFO - Processing file /home/myc-ti-2/airflow_workspace/airflow_env/lib/python3.10/site-packages/airflow/example_dags/example_setup_teardown.py for tasks to queue
[2023-12-21T13:10:37.124-0300] {logging_mixin.py:188} INFO - [2023-12-21T13:10:37.123-0300] {dagbag.py:538} INFO - Filling up the DagBag from /home/myc-ti-2/airflow_workspace/airflow_env/lib/python3.10/site-packages/airflow/example_dags/example_setup_teardown.py
[2023-12-21T13:10:37.142-0300] {processor.py:840} INFO - DAG(s) 'example_setup_teardown' retrieved from /home/myc-ti-2/airflow_workspace/airflow_env/lib/python3.10/site-packages/airflow/example_dags/example_setup_teardown.py
[2023-12-21T13:10:37.181-0300] {logging_mixin.py:188} INFO - [2023-12-21T13:10:37.181-0300] {dag.py:3033} INFO - Sync 1 DAGs
[2023-12-21T13:10:37.212-0300] {logging_mixin.py:188} INFO - [2023-12-21T13:10:37.212-0300] {dag.py:3820} INFO - Setting next_dagrun for example_setup_teardown to 2023-12-20T00:00:00+00:00, run_after=2023-12-21T00:00:00+00:00
[2023-12-21T13:10:37.383-0300] {processor.py:183} INFO - Processing /home/myc-ti-2/airflow_workspace/airflow_env/lib/python3.10/site-packages/airflow/example_dags/example_setup_teardown.py took 0.294 seconds
[2023-12-21T13:11:42.777-0300] {processor.py:161} INFO - Started process (PID=10020) to work on /home/myc-ti-2/airflow_workspace/airflow_env/lib/python3.10/site-packages/airflow/example_dags/example_setup_teardown.py
[2023-12-21T13:11:42.806-0300] {processor.py:830} INFO - Processing file /home/myc-ti-2/airflow_workspace/airflow_env/lib/python3.10/site-packages/airflow/example_dags/example_setup_teardown.py for tasks to queue
[2023-12-21T13:11:42.808-0300] {logging_mixin.py:188} INFO - [2023-12-21T13:11:42.807-0300] {dagbag.py:538} INFO - Filling up the DagBag from /home/myc-ti-2/airflow_workspace/airflow_env/lib/python3.10/site-packages/airflow/example_dags/example_setup_teardown.py
[2023-12-21T13:11:42.819-0300] {processor.py:840} INFO - DAG(s) 'example_setup_teardown' retrieved from /home/myc-ti-2/airflow_workspace/airflow_env/lib/python3.10/site-packages/airflow/example_dags/example_setup_teardown.py
[2023-12-21T13:11:42.849-0300] {logging_mixin.py:188} INFO - [2023-12-21T13:11:42.849-0300] {dag.py:3033} INFO - Sync 1 DAGs
[2023-12-21T13:11:42.879-0300] {logging_mixin.py:188} INFO - [2023-12-21T13:11:42.879-0300] {dag.py:3820} INFO - Setting next_dagrun for example_setup_teardown to 2023-12-20T00:00:00+00:00, run_after=2023-12-21T00:00:00+00:00
[2023-12-21T13:11:43.281-0300] {processor.py:183} INFO - Processing /home/myc-ti-2/airflow_workspace/airflow_env/lib/python3.10/site-packages/airflow/example_dags/example_setup_teardown.py took 0.517 seconds
[2023-12-21T13:12:44.245-0300] {processor.py:161} INFO - Started process (PID=10105) to work on /home/myc-ti-2/airflow_workspace/airflow_env/lib/python3.10/site-packages/airflow/example_dags/example_setup_teardown.py
[2023-12-21T13:12:44.247-0300] {processor.py:830} INFO - Processing file /home/myc-ti-2/airflow_workspace/airflow_env/lib/python3.10/site-packages/airflow/example_dags/example_setup_teardown.py for tasks to queue
[2023-12-21T13:12:44.250-0300] {logging_mixin.py:188} INFO - [2023-12-21T13:12:44.249-0300] {dagbag.py:538} INFO - Filling up the DagBag from /home/myc-ti-2/airflow_workspace/airflow_env/lib/python3.10/site-packages/airflow/example_dags/example_setup_teardown.py
[2023-12-21T13:12:44.268-0300] {processor.py:840} INFO - DAG(s) 'example_setup_teardown' retrieved from /home/myc-ti-2/airflow_workspace/airflow_env/lib/python3.10/site-packages/airflow/example_dags/example_setup_teardown.py
[2023-12-21T13:12:44.297-0300] {logging_mixin.py:188} INFO - [2023-12-21T13:12:44.297-0300] {dag.py:3033} INFO - Sync 1 DAGs
[2023-12-21T13:12:44.328-0300] {logging_mixin.py:188} INFO - [2023-12-21T13:12:44.328-0300] {dag.py:3820} INFO - Setting next_dagrun for example_setup_teardown to 2023-12-20T00:00:00+00:00, run_after=2023-12-21T00:00:00+00:00
[2023-12-21T13:12:44.496-0300] {processor.py:183} INFO - Processing /home/myc-ti-2/airflow_workspace/airflow_env/lib/python3.10/site-packages/airflow/example_dags/example_setup_teardown.py took 0.258 seconds
[2023-12-21T13:13:47.487-0300] {processor.py:161} INFO - Started process (PID=10302) to work on /home/myc-ti-2/airflow_workspace/airflow_env/lib/python3.10/site-packages/airflow/example_dags/example_setup_teardown.py
[2023-12-21T13:13:47.489-0300] {processor.py:830} INFO - Processing file /home/myc-ti-2/airflow_workspace/airflow_env/lib/python3.10/site-packages/airflow/example_dags/example_setup_teardown.py for tasks to queue
[2023-12-21T13:13:47.491-0300] {logging_mixin.py:188} INFO - [2023-12-21T13:13:47.490-0300] {dagbag.py:538} INFO - Filling up the DagBag from /home/myc-ti-2/airflow_workspace/airflow_env/lib/python3.10/site-packages/airflow/example_dags/example_setup_teardown.py
[2023-12-21T13:13:47.510-0300] {processor.py:840} INFO - DAG(s) 'example_setup_teardown' retrieved from /home/myc-ti-2/airflow_workspace/airflow_env/lib/python3.10/site-packages/airflow/example_dags/example_setup_teardown.py
[2023-12-21T13:13:47.539-0300] {logging_mixin.py:188} INFO - [2023-12-21T13:13:47.539-0300] {dag.py:3033} INFO - Sync 1 DAGs
[2023-12-21T13:13:47.571-0300] {logging_mixin.py:188} INFO - [2023-12-21T13:13:47.571-0300] {dag.py:3820} INFO - Setting next_dagrun for example_setup_teardown to 2023-12-20T00:00:00+00:00, run_after=2023-12-21T00:00:00+00:00
[2023-12-21T13:13:47.671-0300] {processor.py:183} INFO - Processing /home/myc-ti-2/airflow_workspace/airflow_env/lib/python3.10/site-packages/airflow/example_dags/example_setup_teardown.py took 0.191 seconds
[2023-12-21T13:14:51.920-0300] {processor.py:161} INFO - Started process (PID=10432) to work on /home/myc-ti-2/airflow_workspace/airflow_env/lib/python3.10/site-packages/airflow/example_dags/example_setup_teardown.py
[2023-12-21T13:14:51.936-0300] {processor.py:830} INFO - Processing file /home/myc-ti-2/airflow_workspace/airflow_env/lib/python3.10/site-packages/airflow/example_dags/example_setup_teardown.py for tasks to queue
[2023-12-21T13:14:51.938-0300] {logging_mixin.py:188} INFO - [2023-12-21T13:14:51.937-0300] {dagbag.py:538} INFO - Filling up the DagBag from /home/myc-ti-2/airflow_workspace/airflow_env/lib/python3.10/site-packages/airflow/example_dags/example_setup_teardown.py
[2023-12-21T13:14:51.949-0300] {processor.py:840} INFO - DAG(s) 'example_setup_teardown' retrieved from /home/myc-ti-2/airflow_workspace/airflow_env/lib/python3.10/site-packages/airflow/example_dags/example_setup_teardown.py
[2023-12-21T13:14:51.972-0300] {logging_mixin.py:188} INFO - [2023-12-21T13:14:51.972-0300] {dag.py:3033} INFO - Sync 1 DAGs
[2023-12-21T13:14:52.002-0300] {logging_mixin.py:188} INFO - [2023-12-21T13:14:52.002-0300] {dag.py:3820} INFO - Setting next_dagrun for example_setup_teardown to 2023-12-20T00:00:00+00:00, run_after=2023-12-21T00:00:00+00:00
[2023-12-21T13:14:52.255-0300] {processor.py:183} INFO - Processing /home/myc-ti-2/airflow_workspace/airflow_env/lib/python3.10/site-packages/airflow/example_dags/example_setup_teardown.py took 0.341 seconds
