[2023-12-21T12:57:50.053-0300] {processor.py:161} INFO - Started process (PID=7007) to work on /home/myc-ti-2/airflow_workspace/airflow_env/lib/python3.10/site-packages/airflow/example_dags/example_python_decorator.py
[2023-12-21T12:57:50.055-0300] {processor.py:830} INFO - Processing file /home/myc-ti-2/airflow_workspace/airflow_env/lib/python3.10/site-packages/airflow/example_dags/example_python_decorator.py for tasks to queue
[2023-12-21T12:57:50.057-0300] {logging_mixin.py:188} INFO - [2023-12-21T12:57:50.056-0300] {dagbag.py:538} INFO - Filling up the DagBag from /home/myc-ti-2/airflow_workspace/airflow_env/lib/python3.10/site-packages/airflow/example_dags/example_python_decorator.py
[2023-12-21T12:57:50.085-0300] {processor.py:840} INFO - DAG(s) 'example_python_decorator' retrieved from /home/myc-ti-2/airflow_workspace/airflow_env/lib/python3.10/site-packages/airflow/example_dags/example_python_decorator.py
[2023-12-21T12:57:50.440-0300] {logging_mixin.py:188} INFO - [2023-12-21T12:57:50.439-0300] {override.py:1769} INFO - Created Permission View: can edit on DAG:example_python_decorator
[2023-12-21T12:57:50.540-0300] {logging_mixin.py:188} INFO - [2023-12-21T12:57:50.539-0300] {override.py:1769} INFO - Created Permission View: can delete on DAG:example_python_decorator
[2023-12-21T12:57:50.623-0300] {logging_mixin.py:188} INFO - [2023-12-21T12:57:50.622-0300] {override.py:1769} INFO - Created Permission View: can read on DAG:example_python_decorator
[2023-12-21T12:57:50.623-0300] {logging_mixin.py:188} INFO - [2023-12-21T12:57:50.623-0300] {dag.py:3033} INFO - Sync 1 DAGs
[2023-12-21T12:57:50.647-0300] {logging_mixin.py:188} INFO - [2023-12-21T12:57:50.646-0300] {dag.py:3055} INFO - Creating ORM DAG for example_python_decorator
[2023-12-21T12:57:50.648-0300] {logging_mixin.py:188} INFO - [2023-12-21T12:57:50.648-0300] {dag.py:3820} INFO - Setting next_dagrun for example_python_decorator to None, run_after=None
[2023-12-21T12:57:50.841-0300] {processor.py:183} INFO - Processing /home/myc-ti-2/airflow_workspace/airflow_env/lib/python3.10/site-packages/airflow/example_dags/example_python_decorator.py took 0.796 seconds
[2023-12-21T12:59:29.054-0300] {processor.py:161} INFO - Started process (PID=7140) to work on /home/myc-ti-2/airflow_workspace/airflow_env/lib/python3.10/site-packages/airflow/example_dags/example_python_decorator.py
[2023-12-21T12:59:29.056-0300] {processor.py:830} INFO - Processing file /home/myc-ti-2/airflow_workspace/airflow_env/lib/python3.10/site-packages/airflow/example_dags/example_python_decorator.py for tasks to queue
[2023-12-21T12:59:29.058-0300] {logging_mixin.py:188} INFO - [2023-12-21T12:59:29.057-0300] {dagbag.py:538} INFO - Filling up the DagBag from /home/myc-ti-2/airflow_workspace/airflow_env/lib/python3.10/site-packages/airflow/example_dags/example_python_decorator.py
[2023-12-21T12:59:29.085-0300] {processor.py:840} INFO - DAG(s) 'example_python_decorator' retrieved from /home/myc-ti-2/airflow_workspace/airflow_env/lib/python3.10/site-packages/airflow/example_dags/example_python_decorator.py
[2023-12-21T12:59:29.115-0300] {logging_mixin.py:188} INFO - [2023-12-21T12:59:29.114-0300] {dag.py:3033} INFO - Sync 1 DAGs
[2023-12-21T12:59:29.132-0300] {logging_mixin.py:188} INFO - [2023-12-21T12:59:29.132-0300] {dag.py:3820} INFO - Setting next_dagrun for example_python_decorator to None, run_after=None
[2023-12-21T12:59:29.234-0300] {processor.py:183} INFO - Processing /home/myc-ti-2/airflow_workspace/airflow_env/lib/python3.10/site-packages/airflow/example_dags/example_python_decorator.py took 0.187 seconds
[2023-12-21T13:00:26.549-0300] {processor.py:161} INFO - Started process (PID=7200) to work on /home/myc-ti-2/airflow_workspace/airflow_env/lib/python3.10/site-packages/airflow/example_dags/example_python_decorator.py
[2023-12-21T13:00:26.563-0300] {processor.py:830} INFO - Processing file /home/myc-ti-2/airflow_workspace/airflow_env/lib/python3.10/site-packages/airflow/example_dags/example_python_decorator.py for tasks to queue
[2023-12-21T13:00:26.564-0300] {logging_mixin.py:188} INFO - [2023-12-21T13:00:26.564-0300] {dagbag.py:538} INFO - Filling up the DagBag from /home/myc-ti-2/airflow_workspace/airflow_env/lib/python3.10/site-packages/airflow/example_dags/example_python_decorator.py
[2023-12-21T13:00:26.582-0300] {processor.py:840} INFO - DAG(s) 'example_python_decorator' retrieved from /home/myc-ti-2/airflow_workspace/airflow_env/lib/python3.10/site-packages/airflow/example_dags/example_python_decorator.py
[2023-12-21T13:00:28.166-0300] {logging_mixin.py:188} INFO - [2023-12-21T13:00:28.165-0300] {dag.py:3033} INFO - Sync 1 DAGs
[2023-12-21T13:00:28.380-0300] {logging_mixin.py:188} INFO - [2023-12-21T13:00:28.380-0300] {dag.py:3820} INFO - Setting next_dagrun for example_python_decorator to None, run_after=None
[2023-12-21T13:00:28.583-0300] {processor.py:183} INFO - Processing /home/myc-ti-2/airflow_workspace/airflow_env/lib/python3.10/site-packages/airflow/example_dags/example_python_decorator.py took 2.040 seconds
[2023-12-21T13:01:41.361-0300] {processor.py:161} INFO - Started process (PID=7299) to work on /home/myc-ti-2/airflow_workspace/airflow_env/lib/python3.10/site-packages/airflow/example_dags/example_python_decorator.py
[2023-12-21T13:01:41.364-0300] {processor.py:830} INFO - Processing file /home/myc-ti-2/airflow_workspace/airflow_env/lib/python3.10/site-packages/airflow/example_dags/example_python_decorator.py for tasks to queue
[2023-12-21T13:01:41.366-0300] {logging_mixin.py:188} INFO - [2023-12-21T13:01:41.365-0300] {dagbag.py:538} INFO - Filling up the DagBag from /home/myc-ti-2/airflow_workspace/airflow_env/lib/python3.10/site-packages/airflow/example_dags/example_python_decorator.py
[2023-12-21T13:01:41.392-0300] {processor.py:840} INFO - DAG(s) 'example_python_decorator' retrieved from /home/myc-ti-2/airflow_workspace/airflow_env/lib/python3.10/site-packages/airflow/example_dags/example_python_decorator.py
[2023-12-21T13:01:41.421-0300] {logging_mixin.py:188} INFO - [2023-12-21T13:01:41.420-0300] {dag.py:3033} INFO - Sync 1 DAGs
[2023-12-21T13:01:41.440-0300] {logging_mixin.py:188} INFO - [2023-12-21T13:01:41.439-0300] {dag.py:3820} INFO - Setting next_dagrun for example_python_decorator to None, run_after=None
[2023-12-21T13:01:41.540-0300] {processor.py:183} INFO - Processing /home/myc-ti-2/airflow_workspace/airflow_env/lib/python3.10/site-packages/airflow/example_dags/example_python_decorator.py took 0.186 seconds
[2023-12-21T13:02:51.269-0300] {processor.py:161} INFO - Started process (PID=7379) to work on /home/myc-ti-2/airflow_workspace/airflow_env/lib/python3.10/site-packages/airflow/example_dags/example_python_decorator.py
[2023-12-21T13:02:51.271-0300] {processor.py:830} INFO - Processing file /home/myc-ti-2/airflow_workspace/airflow_env/lib/python3.10/site-packages/airflow/example_dags/example_python_decorator.py for tasks to queue
[2023-12-21T13:02:51.274-0300] {logging_mixin.py:188} INFO - [2023-12-21T13:02:51.273-0300] {dagbag.py:538} INFO - Filling up the DagBag from /home/myc-ti-2/airflow_workspace/airflow_env/lib/python3.10/site-packages/airflow/example_dags/example_python_decorator.py
[2023-12-21T13:02:51.301-0300] {processor.py:840} INFO - DAG(s) 'example_python_decorator' retrieved from /home/myc-ti-2/airflow_workspace/airflow_env/lib/python3.10/site-packages/airflow/example_dags/example_python_decorator.py
[2023-12-21T13:02:51.328-0300] {logging_mixin.py:188} INFO - [2023-12-21T13:02:51.328-0300] {dag.py:3033} INFO - Sync 1 DAGs
[2023-12-21T13:02:51.343-0300] {logging_mixin.py:188} INFO - [2023-12-21T13:02:51.343-0300] {dag.py:3820} INFO - Setting next_dagrun for example_python_decorator to None, run_after=None
[2023-12-21T13:02:51.462-0300] {processor.py:183} INFO - Processing /home/myc-ti-2/airflow_workspace/airflow_env/lib/python3.10/site-packages/airflow/example_dags/example_python_decorator.py took 0.201 seconds
[2023-12-21T13:03:50.206-0300] {processor.py:161} INFO - Started process (PID=7441) to work on /home/myc-ti-2/airflow_workspace/airflow_env/lib/python3.10/site-packages/airflow/example_dags/example_python_decorator.py
[2023-12-21T13:03:50.209-0300] {processor.py:830} INFO - Processing file /home/myc-ti-2/airflow_workspace/airflow_env/lib/python3.10/site-packages/airflow/example_dags/example_python_decorator.py for tasks to queue
[2023-12-21T13:03:50.211-0300] {logging_mixin.py:188} INFO - [2023-12-21T13:03:50.210-0300] {dagbag.py:538} INFO - Filling up the DagBag from /home/myc-ti-2/airflow_workspace/airflow_env/lib/python3.10/site-packages/airflow/example_dags/example_python_decorator.py
[2023-12-21T13:03:50.237-0300] {processor.py:840} INFO - DAG(s) 'example_python_decorator' retrieved from /home/myc-ti-2/airflow_workspace/airflow_env/lib/python3.10/site-packages/airflow/example_dags/example_python_decorator.py
[2023-12-21T13:03:50.265-0300] {logging_mixin.py:188} INFO - [2023-12-21T13:03:50.265-0300] {dag.py:3033} INFO - Sync 1 DAGs
[2023-12-21T13:03:50.283-0300] {logging_mixin.py:188} INFO - [2023-12-21T13:03:50.283-0300] {dag.py:3820} INFO - Setting next_dagrun for example_python_decorator to None, run_after=None
[2023-12-21T13:03:50.391-0300] {processor.py:183} INFO - Processing /home/myc-ti-2/airflow_workspace/airflow_env/lib/python3.10/site-packages/airflow/example_dags/example_python_decorator.py took 0.192 seconds
[2023-12-21T13:04:48.272-0300] {processor.py:161} INFO - Started process (PID=7497) to work on /home/myc-ti-2/airflow_workspace/airflow_env/lib/python3.10/site-packages/airflow/example_dags/example_python_decorator.py
[2023-12-21T13:04:48.275-0300] {processor.py:830} INFO - Processing file /home/myc-ti-2/airflow_workspace/airflow_env/lib/python3.10/site-packages/airflow/example_dags/example_python_decorator.py for tasks to queue
[2023-12-21T13:04:48.277-0300] {logging_mixin.py:188} INFO - [2023-12-21T13:04:48.276-0300] {dagbag.py:538} INFO - Filling up the DagBag from /home/myc-ti-2/airflow_workspace/airflow_env/lib/python3.10/site-packages/airflow/example_dags/example_python_decorator.py
[2023-12-21T13:04:48.303-0300] {processor.py:840} INFO - DAG(s) 'example_python_decorator' retrieved from /home/myc-ti-2/airflow_workspace/airflow_env/lib/python3.10/site-packages/airflow/example_dags/example_python_decorator.py
[2023-12-21T13:04:48.332-0300] {logging_mixin.py:188} INFO - [2023-12-21T13:04:48.332-0300] {dag.py:3033} INFO - Sync 1 DAGs
[2023-12-21T13:04:48.350-0300] {logging_mixin.py:188} INFO - [2023-12-21T13:04:48.350-0300] {dag.py:3820} INFO - Setting next_dagrun for example_python_decorator to None, run_after=None
[2023-12-21T13:04:48.455-0300] {processor.py:183} INFO - Processing /home/myc-ti-2/airflow_workspace/airflow_env/lib/python3.10/site-packages/airflow/example_dags/example_python_decorator.py took 0.190 seconds
[2023-12-21T13:06:00.287-0300] {processor.py:161} INFO - Started process (PID=7568) to work on /home/myc-ti-2/airflow_workspace/airflow_env/lib/python3.10/site-packages/airflow/example_dags/example_python_decorator.py
[2023-12-21T13:06:00.289-0300] {processor.py:830} INFO - Processing file /home/myc-ti-2/airflow_workspace/airflow_env/lib/python3.10/site-packages/airflow/example_dags/example_python_decorator.py for tasks to queue
[2023-12-21T13:06:00.291-0300] {logging_mixin.py:188} INFO - [2023-12-21T13:06:00.291-0300] {dagbag.py:538} INFO - Filling up the DagBag from /home/myc-ti-2/airflow_workspace/airflow_env/lib/python3.10/site-packages/airflow/example_dags/example_python_decorator.py
[2023-12-21T13:06:00.318-0300] {processor.py:840} INFO - DAG(s) 'example_python_decorator' retrieved from /home/myc-ti-2/airflow_workspace/airflow_env/lib/python3.10/site-packages/airflow/example_dags/example_python_decorator.py
[2023-12-21T13:06:00.346-0300] {logging_mixin.py:188} INFO - [2023-12-21T13:06:00.346-0300] {dag.py:3033} INFO - Sync 1 DAGs
[2023-12-21T13:06:00.364-0300] {logging_mixin.py:188} INFO - [2023-12-21T13:06:00.364-0300] {dag.py:3820} INFO - Setting next_dagrun for example_python_decorator to None, run_after=None
[2023-12-21T13:06:00.472-0300] {processor.py:183} INFO - Processing /home/myc-ti-2/airflow_workspace/airflow_env/lib/python3.10/site-packages/airflow/example_dags/example_python_decorator.py took 0.192 seconds
[2023-12-21T13:07:11.225-0300] {processor.py:161} INFO - Started process (PID=7721) to work on /home/myc-ti-2/airflow_workspace/airflow_env/lib/python3.10/site-packages/airflow/example_dags/example_python_decorator.py
[2023-12-21T13:07:11.227-0300] {processor.py:830} INFO - Processing file /home/myc-ti-2/airflow_workspace/airflow_env/lib/python3.10/site-packages/airflow/example_dags/example_python_decorator.py for tasks to queue
[2023-12-21T13:07:11.228-0300] {logging_mixin.py:188} INFO - [2023-12-21T13:07:11.227-0300] {dagbag.py:538} INFO - Filling up the DagBag from /home/myc-ti-2/airflow_workspace/airflow_env/lib/python3.10/site-packages/airflow/example_dags/example_python_decorator.py
[2023-12-21T13:07:11.244-0300] {processor.py:840} INFO - DAG(s) 'example_python_decorator' retrieved from /home/myc-ti-2/airflow_workspace/airflow_env/lib/python3.10/site-packages/airflow/example_dags/example_python_decorator.py
[2023-12-21T13:07:11.272-0300] {logging_mixin.py:188} INFO - [2023-12-21T13:07:11.272-0300] {dag.py:3033} INFO - Sync 1 DAGs
[2023-12-21T13:07:11.290-0300] {logging_mixin.py:188} INFO - [2023-12-21T13:07:11.290-0300] {dag.py:3820} INFO - Setting next_dagrun for example_python_decorator to None, run_after=None
[2023-12-21T13:07:11.410-0300] {processor.py:183} INFO - Processing /home/myc-ti-2/airflow_workspace/airflow_env/lib/python3.10/site-packages/airflow/example_dags/example_python_decorator.py took 0.191 seconds
[2023-12-21T13:08:27.363-0300] {processor.py:161} INFO - Started process (PID=8605) to work on /home/myc-ti-2/airflow_workspace/airflow_env/lib/python3.10/site-packages/airflow/example_dags/example_python_decorator.py
[2023-12-21T13:08:27.373-0300] {processor.py:830} INFO - Processing file /home/myc-ti-2/airflow_workspace/airflow_env/lib/python3.10/site-packages/airflow/example_dags/example_python_decorator.py for tasks to queue
[2023-12-21T13:08:27.374-0300] {logging_mixin.py:188} INFO - [2023-12-21T13:08:27.373-0300] {dagbag.py:538} INFO - Filling up the DagBag from /home/myc-ti-2/airflow_workspace/airflow_env/lib/python3.10/site-packages/airflow/example_dags/example_python_decorator.py
[2023-12-21T13:08:27.386-0300] {processor.py:840} INFO - DAG(s) 'example_python_decorator' retrieved from /home/myc-ti-2/airflow_workspace/airflow_env/lib/python3.10/site-packages/airflow/example_dags/example_python_decorator.py
[2023-12-21T13:08:27.410-0300] {logging_mixin.py:188} INFO - [2023-12-21T13:08:27.410-0300] {dag.py:3033} INFO - Sync 1 DAGs
[2023-12-21T13:08:27.427-0300] {logging_mixin.py:188} INFO - [2023-12-21T13:08:27.426-0300] {dag.py:3820} INFO - Setting next_dagrun for example_python_decorator to None, run_after=None
[2023-12-21T13:08:27.553-0300] {processor.py:183} INFO - Processing /home/myc-ti-2/airflow_workspace/airflow_env/lib/python3.10/site-packages/airflow/example_dags/example_python_decorator.py took 0.193 seconds
[2023-12-21T13:09:30.805-0300] {processor.py:161} INFO - Started process (PID=9250) to work on /home/myc-ti-2/airflow_workspace/airflow_env/lib/python3.10/site-packages/airflow/example_dags/example_python_decorator.py
[2023-12-21T13:09:30.815-0300] {processor.py:830} INFO - Processing file /home/myc-ti-2/airflow_workspace/airflow_env/lib/python3.10/site-packages/airflow/example_dags/example_python_decorator.py for tasks to queue
[2023-12-21T13:09:30.817-0300] {logging_mixin.py:188} INFO - [2023-12-21T13:09:30.816-0300] {dagbag.py:538} INFO - Filling up the DagBag from /home/myc-ti-2/airflow_workspace/airflow_env/lib/python3.10/site-packages/airflow/example_dags/example_python_decorator.py
[2023-12-21T13:09:30.837-0300] {processor.py:840} INFO - DAG(s) 'example_python_decorator' retrieved from /home/myc-ti-2/airflow_workspace/airflow_env/lib/python3.10/site-packages/airflow/example_dags/example_python_decorator.py
[2023-12-21T13:09:30.864-0300] {logging_mixin.py:188} INFO - [2023-12-21T13:09:30.864-0300] {dag.py:3033} INFO - Sync 1 DAGs
[2023-12-21T13:09:30.881-0300] {logging_mixin.py:188} INFO - [2023-12-21T13:09:30.881-0300] {dag.py:3820} INFO - Setting next_dagrun for example_python_decorator to None, run_after=None
[2023-12-21T13:09:31.067-0300] {processor.py:183} INFO - Processing /home/myc-ti-2/airflow_workspace/airflow_env/lib/python3.10/site-packages/airflow/example_dags/example_python_decorator.py took 0.270 seconds
[2023-12-21T13:10:41.350-0300] {processor.py:161} INFO - Started process (PID=9448) to work on /home/myc-ti-2/airflow_workspace/airflow_env/lib/python3.10/site-packages/airflow/example_dags/example_python_decorator.py
[2023-12-21T13:10:41.351-0300] {processor.py:830} INFO - Processing file /home/myc-ti-2/airflow_workspace/airflow_env/lib/python3.10/site-packages/airflow/example_dags/example_python_decorator.py for tasks to queue
[2023-12-21T13:10:41.353-0300] {logging_mixin.py:188} INFO - [2023-12-21T13:10:41.352-0300] {dagbag.py:538} INFO - Filling up the DagBag from /home/myc-ti-2/airflow_workspace/airflow_env/lib/python3.10/site-packages/airflow/example_dags/example_python_decorator.py
[2023-12-21T13:10:41.367-0300] {processor.py:840} INFO - DAG(s) 'example_python_decorator' retrieved from /home/myc-ti-2/airflow_workspace/airflow_env/lib/python3.10/site-packages/airflow/example_dags/example_python_decorator.py
[2023-12-21T13:10:41.392-0300] {logging_mixin.py:188} INFO - [2023-12-21T13:10:41.392-0300] {dag.py:3033} INFO - Sync 1 DAGs
[2023-12-21T13:10:41.408-0300] {logging_mixin.py:188} INFO - [2023-12-21T13:10:41.407-0300] {dag.py:3820} INFO - Setting next_dagrun for example_python_decorator to None, run_after=None
[2023-12-21T13:10:41.545-0300] {processor.py:183} INFO - Processing /home/myc-ti-2/airflow_workspace/airflow_env/lib/python3.10/site-packages/airflow/example_dags/example_python_decorator.py took 0.199 seconds
[2023-12-21T13:11:47.403-0300] {processor.py:161} INFO - Started process (PID=10026) to work on /home/myc-ti-2/airflow_workspace/airflow_env/lib/python3.10/site-packages/airflow/example_dags/example_python_decorator.py
[2023-12-21T13:11:47.405-0300] {processor.py:830} INFO - Processing file /home/myc-ti-2/airflow_workspace/airflow_env/lib/python3.10/site-packages/airflow/example_dags/example_python_decorator.py for tasks to queue
[2023-12-21T13:11:47.407-0300] {logging_mixin.py:188} INFO - [2023-12-21T13:11:47.406-0300] {dagbag.py:538} INFO - Filling up the DagBag from /home/myc-ti-2/airflow_workspace/airflow_env/lib/python3.10/site-packages/airflow/example_dags/example_python_decorator.py
[2023-12-21T13:11:47.433-0300] {processor.py:840} INFO - DAG(s) 'example_python_decorator' retrieved from /home/myc-ti-2/airflow_workspace/airflow_env/lib/python3.10/site-packages/airflow/example_dags/example_python_decorator.py
[2023-12-21T13:11:47.461-0300] {logging_mixin.py:188} INFO - [2023-12-21T13:11:47.461-0300] {dag.py:3033} INFO - Sync 1 DAGs
[2023-12-21T13:11:47.479-0300] {logging_mixin.py:188} INFO - [2023-12-21T13:11:47.479-0300] {dag.py:3820} INFO - Setting next_dagrun for example_python_decorator to None, run_after=None
[2023-12-21T13:11:47.599-0300] {processor.py:183} INFO - Processing /home/myc-ti-2/airflow_workspace/airflow_env/lib/python3.10/site-packages/airflow/example_dags/example_python_decorator.py took 0.204 seconds
[2023-12-21T13:12:48.323-0300] {processor.py:161} INFO - Started process (PID=10110) to work on /home/myc-ti-2/airflow_workspace/airflow_env/lib/python3.10/site-packages/airflow/example_dags/example_python_decorator.py
[2023-12-21T13:12:48.325-0300] {processor.py:830} INFO - Processing file /home/myc-ti-2/airflow_workspace/airflow_env/lib/python3.10/site-packages/airflow/example_dags/example_python_decorator.py for tasks to queue
[2023-12-21T13:12:48.327-0300] {logging_mixin.py:188} INFO - [2023-12-21T13:12:48.326-0300] {dagbag.py:538} INFO - Filling up the DagBag from /home/myc-ti-2/airflow_workspace/airflow_env/lib/python3.10/site-packages/airflow/example_dags/example_python_decorator.py
[2023-12-21T13:12:48.353-0300] {processor.py:840} INFO - DAG(s) 'example_python_decorator' retrieved from /home/myc-ti-2/airflow_workspace/airflow_env/lib/python3.10/site-packages/airflow/example_dags/example_python_decorator.py
[2023-12-21T13:12:48.382-0300] {logging_mixin.py:188} INFO - [2023-12-21T13:12:48.381-0300] {dag.py:3033} INFO - Sync 1 DAGs
[2023-12-21T13:12:48.400-0300] {logging_mixin.py:188} INFO - [2023-12-21T13:12:48.399-0300] {dag.py:3820} INFO - Setting next_dagrun for example_python_decorator to None, run_after=None
[2023-12-21T13:12:48.494-0300] {processor.py:183} INFO - Processing /home/myc-ti-2/airflow_workspace/airflow_env/lib/python3.10/site-packages/airflow/example_dags/example_python_decorator.py took 0.178 seconds
[2023-12-21T13:13:50.670-0300] {processor.py:161} INFO - Started process (PID=10305) to work on /home/myc-ti-2/airflow_workspace/airflow_env/lib/python3.10/site-packages/airflow/example_dags/example_python_decorator.py
[2023-12-21T13:13:50.672-0300] {processor.py:830} INFO - Processing file /home/myc-ti-2/airflow_workspace/airflow_env/lib/python3.10/site-packages/airflow/example_dags/example_python_decorator.py for tasks to queue
[2023-12-21T13:13:50.674-0300] {logging_mixin.py:188} INFO - [2023-12-21T13:13:50.673-0300] {dagbag.py:538} INFO - Filling up the DagBag from /home/myc-ti-2/airflow_workspace/airflow_env/lib/python3.10/site-packages/airflow/example_dags/example_python_decorator.py
[2023-12-21T13:13:50.701-0300] {processor.py:840} INFO - DAG(s) 'example_python_decorator' retrieved from /home/myc-ti-2/airflow_workspace/airflow_env/lib/python3.10/site-packages/airflow/example_dags/example_python_decorator.py
[2023-12-21T13:13:50.730-0300] {logging_mixin.py:188} INFO - [2023-12-21T13:13:50.730-0300] {dag.py:3033} INFO - Sync 1 DAGs
[2023-12-21T13:13:50.748-0300] {logging_mixin.py:188} INFO - [2023-12-21T13:13:50.748-0300] {dag.py:3820} INFO - Setting next_dagrun for example_python_decorator to None, run_after=None
[2023-12-21T13:13:50.867-0300] {processor.py:183} INFO - Processing /home/myc-ti-2/airflow_workspace/airflow_env/lib/python3.10/site-packages/airflow/example_dags/example_python_decorator.py took 0.205 seconds
[2023-12-21T13:14:56.153-0300] {processor.py:161} INFO - Started process (PID=10441) to work on /home/myc-ti-2/airflow_workspace/airflow_env/lib/python3.10/site-packages/airflow/example_dags/example_python_decorator.py
[2023-12-21T13:14:56.155-0300] {processor.py:830} INFO - Processing file /home/myc-ti-2/airflow_workspace/airflow_env/lib/python3.10/site-packages/airflow/example_dags/example_python_decorator.py for tasks to queue
[2023-12-21T13:14:56.157-0300] {logging_mixin.py:188} INFO - [2023-12-21T13:14:56.156-0300] {dagbag.py:538} INFO - Filling up the DagBag from /home/myc-ti-2/airflow_workspace/airflow_env/lib/python3.10/site-packages/airflow/example_dags/example_python_decorator.py
[2023-12-21T13:14:56.183-0300] {processor.py:840} INFO - DAG(s) 'example_python_decorator' retrieved from /home/myc-ti-2/airflow_workspace/airflow_env/lib/python3.10/site-packages/airflow/example_dags/example_python_decorator.py
[2023-12-21T13:14:56.213-0300] {logging_mixin.py:188} INFO - [2023-12-21T13:14:56.212-0300] {dag.py:3033} INFO - Sync 1 DAGs
[2023-12-21T13:14:56.232-0300] {logging_mixin.py:188} INFO - [2023-12-21T13:14:56.232-0300] {dag.py:3820} INFO - Setting next_dagrun for example_python_decorator to None, run_after=None
[2023-12-21T13:14:56.350-0300] {processor.py:183} INFO - Processing /home/myc-ti-2/airflow_workspace/airflow_env/lib/python3.10/site-packages/airflow/example_dags/example_python_decorator.py took 0.205 seconds
