[2023-12-21T12:58:52.798-0300] {processor.py:161} INFO - Started process (PID=7101) to work on /home/myc-ti-2/airflow_workspace/airflow_env/lib/python3.10/site-packages/airflow/example_dags/example_branch_datetime_operator.py
[2023-12-21T12:58:52.800-0300] {processor.py:830} INFO - Processing file /home/myc-ti-2/airflow_workspace/airflow_env/lib/python3.10/site-packages/airflow/example_dags/example_branch_datetime_operator.py for tasks to queue
[2023-12-21T12:58:52.802-0300] {logging_mixin.py:188} INFO - [2023-12-21T12:58:52.801-0300] {dagbag.py:538} INFO - Filling up the DagBag from /home/myc-ti-2/airflow_workspace/airflow_env/lib/python3.10/site-packages/airflow/example_dags/example_branch_datetime_operator.py
[2023-12-21T12:58:52.829-0300] {processor.py:840} INFO - DAG(s) 'example_branch_datetime_operator_3', 'example_branch_datetime_operator', 'example_branch_datetime_operator_2' retrieved from /home/myc-ti-2/airflow_workspace/airflow_env/lib/python3.10/site-packages/airflow/example_dags/example_branch_datetime_operator.py
[2023-12-21T12:58:53.179-0300] {logging_mixin.py:188} INFO - [2023-12-21T12:58:53.178-0300] {override.py:1769} INFO - Created Permission View: can edit on DAG:example_branch_datetime_operator_3
[2023-12-21T12:58:53.287-0300] {logging_mixin.py:188} INFO - [2023-12-21T12:58:53.286-0300] {override.py:1769} INFO - Created Permission View: can delete on DAG:example_branch_datetime_operator_3
[2023-12-21T12:58:53.395-0300] {logging_mixin.py:188} INFO - [2023-12-21T12:58:53.394-0300] {override.py:1769} INFO - Created Permission View: can read on DAG:example_branch_datetime_operator_3
[2023-12-21T12:58:53.645-0300] {logging_mixin.py:188} INFO - [2023-12-21T12:58:53.644-0300] {override.py:1769} INFO - Created Permission View: can edit on DAG:example_branch_datetime_operator
[2023-12-21T12:58:53.728-0300] {logging_mixin.py:188} INFO - [2023-12-21T12:58:53.728-0300] {override.py:1769} INFO - Created Permission View: can delete on DAG:example_branch_datetime_operator
[2023-12-21T12:58:53.812-0300] {logging_mixin.py:188} INFO - [2023-12-21T12:58:53.811-0300] {override.py:1769} INFO - Created Permission View: can read on DAG:example_branch_datetime_operator
[2023-12-21T12:58:54.045-0300] {logging_mixin.py:188} INFO - [2023-12-21T12:58:54.044-0300] {override.py:1769} INFO - Created Permission View: can edit on DAG:example_branch_datetime_operator_2
[2023-12-21T12:58:54.145-0300] {logging_mixin.py:188} INFO - [2023-12-21T12:58:54.144-0300] {override.py:1769} INFO - Created Permission View: can delete on DAG:example_branch_datetime_operator_2
[2023-12-21T12:58:54.245-0300] {logging_mixin.py:188} INFO - [2023-12-21T12:58:54.244-0300] {override.py:1769} INFO - Created Permission View: can read on DAG:example_branch_datetime_operator_2
[2023-12-21T12:58:54.246-0300] {logging_mixin.py:188} INFO - [2023-12-21T12:58:54.246-0300] {dag.py:3033} INFO - Sync 3 DAGs
[2023-12-21T12:58:54.273-0300] {logging_mixin.py:188} INFO - [2023-12-21T12:58:54.273-0300] {dag.py:3055} INFO - Creating ORM DAG for example_branch_datetime_operator_3
[2023-12-21T12:58:54.275-0300] {logging_mixin.py:188} INFO - [2023-12-21T12:58:54.274-0300] {dag.py:3055} INFO - Creating ORM DAG for example_branch_datetime_operator_2
[2023-12-21T12:58:54.276-0300] {logging_mixin.py:188} INFO - [2023-12-21T12:58:54.275-0300] {dag.py:3055} INFO - Creating ORM DAG for example_branch_datetime_operator
[2023-12-21T12:58:54.302-0300] {logging_mixin.py:188} INFO - [2023-12-21T12:58:54.301-0300] {dag.py:3820} INFO - Setting next_dagrun for example_branch_datetime_operator to 2023-12-20T00:00:00+00:00, run_after=2023-12-21T00:00:00+00:00
[2023-12-21T12:58:54.307-0300] {logging_mixin.py:188} INFO - [2023-12-21T12:58:54.307-0300] {dag.py:3820} INFO - Setting next_dagrun for example_branch_datetime_operator_2 to 2023-12-20T00:00:00+00:00, run_after=2023-12-21T00:00:00+00:00
[2023-12-21T12:58:54.313-0300] {logging_mixin.py:188} INFO - [2023-12-21T12:58:54.313-0300] {dag.py:3820} INFO - Setting next_dagrun for example_branch_datetime_operator_3 to 2023-12-20T00:00:00+00:00, run_after=2023-12-21T00:00:00+00:00
[2023-12-21T12:58:54.481-0300] {processor.py:183} INFO - Processing /home/myc-ti-2/airflow_workspace/airflow_env/lib/python3.10/site-packages/airflow/example_dags/example_branch_datetime_operator.py took 1.690 seconds
[2023-12-21T13:00:04.494-0300] {processor.py:161} INFO - Started process (PID=7176) to work on /home/myc-ti-2/airflow_workspace/airflow_env/lib/python3.10/site-packages/airflow/example_dags/example_branch_datetime_operator.py
[2023-12-21T13:00:04.510-0300] {processor.py:830} INFO - Processing file /home/myc-ti-2/airflow_workspace/airflow_env/lib/python3.10/site-packages/airflow/example_dags/example_branch_datetime_operator.py for tasks to queue
[2023-12-21T13:00:04.512-0300] {logging_mixin.py:188} INFO - [2023-12-21T13:00:04.512-0300] {dagbag.py:538} INFO - Filling up the DagBag from /home/myc-ti-2/airflow_workspace/airflow_env/lib/python3.10/site-packages/airflow/example_dags/example_branch_datetime_operator.py
[2023-12-21T13:00:04.540-0300] {processor.py:840} INFO - DAG(s) 'example_branch_datetime_operator_3', 'example_branch_datetime_operator_2', 'example_branch_datetime_operator' retrieved from /home/myc-ti-2/airflow_workspace/airflow_env/lib/python3.10/site-packages/airflow/example_dags/example_branch_datetime_operator.py
[2023-12-21T13:00:04.583-0300] {logging_mixin.py:188} INFO - [2023-12-21T13:00:04.583-0300] {dag.py:3033} INFO - Sync 3 DAGs
[2023-12-21T13:00:04.618-0300] {logging_mixin.py:188} INFO - [2023-12-21T13:00:04.618-0300] {dag.py:3820} INFO - Setting next_dagrun for example_branch_datetime_operator to 2023-12-20T00:00:00+00:00, run_after=2023-12-21T00:00:00+00:00
[2023-12-21T13:00:04.625-0300] {logging_mixin.py:188} INFO - [2023-12-21T13:00:04.625-0300] {dag.py:3820} INFO - Setting next_dagrun for example_branch_datetime_operator_2 to 2023-12-20T00:00:00+00:00, run_after=2023-12-21T00:00:00+00:00
[2023-12-21T13:00:04.629-0300] {logging_mixin.py:188} INFO - [2023-12-21T13:00:04.629-0300] {dag.py:3820} INFO - Setting next_dagrun for example_branch_datetime_operator_3 to 2023-12-20T00:00:00+00:00, run_after=2023-12-21T00:00:00+00:00
[2023-12-21T13:00:04.718-0300] {processor.py:183} INFO - Processing /home/myc-ti-2/airflow_workspace/airflow_env/lib/python3.10/site-packages/airflow/example_dags/example_branch_datetime_operator.py took 0.231 seconds
[2023-12-21T13:01:16.516-0300] {processor.py:161} INFO - Started process (PID=7272) to work on /home/myc-ti-2/airflow_workspace/airflow_env/lib/python3.10/site-packages/airflow/example_dags/example_branch_datetime_operator.py
[2023-12-21T13:01:16.519-0300] {processor.py:830} INFO - Processing file /home/myc-ti-2/airflow_workspace/airflow_env/lib/python3.10/site-packages/airflow/example_dags/example_branch_datetime_operator.py for tasks to queue
[2023-12-21T13:01:16.521-0300] {logging_mixin.py:188} INFO - [2023-12-21T13:01:16.520-0300] {dagbag.py:538} INFO - Filling up the DagBag from /home/myc-ti-2/airflow_workspace/airflow_env/lib/python3.10/site-packages/airflow/example_dags/example_branch_datetime_operator.py
[2023-12-21T13:01:16.549-0300] {processor.py:840} INFO - DAG(s) 'example_branch_datetime_operator_2', 'example_branch_datetime_operator', 'example_branch_datetime_operator_3' retrieved from /home/myc-ti-2/airflow_workspace/airflow_env/lib/python3.10/site-packages/airflow/example_dags/example_branch_datetime_operator.py
[2023-12-21T13:01:16.585-0300] {logging_mixin.py:188} INFO - [2023-12-21T13:01:16.585-0300] {dag.py:3033} INFO - Sync 3 DAGs
[2023-12-21T13:01:16.620-0300] {logging_mixin.py:188} INFO - [2023-12-21T13:01:16.619-0300] {dag.py:3820} INFO - Setting next_dagrun for example_branch_datetime_operator to 2023-12-20T00:00:00+00:00, run_after=2023-12-21T00:00:00+00:00
[2023-12-21T13:01:16.627-0300] {logging_mixin.py:188} INFO - [2023-12-21T13:01:16.627-0300] {dag.py:3820} INFO - Setting next_dagrun for example_branch_datetime_operator_2 to 2023-12-20T00:00:00+00:00, run_after=2023-12-21T00:00:00+00:00
[2023-12-21T13:01:16.632-0300] {logging_mixin.py:188} INFO - [2023-12-21T13:01:16.632-0300] {dag.py:3820} INFO - Setting next_dagrun for example_branch_datetime_operator_3 to 2023-12-20T00:00:00+00:00, run_after=2023-12-21T00:00:00+00:00
[2023-12-21T13:01:16.742-0300] {processor.py:183} INFO - Processing /home/myc-ti-2/airflow_workspace/airflow_env/lib/python3.10/site-packages/airflow/example_dags/example_branch_datetime_operator.py took 0.233 seconds
[2023-12-21T13:02:23.300-0300] {processor.py:161} INFO - Started process (PID=7353) to work on /home/myc-ti-2/airflow_workspace/airflow_env/lib/python3.10/site-packages/airflow/example_dags/example_branch_datetime_operator.py
[2023-12-21T13:02:23.314-0300] {processor.py:830} INFO - Processing file /home/myc-ti-2/airflow_workspace/airflow_env/lib/python3.10/site-packages/airflow/example_dags/example_branch_datetime_operator.py for tasks to queue
[2023-12-21T13:02:23.316-0300] {logging_mixin.py:188} INFO - [2023-12-21T13:02:23.315-0300] {dagbag.py:538} INFO - Filling up the DagBag from /home/myc-ti-2/airflow_workspace/airflow_env/lib/python3.10/site-packages/airflow/example_dags/example_branch_datetime_operator.py
[2023-12-21T13:02:23.343-0300] {processor.py:840} INFO - DAG(s) 'example_branch_datetime_operator', 'example_branch_datetime_operator_3', 'example_branch_datetime_operator_2' retrieved from /home/myc-ti-2/airflow_workspace/airflow_env/lib/python3.10/site-packages/airflow/example_dags/example_branch_datetime_operator.py
[2023-12-21T13:02:23.385-0300] {logging_mixin.py:188} INFO - [2023-12-21T13:02:23.385-0300] {dag.py:3033} INFO - Sync 3 DAGs
[2023-12-21T13:02:23.419-0300] {logging_mixin.py:188} INFO - [2023-12-21T13:02:23.419-0300] {dag.py:3820} INFO - Setting next_dagrun for example_branch_datetime_operator to 2023-12-20T00:00:00+00:00, run_after=2023-12-21T00:00:00+00:00
[2023-12-21T13:02:23.427-0300] {logging_mixin.py:188} INFO - [2023-12-21T13:02:23.426-0300] {dag.py:3820} INFO - Setting next_dagrun for example_branch_datetime_operator_2 to 2023-12-20T00:00:00+00:00, run_after=2023-12-21T00:00:00+00:00
[2023-12-21T13:02:23.431-0300] {logging_mixin.py:188} INFO - [2023-12-21T13:02:23.430-0300] {dag.py:3820} INFO - Setting next_dagrun for example_branch_datetime_operator_3 to 2023-12-20T00:00:00+00:00, run_after=2023-12-21T00:00:00+00:00
[2023-12-21T13:02:23.521-0300] {processor.py:183} INFO - Processing /home/myc-ti-2/airflow_workspace/airflow_env/lib/python3.10/site-packages/airflow/example_dags/example_branch_datetime_operator.py took 0.228 seconds
[2023-12-21T13:03:24.995-0300] {processor.py:161} INFO - Started process (PID=7417) to work on /home/myc-ti-2/airflow_workspace/airflow_env/lib/python3.10/site-packages/airflow/example_dags/example_branch_datetime_operator.py
[2023-12-21T13:03:24.997-0300] {processor.py:830} INFO - Processing file /home/myc-ti-2/airflow_workspace/airflow_env/lib/python3.10/site-packages/airflow/example_dags/example_branch_datetime_operator.py for tasks to queue
[2023-12-21T13:03:24.999-0300] {logging_mixin.py:188} INFO - [2023-12-21T13:03:24.999-0300] {dagbag.py:538} INFO - Filling up the DagBag from /home/myc-ti-2/airflow_workspace/airflow_env/lib/python3.10/site-packages/airflow/example_dags/example_branch_datetime_operator.py
[2023-12-21T13:03:25.018-0300] {processor.py:840} INFO - DAG(s) 'example_branch_datetime_operator_3', 'example_branch_datetime_operator', 'example_branch_datetime_operator_2' retrieved from /home/myc-ti-2/airflow_workspace/airflow_env/lib/python3.10/site-packages/airflow/example_dags/example_branch_datetime_operator.py
[2023-12-21T13:03:25.055-0300] {logging_mixin.py:188} INFO - [2023-12-21T13:03:25.054-0300] {dag.py:3033} INFO - Sync 3 DAGs
[2023-12-21T13:03:25.088-0300] {logging_mixin.py:188} INFO - [2023-12-21T13:03:25.088-0300] {dag.py:3820} INFO - Setting next_dagrun for example_branch_datetime_operator to 2023-12-20T00:00:00+00:00, run_after=2023-12-21T00:00:00+00:00
[2023-12-21T13:03:25.095-0300] {logging_mixin.py:188} INFO - [2023-12-21T13:03:25.095-0300] {dag.py:3820} INFO - Setting next_dagrun for example_branch_datetime_operator_2 to 2023-12-20T00:00:00+00:00, run_after=2023-12-21T00:00:00+00:00
[2023-12-21T13:03:25.099-0300] {logging_mixin.py:188} INFO - [2023-12-21T13:03:25.099-0300] {dag.py:3820} INFO - Setting next_dagrun for example_branch_datetime_operator_3 to 2023-12-20T00:00:00+00:00, run_after=2023-12-21T00:00:00+00:00
[2023-12-21T13:03:25.211-0300] {processor.py:183} INFO - Processing /home/myc-ti-2/airflow_workspace/airflow_env/lib/python3.10/site-packages/airflow/example_dags/example_branch_datetime_operator.py took 0.223 seconds
[2023-12-21T13:04:24.317-0300] {processor.py:161} INFO - Started process (PID=7475) to work on /home/myc-ti-2/airflow_workspace/airflow_env/lib/python3.10/site-packages/airflow/example_dags/example_branch_datetime_operator.py
[2023-12-21T13:04:24.320-0300] {processor.py:830} INFO - Processing file /home/myc-ti-2/airflow_workspace/airflow_env/lib/python3.10/site-packages/airflow/example_dags/example_branch_datetime_operator.py for tasks to queue
[2023-12-21T13:04:24.322-0300] {logging_mixin.py:188} INFO - [2023-12-21T13:04:24.321-0300] {dagbag.py:538} INFO - Filling up the DagBag from /home/myc-ti-2/airflow_workspace/airflow_env/lib/python3.10/site-packages/airflow/example_dags/example_branch_datetime_operator.py
[2023-12-21T13:04:24.348-0300] {processor.py:840} INFO - DAG(s) 'example_branch_datetime_operator_3', 'example_branch_datetime_operator', 'example_branch_datetime_operator_2' retrieved from /home/myc-ti-2/airflow_workspace/airflow_env/lib/python3.10/site-packages/airflow/example_dags/example_branch_datetime_operator.py
[2023-12-21T13:04:24.385-0300] {logging_mixin.py:188} INFO - [2023-12-21T13:04:24.385-0300] {dag.py:3033} INFO - Sync 3 DAGs
[2023-12-21T13:04:24.418-0300] {logging_mixin.py:188} INFO - [2023-12-21T13:04:24.418-0300] {dag.py:3820} INFO - Setting next_dagrun for example_branch_datetime_operator to 2023-12-20T00:00:00+00:00, run_after=2023-12-21T00:00:00+00:00
[2023-12-21T13:04:24.425-0300] {logging_mixin.py:188} INFO - [2023-12-21T13:04:24.425-0300] {dag.py:3820} INFO - Setting next_dagrun for example_branch_datetime_operator_2 to 2023-12-20T00:00:00+00:00, run_after=2023-12-21T00:00:00+00:00
[2023-12-21T13:04:24.429-0300] {logging_mixin.py:188} INFO - [2023-12-21T13:04:24.429-0300] {dag.py:3820} INFO - Setting next_dagrun for example_branch_datetime_operator_3 to 2023-12-20T00:00:00+00:00, run_after=2023-12-21T00:00:00+00:00
[2023-12-21T13:04:24.533-0300] {processor.py:183} INFO - Processing /home/myc-ti-2/airflow_workspace/airflow_env/lib/python3.10/site-packages/airflow/example_dags/example_branch_datetime_operator.py took 0.222 seconds
[2023-12-21T13:05:23.438-0300] {processor.py:161} INFO - Started process (PID=7533) to work on /home/myc-ti-2/airflow_workspace/airflow_env/lib/python3.10/site-packages/airflow/example_dags/example_branch_datetime_operator.py
[2023-12-21T13:05:23.445-0300] {processor.py:830} INFO - Processing file /home/myc-ti-2/airflow_workspace/airflow_env/lib/python3.10/site-packages/airflow/example_dags/example_branch_datetime_operator.py for tasks to queue
[2023-12-21T13:05:23.447-0300] {logging_mixin.py:188} INFO - [2023-12-21T13:05:23.446-0300] {dagbag.py:538} INFO - Filling up the DagBag from /home/myc-ti-2/airflow_workspace/airflow_env/lib/python3.10/site-packages/airflow/example_dags/example_branch_datetime_operator.py
[2023-12-21T13:05:23.473-0300] {processor.py:840} INFO - DAG(s) 'example_branch_datetime_operator', 'example_branch_datetime_operator_2', 'example_branch_datetime_operator_3' retrieved from /home/myc-ti-2/airflow_workspace/airflow_env/lib/python3.10/site-packages/airflow/example_dags/example_branch_datetime_operator.py
[2023-12-21T13:05:23.510-0300] {logging_mixin.py:188} INFO - [2023-12-21T13:05:23.509-0300] {dag.py:3033} INFO - Sync 3 DAGs
[2023-12-21T13:05:23.544-0300] {logging_mixin.py:188} INFO - [2023-12-21T13:05:23.544-0300] {dag.py:3820} INFO - Setting next_dagrun for example_branch_datetime_operator to 2023-12-20T00:00:00+00:00, run_after=2023-12-21T00:00:00+00:00
[2023-12-21T13:05:23.552-0300] {logging_mixin.py:188} INFO - [2023-12-21T13:05:23.552-0300] {dag.py:3820} INFO - Setting next_dagrun for example_branch_datetime_operator_2 to 2023-12-20T00:00:00+00:00, run_after=2023-12-21T00:00:00+00:00
[2023-12-21T13:05:23.556-0300] {logging_mixin.py:188} INFO - [2023-12-21T13:05:23.556-0300] {dag.py:3820} INFO - Setting next_dagrun for example_branch_datetime_operator_3 to 2023-12-20T00:00:00+00:00, run_after=2023-12-21T00:00:00+00:00
[2023-12-21T13:05:23.655-0300] {processor.py:183} INFO - Processing /home/myc-ti-2/airflow_workspace/airflow_env/lib/python3.10/site-packages/airflow/example_dags/example_branch_datetime_operator.py took 0.225 seconds
[2023-12-21T13:06:46.014-0300] {processor.py:161} INFO - Started process (PID=7687) to work on /home/myc-ti-2/airflow_workspace/airflow_env/lib/python3.10/site-packages/airflow/example_dags/example_branch_datetime_operator.py
[2023-12-21T13:06:46.016-0300] {processor.py:830} INFO - Processing file /home/myc-ti-2/airflow_workspace/airflow_env/lib/python3.10/site-packages/airflow/example_dags/example_branch_datetime_operator.py for tasks to queue
[2023-12-21T13:06:46.018-0300] {logging_mixin.py:188} INFO - [2023-12-21T13:06:46.017-0300] {dagbag.py:538} INFO - Filling up the DagBag from /home/myc-ti-2/airflow_workspace/airflow_env/lib/python3.10/site-packages/airflow/example_dags/example_branch_datetime_operator.py
[2023-12-21T13:06:46.043-0300] {processor.py:840} INFO - DAG(s) 'example_branch_datetime_operator_3', 'example_branch_datetime_operator_2', 'example_branch_datetime_operator' retrieved from /home/myc-ti-2/airflow_workspace/airflow_env/lib/python3.10/site-packages/airflow/example_dags/example_branch_datetime_operator.py
[2023-12-21T13:06:46.081-0300] {logging_mixin.py:188} INFO - [2023-12-21T13:06:46.081-0300] {dag.py:3033} INFO - Sync 3 DAGs
[2023-12-21T13:06:46.116-0300] {logging_mixin.py:188} INFO - [2023-12-21T13:06:46.116-0300] {dag.py:3820} INFO - Setting next_dagrun for example_branch_datetime_operator to 2023-12-20T00:00:00+00:00, run_after=2023-12-21T00:00:00+00:00
[2023-12-21T13:06:46.123-0300] {logging_mixin.py:188} INFO - [2023-12-21T13:06:46.123-0300] {dag.py:3820} INFO - Setting next_dagrun for example_branch_datetime_operator_2 to 2023-12-20T00:00:00+00:00, run_after=2023-12-21T00:00:00+00:00
[2023-12-21T13:06:46.128-0300] {logging_mixin.py:188} INFO - [2023-12-21T13:06:46.127-0300] {dag.py:3820} INFO - Setting next_dagrun for example_branch_datetime_operator_3 to 2023-12-20T00:00:00+00:00, run_after=2023-12-21T00:00:00+00:00
[2023-12-21T13:06:46.254-0300] {processor.py:183} INFO - Processing /home/myc-ti-2/airflow_workspace/airflow_env/lib/python3.10/site-packages/airflow/example_dags/example_branch_datetime_operator.py took 0.248 seconds
[2023-12-21T13:08:01.321-0300] {processor.py:161} INFO - Started process (PID=8007) to work on /home/myc-ti-2/airflow_workspace/airflow_env/lib/python3.10/site-packages/airflow/example_dags/example_branch_datetime_operator.py
[2023-12-21T13:08:01.342-0300] {processor.py:830} INFO - Processing file /home/myc-ti-2/airflow_workspace/airflow_env/lib/python3.10/site-packages/airflow/example_dags/example_branch_datetime_operator.py for tasks to queue
[2023-12-21T13:08:01.343-0300] {logging_mixin.py:188} INFO - [2023-12-21T13:08:01.343-0300] {dagbag.py:538} INFO - Filling up the DagBag from /home/myc-ti-2/airflow_workspace/airflow_env/lib/python3.10/site-packages/airflow/example_dags/example_branch_datetime_operator.py
[2023-12-21T13:08:01.361-0300] {processor.py:840} INFO - DAG(s) 'example_branch_datetime_operator_2', 'example_branch_datetime_operator_3', 'example_branch_datetime_operator' retrieved from /home/myc-ti-2/airflow_workspace/airflow_env/lib/python3.10/site-packages/airflow/example_dags/example_branch_datetime_operator.py
[2023-12-21T13:08:01.404-0300] {logging_mixin.py:188} INFO - [2023-12-21T13:08:01.403-0300] {dag.py:3033} INFO - Sync 3 DAGs
[2023-12-21T13:08:01.442-0300] {logging_mixin.py:188} INFO - [2023-12-21T13:08:01.441-0300] {dag.py:3820} INFO - Setting next_dagrun for example_branch_datetime_operator to 2023-12-20T00:00:00+00:00, run_after=2023-12-21T00:00:00+00:00
[2023-12-21T13:08:01.450-0300] {logging_mixin.py:188} INFO - [2023-12-21T13:08:01.450-0300] {dag.py:3820} INFO - Setting next_dagrun for example_branch_datetime_operator_2 to 2023-12-20T00:00:00+00:00, run_after=2023-12-21T00:00:00+00:00
[2023-12-21T13:08:01.455-0300] {logging_mixin.py:188} INFO - [2023-12-21T13:08:01.454-0300] {dag.py:3820} INFO - Setting next_dagrun for example_branch_datetime_operator_3 to 2023-12-20T00:00:00+00:00, run_after=2023-12-21T00:00:00+00:00
[2023-12-21T13:08:01.561-0300] {processor.py:183} INFO - Processing /home/myc-ti-2/airflow_workspace/airflow_env/lib/python3.10/site-packages/airflow/example_dags/example_branch_datetime_operator.py took 0.244 seconds
[2023-12-21T13:09:04.073-0300] {processor.py:161} INFO - Started process (PID=9206) to work on /home/myc-ti-2/airflow_workspace/airflow_env/lib/python3.10/site-packages/airflow/example_dags/example_branch_datetime_operator.py
[2023-12-21T13:09:04.087-0300] {processor.py:830} INFO - Processing file /home/myc-ti-2/airflow_workspace/airflow_env/lib/python3.10/site-packages/airflow/example_dags/example_branch_datetime_operator.py for tasks to queue
[2023-12-21T13:09:04.088-0300] {logging_mixin.py:188} INFO - [2023-12-21T13:09:04.088-0300] {dagbag.py:538} INFO - Filling up the DagBag from /home/myc-ti-2/airflow_workspace/airflow_env/lib/python3.10/site-packages/airflow/example_dags/example_branch_datetime_operator.py
[2023-12-21T13:09:04.102-0300] {processor.py:840} INFO - DAG(s) 'example_branch_datetime_operator_3', 'example_branch_datetime_operator', 'example_branch_datetime_operator_2' retrieved from /home/myc-ti-2/airflow_workspace/airflow_env/lib/python3.10/site-packages/airflow/example_dags/example_branch_datetime_operator.py
[2023-12-21T13:09:04.131-0300] {logging_mixin.py:188} INFO - [2023-12-21T13:09:04.131-0300] {dag.py:3033} INFO - Sync 3 DAGs
[2023-12-21T13:09:04.158-0300] {logging_mixin.py:188} INFO - [2023-12-21T13:09:04.158-0300] {dag.py:3820} INFO - Setting next_dagrun for example_branch_datetime_operator to 2023-12-20T00:00:00+00:00, run_after=2023-12-21T00:00:00+00:00
[2023-12-21T13:09:04.164-0300] {logging_mixin.py:188} INFO - [2023-12-21T13:09:04.164-0300] {dag.py:3820} INFO - Setting next_dagrun for example_branch_datetime_operator_2 to 2023-12-20T00:00:00+00:00, run_after=2023-12-21T00:00:00+00:00
[2023-12-21T13:09:04.168-0300] {logging_mixin.py:188} INFO - [2023-12-21T13:09:04.167-0300] {dag.py:3820} INFO - Setting next_dagrun for example_branch_datetime_operator_3 to 2023-12-20T00:00:00+00:00, run_after=2023-12-21T00:00:00+00:00
[2023-12-21T13:09:04.271-0300] {processor.py:183} INFO - Processing /home/myc-ti-2/airflow_workspace/airflow_env/lib/python3.10/site-packages/airflow/example_dags/example_branch_datetime_operator.py took 0.202 seconds
[2023-12-21T13:10:12.286-0300] {processor.py:161} INFO - Started process (PID=9393) to work on /home/myc-ti-2/airflow_workspace/airflow_env/lib/python3.10/site-packages/airflow/example_dags/example_branch_datetime_operator.py
[2023-12-21T13:10:12.318-0300] {processor.py:830} INFO - Processing file /home/myc-ti-2/airflow_workspace/airflow_env/lib/python3.10/site-packages/airflow/example_dags/example_branch_datetime_operator.py for tasks to queue
[2023-12-21T13:10:12.325-0300] {logging_mixin.py:188} INFO - [2023-12-21T13:10:12.324-0300] {dagbag.py:538} INFO - Filling up the DagBag from /home/myc-ti-2/airflow_workspace/airflow_env/lib/python3.10/site-packages/airflow/example_dags/example_branch_datetime_operator.py
[2023-12-21T13:10:12.352-0300] {processor.py:840} INFO - DAG(s) 'example_branch_datetime_operator', 'example_branch_datetime_operator_3', 'example_branch_datetime_operator_2' retrieved from /home/myc-ti-2/airflow_workspace/airflow_env/lib/python3.10/site-packages/airflow/example_dags/example_branch_datetime_operator.py
[2023-12-21T13:10:12.392-0300] {logging_mixin.py:188} INFO - [2023-12-21T13:10:12.392-0300] {dag.py:3033} INFO - Sync 3 DAGs
[2023-12-21T13:10:12.428-0300] {logging_mixin.py:188} INFO - [2023-12-21T13:10:12.428-0300] {dag.py:3820} INFO - Setting next_dagrun for example_branch_datetime_operator to 2023-12-20T00:00:00+00:00, run_after=2023-12-21T00:00:00+00:00
[2023-12-21T13:10:12.435-0300] {logging_mixin.py:188} INFO - [2023-12-21T13:10:12.435-0300] {dag.py:3820} INFO - Setting next_dagrun for example_branch_datetime_operator_2 to 2023-12-20T00:00:00+00:00, run_after=2023-12-21T00:00:00+00:00
[2023-12-21T13:10:12.439-0300] {logging_mixin.py:188} INFO - [2023-12-21T13:10:12.439-0300] {dag.py:3820} INFO - Setting next_dagrun for example_branch_datetime_operator_3 to 2023-12-20T00:00:00+00:00, run_after=2023-12-21T00:00:00+00:00
[2023-12-21T13:10:12.661-0300] {processor.py:183} INFO - Processing /home/myc-ti-2/airflow_workspace/airflow_env/lib/python3.10/site-packages/airflow/example_dags/example_branch_datetime_operator.py took 0.382 seconds
[2023-12-21T13:11:20.390-0300] {processor.py:161} INFO - Started process (PID=9776) to work on /home/myc-ti-2/airflow_workspace/airflow_env/lib/python3.10/site-packages/airflow/example_dags/example_branch_datetime_operator.py
[2023-12-21T13:11:20.391-0300] {processor.py:830} INFO - Processing file /home/myc-ti-2/airflow_workspace/airflow_env/lib/python3.10/site-packages/airflow/example_dags/example_branch_datetime_operator.py for tasks to queue
[2023-12-21T13:11:20.393-0300] {logging_mixin.py:188} INFO - [2023-12-21T13:11:20.392-0300] {dagbag.py:538} INFO - Filling up the DagBag from /home/myc-ti-2/airflow_workspace/airflow_env/lib/python3.10/site-packages/airflow/example_dags/example_branch_datetime_operator.py
[2023-12-21T13:11:20.409-0300] {processor.py:840} INFO - DAG(s) 'example_branch_datetime_operator_3', 'example_branch_datetime_operator', 'example_branch_datetime_operator_2' retrieved from /home/myc-ti-2/airflow_workspace/airflow_env/lib/python3.10/site-packages/airflow/example_dags/example_branch_datetime_operator.py
[2023-12-21T13:11:20.446-0300] {logging_mixin.py:188} INFO - [2023-12-21T13:11:20.445-0300] {dag.py:3033} INFO - Sync 3 DAGs
[2023-12-21T13:11:20.480-0300] {logging_mixin.py:188} INFO - [2023-12-21T13:11:20.479-0300] {dag.py:3820} INFO - Setting next_dagrun for example_branch_datetime_operator to 2023-12-20T00:00:00+00:00, run_after=2023-12-21T00:00:00+00:00
[2023-12-21T13:11:20.487-0300] {logging_mixin.py:188} INFO - [2023-12-21T13:11:20.487-0300] {dag.py:3820} INFO - Setting next_dagrun for example_branch_datetime_operator_2 to 2023-12-20T00:00:00+00:00, run_after=2023-12-21T00:00:00+00:00
[2023-12-21T13:11:20.491-0300] {logging_mixin.py:188} INFO - [2023-12-21T13:11:20.491-0300] {dag.py:3820} INFO - Setting next_dagrun for example_branch_datetime_operator_3 to 2023-12-20T00:00:00+00:00, run_after=2023-12-21T00:00:00+00:00
[2023-12-21T13:11:20.597-0300] {processor.py:183} INFO - Processing /home/myc-ti-2/airflow_workspace/airflow_env/lib/python3.10/site-packages/airflow/example_dags/example_branch_datetime_operator.py took 0.212 seconds
[2023-12-21T13:12:23.277-0300] {processor.py:161} INFO - Started process (PID=10076) to work on /home/myc-ti-2/airflow_workspace/airflow_env/lib/python3.10/site-packages/airflow/example_dags/example_branch_datetime_operator.py
[2023-12-21T13:12:23.279-0300] {processor.py:830} INFO - Processing file /home/myc-ti-2/airflow_workspace/airflow_env/lib/python3.10/site-packages/airflow/example_dags/example_branch_datetime_operator.py for tasks to queue
[2023-12-21T13:12:23.281-0300] {logging_mixin.py:188} INFO - [2023-12-21T13:12:23.280-0300] {dagbag.py:538} INFO - Filling up the DagBag from /home/myc-ti-2/airflow_workspace/airflow_env/lib/python3.10/site-packages/airflow/example_dags/example_branch_datetime_operator.py
[2023-12-21T13:12:23.308-0300] {processor.py:840} INFO - DAG(s) 'example_branch_datetime_operator_2', 'example_branch_datetime_operator', 'example_branch_datetime_operator_3' retrieved from /home/myc-ti-2/airflow_workspace/airflow_env/lib/python3.10/site-packages/airflow/example_dags/example_branch_datetime_operator.py
[2023-12-21T13:12:23.345-0300] {logging_mixin.py:188} INFO - [2023-12-21T13:12:23.345-0300] {dag.py:3033} INFO - Sync 3 DAGs
[2023-12-21T13:12:23.379-0300] {logging_mixin.py:188} INFO - [2023-12-21T13:12:23.379-0300] {dag.py:3820} INFO - Setting next_dagrun for example_branch_datetime_operator to 2023-12-20T00:00:00+00:00, run_after=2023-12-21T00:00:00+00:00
[2023-12-21T13:12:23.387-0300] {logging_mixin.py:188} INFO - [2023-12-21T13:12:23.386-0300] {dag.py:3820} INFO - Setting next_dagrun for example_branch_datetime_operator_2 to 2023-12-20T00:00:00+00:00, run_after=2023-12-21T00:00:00+00:00
[2023-12-21T13:12:23.391-0300] {logging_mixin.py:188} INFO - [2023-12-21T13:12:23.390-0300] {dag.py:3820} INFO - Setting next_dagrun for example_branch_datetime_operator_3 to 2023-12-20T00:00:00+00:00, run_after=2023-12-21T00:00:00+00:00
[2023-12-21T13:12:23.496-0300] {processor.py:183} INFO - Processing /home/myc-ti-2/airflow_workspace/airflow_env/lib/python3.10/site-packages/airflow/example_dags/example_branch_datetime_operator.py took 0.227 seconds
[2023-12-21T13:13:25.354-0300] {processor.py:161} INFO - Started process (PID=10282) to work on /home/myc-ti-2/airflow_workspace/airflow_env/lib/python3.10/site-packages/airflow/example_dags/example_branch_datetime_operator.py
[2023-12-21T13:13:25.356-0300] {processor.py:830} INFO - Processing file /home/myc-ti-2/airflow_workspace/airflow_env/lib/python3.10/site-packages/airflow/example_dags/example_branch_datetime_operator.py for tasks to queue
[2023-12-21T13:13:25.359-0300] {logging_mixin.py:188} INFO - [2023-12-21T13:13:25.358-0300] {dagbag.py:538} INFO - Filling up the DagBag from /home/myc-ti-2/airflow_workspace/airflow_env/lib/python3.10/site-packages/airflow/example_dags/example_branch_datetime_operator.py
[2023-12-21T13:13:25.385-0300] {processor.py:840} INFO - DAG(s) 'example_branch_datetime_operator', 'example_branch_datetime_operator_2', 'example_branch_datetime_operator_3' retrieved from /home/myc-ti-2/airflow_workspace/airflow_env/lib/python3.10/site-packages/airflow/example_dags/example_branch_datetime_operator.py
[2023-12-21T13:13:25.423-0300] {logging_mixin.py:188} INFO - [2023-12-21T13:13:25.422-0300] {dag.py:3033} INFO - Sync 3 DAGs
[2023-12-21T13:13:25.456-0300] {logging_mixin.py:188} INFO - [2023-12-21T13:13:25.456-0300] {dag.py:3820} INFO - Setting next_dagrun for example_branch_datetime_operator to 2023-12-20T00:00:00+00:00, run_after=2023-12-21T00:00:00+00:00
[2023-12-21T13:13:25.464-0300] {logging_mixin.py:188} INFO - [2023-12-21T13:13:25.463-0300] {dag.py:3820} INFO - Setting next_dagrun for example_branch_datetime_operator_2 to 2023-12-20T00:00:00+00:00, run_after=2023-12-21T00:00:00+00:00
[2023-12-21T13:13:25.467-0300] {logging_mixin.py:188} INFO - [2023-12-21T13:13:25.467-0300] {dag.py:3820} INFO - Setting next_dagrun for example_branch_datetime_operator_3 to 2023-12-20T00:00:00+00:00, run_after=2023-12-21T00:00:00+00:00
[2023-12-21T13:13:25.570-0300] {processor.py:183} INFO - Processing /home/myc-ti-2/airflow_workspace/airflow_env/lib/python3.10/site-packages/airflow/example_dags/example_branch_datetime_operator.py took 0.223 seconds
[2023-12-21T13:14:28.369-0300] {processor.py:161} INFO - Started process (PID=10341) to work on /home/myc-ti-2/airflow_workspace/airflow_env/lib/python3.10/site-packages/airflow/example_dags/example_branch_datetime_operator.py
[2023-12-21T13:14:28.371-0300] {processor.py:830} INFO - Processing file /home/myc-ti-2/airflow_workspace/airflow_env/lib/python3.10/site-packages/airflow/example_dags/example_branch_datetime_operator.py for tasks to queue
[2023-12-21T13:14:28.373-0300] {logging_mixin.py:188} INFO - [2023-12-21T13:14:28.372-0300] {dagbag.py:538} INFO - Filling up the DagBag from /home/myc-ti-2/airflow_workspace/airflow_env/lib/python3.10/site-packages/airflow/example_dags/example_branch_datetime_operator.py
[2023-12-21T13:14:28.400-0300] {processor.py:840} INFO - DAG(s) 'example_branch_datetime_operator_2', 'example_branch_datetime_operator', 'example_branch_datetime_operator_3' retrieved from /home/myc-ti-2/airflow_workspace/airflow_env/lib/python3.10/site-packages/airflow/example_dags/example_branch_datetime_operator.py
[2023-12-21T13:14:28.437-0300] {logging_mixin.py:188} INFO - [2023-12-21T13:14:28.437-0300] {dag.py:3033} INFO - Sync 3 DAGs
[2023-12-21T13:14:28.471-0300] {logging_mixin.py:188} INFO - [2023-12-21T13:14:28.470-0300] {dag.py:3820} INFO - Setting next_dagrun for example_branch_datetime_operator to 2023-12-20T00:00:00+00:00, run_after=2023-12-21T00:00:00+00:00
[2023-12-21T13:14:28.478-0300] {logging_mixin.py:188} INFO - [2023-12-21T13:14:28.478-0300] {dag.py:3820} INFO - Setting next_dagrun for example_branch_datetime_operator_2 to 2023-12-20T00:00:00+00:00, run_after=2023-12-21T00:00:00+00:00
[2023-12-21T13:14:28.482-0300] {logging_mixin.py:188} INFO - [2023-12-21T13:14:28.482-0300] {dag.py:3820} INFO - Setting next_dagrun for example_branch_datetime_operator_3 to 2023-12-20T00:00:00+00:00, run_after=2023-12-21T00:00:00+00:00
[2023-12-21T13:14:28.591-0300] {processor.py:183} INFO - Processing /home/myc-ti-2/airflow_workspace/airflow_env/lib/python3.10/site-packages/airflow/example_dags/example_branch_datetime_operator.py took 0.229 seconds
