[2023-12-21T12:57:15.805-0300] {processor.py:161} INFO - Started process (PID=6923) to work on /home/myc-ti-2/airflow_workspace/airflow_env/lib/python3.10/site-packages/airflow/example_dags/example_xcomargs.py
[2023-12-21T12:57:15.807-0300] {processor.py:830} INFO - Processing file /home/myc-ti-2/airflow_workspace/airflow_env/lib/python3.10/site-packages/airflow/example_dags/example_xcomargs.py for tasks to queue
[2023-12-21T12:57:15.809-0300] {logging_mixin.py:188} INFO - [2023-12-21T12:57:15.809-0300] {dagbag.py:538} INFO - Filling up the DagBag from /home/myc-ti-2/airflow_workspace/airflow_env/lib/python3.10/site-packages/airflow/example_dags/example_xcomargs.py
[2023-12-21T12:57:15.982-0300] {processor.py:840} INFO - DAG(s) 'example_xcom_args', 'example_xcom_args_with_operators' retrieved from /home/myc-ti-2/airflow_workspace/airflow_env/lib/python3.10/site-packages/airflow/example_dags/example_xcomargs.py
[2023-12-21T12:57:16.308-0300] {logging_mixin.py:188} INFO - [2023-12-21T12:57:16.307-0300] {override.py:1769} INFO - Created Permission View: can edit on DAG:example_xcom_args
[2023-12-21T12:57:16.416-0300] {logging_mixin.py:188} INFO - [2023-12-21T12:57:16.415-0300] {override.py:1769} INFO - Created Permission View: can delete on DAG:example_xcom_args
[2023-12-21T12:57:16.499-0300] {logging_mixin.py:188} INFO - [2023-12-21T12:57:16.499-0300] {override.py:1769} INFO - Created Permission View: can read on DAG:example_xcom_args
[2023-12-21T12:57:16.708-0300] {logging_mixin.py:188} INFO - [2023-12-21T12:57:16.707-0300] {override.py:1769} INFO - Created Permission View: can edit on DAG:example_xcom_args_with_operators
[2023-12-21T12:57:16.791-0300] {logging_mixin.py:188} INFO - [2023-12-21T12:57:16.790-0300] {override.py:1769} INFO - Created Permission View: can delete on DAG:example_xcom_args_with_operators
[2023-12-21T12:57:16.874-0300] {logging_mixin.py:188} INFO - [2023-12-21T12:57:16.873-0300] {override.py:1769} INFO - Created Permission View: can read on DAG:example_xcom_args_with_operators
[2023-12-21T12:57:16.875-0300] {logging_mixin.py:188} INFO - [2023-12-21T12:57:16.875-0300] {dag.py:3033} INFO - Sync 2 DAGs
[2023-12-21T12:57:16.895-0300] {logging_mixin.py:188} INFO - [2023-12-21T12:57:16.895-0300] {dag.py:3055} INFO - Creating ORM DAG for example_xcom_args_with_operators
[2023-12-21T12:57:16.896-0300] {logging_mixin.py:188} INFO - [2023-12-21T12:57:16.896-0300] {dag.py:3055} INFO - Creating ORM DAG for example_xcom_args
[2023-12-21T12:57:16.897-0300] {logging_mixin.py:188} INFO - [2023-12-21T12:57:16.897-0300] {dag.py:3820} INFO - Setting next_dagrun for example_xcom_args to None, run_after=None
[2023-12-21T12:57:16.898-0300] {logging_mixin.py:188} INFO - [2023-12-21T12:57:16.898-0300] {dag.py:3820} INFO - Setting next_dagrun for example_xcom_args_with_operators to None, run_after=None
[2023-12-21T12:57:17.041-0300] {processor.py:183} INFO - Processing /home/myc-ti-2/airflow_workspace/airflow_env/lib/python3.10/site-packages/airflow/example_dags/example_xcomargs.py took 1.243 seconds
[2023-12-21T12:59:07.376-0300] {processor.py:161} INFO - Started process (PID=7118) to work on /home/myc-ti-2/airflow_workspace/airflow_env/lib/python3.10/site-packages/airflow/example_dags/example_xcomargs.py
[2023-12-21T12:59:07.378-0300] {processor.py:830} INFO - Processing file /home/myc-ti-2/airflow_workspace/airflow_env/lib/python3.10/site-packages/airflow/example_dags/example_xcomargs.py for tasks to queue
[2023-12-21T12:59:07.380-0300] {logging_mixin.py:188} INFO - [2023-12-21T12:59:07.379-0300] {dagbag.py:538} INFO - Filling up the DagBag from /home/myc-ti-2/airflow_workspace/airflow_env/lib/python3.10/site-packages/airflow/example_dags/example_xcomargs.py
[2023-12-21T12:59:07.401-0300] {processor.py:840} INFO - DAG(s) 'example_xcom_args_with_operators', 'example_xcom_args' retrieved from /home/myc-ti-2/airflow_workspace/airflow_env/lib/python3.10/site-packages/airflow/example_dags/example_xcomargs.py
[2023-12-21T12:59:07.435-0300] {logging_mixin.py:188} INFO - [2023-12-21T12:59:07.434-0300] {dag.py:3033} INFO - Sync 2 DAGs
[2023-12-21T12:59:07.452-0300] {logging_mixin.py:188} INFO - [2023-12-21T12:59:07.452-0300] {dag.py:3820} INFO - Setting next_dagrun for example_xcom_args to None, run_after=None
[2023-12-21T12:59:07.457-0300] {logging_mixin.py:188} INFO - [2023-12-21T12:59:07.457-0300] {dag.py:3820} INFO - Setting next_dagrun for example_xcom_args_with_operators to None, run_after=None
[2023-12-21T12:59:07.622-0300] {processor.py:183} INFO - Processing /home/myc-ti-2/airflow_workspace/airflow_env/lib/python3.10/site-packages/airflow/example_dags/example_xcomargs.py took 0.253 seconds
[2023-12-21T12:59:47.004-0300] {processor.py:161} INFO - Started process (PID=7158) to work on /home/myc-ti-2/airflow_workspace/airflow_env/lib/python3.10/site-packages/airflow/example_dags/example_xcomargs.py
[2023-12-21T12:59:47.019-0300] {processor.py:830} INFO - Processing file /home/myc-ti-2/airflow_workspace/airflow_env/lib/python3.10/site-packages/airflow/example_dags/example_xcomargs.py for tasks to queue
[2023-12-21T12:59:47.021-0300] {logging_mixin.py:188} INFO - [2023-12-21T12:59:47.021-0300] {dagbag.py:538} INFO - Filling up the DagBag from /home/myc-ti-2/airflow_workspace/airflow_env/lib/python3.10/site-packages/airflow/example_dags/example_xcomargs.py
[2023-12-21T12:59:47.042-0300] {processor.py:840} INFO - DAG(s) 'example_xcom_args_with_operators', 'example_xcom_args' retrieved from /home/myc-ti-2/airflow_workspace/airflow_env/lib/python3.10/site-packages/airflow/example_dags/example_xcomargs.py
[2023-12-21T12:59:47.082-0300] {logging_mixin.py:188} INFO - [2023-12-21T12:59:47.081-0300] {dag.py:3033} INFO - Sync 2 DAGs
[2023-12-21T12:59:47.100-0300] {logging_mixin.py:188} INFO - [2023-12-21T12:59:47.099-0300] {dag.py:3820} INFO - Setting next_dagrun for example_xcom_args to None, run_after=None
[2023-12-21T12:59:47.105-0300] {logging_mixin.py:188} INFO - [2023-12-21T12:59:47.104-0300] {dag.py:3820} INFO - Setting next_dagrun for example_xcom_args_with_operators to None, run_after=None
[2023-12-21T12:59:47.200-0300] {processor.py:183} INFO - Processing /home/myc-ti-2/airflow_workspace/airflow_env/lib/python3.10/site-packages/airflow/example_dags/example_xcomargs.py took 0.204 seconds
[2023-12-21T13:00:51.842-0300] {processor.py:161} INFO - Started process (PID=7243) to work on /home/myc-ti-2/airflow_workspace/airflow_env/lib/python3.10/site-packages/airflow/example_dags/example_xcomargs.py
[2023-12-21T13:00:51.858-0300] {processor.py:830} INFO - Processing file /home/myc-ti-2/airflow_workspace/airflow_env/lib/python3.10/site-packages/airflow/example_dags/example_xcomargs.py for tasks to queue
[2023-12-21T13:00:51.860-0300] {logging_mixin.py:188} INFO - [2023-12-21T13:00:51.859-0300] {dagbag.py:538} INFO - Filling up the DagBag from /home/myc-ti-2/airflow_workspace/airflow_env/lib/python3.10/site-packages/airflow/example_dags/example_xcomargs.py
[2023-12-21T13:00:51.872-0300] {processor.py:840} INFO - DAG(s) 'example_xcom_args_with_operators', 'example_xcom_args' retrieved from /home/myc-ti-2/airflow_workspace/airflow_env/lib/python3.10/site-packages/airflow/example_dags/example_xcomargs.py
[2023-12-21T13:00:51.902-0300] {logging_mixin.py:188} INFO - [2023-12-21T13:00:51.901-0300] {dag.py:3033} INFO - Sync 2 DAGs
[2023-12-21T13:00:51.919-0300] {logging_mixin.py:188} INFO - [2023-12-21T13:00:51.918-0300] {dag.py:3820} INFO - Setting next_dagrun for example_xcom_args to None, run_after=None
[2023-12-21T13:00:51.924-0300] {logging_mixin.py:188} INFO - [2023-12-21T13:00:51.924-0300] {dag.py:3820} INFO - Setting next_dagrun for example_xcom_args_with_operators to None, run_after=None
[2023-12-21T13:00:52.016-0300] {processor.py:183} INFO - Processing /home/myc-ti-2/airflow_workspace/airflow_env/lib/python3.10/site-packages/airflow/example_dags/example_xcomargs.py took 0.178 seconds
[2023-12-21T13:01:54.064-0300] {processor.py:161} INFO - Started process (PID=7311) to work on /home/myc-ti-2/airflow_workspace/airflow_env/lib/python3.10/site-packages/airflow/example_dags/example_xcomargs.py
[2023-12-21T13:01:54.073-0300] {processor.py:830} INFO - Processing file /home/myc-ti-2/airflow_workspace/airflow_env/lib/python3.10/site-packages/airflow/example_dags/example_xcomargs.py for tasks to queue
[2023-12-21T13:01:54.075-0300] {logging_mixin.py:188} INFO - [2023-12-21T13:01:54.074-0300] {dagbag.py:538} INFO - Filling up the DagBag from /home/myc-ti-2/airflow_workspace/airflow_env/lib/python3.10/site-packages/airflow/example_dags/example_xcomargs.py
[2023-12-21T13:01:54.096-0300] {processor.py:840} INFO - DAG(s) 'example_xcom_args_with_operators', 'example_xcom_args' retrieved from /home/myc-ti-2/airflow_workspace/airflow_env/lib/python3.10/site-packages/airflow/example_dags/example_xcomargs.py
[2023-12-21T13:01:54.129-0300] {logging_mixin.py:188} INFO - [2023-12-21T13:01:54.129-0300] {dag.py:3033} INFO - Sync 2 DAGs
[2023-12-21T13:01:54.148-0300] {logging_mixin.py:188} INFO - [2023-12-21T13:01:54.148-0300] {dag.py:3820} INFO - Setting next_dagrun for example_xcom_args to None, run_after=None
[2023-12-21T13:01:54.153-0300] {logging_mixin.py:188} INFO - [2023-12-21T13:01:54.153-0300] {dag.py:3820} INFO - Setting next_dagrun for example_xcom_args_with_operators to None, run_after=None
[2023-12-21T13:01:54.263-0300] {processor.py:183} INFO - Processing /home/myc-ti-2/airflow_workspace/airflow_env/lib/python3.10/site-packages/airflow/example_dags/example_xcomargs.py took 0.206 seconds
[2023-12-21T13:02:36.395-0300] {processor.py:161} INFO - Started process (PID=7364) to work on /home/myc-ti-2/airflow_workspace/airflow_env/lib/python3.10/site-packages/airflow/example_dags/example_xcomargs.py
[2023-12-21T13:02:36.397-0300] {processor.py:830} INFO - Processing file /home/myc-ti-2/airflow_workspace/airflow_env/lib/python3.10/site-packages/airflow/example_dags/example_xcomargs.py for tasks to queue
[2023-12-21T13:02:36.399-0300] {logging_mixin.py:188} INFO - [2023-12-21T13:02:36.398-0300] {dagbag.py:538} INFO - Filling up the DagBag from /home/myc-ti-2/airflow_workspace/airflow_env/lib/python3.10/site-packages/airflow/example_dags/example_xcomargs.py
[2023-12-21T13:02:36.420-0300] {processor.py:840} INFO - DAG(s) 'example_xcom_args_with_operators', 'example_xcom_args' retrieved from /home/myc-ti-2/airflow_workspace/airflow_env/lib/python3.10/site-packages/airflow/example_dags/example_xcomargs.py
[2023-12-21T13:02:36.453-0300] {logging_mixin.py:188} INFO - [2023-12-21T13:02:36.453-0300] {dag.py:3033} INFO - Sync 2 DAGs
[2023-12-21T13:02:36.472-0300] {logging_mixin.py:188} INFO - [2023-12-21T13:02:36.472-0300] {dag.py:3820} INFO - Setting next_dagrun for example_xcom_args to None, run_after=None
[2023-12-21T13:02:36.477-0300] {logging_mixin.py:188} INFO - [2023-12-21T13:02:36.477-0300] {dag.py:3820} INFO - Setting next_dagrun for example_xcom_args_with_operators to None, run_after=None
[2023-12-21T13:02:36.604-0300] {processor.py:183} INFO - Processing /home/myc-ti-2/airflow_workspace/airflow_env/lib/python3.10/site-packages/airflow/example_dags/example_xcomargs.py took 0.216 seconds
[2023-12-21T13:03:33.036-0300] {processor.py:161} INFO - Started process (PID=7426) to work on /home/myc-ti-2/airflow_workspace/airflow_env/lib/python3.10/site-packages/airflow/example_dags/example_xcomargs.py
[2023-12-21T13:03:33.037-0300] {processor.py:830} INFO - Processing file /home/myc-ti-2/airflow_workspace/airflow_env/lib/python3.10/site-packages/airflow/example_dags/example_xcomargs.py for tasks to queue
[2023-12-21T13:03:33.039-0300] {logging_mixin.py:188} INFO - [2023-12-21T13:03:33.038-0300] {dagbag.py:538} INFO - Filling up the DagBag from /home/myc-ti-2/airflow_workspace/airflow_env/lib/python3.10/site-packages/airflow/example_dags/example_xcomargs.py
[2023-12-21T13:03:33.053-0300] {processor.py:840} INFO - DAG(s) 'example_xcom_args', 'example_xcom_args_with_operators' retrieved from /home/myc-ti-2/airflow_workspace/airflow_env/lib/python3.10/site-packages/airflow/example_dags/example_xcomargs.py
[2023-12-21T13:03:33.086-0300] {logging_mixin.py:188} INFO - [2023-12-21T13:03:33.086-0300] {dag.py:3033} INFO - Sync 2 DAGs
[2023-12-21T13:03:33.106-0300] {logging_mixin.py:188} INFO - [2023-12-21T13:03:33.106-0300] {dag.py:3820} INFO - Setting next_dagrun for example_xcom_args to None, run_after=None
[2023-12-21T13:03:33.112-0300] {logging_mixin.py:188} INFO - [2023-12-21T13:03:33.112-0300] {dag.py:3820} INFO - Setting next_dagrun for example_xcom_args_with_operators to None, run_after=None
[2023-12-21T13:03:33.218-0300] {processor.py:183} INFO - Processing /home/myc-ti-2/airflow_workspace/airflow_env/lib/python3.10/site-packages/airflow/example_dags/example_xcomargs.py took 0.187 seconds
[2023-12-21T13:04:32.434-0300] {processor.py:161} INFO - Started process (PID=7482) to work on /home/myc-ti-2/airflow_workspace/airflow_env/lib/python3.10/site-packages/airflow/example_dags/example_xcomargs.py
[2023-12-21T13:04:32.436-0300] {processor.py:830} INFO - Processing file /home/myc-ti-2/airflow_workspace/airflow_env/lib/python3.10/site-packages/airflow/example_dags/example_xcomargs.py for tasks to queue
[2023-12-21T13:04:32.438-0300] {logging_mixin.py:188} INFO - [2023-12-21T13:04:32.437-0300] {dagbag.py:538} INFO - Filling up the DagBag from /home/myc-ti-2/airflow_workspace/airflow_env/lib/python3.10/site-packages/airflow/example_dags/example_xcomargs.py
[2023-12-21T13:04:32.459-0300] {processor.py:840} INFO - DAG(s) 'example_xcom_args', 'example_xcom_args_with_operators' retrieved from /home/myc-ti-2/airflow_workspace/airflow_env/lib/python3.10/site-packages/airflow/example_dags/example_xcomargs.py
[2023-12-21T13:04:32.491-0300] {logging_mixin.py:188} INFO - [2023-12-21T13:04:32.491-0300] {dag.py:3033} INFO - Sync 2 DAGs
[2023-12-21T13:04:32.510-0300] {logging_mixin.py:188} INFO - [2023-12-21T13:04:32.510-0300] {dag.py:3820} INFO - Setting next_dagrun for example_xcom_args to None, run_after=None
[2023-12-21T13:04:32.515-0300] {logging_mixin.py:188} INFO - [2023-12-21T13:04:32.515-0300] {dag.py:3820} INFO - Setting next_dagrun for example_xcom_args_with_operators to None, run_after=None
[2023-12-21T13:04:32.614-0300] {processor.py:183} INFO - Processing /home/myc-ti-2/airflow_workspace/airflow_env/lib/python3.10/site-packages/airflow/example_dags/example_xcomargs.py took 0.188 seconds
[2023-12-21T13:05:39.438-0300] {processor.py:161} INFO - Started process (PID=7552) to work on /home/myc-ti-2/airflow_workspace/airflow_env/lib/python3.10/site-packages/airflow/example_dags/example_xcomargs.py
[2023-12-21T13:05:39.440-0300] {processor.py:830} INFO - Processing file /home/myc-ti-2/airflow_workspace/airflow_env/lib/python3.10/site-packages/airflow/example_dags/example_xcomargs.py for tasks to queue
[2023-12-21T13:05:39.441-0300] {logging_mixin.py:188} INFO - [2023-12-21T13:05:39.441-0300] {dagbag.py:538} INFO - Filling up the DagBag from /home/myc-ti-2/airflow_workspace/airflow_env/lib/python3.10/site-packages/airflow/example_dags/example_xcomargs.py
[2023-12-21T13:05:39.455-0300] {processor.py:840} INFO - DAG(s) 'example_xcom_args', 'example_xcom_args_with_operators' retrieved from /home/myc-ti-2/airflow_workspace/airflow_env/lib/python3.10/site-packages/airflow/example_dags/example_xcomargs.py
[2023-12-21T13:05:39.486-0300] {logging_mixin.py:188} INFO - [2023-12-21T13:05:39.486-0300] {dag.py:3033} INFO - Sync 2 DAGs
[2023-12-21T13:05:39.506-0300] {logging_mixin.py:188} INFO - [2023-12-21T13:05:39.506-0300] {dag.py:3820} INFO - Setting next_dagrun for example_xcom_args to None, run_after=None
[2023-12-21T13:05:39.511-0300] {logging_mixin.py:188} INFO - [2023-12-21T13:05:39.511-0300] {dag.py:3820} INFO - Setting next_dagrun for example_xcom_args_with_operators to None, run_after=None
[2023-12-21T13:05:39.761-0300] {processor.py:183} INFO - Processing /home/myc-ti-2/airflow_workspace/airflow_env/lib/python3.10/site-packages/airflow/example_dags/example_xcomargs.py took 0.328 seconds
[2023-12-21T13:06:21.998-0300] {processor.py:161} INFO - Started process (PID=7602) to work on /home/myc-ti-2/airflow_workspace/airflow_env/lib/python3.10/site-packages/airflow/example_dags/example_xcomargs.py
[2023-12-21T13:06:22.009-0300] {processor.py:830} INFO - Processing file /home/myc-ti-2/airflow_workspace/airflow_env/lib/python3.10/site-packages/airflow/example_dags/example_xcomargs.py for tasks to queue
[2023-12-21T13:06:22.011-0300] {logging_mixin.py:188} INFO - [2023-12-21T13:06:22.010-0300] {dagbag.py:538} INFO - Filling up the DagBag from /home/myc-ti-2/airflow_workspace/airflow_env/lib/python3.10/site-packages/airflow/example_dags/example_xcomargs.py
[2023-12-21T13:06:22.022-0300] {processor.py:840} INFO - DAG(s) 'example_xcom_args_with_operators', 'example_xcom_args' retrieved from /home/myc-ti-2/airflow_workspace/airflow_env/lib/python3.10/site-packages/airflow/example_dags/example_xcomargs.py
[2023-12-21T13:06:22.050-0300] {logging_mixin.py:188} INFO - [2023-12-21T13:06:22.050-0300] {dag.py:3033} INFO - Sync 2 DAGs
[2023-12-21T13:06:22.067-0300] {logging_mixin.py:188} INFO - [2023-12-21T13:06:22.066-0300] {dag.py:3820} INFO - Setting next_dagrun for example_xcom_args to None, run_after=None
[2023-12-21T13:06:22.070-0300] {logging_mixin.py:188} INFO - [2023-12-21T13:06:22.070-0300] {dag.py:3820} INFO - Setting next_dagrun for example_xcom_args_with_operators to None, run_after=None
[2023-12-21T13:06:22.253-0300] {processor.py:183} INFO - Processing /home/myc-ti-2/airflow_workspace/airflow_env/lib/python3.10/site-packages/airflow/example_dags/example_xcomargs.py took 0.261 seconds
[2023-12-21T13:07:34.661-0300] {processor.py:161} INFO - Started process (PID=7743) to work on /home/myc-ti-2/airflow_workspace/airflow_env/lib/python3.10/site-packages/airflow/example_dags/example_xcomargs.py
[2023-12-21T13:07:34.671-0300] {processor.py:830} INFO - Processing file /home/myc-ti-2/airflow_workspace/airflow_env/lib/python3.10/site-packages/airflow/example_dags/example_xcomargs.py for tasks to queue
[2023-12-21T13:07:34.673-0300] {logging_mixin.py:188} INFO - [2023-12-21T13:07:34.672-0300] {dagbag.py:538} INFO - Filling up the DagBag from /home/myc-ti-2/airflow_workspace/airflow_env/lib/python3.10/site-packages/airflow/example_dags/example_xcomargs.py
[2023-12-21T13:07:34.694-0300] {processor.py:840} INFO - DAG(s) 'example_xcom_args', 'example_xcom_args_with_operators' retrieved from /home/myc-ti-2/airflow_workspace/airflow_env/lib/python3.10/site-packages/airflow/example_dags/example_xcomargs.py
[2023-12-21T13:07:34.731-0300] {logging_mixin.py:188} INFO - [2023-12-21T13:07:34.730-0300] {dag.py:3033} INFO - Sync 2 DAGs
[2023-12-21T13:07:34.749-0300] {logging_mixin.py:188} INFO - [2023-12-21T13:07:34.748-0300] {dag.py:3820} INFO - Setting next_dagrun for example_xcom_args to None, run_after=None
[2023-12-21T13:07:34.754-0300] {logging_mixin.py:188} INFO - [2023-12-21T13:07:34.753-0300] {dag.py:3820} INFO - Setting next_dagrun for example_xcom_args_with_operators to None, run_after=None
[2023-12-21T13:07:34.849-0300] {processor.py:183} INFO - Processing /home/myc-ti-2/airflow_workspace/airflow_env/lib/python3.10/site-packages/airflow/example_dags/example_xcomargs.py took 0.195 seconds
[2023-12-21T13:08:12.894-0300] {processor.py:161} INFO - Started process (PID=8498) to work on /home/myc-ti-2/airflow_workspace/airflow_env/lib/python3.10/site-packages/airflow/example_dags/example_xcomargs.py
[2023-12-21T13:08:12.910-0300] {processor.py:830} INFO - Processing file /home/myc-ti-2/airflow_workspace/airflow_env/lib/python3.10/site-packages/airflow/example_dags/example_xcomargs.py for tasks to queue
[2023-12-21T13:08:12.912-0300] {logging_mixin.py:188} INFO - [2023-12-21T13:08:12.911-0300] {dagbag.py:538} INFO - Filling up the DagBag from /home/myc-ti-2/airflow_workspace/airflow_env/lib/python3.10/site-packages/airflow/example_dags/example_xcomargs.py
[2023-12-21T13:08:12.925-0300] {processor.py:840} INFO - DAG(s) 'example_xcom_args_with_operators', 'example_xcom_args' retrieved from /home/myc-ti-2/airflow_workspace/airflow_env/lib/python3.10/site-packages/airflow/example_dags/example_xcomargs.py
[2023-12-21T13:08:12.956-0300] {logging_mixin.py:188} INFO - [2023-12-21T13:08:12.956-0300] {dag.py:3033} INFO - Sync 2 DAGs
[2023-12-21T13:08:12.974-0300] {logging_mixin.py:188} INFO - [2023-12-21T13:08:12.974-0300] {dag.py:3820} INFO - Setting next_dagrun for example_xcom_args to None, run_after=None
[2023-12-21T13:08:12.980-0300] {logging_mixin.py:188} INFO - [2023-12-21T13:08:12.980-0300] {dag.py:3820} INFO - Setting next_dagrun for example_xcom_args_with_operators to None, run_after=None
[2023-12-21T13:08:13.209-0300] {processor.py:183} INFO - Processing /home/myc-ti-2/airflow_workspace/airflow_env/lib/python3.10/site-packages/airflow/example_dags/example_xcomargs.py took 0.323 seconds
[2023-12-21T13:09:13.283-0300] {processor.py:161} INFO - Started process (PID=9230) to work on /home/myc-ti-2/airflow_workspace/airflow_env/lib/python3.10/site-packages/airflow/example_dags/example_xcomargs.py
[2023-12-21T13:09:13.302-0300] {processor.py:830} INFO - Processing file /home/myc-ti-2/airflow_workspace/airflow_env/lib/python3.10/site-packages/airflow/example_dags/example_xcomargs.py for tasks to queue
[2023-12-21T13:09:13.304-0300] {logging_mixin.py:188} INFO - [2023-12-21T13:09:13.303-0300] {dagbag.py:538} INFO - Filling up the DagBag from /home/myc-ti-2/airflow_workspace/airflow_env/lib/python3.10/site-packages/airflow/example_dags/example_xcomargs.py
[2023-12-21T13:09:13.317-0300] {processor.py:840} INFO - DAG(s) 'example_xcom_args_with_operators', 'example_xcom_args' retrieved from /home/myc-ti-2/airflow_workspace/airflow_env/lib/python3.10/site-packages/airflow/example_dags/example_xcomargs.py
[2023-12-21T13:09:13.349-0300] {logging_mixin.py:188} INFO - [2023-12-21T13:09:13.349-0300] {dag.py:3033} INFO - Sync 2 DAGs
[2023-12-21T13:09:13.368-0300] {logging_mixin.py:188} INFO - [2023-12-21T13:09:13.368-0300] {dag.py:3820} INFO - Setting next_dagrun for example_xcom_args to None, run_after=None
[2023-12-21T13:09:13.373-0300] {logging_mixin.py:188} INFO - [2023-12-21T13:09:13.373-0300] {dag.py:3820} INFO - Setting next_dagrun for example_xcom_args_with_operators to None, run_after=None
[2023-12-21T13:09:13.564-0300] {processor.py:183} INFO - Processing /home/myc-ti-2/airflow_workspace/airflow_env/lib/python3.10/site-packages/airflow/example_dags/example_xcomargs.py took 0.286 seconds
[2023-12-21T13:10:24.292-0300] {processor.py:161} INFO - Started process (PID=9426) to work on /home/myc-ti-2/airflow_workspace/airflow_env/lib/python3.10/site-packages/airflow/example_dags/example_xcomargs.py
[2023-12-21T13:10:24.324-0300] {processor.py:830} INFO - Processing file /home/myc-ti-2/airflow_workspace/airflow_env/lib/python3.10/site-packages/airflow/example_dags/example_xcomargs.py for tasks to queue
[2023-12-21T13:10:24.326-0300] {logging_mixin.py:188} INFO - [2023-12-21T13:10:24.325-0300] {dagbag.py:538} INFO - Filling up the DagBag from /home/myc-ti-2/airflow_workspace/airflow_env/lib/python3.10/site-packages/airflow/example_dags/example_xcomargs.py
[2023-12-21T13:10:24.342-0300] {processor.py:840} INFO - DAG(s) 'example_xcom_args', 'example_xcom_args_with_operators' retrieved from /home/myc-ti-2/airflow_workspace/airflow_env/lib/python3.10/site-packages/airflow/example_dags/example_xcomargs.py
[2023-12-21T13:10:24.374-0300] {logging_mixin.py:188} INFO - [2023-12-21T13:10:24.373-0300] {dag.py:3033} INFO - Sync 2 DAGs
[2023-12-21T13:10:24.393-0300] {logging_mixin.py:188} INFO - [2023-12-21T13:10:24.393-0300] {dag.py:3820} INFO - Setting next_dagrun for example_xcom_args to None, run_after=None
[2023-12-21T13:10:24.399-0300] {logging_mixin.py:188} INFO - [2023-12-21T13:10:24.398-0300] {dag.py:3820} INFO - Setting next_dagrun for example_xcom_args_with_operators to None, run_after=None
[2023-12-21T13:10:24.612-0300] {processor.py:183} INFO - Processing /home/myc-ti-2/airflow_workspace/airflow_env/lib/python3.10/site-packages/airflow/example_dags/example_xcomargs.py took 0.327 seconds
[2023-12-21T13:11:30.885-0300] {processor.py:161} INFO - Started process (PID=9830) to work on /home/myc-ti-2/airflow_workspace/airflow_env/lib/python3.10/site-packages/airflow/example_dags/example_xcomargs.py
[2023-12-21T13:11:30.904-0300] {processor.py:830} INFO - Processing file /home/myc-ti-2/airflow_workspace/airflow_env/lib/python3.10/site-packages/airflow/example_dags/example_xcomargs.py for tasks to queue
[2023-12-21T13:11:30.905-0300] {logging_mixin.py:188} INFO - [2023-12-21T13:11:30.905-0300] {dagbag.py:538} INFO - Filling up the DagBag from /home/myc-ti-2/airflow_workspace/airflow_env/lib/python3.10/site-packages/airflow/example_dags/example_xcomargs.py
[2023-12-21T13:11:30.918-0300] {processor.py:840} INFO - DAG(s) 'example_xcom_args', 'example_xcom_args_with_operators' retrieved from /home/myc-ti-2/airflow_workspace/airflow_env/lib/python3.10/site-packages/airflow/example_dags/example_xcomargs.py
[2023-12-21T13:11:30.944-0300] {logging_mixin.py:188} INFO - [2023-12-21T13:11:30.944-0300] {dag.py:3033} INFO - Sync 2 DAGs
[2023-12-21T13:11:30.959-0300] {logging_mixin.py:188} INFO - [2023-12-21T13:11:30.959-0300] {dag.py:3820} INFO - Setting next_dagrun for example_xcom_args to None, run_after=None
[2023-12-21T13:11:30.963-0300] {logging_mixin.py:188} INFO - [2023-12-21T13:11:30.963-0300] {dag.py:3820} INFO - Setting next_dagrun for example_xcom_args_with_operators to None, run_after=None
[2023-12-21T13:11:31.052-0300] {processor.py:183} INFO - Processing /home/myc-ti-2/airflow_workspace/airflow_env/lib/python3.10/site-packages/airflow/example_dags/example_xcomargs.py took 0.172 seconds
[2023-12-21T13:12:32.571-0300] {processor.py:161} INFO - Started process (PID=10091) to work on /home/myc-ti-2/airflow_workspace/airflow_env/lib/python3.10/site-packages/airflow/example_dags/example_xcomargs.py
[2023-12-21T13:12:32.590-0300] {processor.py:830} INFO - Processing file /home/myc-ti-2/airflow_workspace/airflow_env/lib/python3.10/site-packages/airflow/example_dags/example_xcomargs.py for tasks to queue
[2023-12-21T13:12:32.593-0300] {logging_mixin.py:188} INFO - [2023-12-21T13:12:32.592-0300] {dagbag.py:538} INFO - Filling up the DagBag from /home/myc-ti-2/airflow_workspace/airflow_env/lib/python3.10/site-packages/airflow/example_dags/example_xcomargs.py
[2023-12-21T13:12:32.614-0300] {processor.py:840} INFO - DAG(s) 'example_xcom_args', 'example_xcom_args_with_operators' retrieved from /home/myc-ti-2/airflow_workspace/airflow_env/lib/python3.10/site-packages/airflow/example_dags/example_xcomargs.py
[2023-12-21T13:12:32.654-0300] {logging_mixin.py:188} INFO - [2023-12-21T13:12:32.654-0300] {dag.py:3033} INFO - Sync 2 DAGs
[2023-12-21T13:12:32.672-0300] {logging_mixin.py:188} INFO - [2023-12-21T13:12:32.672-0300] {dag.py:3820} INFO - Setting next_dagrun for example_xcom_args to None, run_after=None
[2023-12-21T13:12:32.677-0300] {logging_mixin.py:188} INFO - [2023-12-21T13:12:32.677-0300] {dag.py:3820} INFO - Setting next_dagrun for example_xcom_args_with_operators to None, run_after=None
[2023-12-21T13:12:32.787-0300] {processor.py:183} INFO - Processing /home/myc-ti-2/airflow_workspace/airflow_env/lib/python3.10/site-packages/airflow/example_dags/example_xcomargs.py took 0.223 seconds
[2023-12-21T13:13:35.720-0300] {processor.py:161} INFO - Started process (PID=10292) to work on /home/myc-ti-2/airflow_workspace/airflow_env/lib/python3.10/site-packages/airflow/example_dags/example_xcomargs.py
[2023-12-21T13:13:35.722-0300] {processor.py:830} INFO - Processing file /home/myc-ti-2/airflow_workspace/airflow_env/lib/python3.10/site-packages/airflow/example_dags/example_xcomargs.py for tasks to queue
[2023-12-21T13:13:35.724-0300] {logging_mixin.py:188} INFO - [2023-12-21T13:13:35.723-0300] {dagbag.py:538} INFO - Filling up the DagBag from /home/myc-ti-2/airflow_workspace/airflow_env/lib/python3.10/site-packages/airflow/example_dags/example_xcomargs.py
[2023-12-21T13:13:35.745-0300] {processor.py:840} INFO - DAG(s) 'example_xcom_args', 'example_xcom_args_with_operators' retrieved from /home/myc-ti-2/airflow_workspace/airflow_env/lib/python3.10/site-packages/airflow/example_dags/example_xcomargs.py
[2023-12-21T13:13:35.776-0300] {logging_mixin.py:188} INFO - [2023-12-21T13:13:35.775-0300] {dag.py:3033} INFO - Sync 2 DAGs
[2023-12-21T13:13:35.794-0300] {logging_mixin.py:188} INFO - [2023-12-21T13:13:35.794-0300] {dag.py:3820} INFO - Setting next_dagrun for example_xcom_args to None, run_after=None
[2023-12-21T13:13:35.799-0300] {logging_mixin.py:188} INFO - [2023-12-21T13:13:35.799-0300] {dag.py:3820} INFO - Setting next_dagrun for example_xcom_args_with_operators to None, run_after=None
[2023-12-21T13:13:35.918-0300] {processor.py:183} INFO - Processing /home/myc-ti-2/airflow_workspace/airflow_env/lib/python3.10/site-packages/airflow/example_dags/example_xcomargs.py took 0.205 seconds
[2023-12-21T13:14:39.758-0300] {processor.py:161} INFO - Started process (PID=10352) to work on /home/myc-ti-2/airflow_workspace/airflow_env/lib/python3.10/site-packages/airflow/example_dags/example_xcomargs.py
[2023-12-21T13:14:39.772-0300] {processor.py:830} INFO - Processing file /home/myc-ti-2/airflow_workspace/airflow_env/lib/python3.10/site-packages/airflow/example_dags/example_xcomargs.py for tasks to queue
[2023-12-21T13:14:39.774-0300] {logging_mixin.py:188} INFO - [2023-12-21T13:14:39.773-0300] {dagbag.py:538} INFO - Filling up the DagBag from /home/myc-ti-2/airflow_workspace/airflow_env/lib/python3.10/site-packages/airflow/example_dags/example_xcomargs.py
[2023-12-21T13:14:39.787-0300] {processor.py:840} INFO - DAG(s) 'example_xcom_args_with_operators', 'example_xcom_args' retrieved from /home/myc-ti-2/airflow_workspace/airflow_env/lib/python3.10/site-packages/airflow/example_dags/example_xcomargs.py
[2023-12-21T13:14:39.818-0300] {logging_mixin.py:188} INFO - [2023-12-21T13:14:39.817-0300] {dag.py:3033} INFO - Sync 2 DAGs
[2023-12-21T13:14:39.838-0300] {logging_mixin.py:188} INFO - [2023-12-21T13:14:39.837-0300] {dag.py:3820} INFO - Setting next_dagrun for example_xcom_args to None, run_after=None
[2023-12-21T13:14:39.843-0300] {logging_mixin.py:188} INFO - [2023-12-21T13:14:39.843-0300] {dag.py:3820} INFO - Setting next_dagrun for example_xcom_args_with_operators to None, run_after=None
[2023-12-21T13:14:39.948-0300] {processor.py:183} INFO - Processing /home/myc-ti-2/airflow_workspace/airflow_env/lib/python3.10/site-packages/airflow/example_dags/example_xcomargs.py took 0.196 seconds
