[2023-12-21T12:57:35.176-0300] {processor.py:161} INFO - Started process (PID=6977) to work on /home/myc-ti-2/airflow_workspace/airflow_env/lib/python3.10/site-packages/airflow/example_dags/example_params_trigger_ui.py
[2023-12-21T12:57:35.178-0300] {processor.py:830} INFO - Processing file /home/myc-ti-2/airflow_workspace/airflow_env/lib/python3.10/site-packages/airflow/example_dags/example_params_trigger_ui.py for tasks to queue
[2023-12-21T12:57:35.180-0300] {logging_mixin.py:188} INFO - [2023-12-21T12:57:35.179-0300] {dagbag.py:538} INFO - Filling up the DagBag from /home/myc-ti-2/airflow_workspace/airflow_env/lib/python3.10/site-packages/airflow/example_dags/example_params_trigger_ui.py
[2023-12-21T12:57:35.210-0300] {processor.py:840} INFO - DAG(s) 'example_params_trigger_ui' retrieved from /home/myc-ti-2/airflow_workspace/airflow_env/lib/python3.10/site-packages/airflow/example_dags/example_params_trigger_ui.py
[2023-12-21T12:57:35.632-0300] {logging_mixin.py:188} INFO - [2023-12-21T12:57:35.631-0300] {override.py:1769} INFO - Created Permission View: can edit on DAG:example_params_trigger_ui
[2023-12-21T12:57:35.732-0300] {logging_mixin.py:188} INFO - [2023-12-21T12:57:35.731-0300] {override.py:1769} INFO - Created Permission View: can delete on DAG:example_params_trigger_ui
[2023-12-21T12:57:35.823-0300] {logging_mixin.py:188} INFO - [2023-12-21T12:57:35.823-0300] {override.py:1769} INFO - Created Permission View: can read on DAG:example_params_trigger_ui
[2023-12-21T12:57:35.824-0300] {logging_mixin.py:188} INFO - [2023-12-21T12:57:35.824-0300] {dag.py:3033} INFO - Sync 1 DAGs
[2023-12-21T12:57:35.852-0300] {logging_mixin.py:188} INFO - [2023-12-21T12:57:35.851-0300] {dag.py:3055} INFO - Creating ORM DAG for example_params_trigger_ui
[2023-12-21T12:57:35.853-0300] {logging_mixin.py:188} INFO - [2023-12-21T12:57:35.853-0300] {dag.py:3820} INFO - Setting next_dagrun for example_params_trigger_ui to None, run_after=None
[2023-12-21T12:57:36.037-0300] {processor.py:183} INFO - Processing /home/myc-ti-2/airflow_workspace/airflow_env/lib/python3.10/site-packages/airflow/example_dags/example_params_trigger_ui.py took 0.868 seconds
[2023-12-21T12:59:18.138-0300] {processor.py:161} INFO - Started process (PID=7131) to work on /home/myc-ti-2/airflow_workspace/airflow_env/lib/python3.10/site-packages/airflow/example_dags/example_params_trigger_ui.py
[2023-12-21T12:59:18.140-0300] {processor.py:830} INFO - Processing file /home/myc-ti-2/airflow_workspace/airflow_env/lib/python3.10/site-packages/airflow/example_dags/example_params_trigger_ui.py for tasks to queue
[2023-12-21T12:59:18.142-0300] {logging_mixin.py:188} INFO - [2023-12-21T12:59:18.141-0300] {dagbag.py:538} INFO - Filling up the DagBag from /home/myc-ti-2/airflow_workspace/airflow_env/lib/python3.10/site-packages/airflow/example_dags/example_params_trigger_ui.py
[2023-12-21T12:59:18.177-0300] {processor.py:840} INFO - DAG(s) 'example_params_trigger_ui' retrieved from /home/myc-ti-2/airflow_workspace/airflow_env/lib/python3.10/site-packages/airflow/example_dags/example_params_trigger_ui.py
[2023-12-21T12:59:18.254-0300] {logging_mixin.py:188} INFO - [2023-12-21T12:59:18.253-0300] {dag.py:3033} INFO - Sync 1 DAGs
[2023-12-21T12:59:18.271-0300] {logging_mixin.py:188} INFO - [2023-12-21T12:59:18.271-0300] {dag.py:3820} INFO - Setting next_dagrun for example_params_trigger_ui to None, run_after=None
[2023-12-21T12:59:18.385-0300] {processor.py:183} INFO - Processing /home/myc-ti-2/airflow_workspace/airflow_env/lib/python3.10/site-packages/airflow/example_dags/example_params_trigger_ui.py took 0.254 seconds
[2023-12-21T13:00:15.763-0300] {processor.py:161} INFO - Started process (PID=7188) to work on /home/myc-ti-2/airflow_workspace/airflow_env/lib/python3.10/site-packages/airflow/example_dags/example_params_trigger_ui.py
[2023-12-21T13:00:15.765-0300] {processor.py:830} INFO - Processing file /home/myc-ti-2/airflow_workspace/airflow_env/lib/python3.10/site-packages/airflow/example_dags/example_params_trigger_ui.py for tasks to queue
[2023-12-21T13:00:15.767-0300] {logging_mixin.py:188} INFO - [2023-12-21T13:00:15.766-0300] {dagbag.py:538} INFO - Filling up the DagBag from /home/myc-ti-2/airflow_workspace/airflow_env/lib/python3.10/site-packages/airflow/example_dags/example_params_trigger_ui.py
[2023-12-21T13:00:15.800-0300] {processor.py:840} INFO - DAG(s) 'example_params_trigger_ui' retrieved from /home/myc-ti-2/airflow_workspace/airflow_env/lib/python3.10/site-packages/airflow/example_dags/example_params_trigger_ui.py
[2023-12-21T13:00:15.878-0300] {logging_mixin.py:188} INFO - [2023-12-21T13:00:15.877-0300] {dag.py:3033} INFO - Sync 1 DAGs
[2023-12-21T13:00:15.895-0300] {logging_mixin.py:188} INFO - [2023-12-21T13:00:15.895-0300] {dag.py:3820} INFO - Setting next_dagrun for example_params_trigger_ui to None, run_after=None
[2023-12-21T13:00:16.008-0300] {processor.py:183} INFO - Processing /home/myc-ti-2/airflow_workspace/airflow_env/lib/python3.10/site-packages/airflow/example_dags/example_params_trigger_ui.py took 0.251 seconds
[2023-12-21T13:01:30.971-0300] {processor.py:161} INFO - Started process (PID=7287) to work on /home/myc-ti-2/airflow_workspace/airflow_env/lib/python3.10/site-packages/airflow/example_dags/example_params_trigger_ui.py
[2023-12-21T13:01:30.982-0300] {processor.py:830} INFO - Processing file /home/myc-ti-2/airflow_workspace/airflow_env/lib/python3.10/site-packages/airflow/example_dags/example_params_trigger_ui.py for tasks to queue
[2023-12-21T13:01:30.984-0300] {logging_mixin.py:188} INFO - [2023-12-21T13:01:30.983-0300] {dagbag.py:538} INFO - Filling up the DagBag from /home/myc-ti-2/airflow_workspace/airflow_env/lib/python3.10/site-packages/airflow/example_dags/example_params_trigger_ui.py
[2023-12-21T13:01:31.020-0300] {processor.py:840} INFO - DAG(s) 'example_params_trigger_ui' retrieved from /home/myc-ti-2/airflow_workspace/airflow_env/lib/python3.10/site-packages/airflow/example_dags/example_params_trigger_ui.py
[2023-12-21T13:01:31.099-0300] {logging_mixin.py:188} INFO - [2023-12-21T13:01:31.098-0300] {dag.py:3033} INFO - Sync 1 DAGs
[2023-12-21T13:01:31.118-0300] {logging_mixin.py:188} INFO - [2023-12-21T13:01:31.117-0300] {dag.py:3820} INFO - Setting next_dagrun for example_params_trigger_ui to None, run_after=None
[2023-12-21T13:01:31.222-0300] {processor.py:183} INFO - Processing /home/myc-ti-2/airflow_workspace/airflow_env/lib/python3.10/site-packages/airflow/example_dags/example_params_trigger_ui.py took 0.257 seconds
[2023-12-21T13:02:41.915-0300] {processor.py:161} INFO - Started process (PID=7370) to work on /home/myc-ti-2/airflow_workspace/airflow_env/lib/python3.10/site-packages/airflow/example_dags/example_params_trigger_ui.py
[2023-12-21T13:02:41.917-0300] {processor.py:830} INFO - Processing file /home/myc-ti-2/airflow_workspace/airflow_env/lib/python3.10/site-packages/airflow/example_dags/example_params_trigger_ui.py for tasks to queue
[2023-12-21T13:02:41.919-0300] {logging_mixin.py:188} INFO - [2023-12-21T13:02:41.918-0300] {dagbag.py:538} INFO - Filling up the DagBag from /home/myc-ti-2/airflow_workspace/airflow_env/lib/python3.10/site-packages/airflow/example_dags/example_params_trigger_ui.py
[2023-12-21T13:02:41.950-0300] {processor.py:840} INFO - DAG(s) 'example_params_trigger_ui' retrieved from /home/myc-ti-2/airflow_workspace/airflow_env/lib/python3.10/site-packages/airflow/example_dags/example_params_trigger_ui.py
[2023-12-21T13:02:42.028-0300] {logging_mixin.py:188} INFO - [2023-12-21T13:02:42.027-0300] {dag.py:3033} INFO - Sync 1 DAGs
[2023-12-21T13:02:42.045-0300] {logging_mixin.py:188} INFO - [2023-12-21T13:02:42.045-0300] {dag.py:3820} INFO - Setting next_dagrun for example_params_trigger_ui to None, run_after=None
[2023-12-21T13:02:42.152-0300] {processor.py:183} INFO - Processing /home/myc-ti-2/airflow_workspace/airflow_env/lib/python3.10/site-packages/airflow/example_dags/example_params_trigger_ui.py took 0.244 seconds
[2023-12-21T13:03:39.659-0300] {processor.py:161} INFO - Started process (PID=7431) to work on /home/myc-ti-2/airflow_workspace/airflow_env/lib/python3.10/site-packages/airflow/example_dags/example_params_trigger_ui.py
[2023-12-21T13:03:39.677-0300] {processor.py:830} INFO - Processing file /home/myc-ti-2/airflow_workspace/airflow_env/lib/python3.10/site-packages/airflow/example_dags/example_params_trigger_ui.py for tasks to queue
[2023-12-21T13:03:39.678-0300] {logging_mixin.py:188} INFO - [2023-12-21T13:03:39.678-0300] {dagbag.py:538} INFO - Filling up the DagBag from /home/myc-ti-2/airflow_workspace/airflow_env/lib/python3.10/site-packages/airflow/example_dags/example_params_trigger_ui.py
[2023-12-21T13:03:39.703-0300] {processor.py:840} INFO - DAG(s) 'example_params_trigger_ui' retrieved from /home/myc-ti-2/airflow_workspace/airflow_env/lib/python3.10/site-packages/airflow/example_dags/example_params_trigger_ui.py
[2023-12-21T13:03:39.767-0300] {logging_mixin.py:188} INFO - [2023-12-21T13:03:39.766-0300] {dag.py:3033} INFO - Sync 1 DAGs
[2023-12-21T13:03:39.782-0300] {logging_mixin.py:188} INFO - [2023-12-21T13:03:39.782-0300] {dag.py:3820} INFO - Setting next_dagrun for example_params_trigger_ui to None, run_after=None
[2023-12-21T13:03:39.882-0300] {processor.py:183} INFO - Processing /home/myc-ti-2/airflow_workspace/airflow_env/lib/python3.10/site-packages/airflow/example_dags/example_params_trigger_ui.py took 0.228 seconds
[2023-12-21T13:04:38.681-0300] {processor.py:161} INFO - Started process (PID=7488) to work on /home/myc-ti-2/airflow_workspace/airflow_env/lib/python3.10/site-packages/airflow/example_dags/example_params_trigger_ui.py
[2023-12-21T13:04:38.683-0300] {processor.py:830} INFO - Processing file /home/myc-ti-2/airflow_workspace/airflow_env/lib/python3.10/site-packages/airflow/example_dags/example_params_trigger_ui.py for tasks to queue
[2023-12-21T13:04:38.685-0300] {logging_mixin.py:188} INFO - [2023-12-21T13:04:38.684-0300] {dagbag.py:538} INFO - Filling up the DagBag from /home/myc-ti-2/airflow_workspace/airflow_env/lib/python3.10/site-packages/airflow/example_dags/example_params_trigger_ui.py
[2023-12-21T13:04:38.714-0300] {processor.py:840} INFO - DAG(s) 'example_params_trigger_ui' retrieved from /home/myc-ti-2/airflow_workspace/airflow_env/lib/python3.10/site-packages/airflow/example_dags/example_params_trigger_ui.py
[2023-12-21T13:04:38.801-0300] {logging_mixin.py:188} INFO - [2023-12-21T13:04:38.800-0300] {dag.py:3033} INFO - Sync 1 DAGs
[2023-12-21T13:04:38.820-0300] {logging_mixin.py:188} INFO - [2023-12-21T13:04:38.820-0300] {dag.py:3820} INFO - Setting next_dagrun for example_params_trigger_ui to None, run_after=None
[2023-12-21T13:04:38.932-0300] {processor.py:183} INFO - Processing /home/myc-ti-2/airflow_workspace/airflow_env/lib/python3.10/site-packages/airflow/example_dags/example_params_trigger_ui.py took 0.259 seconds
[2023-12-21T13:05:47.570-0300] {processor.py:161} INFO - Started process (PID=7557) to work on /home/myc-ti-2/airflow_workspace/airflow_env/lib/python3.10/site-packages/airflow/example_dags/example_params_trigger_ui.py
[2023-12-21T13:05:47.585-0300] {processor.py:830} INFO - Processing file /home/myc-ti-2/airflow_workspace/airflow_env/lib/python3.10/site-packages/airflow/example_dags/example_params_trigger_ui.py for tasks to queue
[2023-12-21T13:05:47.587-0300] {logging_mixin.py:188} INFO - [2023-12-21T13:05:47.586-0300] {dagbag.py:538} INFO - Filling up the DagBag from /home/myc-ti-2/airflow_workspace/airflow_env/lib/python3.10/site-packages/airflow/example_dags/example_params_trigger_ui.py
[2023-12-21T13:05:47.614-0300] {processor.py:840} INFO - DAG(s) 'example_params_trigger_ui' retrieved from /home/myc-ti-2/airflow_workspace/airflow_env/lib/python3.10/site-packages/airflow/example_dags/example_params_trigger_ui.py
[2023-12-21T13:05:47.718-0300] {logging_mixin.py:188} INFO - [2023-12-21T13:05:47.718-0300] {dag.py:3033} INFO - Sync 1 DAGs
[2023-12-21T13:05:47.741-0300] {logging_mixin.py:188} INFO - [2023-12-21T13:05:47.741-0300] {dag.py:3820} INFO - Setting next_dagrun for example_params_trigger_ui to None, run_after=None
[2023-12-21T13:05:47.865-0300] {processor.py:183} INFO - Processing /home/myc-ti-2/airflow_workspace/airflow_env/lib/python3.10/site-packages/airflow/example_dags/example_params_trigger_ui.py took 0.303 seconds
[2023-12-21T13:07:01.553-0300] {processor.py:161} INFO - Started process (PID=7707) to work on /home/myc-ti-2/airflow_workspace/airflow_env/lib/python3.10/site-packages/airflow/example_dags/example_params_trigger_ui.py
[2023-12-21T13:07:01.556-0300] {processor.py:830} INFO - Processing file /home/myc-ti-2/airflow_workspace/airflow_env/lib/python3.10/site-packages/airflow/example_dags/example_params_trigger_ui.py for tasks to queue
[2023-12-21T13:07:01.558-0300] {logging_mixin.py:188} INFO - [2023-12-21T13:07:01.557-0300] {dagbag.py:538} INFO - Filling up the DagBag from /home/myc-ti-2/airflow_workspace/airflow_env/lib/python3.10/site-packages/airflow/example_dags/example_params_trigger_ui.py
[2023-12-21T13:07:01.591-0300] {processor.py:840} INFO - DAG(s) 'example_params_trigger_ui' retrieved from /home/myc-ti-2/airflow_workspace/airflow_env/lib/python3.10/site-packages/airflow/example_dags/example_params_trigger_ui.py
[2023-12-21T13:07:01.669-0300] {logging_mixin.py:188} INFO - [2023-12-21T13:07:01.668-0300] {dag.py:3033} INFO - Sync 1 DAGs
[2023-12-21T13:07:01.687-0300] {logging_mixin.py:188} INFO - [2023-12-21T13:07:01.686-0300] {dag.py:3820} INFO - Setting next_dagrun for example_params_trigger_ui to None, run_after=None
[2023-12-21T13:07:01.810-0300] {processor.py:183} INFO - Processing /home/myc-ti-2/airflow_workspace/airflow_env/lib/python3.10/site-packages/airflow/example_dags/example_params_trigger_ui.py took 0.264 seconds
[2023-12-21T13:08:16.983-0300] {processor.py:161} INFO - Started process (PID=8516) to work on /home/myc-ti-2/airflow_workspace/airflow_env/lib/python3.10/site-packages/airflow/example_dags/example_params_trigger_ui.py
[2023-12-21T13:08:16.985-0300] {processor.py:830} INFO - Processing file /home/myc-ti-2/airflow_workspace/airflow_env/lib/python3.10/site-packages/airflow/example_dags/example_params_trigger_ui.py for tasks to queue
[2023-12-21T13:08:16.987-0300] {logging_mixin.py:188} INFO - [2023-12-21T13:08:16.987-0300] {dagbag.py:538} INFO - Filling up the DagBag from /home/myc-ti-2/airflow_workspace/airflow_env/lib/python3.10/site-packages/airflow/example_dags/example_params_trigger_ui.py
[2023-12-21T13:08:17.012-0300] {processor.py:840} INFO - DAG(s) 'example_params_trigger_ui' retrieved from /home/myc-ti-2/airflow_workspace/airflow_env/lib/python3.10/site-packages/airflow/example_dags/example_params_trigger_ui.py
[2023-12-21T13:08:17.073-0300] {logging_mixin.py:188} INFO - [2023-12-21T13:08:17.072-0300] {dag.py:3033} INFO - Sync 1 DAGs
[2023-12-21T13:08:17.089-0300] {logging_mixin.py:188} INFO - [2023-12-21T13:08:17.088-0300] {dag.py:3820} INFO - Setting next_dagrun for example_params_trigger_ui to None, run_after=None
[2023-12-21T13:08:17.267-0300] {processor.py:183} INFO - Processing /home/myc-ti-2/airflow_workspace/airflow_env/lib/python3.10/site-packages/airflow/example_dags/example_params_trigger_ui.py took 0.292 seconds
[2023-12-21T13:09:18.852-0300] {processor.py:161} INFO - Started process (PID=9239) to work on /home/myc-ti-2/airflow_workspace/airflow_env/lib/python3.10/site-packages/airflow/example_dags/example_params_trigger_ui.py
[2023-12-21T13:09:18.874-0300] {processor.py:830} INFO - Processing file /home/myc-ti-2/airflow_workspace/airflow_env/lib/python3.10/site-packages/airflow/example_dags/example_params_trigger_ui.py for tasks to queue
[2023-12-21T13:09:18.876-0300] {logging_mixin.py:188} INFO - [2023-12-21T13:09:18.875-0300] {dagbag.py:538} INFO - Filling up the DagBag from /home/myc-ti-2/airflow_workspace/airflow_env/lib/python3.10/site-packages/airflow/example_dags/example_params_trigger_ui.py
[2023-12-21T13:09:18.911-0300] {processor.py:840} INFO - DAG(s) 'example_params_trigger_ui' retrieved from /home/myc-ti-2/airflow_workspace/airflow_env/lib/python3.10/site-packages/airflow/example_dags/example_params_trigger_ui.py
[2023-12-21T13:09:18.994-0300] {logging_mixin.py:188} INFO - [2023-12-21T13:09:18.994-0300] {dag.py:3033} INFO - Sync 1 DAGs
[2023-12-21T13:09:19.013-0300] {logging_mixin.py:188} INFO - [2023-12-21T13:09:19.013-0300] {dag.py:3820} INFO - Setting next_dagrun for example_params_trigger_ui to None, run_after=None
[2023-12-21T13:09:19.223-0300] {processor.py:183} INFO - Processing /home/myc-ti-2/airflow_workspace/airflow_env/lib/python3.10/site-packages/airflow/example_dags/example_params_trigger_ui.py took 0.378 seconds
[2023-12-21T13:10:29.960-0300] {processor.py:161} INFO - Started process (PID=9434) to work on /home/myc-ti-2/airflow_workspace/airflow_env/lib/python3.10/site-packages/airflow/example_dags/example_params_trigger_ui.py
[2023-12-21T13:10:29.986-0300] {processor.py:830} INFO - Processing file /home/myc-ti-2/airflow_workspace/airflow_env/lib/python3.10/site-packages/airflow/example_dags/example_params_trigger_ui.py for tasks to queue
[2023-12-21T13:10:29.988-0300] {logging_mixin.py:188} INFO - [2023-12-21T13:10:29.987-0300] {dagbag.py:538} INFO - Filling up the DagBag from /home/myc-ti-2/airflow_workspace/airflow_env/lib/python3.10/site-packages/airflow/example_dags/example_params_trigger_ui.py
[2023-12-21T13:10:30.025-0300] {processor.py:840} INFO - DAG(s) 'example_params_trigger_ui' retrieved from /home/myc-ti-2/airflow_workspace/airflow_env/lib/python3.10/site-packages/airflow/example_dags/example_params_trigger_ui.py
[2023-12-21T13:10:30.112-0300] {logging_mixin.py:188} INFO - [2023-12-21T13:10:30.112-0300] {dag.py:3033} INFO - Sync 1 DAGs
[2023-12-21T13:10:30.130-0300] {logging_mixin.py:188} INFO - [2023-12-21T13:10:30.130-0300] {dag.py:3820} INFO - Setting next_dagrun for example_params_trigger_ui to None, run_after=None
[2023-12-21T13:10:30.307-0300] {processor.py:183} INFO - Processing /home/myc-ti-2/airflow_workspace/airflow_env/lib/python3.10/site-packages/airflow/example_dags/example_params_trigger_ui.py took 0.354 seconds
[2023-12-21T13:11:35.758-0300] {processor.py:161} INFO - Started process (PID=9883) to work on /home/myc-ti-2/airflow_workspace/airflow_env/lib/python3.10/site-packages/airflow/example_dags/example_params_trigger_ui.py
[2023-12-21T13:11:35.760-0300] {processor.py:830} INFO - Processing file /home/myc-ti-2/airflow_workspace/airflow_env/lib/python3.10/site-packages/airflow/example_dags/example_params_trigger_ui.py for tasks to queue
[2023-12-21T13:11:35.761-0300] {logging_mixin.py:188} INFO - [2023-12-21T13:11:35.761-0300] {dagbag.py:538} INFO - Filling up the DagBag from /home/myc-ti-2/airflow_workspace/airflow_env/lib/python3.10/site-packages/airflow/example_dags/example_params_trigger_ui.py
[2023-12-21T13:11:35.784-0300] {processor.py:840} INFO - DAG(s) 'example_params_trigger_ui' retrieved from /home/myc-ti-2/airflow_workspace/airflow_env/lib/python3.10/site-packages/airflow/example_dags/example_params_trigger_ui.py
[2023-12-21T13:11:35.856-0300] {logging_mixin.py:188} INFO - [2023-12-21T13:11:35.856-0300] {dag.py:3033} INFO - Sync 1 DAGs
[2023-12-21T13:11:35.874-0300] {logging_mixin.py:188} INFO - [2023-12-21T13:11:35.873-0300] {dag.py:3820} INFO - Setting next_dagrun for example_params_trigger_ui to None, run_after=None
[2023-12-21T13:11:36.203-0300] {processor.py:183} INFO - Processing /home/myc-ti-2/airflow_workspace/airflow_env/lib/python3.10/site-packages/airflow/example_dags/example_params_trigger_ui.py took 0.449 seconds
[2023-12-21T13:12:37.270-0300] {processor.py:161} INFO - Started process (PID=10097) to work on /home/myc-ti-2/airflow_workspace/airflow_env/lib/python3.10/site-packages/airflow/example_dags/example_params_trigger_ui.py
[2023-12-21T13:12:37.273-0300] {processor.py:830} INFO - Processing file /home/myc-ti-2/airflow_workspace/airflow_env/lib/python3.10/site-packages/airflow/example_dags/example_params_trigger_ui.py for tasks to queue
[2023-12-21T13:12:37.275-0300] {logging_mixin.py:188} INFO - [2023-12-21T13:12:37.274-0300] {dagbag.py:538} INFO - Filling up the DagBag from /home/myc-ti-2/airflow_workspace/airflow_env/lib/python3.10/site-packages/airflow/example_dags/example_params_trigger_ui.py
[2023-12-21T13:12:37.308-0300] {processor.py:840} INFO - DAG(s) 'example_params_trigger_ui' retrieved from /home/myc-ti-2/airflow_workspace/airflow_env/lib/python3.10/site-packages/airflow/example_dags/example_params_trigger_ui.py
[2023-12-21T13:12:37.385-0300] {logging_mixin.py:188} INFO - [2023-12-21T13:12:37.385-0300] {dag.py:3033} INFO - Sync 1 DAGs
[2023-12-21T13:12:37.403-0300] {logging_mixin.py:188} INFO - [2023-12-21T13:12:37.403-0300] {dag.py:3820} INFO - Setting next_dagrun for example_params_trigger_ui to None, run_after=None
[2023-12-21T13:12:37.503-0300] {processor.py:183} INFO - Processing /home/myc-ti-2/airflow_workspace/airflow_env/lib/python3.10/site-packages/airflow/example_dags/example_params_trigger_ui.py took 0.240 seconds
[2023-12-21T13:13:41.188-0300] {processor.py:161} INFO - Started process (PID=10296) to work on /home/myc-ti-2/airflow_workspace/airflow_env/lib/python3.10/site-packages/airflow/example_dags/example_params_trigger_ui.py
[2023-12-21T13:13:41.190-0300] {processor.py:830} INFO - Processing file /home/myc-ti-2/airflow_workspace/airflow_env/lib/python3.10/site-packages/airflow/example_dags/example_params_trigger_ui.py for tasks to queue
[2023-12-21T13:13:41.193-0300] {logging_mixin.py:188} INFO - [2023-12-21T13:13:41.192-0300] {dagbag.py:538} INFO - Filling up the DagBag from /home/myc-ti-2/airflow_workspace/airflow_env/lib/python3.10/site-packages/airflow/example_dags/example_params_trigger_ui.py
[2023-12-21T13:13:41.226-0300] {processor.py:840} INFO - DAG(s) 'example_params_trigger_ui' retrieved from /home/myc-ti-2/airflow_workspace/airflow_env/lib/python3.10/site-packages/airflow/example_dags/example_params_trigger_ui.py
[2023-12-21T13:13:41.303-0300] {logging_mixin.py:188} INFO - [2023-12-21T13:13:41.303-0300] {dag.py:3033} INFO - Sync 1 DAGs
[2023-12-21T13:13:41.321-0300] {logging_mixin.py:188} INFO - [2023-12-21T13:13:41.321-0300] {dag.py:3820} INFO - Setting next_dagrun for example_params_trigger_ui to None, run_after=None
[2023-12-21T13:13:41.433-0300] {processor.py:183} INFO - Processing /home/myc-ti-2/airflow_workspace/airflow_env/lib/python3.10/site-packages/airflow/example_dags/example_params_trigger_ui.py took 0.252 seconds
[2023-12-21T13:14:45.188-0300] {processor.py:161} INFO - Started process (PID=10371) to work on /home/myc-ti-2/airflow_workspace/airflow_env/lib/python3.10/site-packages/airflow/example_dags/example_params_trigger_ui.py
[2023-12-21T13:14:45.190-0300] {processor.py:830} INFO - Processing file /home/myc-ti-2/airflow_workspace/airflow_env/lib/python3.10/site-packages/airflow/example_dags/example_params_trigger_ui.py for tasks to queue
[2023-12-21T13:14:45.192-0300] {logging_mixin.py:188} INFO - [2023-12-21T13:14:45.191-0300] {dagbag.py:538} INFO - Filling up the DagBag from /home/myc-ti-2/airflow_workspace/airflow_env/lib/python3.10/site-packages/airflow/example_dags/example_params_trigger_ui.py
[2023-12-21T13:14:45.215-0300] {processor.py:840} INFO - DAG(s) 'example_params_trigger_ui' retrieved from /home/myc-ti-2/airflow_workspace/airflow_env/lib/python3.10/site-packages/airflow/example_dags/example_params_trigger_ui.py
[2023-12-21T13:14:45.305-0300] {logging_mixin.py:188} INFO - [2023-12-21T13:14:45.305-0300] {dag.py:3033} INFO - Sync 1 DAGs
[2023-12-21T13:14:45.326-0300] {logging_mixin.py:188} INFO - [2023-12-21T13:14:45.325-0300] {dag.py:3820} INFO - Setting next_dagrun for example_params_trigger_ui to None, run_after=None
[2023-12-21T13:14:45.428-0300] {processor.py:183} INFO - Processing /home/myc-ti-2/airflow_workspace/airflow_env/lib/python3.10/site-packages/airflow/example_dags/example_params_trigger_ui.py took 0.245 seconds
