[2023-12-21T12:57:28.319-0300] {processor.py:161} INFO - Started process (PID=6964) to work on /home/myc-ti-2/airflow_workspace/airflow_env/lib/python3.10/site-packages/airflow/example_dags/tutorial_dag.py
[2023-12-21T12:57:28.321-0300] {processor.py:830} INFO - Processing file /home/myc-ti-2/airflow_workspace/airflow_env/lib/python3.10/site-packages/airflow/example_dags/tutorial_dag.py for tasks to queue
[2023-12-21T12:57:28.323-0300] {logging_mixin.py:188} INFO - [2023-12-21T12:57:28.322-0300] {dagbag.py:538} INFO - Filling up the DagBag from /home/myc-ti-2/airflow_workspace/airflow_env/lib/python3.10/site-packages/airflow/example_dags/tutorial_dag.py
[2023-12-21T12:57:28.340-0300] {processor.py:840} INFO - DAG(s) 'tutorial_dag' retrieved from /home/myc-ti-2/airflow_workspace/airflow_env/lib/python3.10/site-packages/airflow/example_dags/tutorial_dag.py
[2023-12-21T12:57:28.682-0300] {logging_mixin.py:188} INFO - [2023-12-21T12:57:28.681-0300] {override.py:1769} INFO - Created Permission View: can edit on DAG:tutorial_dag
[2023-12-21T12:57:28.782-0300] {logging_mixin.py:188} INFO - [2023-12-21T12:57:28.781-0300] {override.py:1769} INFO - Created Permission View: can delete on DAG:tutorial_dag
[2023-12-21T12:57:28.874-0300] {logging_mixin.py:188} INFO - [2023-12-21T12:57:28.873-0300] {override.py:1769} INFO - Created Permission View: can read on DAG:tutorial_dag
[2023-12-21T12:57:28.875-0300] {logging_mixin.py:188} INFO - [2023-12-21T12:57:28.874-0300] {dag.py:3033} INFO - Sync 1 DAGs
[2023-12-21T12:57:28.902-0300] {logging_mixin.py:188} INFO - [2023-12-21T12:57:28.901-0300] {dag.py:3055} INFO - Creating ORM DAG for tutorial_dag
[2023-12-21T12:57:28.903-0300] {logging_mixin.py:188} INFO - [2023-12-21T12:57:28.903-0300] {dag.py:3820} INFO - Setting next_dagrun for tutorial_dag to None, run_after=None
[2023-12-21T12:57:29.078-0300] {processor.py:183} INFO - Processing /home/myc-ti-2/airflow_workspace/airflow_env/lib/python3.10/site-packages/airflow/example_dags/tutorial_dag.py took 0.765 seconds
[2023-12-21T12:59:14.138-0300] {processor.py:161} INFO - Started process (PID=7127) to work on /home/myc-ti-2/airflow_workspace/airflow_env/lib/python3.10/site-packages/airflow/example_dags/tutorial_dag.py
[2023-12-21T12:59:14.140-0300] {processor.py:830} INFO - Processing file /home/myc-ti-2/airflow_workspace/airflow_env/lib/python3.10/site-packages/airflow/example_dags/tutorial_dag.py for tasks to queue
[2023-12-21T12:59:14.142-0300] {logging_mixin.py:188} INFO - [2023-12-21T12:59:14.141-0300] {dagbag.py:538} INFO - Filling up the DagBag from /home/myc-ti-2/airflow_workspace/airflow_env/lib/python3.10/site-packages/airflow/example_dags/tutorial_dag.py
[2023-12-21T12:59:14.154-0300] {processor.py:840} INFO - DAG(s) 'tutorial_dag' retrieved from /home/myc-ti-2/airflow_workspace/airflow_env/lib/python3.10/site-packages/airflow/example_dags/tutorial_dag.py
[2023-12-21T12:59:14.187-0300] {logging_mixin.py:188} INFO - [2023-12-21T12:59:14.187-0300] {dag.py:3033} INFO - Sync 1 DAGs
[2023-12-21T12:59:14.205-0300] {logging_mixin.py:188} INFO - [2023-12-21T12:59:14.204-0300] {dag.py:3820} INFO - Setting next_dagrun for tutorial_dag to None, run_after=None
[2023-12-21T12:59:14.331-0300] {processor.py:183} INFO - Processing /home/myc-ti-2/airflow_workspace/airflow_env/lib/python3.10/site-packages/airflow/example_dags/tutorial_dag.py took 0.200 seconds
[2023-12-21T13:00:11.468-0300] {processor.py:161} INFO - Started process (PID=7183) to work on /home/myc-ti-2/airflow_workspace/airflow_env/lib/python3.10/site-packages/airflow/example_dags/tutorial_dag.py
[2023-12-21T13:00:11.470-0300] {processor.py:830} INFO - Processing file /home/myc-ti-2/airflow_workspace/airflow_env/lib/python3.10/site-packages/airflow/example_dags/tutorial_dag.py for tasks to queue
[2023-12-21T13:00:11.472-0300] {logging_mixin.py:188} INFO - [2023-12-21T13:00:11.471-0300] {dagbag.py:538} INFO - Filling up the DagBag from /home/myc-ti-2/airflow_workspace/airflow_env/lib/python3.10/site-packages/airflow/example_dags/tutorial_dag.py
[2023-12-21T13:00:11.485-0300] {processor.py:840} INFO - DAG(s) 'tutorial_dag' retrieved from /home/myc-ti-2/airflow_workspace/airflow_env/lib/python3.10/site-packages/airflow/example_dags/tutorial_dag.py
[2023-12-21T13:00:11.516-0300] {logging_mixin.py:188} INFO - [2023-12-21T13:00:11.516-0300] {dag.py:3033} INFO - Sync 1 DAGs
[2023-12-21T13:00:11.533-0300] {logging_mixin.py:188} INFO - [2023-12-21T13:00:11.533-0300] {dag.py:3820} INFO - Setting next_dagrun for tutorial_dag to None, run_after=None
[2023-12-21T13:00:11.650-0300] {processor.py:183} INFO - Processing /home/myc-ti-2/airflow_workspace/airflow_env/lib/python3.10/site-packages/airflow/example_dags/tutorial_dag.py took 0.189 seconds
[2023-12-21T13:00:59.001-0300] {processor.py:161} INFO - Started process (PID=7250) to work on /home/myc-ti-2/airflow_workspace/airflow_env/lib/python3.10/site-packages/airflow/example_dags/tutorial_dag.py
[2023-12-21T13:00:59.010-0300] {processor.py:830} INFO - Processing file /home/myc-ti-2/airflow_workspace/airflow_env/lib/python3.10/site-packages/airflow/example_dags/tutorial_dag.py for tasks to queue
[2023-12-21T13:00:59.012-0300] {logging_mixin.py:188} INFO - [2023-12-21T13:00:59.012-0300] {dagbag.py:538} INFO - Filling up the DagBag from /home/myc-ti-2/airflow_workspace/airflow_env/lib/python3.10/site-packages/airflow/example_dags/tutorial_dag.py
[2023-12-21T13:00:59.027-0300] {processor.py:840} INFO - DAG(s) 'tutorial_dag' retrieved from /home/myc-ti-2/airflow_workspace/airflow_env/lib/python3.10/site-packages/airflow/example_dags/tutorial_dag.py
[2023-12-21T13:00:59.060-0300] {logging_mixin.py:188} INFO - [2023-12-21T13:00:59.060-0300] {dag.py:3033} INFO - Sync 1 DAGs
[2023-12-21T13:00:59.079-0300] {logging_mixin.py:188} INFO - [2023-12-21T13:00:59.078-0300] {dag.py:3820} INFO - Setting next_dagrun for tutorial_dag to None, run_after=None
[2023-12-21T13:00:59.358-0300] {processor.py:183} INFO - Processing /home/myc-ti-2/airflow_workspace/airflow_env/lib/python3.10/site-packages/airflow/example_dags/tutorial_dag.py took 0.363 seconds
[2023-12-21T13:02:01.870-0300] {processor.py:161} INFO - Started process (PID=7325) to work on /home/myc-ti-2/airflow_workspace/airflow_env/lib/python3.10/site-packages/airflow/example_dags/tutorial_dag.py
[2023-12-21T13:02:01.875-0300] {processor.py:830} INFO - Processing file /home/myc-ti-2/airflow_workspace/airflow_env/lib/python3.10/site-packages/airflow/example_dags/tutorial_dag.py for tasks to queue
[2023-12-21T13:02:01.877-0300] {logging_mixin.py:188} INFO - [2023-12-21T13:02:01.876-0300] {dagbag.py:538} INFO - Filling up the DagBag from /home/myc-ti-2/airflow_workspace/airflow_env/lib/python3.10/site-packages/airflow/example_dags/tutorial_dag.py
[2023-12-21T13:02:01.892-0300] {processor.py:840} INFO - DAG(s) 'tutorial_dag' retrieved from /home/myc-ti-2/airflow_workspace/airflow_env/lib/python3.10/site-packages/airflow/example_dags/tutorial_dag.py
[2023-12-21T13:02:01.923-0300] {logging_mixin.py:188} INFO - [2023-12-21T13:02:01.922-0300] {dag.py:3033} INFO - Sync 1 DAGs
[2023-12-21T13:02:01.937-0300] {logging_mixin.py:188} INFO - [2023-12-21T13:02:01.937-0300] {dag.py:3820} INFO - Setting next_dagrun for tutorial_dag to None, run_after=None
[2023-12-21T13:02:02.033-0300] {processor.py:183} INFO - Processing /home/myc-ti-2/airflow_workspace/airflow_env/lib/python3.10/site-packages/airflow/example_dags/tutorial_dag.py took 0.170 seconds
[2023-12-21T13:03:08.962-0300] {processor.py:161} INFO - Started process (PID=7400) to work on /home/myc-ti-2/airflow_workspace/airflow_env/lib/python3.10/site-packages/airflow/example_dags/tutorial_dag.py
[2023-12-21T13:03:08.964-0300] {processor.py:830} INFO - Processing file /home/myc-ti-2/airflow_workspace/airflow_env/lib/python3.10/site-packages/airflow/example_dags/tutorial_dag.py for tasks to queue
[2023-12-21T13:03:08.965-0300] {logging_mixin.py:188} INFO - [2023-12-21T13:03:08.965-0300] {dagbag.py:538} INFO - Filling up the DagBag from /home/myc-ti-2/airflow_workspace/airflow_env/lib/python3.10/site-packages/airflow/example_dags/tutorial_dag.py
[2023-12-21T13:03:08.974-0300] {processor.py:840} INFO - DAG(s) 'tutorial_dag' retrieved from /home/myc-ti-2/airflow_workspace/airflow_env/lib/python3.10/site-packages/airflow/example_dags/tutorial_dag.py
[2023-12-21T13:03:09.001-0300] {logging_mixin.py:188} INFO - [2023-12-21T13:03:09.000-0300] {dag.py:3033} INFO - Sync 1 DAGs
[2023-12-21T13:03:09.021-0300] {logging_mixin.py:188} INFO - [2023-12-21T13:03:09.021-0300] {dag.py:3820} INFO - Setting next_dagrun for tutorial_dag to None, run_after=None
[2023-12-21T13:03:09.138-0300] {processor.py:183} INFO - Processing /home/myc-ti-2/airflow_workspace/airflow_env/lib/python3.10/site-packages/airflow/example_dags/tutorial_dag.py took 0.182 seconds
[2023-12-21T13:04:05.269-0300] {processor.py:161} INFO - Started process (PID=7456) to work on /home/myc-ti-2/airflow_workspace/airflow_env/lib/python3.10/site-packages/airflow/example_dags/tutorial_dag.py
[2023-12-21T13:04:05.270-0300] {processor.py:830} INFO - Processing file /home/myc-ti-2/airflow_workspace/airflow_env/lib/python3.10/site-packages/airflow/example_dags/tutorial_dag.py for tasks to queue
[2023-12-21T13:04:05.272-0300] {logging_mixin.py:188} INFO - [2023-12-21T13:04:05.271-0300] {dagbag.py:538} INFO - Filling up the DagBag from /home/myc-ti-2/airflow_workspace/airflow_env/lib/python3.10/site-packages/airflow/example_dags/tutorial_dag.py
[2023-12-21T13:04:05.280-0300] {processor.py:840} INFO - DAG(s) 'tutorial_dag' retrieved from /home/myc-ti-2/airflow_workspace/airflow_env/lib/python3.10/site-packages/airflow/example_dags/tutorial_dag.py
[2023-12-21T13:04:05.305-0300] {logging_mixin.py:188} INFO - [2023-12-21T13:04:05.304-0300] {dag.py:3033} INFO - Sync 1 DAGs
[2023-12-21T13:04:05.322-0300] {logging_mixin.py:188} INFO - [2023-12-21T13:04:05.322-0300] {dag.py:3820} INFO - Setting next_dagrun for tutorial_dag to None, run_after=None
[2023-12-21T13:04:05.424-0300] {processor.py:183} INFO - Processing /home/myc-ti-2/airflow_workspace/airflow_env/lib/python3.10/site-packages/airflow/example_dags/tutorial_dag.py took 0.160 seconds
[2023-12-21T13:05:03.322-0300] {processor.py:161} INFO - Started process (PID=7512) to work on /home/myc-ti-2/airflow_workspace/airflow_env/lib/python3.10/site-packages/airflow/example_dags/tutorial_dag.py
[2023-12-21T13:05:03.342-0300] {processor.py:830} INFO - Processing file /home/myc-ti-2/airflow_workspace/airflow_env/lib/python3.10/site-packages/airflow/example_dags/tutorial_dag.py for tasks to queue
[2023-12-21T13:05:03.343-0300] {logging_mixin.py:188} INFO - [2023-12-21T13:05:03.343-0300] {dagbag.py:538} INFO - Filling up the DagBag from /home/myc-ti-2/airflow_workspace/airflow_env/lib/python3.10/site-packages/airflow/example_dags/tutorial_dag.py
[2023-12-21T13:05:03.352-0300] {processor.py:840} INFO - DAG(s) 'tutorial_dag' retrieved from /home/myc-ti-2/airflow_workspace/airflow_env/lib/python3.10/site-packages/airflow/example_dags/tutorial_dag.py
[2023-12-21T13:05:03.380-0300] {logging_mixin.py:188} INFO - [2023-12-21T13:05:03.380-0300] {dag.py:3033} INFO - Sync 1 DAGs
[2023-12-21T13:05:03.399-0300] {logging_mixin.py:188} INFO - [2023-12-21T13:05:03.399-0300] {dag.py:3820} INFO - Setting next_dagrun for tutorial_dag to None, run_after=None
[2023-12-21T13:05:03.517-0300] {processor.py:183} INFO - Processing /home/myc-ti-2/airflow_workspace/airflow_env/lib/python3.10/site-packages/airflow/example_dags/tutorial_dag.py took 0.201 seconds
[2023-12-21T13:06:26.078-0300] {processor.py:161} INFO - Started process (PID=7660) to work on /home/myc-ti-2/airflow_workspace/airflow_env/lib/python3.10/site-packages/airflow/example_dags/tutorial_dag.py
[2023-12-21T13:06:26.096-0300] {processor.py:830} INFO - Processing file /home/myc-ti-2/airflow_workspace/airflow_env/lib/python3.10/site-packages/airflow/example_dags/tutorial_dag.py for tasks to queue
[2023-12-21T13:06:26.097-0300] {logging_mixin.py:188} INFO - [2023-12-21T13:06:26.097-0300] {dagbag.py:538} INFO - Filling up the DagBag from /home/myc-ti-2/airflow_workspace/airflow_env/lib/python3.10/site-packages/airflow/example_dags/tutorial_dag.py
[2023-12-21T13:06:26.105-0300] {processor.py:840} INFO - DAG(s) 'tutorial_dag' retrieved from /home/myc-ti-2/airflow_workspace/airflow_env/lib/python3.10/site-packages/airflow/example_dags/tutorial_dag.py
[2023-12-21T13:06:26.125-0300] {logging_mixin.py:188} INFO - [2023-12-21T13:06:26.124-0300] {dag.py:3033} INFO - Sync 1 DAGs
[2023-12-21T13:06:26.139-0300] {logging_mixin.py:188} INFO - [2023-12-21T13:06:26.138-0300] {dag.py:3820} INFO - Setting next_dagrun for tutorial_dag to None, run_after=None
[2023-12-21T13:06:26.253-0300] {processor.py:183} INFO - Processing /home/myc-ti-2/airflow_workspace/airflow_env/lib/python3.10/site-packages/airflow/example_dags/tutorial_dag.py took 0.178 seconds
[2023-12-21T13:07:40.010-0300] {processor.py:161} INFO - Started process (PID=7748) to work on /home/myc-ti-2/airflow_workspace/airflow_env/lib/python3.10/site-packages/airflow/example_dags/tutorial_dag.py
[2023-12-21T13:07:40.020-0300] {processor.py:830} INFO - Processing file /home/myc-ti-2/airflow_workspace/airflow_env/lib/python3.10/site-packages/airflow/example_dags/tutorial_dag.py for tasks to queue
[2023-12-21T13:07:40.022-0300] {logging_mixin.py:188} INFO - [2023-12-21T13:07:40.022-0300] {dagbag.py:538} INFO - Filling up the DagBag from /home/myc-ti-2/airflow_workspace/airflow_env/lib/python3.10/site-packages/airflow/example_dags/tutorial_dag.py
[2023-12-21T13:07:40.036-0300] {processor.py:840} INFO - DAG(s) 'tutorial_dag' retrieved from /home/myc-ti-2/airflow_workspace/airflow_env/lib/python3.10/site-packages/airflow/example_dags/tutorial_dag.py
[2023-12-21T13:07:40.071-0300] {logging_mixin.py:188} INFO - [2023-12-21T13:07:40.071-0300] {dag.py:3033} INFO - Sync 1 DAGs
[2023-12-21T13:07:40.089-0300] {logging_mixin.py:188} INFO - [2023-12-21T13:07:40.088-0300] {dag.py:3820} INFO - Setting next_dagrun for tutorial_dag to None, run_after=None
[2023-12-21T13:07:40.186-0300] {processor.py:183} INFO - Processing /home/myc-ti-2/airflow_workspace/airflow_env/lib/python3.10/site-packages/airflow/example_dags/tutorial_dag.py took 0.182 seconds
[2023-12-21T13:08:44.032-0300] {processor.py:161} INFO - Started process (PID=9128) to work on /home/myc-ti-2/airflow_workspace/airflow_env/lib/python3.10/site-packages/airflow/example_dags/tutorial_dag.py
[2023-12-21T13:08:44.059-0300] {processor.py:830} INFO - Processing file /home/myc-ti-2/airflow_workspace/airflow_env/lib/python3.10/site-packages/airflow/example_dags/tutorial_dag.py for tasks to queue
[2023-12-21T13:08:44.061-0300] {logging_mixin.py:188} INFO - [2023-12-21T13:08:44.061-0300] {dagbag.py:538} INFO - Filling up the DagBag from /home/myc-ti-2/airflow_workspace/airflow_env/lib/python3.10/site-packages/airflow/example_dags/tutorial_dag.py
[2023-12-21T13:08:44.075-0300] {processor.py:840} INFO - DAG(s) 'tutorial_dag' retrieved from /home/myc-ti-2/airflow_workspace/airflow_env/lib/python3.10/site-packages/airflow/example_dags/tutorial_dag.py
[2023-12-21T13:08:44.114-0300] {logging_mixin.py:188} INFO - [2023-12-21T13:08:44.114-0300] {dag.py:3033} INFO - Sync 1 DAGs
[2023-12-21T13:08:44.134-0300] {logging_mixin.py:188} INFO - [2023-12-21T13:08:44.134-0300] {dag.py:3820} INFO - Setting next_dagrun for tutorial_dag to None, run_after=None
[2023-12-21T13:08:44.405-0300] {processor.py:183} INFO - Processing /home/myc-ti-2/airflow_workspace/airflow_env/lib/python3.10/site-packages/airflow/example_dags/tutorial_dag.py took 0.380 seconds
[2023-12-21T13:09:51.223-0300] {processor.py:161} INFO - Started process (PID=9275) to work on /home/myc-ti-2/airflow_workspace/airflow_env/lib/python3.10/site-packages/airflow/example_dags/tutorial_dag.py
[2023-12-21T13:09:51.240-0300] {processor.py:830} INFO - Processing file /home/myc-ti-2/airflow_workspace/airflow_env/lib/python3.10/site-packages/airflow/example_dags/tutorial_dag.py for tasks to queue
[2023-12-21T13:09:51.242-0300] {logging_mixin.py:188} INFO - [2023-12-21T13:09:51.241-0300] {dagbag.py:538} INFO - Filling up the DagBag from /home/myc-ti-2/airflow_workspace/airflow_env/lib/python3.10/site-packages/airflow/example_dags/tutorial_dag.py
[2023-12-21T13:09:51.252-0300] {processor.py:840} INFO - DAG(s) 'tutorial_dag' retrieved from /home/myc-ti-2/airflow_workspace/airflow_env/lib/python3.10/site-packages/airflow/example_dags/tutorial_dag.py
[2023-12-21T13:09:51.279-0300] {logging_mixin.py:188} INFO - [2023-12-21T13:09:51.278-0300] {dag.py:3033} INFO - Sync 1 DAGs
[2023-12-21T13:09:51.297-0300] {logging_mixin.py:188} INFO - [2023-12-21T13:09:51.297-0300] {dag.py:3820} INFO - Setting next_dagrun for tutorial_dag to None, run_after=None
[2023-12-21T13:09:51.513-0300] {processor.py:183} INFO - Processing /home/myc-ti-2/airflow_workspace/airflow_env/lib/python3.10/site-packages/airflow/example_dags/tutorial_dag.py took 0.298 seconds
[2023-12-21T13:10:59.644-0300] {processor.py:161} INFO - Started process (PID=9662) to work on /home/myc-ti-2/airflow_workspace/airflow_env/lib/python3.10/site-packages/airflow/example_dags/tutorial_dag.py
[2023-12-21T13:10:59.667-0300] {processor.py:830} INFO - Processing file /home/myc-ti-2/airflow_workspace/airflow_env/lib/python3.10/site-packages/airflow/example_dags/tutorial_dag.py for tasks to queue
[2023-12-21T13:10:59.669-0300] {logging_mixin.py:188} INFO - [2023-12-21T13:10:59.668-0300] {dagbag.py:538} INFO - Filling up the DagBag from /home/myc-ti-2/airflow_workspace/airflow_env/lib/python3.10/site-packages/airflow/example_dags/tutorial_dag.py
[2023-12-21T13:10:59.679-0300] {processor.py:840} INFO - DAG(s) 'tutorial_dag' retrieved from /home/myc-ti-2/airflow_workspace/airflow_env/lib/python3.10/site-packages/airflow/example_dags/tutorial_dag.py
[2023-12-21T13:10:59.714-0300] {logging_mixin.py:188} INFO - [2023-12-21T13:10:59.714-0300] {dag.py:3033} INFO - Sync 1 DAGs
[2023-12-21T13:10:59.734-0300] {logging_mixin.py:188} INFO - [2023-12-21T13:10:59.734-0300] {dag.py:3820} INFO - Setting next_dagrun for tutorial_dag to None, run_after=None
[2023-12-21T13:10:59.886-0300] {processor.py:183} INFO - Processing /home/myc-ti-2/airflow_workspace/airflow_env/lib/python3.10/site-packages/airflow/example_dags/tutorial_dag.py took 0.249 seconds
[2023-12-21T13:12:04.024-0300] {processor.py:161} INFO - Started process (PID=10055) to work on /home/myc-ti-2/airflow_workspace/airflow_env/lib/python3.10/site-packages/airflow/example_dags/tutorial_dag.py
[2023-12-21T13:12:04.031-0300] {processor.py:830} INFO - Processing file /home/myc-ti-2/airflow_workspace/airflow_env/lib/python3.10/site-packages/airflow/example_dags/tutorial_dag.py for tasks to queue
[2023-12-21T13:12:04.033-0300] {logging_mixin.py:188} INFO - [2023-12-21T13:12:04.032-0300] {dagbag.py:538} INFO - Filling up the DagBag from /home/myc-ti-2/airflow_workspace/airflow_env/lib/python3.10/site-packages/airflow/example_dags/tutorial_dag.py
[2023-12-21T13:12:04.047-0300] {processor.py:840} INFO - DAG(s) 'tutorial_dag' retrieved from /home/myc-ti-2/airflow_workspace/airflow_env/lib/python3.10/site-packages/airflow/example_dags/tutorial_dag.py
[2023-12-21T13:12:04.080-0300] {logging_mixin.py:188} INFO - [2023-12-21T13:12:04.080-0300] {dag.py:3033} INFO - Sync 1 DAGs
[2023-12-21T13:12:04.097-0300] {logging_mixin.py:188} INFO - [2023-12-21T13:12:04.097-0300] {dag.py:3820} INFO - Setting next_dagrun for tutorial_dag to None, run_after=None
[2023-12-21T13:12:04.214-0300] {processor.py:183} INFO - Processing /home/myc-ti-2/airflow_workspace/airflow_env/lib/python3.10/site-packages/airflow/example_dags/tutorial_dag.py took 0.197 seconds
[2023-12-21T13:13:06.223-0300] {processor.py:161} INFO - Started process (PID=10206) to work on /home/myc-ti-2/airflow_workspace/airflow_env/lib/python3.10/site-packages/airflow/example_dags/tutorial_dag.py
[2023-12-21T13:13:06.228-0300] {processor.py:830} INFO - Processing file /home/myc-ti-2/airflow_workspace/airflow_env/lib/python3.10/site-packages/airflow/example_dags/tutorial_dag.py for tasks to queue
[2023-12-21T13:13:06.230-0300] {logging_mixin.py:188} INFO - [2023-12-21T13:13:06.229-0300] {dagbag.py:538} INFO - Filling up the DagBag from /home/myc-ti-2/airflow_workspace/airflow_env/lib/python3.10/site-packages/airflow/example_dags/tutorial_dag.py
[2023-12-21T13:13:06.240-0300] {processor.py:840} INFO - DAG(s) 'tutorial_dag' retrieved from /home/myc-ti-2/airflow_workspace/airflow_env/lib/python3.10/site-packages/airflow/example_dags/tutorial_dag.py
[2023-12-21T13:13:06.266-0300] {logging_mixin.py:188} INFO - [2023-12-21T13:13:06.265-0300] {dag.py:3033} INFO - Sync 1 DAGs
[2023-12-21T13:13:06.286-0300] {logging_mixin.py:188} INFO - [2023-12-21T13:13:06.285-0300] {dag.py:3820} INFO - Setting next_dagrun for tutorial_dag to None, run_after=None
[2023-12-21T13:13:06.407-0300] {processor.py:183} INFO - Processing /home/myc-ti-2/airflow_workspace/airflow_env/lib/python3.10/site-packages/airflow/example_dags/tutorial_dag.py took 0.192 seconds
[2023-12-21T13:14:08.033-0300] {processor.py:161} INFO - Started process (PID=10321) to work on /home/myc-ti-2/airflow_workspace/airflow_env/lib/python3.10/site-packages/airflow/example_dags/tutorial_dag.py
[2023-12-21T13:14:08.035-0300] {processor.py:830} INFO - Processing file /home/myc-ti-2/airflow_workspace/airflow_env/lib/python3.10/site-packages/airflow/example_dags/tutorial_dag.py for tasks to queue
[2023-12-21T13:14:08.037-0300] {logging_mixin.py:188} INFO - [2023-12-21T13:14:08.036-0300] {dagbag.py:538} INFO - Filling up the DagBag from /home/myc-ti-2/airflow_workspace/airflow_env/lib/python3.10/site-packages/airflow/example_dags/tutorial_dag.py
[2023-12-21T13:14:08.051-0300] {processor.py:840} INFO - DAG(s) 'tutorial_dag' retrieved from /home/myc-ti-2/airflow_workspace/airflow_env/lib/python3.10/site-packages/airflow/example_dags/tutorial_dag.py
[2023-12-21T13:14:08.080-0300] {logging_mixin.py:188} INFO - [2023-12-21T13:14:08.079-0300] {dag.py:3033} INFO - Sync 1 DAGs
[2023-12-21T13:14:08.097-0300] {logging_mixin.py:188} INFO - [2023-12-21T13:14:08.097-0300] {dag.py:3820} INFO - Setting next_dagrun for tutorial_dag to None, run_after=None
[2023-12-21T13:14:08.217-0300] {processor.py:183} INFO - Processing /home/myc-ti-2/airflow_workspace/airflow_env/lib/python3.10/site-packages/airflow/example_dags/tutorial_dag.py took 0.192 seconds
[2023-12-21T13:15:13.689-0300] {processor.py:161} INFO - Started process (PID=10496) to work on /home/myc-ti-2/airflow_workspace/airflow_env/lib/python3.10/site-packages/airflow/example_dags/tutorial_dag.py
[2023-12-21T13:15:13.691-0300] {processor.py:830} INFO - Processing file /home/myc-ti-2/airflow_workspace/airflow_env/lib/python3.10/site-packages/airflow/example_dags/tutorial_dag.py for tasks to queue
[2023-12-21T13:15:13.693-0300] {logging_mixin.py:188} INFO - [2023-12-21T13:15:13.692-0300] {dagbag.py:538} INFO - Filling up the DagBag from /home/myc-ti-2/airflow_workspace/airflow_env/lib/python3.10/site-packages/airflow/example_dags/tutorial_dag.py
[2023-12-21T13:15:13.707-0300] {processor.py:840} INFO - DAG(s) 'tutorial_dag' retrieved from /home/myc-ti-2/airflow_workspace/airflow_env/lib/python3.10/site-packages/airflow/example_dags/tutorial_dag.py
[2023-12-21T13:15:13.737-0300] {logging_mixin.py:188} INFO - [2023-12-21T13:15:13.737-0300] {dag.py:3033} INFO - Sync 1 DAGs
[2023-12-21T13:15:13.756-0300] {logging_mixin.py:188} INFO - [2023-12-21T13:15:13.756-0300] {dag.py:3820} INFO - Setting next_dagrun for tutorial_dag to None, run_after=None
[2023-12-21T13:15:13.881-0300] {processor.py:183} INFO - Processing /home/myc-ti-2/airflow_workspace/airflow_env/lib/python3.10/site-packages/airflow/example_dags/tutorial_dag.py took 0.199 seconds
