[2023-12-21T12:57:18.275-0300] {processor.py:161} INFO - Started process (PID=6926) to work on /home/myc-ti-2/airflow_workspace/airflow_env/lib/python3.10/site-packages/airflow/example_dags/tutorial_taskflow_api_virtualenv.py
[2023-12-21T12:57:18.277-0300] {processor.py:830} INFO - Processing file /home/myc-ti-2/airflow_workspace/airflow_env/lib/python3.10/site-packages/airflow/example_dags/tutorial_taskflow_api_virtualenv.py for tasks to queue
[2023-12-21T12:57:18.279-0300] {logging_mixin.py:188} INFO - [2023-12-21T12:57:18.278-0300] {dagbag.py:538} INFO - Filling up the DagBag from /home/myc-ti-2/airflow_workspace/airflow_env/lib/python3.10/site-packages/airflow/example_dags/tutorial_taskflow_api_virtualenv.py
[2023-12-21T12:57:18.448-0300] {processor.py:840} INFO - DAG(s) 'tutorial_taskflow_api_virtualenv' retrieved from /home/myc-ti-2/airflow_workspace/airflow_env/lib/python3.10/site-packages/airflow/example_dags/tutorial_taskflow_api_virtualenv.py
[2023-12-21T12:57:18.799-0300] {logging_mixin.py:188} INFO - [2023-12-21T12:57:18.798-0300] {override.py:1769} INFO - Created Permission View: can edit on DAG:tutorial_taskflow_api_virtualenv
[2023-12-21T12:57:18.890-0300] {logging_mixin.py:188} INFO - [2023-12-21T12:57:18.890-0300] {override.py:1769} INFO - Created Permission View: can delete on DAG:tutorial_taskflow_api_virtualenv
[2023-12-21T12:57:18.973-0300] {logging_mixin.py:188} INFO - [2023-12-21T12:57:18.973-0300] {override.py:1769} INFO - Created Permission View: can read on DAG:tutorial_taskflow_api_virtualenv
[2023-12-21T12:57:18.974-0300] {logging_mixin.py:188} INFO - [2023-12-21T12:57:18.974-0300] {dag.py:3033} INFO - Sync 1 DAGs
[2023-12-21T12:57:18.986-0300] {logging_mixin.py:188} INFO - [2023-12-21T12:57:18.985-0300] {dag.py:3055} INFO - Creating ORM DAG for tutorial_taskflow_api_virtualenv
[2023-12-21T12:57:18.986-0300] {logging_mixin.py:188} INFO - [2023-12-21T12:57:18.986-0300] {dag.py:3820} INFO - Setting next_dagrun for tutorial_taskflow_api_virtualenv to None, run_after=None
[2023-12-21T12:57:19.145-0300] {processor.py:183} INFO - Processing /home/myc-ti-2/airflow_workspace/airflow_env/lib/python3.10/site-packages/airflow/example_dags/tutorial_taskflow_api_virtualenv.py took 0.876 seconds
[2023-12-21T12:59:08.055-0300] {processor.py:161} INFO - Started process (PID=7119) to work on /home/myc-ti-2/airflow_workspace/airflow_env/lib/python3.10/site-packages/airflow/example_dags/tutorial_taskflow_api_virtualenv.py
[2023-12-21T12:59:08.059-0300] {processor.py:830} INFO - Processing file /home/myc-ti-2/airflow_workspace/airflow_env/lib/python3.10/site-packages/airflow/example_dags/tutorial_taskflow_api_virtualenv.py for tasks to queue
[2023-12-21T12:59:08.061-0300] {logging_mixin.py:188} INFO - [2023-12-21T12:59:08.061-0300] {dagbag.py:538} INFO - Filling up the DagBag from /home/myc-ti-2/airflow_workspace/airflow_env/lib/python3.10/site-packages/airflow/example_dags/tutorial_taskflow_api_virtualenv.py
[2023-12-21T12:59:08.078-0300] {processor.py:840} INFO - DAG(s) 'tutorial_taskflow_api_virtualenv' retrieved from /home/myc-ti-2/airflow_workspace/airflow_env/lib/python3.10/site-packages/airflow/example_dags/tutorial_taskflow_api_virtualenv.py
[2023-12-21T12:59:08.110-0300] {logging_mixin.py:188} INFO - [2023-12-21T12:59:08.110-0300] {dag.py:3033} INFO - Sync 1 DAGs
[2023-12-21T12:59:08.128-0300] {logging_mixin.py:188} INFO - [2023-12-21T12:59:08.127-0300] {dag.py:3820} INFO - Setting next_dagrun for tutorial_taskflow_api_virtualenv to None, run_after=None
[2023-12-21T12:59:08.228-0300] {processor.py:183} INFO - Processing /home/myc-ti-2/airflow_workspace/airflow_env/lib/python3.10/site-packages/airflow/example_dags/tutorial_taskflow_api_virtualenv.py took 0.180 seconds
[2023-12-21T12:59:47.814-0300] {processor.py:161} INFO - Started process (PID=7159) to work on /home/myc-ti-2/airflow_workspace/airflow_env/lib/python3.10/site-packages/airflow/example_dags/tutorial_taskflow_api_virtualenv.py
[2023-12-21T12:59:47.817-0300] {processor.py:830} INFO - Processing file /home/myc-ti-2/airflow_workspace/airflow_env/lib/python3.10/site-packages/airflow/example_dags/tutorial_taskflow_api_virtualenv.py for tasks to queue
[2023-12-21T12:59:47.819-0300] {logging_mixin.py:188} INFO - [2023-12-21T12:59:47.818-0300] {dagbag.py:538} INFO - Filling up the DagBag from /home/myc-ti-2/airflow_workspace/airflow_env/lib/python3.10/site-packages/airflow/example_dags/tutorial_taskflow_api_virtualenv.py
[2023-12-21T12:59:47.836-0300] {processor.py:840} INFO - DAG(s) 'tutorial_taskflow_api_virtualenv' retrieved from /home/myc-ti-2/airflow_workspace/airflow_env/lib/python3.10/site-packages/airflow/example_dags/tutorial_taskflow_api_virtualenv.py
[2023-12-21T12:59:47.865-0300] {logging_mixin.py:188} INFO - [2023-12-21T12:59:47.865-0300] {dag.py:3033} INFO - Sync 1 DAGs
[2023-12-21T12:59:47.883-0300] {logging_mixin.py:188} INFO - [2023-12-21T12:59:47.883-0300] {dag.py:3820} INFO - Setting next_dagrun for tutorial_taskflow_api_virtualenv to None, run_after=None
[2023-12-21T12:59:48.000-0300] {processor.py:183} INFO - Processing /home/myc-ti-2/airflow_workspace/airflow_env/lib/python3.10/site-packages/airflow/example_dags/tutorial_taskflow_api_virtualenv.py took 0.193 seconds
[2023-12-21T13:00:53.107-0300] {processor.py:161} INFO - Started process (PID=7244) to work on /home/myc-ti-2/airflow_workspace/airflow_env/lib/python3.10/site-packages/airflow/example_dags/tutorial_taskflow_api_virtualenv.py
[2023-12-21T13:00:53.109-0300] {processor.py:830} INFO - Processing file /home/myc-ti-2/airflow_workspace/airflow_env/lib/python3.10/site-packages/airflow/example_dags/tutorial_taskflow_api_virtualenv.py for tasks to queue
[2023-12-21T13:00:53.111-0300] {logging_mixin.py:188} INFO - [2023-12-21T13:00:53.110-0300] {dagbag.py:538} INFO - Filling up the DagBag from /home/myc-ti-2/airflow_workspace/airflow_env/lib/python3.10/site-packages/airflow/example_dags/tutorial_taskflow_api_virtualenv.py
[2023-12-21T13:00:53.125-0300] {processor.py:840} INFO - DAG(s) 'tutorial_taskflow_api_virtualenv' retrieved from /home/myc-ti-2/airflow_workspace/airflow_env/lib/python3.10/site-packages/airflow/example_dags/tutorial_taskflow_api_virtualenv.py
[2023-12-21T13:00:53.155-0300] {logging_mixin.py:188} INFO - [2023-12-21T13:00:53.154-0300] {dag.py:3033} INFO - Sync 1 DAGs
[2023-12-21T13:00:53.174-0300] {logging_mixin.py:188} INFO - [2023-12-21T13:00:53.174-0300] {dag.py:3820} INFO - Setting next_dagrun for tutorial_taskflow_api_virtualenv to None, run_after=None
[2023-12-21T13:00:53.294-0300] {processor.py:183} INFO - Processing /home/myc-ti-2/airflow_workspace/airflow_env/lib/python3.10/site-packages/airflow/example_dags/tutorial_taskflow_api_virtualenv.py took 0.192 seconds
[2023-12-21T13:01:55.450-0300] {processor.py:161} INFO - Started process (PID=7313) to work on /home/myc-ti-2/airflow_workspace/airflow_env/lib/python3.10/site-packages/airflow/example_dags/tutorial_taskflow_api_virtualenv.py
[2023-12-21T13:01:55.452-0300] {processor.py:830} INFO - Processing file /home/myc-ti-2/airflow_workspace/airflow_env/lib/python3.10/site-packages/airflow/example_dags/tutorial_taskflow_api_virtualenv.py for tasks to queue
[2023-12-21T13:01:55.454-0300] {logging_mixin.py:188} INFO - [2023-12-21T13:01:55.454-0300] {dagbag.py:538} INFO - Filling up the DagBag from /home/myc-ti-2/airflow_workspace/airflow_env/lib/python3.10/site-packages/airflow/example_dags/tutorial_taskflow_api_virtualenv.py
[2023-12-21T13:01:55.472-0300] {processor.py:840} INFO - DAG(s) 'tutorial_taskflow_api_virtualenv' retrieved from /home/myc-ti-2/airflow_workspace/airflow_env/lib/python3.10/site-packages/airflow/example_dags/tutorial_taskflow_api_virtualenv.py
[2023-12-21T13:01:55.501-0300] {logging_mixin.py:188} INFO - [2023-12-21T13:01:55.501-0300] {dag.py:3033} INFO - Sync 1 DAGs
[2023-12-21T13:01:55.520-0300] {logging_mixin.py:188} INFO - [2023-12-21T13:01:55.519-0300] {dag.py:3820} INFO - Setting next_dagrun for tutorial_taskflow_api_virtualenv to None, run_after=None
[2023-12-21T13:01:55.651-0300] {processor.py:183} INFO - Processing /home/myc-ti-2/airflow_workspace/airflow_env/lib/python3.10/site-packages/airflow/example_dags/tutorial_taskflow_api_virtualenv.py took 0.209 seconds
[2023-12-21T13:02:37.776-0300] {processor.py:161} INFO - Started process (PID=7365) to work on /home/myc-ti-2/airflow_workspace/airflow_env/lib/python3.10/site-packages/airflow/example_dags/tutorial_taskflow_api_virtualenv.py
[2023-12-21T13:02:37.797-0300] {processor.py:830} INFO - Processing file /home/myc-ti-2/airflow_workspace/airflow_env/lib/python3.10/site-packages/airflow/example_dags/tutorial_taskflow_api_virtualenv.py for tasks to queue
[2023-12-21T13:02:37.799-0300] {logging_mixin.py:188} INFO - [2023-12-21T13:02:37.798-0300] {dagbag.py:538} INFO - Filling up the DagBag from /home/myc-ti-2/airflow_workspace/airflow_env/lib/python3.10/site-packages/airflow/example_dags/tutorial_taskflow_api_virtualenv.py
[2023-12-21T13:02:37.817-0300] {processor.py:840} INFO - DAG(s) 'tutorial_taskflow_api_virtualenv' retrieved from /home/myc-ti-2/airflow_workspace/airflow_env/lib/python3.10/site-packages/airflow/example_dags/tutorial_taskflow_api_virtualenv.py
[2023-12-21T13:02:37.855-0300] {logging_mixin.py:188} INFO - [2023-12-21T13:02:37.855-0300] {dag.py:3033} INFO - Sync 1 DAGs
[2023-12-21T13:02:37.874-0300] {logging_mixin.py:188} INFO - [2023-12-21T13:02:37.874-0300] {dag.py:3820} INFO - Setting next_dagrun for tutorial_taskflow_api_virtualenv to None, run_after=None
[2023-12-21T13:02:37.969-0300] {processor.py:183} INFO - Processing /home/myc-ti-2/airflow_workspace/airflow_env/lib/python3.10/site-packages/airflow/example_dags/tutorial_taskflow_api_virtualenv.py took 0.200 seconds
[2023-12-21T13:03:34.313-0300] {processor.py:161} INFO - Started process (PID=7427) to work on /home/myc-ti-2/airflow_workspace/airflow_env/lib/python3.10/site-packages/airflow/example_dags/tutorial_taskflow_api_virtualenv.py
[2023-12-21T13:03:34.315-0300] {processor.py:830} INFO - Processing file /home/myc-ti-2/airflow_workspace/airflow_env/lib/python3.10/site-packages/airflow/example_dags/tutorial_taskflow_api_virtualenv.py for tasks to queue
[2023-12-21T13:03:34.316-0300] {logging_mixin.py:188} INFO - [2023-12-21T13:03:34.316-0300] {dagbag.py:538} INFO - Filling up the DagBag from /home/myc-ti-2/airflow_workspace/airflow_env/lib/python3.10/site-packages/airflow/example_dags/tutorial_taskflow_api_virtualenv.py
[2023-12-21T13:03:34.329-0300] {processor.py:840} INFO - DAG(s) 'tutorial_taskflow_api_virtualenv' retrieved from /home/myc-ti-2/airflow_workspace/airflow_env/lib/python3.10/site-packages/airflow/example_dags/tutorial_taskflow_api_virtualenv.py
[2023-12-21T13:03:34.355-0300] {logging_mixin.py:188} INFO - [2023-12-21T13:03:34.354-0300] {dag.py:3033} INFO - Sync 1 DAGs
[2023-12-21T13:03:34.369-0300] {logging_mixin.py:188} INFO - [2023-12-21T13:03:34.369-0300] {dag.py:3820} INFO - Setting next_dagrun for tutorial_taskflow_api_virtualenv to None, run_after=None
[2023-12-21T13:03:34.477-0300] {processor.py:183} INFO - Processing /home/myc-ti-2/airflow_workspace/airflow_env/lib/python3.10/site-packages/airflow/example_dags/tutorial_taskflow_api_virtualenv.py took 0.169 seconds
[2023-12-21T13:04:33.382-0300] {processor.py:161} INFO - Started process (PID=7483) to work on /home/myc-ti-2/airflow_workspace/airflow_env/lib/python3.10/site-packages/airflow/example_dags/tutorial_taskflow_api_virtualenv.py
[2023-12-21T13:04:33.384-0300] {processor.py:830} INFO - Processing file /home/myc-ti-2/airflow_workspace/airflow_env/lib/python3.10/site-packages/airflow/example_dags/tutorial_taskflow_api_virtualenv.py for tasks to queue
[2023-12-21T13:04:33.386-0300] {logging_mixin.py:188} INFO - [2023-12-21T13:04:33.385-0300] {dagbag.py:538} INFO - Filling up the DagBag from /home/myc-ti-2/airflow_workspace/airflow_env/lib/python3.10/site-packages/airflow/example_dags/tutorial_taskflow_api_virtualenv.py
[2023-12-21T13:04:33.400-0300] {processor.py:840} INFO - DAG(s) 'tutorial_taskflow_api_virtualenv' retrieved from /home/myc-ti-2/airflow_workspace/airflow_env/lib/python3.10/site-packages/airflow/example_dags/tutorial_taskflow_api_virtualenv.py
[2023-12-21T13:04:33.427-0300] {logging_mixin.py:188} INFO - [2023-12-21T13:04:33.426-0300] {dag.py:3033} INFO - Sync 1 DAGs
[2023-12-21T13:04:33.441-0300] {logging_mixin.py:188} INFO - [2023-12-21T13:04:33.441-0300] {dag.py:3820} INFO - Setting next_dagrun for tutorial_taskflow_api_virtualenv to None, run_after=None
[2023-12-21T13:04:33.547-0300] {processor.py:183} INFO - Processing /home/myc-ti-2/airflow_workspace/airflow_env/lib/python3.10/site-packages/airflow/example_dags/tutorial_taskflow_api_virtualenv.py took 0.171 seconds
[2023-12-21T13:05:41.460-0300] {processor.py:161} INFO - Started process (PID=7553) to work on /home/myc-ti-2/airflow_workspace/airflow_env/lib/python3.10/site-packages/airflow/example_dags/tutorial_taskflow_api_virtualenv.py
[2023-12-21T13:05:41.483-0300] {processor.py:830} INFO - Processing file /home/myc-ti-2/airflow_workspace/airflow_env/lib/python3.10/site-packages/airflow/example_dags/tutorial_taskflow_api_virtualenv.py for tasks to queue
[2023-12-21T13:05:41.485-0300] {logging_mixin.py:188} INFO - [2023-12-21T13:05:41.484-0300] {dagbag.py:538} INFO - Filling up the DagBag from /home/myc-ti-2/airflow_workspace/airflow_env/lib/python3.10/site-packages/airflow/example_dags/tutorial_taskflow_api_virtualenv.py
[2023-12-21T13:05:41.503-0300] {processor.py:840} INFO - DAG(s) 'tutorial_taskflow_api_virtualenv' retrieved from /home/myc-ti-2/airflow_workspace/airflow_env/lib/python3.10/site-packages/airflow/example_dags/tutorial_taskflow_api_virtualenv.py
[2023-12-21T13:05:41.805-0300] {logging_mixin.py:188} INFO - [2023-12-21T13:05:41.805-0300] {dag.py:3033} INFO - Sync 1 DAGs
[2023-12-21T13:05:41.917-0300] {logging_mixin.py:188} INFO - [2023-12-21T13:05:41.917-0300] {dag.py:3820} INFO - Setting next_dagrun for tutorial_taskflow_api_virtualenv to None, run_after=None
[2023-12-21T13:05:42.341-0300] {processor.py:183} INFO - Processing /home/myc-ti-2/airflow_workspace/airflow_env/lib/python3.10/site-packages/airflow/example_dags/tutorial_taskflow_api_virtualenv.py took 0.887 seconds
[2023-12-21T13:06:56.636-0300] {processor.py:161} INFO - Started process (PID=7699) to work on /home/myc-ti-2/airflow_workspace/airflow_env/lib/python3.10/site-packages/airflow/example_dags/tutorial_taskflow_api_virtualenv.py
[2023-12-21T13:06:56.654-0300] {processor.py:830} INFO - Processing file /home/myc-ti-2/airflow_workspace/airflow_env/lib/python3.10/site-packages/airflow/example_dags/tutorial_taskflow_api_virtualenv.py for tasks to queue
[2023-12-21T13:06:56.656-0300] {logging_mixin.py:188} INFO - [2023-12-21T13:06:56.655-0300] {dagbag.py:538} INFO - Filling up the DagBag from /home/myc-ti-2/airflow_workspace/airflow_env/lib/python3.10/site-packages/airflow/example_dags/tutorial_taskflow_api_virtualenv.py
[2023-12-21T13:06:56.674-0300] {processor.py:840} INFO - DAG(s) 'tutorial_taskflow_api_virtualenv' retrieved from /home/myc-ti-2/airflow_workspace/airflow_env/lib/python3.10/site-packages/airflow/example_dags/tutorial_taskflow_api_virtualenv.py
[2023-12-21T13:06:56.709-0300] {logging_mixin.py:188} INFO - [2023-12-21T13:06:56.708-0300] {dag.py:3033} INFO - Sync 1 DAGs
[2023-12-21T13:06:56.727-0300] {logging_mixin.py:188} INFO - [2023-12-21T13:06:56.727-0300] {dag.py:3820} INFO - Setting next_dagrun for tutorial_taskflow_api_virtualenv to None, run_after=None
[2023-12-21T13:06:57.119-0300] {processor.py:183} INFO - Processing /home/myc-ti-2/airflow_workspace/airflow_env/lib/python3.10/site-packages/airflow/example_dags/tutorial_taskflow_api_virtualenv.py took 0.490 seconds
[2023-12-21T13:07:36.035-0300] {processor.py:161} INFO - Started process (PID=7744) to work on /home/myc-ti-2/airflow_workspace/airflow_env/lib/python3.10/site-packages/airflow/example_dags/tutorial_taskflow_api_virtualenv.py
[2023-12-21T13:07:36.037-0300] {processor.py:830} INFO - Processing file /home/myc-ti-2/airflow_workspace/airflow_env/lib/python3.10/site-packages/airflow/example_dags/tutorial_taskflow_api_virtualenv.py for tasks to queue
[2023-12-21T13:07:36.038-0300] {logging_mixin.py:188} INFO - [2023-12-21T13:07:36.038-0300] {dagbag.py:538} INFO - Filling up the DagBag from /home/myc-ti-2/airflow_workspace/airflow_env/lib/python3.10/site-packages/airflow/example_dags/tutorial_taskflow_api_virtualenv.py
[2023-12-21T13:07:36.048-0300] {processor.py:840} INFO - DAG(s) 'tutorial_taskflow_api_virtualenv' retrieved from /home/myc-ti-2/airflow_workspace/airflow_env/lib/python3.10/site-packages/airflow/example_dags/tutorial_taskflow_api_virtualenv.py
[2023-12-21T13:07:36.070-0300] {logging_mixin.py:188} INFO - [2023-12-21T13:07:36.069-0300] {dag.py:3033} INFO - Sync 1 DAGs
[2023-12-21T13:07:36.085-0300] {logging_mixin.py:188} INFO - [2023-12-21T13:07:36.085-0300] {dag.py:3820} INFO - Setting next_dagrun for tutorial_taskflow_api_virtualenv to None, run_after=None
[2023-12-21T13:07:36.189-0300] {processor.py:183} INFO - Processing /home/myc-ti-2/airflow_workspace/airflow_env/lib/python3.10/site-packages/airflow/example_dags/tutorial_taskflow_api_virtualenv.py took 0.158 seconds
[2023-12-21T13:08:39.956-0300] {processor.py:161} INFO - Started process (PID=9115) to work on /home/myc-ti-2/airflow_workspace/airflow_env/lib/python3.10/site-packages/airflow/example_dags/tutorial_taskflow_api_virtualenv.py
[2023-12-21T13:08:39.960-0300] {processor.py:830} INFO - Processing file /home/myc-ti-2/airflow_workspace/airflow_env/lib/python3.10/site-packages/airflow/example_dags/tutorial_taskflow_api_virtualenv.py for tasks to queue
[2023-12-21T13:08:39.963-0300] {logging_mixin.py:188} INFO - [2023-12-21T13:08:39.962-0300] {dagbag.py:538} INFO - Filling up the DagBag from /home/myc-ti-2/airflow_workspace/airflow_env/lib/python3.10/site-packages/airflow/example_dags/tutorial_taskflow_api_virtualenv.py
[2023-12-21T13:08:39.982-0300] {processor.py:840} INFO - DAG(s) 'tutorial_taskflow_api_virtualenv' retrieved from /home/myc-ti-2/airflow_workspace/airflow_env/lib/python3.10/site-packages/airflow/example_dags/tutorial_taskflow_api_virtualenv.py
[2023-12-21T13:08:40.010-0300] {logging_mixin.py:188} INFO - [2023-12-21T13:08:40.010-0300] {dag.py:3033} INFO - Sync 1 DAGs
[2023-12-21T13:08:40.025-0300] {logging_mixin.py:188} INFO - [2023-12-21T13:08:40.024-0300] {dag.py:3820} INFO - Setting next_dagrun for tutorial_taskflow_api_virtualenv to None, run_after=None
[2023-12-21T13:08:40.140-0300] {processor.py:183} INFO - Processing /home/myc-ti-2/airflow_workspace/airflow_env/lib/python3.10/site-packages/airflow/example_dags/tutorial_taskflow_api_virtualenv.py took 0.192 seconds
[2023-12-21T13:09:46.784-0300] {processor.py:161} INFO - Started process (PID=9269) to work on /home/myc-ti-2/airflow_workspace/airflow_env/lib/python3.10/site-packages/airflow/example_dags/tutorial_taskflow_api_virtualenv.py
[2023-12-21T13:09:46.816-0300] {processor.py:830} INFO - Processing file /home/myc-ti-2/airflow_workspace/airflow_env/lib/python3.10/site-packages/airflow/example_dags/tutorial_taskflow_api_virtualenv.py for tasks to queue
[2023-12-21T13:09:46.818-0300] {logging_mixin.py:188} INFO - [2023-12-21T13:09:46.817-0300] {dagbag.py:538} INFO - Filling up the DagBag from /home/myc-ti-2/airflow_workspace/airflow_env/lib/python3.10/site-packages/airflow/example_dags/tutorial_taskflow_api_virtualenv.py
[2023-12-21T13:09:46.836-0300] {processor.py:840} INFO - DAG(s) 'tutorial_taskflow_api_virtualenv' retrieved from /home/myc-ti-2/airflow_workspace/airflow_env/lib/python3.10/site-packages/airflow/example_dags/tutorial_taskflow_api_virtualenv.py
[2023-12-21T13:09:46.876-0300] {logging_mixin.py:188} INFO - [2023-12-21T13:09:46.876-0300] {dag.py:3033} INFO - Sync 1 DAGs
[2023-12-21T13:09:46.895-0300] {logging_mixin.py:188} INFO - [2023-12-21T13:09:46.895-0300] {dag.py:3820} INFO - Setting next_dagrun for tutorial_taskflow_api_virtualenv to None, run_after=None
[2023-12-21T13:09:47.109-0300] {processor.py:183} INFO - Processing /home/myc-ti-2/airflow_workspace/airflow_env/lib/python3.10/site-packages/airflow/example_dags/tutorial_taskflow_api_virtualenv.py took 0.333 seconds
[2023-12-21T13:10:55.644-0300] {processor.py:161} INFO - Started process (PID=9644) to work on /home/myc-ti-2/airflow_workspace/airflow_env/lib/python3.10/site-packages/airflow/example_dags/tutorial_taskflow_api_virtualenv.py
[2023-12-21T13:10:55.655-0300] {processor.py:830} INFO - Processing file /home/myc-ti-2/airflow_workspace/airflow_env/lib/python3.10/site-packages/airflow/example_dags/tutorial_taskflow_api_virtualenv.py for tasks to queue
[2023-12-21T13:10:55.657-0300] {logging_mixin.py:188} INFO - [2023-12-21T13:10:55.656-0300] {dagbag.py:538} INFO - Filling up the DagBag from /home/myc-ti-2/airflow_workspace/airflow_env/lib/python3.10/site-packages/airflow/example_dags/tutorial_taskflow_api_virtualenv.py
[2023-12-21T13:10:55.674-0300] {processor.py:840} INFO - DAG(s) 'tutorial_taskflow_api_virtualenv' retrieved from /home/myc-ti-2/airflow_workspace/airflow_env/lib/python3.10/site-packages/airflow/example_dags/tutorial_taskflow_api_virtualenv.py
[2023-12-21T13:10:55.706-0300] {logging_mixin.py:188} INFO - [2023-12-21T13:10:55.706-0300] {dag.py:3033} INFO - Sync 1 DAGs
[2023-12-21T13:10:55.725-0300] {logging_mixin.py:188} INFO - [2023-12-21T13:10:55.724-0300] {dag.py:3820} INFO - Setting next_dagrun for tutorial_taskflow_api_virtualenv to None, run_after=None
[2023-12-21T13:10:55.921-0300] {processor.py:183} INFO - Processing /home/myc-ti-2/airflow_workspace/airflow_env/lib/python3.10/site-packages/airflow/example_dags/tutorial_taskflow_api_virtualenv.py took 0.284 seconds
[2023-12-21T13:12:00.718-0300] {processor.py:161} INFO - Started process (PID=10051) to work on /home/myc-ti-2/airflow_workspace/airflow_env/lib/python3.10/site-packages/airflow/example_dags/tutorial_taskflow_api_virtualenv.py
[2023-12-21T13:12:00.720-0300] {processor.py:830} INFO - Processing file /home/myc-ti-2/airflow_workspace/airflow_env/lib/python3.10/site-packages/airflow/example_dags/tutorial_taskflow_api_virtualenv.py for tasks to queue
[2023-12-21T13:12:00.722-0300] {logging_mixin.py:188} INFO - [2023-12-21T13:12:00.722-0300] {dagbag.py:538} INFO - Filling up the DagBag from /home/myc-ti-2/airflow_workspace/airflow_env/lib/python3.10/site-packages/airflow/example_dags/tutorial_taskflow_api_virtualenv.py
[2023-12-21T13:12:00.740-0300] {processor.py:840} INFO - DAG(s) 'tutorial_taskflow_api_virtualenv' retrieved from /home/myc-ti-2/airflow_workspace/airflow_env/lib/python3.10/site-packages/airflow/example_dags/tutorial_taskflow_api_virtualenv.py
[2023-12-21T13:12:00.767-0300] {logging_mixin.py:188} INFO - [2023-12-21T13:12:00.767-0300] {dag.py:3033} INFO - Sync 1 DAGs
[2023-12-21T13:12:00.785-0300] {logging_mixin.py:188} INFO - [2023-12-21T13:12:00.785-0300] {dag.py:3820} INFO - Setting next_dagrun for tutorial_taskflow_api_virtualenv to None, run_after=None
[2023-12-21T13:12:00.887-0300] {processor.py:183} INFO - Processing /home/myc-ti-2/airflow_workspace/airflow_env/lib/python3.10/site-packages/airflow/example_dags/tutorial_taskflow_api_virtualenv.py took 0.176 seconds
[2023-12-21T13:13:02.668-0300] {processor.py:161} INFO - Started process (PID=10152) to work on /home/myc-ti-2/airflow_workspace/airflow_env/lib/python3.10/site-packages/airflow/example_dags/tutorial_taskflow_api_virtualenv.py
[2023-12-21T13:13:02.680-0300] {processor.py:830} INFO - Processing file /home/myc-ti-2/airflow_workspace/airflow_env/lib/python3.10/site-packages/airflow/example_dags/tutorial_taskflow_api_virtualenv.py for tasks to queue
[2023-12-21T13:13:02.681-0300] {logging_mixin.py:188} INFO - [2023-12-21T13:13:02.681-0300] {dagbag.py:538} INFO - Filling up the DagBag from /home/myc-ti-2/airflow_workspace/airflow_env/lib/python3.10/site-packages/airflow/example_dags/tutorial_taskflow_api_virtualenv.py
[2023-12-21T13:13:02.694-0300] {processor.py:840} INFO - DAG(s) 'tutorial_taskflow_api_virtualenv' retrieved from /home/myc-ti-2/airflow_workspace/airflow_env/lib/python3.10/site-packages/airflow/example_dags/tutorial_taskflow_api_virtualenv.py
[2023-12-21T13:13:02.719-0300] {logging_mixin.py:188} INFO - [2023-12-21T13:13:02.719-0300] {dag.py:3033} INFO - Sync 1 DAGs
[2023-12-21T13:13:02.735-0300] {logging_mixin.py:188} INFO - [2023-12-21T13:13:02.735-0300] {dag.py:3820} INFO - Setting next_dagrun for tutorial_taskflow_api_virtualenv to None, run_after=None
[2023-12-21T13:13:02.912-0300] {processor.py:183} INFO - Processing /home/myc-ti-2/airflow_workspace/airflow_env/lib/python3.10/site-packages/airflow/example_dags/tutorial_taskflow_api_virtualenv.py took 0.250 seconds
[2023-12-21T13:14:04.156-0300] {processor.py:161} INFO - Started process (PID=10317) to work on /home/myc-ti-2/airflow_workspace/airflow_env/lib/python3.10/site-packages/airflow/example_dags/tutorial_taskflow_api_virtualenv.py
[2023-12-21T13:14:04.159-0300] {processor.py:830} INFO - Processing file /home/myc-ti-2/airflow_workspace/airflow_env/lib/python3.10/site-packages/airflow/example_dags/tutorial_taskflow_api_virtualenv.py for tasks to queue
[2023-12-21T13:14:04.161-0300] {logging_mixin.py:188} INFO - [2023-12-21T13:14:04.160-0300] {dagbag.py:538} INFO - Filling up the DagBag from /home/myc-ti-2/airflow_workspace/airflow_env/lib/python3.10/site-packages/airflow/example_dags/tutorial_taskflow_api_virtualenv.py
[2023-12-21T13:14:04.178-0300] {processor.py:840} INFO - DAG(s) 'tutorial_taskflow_api_virtualenv' retrieved from /home/myc-ti-2/airflow_workspace/airflow_env/lib/python3.10/site-packages/airflow/example_dags/tutorial_taskflow_api_virtualenv.py
[2023-12-21T13:14:04.207-0300] {logging_mixin.py:188} INFO - [2023-12-21T13:14:04.207-0300] {dag.py:3033} INFO - Sync 1 DAGs
[2023-12-21T13:14:04.225-0300] {logging_mixin.py:188} INFO - [2023-12-21T13:14:04.225-0300] {dag.py:3820} INFO - Setting next_dagrun for tutorial_taskflow_api_virtualenv to None, run_after=None
[2023-12-21T13:14:04.341-0300] {processor.py:183} INFO - Processing /home/myc-ti-2/airflow_workspace/airflow_env/lib/python3.10/site-packages/airflow/example_dags/tutorial_taskflow_api_virtualenv.py took 0.192 seconds
[2023-12-21T13:15:10.061-0300] {processor.py:161} INFO - Started process (PID=10488) to work on /home/myc-ti-2/airflow_workspace/airflow_env/lib/python3.10/site-packages/airflow/example_dags/tutorial_taskflow_api_virtualenv.py
[2023-12-21T13:15:10.066-0300] {processor.py:830} INFO - Processing file /home/myc-ti-2/airflow_workspace/airflow_env/lib/python3.10/site-packages/airflow/example_dags/tutorial_taskflow_api_virtualenv.py for tasks to queue
[2023-12-21T13:15:10.068-0300] {logging_mixin.py:188} INFO - [2023-12-21T13:15:10.067-0300] {dagbag.py:538} INFO - Filling up the DagBag from /home/myc-ti-2/airflow_workspace/airflow_env/lib/python3.10/site-packages/airflow/example_dags/tutorial_taskflow_api_virtualenv.py
[2023-12-21T13:15:10.086-0300] {processor.py:840} INFO - DAG(s) 'tutorial_taskflow_api_virtualenv' retrieved from /home/myc-ti-2/airflow_workspace/airflow_env/lib/python3.10/site-packages/airflow/example_dags/tutorial_taskflow_api_virtualenv.py
[2023-12-21T13:15:10.113-0300] {logging_mixin.py:188} INFO - [2023-12-21T13:15:10.113-0300] {dag.py:3033} INFO - Sync 1 DAGs
[2023-12-21T13:15:10.131-0300] {logging_mixin.py:188} INFO - [2023-12-21T13:15:10.131-0300] {dag.py:3820} INFO - Setting next_dagrun for tutorial_taskflow_api_virtualenv to None, run_after=None
[2023-12-21T13:15:10.238-0300] {processor.py:183} INFO - Processing /home/myc-ti-2/airflow_workspace/airflow_env/lib/python3.10/site-packages/airflow/example_dags/tutorial_taskflow_api_virtualenv.py took 0.184 seconds
