[2023-12-21T12:57:30.290-0300] {processor.py:161} INFO - Started process (PID=6967) to work on /home/myc-ti-2/airflow_workspace/airflow_env/lib/python3.10/site-packages/airflow/example_dags/tutorial_taskflow_api.py
[2023-12-21T12:57:30.292-0300] {processor.py:830} INFO - Processing file /home/myc-ti-2/airflow_workspace/airflow_env/lib/python3.10/site-packages/airflow/example_dags/tutorial_taskflow_api.py for tasks to queue
[2023-12-21T12:57:30.294-0300] {logging_mixin.py:188} INFO - [2023-12-21T12:57:30.294-0300] {dagbag.py:538} INFO - Filling up the DagBag from /home/myc-ti-2/airflow_workspace/airflow_env/lib/python3.10/site-packages/airflow/example_dags/tutorial_taskflow_api.py
[2023-12-21T12:57:30.314-0300] {processor.py:840} INFO - DAG(s) 'tutorial_taskflow_api' retrieved from /home/myc-ti-2/airflow_workspace/airflow_env/lib/python3.10/site-packages/airflow/example_dags/tutorial_taskflow_api.py
[2023-12-21T12:57:30.674-0300] {logging_mixin.py:188} INFO - [2023-12-21T12:57:30.673-0300] {override.py:1769} INFO - Created Permission View: can edit on DAG:tutorial_taskflow_api
[2023-12-21T12:57:30.790-0300] {logging_mixin.py:188} INFO - [2023-12-21T12:57:30.789-0300] {override.py:1769} INFO - Created Permission View: can delete on DAG:tutorial_taskflow_api
[2023-12-21T12:57:30.898-0300] {logging_mixin.py:188} INFO - [2023-12-21T12:57:30.898-0300] {override.py:1769} INFO - Created Permission View: can read on DAG:tutorial_taskflow_api
[2023-12-21T12:57:30.899-0300] {logging_mixin.py:188} INFO - [2023-12-21T12:57:30.899-0300] {dag.py:3033} INFO - Sync 1 DAGs
[2023-12-21T12:57:30.926-0300] {logging_mixin.py:188} INFO - [2023-12-21T12:57:30.926-0300] {dag.py:3055} INFO - Creating ORM DAG for tutorial_taskflow_api
[2023-12-21T12:57:30.928-0300] {logging_mixin.py:188} INFO - [2023-12-21T12:57:30.927-0300] {dag.py:3820} INFO - Setting next_dagrun for tutorial_taskflow_api to None, run_after=None
[2023-12-21T12:57:31.072-0300] {processor.py:183} INFO - Processing /home/myc-ti-2/airflow_workspace/airflow_env/lib/python3.10/site-packages/airflow/example_dags/tutorial_taskflow_api.py took 0.789 seconds
[2023-12-21T12:59:14.982-0300] {processor.py:161} INFO - Started process (PID=7128) to work on /home/myc-ti-2/airflow_workspace/airflow_env/lib/python3.10/site-packages/airflow/example_dags/tutorial_taskflow_api.py
[2023-12-21T12:59:14.984-0300] {processor.py:830} INFO - Processing file /home/myc-ti-2/airflow_workspace/airflow_env/lib/python3.10/site-packages/airflow/example_dags/tutorial_taskflow_api.py for tasks to queue
[2023-12-21T12:59:14.986-0300] {logging_mixin.py:188} INFO - [2023-12-21T12:59:14.985-0300] {dagbag.py:538} INFO - Filling up the DagBag from /home/myc-ti-2/airflow_workspace/airflow_env/lib/python3.10/site-packages/airflow/example_dags/tutorial_taskflow_api.py
[2023-12-21T12:59:15.002-0300] {processor.py:840} INFO - DAG(s) 'tutorial_taskflow_api' retrieved from /home/myc-ti-2/airflow_workspace/airflow_env/lib/python3.10/site-packages/airflow/example_dags/tutorial_taskflow_api.py
[2023-12-21T12:59:15.033-0300] {logging_mixin.py:188} INFO - [2023-12-21T12:59:15.033-0300] {dag.py:3033} INFO - Sync 1 DAGs
[2023-12-21T12:59:15.051-0300] {logging_mixin.py:188} INFO - [2023-12-21T12:59:15.050-0300] {dag.py:3820} INFO - Setting next_dagrun for tutorial_taskflow_api to None, run_after=None
[2023-12-21T12:59:15.160-0300] {processor.py:183} INFO - Processing /home/myc-ti-2/airflow_workspace/airflow_env/lib/python3.10/site-packages/airflow/example_dags/tutorial_taskflow_api.py took 0.185 seconds
[2023-12-21T13:00:11.814-0300] {processor.py:161} INFO - Started process (PID=7184) to work on /home/myc-ti-2/airflow_workspace/airflow_env/lib/python3.10/site-packages/airflow/example_dags/tutorial_taskflow_api.py
[2023-12-21T13:00:11.815-0300] {processor.py:830} INFO - Processing file /home/myc-ti-2/airflow_workspace/airflow_env/lib/python3.10/site-packages/airflow/example_dags/tutorial_taskflow_api.py for tasks to queue
[2023-12-21T13:00:11.817-0300] {logging_mixin.py:188} INFO - [2023-12-21T13:00:11.816-0300] {dagbag.py:538} INFO - Filling up the DagBag from /home/myc-ti-2/airflow_workspace/airflow_env/lib/python3.10/site-packages/airflow/example_dags/tutorial_taskflow_api.py
[2023-12-21T13:00:11.829-0300] {processor.py:840} INFO - DAG(s) 'tutorial_taskflow_api' retrieved from /home/myc-ti-2/airflow_workspace/airflow_env/lib/python3.10/site-packages/airflow/example_dags/tutorial_taskflow_api.py
[2023-12-21T13:00:11.855-0300] {logging_mixin.py:188} INFO - [2023-12-21T13:00:11.855-0300] {dag.py:3033} INFO - Sync 1 DAGs
[2023-12-21T13:00:11.873-0300] {logging_mixin.py:188} INFO - [2023-12-21T13:00:11.873-0300] {dag.py:3820} INFO - Setting next_dagrun for tutorial_taskflow_api to None, run_after=None
[2023-12-21T13:00:11.966-0300] {processor.py:183} INFO - Processing /home/myc-ti-2/airflow_workspace/airflow_env/lib/python3.10/site-packages/airflow/example_dags/tutorial_taskflow_api.py took 0.158 seconds
[2023-12-21T13:01:00.565-0300] {processor.py:161} INFO - Started process (PID=7252) to work on /home/myc-ti-2/airflow_workspace/airflow_env/lib/python3.10/site-packages/airflow/example_dags/tutorial_taskflow_api.py
[2023-12-21T13:01:00.585-0300] {processor.py:830} INFO - Processing file /home/myc-ti-2/airflow_workspace/airflow_env/lib/python3.10/site-packages/airflow/example_dags/tutorial_taskflow_api.py for tasks to queue
[2023-12-21T13:01:00.587-0300] {logging_mixin.py:188} INFO - [2023-12-21T13:01:00.587-0300] {dagbag.py:538} INFO - Filling up the DagBag from /home/myc-ti-2/airflow_workspace/airflow_env/lib/python3.10/site-packages/airflow/example_dags/tutorial_taskflow_api.py
[2023-12-21T13:01:00.603-0300] {processor.py:840} INFO - DAG(s) 'tutorial_taskflow_api' retrieved from /home/myc-ti-2/airflow_workspace/airflow_env/lib/python3.10/site-packages/airflow/example_dags/tutorial_taskflow_api.py
[2023-12-21T13:01:00.640-0300] {logging_mixin.py:188} INFO - [2023-12-21T13:01:00.640-0300] {dag.py:3033} INFO - Sync 1 DAGs
[2023-12-21T13:01:00.659-0300] {logging_mixin.py:188} INFO - [2023-12-21T13:01:00.658-0300] {dag.py:3820} INFO - Setting next_dagrun for tutorial_taskflow_api to None, run_after=None
[2023-12-21T13:01:00.768-0300] {processor.py:183} INFO - Processing /home/myc-ti-2/airflow_workspace/airflow_env/lib/python3.10/site-packages/airflow/example_dags/tutorial_taskflow_api.py took 0.209 seconds
[2023-12-21T13:02:03.138-0300] {processor.py:161} INFO - Started process (PID=7327) to work on /home/myc-ti-2/airflow_workspace/airflow_env/lib/python3.10/site-packages/airflow/example_dags/tutorial_taskflow_api.py
[2023-12-21T13:02:03.141-0300] {processor.py:830} INFO - Processing file /home/myc-ti-2/airflow_workspace/airflow_env/lib/python3.10/site-packages/airflow/example_dags/tutorial_taskflow_api.py for tasks to queue
[2023-12-21T13:02:03.143-0300] {logging_mixin.py:188} INFO - [2023-12-21T13:02:03.142-0300] {dagbag.py:538} INFO - Filling up the DagBag from /home/myc-ti-2/airflow_workspace/airflow_env/lib/python3.10/site-packages/airflow/example_dags/tutorial_taskflow_api.py
[2023-12-21T13:02:03.160-0300] {processor.py:840} INFO - DAG(s) 'tutorial_taskflow_api' retrieved from /home/myc-ti-2/airflow_workspace/airflow_env/lib/python3.10/site-packages/airflow/example_dags/tutorial_taskflow_api.py
[2023-12-21T13:02:03.188-0300] {logging_mixin.py:188} INFO - [2023-12-21T13:02:03.188-0300] {dag.py:3033} INFO - Sync 1 DAGs
[2023-12-21T13:02:03.202-0300] {logging_mixin.py:188} INFO - [2023-12-21T13:02:03.202-0300] {dag.py:3820} INFO - Setting next_dagrun for tutorial_taskflow_api to None, run_after=None
[2023-12-21T13:02:03.313-0300] {processor.py:183} INFO - Processing /home/myc-ti-2/airflow_workspace/airflow_env/lib/python3.10/site-packages/airflow/example_dags/tutorial_taskflow_api.py took 0.182 seconds
[2023-12-21T13:03:09.443-0300] {processor.py:161} INFO - Started process (PID=7401) to work on /home/myc-ti-2/airflow_workspace/airflow_env/lib/python3.10/site-packages/airflow/example_dags/tutorial_taskflow_api.py
[2023-12-21T13:03:09.445-0300] {processor.py:830} INFO - Processing file /home/myc-ti-2/airflow_workspace/airflow_env/lib/python3.10/site-packages/airflow/example_dags/tutorial_taskflow_api.py for tasks to queue
[2023-12-21T13:03:09.446-0300] {logging_mixin.py:188} INFO - [2023-12-21T13:03:09.446-0300] {dagbag.py:538} INFO - Filling up the DagBag from /home/myc-ti-2/airflow_workspace/airflow_env/lib/python3.10/site-packages/airflow/example_dags/tutorial_taskflow_api.py
[2023-12-21T13:03:09.458-0300] {processor.py:840} INFO - DAG(s) 'tutorial_taskflow_api' retrieved from /home/myc-ti-2/airflow_workspace/airflow_env/lib/python3.10/site-packages/airflow/example_dags/tutorial_taskflow_api.py
[2023-12-21T13:03:09.485-0300] {logging_mixin.py:188} INFO - [2023-12-21T13:03:09.485-0300] {dag.py:3033} INFO - Sync 1 DAGs
[2023-12-21T13:03:09.505-0300] {logging_mixin.py:188} INFO - [2023-12-21T13:03:09.505-0300] {dag.py:3820} INFO - Setting next_dagrun for tutorial_taskflow_api to None, run_after=None
[2023-12-21T13:03:09.592-0300] {processor.py:183} INFO - Processing /home/myc-ti-2/airflow_workspace/airflow_env/lib/python3.10/site-packages/airflow/example_dags/tutorial_taskflow_api.py took 0.155 seconds
[2023-12-21T13:04:06.552-0300] {processor.py:161} INFO - Started process (PID=7457) to work on /home/myc-ti-2/airflow_workspace/airflow_env/lib/python3.10/site-packages/airflow/example_dags/tutorial_taskflow_api.py
[2023-12-21T13:04:06.561-0300] {processor.py:830} INFO - Processing file /home/myc-ti-2/airflow_workspace/airflow_env/lib/python3.10/site-packages/airflow/example_dags/tutorial_taskflow_api.py for tasks to queue
[2023-12-21T13:04:06.563-0300] {logging_mixin.py:188} INFO - [2023-12-21T13:04:06.562-0300] {dagbag.py:538} INFO - Filling up the DagBag from /home/myc-ti-2/airflow_workspace/airflow_env/lib/python3.10/site-packages/airflow/example_dags/tutorial_taskflow_api.py
[2023-12-21T13:04:06.579-0300] {processor.py:840} INFO - DAG(s) 'tutorial_taskflow_api' retrieved from /home/myc-ti-2/airflow_workspace/airflow_env/lib/python3.10/site-packages/airflow/example_dags/tutorial_taskflow_api.py
[2023-12-21T13:04:06.611-0300] {logging_mixin.py:188} INFO - [2023-12-21T13:04:06.611-0300] {dag.py:3033} INFO - Sync 1 DAGs
[2023-12-21T13:04:06.629-0300] {logging_mixin.py:188} INFO - [2023-12-21T13:04:06.628-0300] {dag.py:3820} INFO - Setting next_dagrun for tutorial_taskflow_api to None, run_after=None
[2023-12-21T13:04:06.732-0300] {processor.py:183} INFO - Processing /home/myc-ti-2/airflow_workspace/airflow_env/lib/python3.10/site-packages/airflow/example_dags/tutorial_taskflow_api.py took 0.188 seconds
[2023-12-21T13:05:04.684-0300] {processor.py:161} INFO - Started process (PID=7513) to work on /home/myc-ti-2/airflow_workspace/airflow_env/lib/python3.10/site-packages/airflow/example_dags/tutorial_taskflow_api.py
[2023-12-21T13:05:04.686-0300] {processor.py:830} INFO - Processing file /home/myc-ti-2/airflow_workspace/airflow_env/lib/python3.10/site-packages/airflow/example_dags/tutorial_taskflow_api.py for tasks to queue
[2023-12-21T13:05:04.687-0300] {logging_mixin.py:188} INFO - [2023-12-21T13:05:04.686-0300] {dagbag.py:538} INFO - Filling up the DagBag from /home/myc-ti-2/airflow_workspace/airflow_env/lib/python3.10/site-packages/airflow/example_dags/tutorial_taskflow_api.py
[2023-12-21T13:05:04.695-0300] {processor.py:840} INFO - DAG(s) 'tutorial_taskflow_api' retrieved from /home/myc-ti-2/airflow_workspace/airflow_env/lib/python3.10/site-packages/airflow/example_dags/tutorial_taskflow_api.py
[2023-12-21T13:05:04.715-0300] {logging_mixin.py:188} INFO - [2023-12-21T13:05:04.714-0300] {dag.py:3033} INFO - Sync 1 DAGs
[2023-12-21T13:05:04.728-0300] {logging_mixin.py:188} INFO - [2023-12-21T13:05:04.728-0300] {dag.py:3820} INFO - Setting next_dagrun for tutorial_taskflow_api to None, run_after=None
[2023-12-21T13:05:04.823-0300] {processor.py:183} INFO - Processing /home/myc-ti-2/airflow_workspace/airflow_env/lib/python3.10/site-packages/airflow/example_dags/tutorial_taskflow_api.py took 0.144 seconds
[2023-12-21T13:06:27.352-0300] {processor.py:161} INFO - Started process (PID=7661) to work on /home/myc-ti-2/airflow_workspace/airflow_env/lib/python3.10/site-packages/airflow/example_dags/tutorial_taskflow_api.py
[2023-12-21T13:06:27.354-0300] {processor.py:830} INFO - Processing file /home/myc-ti-2/airflow_workspace/airflow_env/lib/python3.10/site-packages/airflow/example_dags/tutorial_taskflow_api.py for tasks to queue
[2023-12-21T13:06:27.356-0300] {logging_mixin.py:188} INFO - [2023-12-21T13:06:27.355-0300] {dagbag.py:538} INFO - Filling up the DagBag from /home/myc-ti-2/airflow_workspace/airflow_env/lib/python3.10/site-packages/airflow/example_dags/tutorial_taskflow_api.py
[2023-12-21T13:06:27.370-0300] {processor.py:840} INFO - DAG(s) 'tutorial_taskflow_api' retrieved from /home/myc-ti-2/airflow_workspace/airflow_env/lib/python3.10/site-packages/airflow/example_dags/tutorial_taskflow_api.py
[2023-12-21T13:06:27.396-0300] {logging_mixin.py:188} INFO - [2023-12-21T13:06:27.395-0300] {dag.py:3033} INFO - Sync 1 DAGs
[2023-12-21T13:06:27.416-0300] {logging_mixin.py:188} INFO - [2023-12-21T13:06:27.416-0300] {dag.py:3820} INFO - Setting next_dagrun for tutorial_taskflow_api to None, run_after=None
[2023-12-21T13:06:27.557-0300] {processor.py:183} INFO - Processing /home/myc-ti-2/airflow_workspace/airflow_env/lib/python3.10/site-packages/airflow/example_dags/tutorial_taskflow_api.py took 0.212 seconds
[2023-12-21T13:07:41.278-0300] {processor.py:161} INFO - Started process (PID=7749) to work on /home/myc-ti-2/airflow_workspace/airflow_env/lib/python3.10/site-packages/airflow/example_dags/tutorial_taskflow_api.py
[2023-12-21T13:07:41.279-0300] {processor.py:830} INFO - Processing file /home/myc-ti-2/airflow_workspace/airflow_env/lib/python3.10/site-packages/airflow/example_dags/tutorial_taskflow_api.py for tasks to queue
[2023-12-21T13:07:41.280-0300] {logging_mixin.py:188} INFO - [2023-12-21T13:07:41.280-0300] {dagbag.py:538} INFO - Filling up the DagBag from /home/myc-ti-2/airflow_workspace/airflow_env/lib/python3.10/site-packages/airflow/example_dags/tutorial_taskflow_api.py
[2023-12-21T13:07:41.291-0300] {processor.py:840} INFO - DAG(s) 'tutorial_taskflow_api' retrieved from /home/myc-ti-2/airflow_workspace/airflow_env/lib/python3.10/site-packages/airflow/example_dags/tutorial_taskflow_api.py
[2023-12-21T13:07:41.320-0300] {logging_mixin.py:188} INFO - [2023-12-21T13:07:41.319-0300] {dag.py:3033} INFO - Sync 1 DAGs
[2023-12-21T13:07:41.339-0300] {logging_mixin.py:188} INFO - [2023-12-21T13:07:41.338-0300] {dag.py:3820} INFO - Setting next_dagrun for tutorial_taskflow_api to None, run_after=None
[2023-12-21T13:07:41.462-0300] {processor.py:183} INFO - Processing /home/myc-ti-2/airflow_workspace/airflow_env/lib/python3.10/site-packages/airflow/example_dags/tutorial_taskflow_api.py took 0.190 seconds
[2023-12-21T13:08:45.494-0300] {processor.py:161} INFO - Started process (PID=9130) to work on /home/myc-ti-2/airflow_workspace/airflow_env/lib/python3.10/site-packages/airflow/example_dags/tutorial_taskflow_api.py
[2023-12-21T13:08:45.496-0300] {processor.py:830} INFO - Processing file /home/myc-ti-2/airflow_workspace/airflow_env/lib/python3.10/site-packages/airflow/example_dags/tutorial_taskflow_api.py for tasks to queue
[2023-12-21T13:08:45.498-0300] {logging_mixin.py:188} INFO - [2023-12-21T13:08:45.497-0300] {dagbag.py:538} INFO - Filling up the DagBag from /home/myc-ti-2/airflow_workspace/airflow_env/lib/python3.10/site-packages/airflow/example_dags/tutorial_taskflow_api.py
[2023-12-21T13:08:45.514-0300] {processor.py:840} INFO - DAG(s) 'tutorial_taskflow_api' retrieved from /home/myc-ti-2/airflow_workspace/airflow_env/lib/python3.10/site-packages/airflow/example_dags/tutorial_taskflow_api.py
[2023-12-21T13:08:45.543-0300] {logging_mixin.py:188} INFO - [2023-12-21T13:08:45.542-0300] {dag.py:3033} INFO - Sync 1 DAGs
[2023-12-21T13:08:45.556-0300] {logging_mixin.py:188} INFO - [2023-12-21T13:08:45.556-0300] {dag.py:3820} INFO - Setting next_dagrun for tutorial_taskflow_api to None, run_after=None
[2023-12-21T13:08:45.698-0300] {processor.py:183} INFO - Processing /home/myc-ti-2/airflow_workspace/airflow_env/lib/python3.10/site-packages/airflow/example_dags/tutorial_taskflow_api.py took 0.212 seconds
[2023-12-21T13:09:52.707-0300] {processor.py:161} INFO - Started process (PID=9283) to work on /home/myc-ti-2/airflow_workspace/airflow_env/lib/python3.10/site-packages/airflow/example_dags/tutorial_taskflow_api.py
[2023-12-21T13:09:52.719-0300] {processor.py:830} INFO - Processing file /home/myc-ti-2/airflow_workspace/airflow_env/lib/python3.10/site-packages/airflow/example_dags/tutorial_taskflow_api.py for tasks to queue
[2023-12-21T13:09:52.720-0300] {logging_mixin.py:188} INFO - [2023-12-21T13:09:52.719-0300] {dagbag.py:538} INFO - Filling up the DagBag from /home/myc-ti-2/airflow_workspace/airflow_env/lib/python3.10/site-packages/airflow/example_dags/tutorial_taskflow_api.py
[2023-12-21T13:09:52.732-0300] {processor.py:840} INFO - DAG(s) 'tutorial_taskflow_api' retrieved from /home/myc-ti-2/airflow_workspace/airflow_env/lib/python3.10/site-packages/airflow/example_dags/tutorial_taskflow_api.py
[2023-12-21T13:09:52.761-0300] {logging_mixin.py:188} INFO - [2023-12-21T13:09:52.760-0300] {dag.py:3033} INFO - Sync 1 DAGs
[2023-12-21T13:09:52.778-0300] {logging_mixin.py:188} INFO - [2023-12-21T13:09:52.778-0300] {dag.py:3820} INFO - Setting next_dagrun for tutorial_taskflow_api to None, run_after=None
[2023-12-21T13:09:52.934-0300] {processor.py:183} INFO - Processing /home/myc-ti-2/airflow_workspace/airflow_env/lib/python3.10/site-packages/airflow/example_dags/tutorial_taskflow_api.py took 0.233 seconds
[2023-12-21T13:11:01.100-0300] {processor.py:161} INFO - Started process (PID=9694) to work on /home/myc-ti-2/airflow_workspace/airflow_env/lib/python3.10/site-packages/airflow/example_dags/tutorial_taskflow_api.py
[2023-12-21T13:11:01.102-0300] {processor.py:830} INFO - Processing file /home/myc-ti-2/airflow_workspace/airflow_env/lib/python3.10/site-packages/airflow/example_dags/tutorial_taskflow_api.py for tasks to queue
[2023-12-21T13:11:01.104-0300] {logging_mixin.py:188} INFO - [2023-12-21T13:11:01.103-0300] {dagbag.py:538} INFO - Filling up the DagBag from /home/myc-ti-2/airflow_workspace/airflow_env/lib/python3.10/site-packages/airflow/example_dags/tutorial_taskflow_api.py
[2023-12-21T13:11:01.121-0300] {processor.py:840} INFO - DAG(s) 'tutorial_taskflow_api' retrieved from /home/myc-ti-2/airflow_workspace/airflow_env/lib/python3.10/site-packages/airflow/example_dags/tutorial_taskflow_api.py
[2023-12-21T13:11:01.150-0300] {logging_mixin.py:188} INFO - [2023-12-21T13:11:01.150-0300] {dag.py:3033} INFO - Sync 1 DAGs
[2023-12-21T13:11:01.164-0300] {logging_mixin.py:188} INFO - [2023-12-21T13:11:01.164-0300] {dag.py:3820} INFO - Setting next_dagrun for tutorial_taskflow_api to None, run_after=None
[2023-12-21T13:11:01.267-0300] {processor.py:183} INFO - Processing /home/myc-ti-2/airflow_workspace/airflow_env/lib/python3.10/site-packages/airflow/example_dags/tutorial_taskflow_api.py took 0.175 seconds
[2023-12-21T13:12:04.717-0300] {processor.py:161} INFO - Started process (PID=10056) to work on /home/myc-ti-2/airflow_workspace/airflow_env/lib/python3.10/site-packages/airflow/example_dags/tutorial_taskflow_api.py
[2023-12-21T13:12:04.719-0300] {processor.py:830} INFO - Processing file /home/myc-ti-2/airflow_workspace/airflow_env/lib/python3.10/site-packages/airflow/example_dags/tutorial_taskflow_api.py for tasks to queue
[2023-12-21T13:12:04.721-0300] {logging_mixin.py:188} INFO - [2023-12-21T13:12:04.721-0300] {dagbag.py:538} INFO - Filling up the DagBag from /home/myc-ti-2/airflow_workspace/airflow_env/lib/python3.10/site-packages/airflow/example_dags/tutorial_taskflow_api.py
[2023-12-21T13:12:04.738-0300] {processor.py:840} INFO - DAG(s) 'tutorial_taskflow_api' retrieved from /home/myc-ti-2/airflow_workspace/airflow_env/lib/python3.10/site-packages/airflow/example_dags/tutorial_taskflow_api.py
[2023-12-21T13:12:04.767-0300] {logging_mixin.py:188} INFO - [2023-12-21T13:12:04.766-0300] {dag.py:3033} INFO - Sync 1 DAGs
[2023-12-21T13:12:04.785-0300] {logging_mixin.py:188} INFO - [2023-12-21T13:12:04.784-0300] {dag.py:3820} INFO - Setting next_dagrun for tutorial_taskflow_api to None, run_after=None
[2023-12-21T13:12:04.929-0300] {processor.py:183} INFO - Processing /home/myc-ti-2/airflow_workspace/airflow_env/lib/python3.10/site-packages/airflow/example_dags/tutorial_taskflow_api.py took 0.219 seconds
[2023-12-21T13:13:06.790-0300] {processor.py:161} INFO - Started process (PID=10207) to work on /home/myc-ti-2/airflow_workspace/airflow_env/lib/python3.10/site-packages/airflow/example_dags/tutorial_taskflow_api.py
[2023-12-21T13:13:06.792-0300] {processor.py:830} INFO - Processing file /home/myc-ti-2/airflow_workspace/airflow_env/lib/python3.10/site-packages/airflow/example_dags/tutorial_taskflow_api.py for tasks to queue
[2023-12-21T13:13:06.794-0300] {logging_mixin.py:188} INFO - [2023-12-21T13:13:06.793-0300] {dagbag.py:538} INFO - Filling up the DagBag from /home/myc-ti-2/airflow_workspace/airflow_env/lib/python3.10/site-packages/airflow/example_dags/tutorial_taskflow_api.py
[2023-12-21T13:13:06.813-0300] {processor.py:840} INFO - DAG(s) 'tutorial_taskflow_api' retrieved from /home/myc-ti-2/airflow_workspace/airflow_env/lib/python3.10/site-packages/airflow/example_dags/tutorial_taskflow_api.py
[2023-12-21T13:13:06.841-0300] {logging_mixin.py:188} INFO - [2023-12-21T13:13:06.841-0300] {dag.py:3033} INFO - Sync 1 DAGs
[2023-12-21T13:13:06.859-0300] {logging_mixin.py:188} INFO - [2023-12-21T13:13:06.859-0300] {dag.py:3820} INFO - Setting next_dagrun for tutorial_taskflow_api to None, run_after=None
[2023-12-21T13:13:06.974-0300] {processor.py:183} INFO - Processing /home/myc-ti-2/airflow_workspace/airflow_env/lib/python3.10/site-packages/airflow/example_dags/tutorial_taskflow_api.py took 0.192 seconds
[2023-12-21T13:14:09.194-0300] {processor.py:161} INFO - Started process (PID=10322) to work on /home/myc-ti-2/airflow_workspace/airflow_env/lib/python3.10/site-packages/airflow/example_dags/tutorial_taskflow_api.py
[2023-12-21T13:14:09.196-0300] {processor.py:830} INFO - Processing file /home/myc-ti-2/airflow_workspace/airflow_env/lib/python3.10/site-packages/airflow/example_dags/tutorial_taskflow_api.py for tasks to queue
[2023-12-21T13:14:09.198-0300] {logging_mixin.py:188} INFO - [2023-12-21T13:14:09.197-0300] {dagbag.py:538} INFO - Filling up the DagBag from /home/myc-ti-2/airflow_workspace/airflow_env/lib/python3.10/site-packages/airflow/example_dags/tutorial_taskflow_api.py
[2023-12-21T13:14:09.214-0300] {processor.py:840} INFO - DAG(s) 'tutorial_taskflow_api' retrieved from /home/myc-ti-2/airflow_workspace/airflow_env/lib/python3.10/site-packages/airflow/example_dags/tutorial_taskflow_api.py
[2023-12-21T13:14:09.244-0300] {logging_mixin.py:188} INFO - [2023-12-21T13:14:09.244-0300] {dag.py:3033} INFO - Sync 1 DAGs
[2023-12-21T13:14:09.262-0300] {logging_mixin.py:188} INFO - [2023-12-21T13:14:09.262-0300] {dag.py:3820} INFO - Setting next_dagrun for tutorial_taskflow_api to None, run_after=None
[2023-12-21T13:14:09.376-0300] {processor.py:183} INFO - Processing /home/myc-ti-2/airflow_workspace/airflow_env/lib/python3.10/site-packages/airflow/example_dags/tutorial_taskflow_api.py took 0.189 seconds
[2023-12-21T13:15:14.217-0300] {processor.py:161} INFO - Started process (PID=10498) to work on /home/myc-ti-2/airflow_workspace/airflow_env/lib/python3.10/site-packages/airflow/example_dags/tutorial_taskflow_api.py
[2023-12-21T13:15:14.219-0300] {processor.py:830} INFO - Processing file /home/myc-ti-2/airflow_workspace/airflow_env/lib/python3.10/site-packages/airflow/example_dags/tutorial_taskflow_api.py for tasks to queue
[2023-12-21T13:15:14.221-0300] {logging_mixin.py:188} INFO - [2023-12-21T13:15:14.220-0300] {dagbag.py:538} INFO - Filling up the DagBag from /home/myc-ti-2/airflow_workspace/airflow_env/lib/python3.10/site-packages/airflow/example_dags/tutorial_taskflow_api.py
[2023-12-21T13:15:14.237-0300] {processor.py:840} INFO - DAG(s) 'tutorial_taskflow_api' retrieved from /home/myc-ti-2/airflow_workspace/airflow_env/lib/python3.10/site-packages/airflow/example_dags/tutorial_taskflow_api.py
[2023-12-21T13:15:14.267-0300] {logging_mixin.py:188} INFO - [2023-12-21T13:15:14.267-0300] {dag.py:3033} INFO - Sync 1 DAGs
[2023-12-21T13:15:14.285-0300] {logging_mixin.py:188} INFO - [2023-12-21T13:15:14.284-0300] {dag.py:3820} INFO - Setting next_dagrun for tutorial_taskflow_api to None, run_after=None
[2023-12-21T13:15:14.391-0300] {processor.py:183} INFO - Processing /home/myc-ti-2/airflow_workspace/airflow_env/lib/python3.10/site-packages/airflow/example_dags/tutorial_taskflow_api.py took 0.181 seconds
