[2023-12-21T12:57:09.733-0300] {processor.py:161} INFO - Started process (PID=6914) to work on /home/myc-ti-2/airflow_workspace/airflow_env/lib/python3.10/site-packages/airflow/example_dags/tutorial_objectstorage.py
[2023-12-21T12:57:09.735-0300] {processor.py:830} INFO - Processing file /home/myc-ti-2/airflow_workspace/airflow_env/lib/python3.10/site-packages/airflow/example_dags/tutorial_objectstorage.py for tasks to queue
[2023-12-21T12:57:09.737-0300] {logging_mixin.py:188} INFO - [2023-12-21T12:57:09.736-0300] {dagbag.py:538} INFO - Filling up the DagBag from /home/myc-ti-2/airflow_workspace/airflow_env/lib/python3.10/site-packages/airflow/example_dags/tutorial_objectstorage.py
[2023-12-21T12:57:09.760-0300] {processor.py:840} INFO - DAG(s) 'tutorial_objectstorage' retrieved from /home/myc-ti-2/airflow_workspace/airflow_env/lib/python3.10/site-packages/airflow/example_dags/tutorial_objectstorage.py
[2023-12-21T12:57:10.200-0300] {logging_mixin.py:188} INFO - [2023-12-21T12:57:10.199-0300] {override.py:1769} INFO - Created Permission View: can edit on DAG:tutorial_objectstorage
[2023-12-21T12:57:10.300-0300] {logging_mixin.py:188} INFO - [2023-12-21T12:57:10.299-0300] {override.py:1769} INFO - Created Permission View: can delete on DAG:tutorial_objectstorage
[2023-12-21T12:57:10.391-0300] {logging_mixin.py:188} INFO - [2023-12-21T12:57:10.390-0300] {override.py:1769} INFO - Created Permission View: can read on DAG:tutorial_objectstorage
[2023-12-21T12:57:10.392-0300] {logging_mixin.py:188} INFO - [2023-12-21T12:57:10.392-0300] {dag.py:3033} INFO - Sync 1 DAGs
[2023-12-21T12:57:10.418-0300] {logging_mixin.py:188} INFO - [2023-12-21T12:57:10.418-0300] {dag.py:3055} INFO - Creating ORM DAG for tutorial_objectstorage
[2023-12-21T12:57:10.419-0300] {logging_mixin.py:188} INFO - [2023-12-21T12:57:10.419-0300] {dag.py:3820} INFO - Setting next_dagrun for tutorial_objectstorage to None, run_after=None
[2023-12-21T12:57:10.594-0300] {processor.py:183} INFO - Processing /home/myc-ti-2/airflow_workspace/airflow_env/lib/python3.10/site-packages/airflow/example_dags/tutorial_objectstorage.py took 0.867 seconds
[2023-12-21T12:59:03.688-0300] {processor.py:161} INFO - Started process (PID=7113) to work on /home/myc-ti-2/airflow_workspace/airflow_env/lib/python3.10/site-packages/airflow/example_dags/tutorial_objectstorage.py
[2023-12-21T12:59:03.694-0300] {processor.py:830} INFO - Processing file /home/myc-ti-2/airflow_workspace/airflow_env/lib/python3.10/site-packages/airflow/example_dags/tutorial_objectstorage.py for tasks to queue
[2023-12-21T12:59:03.696-0300] {logging_mixin.py:188} INFO - [2023-12-21T12:59:03.695-0300] {dagbag.py:538} INFO - Filling up the DagBag from /home/myc-ti-2/airflow_workspace/airflow_env/lib/python3.10/site-packages/airflow/example_dags/tutorial_objectstorage.py
[2023-12-21T12:59:03.712-0300] {processor.py:840} INFO - DAG(s) 'tutorial_objectstorage' retrieved from /home/myc-ti-2/airflow_workspace/airflow_env/lib/python3.10/site-packages/airflow/example_dags/tutorial_objectstorage.py
[2023-12-21T12:59:03.745-0300] {logging_mixin.py:188} INFO - [2023-12-21T12:59:03.744-0300] {dag.py:3033} INFO - Sync 1 DAGs
[2023-12-21T12:59:03.762-0300] {logging_mixin.py:188} INFO - [2023-12-21T12:59:03.762-0300] {dag.py:3820} INFO - Setting next_dagrun for tutorial_objectstorage to None, run_after=None
[2023-12-21T12:59:03.869-0300] {processor.py:183} INFO - Processing /home/myc-ti-2/airflow_workspace/airflow_env/lib/python3.10/site-packages/airflow/example_dags/tutorial_objectstorage.py took 0.187 seconds
[2023-12-21T12:59:44.681-0300] {processor.py:161} INFO - Started process (PID=7155) to work on /home/myc-ti-2/airflow_workspace/airflow_env/lib/python3.10/site-packages/airflow/example_dags/tutorial_objectstorage.py
[2023-12-21T12:59:44.692-0300] {processor.py:830} INFO - Processing file /home/myc-ti-2/airflow_workspace/airflow_env/lib/python3.10/site-packages/airflow/example_dags/tutorial_objectstorage.py for tasks to queue
[2023-12-21T12:59:44.695-0300] {logging_mixin.py:188} INFO - [2023-12-21T12:59:44.694-0300] {dagbag.py:538} INFO - Filling up the DagBag from /home/myc-ti-2/airflow_workspace/airflow_env/lib/python3.10/site-packages/airflow/example_dags/tutorial_objectstorage.py
[2023-12-21T12:59:44.710-0300] {processor.py:840} INFO - DAG(s) 'tutorial_objectstorage' retrieved from /home/myc-ti-2/airflow_workspace/airflow_env/lib/python3.10/site-packages/airflow/example_dags/tutorial_objectstorage.py
[2023-12-21T12:59:44.743-0300] {logging_mixin.py:188} INFO - [2023-12-21T12:59:44.743-0300] {dag.py:3033} INFO - Sync 1 DAGs
[2023-12-21T12:59:44.761-0300] {logging_mixin.py:188} INFO - [2023-12-21T12:59:44.761-0300] {dag.py:3820} INFO - Setting next_dagrun for tutorial_objectstorage to None, run_after=None
[2023-12-21T12:59:44.859-0300] {processor.py:183} INFO - Processing /home/myc-ti-2/airflow_workspace/airflow_env/lib/python3.10/site-packages/airflow/example_dags/tutorial_objectstorage.py took 0.185 seconds
[2023-12-21T13:00:48.311-0300] {processor.py:161} INFO - Started process (PID=7239) to work on /home/myc-ti-2/airflow_workspace/airflow_env/lib/python3.10/site-packages/airflow/example_dags/tutorial_objectstorage.py
[2023-12-21T13:00:48.322-0300] {processor.py:830} INFO - Processing file /home/myc-ti-2/airflow_workspace/airflow_env/lib/python3.10/site-packages/airflow/example_dags/tutorial_objectstorage.py for tasks to queue
[2023-12-21T13:00:48.324-0300] {logging_mixin.py:188} INFO - [2023-12-21T13:00:48.323-0300] {dagbag.py:538} INFO - Filling up the DagBag from /home/myc-ti-2/airflow_workspace/airflow_env/lib/python3.10/site-packages/airflow/example_dags/tutorial_objectstorage.py
[2023-12-21T13:00:48.338-0300] {processor.py:840} INFO - DAG(s) 'tutorial_objectstorage' retrieved from /home/myc-ti-2/airflow_workspace/airflow_env/lib/python3.10/site-packages/airflow/example_dags/tutorial_objectstorage.py
[2023-12-21T13:00:48.365-0300] {logging_mixin.py:188} INFO - [2023-12-21T13:00:48.365-0300] {dag.py:3033} INFO - Sync 1 DAGs
[2023-12-21T13:00:48.387-0300] {logging_mixin.py:188} INFO - [2023-12-21T13:00:48.386-0300] {dag.py:3820} INFO - Setting next_dagrun for tutorial_objectstorage to None, run_after=None
[2023-12-21T13:00:48.492-0300] {processor.py:183} INFO - Processing /home/myc-ti-2/airflow_workspace/airflow_env/lib/python3.10/site-packages/airflow/example_dags/tutorial_objectstorage.py took 0.190 seconds
[2023-12-21T13:01:25.889-0300] {processor.py:161} INFO - Started process (PID=7282) to work on /home/myc-ti-2/airflow_workspace/airflow_env/lib/python3.10/site-packages/airflow/example_dags/tutorial_objectstorage.py
[2023-12-21T13:01:25.896-0300] {processor.py:830} INFO - Processing file /home/myc-ti-2/airflow_workspace/airflow_env/lib/python3.10/site-packages/airflow/example_dags/tutorial_objectstorage.py for tasks to queue
[2023-12-21T13:01:25.898-0300] {logging_mixin.py:188} INFO - [2023-12-21T13:01:25.897-0300] {dagbag.py:538} INFO - Filling up the DagBag from /home/myc-ti-2/airflow_workspace/airflow_env/lib/python3.10/site-packages/airflow/example_dags/tutorial_objectstorage.py
[2023-12-21T13:01:25.912-0300] {processor.py:840} INFO - DAG(s) 'tutorial_objectstorage' retrieved from /home/myc-ti-2/airflow_workspace/airflow_env/lib/python3.10/site-packages/airflow/example_dags/tutorial_objectstorage.py
[2023-12-21T13:01:25.942-0300] {logging_mixin.py:188} INFO - [2023-12-21T13:01:25.942-0300] {dag.py:3033} INFO - Sync 1 DAGs
[2023-12-21T13:01:25.961-0300] {logging_mixin.py:188} INFO - [2023-12-21T13:01:25.960-0300] {dag.py:3820} INFO - Setting next_dagrun for tutorial_objectstorage to None, run_after=None
[2023-12-21T13:01:26.054-0300] {processor.py:183} INFO - Processing /home/myc-ti-2/airflow_workspace/airflow_env/lib/python3.10/site-packages/airflow/example_dags/tutorial_objectstorage.py took 0.170 seconds
[2023-12-21T13:02:32.372-0300] {processor.py:161} INFO - Started process (PID=7361) to work on /home/myc-ti-2/airflow_workspace/airflow_env/lib/python3.10/site-packages/airflow/example_dags/tutorial_objectstorage.py
[2023-12-21T13:02:32.385-0300] {processor.py:830} INFO - Processing file /home/myc-ti-2/airflow_workspace/airflow_env/lib/python3.10/site-packages/airflow/example_dags/tutorial_objectstorage.py for tasks to queue
[2023-12-21T13:02:32.387-0300] {logging_mixin.py:188} INFO - [2023-12-21T13:02:32.387-0300] {dagbag.py:538} INFO - Filling up the DagBag from /home/myc-ti-2/airflow_workspace/airflow_env/lib/python3.10/site-packages/airflow/example_dags/tutorial_objectstorage.py
[2023-12-21T13:02:32.403-0300] {processor.py:840} INFO - DAG(s) 'tutorial_objectstorage' retrieved from /home/myc-ti-2/airflow_workspace/airflow_env/lib/python3.10/site-packages/airflow/example_dags/tutorial_objectstorage.py
[2023-12-21T13:02:32.436-0300] {logging_mixin.py:188} INFO - [2023-12-21T13:02:32.435-0300] {dag.py:3033} INFO - Sync 1 DAGs
[2023-12-21T13:02:32.454-0300] {logging_mixin.py:188} INFO - [2023-12-21T13:02:32.454-0300] {dag.py:3820} INFO - Setting next_dagrun for tutorial_objectstorage to None, run_after=None
[2023-12-21T13:02:32.556-0300] {processor.py:183} INFO - Processing /home/myc-ti-2/airflow_workspace/airflow_env/lib/python3.10/site-packages/airflow/example_dags/tutorial_objectstorage.py took 0.191 seconds
[2023-12-21T13:03:28.999-0300] {processor.py:161} INFO - Started process (PID=7423) to work on /home/myc-ti-2/airflow_workspace/airflow_env/lib/python3.10/site-packages/airflow/example_dags/tutorial_objectstorage.py
[2023-12-21T13:03:29.015-0300] {processor.py:830} INFO - Processing file /home/myc-ti-2/airflow_workspace/airflow_env/lib/python3.10/site-packages/airflow/example_dags/tutorial_objectstorage.py for tasks to queue
[2023-12-21T13:03:29.017-0300] {logging_mixin.py:188} INFO - [2023-12-21T13:03:29.016-0300] {dagbag.py:538} INFO - Filling up the DagBag from /home/myc-ti-2/airflow_workspace/airflow_env/lib/python3.10/site-packages/airflow/example_dags/tutorial_objectstorage.py
[2023-12-21T13:03:29.033-0300] {processor.py:840} INFO - DAG(s) 'tutorial_objectstorage' retrieved from /home/myc-ti-2/airflow_workspace/airflow_env/lib/python3.10/site-packages/airflow/example_dags/tutorial_objectstorage.py
[2023-12-21T13:03:29.067-0300] {logging_mixin.py:188} INFO - [2023-12-21T13:03:29.067-0300] {dag.py:3033} INFO - Sync 1 DAGs
[2023-12-21T13:03:29.085-0300] {logging_mixin.py:188} INFO - [2023-12-21T13:03:29.084-0300] {dag.py:3820} INFO - Setting next_dagrun for tutorial_objectstorage to None, run_after=None
[2023-12-21T13:03:29.185-0300] {processor.py:183} INFO - Processing /home/myc-ti-2/airflow_workspace/airflow_env/lib/python3.10/site-packages/airflow/example_dags/tutorial_objectstorage.py took 0.193 seconds
[2023-12-21T13:04:28.380-0300] {processor.py:161} INFO - Started process (PID=7479) to work on /home/myc-ti-2/airflow_workspace/airflow_env/lib/python3.10/site-packages/airflow/example_dags/tutorial_objectstorage.py
[2023-12-21T13:04:28.387-0300] {processor.py:830} INFO - Processing file /home/myc-ti-2/airflow_workspace/airflow_env/lib/python3.10/site-packages/airflow/example_dags/tutorial_objectstorage.py for tasks to queue
[2023-12-21T13:04:28.389-0300] {logging_mixin.py:188} INFO - [2023-12-21T13:04:28.388-0300] {dagbag.py:538} INFO - Filling up the DagBag from /home/myc-ti-2/airflow_workspace/airflow_env/lib/python3.10/site-packages/airflow/example_dags/tutorial_objectstorage.py
[2023-12-21T13:04:28.397-0300] {processor.py:840} INFO - DAG(s) 'tutorial_objectstorage' retrieved from /home/myc-ti-2/airflow_workspace/airflow_env/lib/python3.10/site-packages/airflow/example_dags/tutorial_objectstorage.py
[2023-12-21T13:04:28.418-0300] {logging_mixin.py:188} INFO - [2023-12-21T13:04:28.417-0300] {dag.py:3033} INFO - Sync 1 DAGs
[2023-12-21T13:04:28.433-0300] {logging_mixin.py:188} INFO - [2023-12-21T13:04:28.433-0300] {dag.py:3820} INFO - Setting next_dagrun for tutorial_objectstorage to None, run_after=None
[2023-12-21T13:04:28.538-0300] {processor.py:183} INFO - Processing /home/myc-ti-2/airflow_workspace/airflow_env/lib/python3.10/site-packages/airflow/example_dags/tutorial_objectstorage.py took 0.163 seconds
[2023-12-21T13:05:35.247-0300] {processor.py:161} INFO - Started process (PID=7546) to work on /home/myc-ti-2/airflow_workspace/airflow_env/lib/python3.10/site-packages/airflow/example_dags/tutorial_objectstorage.py
[2023-12-21T13:05:35.249-0300] {processor.py:830} INFO - Processing file /home/myc-ti-2/airflow_workspace/airflow_env/lib/python3.10/site-packages/airflow/example_dags/tutorial_objectstorage.py for tasks to queue
[2023-12-21T13:05:35.251-0300] {logging_mixin.py:188} INFO - [2023-12-21T13:05:35.250-0300] {dagbag.py:538} INFO - Filling up the DagBag from /home/myc-ti-2/airflow_workspace/airflow_env/lib/python3.10/site-packages/airflow/example_dags/tutorial_objectstorage.py
[2023-12-21T13:05:35.266-0300] {processor.py:840} INFO - DAG(s) 'tutorial_objectstorage' retrieved from /home/myc-ti-2/airflow_workspace/airflow_env/lib/python3.10/site-packages/airflow/example_dags/tutorial_objectstorage.py
[2023-12-21T13:05:35.292-0300] {logging_mixin.py:188} INFO - [2023-12-21T13:05:35.292-0300] {dag.py:3033} INFO - Sync 1 DAGs
[2023-12-21T13:05:35.310-0300] {logging_mixin.py:188} INFO - [2023-12-21T13:05:35.309-0300] {dag.py:3820} INFO - Setting next_dagrun for tutorial_objectstorage to None, run_after=None
[2023-12-21T13:05:35.432-0300] {processor.py:183} INFO - Processing /home/myc-ti-2/airflow_workspace/airflow_env/lib/python3.10/site-packages/airflow/example_dags/tutorial_objectstorage.py took 0.193 seconds
[2023-12-21T13:06:16.003-0300] {processor.py:161} INFO - Started process (PID=7583) to work on /home/myc-ti-2/airflow_workspace/airflow_env/lib/python3.10/site-packages/airflow/example_dags/tutorial_objectstorage.py
[2023-12-21T13:06:16.030-0300] {processor.py:830} INFO - Processing file /home/myc-ti-2/airflow_workspace/airflow_env/lib/python3.10/site-packages/airflow/example_dags/tutorial_objectstorage.py for tasks to queue
[2023-12-21T13:06:16.031-0300] {logging_mixin.py:188} INFO - [2023-12-21T13:06:16.031-0300] {dagbag.py:538} INFO - Filling up the DagBag from /home/myc-ti-2/airflow_workspace/airflow_env/lib/python3.10/site-packages/airflow/example_dags/tutorial_objectstorage.py
[2023-12-21T13:06:16.043-0300] {processor.py:840} INFO - DAG(s) 'tutorial_objectstorage' retrieved from /home/myc-ti-2/airflow_workspace/airflow_env/lib/python3.10/site-packages/airflow/example_dags/tutorial_objectstorage.py
[2023-12-21T13:06:16.340-0300] {logging_mixin.py:188} INFO - [2023-12-21T13:06:16.340-0300] {dag.py:3033} INFO - Sync 1 DAGs
[2023-12-21T13:06:16.550-0300] {logging_mixin.py:188} INFO - [2023-12-21T13:06:16.549-0300] {dag.py:3820} INFO - Setting next_dagrun for tutorial_objectstorage to None, run_after=None
[2023-12-21T13:06:17.625-0300] {processor.py:183} INFO - Processing /home/myc-ti-2/airflow_workspace/airflow_env/lib/python3.10/site-packages/airflow/example_dags/tutorial_objectstorage.py took 1.627 seconds
[2023-12-21T13:06:54.531-0300] {processor.py:161} INFO - Started process (PID=7696) to work on /home/myc-ti-2/airflow_workspace/airflow_env/lib/python3.10/site-packages/airflow/example_dags/tutorial_objectstorage.py
[2023-12-21T13:06:54.533-0300] {processor.py:830} INFO - Processing file /home/myc-ti-2/airflow_workspace/airflow_env/lib/python3.10/site-packages/airflow/example_dags/tutorial_objectstorage.py for tasks to queue
[2023-12-21T13:06:54.535-0300] {logging_mixin.py:188} INFO - [2023-12-21T13:06:54.534-0300] {dagbag.py:538} INFO - Filling up the DagBag from /home/myc-ti-2/airflow_workspace/airflow_env/lib/python3.10/site-packages/airflow/example_dags/tutorial_objectstorage.py
[2023-12-21T13:06:54.551-0300] {processor.py:840} INFO - DAG(s) 'tutorial_objectstorage' retrieved from /home/myc-ti-2/airflow_workspace/airflow_env/lib/python3.10/site-packages/airflow/example_dags/tutorial_objectstorage.py
[2023-12-21T13:06:54.581-0300] {logging_mixin.py:188} INFO - [2023-12-21T13:06:54.581-0300] {dag.py:3033} INFO - Sync 1 DAGs
[2023-12-21T13:06:54.599-0300] {logging_mixin.py:188} INFO - [2023-12-21T13:06:54.599-0300] {dag.py:3820} INFO - Setting next_dagrun for tutorial_objectstorage to None, run_after=None
[2023-12-21T13:06:54.737-0300] {processor.py:183} INFO - Processing /home/myc-ti-2/airflow_workspace/airflow_env/lib/python3.10/site-packages/airflow/example_dags/tutorial_objectstorage.py took 0.213 seconds
[2023-12-21T13:07:30.923-0300] {processor.py:161} INFO - Started process (PID=7740) to work on /home/myc-ti-2/airflow_workspace/airflow_env/lib/python3.10/site-packages/airflow/example_dags/tutorial_objectstorage.py
[2023-12-21T13:07:30.924-0300] {processor.py:830} INFO - Processing file /home/myc-ti-2/airflow_workspace/airflow_env/lib/python3.10/site-packages/airflow/example_dags/tutorial_objectstorage.py for tasks to queue
[2023-12-21T13:07:30.925-0300] {logging_mixin.py:188} INFO - [2023-12-21T13:07:30.925-0300] {dagbag.py:538} INFO - Filling up the DagBag from /home/myc-ti-2/airflow_workspace/airflow_env/lib/python3.10/site-packages/airflow/example_dags/tutorial_objectstorage.py
[2023-12-21T13:07:30.935-0300] {processor.py:840} INFO - DAG(s) 'tutorial_objectstorage' retrieved from /home/myc-ti-2/airflow_workspace/airflow_env/lib/python3.10/site-packages/airflow/example_dags/tutorial_objectstorage.py
[2023-12-21T13:07:30.960-0300] {logging_mixin.py:188} INFO - [2023-12-21T13:07:30.959-0300] {dag.py:3033} INFO - Sync 1 DAGs
[2023-12-21T13:07:30.974-0300] {logging_mixin.py:188} INFO - [2023-12-21T13:07:30.973-0300] {dag.py:3820} INFO - Setting next_dagrun for tutorial_objectstorage to None, run_after=None
[2023-12-21T13:07:31.074-0300] {processor.py:183} INFO - Processing /home/myc-ti-2/airflow_workspace/airflow_env/lib/python3.10/site-packages/airflow/example_dags/tutorial_objectstorage.py took 0.156 seconds
[2023-12-21T13:08:09.145-0300] {processor.py:161} INFO - Started process (PID=8326) to work on /home/myc-ti-2/airflow_workspace/airflow_env/lib/python3.10/site-packages/airflow/example_dags/tutorial_objectstorage.py
[2023-12-21T13:08:09.152-0300] {processor.py:830} INFO - Processing file /home/myc-ti-2/airflow_workspace/airflow_env/lib/python3.10/site-packages/airflow/example_dags/tutorial_objectstorage.py for tasks to queue
[2023-12-21T13:08:09.153-0300] {logging_mixin.py:188} INFO - [2023-12-21T13:08:09.152-0300] {dagbag.py:538} INFO - Filling up the DagBag from /home/myc-ti-2/airflow_workspace/airflow_env/lib/python3.10/site-packages/airflow/example_dags/tutorial_objectstorage.py
[2023-12-21T13:08:09.162-0300] {processor.py:840} INFO - DAG(s) 'tutorial_objectstorage' retrieved from /home/myc-ti-2/airflow_workspace/airflow_env/lib/python3.10/site-packages/airflow/example_dags/tutorial_objectstorage.py
[2023-12-21T13:08:09.182-0300] {logging_mixin.py:188} INFO - [2023-12-21T13:08:09.181-0300] {dag.py:3033} INFO - Sync 1 DAGs
[2023-12-21T13:08:09.196-0300] {logging_mixin.py:188} INFO - [2023-12-21T13:08:09.195-0300] {dag.py:3820} INFO - Setting next_dagrun for tutorial_objectstorage to None, run_after=None
[2023-12-21T13:08:09.415-0300] {processor.py:183} INFO - Processing /home/myc-ti-2/airflow_workspace/airflow_env/lib/python3.10/site-packages/airflow/example_dags/tutorial_objectstorage.py took 0.274 seconds
[2023-12-21T13:09:09.546-0300] {processor.py:161} INFO - Started process (PID=9213) to work on /home/myc-ti-2/airflow_workspace/airflow_env/lib/python3.10/site-packages/airflow/example_dags/tutorial_objectstorage.py
[2023-12-21T13:09:09.548-0300] {processor.py:830} INFO - Processing file /home/myc-ti-2/airflow_workspace/airflow_env/lib/python3.10/site-packages/airflow/example_dags/tutorial_objectstorage.py for tasks to queue
[2023-12-21T13:09:09.549-0300] {logging_mixin.py:188} INFO - [2023-12-21T13:09:09.548-0300] {dagbag.py:538} INFO - Filling up the DagBag from /home/myc-ti-2/airflow_workspace/airflow_env/lib/python3.10/site-packages/airflow/example_dags/tutorial_objectstorage.py
[2023-12-21T13:09:09.558-0300] {processor.py:840} INFO - DAG(s) 'tutorial_objectstorage' retrieved from /home/myc-ti-2/airflow_workspace/airflow_env/lib/python3.10/site-packages/airflow/example_dags/tutorial_objectstorage.py
[2023-12-21T13:09:09.578-0300] {logging_mixin.py:188} INFO - [2023-12-21T13:09:09.577-0300] {dag.py:3033} INFO - Sync 1 DAGs
[2023-12-21T13:09:09.593-0300] {logging_mixin.py:188} INFO - [2023-12-21T13:09:09.592-0300] {dag.py:3820} INFO - Setting next_dagrun for tutorial_objectstorage to None, run_after=None
[2023-12-21T13:09:09.731-0300] {processor.py:183} INFO - Processing /home/myc-ti-2/airflow_workspace/airflow_env/lib/python3.10/site-packages/airflow/example_dags/tutorial_objectstorage.py took 0.189 seconds
[2023-12-21T13:09:45.396-0300] {processor.py:161} INFO - Started process (PID=9265) to work on /home/myc-ti-2/airflow_workspace/airflow_env/lib/python3.10/site-packages/airflow/example_dags/tutorial_objectstorage.py
[2023-12-21T13:09:45.417-0300] {processor.py:830} INFO - Processing file /home/myc-ti-2/airflow_workspace/airflow_env/lib/python3.10/site-packages/airflow/example_dags/tutorial_objectstorage.py for tasks to queue
[2023-12-21T13:09:45.419-0300] {logging_mixin.py:188} INFO - [2023-12-21T13:09:45.418-0300] {dagbag.py:538} INFO - Filling up the DagBag from /home/myc-ti-2/airflow_workspace/airflow_env/lib/python3.10/site-packages/airflow/example_dags/tutorial_objectstorage.py
[2023-12-21T13:09:45.428-0300] {processor.py:840} INFO - DAG(s) 'tutorial_objectstorage' retrieved from /home/myc-ti-2/airflow_workspace/airflow_env/lib/python3.10/site-packages/airflow/example_dags/tutorial_objectstorage.py
[2023-12-21T13:09:45.448-0300] {logging_mixin.py:188} INFO - [2023-12-21T13:09:45.447-0300] {dag.py:3033} INFO - Sync 1 DAGs
[2023-12-21T13:09:45.462-0300] {logging_mixin.py:188} INFO - [2023-12-21T13:09:45.462-0300] {dag.py:3820} INFO - Setting next_dagrun for tutorial_objectstorage to None, run_after=None
[2023-12-21T13:09:45.643-0300] {processor.py:183} INFO - Processing /home/myc-ti-2/airflow_workspace/airflow_env/lib/python3.10/site-packages/airflow/example_dags/tutorial_objectstorage.py took 0.251 seconds
[2023-12-21T13:10:20.385-0300] {processor.py:161} INFO - Started process (PID=9408) to work on /home/myc-ti-2/airflow_workspace/airflow_env/lib/python3.10/site-packages/airflow/example_dags/tutorial_objectstorage.py
[2023-12-21T13:10:20.404-0300] {processor.py:830} INFO - Processing file /home/myc-ti-2/airflow_workspace/airflow_env/lib/python3.10/site-packages/airflow/example_dags/tutorial_objectstorage.py for tasks to queue
[2023-12-21T13:10:20.406-0300] {logging_mixin.py:188} INFO - [2023-12-21T13:10:20.405-0300] {dagbag.py:538} INFO - Filling up the DagBag from /home/myc-ti-2/airflow_workspace/airflow_env/lib/python3.10/site-packages/airflow/example_dags/tutorial_objectstorage.py
[2023-12-21T13:10:20.417-0300] {processor.py:840} INFO - DAG(s) 'tutorial_objectstorage' retrieved from /home/myc-ti-2/airflow_workspace/airflow_env/lib/python3.10/site-packages/airflow/example_dags/tutorial_objectstorage.py
[2023-12-21T13:10:20.441-0300] {logging_mixin.py:188} INFO - [2023-12-21T13:10:20.441-0300] {dag.py:3033} INFO - Sync 1 DAGs
[2023-12-21T13:10:20.460-0300] {logging_mixin.py:188} INFO - [2023-12-21T13:10:20.460-0300] {dag.py:3820} INFO - Setting next_dagrun for tutorial_objectstorage to None, run_after=None
[2023-12-21T13:10:20.692-0300] {processor.py:183} INFO - Processing /home/myc-ti-2/airflow_workspace/airflow_env/lib/python3.10/site-packages/airflow/example_dags/tutorial_objectstorage.py took 0.315 seconds
[2023-12-21T13:10:54.148-0300] {processor.py:161} INFO - Started process (PID=9624) to work on /home/myc-ti-2/airflow_workspace/airflow_env/lib/python3.10/site-packages/airflow/example_dags/tutorial_objectstorage.py
[2023-12-21T13:10:54.189-0300] {processor.py:830} INFO - Processing file /home/myc-ti-2/airflow_workspace/airflow_env/lib/python3.10/site-packages/airflow/example_dags/tutorial_objectstorage.py for tasks to queue
[2023-12-21T13:10:54.191-0300] {logging_mixin.py:188} INFO - [2023-12-21T13:10:54.190-0300] {dagbag.py:538} INFO - Filling up the DagBag from /home/myc-ti-2/airflow_workspace/airflow_env/lib/python3.10/site-packages/airflow/example_dags/tutorial_objectstorage.py
[2023-12-21T13:10:54.199-0300] {processor.py:840} INFO - DAG(s) 'tutorial_objectstorage' retrieved from /home/myc-ti-2/airflow_workspace/airflow_env/lib/python3.10/site-packages/airflow/example_dags/tutorial_objectstorage.py
[2023-12-21T13:10:54.218-0300] {logging_mixin.py:188} INFO - [2023-12-21T13:10:54.218-0300] {dag.py:3033} INFO - Sync 1 DAGs
[2023-12-21T13:10:54.233-0300] {logging_mixin.py:188} INFO - [2023-12-21T13:10:54.232-0300] {dag.py:3820} INFO - Setting next_dagrun for tutorial_objectstorage to None, run_after=None
[2023-12-21T13:10:54.357-0300] {processor.py:183} INFO - Processing /home/myc-ti-2/airflow_workspace/airflow_env/lib/python3.10/site-packages/airflow/example_dags/tutorial_objectstorage.py took 0.213 seconds
[2023-12-21T13:11:59.419-0300] {processor.py:161} INFO - Started process (PID=10045) to work on /home/myc-ti-2/airflow_workspace/airflow_env/lib/python3.10/site-packages/airflow/example_dags/tutorial_objectstorage.py
[2023-12-21T13:11:59.422-0300] {processor.py:830} INFO - Processing file /home/myc-ti-2/airflow_workspace/airflow_env/lib/python3.10/site-packages/airflow/example_dags/tutorial_objectstorage.py for tasks to queue
[2023-12-21T13:11:59.424-0300] {logging_mixin.py:188} INFO - [2023-12-21T13:11:59.423-0300] {dagbag.py:538} INFO - Filling up the DagBag from /home/myc-ti-2/airflow_workspace/airflow_env/lib/python3.10/site-packages/airflow/example_dags/tutorial_objectstorage.py
[2023-12-21T13:11:59.440-0300] {processor.py:840} INFO - DAG(s) 'tutorial_objectstorage' retrieved from /home/myc-ti-2/airflow_workspace/airflow_env/lib/python3.10/site-packages/airflow/example_dags/tutorial_objectstorage.py
[2023-12-21T13:11:59.468-0300] {logging_mixin.py:188} INFO - [2023-12-21T13:11:59.467-0300] {dag.py:3033} INFO - Sync 1 DAGs
[2023-12-21T13:11:59.485-0300] {logging_mixin.py:188} INFO - [2023-12-21T13:11:59.485-0300] {dag.py:3820} INFO - Setting next_dagrun for tutorial_objectstorage to None, run_after=None
[2023-12-21T13:11:59.607-0300] {processor.py:183} INFO - Processing /home/myc-ti-2/airflow_workspace/airflow_env/lib/python3.10/site-packages/airflow/example_dags/tutorial_objectstorage.py took 0.194 seconds
[2023-12-21T13:13:01.401-0300] {processor.py:161} INFO - Started process (PID=10128) to work on /home/myc-ti-2/airflow_workspace/airflow_env/lib/python3.10/site-packages/airflow/example_dags/tutorial_objectstorage.py
[2023-12-21T13:13:01.409-0300] {processor.py:830} INFO - Processing file /home/myc-ti-2/airflow_workspace/airflow_env/lib/python3.10/site-packages/airflow/example_dags/tutorial_objectstorage.py for tasks to queue
[2023-12-21T13:13:01.411-0300] {logging_mixin.py:188} INFO - [2023-12-21T13:13:01.410-0300] {dagbag.py:538} INFO - Filling up the DagBag from /home/myc-ti-2/airflow_workspace/airflow_env/lib/python3.10/site-packages/airflow/example_dags/tutorial_objectstorage.py
[2023-12-21T13:13:01.419-0300] {processor.py:840} INFO - DAG(s) 'tutorial_objectstorage' retrieved from /home/myc-ti-2/airflow_workspace/airflow_env/lib/python3.10/site-packages/airflow/example_dags/tutorial_objectstorage.py
[2023-12-21T13:13:01.438-0300] {logging_mixin.py:188} INFO - [2023-12-21T13:13:01.437-0300] {dag.py:3033} INFO - Sync 1 DAGs
[2023-12-21T13:13:01.452-0300] {logging_mixin.py:188} INFO - [2023-12-21T13:13:01.452-0300] {dag.py:3820} INFO - Setting next_dagrun for tutorial_objectstorage to None, run_after=None
[2023-12-21T13:13:01.561-0300] {processor.py:183} INFO - Processing /home/myc-ti-2/airflow_workspace/airflow_env/lib/python3.10/site-packages/airflow/example_dags/tutorial_objectstorage.py took 0.165 seconds
[2023-12-21T13:14:02.761-0300] {processor.py:161} INFO - Started process (PID=10316) to work on /home/myc-ti-2/airflow_workspace/airflow_env/lib/python3.10/site-packages/airflow/example_dags/tutorial_objectstorage.py
[2023-12-21T13:14:02.782-0300] {processor.py:830} INFO - Processing file /home/myc-ti-2/airflow_workspace/airflow_env/lib/python3.10/site-packages/airflow/example_dags/tutorial_objectstorage.py for tasks to queue
[2023-12-21T13:14:02.784-0300] {logging_mixin.py:188} INFO - [2023-12-21T13:14:02.784-0300] {dagbag.py:538} INFO - Filling up the DagBag from /home/myc-ti-2/airflow_workspace/airflow_env/lib/python3.10/site-packages/airflow/example_dags/tutorial_objectstorage.py
[2023-12-21T13:14:02.800-0300] {processor.py:840} INFO - DAG(s) 'tutorial_objectstorage' retrieved from /home/myc-ti-2/airflow_workspace/airflow_env/lib/python3.10/site-packages/airflow/example_dags/tutorial_objectstorage.py
[2023-12-21T13:14:02.837-0300] {logging_mixin.py:188} INFO - [2023-12-21T13:14:02.837-0300] {dag.py:3033} INFO - Sync 1 DAGs
[2023-12-21T13:14:02.855-0300] {logging_mixin.py:188} INFO - [2023-12-21T13:14:02.855-0300] {dag.py:3820} INFO - Setting next_dagrun for tutorial_objectstorage to None, run_after=None
[2023-12-21T13:14:02.978-0300] {processor.py:183} INFO - Processing /home/myc-ti-2/airflow_workspace/airflow_env/lib/python3.10/site-packages/airflow/example_dags/tutorial_objectstorage.py took 0.224 seconds
[2023-12-21T13:15:09.316-0300] {processor.py:161} INFO - Started process (PID=10485) to work on /home/myc-ti-2/airflow_workspace/airflow_env/lib/python3.10/site-packages/airflow/example_dags/tutorial_objectstorage.py
[2023-12-21T13:15:09.325-0300] {processor.py:830} INFO - Processing file /home/myc-ti-2/airflow_workspace/airflow_env/lib/python3.10/site-packages/airflow/example_dags/tutorial_objectstorage.py for tasks to queue
[2023-12-21T13:15:09.327-0300] {logging_mixin.py:188} INFO - [2023-12-21T13:15:09.326-0300] {dagbag.py:538} INFO - Filling up the DagBag from /home/myc-ti-2/airflow_workspace/airflow_env/lib/python3.10/site-packages/airflow/example_dags/tutorial_objectstorage.py
[2023-12-21T13:15:09.343-0300] {processor.py:840} INFO - DAG(s) 'tutorial_objectstorage' retrieved from /home/myc-ti-2/airflow_workspace/airflow_env/lib/python3.10/site-packages/airflow/example_dags/tutorial_objectstorage.py
[2023-12-21T13:15:09.375-0300] {logging_mixin.py:188} INFO - [2023-12-21T13:15:09.375-0300] {dag.py:3033} INFO - Sync 1 DAGs
[2023-12-21T13:15:09.393-0300] {logging_mixin.py:188} INFO - [2023-12-21T13:15:09.393-0300] {dag.py:3820} INFO - Setting next_dagrun for tutorial_objectstorage to None, run_after=None
[2023-12-21T13:15:09.508-0300] {processor.py:183} INFO - Processing /home/myc-ti-2/airflow_workspace/airflow_env/lib/python3.10/site-packages/airflow/example_dags/tutorial_objectstorage.py took 0.199 seconds
