[2023-12-21T12:57:22.007-0300] {processor.py:161} INFO - Started process (PID=6951) to work on /home/myc-ti-2/airflow_workspace/airflow_env/lib/python3.10/site-packages/airflow/example_dags/tutorial.py
[2023-12-21T12:57:22.009-0300] {processor.py:830} INFO - Processing file /home/myc-ti-2/airflow_workspace/airflow_env/lib/python3.10/site-packages/airflow/example_dags/tutorial.py for tasks to queue
[2023-12-21T12:57:22.011-0300] {logging_mixin.py:188} INFO - [2023-12-21T12:57:22.010-0300] {dagbag.py:538} INFO - Filling up the DagBag from /home/myc-ti-2/airflow_workspace/airflow_env/lib/python3.10/site-packages/airflow/example_dags/tutorial.py
[2023-12-21T12:57:22.180-0300] {processor.py:840} INFO - DAG(s) 'tutorial' retrieved from /home/myc-ti-2/airflow_workspace/airflow_env/lib/python3.10/site-packages/airflow/example_dags/tutorial.py
[2023-12-21T12:57:22.500-0300] {logging_mixin.py:188} INFO - [2023-12-21T12:57:22.498-0300] {override.py:1769} INFO - Created Permission View: can edit on DAG:tutorial
[2023-12-21T12:57:22.591-0300] {logging_mixin.py:188} INFO - [2023-12-21T12:57:22.590-0300] {override.py:1769} INFO - Created Permission View: can delete on DAG:tutorial
[2023-12-21T12:57:22.674-0300] {logging_mixin.py:188} INFO - [2023-12-21T12:57:22.673-0300] {override.py:1769} INFO - Created Permission View: can read on DAG:tutorial
[2023-12-21T12:57:22.675-0300] {logging_mixin.py:188} INFO - [2023-12-21T12:57:22.675-0300] {dag.py:3033} INFO - Sync 1 DAGs
[2023-12-21T12:57:22.701-0300] {logging_mixin.py:188} INFO - [2023-12-21T12:57:22.701-0300] {dag.py:3055} INFO - Creating ORM DAG for tutorial
[2023-12-21T12:57:22.722-0300] {logging_mixin.py:188} INFO - [2023-12-21T12:57:22.722-0300] {dag.py:3820} INFO - Setting next_dagrun for tutorial to 2023-12-20T00:00:00+00:00, run_after=2023-12-21T00:00:00+00:00
[2023-12-21T12:57:22.939-0300] {processor.py:183} INFO - Processing /home/myc-ti-2/airflow_workspace/airflow_env/lib/python3.10/site-packages/airflow/example_dags/tutorial.py took 0.938 seconds
[2023-12-21T12:59:09.901-0300] {processor.py:161} INFO - Started process (PID=7121) to work on /home/myc-ti-2/airflow_workspace/airflow_env/lib/python3.10/site-packages/airflow/example_dags/tutorial.py
[2023-12-21T12:59:09.921-0300] {processor.py:830} INFO - Processing file /home/myc-ti-2/airflow_workspace/airflow_env/lib/python3.10/site-packages/airflow/example_dags/tutorial.py for tasks to queue
[2023-12-21T12:59:09.923-0300] {logging_mixin.py:188} INFO - [2023-12-21T12:59:09.922-0300] {dagbag.py:538} INFO - Filling up the DagBag from /home/myc-ti-2/airflow_workspace/airflow_env/lib/python3.10/site-packages/airflow/example_dags/tutorial.py
[2023-12-21T12:59:09.939-0300] {processor.py:840} INFO - DAG(s) 'tutorial' retrieved from /home/myc-ti-2/airflow_workspace/airflow_env/lib/python3.10/site-packages/airflow/example_dags/tutorial.py
[2023-12-21T12:59:09.977-0300] {logging_mixin.py:188} INFO - [2023-12-21T12:59:09.977-0300] {dag.py:3033} INFO - Sync 1 DAGs
[2023-12-21T12:59:10.008-0300] {logging_mixin.py:188} INFO - [2023-12-21T12:59:10.008-0300] {dag.py:3820} INFO - Setting next_dagrun for tutorial to 2023-12-20T00:00:00+00:00, run_after=2023-12-21T00:00:00+00:00
[2023-12-21T12:59:10.102-0300] {processor.py:183} INFO - Processing /home/myc-ti-2/airflow_workspace/airflow_env/lib/python3.10/site-packages/airflow/example_dags/tutorial.py took 0.208 seconds
[2023-12-21T13:00:08.345-0300] {processor.py:161} INFO - Started process (PID=7180) to work on /home/myc-ti-2/airflow_workspace/airflow_env/lib/python3.10/site-packages/airflow/example_dags/tutorial.py
[2023-12-21T13:00:08.360-0300] {processor.py:830} INFO - Processing file /home/myc-ti-2/airflow_workspace/airflow_env/lib/python3.10/site-packages/airflow/example_dags/tutorial.py for tasks to queue
[2023-12-21T13:00:08.362-0300] {logging_mixin.py:188} INFO - [2023-12-21T13:00:08.361-0300] {dagbag.py:538} INFO - Filling up the DagBag from /home/myc-ti-2/airflow_workspace/airflow_env/lib/python3.10/site-packages/airflow/example_dags/tutorial.py
[2023-12-21T13:00:08.378-0300] {processor.py:840} INFO - DAG(s) 'tutorial' retrieved from /home/myc-ti-2/airflow_workspace/airflow_env/lib/python3.10/site-packages/airflow/example_dags/tutorial.py
[2023-12-21T13:00:08.414-0300] {logging_mixin.py:188} INFO - [2023-12-21T13:00:08.413-0300] {dag.py:3033} INFO - Sync 1 DAGs
[2023-12-21T13:00:08.444-0300] {logging_mixin.py:188} INFO - [2023-12-21T13:00:08.444-0300] {dag.py:3820} INFO - Setting next_dagrun for tutorial to 2023-12-20T00:00:00+00:00, run_after=2023-12-21T00:00:00+00:00
[2023-12-21T13:00:08.533-0300] {processor.py:183} INFO - Processing /home/myc-ti-2/airflow_workspace/airflow_env/lib/python3.10/site-packages/airflow/example_dags/tutorial.py took 0.194 seconds
[2023-12-21T13:00:55.158-0300] {processor.py:161} INFO - Started process (PID=7246) to work on /home/myc-ti-2/airflow_workspace/airflow_env/lib/python3.10/site-packages/airflow/example_dags/tutorial.py
[2023-12-21T13:00:55.160-0300] {processor.py:830} INFO - Processing file /home/myc-ti-2/airflow_workspace/airflow_env/lib/python3.10/site-packages/airflow/example_dags/tutorial.py for tasks to queue
[2023-12-21T13:00:55.162-0300] {logging_mixin.py:188} INFO - [2023-12-21T13:00:55.161-0300] {dagbag.py:538} INFO - Filling up the DagBag from /home/myc-ti-2/airflow_workspace/airflow_env/lib/python3.10/site-packages/airflow/example_dags/tutorial.py
[2023-12-21T13:00:55.178-0300] {processor.py:840} INFO - DAG(s) 'tutorial' retrieved from /home/myc-ti-2/airflow_workspace/airflow_env/lib/python3.10/site-packages/airflow/example_dags/tutorial.py
[2023-12-21T13:00:55.207-0300] {logging_mixin.py:188} INFO - [2023-12-21T13:00:55.207-0300] {dag.py:3033} INFO - Sync 1 DAGs
[2023-12-21T13:00:55.238-0300] {logging_mixin.py:188} INFO - [2023-12-21T13:00:55.238-0300] {dag.py:3820} INFO - Setting next_dagrun for tutorial to 2023-12-20T00:00:00+00:00, run_after=2023-12-21T00:00:00+00:00
[2023-12-21T13:00:55.341-0300] {processor.py:183} INFO - Processing /home/myc-ti-2/airflow_workspace/airflow_env/lib/python3.10/site-packages/airflow/example_dags/tutorial.py took 0.191 seconds
[2023-12-21T13:01:58.064-0300] {processor.py:161} INFO - Started process (PID=7317) to work on /home/myc-ti-2/airflow_workspace/airflow_env/lib/python3.10/site-packages/airflow/example_dags/tutorial.py
[2023-12-21T13:01:58.082-0300] {processor.py:830} INFO - Processing file /home/myc-ti-2/airflow_workspace/airflow_env/lib/python3.10/site-packages/airflow/example_dags/tutorial.py for tasks to queue
[2023-12-21T13:01:58.084-0300] {logging_mixin.py:188} INFO - [2023-12-21T13:01:58.083-0300] {dagbag.py:538} INFO - Filling up the DagBag from /home/myc-ti-2/airflow_workspace/airflow_env/lib/python3.10/site-packages/airflow/example_dags/tutorial.py
[2023-12-21T13:01:58.100-0300] {processor.py:840} INFO - DAG(s) 'tutorial' retrieved from /home/myc-ti-2/airflow_workspace/airflow_env/lib/python3.10/site-packages/airflow/example_dags/tutorial.py
[2023-12-21T13:01:58.135-0300] {logging_mixin.py:188} INFO - [2023-12-21T13:01:58.135-0300] {dag.py:3033} INFO - Sync 1 DAGs
[2023-12-21T13:01:58.167-0300] {logging_mixin.py:188} INFO - [2023-12-21T13:01:58.166-0300] {dag.py:3820} INFO - Setting next_dagrun for tutorial to 2023-12-20T00:00:00+00:00, run_after=2023-12-21T00:00:00+00:00
[2023-12-21T13:01:58.262-0300] {processor.py:183} INFO - Processing /home/myc-ti-2/airflow_workspace/airflow_env/lib/python3.10/site-packages/airflow/example_dags/tutorial.py took 0.205 seconds
[2023-12-21T13:02:39.919-0300] {processor.py:161} INFO - Started process (PID=7368) to work on /home/myc-ti-2/airflow_workspace/airflow_env/lib/python3.10/site-packages/airflow/example_dags/tutorial.py
[2023-12-21T13:02:39.938-0300] {processor.py:830} INFO - Processing file /home/myc-ti-2/airflow_workspace/airflow_env/lib/python3.10/site-packages/airflow/example_dags/tutorial.py for tasks to queue
[2023-12-21T13:02:39.940-0300] {logging_mixin.py:188} INFO - [2023-12-21T13:02:39.939-0300] {dagbag.py:538} INFO - Filling up the DagBag from /home/myc-ti-2/airflow_workspace/airflow_env/lib/python3.10/site-packages/airflow/example_dags/tutorial.py
[2023-12-21T13:02:39.950-0300] {processor.py:840} INFO - DAG(s) 'tutorial' retrieved from /home/myc-ti-2/airflow_workspace/airflow_env/lib/python3.10/site-packages/airflow/example_dags/tutorial.py
[2023-12-21T13:02:39.972-0300] {logging_mixin.py:188} INFO - [2023-12-21T13:02:39.971-0300] {dag.py:3033} INFO - Sync 1 DAGs
[2023-12-21T13:02:39.998-0300] {logging_mixin.py:188} INFO - [2023-12-21T13:02:39.998-0300] {dag.py:3820} INFO - Setting next_dagrun for tutorial to 2023-12-20T00:00:00+00:00, run_after=2023-12-21T00:00:00+00:00
[2023-12-21T13:02:40.108-0300] {processor.py:183} INFO - Processing /home/myc-ti-2/airflow_workspace/airflow_env/lib/python3.10/site-packages/airflow/example_dags/tutorial.py took 0.195 seconds
[2023-12-21T13:03:37.049-0300] {processor.py:161} INFO - Started process (PID=7429) to work on /home/myc-ti-2/airflow_workspace/airflow_env/lib/python3.10/site-packages/airflow/example_dags/tutorial.py
[2023-12-21T13:03:37.065-0300] {processor.py:830} INFO - Processing file /home/myc-ti-2/airflow_workspace/airflow_env/lib/python3.10/site-packages/airflow/example_dags/tutorial.py for tasks to queue
[2023-12-21T13:03:37.067-0300] {logging_mixin.py:188} INFO - [2023-12-21T13:03:37.066-0300] {dagbag.py:538} INFO - Filling up the DagBag from /home/myc-ti-2/airflow_workspace/airflow_env/lib/python3.10/site-packages/airflow/example_dags/tutorial.py
[2023-12-21T13:03:37.084-0300] {processor.py:840} INFO - DAG(s) 'tutorial' retrieved from /home/myc-ti-2/airflow_workspace/airflow_env/lib/python3.10/site-packages/airflow/example_dags/tutorial.py
[2023-12-21T13:03:37.119-0300] {logging_mixin.py:188} INFO - [2023-12-21T13:03:37.119-0300] {dag.py:3033} INFO - Sync 1 DAGs
[2023-12-21T13:03:37.150-0300] {logging_mixin.py:188} INFO - [2023-12-21T13:03:37.150-0300] {dag.py:3820} INFO - Setting next_dagrun for tutorial to 2023-12-20T00:00:00+00:00, run_after=2023-12-21T00:00:00+00:00
[2023-12-21T13:03:37.250-0300] {processor.py:183} INFO - Processing /home/myc-ti-2/airflow_workspace/airflow_env/lib/python3.10/site-packages/airflow/example_dags/tutorial.py took 0.208 seconds
[2023-12-21T13:04:36.143-0300] {processor.py:161} INFO - Started process (PID=7485) to work on /home/myc-ti-2/airflow_workspace/airflow_env/lib/python3.10/site-packages/airflow/example_dags/tutorial.py
[2023-12-21T13:04:36.145-0300] {processor.py:830} INFO - Processing file /home/myc-ti-2/airflow_workspace/airflow_env/lib/python3.10/site-packages/airflow/example_dags/tutorial.py for tasks to queue
[2023-12-21T13:04:36.147-0300] {logging_mixin.py:188} INFO - [2023-12-21T13:04:36.146-0300] {dagbag.py:538} INFO - Filling up the DagBag from /home/myc-ti-2/airflow_workspace/airflow_env/lib/python3.10/site-packages/airflow/example_dags/tutorial.py
[2023-12-21T13:04:36.163-0300] {processor.py:840} INFO - DAG(s) 'tutorial' retrieved from /home/myc-ti-2/airflow_workspace/airflow_env/lib/python3.10/site-packages/airflow/example_dags/tutorial.py
[2023-12-21T13:04:36.190-0300] {logging_mixin.py:188} INFO - [2023-12-21T13:04:36.190-0300] {dag.py:3033} INFO - Sync 1 DAGs
[2023-12-21T13:04:36.222-0300] {logging_mixin.py:188} INFO - [2023-12-21T13:04:36.221-0300] {dag.py:3820} INFO - Setting next_dagrun for tutorial to 2023-12-20T00:00:00+00:00, run_after=2023-12-21T00:00:00+00:00
[2023-12-21T13:04:36.343-0300] {processor.py:183} INFO - Processing /home/myc-ti-2/airflow_workspace/airflow_env/lib/python3.10/site-packages/airflow/example_dags/tutorial.py took 0.207 seconds
[2023-12-21T13:05:44.891-0300] {processor.py:161} INFO - Started process (PID=7555) to work on /home/myc-ti-2/airflow_workspace/airflow_env/lib/python3.10/site-packages/airflow/example_dags/tutorial.py
[2023-12-21T13:05:44.893-0300] {processor.py:830} INFO - Processing file /home/myc-ti-2/airflow_workspace/airflow_env/lib/python3.10/site-packages/airflow/example_dags/tutorial.py for tasks to queue
[2023-12-21T13:05:44.895-0300] {logging_mixin.py:188} INFO - [2023-12-21T13:05:44.894-0300] {dagbag.py:538} INFO - Filling up the DagBag from /home/myc-ti-2/airflow_workspace/airflow_env/lib/python3.10/site-packages/airflow/example_dags/tutorial.py
[2023-12-21T13:05:44.911-0300] {processor.py:840} INFO - DAG(s) 'tutorial' retrieved from /home/myc-ti-2/airflow_workspace/airflow_env/lib/python3.10/site-packages/airflow/example_dags/tutorial.py
[2023-12-21T13:05:44.941-0300] {logging_mixin.py:188} INFO - [2023-12-21T13:05:44.940-0300] {dag.py:3033} INFO - Sync 1 DAGs
[2023-12-21T13:05:44.971-0300] {logging_mixin.py:188} INFO - [2023-12-21T13:05:44.971-0300] {dag.py:3820} INFO - Setting next_dagrun for tutorial to 2023-12-20T00:00:00+00:00, run_after=2023-12-21T00:00:00+00:00
[2023-12-21T13:05:45.081-0300] {processor.py:183} INFO - Processing /home/myc-ti-2/airflow_workspace/airflow_env/lib/python3.10/site-packages/airflow/example_dags/tutorial.py took 0.198 seconds
[2023-12-21T13:06:59.722-0300] {processor.py:161} INFO - Started process (PID=7703) to work on /home/myc-ti-2/airflow_workspace/airflow_env/lib/python3.10/site-packages/airflow/example_dags/tutorial.py
[2023-12-21T13:06:59.724-0300] {processor.py:830} INFO - Processing file /home/myc-ti-2/airflow_workspace/airflow_env/lib/python3.10/site-packages/airflow/example_dags/tutorial.py for tasks to queue
[2023-12-21T13:06:59.726-0300] {logging_mixin.py:188} INFO - [2023-12-21T13:06:59.725-0300] {dagbag.py:538} INFO - Filling up the DagBag from /home/myc-ti-2/airflow_workspace/airflow_env/lib/python3.10/site-packages/airflow/example_dags/tutorial.py
[2023-12-21T13:06:59.742-0300] {processor.py:840} INFO - DAG(s) 'tutorial' retrieved from /home/myc-ti-2/airflow_workspace/airflow_env/lib/python3.10/site-packages/airflow/example_dags/tutorial.py
[2023-12-21T13:06:59.770-0300] {logging_mixin.py:188} INFO - [2023-12-21T13:06:59.770-0300] {dag.py:3033} INFO - Sync 1 DAGs
[2023-12-21T13:06:59.801-0300] {logging_mixin.py:188} INFO - [2023-12-21T13:06:59.801-0300] {dag.py:3820} INFO - Setting next_dagrun for tutorial to 2023-12-20T00:00:00+00:00, run_after=2023-12-21T00:00:00+00:00
[2023-12-21T13:06:59.944-0300] {processor.py:183} INFO - Processing /home/myc-ti-2/airflow_workspace/airflow_env/lib/python3.10/site-packages/airflow/example_dags/tutorial.py took 0.229 seconds
[2023-12-21T13:08:15.740-0300] {processor.py:161} INFO - Started process (PID=8510) to work on /home/myc-ti-2/airflow_workspace/airflow_env/lib/python3.10/site-packages/airflow/example_dags/tutorial.py
[2023-12-21T13:08:15.748-0300] {processor.py:830} INFO - Processing file /home/myc-ti-2/airflow_workspace/airflow_env/lib/python3.10/site-packages/airflow/example_dags/tutorial.py for tasks to queue
[2023-12-21T13:08:15.749-0300] {logging_mixin.py:188} INFO - [2023-12-21T13:08:15.749-0300] {dagbag.py:538} INFO - Filling up the DagBag from /home/myc-ti-2/airflow_workspace/airflow_env/lib/python3.10/site-packages/airflow/example_dags/tutorial.py
[2023-12-21T13:08:15.758-0300] {processor.py:840} INFO - DAG(s) 'tutorial' retrieved from /home/myc-ti-2/airflow_workspace/airflow_env/lib/python3.10/site-packages/airflow/example_dags/tutorial.py
[2023-12-21T13:08:15.779-0300] {logging_mixin.py:188} INFO - [2023-12-21T13:08:15.778-0300] {dag.py:3033} INFO - Sync 1 DAGs
[2023-12-21T13:08:15.806-0300] {logging_mixin.py:188} INFO - [2023-12-21T13:08:15.806-0300] {dag.py:3820} INFO - Setting next_dagrun for tutorial to 2023-12-20T00:00:00+00:00, run_after=2023-12-21T00:00:00+00:00
[2023-12-21T13:08:15.922-0300] {processor.py:183} INFO - Processing /home/myc-ti-2/airflow_workspace/airflow_env/lib/python3.10/site-packages/airflow/example_dags/tutorial.py took 0.186 seconds
[2023-12-21T13:09:16.397-0300] {processor.py:161} INFO - Started process (PID=9233) to work on /home/myc-ti-2/airflow_workspace/airflow_env/lib/python3.10/site-packages/airflow/example_dags/tutorial.py
[2023-12-21T13:09:16.427-0300] {processor.py:830} INFO - Processing file /home/myc-ti-2/airflow_workspace/airflow_env/lib/python3.10/site-packages/airflow/example_dags/tutorial.py for tasks to queue
[2023-12-21T13:09:16.429-0300] {logging_mixin.py:188} INFO - [2023-12-21T13:09:16.428-0300] {dagbag.py:538} INFO - Filling up the DagBag from /home/myc-ti-2/airflow_workspace/airflow_env/lib/python3.10/site-packages/airflow/example_dags/tutorial.py
[2023-12-21T13:09:16.439-0300] {processor.py:840} INFO - DAG(s) 'tutorial' retrieved from /home/myc-ti-2/airflow_workspace/airflow_env/lib/python3.10/site-packages/airflow/example_dags/tutorial.py
[2023-12-21T13:09:16.464-0300] {logging_mixin.py:188} INFO - [2023-12-21T13:09:16.464-0300] {dag.py:3033} INFO - Sync 1 DAGs
[2023-12-21T13:09:16.497-0300] {logging_mixin.py:188} INFO - [2023-12-21T13:09:16.497-0300] {dag.py:3820} INFO - Setting next_dagrun for tutorial to 2023-12-20T00:00:00+00:00, run_after=2023-12-21T00:00:00+00:00
[2023-12-21T13:09:16.696-0300] {processor.py:183} INFO - Processing /home/myc-ti-2/airflow_workspace/airflow_env/lib/python3.10/site-packages/airflow/example_dags/tutorial.py took 0.303 seconds
[2023-12-21T13:10:26.801-0300] {processor.py:161} INFO - Started process (PID=9429) to work on /home/myc-ti-2/airflow_workspace/airflow_env/lib/python3.10/site-packages/airflow/example_dags/tutorial.py
[2023-12-21T13:10:26.821-0300] {processor.py:830} INFO - Processing file /home/myc-ti-2/airflow_workspace/airflow_env/lib/python3.10/site-packages/airflow/example_dags/tutorial.py for tasks to queue
[2023-12-21T13:10:26.823-0300] {logging_mixin.py:188} INFO - [2023-12-21T13:10:26.822-0300] {dagbag.py:538} INFO - Filling up the DagBag from /home/myc-ti-2/airflow_workspace/airflow_env/lib/python3.10/site-packages/airflow/example_dags/tutorial.py
[2023-12-21T13:10:26.839-0300] {processor.py:840} INFO - DAG(s) 'tutorial' retrieved from /home/myc-ti-2/airflow_workspace/airflow_env/lib/python3.10/site-packages/airflow/example_dags/tutorial.py
[2023-12-21T13:10:26.876-0300] {logging_mixin.py:188} INFO - [2023-12-21T13:10:26.876-0300] {dag.py:3033} INFO - Sync 1 DAGs
[2023-12-21T13:10:26.908-0300] {logging_mixin.py:188} INFO - [2023-12-21T13:10:26.907-0300] {dag.py:3820} INFO - Setting next_dagrun for tutorial to 2023-12-20T00:00:00+00:00, run_after=2023-12-21T00:00:00+00:00
[2023-12-21T13:10:27.118-0300] {processor.py:183} INFO - Processing /home/myc-ti-2/airflow_workspace/airflow_env/lib/python3.10/site-packages/airflow/example_dags/tutorial.py took 0.324 seconds
[2023-12-21T13:11:33.139-0300] {processor.py:161} INFO - Started process (PID=9832) to work on /home/myc-ti-2/airflow_workspace/airflow_env/lib/python3.10/site-packages/airflow/example_dags/tutorial.py
[2023-12-21T13:11:33.159-0300] {processor.py:830} INFO - Processing file /home/myc-ti-2/airflow_workspace/airflow_env/lib/python3.10/site-packages/airflow/example_dags/tutorial.py for tasks to queue
[2023-12-21T13:11:33.161-0300] {logging_mixin.py:188} INFO - [2023-12-21T13:11:33.160-0300] {dagbag.py:538} INFO - Filling up the DagBag from /home/myc-ti-2/airflow_workspace/airflow_env/lib/python3.10/site-packages/airflow/example_dags/tutorial.py
[2023-12-21T13:11:33.169-0300] {processor.py:840} INFO - DAG(s) 'tutorial' retrieved from /home/myc-ti-2/airflow_workspace/airflow_env/lib/python3.10/site-packages/airflow/example_dags/tutorial.py
[2023-12-21T13:11:33.202-0300] {logging_mixin.py:188} INFO - [2023-12-21T13:11:33.202-0300] {dag.py:3033} INFO - Sync 1 DAGs
[2023-12-21T13:11:33.229-0300] {logging_mixin.py:188} INFO - [2023-12-21T13:11:33.229-0300] {dag.py:3820} INFO - Setting next_dagrun for tutorial to 2023-12-20T00:00:00+00:00, run_after=2023-12-21T00:00:00+00:00
[2023-12-21T13:11:33.337-0300] {processor.py:183} INFO - Processing /home/myc-ti-2/airflow_workspace/airflow_env/lib/python3.10/site-packages/airflow/example_dags/tutorial.py took 0.204 seconds
[2023-12-21T13:12:35.060-0300] {processor.py:161} INFO - Started process (PID=10094) to work on /home/myc-ti-2/airflow_workspace/airflow_env/lib/python3.10/site-packages/airflow/example_dags/tutorial.py
[2023-12-21T13:12:35.082-0300] {processor.py:830} INFO - Processing file /home/myc-ti-2/airflow_workspace/airflow_env/lib/python3.10/site-packages/airflow/example_dags/tutorial.py for tasks to queue
[2023-12-21T13:12:35.084-0300] {logging_mixin.py:188} INFO - [2023-12-21T13:12:35.083-0300] {dagbag.py:538} INFO - Filling up the DagBag from /home/myc-ti-2/airflow_workspace/airflow_env/lib/python3.10/site-packages/airflow/example_dags/tutorial.py
[2023-12-21T13:12:35.100-0300] {processor.py:840} INFO - DAG(s) 'tutorial' retrieved from /home/myc-ti-2/airflow_workspace/airflow_env/lib/python3.10/site-packages/airflow/example_dags/tutorial.py
[2023-12-21T13:12:35.138-0300] {logging_mixin.py:188} INFO - [2023-12-21T13:12:35.137-0300] {dag.py:3033} INFO - Sync 1 DAGs
[2023-12-21T13:12:35.169-0300] {logging_mixin.py:188} INFO - [2023-12-21T13:12:35.168-0300] {dag.py:3820} INFO - Setting next_dagrun for tutorial to 2023-12-20T00:00:00+00:00, run_after=2023-12-21T00:00:00+00:00
[2023-12-21T13:12:35.278-0300] {processor.py:183} INFO - Processing /home/myc-ti-2/airflow_workspace/airflow_env/lib/python3.10/site-packages/airflow/example_dags/tutorial.py took 0.225 seconds
[2023-12-21T13:13:38.417-0300] {processor.py:161} INFO - Started process (PID=10294) to work on /home/myc-ti-2/airflow_workspace/airflow_env/lib/python3.10/site-packages/airflow/example_dags/tutorial.py
[2023-12-21T13:13:38.436-0300] {processor.py:830} INFO - Processing file /home/myc-ti-2/airflow_workspace/airflow_env/lib/python3.10/site-packages/airflow/example_dags/tutorial.py for tasks to queue
[2023-12-21T13:13:38.438-0300] {logging_mixin.py:188} INFO - [2023-12-21T13:13:38.437-0300] {dagbag.py:538} INFO - Filling up the DagBag from /home/myc-ti-2/airflow_workspace/airflow_env/lib/python3.10/site-packages/airflow/example_dags/tutorial.py
[2023-12-21T13:13:38.454-0300] {processor.py:840} INFO - DAG(s) 'tutorial' retrieved from /home/myc-ti-2/airflow_workspace/airflow_env/lib/python3.10/site-packages/airflow/example_dags/tutorial.py
[2023-12-21T13:13:38.491-0300] {logging_mixin.py:188} INFO - [2023-12-21T13:13:38.491-0300] {dag.py:3033} INFO - Sync 1 DAGs
[2023-12-21T13:13:38.521-0300] {logging_mixin.py:188} INFO - [2023-12-21T13:13:38.521-0300] {dag.py:3820} INFO - Setting next_dagrun for tutorial to 2023-12-20T00:00:00+00:00, run_after=2023-12-21T00:00:00+00:00
[2023-12-21T13:13:38.637-0300] {processor.py:183} INFO - Processing /home/myc-ti-2/airflow_workspace/airflow_env/lib/python3.10/site-packages/airflow/example_dags/tutorial.py took 0.228 seconds
[2023-12-21T13:14:42.445-0300] {processor.py:161} INFO - Started process (PID=10354) to work on /home/myc-ti-2/airflow_workspace/airflow_env/lib/python3.10/site-packages/airflow/example_dags/tutorial.py
[2023-12-21T13:14:42.466-0300] {processor.py:830} INFO - Processing file /home/myc-ti-2/airflow_workspace/airflow_env/lib/python3.10/site-packages/airflow/example_dags/tutorial.py for tasks to queue
[2023-12-21T13:14:42.469-0300] {logging_mixin.py:188} INFO - [2023-12-21T13:14:42.468-0300] {dagbag.py:538} INFO - Filling up the DagBag from /home/myc-ti-2/airflow_workspace/airflow_env/lib/python3.10/site-packages/airflow/example_dags/tutorial.py
[2023-12-21T13:14:42.486-0300] {processor.py:840} INFO - DAG(s) 'tutorial' retrieved from /home/myc-ti-2/airflow_workspace/airflow_env/lib/python3.10/site-packages/airflow/example_dags/tutorial.py
[2023-12-21T13:14:42.519-0300] {logging_mixin.py:188} INFO - [2023-12-21T13:14:42.519-0300] {dag.py:3033} INFO - Sync 1 DAGs
[2023-12-21T13:14:42.553-0300] {logging_mixin.py:188} INFO - [2023-12-21T13:14:42.552-0300] {dag.py:3820} INFO - Setting next_dagrun for tutorial to 2023-12-20T00:00:00+00:00, run_after=2023-12-21T00:00:00+00:00
[2023-12-21T13:14:42.660-0300] {processor.py:183} INFO - Processing /home/myc-ti-2/airflow_workspace/airflow_env/lib/python3.10/site-packages/airflow/example_dags/tutorial.py took 0.222 seconds
