[2023-12-21T12:57:04.879-0300] {processor.py:161} INFO - Started process (PID=6910) to work on /home/myc-ti-2/airflow_workspace/airflow_env/lib/python3.10/site-packages/airflow/example_dags/subdags/subdag.py
[2023-12-21T12:57:04.881-0300] {processor.py:830} INFO - Processing file /home/myc-ti-2/airflow_workspace/airflow_env/lib/python3.10/site-packages/airflow/example_dags/subdags/subdag.py for tasks to queue
[2023-12-21T12:57:04.883-0300] {logging_mixin.py:188} INFO - [2023-12-21T12:57:04.882-0300] {dagbag.py:538} INFO - Filling up the DagBag from /home/myc-ti-2/airflow_workspace/airflow_env/lib/python3.10/site-packages/airflow/example_dags/subdags/subdag.py
[2023-12-21T12:57:04.887-0300] {processor.py:842} WARNING - No viable dags retrieved from /home/myc-ti-2/airflow_workspace/airflow_env/lib/python3.10/site-packages/airflow/example_dags/subdags/subdag.py
[2023-12-21T12:57:04.908-0300] {processor.py:183} INFO - Processing /home/myc-ti-2/airflow_workspace/airflow_env/lib/python3.10/site-packages/airflow/example_dags/subdags/subdag.py took 0.036 seconds
[2023-12-21T12:58:59.720-0300] {processor.py:161} INFO - Started process (PID=7109) to work on /home/myc-ti-2/airflow_workspace/airflow_env/lib/python3.10/site-packages/airflow/example_dags/subdags/subdag.py
[2023-12-21T12:58:59.740-0300] {processor.py:830} INFO - Processing file /home/myc-ti-2/airflow_workspace/airflow_env/lib/python3.10/site-packages/airflow/example_dags/subdags/subdag.py for tasks to queue
[2023-12-21T12:58:59.742-0300] {logging_mixin.py:188} INFO - [2023-12-21T12:58:59.741-0300] {dagbag.py:538} INFO - Filling up the DagBag from /home/myc-ti-2/airflow_workspace/airflow_env/lib/python3.10/site-packages/airflow/example_dags/subdags/subdag.py
[2023-12-21T12:58:59.747-0300] {processor.py:842} WARNING - No viable dags retrieved from /home/myc-ti-2/airflow_workspace/airflow_env/lib/python3.10/site-packages/airflow/example_dags/subdags/subdag.py
[2023-12-21T12:58:59.770-0300] {processor.py:183} INFO - Processing /home/myc-ti-2/airflow_workspace/airflow_env/lib/python3.10/site-packages/airflow/example_dags/subdags/subdag.py took 0.057 seconds
[2023-12-21T12:59:39.885-0300] {processor.py:161} INFO - Started process (PID=7151) to work on /home/myc-ti-2/airflow_workspace/airflow_env/lib/python3.10/site-packages/airflow/example_dags/subdags/subdag.py
[2023-12-21T12:59:39.905-0300] {processor.py:830} INFO - Processing file /home/myc-ti-2/airflow_workspace/airflow_env/lib/python3.10/site-packages/airflow/example_dags/subdags/subdag.py for tasks to queue
[2023-12-21T12:59:39.907-0300] {logging_mixin.py:188} INFO - [2023-12-21T12:59:39.906-0300] {dagbag.py:538} INFO - Filling up the DagBag from /home/myc-ti-2/airflow_workspace/airflow_env/lib/python3.10/site-packages/airflow/example_dags/subdags/subdag.py
[2023-12-21T12:59:39.912-0300] {processor.py:842} WARNING - No viable dags retrieved from /home/myc-ti-2/airflow_workspace/airflow_env/lib/python3.10/site-packages/airflow/example_dags/subdags/subdag.py
[2023-12-21T12:59:39.935-0300] {processor.py:183} INFO - Processing /home/myc-ti-2/airflow_workspace/airflow_env/lib/python3.10/site-packages/airflow/example_dags/subdags/subdag.py took 0.057 seconds
[2023-12-21T13:00:44.315-0300] {processor.py:161} INFO - Started process (PID=7221) to work on /home/myc-ti-2/airflow_workspace/airflow_env/lib/python3.10/site-packages/airflow/example_dags/subdags/subdag.py
[2023-12-21T13:00:44.319-0300] {processor.py:830} INFO - Processing file /home/myc-ti-2/airflow_workspace/airflow_env/lib/python3.10/site-packages/airflow/example_dags/subdags/subdag.py for tasks to queue
[2023-12-21T13:00:44.322-0300] {logging_mixin.py:188} INFO - [2023-12-21T13:00:44.321-0300] {dagbag.py:538} INFO - Filling up the DagBag from /home/myc-ti-2/airflow_workspace/airflow_env/lib/python3.10/site-packages/airflow/example_dags/subdags/subdag.py
[2023-12-21T13:00:44.327-0300] {processor.py:842} WARNING - No viable dags retrieved from /home/myc-ti-2/airflow_workspace/airflow_env/lib/python3.10/site-packages/airflow/example_dags/subdags/subdag.py
[2023-12-21T13:00:44.356-0300] {processor.py:183} INFO - Processing /home/myc-ti-2/airflow_workspace/airflow_env/lib/python3.10/site-packages/airflow/example_dags/subdags/subdag.py took 0.048 seconds
[2023-12-21T13:01:21.902-0300] {processor.py:161} INFO - Started process (PID=7277) to work on /home/myc-ti-2/airflow_workspace/airflow_env/lib/python3.10/site-packages/airflow/example_dags/subdags/subdag.py
[2023-12-21T13:01:21.909-0300] {processor.py:830} INFO - Processing file /home/myc-ti-2/airflow_workspace/airflow_env/lib/python3.10/site-packages/airflow/example_dags/subdags/subdag.py for tasks to queue
[2023-12-21T13:01:21.911-0300] {logging_mixin.py:188} INFO - [2023-12-21T13:01:21.910-0300] {dagbag.py:538} INFO - Filling up the DagBag from /home/myc-ti-2/airflow_workspace/airflow_env/lib/python3.10/site-packages/airflow/example_dags/subdags/subdag.py
[2023-12-21T13:01:21.916-0300] {processor.py:842} WARNING - No viable dags retrieved from /home/myc-ti-2/airflow_workspace/airflow_env/lib/python3.10/site-packages/airflow/example_dags/subdags/subdag.py
[2023-12-21T13:01:21.941-0300] {processor.py:183} INFO - Processing /home/myc-ti-2/airflow_workspace/airflow_env/lib/python3.10/site-packages/airflow/example_dags/subdags/subdag.py took 0.047 seconds
[2023-12-21T13:01:52.808-0300] {processor.py:161} INFO - Started process (PID=7310) to work on /home/myc-ti-2/airflow_workspace/airflow_env/lib/python3.10/site-packages/airflow/example_dags/subdags/subdag.py
[2023-12-21T13:01:52.810-0300] {processor.py:830} INFO - Processing file /home/myc-ti-2/airflow_workspace/airflow_env/lib/python3.10/site-packages/airflow/example_dags/subdags/subdag.py for tasks to queue
[2023-12-21T13:01:52.812-0300] {logging_mixin.py:188} INFO - [2023-12-21T13:01:52.811-0300] {dagbag.py:538} INFO - Filling up the DagBag from /home/myc-ti-2/airflow_workspace/airflow_env/lib/python3.10/site-packages/airflow/example_dags/subdags/subdag.py
[2023-12-21T13:01:52.817-0300] {processor.py:842} WARNING - No viable dags retrieved from /home/myc-ti-2/airflow_workspace/airflow_env/lib/python3.10/site-packages/airflow/example_dags/subdags/subdag.py
[2023-12-21T13:01:52.841-0300] {processor.py:183} INFO - Processing /home/myc-ti-2/airflow_workspace/airflow_env/lib/python3.10/site-packages/airflow/example_dags/subdags/subdag.py took 0.039 seconds
[2023-12-21T13:02:28.482-0300] {processor.py:161} INFO - Started process (PID=7357) to work on /home/myc-ti-2/airflow_workspace/airflow_env/lib/python3.10/site-packages/airflow/example_dags/subdags/subdag.py
[2023-12-21T13:02:28.490-0300] {processor.py:830} INFO - Processing file /home/myc-ti-2/airflow_workspace/airflow_env/lib/python3.10/site-packages/airflow/example_dags/subdags/subdag.py for tasks to queue
[2023-12-21T13:02:28.491-0300] {logging_mixin.py:188} INFO - [2023-12-21T13:02:28.490-0300] {dagbag.py:538} INFO - Filling up the DagBag from /home/myc-ti-2/airflow_workspace/airflow_env/lib/python3.10/site-packages/airflow/example_dags/subdags/subdag.py
[2023-12-21T13:02:28.494-0300] {processor.py:842} WARNING - No viable dags retrieved from /home/myc-ti-2/airflow_workspace/airflow_env/lib/python3.10/site-packages/airflow/example_dags/subdags/subdag.py
[2023-12-21T13:02:28.506-0300] {processor.py:183} INFO - Processing /home/myc-ti-2/airflow_workspace/airflow_env/lib/python3.10/site-packages/airflow/example_dags/subdags/subdag.py took 0.029 seconds
[2023-12-21T13:03:02.153-0300] {processor.py:161} INFO - Started process (PID=7393) to work on /home/myc-ti-2/airflow_workspace/airflow_env/lib/python3.10/site-packages/airflow/example_dags/subdags/subdag.py
[2023-12-21T13:03:02.156-0300] {processor.py:830} INFO - Processing file /home/myc-ti-2/airflow_workspace/airflow_env/lib/python3.10/site-packages/airflow/example_dags/subdags/subdag.py for tasks to queue
[2023-12-21T13:03:02.158-0300] {logging_mixin.py:188} INFO - [2023-12-21T13:03:02.157-0300] {dagbag.py:538} INFO - Filling up the DagBag from /home/myc-ti-2/airflow_workspace/airflow_env/lib/python3.10/site-packages/airflow/example_dags/subdags/subdag.py
[2023-12-21T13:03:02.162-0300] {processor.py:842} WARNING - No viable dags retrieved from /home/myc-ti-2/airflow_workspace/airflow_env/lib/python3.10/site-packages/airflow/example_dags/subdags/subdag.py
[2023-12-21T13:03:02.187-0300] {processor.py:183} INFO - Processing /home/myc-ti-2/airflow_workspace/airflow_env/lib/python3.10/site-packages/airflow/example_dags/subdags/subdag.py took 0.041 seconds
[2023-12-21T13:03:57.820-0300] {processor.py:161} INFO - Started process (PID=7449) to work on /home/myc-ti-2/airflow_workspace/airflow_env/lib/python3.10/site-packages/airflow/example_dags/subdags/subdag.py
[2023-12-21T13:03:57.836-0300] {processor.py:830} INFO - Processing file /home/myc-ti-2/airflow_workspace/airflow_env/lib/python3.10/site-packages/airflow/example_dags/subdags/subdag.py for tasks to queue
[2023-12-21T13:03:57.838-0300] {logging_mixin.py:188} INFO - [2023-12-21T13:03:57.837-0300] {dagbag.py:538} INFO - Filling up the DagBag from /home/myc-ti-2/airflow_workspace/airflow_env/lib/python3.10/site-packages/airflow/example_dags/subdags/subdag.py
[2023-12-21T13:03:57.841-0300] {processor.py:842} WARNING - No viable dags retrieved from /home/myc-ti-2/airflow_workspace/airflow_env/lib/python3.10/site-packages/airflow/example_dags/subdags/subdag.py
[2023-12-21T13:03:57.856-0300] {processor.py:183} INFO - Processing /home/myc-ti-2/airflow_workspace/airflow_env/lib/python3.10/site-packages/airflow/example_dags/subdags/subdag.py took 0.041 seconds
[2023-12-21T13:04:28.112-0300] {processor.py:161} INFO - Started process (PID=7478) to work on /home/myc-ti-2/airflow_workspace/airflow_env/lib/python3.10/site-packages/airflow/example_dags/subdags/subdag.py
[2023-12-21T13:04:28.126-0300] {processor.py:830} INFO - Processing file /home/myc-ti-2/airflow_workspace/airflow_env/lib/python3.10/site-packages/airflow/example_dags/subdags/subdag.py for tasks to queue
[2023-12-21T13:04:28.127-0300] {logging_mixin.py:188} INFO - [2023-12-21T13:04:28.127-0300] {dagbag.py:538} INFO - Filling up the DagBag from /home/myc-ti-2/airflow_workspace/airflow_env/lib/python3.10/site-packages/airflow/example_dags/subdags/subdag.py
[2023-12-21T13:04:28.131-0300] {processor.py:842} WARNING - No viable dags retrieved from /home/myc-ti-2/airflow_workspace/airflow_env/lib/python3.10/site-packages/airflow/example_dags/subdags/subdag.py
[2023-12-21T13:04:28.147-0300] {processor.py:183} INFO - Processing /home/myc-ti-2/airflow_workspace/airflow_env/lib/python3.10/site-packages/airflow/example_dags/subdags/subdag.py took 0.041 seconds
[2023-12-21T13:05:29.683-0300] {processor.py:161} INFO - Started process (PID=7540) to work on /home/myc-ti-2/airflow_workspace/airflow_env/lib/python3.10/site-packages/airflow/example_dags/subdags/subdag.py
[2023-12-21T13:05:29.724-0300] {processor.py:830} INFO - Processing file /home/myc-ti-2/airflow_workspace/airflow_env/lib/python3.10/site-packages/airflow/example_dags/subdags/subdag.py for tasks to queue
[2023-12-21T13:05:29.725-0300] {logging_mixin.py:188} INFO - [2023-12-21T13:05:29.725-0300] {dagbag.py:538} INFO - Filling up the DagBag from /home/myc-ti-2/airflow_workspace/airflow_env/lib/python3.10/site-packages/airflow/example_dags/subdags/subdag.py
[2023-12-21T13:05:29.729-0300] {processor.py:842} WARNING - No viable dags retrieved from /home/myc-ti-2/airflow_workspace/airflow_env/lib/python3.10/site-packages/airflow/example_dags/subdags/subdag.py
[2023-12-21T13:05:29.856-0300] {processor.py:183} INFO - Processing /home/myc-ti-2/airflow_workspace/airflow_env/lib/python3.10/site-packages/airflow/example_dags/subdags/subdag.py took 0.179 seconds
[2023-12-21T13:06:12.224-0300] {processor.py:161} INFO - Started process (PID=7578) to work on /home/myc-ti-2/airflow_workspace/airflow_env/lib/python3.10/site-packages/airflow/example_dags/subdags/subdag.py
[2023-12-21T13:06:12.226-0300] {processor.py:830} INFO - Processing file /home/myc-ti-2/airflow_workspace/airflow_env/lib/python3.10/site-packages/airflow/example_dags/subdags/subdag.py for tasks to queue
[2023-12-21T13:06:12.227-0300] {logging_mixin.py:188} INFO - [2023-12-21T13:06:12.226-0300] {dagbag.py:538} INFO - Filling up the DagBag from /home/myc-ti-2/airflow_workspace/airflow_env/lib/python3.10/site-packages/airflow/example_dags/subdags/subdag.py
[2023-12-21T13:06:12.230-0300] {processor.py:842} WARNING - No viable dags retrieved from /home/myc-ti-2/airflow_workspace/airflow_env/lib/python3.10/site-packages/airflow/example_dags/subdags/subdag.py
[2023-12-21T13:06:12.248-0300] {processor.py:183} INFO - Processing /home/myc-ti-2/airflow_workspace/airflow_env/lib/python3.10/site-packages/airflow/example_dags/subdags/subdag.py took 0.029 seconds
[2023-12-21T13:06:50.171-0300] {processor.py:161} INFO - Started process (PID=7690) to work on /home/myc-ti-2/airflow_workspace/airflow_env/lib/python3.10/site-packages/airflow/example_dags/subdags/subdag.py
[2023-12-21T13:06:50.173-0300] {processor.py:830} INFO - Processing file /home/myc-ti-2/airflow_workspace/airflow_env/lib/python3.10/site-packages/airflow/example_dags/subdags/subdag.py for tasks to queue
[2023-12-21T13:06:50.175-0300] {logging_mixin.py:188} INFO - [2023-12-21T13:06:50.174-0300] {dagbag.py:538} INFO - Filling up the DagBag from /home/myc-ti-2/airflow_workspace/airflow_env/lib/python3.10/site-packages/airflow/example_dags/subdags/subdag.py
[2023-12-21T13:06:50.180-0300] {processor.py:842} WARNING - No viable dags retrieved from /home/myc-ti-2/airflow_workspace/airflow_env/lib/python3.10/site-packages/airflow/example_dags/subdags/subdag.py
[2023-12-21T13:06:50.204-0300] {processor.py:183} INFO - Processing /home/myc-ti-2/airflow_workspace/airflow_env/lib/python3.10/site-packages/airflow/example_dags/subdags/subdag.py took 0.040 seconds
[2023-12-21T13:07:27.199-0300] {processor.py:161} INFO - Started process (PID=7736) to work on /home/myc-ti-2/airflow_workspace/airflow_env/lib/python3.10/site-packages/airflow/example_dags/subdags/subdag.py
[2023-12-21T13:07:27.201-0300] {processor.py:830} INFO - Processing file /home/myc-ti-2/airflow_workspace/airflow_env/lib/python3.10/site-packages/airflow/example_dags/subdags/subdag.py for tasks to queue
[2023-12-21T13:07:27.202-0300] {logging_mixin.py:188} INFO - [2023-12-21T13:07:27.202-0300] {dagbag.py:538} INFO - Filling up the DagBag from /home/myc-ti-2/airflow_workspace/airflow_env/lib/python3.10/site-packages/airflow/example_dags/subdags/subdag.py
[2023-12-21T13:07:27.205-0300] {processor.py:842} WARNING - No viable dags retrieved from /home/myc-ti-2/airflow_workspace/airflow_env/lib/python3.10/site-packages/airflow/example_dags/subdags/subdag.py
[2023-12-21T13:07:27.221-0300] {processor.py:183} INFO - Processing /home/myc-ti-2/airflow_workspace/airflow_env/lib/python3.10/site-packages/airflow/example_dags/subdags/subdag.py took 0.026 seconds
[2023-12-21T13:08:05.315-0300] {processor.py:161} INFO - Started process (PID=8051) to work on /home/myc-ti-2/airflow_workspace/airflow_env/lib/python3.10/site-packages/airflow/example_dags/subdags/subdag.py
[2023-12-21T13:08:05.323-0300] {processor.py:830} INFO - Processing file /home/myc-ti-2/airflow_workspace/airflow_env/lib/python3.10/site-packages/airflow/example_dags/subdags/subdag.py for tasks to queue
[2023-12-21T13:08:05.324-0300] {logging_mixin.py:188} INFO - [2023-12-21T13:08:05.324-0300] {dagbag.py:538} INFO - Filling up the DagBag from /home/myc-ti-2/airflow_workspace/airflow_env/lib/python3.10/site-packages/airflow/example_dags/subdags/subdag.py
[2023-12-21T13:08:05.327-0300] {processor.py:842} WARNING - No viable dags retrieved from /home/myc-ti-2/airflow_workspace/airflow_env/lib/python3.10/site-packages/airflow/example_dags/subdags/subdag.py
[2023-12-21T13:08:05.341-0300] {processor.py:183} INFO - Processing /home/myc-ti-2/airflow_workspace/airflow_env/lib/python3.10/site-packages/airflow/example_dags/subdags/subdag.py took 0.031 seconds
[2023-12-21T13:08:37.304-0300] {processor.py:161} INFO - Started process (PID=9112) to work on /home/myc-ti-2/airflow_workspace/airflow_env/lib/python3.10/site-packages/airflow/example_dags/subdags/subdag.py
[2023-12-21T13:08:37.305-0300] {processor.py:830} INFO - Processing file /home/myc-ti-2/airflow_workspace/airflow_env/lib/python3.10/site-packages/airflow/example_dags/subdags/subdag.py for tasks to queue
[2023-12-21T13:08:37.306-0300] {logging_mixin.py:188} INFO - [2023-12-21T13:08:37.306-0300] {dagbag.py:538} INFO - Filling up the DagBag from /home/myc-ti-2/airflow_workspace/airflow_env/lib/python3.10/site-packages/airflow/example_dags/subdags/subdag.py
[2023-12-21T13:08:37.309-0300] {processor.py:842} WARNING - No viable dags retrieved from /home/myc-ti-2/airflow_workspace/airflow_env/lib/python3.10/site-packages/airflow/example_dags/subdags/subdag.py
[2023-12-21T13:08:37.322-0300] {processor.py:183} INFO - Processing /home/myc-ti-2/airflow_workspace/airflow_env/lib/python3.10/site-packages/airflow/example_dags/subdags/subdag.py took 0.022 seconds
[2023-12-21T13:09:07.576-0300] {processor.py:161} INFO - Started process (PID=9210) to work on /home/myc-ti-2/airflow_workspace/airflow_env/lib/python3.10/site-packages/airflow/example_dags/subdags/subdag.py
[2023-12-21T13:09:07.577-0300] {processor.py:830} INFO - Processing file /home/myc-ti-2/airflow_workspace/airflow_env/lib/python3.10/site-packages/airflow/example_dags/subdags/subdag.py for tasks to queue
[2023-12-21T13:09:07.578-0300] {logging_mixin.py:188} INFO - [2023-12-21T13:09:07.578-0300] {dagbag.py:538} INFO - Filling up the DagBag from /home/myc-ti-2/airflow_workspace/airflow_env/lib/python3.10/site-packages/airflow/example_dags/subdags/subdag.py
[2023-12-21T13:09:07.581-0300] {processor.py:842} WARNING - No viable dags retrieved from /home/myc-ti-2/airflow_workspace/airflow_env/lib/python3.10/site-packages/airflow/example_dags/subdags/subdag.py
[2023-12-21T13:09:07.594-0300] {processor.py:183} INFO - Processing /home/myc-ti-2/airflow_workspace/airflow_env/lib/python3.10/site-packages/airflow/example_dags/subdags/subdag.py took 0.023 seconds
[2023-12-21T13:09:41.154-0300] {processor.py:161} INFO - Started process (PID=9260) to work on /home/myc-ti-2/airflow_workspace/airflow_env/lib/python3.10/site-packages/airflow/example_dags/subdags/subdag.py
[2023-12-21T13:09:41.172-0300] {processor.py:830} INFO - Processing file /home/myc-ti-2/airflow_workspace/airflow_env/lib/python3.10/site-packages/airflow/example_dags/subdags/subdag.py for tasks to queue
[2023-12-21T13:09:41.173-0300] {logging_mixin.py:188} INFO - [2023-12-21T13:09:41.173-0300] {dagbag.py:538} INFO - Filling up the DagBag from /home/myc-ti-2/airflow_workspace/airflow_env/lib/python3.10/site-packages/airflow/example_dags/subdags/subdag.py
[2023-12-21T13:09:41.176-0300] {processor.py:842} WARNING - No viable dags retrieved from /home/myc-ti-2/airflow_workspace/airflow_env/lib/python3.10/site-packages/airflow/example_dags/subdags/subdag.py
[2023-12-21T13:09:41.191-0300] {processor.py:183} INFO - Processing /home/myc-ti-2/airflow_workspace/airflow_env/lib/python3.10/site-packages/airflow/example_dags/subdags/subdag.py took 0.043 seconds
[2023-12-21T13:10:16.123-0300] {processor.py:161} INFO - Started process (PID=9396) to work on /home/myc-ti-2/airflow_workspace/airflow_env/lib/python3.10/site-packages/airflow/example_dags/subdags/subdag.py
[2023-12-21T13:10:16.149-0300] {processor.py:830} INFO - Processing file /home/myc-ti-2/airflow_workspace/airflow_env/lib/python3.10/site-packages/airflow/example_dags/subdags/subdag.py for tasks to queue
[2023-12-21T13:10:16.152-0300] {logging_mixin.py:188} INFO - [2023-12-21T13:10:16.151-0300] {dagbag.py:538} INFO - Filling up the DagBag from /home/myc-ti-2/airflow_workspace/airflow_env/lib/python3.10/site-packages/airflow/example_dags/subdags/subdag.py
[2023-12-21T13:10:16.156-0300] {processor.py:842} WARNING - No viable dags retrieved from /home/myc-ti-2/airflow_workspace/airflow_env/lib/python3.10/site-packages/airflow/example_dags/subdags/subdag.py
[2023-12-21T13:10:16.182-0300] {processor.py:183} INFO - Processing /home/myc-ti-2/airflow_workspace/airflow_env/lib/python3.10/site-packages/airflow/example_dags/subdags/subdag.py took 0.066 seconds
[2023-12-21T13:10:50.906-0300] {processor.py:161} INFO - Started process (PID=9597) to work on /home/myc-ti-2/airflow_workspace/airflow_env/lib/python3.10/site-packages/airflow/example_dags/subdags/subdag.py
[2023-12-21T13:10:50.914-0300] {processor.py:830} INFO - Processing file /home/myc-ti-2/airflow_workspace/airflow_env/lib/python3.10/site-packages/airflow/example_dags/subdags/subdag.py for tasks to queue
[2023-12-21T13:10:50.917-0300] {logging_mixin.py:188} INFO - [2023-12-21T13:10:50.916-0300] {dagbag.py:538} INFO - Filling up the DagBag from /home/myc-ti-2/airflow_workspace/airflow_env/lib/python3.10/site-packages/airflow/example_dags/subdags/subdag.py
[2023-12-21T13:10:50.922-0300] {processor.py:842} WARNING - No viable dags retrieved from /home/myc-ti-2/airflow_workspace/airflow_env/lib/python3.10/site-packages/airflow/example_dags/subdags/subdag.py
[2023-12-21T13:10:50.946-0300] {processor.py:183} INFO - Processing /home/myc-ti-2/airflow_workspace/airflow_env/lib/python3.10/site-packages/airflow/example_dags/subdags/subdag.py took 0.047 seconds
[2023-12-21T13:11:24.156-0300] {processor.py:161} INFO - Started process (PID=9781) to work on /home/myc-ti-2/airflow_workspace/airflow_env/lib/python3.10/site-packages/airflow/example_dags/subdags/subdag.py
[2023-12-21T13:11:24.157-0300] {processor.py:830} INFO - Processing file /home/myc-ti-2/airflow_workspace/airflow_env/lib/python3.10/site-packages/airflow/example_dags/subdags/subdag.py for tasks to queue
[2023-12-21T13:11:24.160-0300] {logging_mixin.py:188} INFO - [2023-12-21T13:11:24.159-0300] {dagbag.py:538} INFO - Filling up the DagBag from /home/myc-ti-2/airflow_workspace/airflow_env/lib/python3.10/site-packages/airflow/example_dags/subdags/subdag.py
[2023-12-21T13:11:24.164-0300] {processor.py:842} WARNING - No viable dags retrieved from /home/myc-ti-2/airflow_workspace/airflow_env/lib/python3.10/site-packages/airflow/example_dags/subdags/subdag.py
[2023-12-21T13:11:24.181-0300] {processor.py:183} INFO - Processing /home/myc-ti-2/airflow_workspace/airflow_env/lib/python3.10/site-packages/airflow/example_dags/subdags/subdag.py took 0.033 seconds
[2023-12-21T13:11:56.717-0300] {processor.py:161} INFO - Started process (PID=10042) to work on /home/myc-ti-2/airflow_workspace/airflow_env/lib/python3.10/site-packages/airflow/example_dags/subdags/subdag.py
[2023-12-21T13:11:56.719-0300] {processor.py:830} INFO - Processing file /home/myc-ti-2/airflow_workspace/airflow_env/lib/python3.10/site-packages/airflow/example_dags/subdags/subdag.py for tasks to queue
[2023-12-21T13:11:56.721-0300] {logging_mixin.py:188} INFO - [2023-12-21T13:11:56.720-0300] {dagbag.py:538} INFO - Filling up the DagBag from /home/myc-ti-2/airflow_workspace/airflow_env/lib/python3.10/site-packages/airflow/example_dags/subdags/subdag.py
[2023-12-21T13:11:56.726-0300] {processor.py:842} WARNING - No viable dags retrieved from /home/myc-ti-2/airflow_workspace/airflow_env/lib/python3.10/site-packages/airflow/example_dags/subdags/subdag.py
[2023-12-21T13:11:56.749-0300] {processor.py:183} INFO - Processing /home/myc-ti-2/airflow_workspace/airflow_env/lib/python3.10/site-packages/airflow/example_dags/subdags/subdag.py took 0.040 seconds
[2023-12-21T13:12:27.357-0300] {processor.py:161} INFO - Started process (PID=10079) to work on /home/myc-ti-2/airflow_workspace/airflow_env/lib/python3.10/site-packages/airflow/example_dags/subdags/subdag.py
[2023-12-21T13:12:27.359-0300] {processor.py:830} INFO - Processing file /home/myc-ti-2/airflow_workspace/airflow_env/lib/python3.10/site-packages/airflow/example_dags/subdags/subdag.py for tasks to queue
[2023-12-21T13:12:27.361-0300] {logging_mixin.py:188} INFO - [2023-12-21T13:12:27.361-0300] {dagbag.py:538} INFO - Filling up the DagBag from /home/myc-ti-2/airflow_workspace/airflow_env/lib/python3.10/site-packages/airflow/example_dags/subdags/subdag.py
[2023-12-21T13:12:27.366-0300] {processor.py:842} WARNING - No viable dags retrieved from /home/myc-ti-2/airflow_workspace/airflow_env/lib/python3.10/site-packages/airflow/example_dags/subdags/subdag.py
[2023-12-21T13:12:27.390-0300] {processor.py:183} INFO - Processing /home/myc-ti-2/airflow_workspace/airflow_env/lib/python3.10/site-packages/airflow/example_dags/subdags/subdag.py took 0.039 seconds
[2023-12-21T13:12:57.789-0300] {processor.py:161} INFO - Started process (PID=10119) to work on /home/myc-ti-2/airflow_workspace/airflow_env/lib/python3.10/site-packages/airflow/example_dags/subdags/subdag.py
[2023-12-21T13:12:57.791-0300] {processor.py:830} INFO - Processing file /home/myc-ti-2/airflow_workspace/airflow_env/lib/python3.10/site-packages/airflow/example_dags/subdags/subdag.py for tasks to queue
[2023-12-21T13:12:57.793-0300] {logging_mixin.py:188} INFO - [2023-12-21T13:12:57.792-0300] {dagbag.py:538} INFO - Filling up the DagBag from /home/myc-ti-2/airflow_workspace/airflow_env/lib/python3.10/site-packages/airflow/example_dags/subdags/subdag.py
[2023-12-21T13:12:57.798-0300] {processor.py:842} WARNING - No viable dags retrieved from /home/myc-ti-2/airflow_workspace/airflow_env/lib/python3.10/site-packages/airflow/example_dags/subdags/subdag.py
[2023-12-21T13:12:57.821-0300] {processor.py:183} INFO - Processing /home/myc-ti-2/airflow_workspace/airflow_env/lib/python3.10/site-packages/airflow/example_dags/subdags/subdag.py took 0.039 seconds
[2023-12-21T13:13:29.357-0300] {processor.py:161} INFO - Started process (PID=10286) to work on /home/myc-ti-2/airflow_workspace/airflow_env/lib/python3.10/site-packages/airflow/example_dags/subdags/subdag.py
[2023-12-21T13:13:29.359-0300] {processor.py:830} INFO - Processing file /home/myc-ti-2/airflow_workspace/airflow_env/lib/python3.10/site-packages/airflow/example_dags/subdags/subdag.py for tasks to queue
[2023-12-21T13:13:29.361-0300] {logging_mixin.py:188} INFO - [2023-12-21T13:13:29.360-0300] {dagbag.py:538} INFO - Filling up the DagBag from /home/myc-ti-2/airflow_workspace/airflow_env/lib/python3.10/site-packages/airflow/example_dags/subdags/subdag.py
[2023-12-21T13:13:29.366-0300] {processor.py:842} WARNING - No viable dags retrieved from /home/myc-ti-2/airflow_workspace/airflow_env/lib/python3.10/site-packages/airflow/example_dags/subdags/subdag.py
[2023-12-21T13:13:29.388-0300] {processor.py:183} INFO - Processing /home/myc-ti-2/airflow_workspace/airflow_env/lib/python3.10/site-packages/airflow/example_dags/subdags/subdag.py took 0.039 seconds
[2023-12-21T13:14:00.326-0300] {processor.py:161} INFO - Started process (PID=10314) to work on /home/myc-ti-2/airflow_workspace/airflow_env/lib/python3.10/site-packages/airflow/example_dags/subdags/subdag.py
[2023-12-21T13:14:00.328-0300] {processor.py:830} INFO - Processing file /home/myc-ti-2/airflow_workspace/airflow_env/lib/python3.10/site-packages/airflow/example_dags/subdags/subdag.py for tasks to queue
[2023-12-21T13:14:00.330-0300] {logging_mixin.py:188} INFO - [2023-12-21T13:14:00.329-0300] {dagbag.py:538} INFO - Filling up the DagBag from /home/myc-ti-2/airflow_workspace/airflow_env/lib/python3.10/site-packages/airflow/example_dags/subdags/subdag.py
[2023-12-21T13:14:00.335-0300] {processor.py:842} WARNING - No viable dags retrieved from /home/myc-ti-2/airflow_workspace/airflow_env/lib/python3.10/site-packages/airflow/example_dags/subdags/subdag.py
[2023-12-21T13:14:00.358-0300] {processor.py:183} INFO - Processing /home/myc-ti-2/airflow_workspace/airflow_env/lib/python3.10/site-packages/airflow/example_dags/subdags/subdag.py took 0.040 seconds
[2023-12-21T13:14:32.511-0300] {processor.py:161} INFO - Started process (PID=10345) to work on /home/myc-ti-2/airflow_workspace/airflow_env/lib/python3.10/site-packages/airflow/example_dags/subdags/subdag.py
[2023-12-21T13:14:32.513-0300] {processor.py:830} INFO - Processing file /home/myc-ti-2/airflow_workspace/airflow_env/lib/python3.10/site-packages/airflow/example_dags/subdags/subdag.py for tasks to queue
[2023-12-21T13:14:32.515-0300] {logging_mixin.py:188} INFO - [2023-12-21T13:14:32.514-0300] {dagbag.py:538} INFO - Filling up the DagBag from /home/myc-ti-2/airflow_workspace/airflow_env/lib/python3.10/site-packages/airflow/example_dags/subdags/subdag.py
[2023-12-21T13:14:32.520-0300] {processor.py:842} WARNING - No viable dags retrieved from /home/myc-ti-2/airflow_workspace/airflow_env/lib/python3.10/site-packages/airflow/example_dags/subdags/subdag.py
[2023-12-21T13:14:32.544-0300] {processor.py:183} INFO - Processing /home/myc-ti-2/airflow_workspace/airflow_env/lib/python3.10/site-packages/airflow/example_dags/subdags/subdag.py took 0.040 seconds
[2023-12-21T13:15:05.650-0300] {processor.py:161} INFO - Started process (PID=10475) to work on /home/myc-ti-2/airflow_workspace/airflow_env/lib/python3.10/site-packages/airflow/example_dags/subdags/subdag.py
[2023-12-21T13:15:05.652-0300] {processor.py:830} INFO - Processing file /home/myc-ti-2/airflow_workspace/airflow_env/lib/python3.10/site-packages/airflow/example_dags/subdags/subdag.py for tasks to queue
[2023-12-21T13:15:05.653-0300] {logging_mixin.py:188} INFO - [2023-12-21T13:15:05.653-0300] {dagbag.py:538} INFO - Filling up the DagBag from /home/myc-ti-2/airflow_workspace/airflow_env/lib/python3.10/site-packages/airflow/example_dags/subdags/subdag.py
[2023-12-21T13:15:05.657-0300] {processor.py:842} WARNING - No viable dags retrieved from /home/myc-ti-2/airflow_workspace/airflow_env/lib/python3.10/site-packages/airflow/example_dags/subdags/subdag.py
[2023-12-21T13:15:05.674-0300] {processor.py:183} INFO - Processing /home/myc-ti-2/airflow_workspace/airflow_env/lib/python3.10/site-packages/airflow/example_dags/subdags/subdag.py took 0.035 seconds
