[2023-12-21T12:57:08.450-0300] {processor.py:161} INFO - Started process (PID=6913) to work on /home/myc-ti-2/airflow_workspace/airflow_env/lib/python3.10/site-packages/airflow/example_dags/plugins/event_listener.py
[2023-12-21T12:57:08.452-0300] {processor.py:830} INFO - Processing file /home/myc-ti-2/airflow_workspace/airflow_env/lib/python3.10/site-packages/airflow/example_dags/plugins/event_listener.py for tasks to queue
[2023-12-21T12:57:08.453-0300] {logging_mixin.py:188} INFO - [2023-12-21T12:57:08.453-0300] {dagbag.py:538} INFO - Filling up the DagBag from /home/myc-ti-2/airflow_workspace/airflow_env/lib/python3.10/site-packages/airflow/example_dags/plugins/event_listener.py
[2023-12-21T12:57:08.458-0300] {processor.py:842} WARNING - No viable dags retrieved from /home/myc-ti-2/airflow_workspace/airflow_env/lib/python3.10/site-packages/airflow/example_dags/plugins/event_listener.py
[2023-12-21T12:57:08.480-0300] {processor.py:183} INFO - Processing /home/myc-ti-2/airflow_workspace/airflow_env/lib/python3.10/site-packages/airflow/example_dags/plugins/event_listener.py took 0.037 seconds
[2023-12-21T12:59:02.429-0300] {processor.py:161} INFO - Started process (PID=7112) to work on /home/myc-ti-2/airflow_workspace/airflow_env/lib/python3.10/site-packages/airflow/example_dags/plugins/event_listener.py
[2023-12-21T12:59:02.431-0300] {processor.py:830} INFO - Processing file /home/myc-ti-2/airflow_workspace/airflow_env/lib/python3.10/site-packages/airflow/example_dags/plugins/event_listener.py for tasks to queue
[2023-12-21T12:59:02.433-0300] {logging_mixin.py:188} INFO - [2023-12-21T12:59:02.433-0300] {dagbag.py:538} INFO - Filling up the DagBag from /home/myc-ti-2/airflow_workspace/airflow_env/lib/python3.10/site-packages/airflow/example_dags/plugins/event_listener.py
[2023-12-21T12:59:02.438-0300] {processor.py:842} WARNING - No viable dags retrieved from /home/myc-ti-2/airflow_workspace/airflow_env/lib/python3.10/site-packages/airflow/example_dags/plugins/event_listener.py
[2023-12-21T12:59:02.461-0300] {processor.py:183} INFO - Processing /home/myc-ti-2/airflow_workspace/airflow_env/lib/python3.10/site-packages/airflow/example_dags/plugins/event_listener.py took 0.039 seconds
[2023-12-21T12:59:43.502-0300] {processor.py:161} INFO - Started process (PID=7154) to work on /home/myc-ti-2/airflow_workspace/airflow_env/lib/python3.10/site-packages/airflow/example_dags/plugins/event_listener.py
[2023-12-21T12:59:43.513-0300] {processor.py:830} INFO - Processing file /home/myc-ti-2/airflow_workspace/airflow_env/lib/python3.10/site-packages/airflow/example_dags/plugins/event_listener.py for tasks to queue
[2023-12-21T12:59:43.515-0300] {logging_mixin.py:188} INFO - [2023-12-21T12:59:43.515-0300] {dagbag.py:538} INFO - Filling up the DagBag from /home/myc-ti-2/airflow_workspace/airflow_env/lib/python3.10/site-packages/airflow/example_dags/plugins/event_listener.py
[2023-12-21T12:59:43.521-0300] {processor.py:842} WARNING - No viable dags retrieved from /home/myc-ti-2/airflow_workspace/airflow_env/lib/python3.10/site-packages/airflow/example_dags/plugins/event_listener.py
[2023-12-21T12:59:43.544-0300] {processor.py:183} INFO - Processing /home/myc-ti-2/airflow_workspace/airflow_env/lib/python3.10/site-packages/airflow/example_dags/plugins/event_listener.py took 0.049 seconds
[2023-12-21T13:00:47.813-0300] {processor.py:161} INFO - Started process (PID=7238) to work on /home/myc-ti-2/airflow_workspace/airflow_env/lib/python3.10/site-packages/airflow/example_dags/plugins/event_listener.py
[2023-12-21T13:00:47.820-0300] {processor.py:830} INFO - Processing file /home/myc-ti-2/airflow_workspace/airflow_env/lib/python3.10/site-packages/airflow/example_dags/plugins/event_listener.py for tasks to queue
[2023-12-21T13:00:47.821-0300] {logging_mixin.py:188} INFO - [2023-12-21T13:00:47.821-0300] {dagbag.py:538} INFO - Filling up the DagBag from /home/myc-ti-2/airflow_workspace/airflow_env/lib/python3.10/site-packages/airflow/example_dags/plugins/event_listener.py
[2023-12-21T13:00:47.825-0300] {processor.py:842} WARNING - No viable dags retrieved from /home/myc-ti-2/airflow_workspace/airflow_env/lib/python3.10/site-packages/airflow/example_dags/plugins/event_listener.py
[2023-12-21T13:00:47.840-0300] {processor.py:183} INFO - Processing /home/myc-ti-2/airflow_workspace/airflow_env/lib/python3.10/site-packages/airflow/example_dags/plugins/event_listener.py took 0.032 seconds
[2023-12-21T13:01:24.996-0300] {processor.py:161} INFO - Started process (PID=7281) to work on /home/myc-ti-2/airflow_workspace/airflow_env/lib/python3.10/site-packages/airflow/example_dags/plugins/event_listener.py
[2023-12-21T13:01:24.998-0300] {processor.py:830} INFO - Processing file /home/myc-ti-2/airflow_workspace/airflow_env/lib/python3.10/site-packages/airflow/example_dags/plugins/event_listener.py for tasks to queue
[2023-12-21T13:01:25.000-0300] {logging_mixin.py:188} INFO - [2023-12-21T13:01:24.999-0300] {dagbag.py:538} INFO - Filling up the DagBag from /home/myc-ti-2/airflow_workspace/airflow_env/lib/python3.10/site-packages/airflow/example_dags/plugins/event_listener.py
[2023-12-21T13:01:25.005-0300] {processor.py:842} WARNING - No viable dags retrieved from /home/myc-ti-2/airflow_workspace/airflow_env/lib/python3.10/site-packages/airflow/example_dags/plugins/event_listener.py
[2023-12-21T13:01:25.029-0300] {processor.py:183} INFO - Processing /home/myc-ti-2/airflow_workspace/airflow_env/lib/python3.10/site-packages/airflow/example_dags/plugins/event_listener.py took 0.041 seconds
[2023-12-21T13:02:31.190-0300] {processor.py:161} INFO - Started process (PID=7360) to work on /home/myc-ti-2/airflow_workspace/airflow_env/lib/python3.10/site-packages/airflow/example_dags/plugins/event_listener.py
[2023-12-21T13:02:31.192-0300] {processor.py:830} INFO - Processing file /home/myc-ti-2/airflow_workspace/airflow_env/lib/python3.10/site-packages/airflow/example_dags/plugins/event_listener.py for tasks to queue
[2023-12-21T13:02:31.194-0300] {logging_mixin.py:188} INFO - [2023-12-21T13:02:31.194-0300] {dagbag.py:538} INFO - Filling up the DagBag from /home/myc-ti-2/airflow_workspace/airflow_env/lib/python3.10/site-packages/airflow/example_dags/plugins/event_listener.py
[2023-12-21T13:02:31.199-0300] {processor.py:842} WARNING - No viable dags retrieved from /home/myc-ti-2/airflow_workspace/airflow_env/lib/python3.10/site-packages/airflow/example_dags/plugins/event_listener.py
[2023-12-21T13:02:31.222-0300] {processor.py:183} INFO - Processing /home/myc-ti-2/airflow_workspace/airflow_env/lib/python3.10/site-packages/airflow/example_dags/plugins/event_listener.py took 0.040 seconds
[2023-12-21T13:03:05.390-0300] {processor.py:161} INFO - Started process (PID=7397) to work on /home/myc-ti-2/airflow_workspace/airflow_env/lib/python3.10/site-packages/airflow/example_dags/plugins/event_listener.py
[2023-12-21T13:03:05.392-0300] {processor.py:830} INFO - Processing file /home/myc-ti-2/airflow_workspace/airflow_env/lib/python3.10/site-packages/airflow/example_dags/plugins/event_listener.py for tasks to queue
[2023-12-21T13:03:05.394-0300] {logging_mixin.py:188} INFO - [2023-12-21T13:03:05.394-0300] {dagbag.py:538} INFO - Filling up the DagBag from /home/myc-ti-2/airflow_workspace/airflow_env/lib/python3.10/site-packages/airflow/example_dags/plugins/event_listener.py
[2023-12-21T13:03:05.399-0300] {processor.py:842} WARNING - No viable dags retrieved from /home/myc-ti-2/airflow_workspace/airflow_env/lib/python3.10/site-packages/airflow/example_dags/plugins/event_listener.py
[2023-12-21T13:03:05.422-0300] {processor.py:183} INFO - Processing /home/myc-ti-2/airflow_workspace/airflow_env/lib/python3.10/site-packages/airflow/example_dags/plugins/event_listener.py took 0.039 seconds
[2023-12-21T13:04:01.359-0300] {processor.py:161} INFO - Started process (PID=7452) to work on /home/myc-ti-2/airflow_workspace/airflow_env/lib/python3.10/site-packages/airflow/example_dags/plugins/event_listener.py
[2023-12-21T13:04:01.368-0300] {processor.py:830} INFO - Processing file /home/myc-ti-2/airflow_workspace/airflow_env/lib/python3.10/site-packages/airflow/example_dags/plugins/event_listener.py for tasks to queue
[2023-12-21T13:04:01.370-0300] {logging_mixin.py:188} INFO - [2023-12-21T13:04:01.369-0300] {dagbag.py:538} INFO - Filling up the DagBag from /home/myc-ti-2/airflow_workspace/airflow_env/lib/python3.10/site-packages/airflow/example_dags/plugins/event_listener.py
[2023-12-21T13:04:01.375-0300] {processor.py:842} WARNING - No viable dags retrieved from /home/myc-ti-2/airflow_workspace/airflow_env/lib/python3.10/site-packages/airflow/example_dags/plugins/event_listener.py
[2023-12-21T13:04:01.399-0300] {processor.py:183} INFO - Processing /home/myc-ti-2/airflow_workspace/airflow_env/lib/python3.10/site-packages/airflow/example_dags/plugins/event_listener.py took 0.048 seconds
[2023-12-21T13:04:59.537-0300] {processor.py:161} INFO - Started process (PID=7508) to work on /home/myc-ti-2/airflow_workspace/airflow_env/lib/python3.10/site-packages/airflow/example_dags/plugins/event_listener.py
[2023-12-21T13:04:59.540-0300] {processor.py:830} INFO - Processing file /home/myc-ti-2/airflow_workspace/airflow_env/lib/python3.10/site-packages/airflow/example_dags/plugins/event_listener.py for tasks to queue
[2023-12-21T13:04:59.542-0300] {logging_mixin.py:188} INFO - [2023-12-21T13:04:59.541-0300] {dagbag.py:538} INFO - Filling up the DagBag from /home/myc-ti-2/airflow_workspace/airflow_env/lib/python3.10/site-packages/airflow/example_dags/plugins/event_listener.py
[2023-12-21T13:04:59.547-0300] {processor.py:842} WARNING - No viable dags retrieved from /home/myc-ti-2/airflow_workspace/airflow_env/lib/python3.10/site-packages/airflow/example_dags/plugins/event_listener.py
[2023-12-21T13:04:59.570-0300] {processor.py:183} INFO - Processing /home/myc-ti-2/airflow_workspace/airflow_env/lib/python3.10/site-packages/airflow/example_dags/plugins/event_listener.py took 0.039 seconds
[2023-12-21T13:05:34.066-0300] {processor.py:161} INFO - Started process (PID=7545) to work on /home/myc-ti-2/airflow_workspace/airflow_env/lib/python3.10/site-packages/airflow/example_dags/plugins/event_listener.py
[2023-12-21T13:05:34.068-0300] {processor.py:830} INFO - Processing file /home/myc-ti-2/airflow_workspace/airflow_env/lib/python3.10/site-packages/airflow/example_dags/plugins/event_listener.py for tasks to queue
[2023-12-21T13:05:34.070-0300] {logging_mixin.py:188} INFO - [2023-12-21T13:05:34.070-0300] {dagbag.py:538} INFO - Filling up the DagBag from /home/myc-ti-2/airflow_workspace/airflow_env/lib/python3.10/site-packages/airflow/example_dags/plugins/event_listener.py
[2023-12-21T13:05:34.075-0300] {processor.py:842} WARNING - No viable dags retrieved from /home/myc-ti-2/airflow_workspace/airflow_env/lib/python3.10/site-packages/airflow/example_dags/plugins/event_listener.py
[2023-12-21T13:05:34.097-0300] {processor.py:183} INFO - Processing /home/myc-ti-2/airflow_workspace/airflow_env/lib/python3.10/site-packages/airflow/example_dags/plugins/event_listener.py took 0.038 seconds
[2023-12-21T13:06:14.289-0300] {processor.py:161} INFO - Started process (PID=7581) to work on /home/myc-ti-2/airflow_workspace/airflow_env/lib/python3.10/site-packages/airflow/example_dags/plugins/event_listener.py
[2023-12-21T13:06:14.292-0300] {processor.py:830} INFO - Processing file /home/myc-ti-2/airflow_workspace/airflow_env/lib/python3.10/site-packages/airflow/example_dags/plugins/event_listener.py for tasks to queue
[2023-12-21T13:06:14.294-0300] {logging_mixin.py:188} INFO - [2023-12-21T13:06:14.293-0300] {dagbag.py:538} INFO - Filling up the DagBag from /home/myc-ti-2/airflow_workspace/airflow_env/lib/python3.10/site-packages/airflow/example_dags/plugins/event_listener.py
[2023-12-21T13:06:14.300-0300] {processor.py:842} WARNING - No viable dags retrieved from /home/myc-ti-2/airflow_workspace/airflow_env/lib/python3.10/site-packages/airflow/example_dags/plugins/event_listener.py
[2023-12-21T13:06:14.326-0300] {processor.py:183} INFO - Processing /home/myc-ti-2/airflow_workspace/airflow_env/lib/python3.10/site-packages/airflow/example_dags/plugins/event_listener.py took 0.044 seconds
[2023-12-21T13:06:53.834-0300] {processor.py:161} INFO - Started process (PID=7694) to work on /home/myc-ti-2/airflow_workspace/airflow_env/lib/python3.10/site-packages/airflow/example_dags/plugins/event_listener.py
[2023-12-21T13:06:53.837-0300] {processor.py:830} INFO - Processing file /home/myc-ti-2/airflow_workspace/airflow_env/lib/python3.10/site-packages/airflow/example_dags/plugins/event_listener.py for tasks to queue
[2023-12-21T13:06:53.839-0300] {logging_mixin.py:188} INFO - [2023-12-21T13:06:53.838-0300] {dagbag.py:538} INFO - Filling up the DagBag from /home/myc-ti-2/airflow_workspace/airflow_env/lib/python3.10/site-packages/airflow/example_dags/plugins/event_listener.py
[2023-12-21T13:06:53.844-0300] {processor.py:842} WARNING - No viable dags retrieved from /home/myc-ti-2/airflow_workspace/airflow_env/lib/python3.10/site-packages/airflow/example_dags/plugins/event_listener.py
[2023-12-21T13:06:53.868-0300] {processor.py:183} INFO - Processing /home/myc-ti-2/airflow_workspace/airflow_env/lib/python3.10/site-packages/airflow/example_dags/plugins/event_listener.py took 0.042 seconds
[2023-12-21T13:07:30.359-0300] {processor.py:161} INFO - Started process (PID=7739) to work on /home/myc-ti-2/airflow_workspace/airflow_env/lib/python3.10/site-packages/airflow/example_dags/plugins/event_listener.py
[2023-12-21T13:07:30.365-0300] {processor.py:830} INFO - Processing file /home/myc-ti-2/airflow_workspace/airflow_env/lib/python3.10/site-packages/airflow/example_dags/plugins/event_listener.py for tasks to queue
[2023-12-21T13:07:30.366-0300] {logging_mixin.py:188} INFO - [2023-12-21T13:07:30.366-0300] {dagbag.py:538} INFO - Filling up the DagBag from /home/myc-ti-2/airflow_workspace/airflow_env/lib/python3.10/site-packages/airflow/example_dags/plugins/event_listener.py
[2023-12-21T13:07:30.370-0300] {processor.py:842} WARNING - No viable dags retrieved from /home/myc-ti-2/airflow_workspace/airflow_env/lib/python3.10/site-packages/airflow/example_dags/plugins/event_listener.py
[2023-12-21T13:07:30.385-0300] {processor.py:183} INFO - Processing /home/myc-ti-2/airflow_workspace/airflow_env/lib/python3.10/site-packages/airflow/example_dags/plugins/event_listener.py took 0.031 seconds
[2023-12-21T13:08:07.989-0300] {processor.py:161} INFO - Started process (PID=8099) to work on /home/myc-ti-2/airflow_workspace/airflow_env/lib/python3.10/site-packages/airflow/example_dags/plugins/event_listener.py
[2023-12-21T13:08:07.998-0300] {processor.py:830} INFO - Processing file /home/myc-ti-2/airflow_workspace/airflow_env/lib/python3.10/site-packages/airflow/example_dags/plugins/event_listener.py for tasks to queue
[2023-12-21T13:08:07.999-0300] {logging_mixin.py:188} INFO - [2023-12-21T13:08:07.999-0300] {dagbag.py:538} INFO - Filling up the DagBag from /home/myc-ti-2/airflow_workspace/airflow_env/lib/python3.10/site-packages/airflow/example_dags/plugins/event_listener.py
[2023-12-21T13:08:08.002-0300] {processor.py:842} WARNING - No viable dags retrieved from /home/myc-ti-2/airflow_workspace/airflow_env/lib/python3.10/site-packages/airflow/example_dags/plugins/event_listener.py
[2023-12-21T13:08:08.022-0300] {processor.py:183} INFO - Processing /home/myc-ti-2/airflow_workspace/airflow_env/lib/python3.10/site-packages/airflow/example_dags/plugins/event_listener.py took 0.037 seconds
[2023-12-21T13:09:08.682-0300] {processor.py:161} INFO - Started process (PID=9212) to work on /home/myc-ti-2/airflow_workspace/airflow_env/lib/python3.10/site-packages/airflow/example_dags/plugins/event_listener.py
[2023-12-21T13:09:08.719-0300] {processor.py:830} INFO - Processing file /home/myc-ti-2/airflow_workspace/airflow_env/lib/python3.10/site-packages/airflow/example_dags/plugins/event_listener.py for tasks to queue
[2023-12-21T13:09:08.720-0300] {logging_mixin.py:188} INFO - [2023-12-21T13:09:08.720-0300] {dagbag.py:538} INFO - Filling up the DagBag from /home/myc-ti-2/airflow_workspace/airflow_env/lib/python3.10/site-packages/airflow/example_dags/plugins/event_listener.py
[2023-12-21T13:09:08.723-0300] {processor.py:842} WARNING - No viable dags retrieved from /home/myc-ti-2/airflow_workspace/airflow_env/lib/python3.10/site-packages/airflow/example_dags/plugins/event_listener.py
[2023-12-21T13:09:08.740-0300] {processor.py:183} INFO - Processing /home/myc-ti-2/airflow_workspace/airflow_env/lib/python3.10/site-packages/airflow/example_dags/plugins/event_listener.py took 0.062 seconds
[2023-12-21T13:09:44.247-0300] {processor.py:161} INFO - Started process (PID=9264) to work on /home/myc-ti-2/airflow_workspace/airflow_env/lib/python3.10/site-packages/airflow/example_dags/plugins/event_listener.py
[2023-12-21T13:09:44.264-0300] {processor.py:830} INFO - Processing file /home/myc-ti-2/airflow_workspace/airflow_env/lib/python3.10/site-packages/airflow/example_dags/plugins/event_listener.py for tasks to queue
[2023-12-21T13:09:44.265-0300] {logging_mixin.py:188} INFO - [2023-12-21T13:09:44.264-0300] {dagbag.py:538} INFO - Filling up the DagBag from /home/myc-ti-2/airflow_workspace/airflow_env/lib/python3.10/site-packages/airflow/example_dags/plugins/event_listener.py
[2023-12-21T13:09:44.268-0300] {processor.py:842} WARNING - No viable dags retrieved from /home/myc-ti-2/airflow_workspace/airflow_env/lib/python3.10/site-packages/airflow/example_dags/plugins/event_listener.py
[2023-12-21T13:09:44.282-0300] {processor.py:183} INFO - Processing /home/myc-ti-2/airflow_workspace/airflow_env/lib/python3.10/site-packages/airflow/example_dags/plugins/event_listener.py took 0.040 seconds
[2023-12-21T13:10:19.192-0300] {processor.py:161} INFO - Started process (PID=9407) to work on /home/myc-ti-2/airflow_workspace/airflow_env/lib/python3.10/site-packages/airflow/example_dags/plugins/event_listener.py
[2023-12-21T13:10:19.195-0300] {processor.py:830} INFO - Processing file /home/myc-ti-2/airflow_workspace/airflow_env/lib/python3.10/site-packages/airflow/example_dags/plugins/event_listener.py for tasks to queue
[2023-12-21T13:10:19.197-0300] {logging_mixin.py:188} INFO - [2023-12-21T13:10:19.196-0300] {dagbag.py:538} INFO - Filling up the DagBag from /home/myc-ti-2/airflow_workspace/airflow_env/lib/python3.10/site-packages/airflow/example_dags/plugins/event_listener.py
[2023-12-21T13:10:19.200-0300] {processor.py:842} WARNING - No viable dags retrieved from /home/myc-ti-2/airflow_workspace/airflow_env/lib/python3.10/site-packages/airflow/example_dags/plugins/event_listener.py
[2023-12-21T13:10:19.215-0300] {processor.py:183} INFO - Processing /home/myc-ti-2/airflow_workspace/airflow_env/lib/python3.10/site-packages/airflow/example_dags/plugins/event_listener.py took 0.028 seconds
[2023-12-21T13:10:53.479-0300] {processor.py:161} INFO - Started process (PID=9601) to work on /home/myc-ti-2/airflow_workspace/airflow_env/lib/python3.10/site-packages/airflow/example_dags/plugins/event_listener.py
[2023-12-21T13:10:53.481-0300] {processor.py:830} INFO - Processing file /home/myc-ti-2/airflow_workspace/airflow_env/lib/python3.10/site-packages/airflow/example_dags/plugins/event_listener.py for tasks to queue
[2023-12-21T13:10:53.483-0300] {logging_mixin.py:188} INFO - [2023-12-21T13:10:53.482-0300] {dagbag.py:538} INFO - Filling up the DagBag from /home/myc-ti-2/airflow_workspace/airflow_env/lib/python3.10/site-packages/airflow/example_dags/plugins/event_listener.py
[2023-12-21T13:10:53.488-0300] {processor.py:842} WARNING - No viable dags retrieved from /home/myc-ti-2/airflow_workspace/airflow_env/lib/python3.10/site-packages/airflow/example_dags/plugins/event_listener.py
[2023-12-21T13:10:53.510-0300] {processor.py:183} INFO - Processing /home/myc-ti-2/airflow_workspace/airflow_env/lib/python3.10/site-packages/airflow/example_dags/plugins/event_listener.py took 0.038 seconds
[2023-12-21T13:11:26.843-0300] {processor.py:161} INFO - Started process (PID=9784) to work on /home/myc-ti-2/airflow_workspace/airflow_env/lib/python3.10/site-packages/airflow/example_dags/plugins/event_listener.py
[2023-12-21T13:11:26.845-0300] {processor.py:830} INFO - Processing file /home/myc-ti-2/airflow_workspace/airflow_env/lib/python3.10/site-packages/airflow/example_dags/plugins/event_listener.py for tasks to queue
[2023-12-21T13:11:26.847-0300] {logging_mixin.py:188} INFO - [2023-12-21T13:11:26.846-0300] {dagbag.py:538} INFO - Filling up the DagBag from /home/myc-ti-2/airflow_workspace/airflow_env/lib/python3.10/site-packages/airflow/example_dags/plugins/event_listener.py
[2023-12-21T13:11:26.853-0300] {processor.py:842} WARNING - No viable dags retrieved from /home/myc-ti-2/airflow_workspace/airflow_env/lib/python3.10/site-packages/airflow/example_dags/plugins/event_listener.py
[2023-12-21T13:11:26.877-0300] {processor.py:183} INFO - Processing /home/myc-ti-2/airflow_workspace/airflow_env/lib/python3.10/site-packages/airflow/example_dags/plugins/event_listener.py took 0.041 seconds
[2023-12-21T13:12:28.530-0300] {processor.py:161} INFO - Started process (PID=10080) to work on /home/myc-ti-2/airflow_workspace/airflow_env/lib/python3.10/site-packages/airflow/example_dags/plugins/event_listener.py
[2023-12-21T13:12:28.549-0300] {processor.py:830} INFO - Processing file /home/myc-ti-2/airflow_workspace/airflow_env/lib/python3.10/site-packages/airflow/example_dags/plugins/event_listener.py for tasks to queue
[2023-12-21T13:12:28.551-0300] {logging_mixin.py:188} INFO - [2023-12-21T13:12:28.550-0300] {dagbag.py:538} INFO - Filling up the DagBag from /home/myc-ti-2/airflow_workspace/airflow_env/lib/python3.10/site-packages/airflow/example_dags/plugins/event_listener.py
[2023-12-21T13:12:28.556-0300] {processor.py:842} WARNING - No viable dags retrieved from /home/myc-ti-2/airflow_workspace/airflow_env/lib/python3.10/site-packages/airflow/example_dags/plugins/event_listener.py
[2023-12-21T13:12:28.580-0300] {processor.py:183} INFO - Processing /home/myc-ti-2/airflow_workspace/airflow_env/lib/python3.10/site-packages/airflow/example_dags/plugins/event_listener.py took 0.058 seconds
[2023-12-21T13:13:31.775-0300] {processor.py:161} INFO - Started process (PID=10288) to work on /home/myc-ti-2/airflow_workspace/airflow_env/lib/python3.10/site-packages/airflow/example_dags/plugins/event_listener.py
[2023-12-21T13:13:31.780-0300] {processor.py:830} INFO - Processing file /home/myc-ti-2/airflow_workspace/airflow_env/lib/python3.10/site-packages/airflow/example_dags/plugins/event_listener.py for tasks to queue
[2023-12-21T13:13:31.782-0300] {logging_mixin.py:188} INFO - [2023-12-21T13:13:31.781-0300] {dagbag.py:538} INFO - Filling up the DagBag from /home/myc-ti-2/airflow_workspace/airflow_env/lib/python3.10/site-packages/airflow/example_dags/plugins/event_listener.py
[2023-12-21T13:13:31.787-0300] {processor.py:842} WARNING - No viable dags retrieved from /home/myc-ti-2/airflow_workspace/airflow_env/lib/python3.10/site-packages/airflow/example_dags/plugins/event_listener.py
[2023-12-21T13:13:31.813-0300] {processor.py:183} INFO - Processing /home/myc-ti-2/airflow_workspace/airflow_env/lib/python3.10/site-packages/airflow/example_dags/plugins/event_listener.py took 0.045 seconds
[2023-12-21T13:14:36.141-0300] {processor.py:161} INFO - Started process (PID=10348) to work on /home/myc-ti-2/airflow_workspace/airflow_env/lib/python3.10/site-packages/airflow/example_dags/plugins/event_listener.py
[2023-12-21T13:14:36.143-0300] {processor.py:830} INFO - Processing file /home/myc-ti-2/airflow_workspace/airflow_env/lib/python3.10/site-packages/airflow/example_dags/plugins/event_listener.py for tasks to queue
[2023-12-21T13:14:36.145-0300] {logging_mixin.py:188} INFO - [2023-12-21T13:14:36.144-0300] {dagbag.py:538} INFO - Filling up the DagBag from /home/myc-ti-2/airflow_workspace/airflow_env/lib/python3.10/site-packages/airflow/example_dags/plugins/event_listener.py
[2023-12-21T13:14:36.150-0300] {processor.py:842} WARNING - No viable dags retrieved from /home/myc-ti-2/airflow_workspace/airflow_env/lib/python3.10/site-packages/airflow/example_dags/plugins/event_listener.py
[2023-12-21T13:14:36.173-0300] {processor.py:183} INFO - Processing /home/myc-ti-2/airflow_workspace/airflow_env/lib/python3.10/site-packages/airflow/example_dags/plugins/event_listener.py took 0.040 seconds
