[2023-12-21T12:57:06.090-0300] {processor.py:161} INFO - Started process (PID=6911) to work on /home/myc-ti-2/airflow_workspace/airflow_env/lib/python3.10/site-packages/airflow/example_dags/plugins/listener_plugin.py
[2023-12-21T12:57:06.092-0300] {processor.py:830} INFO - Processing file /home/myc-ti-2/airflow_workspace/airflow_env/lib/python3.10/site-packages/airflow/example_dags/plugins/listener_plugin.py for tasks to queue
[2023-12-21T12:57:06.094-0300] {logging_mixin.py:188} INFO - [2023-12-21T12:57:06.093-0300] {dagbag.py:538} INFO - Filling up the DagBag from /home/myc-ti-2/airflow_workspace/airflow_env/lib/python3.10/site-packages/airflow/example_dags/plugins/listener_plugin.py
[2023-12-21T12:57:06.100-0300] {processor.py:842} WARNING - No viable dags retrieved from /home/myc-ti-2/airflow_workspace/airflow_env/lib/python3.10/site-packages/airflow/example_dags/plugins/listener_plugin.py
[2023-12-21T12:57:06.123-0300] {processor.py:183} INFO - Processing /home/myc-ti-2/airflow_workspace/airflow_env/lib/python3.10/site-packages/airflow/example_dags/plugins/listener_plugin.py took 0.040 seconds
[2023-12-21T12:59:00.899-0300] {processor.py:161} INFO - Started process (PID=7110) to work on /home/myc-ti-2/airflow_workspace/airflow_env/lib/python3.10/site-packages/airflow/example_dags/plugins/listener_plugin.py
[2023-12-21T12:59:00.901-0300] {processor.py:830} INFO - Processing file /home/myc-ti-2/airflow_workspace/airflow_env/lib/python3.10/site-packages/airflow/example_dags/plugins/listener_plugin.py for tasks to queue
[2023-12-21T12:59:00.903-0300] {logging_mixin.py:188} INFO - [2023-12-21T12:59:00.902-0300] {dagbag.py:538} INFO - Filling up the DagBag from /home/myc-ti-2/airflow_workspace/airflow_env/lib/python3.10/site-packages/airflow/example_dags/plugins/listener_plugin.py
[2023-12-21T12:59:00.909-0300] {processor.py:842} WARNING - No viable dags retrieved from /home/myc-ti-2/airflow_workspace/airflow_env/lib/python3.10/site-packages/airflow/example_dags/plugins/listener_plugin.py
[2023-12-21T12:59:00.933-0300] {processor.py:183} INFO - Processing /home/myc-ti-2/airflow_workspace/airflow_env/lib/python3.10/site-packages/airflow/example_dags/plugins/listener_plugin.py took 0.041 seconds
[2023-12-21T12:59:41.143-0300] {processor.py:161} INFO - Started process (PID=7152) to work on /home/myc-ti-2/airflow_workspace/airflow_env/lib/python3.10/site-packages/airflow/example_dags/plugins/listener_plugin.py
[2023-12-21T12:59:41.145-0300] {processor.py:830} INFO - Processing file /home/myc-ti-2/airflow_workspace/airflow_env/lib/python3.10/site-packages/airflow/example_dags/plugins/listener_plugin.py for tasks to queue
[2023-12-21T12:59:41.147-0300] {logging_mixin.py:188} INFO - [2023-12-21T12:59:41.146-0300] {dagbag.py:538} INFO - Filling up the DagBag from /home/myc-ti-2/airflow_workspace/airflow_env/lib/python3.10/site-packages/airflow/example_dags/plugins/listener_plugin.py
[2023-12-21T12:59:41.153-0300] {processor.py:842} WARNING - No viable dags retrieved from /home/myc-ti-2/airflow_workspace/airflow_env/lib/python3.10/site-packages/airflow/example_dags/plugins/listener_plugin.py
[2023-12-21T12:59:41.177-0300] {processor.py:183} INFO - Processing /home/myc-ti-2/airflow_workspace/airflow_env/lib/python3.10/site-packages/airflow/example_dags/plugins/listener_plugin.py took 0.041 seconds
[2023-12-21T13:00:45.465-0300] {processor.py:161} INFO - Started process (PID=7236) to work on /home/myc-ti-2/airflow_workspace/airflow_env/lib/python3.10/site-packages/airflow/example_dags/plugins/listener_plugin.py
[2023-12-21T13:00:45.467-0300] {processor.py:830} INFO - Processing file /home/myc-ti-2/airflow_workspace/airflow_env/lib/python3.10/site-packages/airflow/example_dags/plugins/listener_plugin.py for tasks to queue
[2023-12-21T13:00:45.468-0300] {logging_mixin.py:188} INFO - [2023-12-21T13:00:45.468-0300] {dagbag.py:538} INFO - Filling up the DagBag from /home/myc-ti-2/airflow_workspace/airflow_env/lib/python3.10/site-packages/airflow/example_dags/plugins/listener_plugin.py
[2023-12-21T13:00:45.472-0300] {processor.py:842} WARNING - No viable dags retrieved from /home/myc-ti-2/airflow_workspace/airflow_env/lib/python3.10/site-packages/airflow/example_dags/plugins/listener_plugin.py
[2023-12-21T13:00:45.486-0300] {processor.py:183} INFO - Processing /home/myc-ti-2/airflow_workspace/airflow_env/lib/python3.10/site-packages/airflow/example_dags/plugins/listener_plugin.py took 0.025 seconds
[2023-12-21T13:01:23.083-0300] {processor.py:161} INFO - Started process (PID=7278) to work on /home/myc-ti-2/airflow_workspace/airflow_env/lib/python3.10/site-packages/airflow/example_dags/plugins/listener_plugin.py
[2023-12-21T13:01:23.085-0300] {processor.py:830} INFO - Processing file /home/myc-ti-2/airflow_workspace/airflow_env/lib/python3.10/site-packages/airflow/example_dags/plugins/listener_plugin.py for tasks to queue
[2023-12-21T13:01:23.087-0300] {logging_mixin.py:188} INFO - [2023-12-21T13:01:23.087-0300] {dagbag.py:538} INFO - Filling up the DagBag from /home/myc-ti-2/airflow_workspace/airflow_env/lib/python3.10/site-packages/airflow/example_dags/plugins/listener_plugin.py
[2023-12-21T13:01:23.094-0300] {processor.py:842} WARNING - No viable dags retrieved from /home/myc-ti-2/airflow_workspace/airflow_env/lib/python3.10/site-packages/airflow/example_dags/plugins/listener_plugin.py
[2023-12-21T13:01:23.117-0300] {processor.py:183} INFO - Processing /home/myc-ti-2/airflow_workspace/airflow_env/lib/python3.10/site-packages/airflow/example_dags/plugins/listener_plugin.py took 0.041 seconds
[2023-12-21T13:02:29.665-0300] {processor.py:161} INFO - Started process (PID=7358) to work on /home/myc-ti-2/airflow_workspace/airflow_env/lib/python3.10/site-packages/airflow/example_dags/plugins/listener_plugin.py
[2023-12-21T13:02:29.667-0300] {processor.py:830} INFO - Processing file /home/myc-ti-2/airflow_workspace/airflow_env/lib/python3.10/site-packages/airflow/example_dags/plugins/listener_plugin.py for tasks to queue
[2023-12-21T13:02:29.669-0300] {logging_mixin.py:188} INFO - [2023-12-21T13:02:29.668-0300] {dagbag.py:538} INFO - Filling up the DagBag from /home/myc-ti-2/airflow_workspace/airflow_env/lib/python3.10/site-packages/airflow/example_dags/plugins/listener_plugin.py
[2023-12-21T13:02:29.676-0300] {processor.py:842} WARNING - No viable dags retrieved from /home/myc-ti-2/airflow_workspace/airflow_env/lib/python3.10/site-packages/airflow/example_dags/plugins/listener_plugin.py
[2023-12-21T13:02:29.698-0300] {processor.py:183} INFO - Processing /home/myc-ti-2/airflow_workspace/airflow_env/lib/python3.10/site-packages/airflow/example_dags/plugins/listener_plugin.py took 0.041 seconds
[2023-12-21T13:03:03.475-0300] {processor.py:161} INFO - Started process (PID=7395) to work on /home/myc-ti-2/airflow_workspace/airflow_env/lib/python3.10/site-packages/airflow/example_dags/plugins/listener_plugin.py
[2023-12-21T13:03:03.477-0300] {processor.py:830} INFO - Processing file /home/myc-ti-2/airflow_workspace/airflow_env/lib/python3.10/site-packages/airflow/example_dags/plugins/listener_plugin.py for tasks to queue
[2023-12-21T13:03:03.478-0300] {logging_mixin.py:188} INFO - [2023-12-21T13:03:03.477-0300] {dagbag.py:538} INFO - Filling up the DagBag from /home/myc-ti-2/airflow_workspace/airflow_env/lib/python3.10/site-packages/airflow/example_dags/plugins/listener_plugin.py
[2023-12-21T13:03:03.481-0300] {processor.py:842} WARNING - No viable dags retrieved from /home/myc-ti-2/airflow_workspace/airflow_env/lib/python3.10/site-packages/airflow/example_dags/plugins/listener_plugin.py
[2023-12-21T13:03:03.495-0300] {processor.py:183} INFO - Processing /home/myc-ti-2/airflow_workspace/airflow_env/lib/python3.10/site-packages/airflow/example_dags/plugins/listener_plugin.py took 0.024 seconds
[2023-12-21T13:03:59.018-0300] {processor.py:161} INFO - Started process (PID=7450) to work on /home/myc-ti-2/airflow_workspace/airflow_env/lib/python3.10/site-packages/airflow/example_dags/plugins/listener_plugin.py
[2023-12-21T13:03:59.020-0300] {processor.py:830} INFO - Processing file /home/myc-ti-2/airflow_workspace/airflow_env/lib/python3.10/site-packages/airflow/example_dags/plugins/listener_plugin.py for tasks to queue
[2023-12-21T13:03:59.023-0300] {logging_mixin.py:188} INFO - [2023-12-21T13:03:59.022-0300] {dagbag.py:538} INFO - Filling up the DagBag from /home/myc-ti-2/airflow_workspace/airflow_env/lib/python3.10/site-packages/airflow/example_dags/plugins/listener_plugin.py
[2023-12-21T13:03:59.031-0300] {processor.py:842} WARNING - No viable dags retrieved from /home/myc-ti-2/airflow_workspace/airflow_env/lib/python3.10/site-packages/airflow/example_dags/plugins/listener_plugin.py
[2023-12-21T13:03:59.057-0300] {processor.py:183} INFO - Processing /home/myc-ti-2/airflow_workspace/airflow_env/lib/python3.10/site-packages/airflow/example_dags/plugins/listener_plugin.py took 0.046 seconds
[2023-12-21T13:04:57.506-0300] {processor.py:161} INFO - Started process (PID=7506) to work on /home/myc-ti-2/airflow_workspace/airflow_env/lib/python3.10/site-packages/airflow/example_dags/plugins/listener_plugin.py
[2023-12-21T13:04:57.508-0300] {processor.py:830} INFO - Processing file /home/myc-ti-2/airflow_workspace/airflow_env/lib/python3.10/site-packages/airflow/example_dags/plugins/listener_plugin.py for tasks to queue
[2023-12-21T13:04:57.510-0300] {logging_mixin.py:188} INFO - [2023-12-21T13:04:57.509-0300] {dagbag.py:538} INFO - Filling up the DagBag from /home/myc-ti-2/airflow_workspace/airflow_env/lib/python3.10/site-packages/airflow/example_dags/plugins/listener_plugin.py
[2023-12-21T13:04:57.517-0300] {processor.py:842} WARNING - No viable dags retrieved from /home/myc-ti-2/airflow_workspace/airflow_env/lib/python3.10/site-packages/airflow/example_dags/plugins/listener_plugin.py
[2023-12-21T13:04:57.541-0300] {processor.py:183} INFO - Processing /home/myc-ti-2/airflow_workspace/airflow_env/lib/python3.10/site-packages/airflow/example_dags/plugins/listener_plugin.py took 0.043 seconds
[2023-12-21T13:05:32.371-0300] {processor.py:161} INFO - Started process (PID=7543) to work on /home/myc-ti-2/airflow_workspace/airflow_env/lib/python3.10/site-packages/airflow/example_dags/plugins/listener_plugin.py
[2023-12-21T13:05:32.373-0300] {processor.py:830} INFO - Processing file /home/myc-ti-2/airflow_workspace/airflow_env/lib/python3.10/site-packages/airflow/example_dags/plugins/listener_plugin.py for tasks to queue
[2023-12-21T13:05:32.374-0300] {logging_mixin.py:188} INFO - [2023-12-21T13:05:32.373-0300] {dagbag.py:538} INFO - Filling up the DagBag from /home/myc-ti-2/airflow_workspace/airflow_env/lib/python3.10/site-packages/airflow/example_dags/plugins/listener_plugin.py
[2023-12-21T13:05:32.380-0300] {processor.py:842} WARNING - No viable dags retrieved from /home/myc-ti-2/airflow_workspace/airflow_env/lib/python3.10/site-packages/airflow/example_dags/plugins/listener_plugin.py
[2023-12-21T13:05:32.398-0300] {processor.py:183} INFO - Processing /home/myc-ti-2/airflow_workspace/airflow_env/lib/python3.10/site-packages/airflow/example_dags/plugins/listener_plugin.py took 0.033 seconds
[2023-12-21T13:06:13.406-0300] {processor.py:161} INFO - Started process (PID=7579) to work on /home/myc-ti-2/airflow_workspace/airflow_env/lib/python3.10/site-packages/airflow/example_dags/plugins/listener_plugin.py
[2023-12-21T13:06:13.425-0300] {processor.py:830} INFO - Processing file /home/myc-ti-2/airflow_workspace/airflow_env/lib/python3.10/site-packages/airflow/example_dags/plugins/listener_plugin.py for tasks to queue
[2023-12-21T13:06:13.427-0300] {logging_mixin.py:188} INFO - [2023-12-21T13:06:13.426-0300] {dagbag.py:538} INFO - Filling up the DagBag from /home/myc-ti-2/airflow_workspace/airflow_env/lib/python3.10/site-packages/airflow/example_dags/plugins/listener_plugin.py
[2023-12-21T13:06:13.434-0300] {processor.py:842} WARNING - No viable dags retrieved from /home/myc-ti-2/airflow_workspace/airflow_env/lib/python3.10/site-packages/airflow/example_dags/plugins/listener_plugin.py
[2023-12-21T13:06:13.457-0300] {processor.py:183} INFO - Processing /home/myc-ti-2/airflow_workspace/airflow_env/lib/python3.10/site-packages/airflow/example_dags/plugins/listener_plugin.py took 0.059 seconds
[2023-12-21T13:06:51.340-0300] {processor.py:161} INFO - Started process (PID=7691) to work on /home/myc-ti-2/airflow_workspace/airflow_env/lib/python3.10/site-packages/airflow/example_dags/plugins/listener_plugin.py
[2023-12-21T13:06:51.342-0300] {processor.py:830} INFO - Processing file /home/myc-ti-2/airflow_workspace/airflow_env/lib/python3.10/site-packages/airflow/example_dags/plugins/listener_plugin.py for tasks to queue
[2023-12-21T13:06:51.344-0300] {logging_mixin.py:188} INFO - [2023-12-21T13:06:51.344-0300] {dagbag.py:538} INFO - Filling up the DagBag from /home/myc-ti-2/airflow_workspace/airflow_env/lib/python3.10/site-packages/airflow/example_dags/plugins/listener_plugin.py
[2023-12-21T13:06:51.351-0300] {processor.py:842} WARNING - No viable dags retrieved from /home/myc-ti-2/airflow_workspace/airflow_env/lib/python3.10/site-packages/airflow/example_dags/plugins/listener_plugin.py
[2023-12-21T13:06:51.376-0300] {processor.py:183} INFO - Processing /home/myc-ti-2/airflow_workspace/airflow_env/lib/python3.10/site-packages/airflow/example_dags/plugins/listener_plugin.py took 0.043 seconds
[2023-12-21T13:07:27.951-0300] {processor.py:161} INFO - Started process (PID=7737) to work on /home/myc-ti-2/airflow_workspace/airflow_env/lib/python3.10/site-packages/airflow/example_dags/plugins/listener_plugin.py
[2023-12-21T13:07:27.964-0300] {processor.py:830} INFO - Processing file /home/myc-ti-2/airflow_workspace/airflow_env/lib/python3.10/site-packages/airflow/example_dags/plugins/listener_plugin.py for tasks to queue
[2023-12-21T13:07:27.966-0300] {logging_mixin.py:188} INFO - [2023-12-21T13:07:27.965-0300] {dagbag.py:538} INFO - Filling up the DagBag from /home/myc-ti-2/airflow_workspace/airflow_env/lib/python3.10/site-packages/airflow/example_dags/plugins/listener_plugin.py
[2023-12-21T13:07:27.971-0300] {processor.py:842} WARNING - No viable dags retrieved from /home/myc-ti-2/airflow_workspace/airflow_env/lib/python3.10/site-packages/airflow/example_dags/plugins/listener_plugin.py
[2023-12-21T13:07:27.986-0300] {processor.py:183} INFO - Processing /home/myc-ti-2/airflow_workspace/airflow_env/lib/python3.10/site-packages/airflow/example_dags/plugins/listener_plugin.py took 0.040 seconds
[2023-12-21T13:08:06.542-0300] {processor.py:161} INFO - Started process (PID=8080) to work on /home/myc-ti-2/airflow_workspace/airflow_env/lib/python3.10/site-packages/airflow/example_dags/plugins/listener_plugin.py
[2023-12-21T13:08:06.546-0300] {processor.py:830} INFO - Processing file /home/myc-ti-2/airflow_workspace/airflow_env/lib/python3.10/site-packages/airflow/example_dags/plugins/listener_plugin.py for tasks to queue
[2023-12-21T13:08:06.548-0300] {logging_mixin.py:188} INFO - [2023-12-21T13:08:06.547-0300] {dagbag.py:538} INFO - Filling up the DagBag from /home/myc-ti-2/airflow_workspace/airflow_env/lib/python3.10/site-packages/airflow/example_dags/plugins/listener_plugin.py
[2023-12-21T13:08:06.552-0300] {processor.py:842} WARNING - No viable dags retrieved from /home/myc-ti-2/airflow_workspace/airflow_env/lib/python3.10/site-packages/airflow/example_dags/plugins/listener_plugin.py
[2023-12-21T13:08:06.565-0300] {processor.py:183} INFO - Processing /home/myc-ti-2/airflow_workspace/airflow_env/lib/python3.10/site-packages/airflow/example_dags/plugins/listener_plugin.py took 0.028 seconds
[2023-12-21T13:08:37.632-0300] {processor.py:161} INFO - Started process (PID=9113) to work on /home/myc-ti-2/airflow_workspace/airflow_env/lib/python3.10/site-packages/airflow/example_dags/plugins/listener_plugin.py
[2023-12-21T13:08:37.633-0300] {processor.py:830} INFO - Processing file /home/myc-ti-2/airflow_workspace/airflow_env/lib/python3.10/site-packages/airflow/example_dags/plugins/listener_plugin.py for tasks to queue
[2023-12-21T13:08:37.634-0300] {logging_mixin.py:188} INFO - [2023-12-21T13:08:37.634-0300] {dagbag.py:538} INFO - Filling up the DagBag from /home/myc-ti-2/airflow_workspace/airflow_env/lib/python3.10/site-packages/airflow/example_dags/plugins/listener_plugin.py
[2023-12-21T13:08:37.638-0300] {processor.py:842} WARNING - No viable dags retrieved from /home/myc-ti-2/airflow_workspace/airflow_env/lib/python3.10/site-packages/airflow/example_dags/plugins/listener_plugin.py
[2023-12-21T13:08:37.651-0300] {processor.py:183} INFO - Processing /home/myc-ti-2/airflow_workspace/airflow_env/lib/python3.10/site-packages/airflow/example_dags/plugins/listener_plugin.py took 0.022 seconds
[2023-12-21T13:09:42.307-0300] {processor.py:161} INFO - Started process (PID=9261) to work on /home/myc-ti-2/airflow_workspace/airflow_env/lib/python3.10/site-packages/airflow/example_dags/plugins/listener_plugin.py
[2023-12-21T13:09:42.342-0300] {processor.py:830} INFO - Processing file /home/myc-ti-2/airflow_workspace/airflow_env/lib/python3.10/site-packages/airflow/example_dags/plugins/listener_plugin.py for tasks to queue
[2023-12-21T13:09:42.343-0300] {logging_mixin.py:188} INFO - [2023-12-21T13:09:42.343-0300] {dagbag.py:538} INFO - Filling up the DagBag from /home/myc-ti-2/airflow_workspace/airflow_env/lib/python3.10/site-packages/airflow/example_dags/plugins/listener_plugin.py
[2023-12-21T13:09:42.346-0300] {processor.py:842} WARNING - No viable dags retrieved from /home/myc-ti-2/airflow_workspace/airflow_env/lib/python3.10/site-packages/airflow/example_dags/plugins/listener_plugin.py
[2023-12-21T13:09:42.361-0300] {processor.py:183} INFO - Processing /home/myc-ti-2/airflow_workspace/airflow_env/lib/python3.10/site-packages/airflow/example_dags/plugins/listener_plugin.py took 0.059 seconds
[2023-12-21T13:10:17.457-0300] {processor.py:161} INFO - Started process (PID=9397) to work on /home/myc-ti-2/airflow_workspace/airflow_env/lib/python3.10/site-packages/airflow/example_dags/plugins/listener_plugin.py
[2023-12-21T13:10:17.479-0300] {processor.py:830} INFO - Processing file /home/myc-ti-2/airflow_workspace/airflow_env/lib/python3.10/site-packages/airflow/example_dags/plugins/listener_plugin.py for tasks to queue
[2023-12-21T13:10:17.481-0300] {logging_mixin.py:188} INFO - [2023-12-21T13:10:17.480-0300] {dagbag.py:538} INFO - Filling up the DagBag from /home/myc-ti-2/airflow_workspace/airflow_env/lib/python3.10/site-packages/airflow/example_dags/plugins/listener_plugin.py
[2023-12-21T13:10:17.486-0300] {processor.py:842} WARNING - No viable dags retrieved from /home/myc-ti-2/airflow_workspace/airflow_env/lib/python3.10/site-packages/airflow/example_dags/plugins/listener_plugin.py
[2023-12-21T13:10:17.504-0300] {processor.py:183} INFO - Processing /home/myc-ti-2/airflow_workspace/airflow_env/lib/python3.10/site-packages/airflow/example_dags/plugins/listener_plugin.py took 0.055 seconds
[2023-12-21T13:10:52.090-0300] {processor.py:161} INFO - Started process (PID=9599) to work on /home/myc-ti-2/airflow_workspace/airflow_env/lib/python3.10/site-packages/airflow/example_dags/plugins/listener_plugin.py
[2023-12-21T13:10:52.092-0300] {processor.py:830} INFO - Processing file /home/myc-ti-2/airflow_workspace/airflow_env/lib/python3.10/site-packages/airflow/example_dags/plugins/listener_plugin.py for tasks to queue
[2023-12-21T13:10:52.094-0300] {logging_mixin.py:188} INFO - [2023-12-21T13:10:52.093-0300] {dagbag.py:538} INFO - Filling up the DagBag from /home/myc-ti-2/airflow_workspace/airflow_env/lib/python3.10/site-packages/airflow/example_dags/plugins/listener_plugin.py
[2023-12-21T13:10:52.100-0300] {processor.py:842} WARNING - No viable dags retrieved from /home/myc-ti-2/airflow_workspace/airflow_env/lib/python3.10/site-packages/airflow/example_dags/plugins/listener_plugin.py
[2023-12-21T13:10:52.124-0300] {processor.py:183} INFO - Processing /home/myc-ti-2/airflow_workspace/airflow_env/lib/python3.10/site-packages/airflow/example_dags/plugins/listener_plugin.py took 0.042 seconds
[2023-12-21T13:11:25.334-0300] {processor.py:161} INFO - Started process (PID=9782) to work on /home/myc-ti-2/airflow_workspace/airflow_env/lib/python3.10/site-packages/airflow/example_dags/plugins/listener_plugin.py
[2023-12-21T13:11:25.335-0300] {processor.py:830} INFO - Processing file /home/myc-ti-2/airflow_workspace/airflow_env/lib/python3.10/site-packages/airflow/example_dags/plugins/listener_plugin.py for tasks to queue
[2023-12-21T13:11:25.337-0300] {logging_mixin.py:188} INFO - [2023-12-21T13:11:25.336-0300] {dagbag.py:538} INFO - Filling up the DagBag from /home/myc-ti-2/airflow_workspace/airflow_env/lib/python3.10/site-packages/airflow/example_dags/plugins/listener_plugin.py
[2023-12-21T13:11:25.341-0300] {processor.py:842} WARNING - No viable dags retrieved from /home/myc-ti-2/airflow_workspace/airflow_env/lib/python3.10/site-packages/airflow/example_dags/plugins/listener_plugin.py
[2023-12-21T13:11:25.363-0300] {processor.py:183} INFO - Processing /home/myc-ti-2/airflow_workspace/airflow_env/lib/python3.10/site-packages/airflow/example_dags/plugins/listener_plugin.py took 0.035 seconds
[2023-12-21T13:11:57.895-0300] {processor.py:161} INFO - Started process (PID=10043) to work on /home/myc-ti-2/airflow_workspace/airflow_env/lib/python3.10/site-packages/airflow/example_dags/plugins/listener_plugin.py
[2023-12-21T13:11:57.898-0300] {processor.py:830} INFO - Processing file /home/myc-ti-2/airflow_workspace/airflow_env/lib/python3.10/site-packages/airflow/example_dags/plugins/listener_plugin.py for tasks to queue
[2023-12-21T13:11:57.900-0300] {logging_mixin.py:188} INFO - [2023-12-21T13:11:57.899-0300] {dagbag.py:538} INFO - Filling up the DagBag from /home/myc-ti-2/airflow_workspace/airflow_env/lib/python3.10/site-packages/airflow/example_dags/plugins/listener_plugin.py
[2023-12-21T13:11:57.906-0300] {processor.py:842} WARNING - No viable dags retrieved from /home/myc-ti-2/airflow_workspace/airflow_env/lib/python3.10/site-packages/airflow/example_dags/plugins/listener_plugin.py
[2023-12-21T13:11:57.930-0300] {processor.py:183} INFO - Processing /home/myc-ti-2/airflow_workspace/airflow_env/lib/python3.10/site-packages/airflow/example_dags/plugins/listener_plugin.py took 0.041 seconds
[2023-12-21T13:12:59.054-0300] {processor.py:161} INFO - Started process (PID=10120) to work on /home/myc-ti-2/airflow_workspace/airflow_env/lib/python3.10/site-packages/airflow/example_dags/plugins/listener_plugin.py
[2023-12-21T13:12:59.056-0300] {processor.py:830} INFO - Processing file /home/myc-ti-2/airflow_workspace/airflow_env/lib/python3.10/site-packages/airflow/example_dags/plugins/listener_plugin.py for tasks to queue
[2023-12-21T13:12:59.058-0300] {logging_mixin.py:188} INFO - [2023-12-21T13:12:59.057-0300] {dagbag.py:538} INFO - Filling up the DagBag from /home/myc-ti-2/airflow_workspace/airflow_env/lib/python3.10/site-packages/airflow/example_dags/plugins/listener_plugin.py
[2023-12-21T13:12:59.065-0300] {processor.py:842} WARNING - No viable dags retrieved from /home/myc-ti-2/airflow_workspace/airflow_env/lib/python3.10/site-packages/airflow/example_dags/plugins/listener_plugin.py
[2023-12-21T13:12:59.088-0300] {processor.py:183} INFO - Processing /home/myc-ti-2/airflow_workspace/airflow_env/lib/python3.10/site-packages/airflow/example_dags/plugins/listener_plugin.py took 0.041 seconds
[2023-12-21T13:13:30.592-0300] {processor.py:161} INFO - Started process (PID=10287) to work on /home/myc-ti-2/airflow_workspace/airflow_env/lib/python3.10/site-packages/airflow/example_dags/plugins/listener_plugin.py
[2023-12-21T13:13:30.594-0300] {processor.py:830} INFO - Processing file /home/myc-ti-2/airflow_workspace/airflow_env/lib/python3.10/site-packages/airflow/example_dags/plugins/listener_plugin.py for tasks to queue
[2023-12-21T13:13:30.596-0300] {logging_mixin.py:188} INFO - [2023-12-21T13:13:30.595-0300] {dagbag.py:538} INFO - Filling up the DagBag from /home/myc-ti-2/airflow_workspace/airflow_env/lib/python3.10/site-packages/airflow/example_dags/plugins/listener_plugin.py
[2023-12-21T13:13:30.603-0300] {processor.py:842} WARNING - No viable dags retrieved from /home/myc-ti-2/airflow_workspace/airflow_env/lib/python3.10/site-packages/airflow/example_dags/plugins/listener_plugin.py
[2023-12-21T13:13:30.626-0300] {processor.py:183} INFO - Processing /home/myc-ti-2/airflow_workspace/airflow_env/lib/python3.10/site-packages/airflow/example_dags/plugins/listener_plugin.py took 0.041 seconds
[2023-12-21T13:14:33.690-0300] {processor.py:161} INFO - Started process (PID=10346) to work on /home/myc-ti-2/airflow_workspace/airflow_env/lib/python3.10/site-packages/airflow/example_dags/plugins/listener_plugin.py
[2023-12-21T13:14:33.692-0300] {processor.py:830} INFO - Processing file /home/myc-ti-2/airflow_workspace/airflow_env/lib/python3.10/site-packages/airflow/example_dags/plugins/listener_plugin.py for tasks to queue
[2023-12-21T13:14:33.694-0300] {logging_mixin.py:188} INFO - [2023-12-21T13:14:33.693-0300] {dagbag.py:538} INFO - Filling up the DagBag from /home/myc-ti-2/airflow_workspace/airflow_env/lib/python3.10/site-packages/airflow/example_dags/plugins/listener_plugin.py
[2023-12-21T13:14:33.700-0300] {processor.py:842} WARNING - No viable dags retrieved from /home/myc-ti-2/airflow_workspace/airflow_env/lib/python3.10/site-packages/airflow/example_dags/plugins/listener_plugin.py
[2023-12-21T13:14:33.722-0300] {processor.py:183} INFO - Processing /home/myc-ti-2/airflow_workspace/airflow_env/lib/python3.10/site-packages/airflow/example_dags/plugins/listener_plugin.py took 0.039 seconds
[2023-12-21T13:15:06.950-0300] {processor.py:161} INFO - Started process (PID=10480) to work on /home/myc-ti-2/airflow_workspace/airflow_env/lib/python3.10/site-packages/airflow/example_dags/plugins/listener_plugin.py
[2023-12-21T13:15:06.952-0300] {processor.py:830} INFO - Processing file /home/myc-ti-2/airflow_workspace/airflow_env/lib/python3.10/site-packages/airflow/example_dags/plugins/listener_plugin.py for tasks to queue
[2023-12-21T13:15:06.954-0300] {logging_mixin.py:188} INFO - [2023-12-21T13:15:06.953-0300] {dagbag.py:538} INFO - Filling up the DagBag from /home/myc-ti-2/airflow_workspace/airflow_env/lib/python3.10/site-packages/airflow/example_dags/plugins/listener_plugin.py
[2023-12-21T13:15:06.961-0300] {processor.py:842} WARNING - No viable dags retrieved from /home/myc-ti-2/airflow_workspace/airflow_env/lib/python3.10/site-packages/airflow/example_dags/plugins/listener_plugin.py
[2023-12-21T13:15:06.980-0300] {processor.py:183} INFO - Processing /home/myc-ti-2/airflow_workspace/airflow_env/lib/python3.10/site-packages/airflow/example_dags/plugins/listener_plugin.py took 0.037 seconds
