[2023-12-21T12:57:07.271-0300] {processor.py:161} INFO - Started process (PID=6912) to work on /home/myc-ti-2/airflow_workspace/airflow_env/lib/python3.10/site-packages/airflow/example_dags/plugins/workday.py
[2023-12-21T12:57:07.272-0300] {processor.py:830} INFO - Processing file /home/myc-ti-2/airflow_workspace/airflow_env/lib/python3.10/site-packages/airflow/example_dags/plugins/workday.py for tasks to queue
[2023-12-21T12:57:07.274-0300] {logging_mixin.py:188} INFO - [2023-12-21T12:57:07.274-0300] {dagbag.py:538} INFO - Filling up the DagBag from /home/myc-ti-2/airflow_workspace/airflow_env/lib/python3.10/site-packages/airflow/example_dags/plugins/workday.py
[2023-12-21T12:57:07.281-0300] {logging_mixin.py:188} INFO - [2023-12-21T12:57:07.280-0300] {workday.py:40} WARNING - Could not import pandas. Holidays will not be considered.
[2023-12-21T12:57:07.281-0300] {processor.py:842} WARNING - No viable dags retrieved from /home/myc-ti-2/airflow_workspace/airflow_env/lib/python3.10/site-packages/airflow/example_dags/plugins/workday.py
[2023-12-21T12:57:07.303-0300] {processor.py:183} INFO - Processing /home/myc-ti-2/airflow_workspace/airflow_env/lib/python3.10/site-packages/airflow/example_dags/plugins/workday.py took 0.039 seconds
[2023-12-21T12:59:02.050-0300] {processor.py:161} INFO - Started process (PID=7111) to work on /home/myc-ti-2/airflow_workspace/airflow_env/lib/python3.10/site-packages/airflow/example_dags/plugins/workday.py
[2023-12-21T12:59:02.052-0300] {processor.py:830} INFO - Processing file /home/myc-ti-2/airflow_workspace/airflow_env/lib/python3.10/site-packages/airflow/example_dags/plugins/workday.py for tasks to queue
[2023-12-21T12:59:02.054-0300] {logging_mixin.py:188} INFO - [2023-12-21T12:59:02.053-0300] {dagbag.py:538} INFO - Filling up the DagBag from /home/myc-ti-2/airflow_workspace/airflow_env/lib/python3.10/site-packages/airflow/example_dags/plugins/workday.py
[2023-12-21T12:59:02.061-0300] {logging_mixin.py:188} INFO - [2023-12-21T12:59:02.060-0300] {workday.py:40} WARNING - Could not import pandas. Holidays will not be considered.
[2023-12-21T12:59:02.061-0300] {processor.py:842} WARNING - No viable dags retrieved from /home/myc-ti-2/airflow_workspace/airflow_env/lib/python3.10/site-packages/airflow/example_dags/plugins/workday.py
[2023-12-21T12:59:02.085-0300] {processor.py:183} INFO - Processing /home/myc-ti-2/airflow_workspace/airflow_env/lib/python3.10/site-packages/airflow/example_dags/plugins/workday.py took 0.041 seconds
[2023-12-21T12:59:42.323-0300] {processor.py:161} INFO - Started process (PID=7153) to work on /home/myc-ti-2/airflow_workspace/airflow_env/lib/python3.10/site-packages/airflow/example_dags/plugins/workday.py
[2023-12-21T12:59:42.325-0300] {processor.py:830} INFO - Processing file /home/myc-ti-2/airflow_workspace/airflow_env/lib/python3.10/site-packages/airflow/example_dags/plugins/workday.py for tasks to queue
[2023-12-21T12:59:42.327-0300] {logging_mixin.py:188} INFO - [2023-12-21T12:59:42.327-0300] {dagbag.py:538} INFO - Filling up the DagBag from /home/myc-ti-2/airflow_workspace/airflow_env/lib/python3.10/site-packages/airflow/example_dags/plugins/workday.py
[2023-12-21T12:59:42.334-0300] {logging_mixin.py:188} INFO - [2023-12-21T12:59:42.333-0300] {workday.py:40} WARNING - Could not import pandas. Holidays will not be considered.
[2023-12-21T12:59:42.335-0300] {processor.py:842} WARNING - No viable dags retrieved from /home/myc-ti-2/airflow_workspace/airflow_env/lib/python3.10/site-packages/airflow/example_dags/plugins/workday.py
[2023-12-21T12:59:42.357-0300] {processor.py:183} INFO - Processing /home/myc-ti-2/airflow_workspace/airflow_env/lib/python3.10/site-packages/airflow/example_dags/plugins/workday.py took 0.041 seconds
[2023-12-21T13:00:46.635-0300] {processor.py:161} INFO - Started process (PID=7237) to work on /home/myc-ti-2/airflow_workspace/airflow_env/lib/python3.10/site-packages/airflow/example_dags/plugins/workday.py
[2023-12-21T13:00:46.637-0300] {processor.py:830} INFO - Processing file /home/myc-ti-2/airflow_workspace/airflow_env/lib/python3.10/site-packages/airflow/example_dags/plugins/workday.py for tasks to queue
[2023-12-21T13:00:46.639-0300] {logging_mixin.py:188} INFO - [2023-12-21T13:00:46.638-0300] {dagbag.py:538} INFO - Filling up the DagBag from /home/myc-ti-2/airflow_workspace/airflow_env/lib/python3.10/site-packages/airflow/example_dags/plugins/workday.py
[2023-12-21T13:00:46.645-0300] {logging_mixin.py:188} INFO - [2023-12-21T13:00:46.645-0300] {workday.py:40} WARNING - Could not import pandas. Holidays will not be considered.
[2023-12-21T13:00:46.646-0300] {processor.py:842} WARNING - No viable dags retrieved from /home/myc-ti-2/airflow_workspace/airflow_env/lib/python3.10/site-packages/airflow/example_dags/plugins/workday.py
[2023-12-21T13:00:46.667-0300] {processor.py:183} INFO - Processing /home/myc-ti-2/airflow_workspace/airflow_env/lib/python3.10/site-packages/airflow/example_dags/plugins/workday.py took 0.040 seconds
[2023-12-21T13:01:23.805-0300] {processor.py:161} INFO - Started process (PID=7279) to work on /home/myc-ti-2/airflow_workspace/airflow_env/lib/python3.10/site-packages/airflow/example_dags/plugins/workday.py
[2023-12-21T13:01:23.824-0300] {processor.py:830} INFO - Processing file /home/myc-ti-2/airflow_workspace/airflow_env/lib/python3.10/site-packages/airflow/example_dags/plugins/workday.py for tasks to queue
[2023-12-21T13:01:23.826-0300] {logging_mixin.py:188} INFO - [2023-12-21T13:01:23.825-0300] {dagbag.py:538} INFO - Filling up the DagBag from /home/myc-ti-2/airflow_workspace/airflow_env/lib/python3.10/site-packages/airflow/example_dags/plugins/workday.py
[2023-12-21T13:01:23.833-0300] {logging_mixin.py:188} INFO - [2023-12-21T13:01:23.833-0300] {workday.py:40} WARNING - Could not import pandas. Holidays will not be considered.
[2023-12-21T13:01:23.834-0300] {processor.py:842} WARNING - No viable dags retrieved from /home/myc-ti-2/airflow_workspace/airflow_env/lib/python3.10/site-packages/airflow/example_dags/plugins/workday.py
[2023-12-21T13:01:23.858-0300] {processor.py:183} INFO - Processing /home/myc-ti-2/airflow_workspace/airflow_env/lib/python3.10/site-packages/airflow/example_dags/plugins/workday.py took 0.060 seconds
[2023-12-21T13:02:29.935-0300] {processor.py:161} INFO - Started process (PID=7359) to work on /home/myc-ti-2/airflow_workspace/airflow_env/lib/python3.10/site-packages/airflow/example_dags/plugins/workday.py
[2023-12-21T13:02:29.938-0300] {processor.py:830} INFO - Processing file /home/myc-ti-2/airflow_workspace/airflow_env/lib/python3.10/site-packages/airflow/example_dags/plugins/workday.py for tasks to queue
[2023-12-21T13:02:29.940-0300] {logging_mixin.py:188} INFO - [2023-12-21T13:02:29.939-0300] {dagbag.py:538} INFO - Filling up the DagBag from /home/myc-ti-2/airflow_workspace/airflow_env/lib/python3.10/site-packages/airflow/example_dags/plugins/workday.py
[2023-12-21T13:02:29.946-0300] {logging_mixin.py:188} INFO - [2023-12-21T13:02:29.946-0300] {workday.py:40} WARNING - Could not import pandas. Holidays will not be considered.
[2023-12-21T13:02:29.947-0300] {processor.py:842} WARNING - No viable dags retrieved from /home/myc-ti-2/airflow_workspace/airflow_env/lib/python3.10/site-packages/airflow/example_dags/plugins/workday.py
[2023-12-21T13:02:29.970-0300] {processor.py:183} INFO - Processing /home/myc-ti-2/airflow_workspace/airflow_env/lib/python3.10/site-packages/airflow/example_dags/plugins/workday.py took 0.042 seconds
[2023-12-21T13:03:04.665-0300] {processor.py:161} INFO - Started process (PID=7396) to work on /home/myc-ti-2/airflow_workspace/airflow_env/lib/python3.10/site-packages/airflow/example_dags/plugins/workday.py
[2023-12-21T13:03:04.687-0300] {processor.py:830} INFO - Processing file /home/myc-ti-2/airflow_workspace/airflow_env/lib/python3.10/site-packages/airflow/example_dags/plugins/workday.py for tasks to queue
[2023-12-21T13:03:04.689-0300] {logging_mixin.py:188} INFO - [2023-12-21T13:03:04.688-0300] {dagbag.py:538} INFO - Filling up the DagBag from /home/myc-ti-2/airflow_workspace/airflow_env/lib/python3.10/site-packages/airflow/example_dags/plugins/workday.py
[2023-12-21T13:03:04.696-0300] {logging_mixin.py:188} INFO - [2023-12-21T13:03:04.695-0300] {workday.py:40} WARNING - Could not import pandas. Holidays will not be considered.
[2023-12-21T13:03:04.697-0300] {processor.py:842} WARNING - No viable dags retrieved from /home/myc-ti-2/airflow_workspace/airflow_env/lib/python3.10/site-packages/airflow/example_dags/plugins/workday.py
[2023-12-21T13:03:04.720-0300] {processor.py:183} INFO - Processing /home/myc-ti-2/airflow_workspace/airflow_env/lib/python3.10/site-packages/airflow/example_dags/plugins/workday.py took 0.061 seconds
[2023-12-21T13:04:00.181-0300] {processor.py:161} INFO - Started process (PID=7451) to work on /home/myc-ti-2/airflow_workspace/airflow_env/lib/python3.10/site-packages/airflow/example_dags/plugins/workday.py
[2023-12-21T13:04:00.183-0300] {processor.py:830} INFO - Processing file /home/myc-ti-2/airflow_workspace/airflow_env/lib/python3.10/site-packages/airflow/example_dags/plugins/workday.py for tasks to queue
[2023-12-21T13:04:00.185-0300] {logging_mixin.py:188} INFO - [2023-12-21T13:04:00.185-0300] {dagbag.py:538} INFO - Filling up the DagBag from /home/myc-ti-2/airflow_workspace/airflow_env/lib/python3.10/site-packages/airflow/example_dags/plugins/workday.py
[2023-12-21T13:04:00.192-0300] {logging_mixin.py:188} INFO - [2023-12-21T13:04:00.192-0300] {workday.py:40} WARNING - Could not import pandas. Holidays will not be considered.
[2023-12-21T13:04:00.193-0300] {processor.py:842} WARNING - No viable dags retrieved from /home/myc-ti-2/airflow_workspace/airflow_env/lib/python3.10/site-packages/airflow/example_dags/plugins/workday.py
[2023-12-21T13:04:00.212-0300] {processor.py:183} INFO - Processing /home/myc-ti-2/airflow_workspace/airflow_env/lib/python3.10/site-packages/airflow/example_dags/plugins/workday.py took 0.038 seconds
[2023-12-21T13:04:58.681-0300] {processor.py:161} INFO - Started process (PID=7507) to work on /home/myc-ti-2/airflow_workspace/airflow_env/lib/python3.10/site-packages/airflow/example_dags/plugins/workday.py
[2023-12-21T13:04:58.700-0300] {processor.py:830} INFO - Processing file /home/myc-ti-2/airflow_workspace/airflow_env/lib/python3.10/site-packages/airflow/example_dags/plugins/workday.py for tasks to queue
[2023-12-21T13:04:58.702-0300] {logging_mixin.py:188} INFO - [2023-12-21T13:04:58.701-0300] {dagbag.py:538} INFO - Filling up the DagBag from /home/myc-ti-2/airflow_workspace/airflow_env/lib/python3.10/site-packages/airflow/example_dags/plugins/workday.py
[2023-12-21T13:04:58.709-0300] {logging_mixin.py:188} INFO - [2023-12-21T13:04:58.709-0300] {workday.py:40} WARNING - Could not import pandas. Holidays will not be considered.
[2023-12-21T13:04:58.710-0300] {processor.py:842} WARNING - No viable dags retrieved from /home/myc-ti-2/airflow_workspace/airflow_env/lib/python3.10/site-packages/airflow/example_dags/plugins/workday.py
[2023-12-21T13:04:58.734-0300] {processor.py:183} INFO - Processing /home/myc-ti-2/airflow_workspace/airflow_env/lib/python3.10/site-packages/airflow/example_dags/plugins/workday.py took 0.057 seconds
[2023-12-21T13:05:32.807-0300] {processor.py:161} INFO - Started process (PID=7544) to work on /home/myc-ti-2/airflow_workspace/airflow_env/lib/python3.10/site-packages/airflow/example_dags/plugins/workday.py
[2023-12-21T13:05:32.824-0300] {processor.py:830} INFO - Processing file /home/myc-ti-2/airflow_workspace/airflow_env/lib/python3.10/site-packages/airflow/example_dags/plugins/workday.py for tasks to queue
[2023-12-21T13:05:32.825-0300] {logging_mixin.py:188} INFO - [2023-12-21T13:05:32.825-0300] {dagbag.py:538} INFO - Filling up the DagBag from /home/myc-ti-2/airflow_workspace/airflow_env/lib/python3.10/site-packages/airflow/example_dags/plugins/workday.py
[2023-12-21T13:05:32.831-0300] {logging_mixin.py:188} INFO - [2023-12-21T13:05:32.830-0300] {workday.py:40} WARNING - Could not import pandas. Holidays will not be considered.
[2023-12-21T13:05:32.831-0300] {processor.py:842} WARNING - No viable dags retrieved from /home/myc-ti-2/airflow_workspace/airflow_env/lib/python3.10/site-packages/airflow/example_dags/plugins/workday.py
[2023-12-21T13:05:32.848-0300] {processor.py:183} INFO - Processing /home/myc-ti-2/airflow_workspace/airflow_env/lib/python3.10/site-packages/airflow/example_dags/plugins/workday.py took 0.048 seconds
[2023-12-21T13:06:13.888-0300] {processor.py:161} INFO - Started process (PID=7580) to work on /home/myc-ti-2/airflow_workspace/airflow_env/lib/python3.10/site-packages/airflow/example_dags/plugins/workday.py
[2023-12-21T13:06:13.890-0300] {processor.py:830} INFO - Processing file /home/myc-ti-2/airflow_workspace/airflow_env/lib/python3.10/site-packages/airflow/example_dags/plugins/workday.py for tasks to queue
[2023-12-21T13:06:13.892-0300] {logging_mixin.py:188} INFO - [2023-12-21T13:06:13.891-0300] {dagbag.py:538} INFO - Filling up the DagBag from /home/myc-ti-2/airflow_workspace/airflow_env/lib/python3.10/site-packages/airflow/example_dags/plugins/workday.py
[2023-12-21T13:06:13.898-0300] {logging_mixin.py:188} INFO - [2023-12-21T13:06:13.898-0300] {workday.py:40} WARNING - Could not import pandas. Holidays will not be considered.
[2023-12-21T13:06:13.899-0300] {processor.py:842} WARNING - No viable dags retrieved from /home/myc-ti-2/airflow_workspace/airflow_env/lib/python3.10/site-packages/airflow/example_dags/plugins/workday.py
[2023-12-21T13:06:13.922-0300] {processor.py:183} INFO - Processing /home/myc-ti-2/airflow_workspace/airflow_env/lib/python3.10/site-packages/airflow/example_dags/plugins/workday.py took 0.042 seconds
[2023-12-21T13:06:52.636-0300] {processor.py:161} INFO - Started process (PID=7693) to work on /home/myc-ti-2/airflow_workspace/airflow_env/lib/python3.10/site-packages/airflow/example_dags/plugins/workday.py
[2023-12-21T13:06:52.645-0300] {processor.py:830} INFO - Processing file /home/myc-ti-2/airflow_workspace/airflow_env/lib/python3.10/site-packages/airflow/example_dags/plugins/workday.py for tasks to queue
[2023-12-21T13:06:52.647-0300] {logging_mixin.py:188} INFO - [2023-12-21T13:06:52.646-0300] {dagbag.py:538} INFO - Filling up the DagBag from /home/myc-ti-2/airflow_workspace/airflow_env/lib/python3.10/site-packages/airflow/example_dags/plugins/workday.py
[2023-12-21T13:06:52.654-0300] {logging_mixin.py:188} INFO - [2023-12-21T13:06:52.654-0300] {workday.py:40} WARNING - Could not import pandas. Holidays will not be considered.
[2023-12-21T13:06:52.655-0300] {processor.py:842} WARNING - No viable dags retrieved from /home/myc-ti-2/airflow_workspace/airflow_env/lib/python3.10/site-packages/airflow/example_dags/plugins/workday.py
[2023-12-21T13:06:52.680-0300] {processor.py:183} INFO - Processing /home/myc-ti-2/airflow_workspace/airflow_env/lib/python3.10/site-packages/airflow/example_dags/plugins/workday.py took 0.051 seconds
[2023-12-21T13:07:29.184-0300] {processor.py:161} INFO - Started process (PID=7738) to work on /home/myc-ti-2/airflow_workspace/airflow_env/lib/python3.10/site-packages/airflow/example_dags/plugins/workday.py
[2023-12-21T13:07:29.193-0300] {processor.py:830} INFO - Processing file /home/myc-ti-2/airflow_workspace/airflow_env/lib/python3.10/site-packages/airflow/example_dags/plugins/workday.py for tasks to queue
[2023-12-21T13:07:29.195-0300] {logging_mixin.py:188} INFO - [2023-12-21T13:07:29.194-0300] {dagbag.py:538} INFO - Filling up the DagBag from /home/myc-ti-2/airflow_workspace/airflow_env/lib/python3.10/site-packages/airflow/example_dags/plugins/workday.py
[2023-12-21T13:07:29.199-0300] {logging_mixin.py:188} INFO - [2023-12-21T13:07:29.199-0300] {workday.py:40} WARNING - Could not import pandas. Holidays will not be considered.
[2023-12-21T13:07:29.200-0300] {processor.py:842} WARNING - No viable dags retrieved from /home/myc-ti-2/airflow_workspace/airflow_env/lib/python3.10/site-packages/airflow/example_dags/plugins/workday.py
[2023-12-21T13:07:29.218-0300] {processor.py:183} INFO - Processing /home/myc-ti-2/airflow_workspace/airflow_env/lib/python3.10/site-packages/airflow/example_dags/plugins/workday.py took 0.040 seconds
[2023-12-21T13:08:06.797-0300] {processor.py:161} INFO - Started process (PID=8081) to work on /home/myc-ti-2/airflow_workspace/airflow_env/lib/python3.10/site-packages/airflow/example_dags/plugins/workday.py
[2023-12-21T13:08:06.800-0300] {processor.py:830} INFO - Processing file /home/myc-ti-2/airflow_workspace/airflow_env/lib/python3.10/site-packages/airflow/example_dags/plugins/workday.py for tasks to queue
[2023-12-21T13:08:06.803-0300] {logging_mixin.py:188} INFO - [2023-12-21T13:08:06.802-0300] {dagbag.py:538} INFO - Filling up the DagBag from /home/myc-ti-2/airflow_workspace/airflow_env/lib/python3.10/site-packages/airflow/example_dags/plugins/workday.py
[2023-12-21T13:08:06.808-0300] {logging_mixin.py:188} INFO - [2023-12-21T13:08:06.807-0300] {workday.py:40} WARNING - Could not import pandas. Holidays will not be considered.
[2023-12-21T13:08:06.809-0300] {processor.py:842} WARNING - No viable dags retrieved from /home/myc-ti-2/airflow_workspace/airflow_env/lib/python3.10/site-packages/airflow/example_dags/plugins/workday.py
[2023-12-21T13:08:06.832-0300] {processor.py:183} INFO - Processing /home/myc-ti-2/airflow_workspace/airflow_env/lib/python3.10/site-packages/airflow/example_dags/plugins/workday.py took 0.041 seconds
[2023-12-21T13:08:38.804-0300] {processor.py:161} INFO - Started process (PID=9114) to work on /home/myc-ti-2/airflow_workspace/airflow_env/lib/python3.10/site-packages/airflow/example_dags/plugins/workday.py
[2023-12-21T13:08:38.806-0300] {processor.py:830} INFO - Processing file /home/myc-ti-2/airflow_workspace/airflow_env/lib/python3.10/site-packages/airflow/example_dags/plugins/workday.py for tasks to queue
[2023-12-21T13:08:38.809-0300] {logging_mixin.py:188} INFO - [2023-12-21T13:08:38.808-0300] {dagbag.py:538} INFO - Filling up the DagBag from /home/myc-ti-2/airflow_workspace/airflow_env/lib/python3.10/site-packages/airflow/example_dags/plugins/workday.py
[2023-12-21T13:08:38.817-0300] {logging_mixin.py:188} INFO - [2023-12-21T13:08:38.816-0300] {workday.py:40} WARNING - Could not import pandas. Holidays will not be considered.
[2023-12-21T13:08:38.818-0300] {processor.py:842} WARNING - No viable dags retrieved from /home/myc-ti-2/airflow_workspace/airflow_env/lib/python3.10/site-packages/airflow/example_dags/plugins/workday.py
[2023-12-21T13:08:38.834-0300] {processor.py:183} INFO - Processing /home/myc-ti-2/airflow_workspace/airflow_env/lib/python3.10/site-packages/airflow/example_dags/plugins/workday.py took 0.038 seconds
[2023-12-21T13:09:42.935-0300] {processor.py:161} INFO - Started process (PID=9263) to work on /home/myc-ti-2/airflow_workspace/airflow_env/lib/python3.10/site-packages/airflow/example_dags/plugins/workday.py
[2023-12-21T13:09:42.962-0300] {processor.py:830} INFO - Processing file /home/myc-ti-2/airflow_workspace/airflow_env/lib/python3.10/site-packages/airflow/example_dags/plugins/workday.py for tasks to queue
[2023-12-21T13:09:42.965-0300] {logging_mixin.py:188} INFO - [2023-12-21T13:09:42.965-0300] {dagbag.py:538} INFO - Filling up the DagBag from /home/myc-ti-2/airflow_workspace/airflow_env/lib/python3.10/site-packages/airflow/example_dags/plugins/workday.py
[2023-12-21T13:09:42.970-0300] {logging_mixin.py:188} INFO - [2023-12-21T13:09:42.970-0300] {workday.py:40} WARNING - Could not import pandas. Holidays will not be considered.
[2023-12-21T13:09:42.971-0300] {processor.py:842} WARNING - No viable dags retrieved from /home/myc-ti-2/airflow_workspace/airflow_env/lib/python3.10/site-packages/airflow/example_dags/plugins/workday.py
[2023-12-21T13:09:42.986-0300] {processor.py:183} INFO - Processing /home/myc-ti-2/airflow_workspace/airflow_env/lib/python3.10/site-packages/airflow/example_dags/plugins/workday.py took 0.060 seconds
[2023-12-21T13:10:18.632-0300] {processor.py:161} INFO - Started process (PID=9406) to work on /home/myc-ti-2/airflow_workspace/airflow_env/lib/python3.10/site-packages/airflow/example_dags/plugins/workday.py
[2023-12-21T13:10:18.637-0300] {processor.py:830} INFO - Processing file /home/myc-ti-2/airflow_workspace/airflow_env/lib/python3.10/site-packages/airflow/example_dags/plugins/workday.py for tasks to queue
[2023-12-21T13:10:18.638-0300] {logging_mixin.py:188} INFO - [2023-12-21T13:10:18.638-0300] {dagbag.py:538} INFO - Filling up the DagBag from /home/myc-ti-2/airflow_workspace/airflow_env/lib/python3.10/site-packages/airflow/example_dags/plugins/workday.py
[2023-12-21T13:10:18.642-0300] {logging_mixin.py:188} INFO - [2023-12-21T13:10:18.641-0300] {workday.py:40} WARNING - Could not import pandas. Holidays will not be considered.
[2023-12-21T13:10:18.642-0300] {processor.py:842} WARNING - No viable dags retrieved from /home/myc-ti-2/airflow_workspace/airflow_env/lib/python3.10/site-packages/airflow/example_dags/plugins/workday.py
[2023-12-21T13:10:18.655-0300] {processor.py:183} INFO - Processing /home/myc-ti-2/airflow_workspace/airflow_env/lib/python3.10/site-packages/airflow/example_dags/plugins/workday.py took 0.027 seconds
[2023-12-21T13:10:52.294-0300] {processor.py:161} INFO - Started process (PID=9600) to work on /home/myc-ti-2/airflow_workspace/airflow_env/lib/python3.10/site-packages/airflow/example_dags/plugins/workday.py
[2023-12-21T13:10:52.306-0300] {processor.py:830} INFO - Processing file /home/myc-ti-2/airflow_workspace/airflow_env/lib/python3.10/site-packages/airflow/example_dags/plugins/workday.py for tasks to queue
[2023-12-21T13:10:52.308-0300] {logging_mixin.py:188} INFO - [2023-12-21T13:10:52.307-0300] {dagbag.py:538} INFO - Filling up the DagBag from /home/myc-ti-2/airflow_workspace/airflow_env/lib/python3.10/site-packages/airflow/example_dags/plugins/workday.py
[2023-12-21T13:10:52.312-0300] {logging_mixin.py:188} INFO - [2023-12-21T13:10:52.312-0300] {workday.py:40} WARNING - Could not import pandas. Holidays will not be considered.
[2023-12-21T13:10:52.313-0300] {processor.py:842} WARNING - No viable dags retrieved from /home/myc-ti-2/airflow_workspace/airflow_env/lib/python3.10/site-packages/airflow/example_dags/plugins/workday.py
[2023-12-21T13:10:52.328-0300] {processor.py:183} INFO - Processing /home/myc-ti-2/airflow_workspace/airflow_env/lib/python3.10/site-packages/airflow/example_dags/plugins/workday.py took 0.039 seconds
[2023-12-21T13:11:26.519-0300] {processor.py:161} INFO - Started process (PID=9783) to work on /home/myc-ti-2/airflow_workspace/airflow_env/lib/python3.10/site-packages/airflow/example_dags/plugins/workday.py
[2023-12-21T13:11:26.522-0300] {processor.py:830} INFO - Processing file /home/myc-ti-2/airflow_workspace/airflow_env/lib/python3.10/site-packages/airflow/example_dags/plugins/workday.py for tasks to queue
[2023-12-21T13:11:26.523-0300] {logging_mixin.py:188} INFO - [2023-12-21T13:11:26.523-0300] {dagbag.py:538} INFO - Filling up the DagBag from /home/myc-ti-2/airflow_workspace/airflow_env/lib/python3.10/site-packages/airflow/example_dags/plugins/workday.py
[2023-12-21T13:11:26.528-0300] {logging_mixin.py:188} INFO - [2023-12-21T13:11:26.528-0300] {workday.py:40} WARNING - Could not import pandas. Holidays will not be considered.
[2023-12-21T13:11:26.529-0300] {processor.py:842} WARNING - No viable dags retrieved from /home/myc-ti-2/airflow_workspace/airflow_env/lib/python3.10/site-packages/airflow/example_dags/plugins/workday.py
[2023-12-21T13:11:26.548-0300] {processor.py:183} INFO - Processing /home/myc-ti-2/airflow_workspace/airflow_env/lib/python3.10/site-packages/airflow/example_dags/plugins/workday.py took 0.036 seconds
[2023-12-21T13:11:59.077-0300] {processor.py:161} INFO - Started process (PID=10044) to work on /home/myc-ti-2/airflow_workspace/airflow_env/lib/python3.10/site-packages/airflow/example_dags/plugins/workday.py
[2023-12-21T13:11:59.087-0300] {processor.py:830} INFO - Processing file /home/myc-ti-2/airflow_workspace/airflow_env/lib/python3.10/site-packages/airflow/example_dags/plugins/workday.py for tasks to queue
[2023-12-21T13:11:59.089-0300] {logging_mixin.py:188} INFO - [2023-12-21T13:11:59.088-0300] {dagbag.py:538} INFO - Filling up the DagBag from /home/myc-ti-2/airflow_workspace/airflow_env/lib/python3.10/site-packages/airflow/example_dags/plugins/workday.py
[2023-12-21T13:11:59.096-0300] {logging_mixin.py:188} INFO - [2023-12-21T13:11:59.096-0300] {workday.py:40} WARNING - Could not import pandas. Holidays will not be considered.
[2023-12-21T13:11:59.097-0300] {processor.py:842} WARNING - No viable dags retrieved from /home/myc-ti-2/airflow_workspace/airflow_env/lib/python3.10/site-packages/airflow/example_dags/plugins/workday.py
[2023-12-21T13:11:59.121-0300] {processor.py:183} INFO - Processing /home/myc-ti-2/airflow_workspace/airflow_env/lib/python3.10/site-packages/airflow/example_dags/plugins/workday.py took 0.051 seconds
[2023-12-21T13:13:00.229-0300] {processor.py:161} INFO - Started process (PID=10124) to work on /home/myc-ti-2/airflow_workspace/airflow_env/lib/python3.10/site-packages/airflow/example_dags/plugins/workday.py
[2023-12-21T13:13:00.245-0300] {processor.py:830} INFO - Processing file /home/myc-ti-2/airflow_workspace/airflow_env/lib/python3.10/site-packages/airflow/example_dags/plugins/workday.py for tasks to queue
[2023-12-21T13:13:00.247-0300] {logging_mixin.py:188} INFO - [2023-12-21T13:13:00.246-0300] {dagbag.py:538} INFO - Filling up the DagBag from /home/myc-ti-2/airflow_workspace/airflow_env/lib/python3.10/site-packages/airflow/example_dags/plugins/workday.py
[2023-12-21T13:13:00.254-0300] {logging_mixin.py:188} INFO - [2023-12-21T13:13:00.254-0300] {workday.py:40} WARNING - Could not import pandas. Holidays will not be considered.
[2023-12-21T13:13:00.255-0300] {processor.py:842} WARNING - No viable dags retrieved from /home/myc-ti-2/airflow_workspace/airflow_env/lib/python3.10/site-packages/airflow/example_dags/plugins/workday.py
[2023-12-21T13:13:00.279-0300] {processor.py:183} INFO - Processing /home/myc-ti-2/airflow_workspace/airflow_env/lib/python3.10/site-packages/airflow/example_dags/plugins/workday.py took 0.057 seconds
[2023-12-21T13:14:01.491-0300] {processor.py:161} INFO - Started process (PID=10315) to work on /home/myc-ti-2/airflow_workspace/airflow_env/lib/python3.10/site-packages/airflow/example_dags/plugins/workday.py
[2023-12-21T13:14:01.493-0300] {processor.py:830} INFO - Processing file /home/myc-ti-2/airflow_workspace/airflow_env/lib/python3.10/site-packages/airflow/example_dags/plugins/workday.py for tasks to queue
[2023-12-21T13:14:01.495-0300] {logging_mixin.py:188} INFO - [2023-12-21T13:14:01.494-0300] {dagbag.py:538} INFO - Filling up the DagBag from /home/myc-ti-2/airflow_workspace/airflow_env/lib/python3.10/site-packages/airflow/example_dags/plugins/workday.py
[2023-12-21T13:14:01.502-0300] {logging_mixin.py:188} INFO - [2023-12-21T13:14:01.501-0300] {workday.py:40} WARNING - Could not import pandas. Holidays will not be considered.
[2023-12-21T13:14:01.503-0300] {processor.py:842} WARNING - No viable dags retrieved from /home/myc-ti-2/airflow_workspace/airflow_env/lib/python3.10/site-packages/airflow/example_dags/plugins/workday.py
[2023-12-21T13:14:01.526-0300] {processor.py:183} INFO - Processing /home/myc-ti-2/airflow_workspace/airflow_env/lib/python3.10/site-packages/airflow/example_dags/plugins/workday.py took 0.042 seconds
[2023-12-21T13:14:34.959-0300] {processor.py:161} INFO - Started process (PID=10347) to work on /home/myc-ti-2/airflow_workspace/airflow_env/lib/python3.10/site-packages/airflow/example_dags/plugins/workday.py
[2023-12-21T13:14:34.961-0300] {processor.py:830} INFO - Processing file /home/myc-ti-2/airflow_workspace/airflow_env/lib/python3.10/site-packages/airflow/example_dags/plugins/workday.py for tasks to queue
[2023-12-21T13:14:34.963-0300] {logging_mixin.py:188} INFO - [2023-12-21T13:14:34.963-0300] {dagbag.py:538} INFO - Filling up the DagBag from /home/myc-ti-2/airflow_workspace/airflow_env/lib/python3.10/site-packages/airflow/example_dags/plugins/workday.py
[2023-12-21T13:14:34.970-0300] {logging_mixin.py:188} INFO - [2023-12-21T13:14:34.969-0300] {workday.py:40} WARNING - Could not import pandas. Holidays will not be considered.
[2023-12-21T13:14:34.971-0300] {processor.py:842} WARNING - No viable dags retrieved from /home/myc-ti-2/airflow_workspace/airflow_env/lib/python3.10/site-packages/airflow/example_dags/plugins/workday.py
[2023-12-21T13:14:34.994-0300] {processor.py:183} INFO - Processing /home/myc-ti-2/airflow_workspace/airflow_env/lib/python3.10/site-packages/airflow/example_dags/plugins/workday.py took 0.042 seconds
[2023-12-21T13:15:08.137-0300] {processor.py:161} INFO - Started process (PID=10484) to work on /home/myc-ti-2/airflow_workspace/airflow_env/lib/python3.10/site-packages/airflow/example_dags/plugins/workday.py
[2023-12-21T13:15:08.152-0300] {processor.py:830} INFO - Processing file /home/myc-ti-2/airflow_workspace/airflow_env/lib/python3.10/site-packages/airflow/example_dags/plugins/workday.py for tasks to queue
[2023-12-21T13:15:08.153-0300] {logging_mixin.py:188} INFO - [2023-12-21T13:15:08.153-0300] {dagbag.py:538} INFO - Filling up the DagBag from /home/myc-ti-2/airflow_workspace/airflow_env/lib/python3.10/site-packages/airflow/example_dags/plugins/workday.py
[2023-12-21T13:15:08.159-0300] {logging_mixin.py:188} INFO - [2023-12-21T13:15:08.158-0300] {workday.py:40} WARNING - Could not import pandas. Holidays will not be considered.
[2023-12-21T13:15:08.159-0300] {processor.py:842} WARNING - No viable dags retrieved from /home/myc-ti-2/airflow_workspace/airflow_env/lib/python3.10/site-packages/airflow/example_dags/plugins/workday.py
[2023-12-21T13:15:08.177-0300] {processor.py:183} INFO - Processing /home/myc-ti-2/airflow_workspace/airflow_env/lib/python3.10/site-packages/airflow/example_dags/plugins/workday.py took 0.045 seconds
